metodo_2_dt_1:1
5.24808470314e-07
7.39250080886e-07
5.56813473215e-06
8.41447952804e-06
8.26701368532e-06
5.23607968149e-06
7.95452106706e-06
1.60759525063e-05
1.31909114549e-05
1.48212224396e-05
1.43798800694e-05
1.85793773862e-05
1.27220276585e-05
1.99343891206e-05
1.65352499859e-05
1.90481649292e-05
1.9505166481e-05
2.58230124598e-05
2.09520748949e-05
2.20612125124e-05
2.88810409789e-05
3.31102241282e-05
3.41289920978e-05
3.19944695112e-05
3.53480247916e-05
3.60379272891e-05
3.29883405198e-05
3.64466005255e-05
3.65249043141e-05
3.46271221139e-05
3.79441761088e-05
3.87947981038e-05
3.77335073813e-05
4.24373774203e-05
4.44962603669e-05
4.42579843189e-05
4.91966099553e-05
5.20219412463e-05
6.03183794998e-05
6.5567003321e-05
6.75153367233e-05
6.66847495388e-05
7.11873895347e-05
8.17895310591e-05
8.08195056719e-05
8.63003404511e-05
9.7736790933e-05
0.000106743291265
0.000113076720531
0.000116885783618
0.000127102721302
0.000134551431714
0.000148219028298
0.00015868901324
0.00016595307596
0.000169842295604
0.000179674424103
0.000195883730892
0.000199349869604
0.000209375938129
0.000225768157563
0.000239268360147
0.000250115256883
0.000258011894414
0.000274024350122
0.000285067566967
0.000302823499876
0.000320055637542
0.000331329173874
0.00035155048129
0.000365616670466
0.000378791767464
0.000395544096771
0.000411492143638
0.000433709291575
0.000440475914211
0.000456405371079
0.000478928944392
0.000498505548911
0.000515126986082
0.000538524622239
0.000558930119909
0.000576295474411
0.000600119606335
0.000620677049099
0.000637846938906
0.000661192345939
0.000683383373111
0.000699725936413
0.000722334184277
0.000743998867242
0.000769798997248
0.000794816291681
0.000814438598234
0.000843201203913
0.000866709740637
0.000889558429574
0.000919108489835
0.00094560071984
0.000968904253951
0.000996325125524
0.00102256672881
0.00105505910074
0.00107428415413
0.00111177103492
0.00113381939311
0.00116222790097
0.00118748053743
0.0012193799239
0.00125047542495
0.00127634310811
0.00131125156467
0.00134099764541
0.00136996482058
0.001403322988
0.0014357004482
0.0014745196756
0.00150766289492
0.00153952052764
0.00156782089557
0.0016023926231
0.0016335833013
0.00167116237695
0.00170553762072
0.00173680117789
0.00177480058719
0.00181209674818
0.00184418888583
0.00188305077475
0.00192113111498
0.00196365796115
0.00200518922476
0.00204114972794
0.00207587644454
0.00211462658477
0.00215210136832
0.00219579042981
0.00223607617216
0.00227305595028
0.00231659011517
0.00235704812434
0.00239446523224
0.00243864237956
0.00247991651663
0.00251824005904
0.00256547761709
0.00260739933946
0.00265806020742
0.00270318656569
0.00274707488988
0.00279496747813
0.00283180146777
0.00288464305792
0.00292213332851
0.00296830868049
0.00302098941971
0.00306083575561
0.00310746171989
0.00316084779018
0.00321130580455
0.00326099041689
0.00330544949323
0.00335657235497
0.0034066860244
0.00346092937949
0.00350423312816
0.0035612852797
0.003607318199
0.00365959633961
0.00371595699183
0.00376154026371
0.0038136963202
0.00386276418371
0.00391855768446
0.00397138348437
0.00403103361935
0.00408023386768
0.00414361653938
0.00419414355261
0.0042534378309
0.00430715134644
0.00435964314637
0.00441610085744
0.00448101562388
0.00453276711555
0.0045908471447
0.00464562763078
0.0047069690732
0.00476522748887
0.00482051686309
0.00488257705873
0.00494166816429
0.00499780429564
0.00506294645469
0.00512269086506
0.0051912163746
0.00525407510759
0.00531577122586
0.00537397638571
0.00543610877028
0.00549704088952
0.00556431204458
0.00562832221742
0.00568919014079
0.0057566880081
0.00582345445284
0.00588500843462
0.00595336118764
0.0060210576965
0.00608341070996
0.00615464571013
0.00622038374195
0.00628506751844
0.00635600341572
0.00642342423742
0.00649705089852
0.00655752407943
0.0066340769372
0.00669759609089
0.00676767997271
0.00683704081164
0.00691081381494
0.00698163969905
0.00705183291304
0.00712879237121
0.00720044128943
0.00727126597664
0.00734855954225
0.00742248558691
0.00749296667093
0.00756968415231
0.00764287436701
0.00771257590196
0.00778865985229
0.00786383209493
0.00794322052425
0.00801217617145
0.0080952024669
0.00816795052033
0.00824750643653
0.00832407329035
0.00840731623169
0.00848744143696
0.00856432464952
0.00863787389544
0.00871762724263
0.0088035901522
0.00887873057094
0.0089577650808
0.00904551212476
0.00911790177072
0.00919923074691
0.00928725015698
0.00937228993371
0.00945436013652
0.00953350475854
0.00961940068304
0.00970228320917
0.00978202877225
0.00987060663908
0.00995341396521
0.0100449127712
0.0101304772029
0.0102149474008
0.0103056531241
0.0103833276037
0.0104771765259
0.0105581707605
0.0106457918364
0.0107401566702
0.0108218882271
0.010912833183
0.010998366576
0.0110929735609
0.0111820551814
0.0112800216403
0.0113649095089
0.0114560217978
0.0115533206565
0.011637444989
0.0117375415791
0.0118245576813
0.0119180328635
0.0120108328084
0.0120981545032
0.0121946658629
0.0122857477913
0.0123860516511
0.0124834408408
0.0125777820546
0.01267866604
0.0127666028704
0.0128705404201
0.0129638457517
0.0130608437831
0.0131543165656
0.0132565449715
0.0133554499525
0.0134486326091
0.0135508682093
0.0136500404491
0.013746268291
0.0138492718442
0.0139493383532
0.0140489383145
0.0141526684728
0.014253281049
0.0143628536014
0.0144593421368
0.0145595089765
0.014668410283
0.0147738161976
0.0148758126214
0.0149744511313
0.0150795334279
0.0151840657159
0.0152927148381
0.015391235961
0.0155036497418
0.0156060053048
0.0157150989531
0.0158211624198
0.0159337172178
0.0160430184674
0.0161489727159
0.0162611341509
0.0163601146691
0.0164774966793
0.0165792294984
0.0166899147892
0.0168070287835
0.016911351616
0.0170197439414
0.017127763987
0.0172451283585
0.0173569802297
0.0174658369127
0.0175839406942
0.017696316931
0.0178176776344
0.0179233959011
0.0180378894868
0.0181585741776
0.0182661427898
0.0183799353683
0.0185000447831
0.0186195727016
0.018733395181
0.0188468409986
0.0189643288915
0.0190815183178
0.0191958189824
0.0193168200851
0.019434763196
0.0195592060652
0.0196803688834
0.019798193918
0.0199151939102
0.0200356793385
0.0201553430334
0.0202812510385
0.0204012276422
0.0205206432133
0.0206369366355
0.0207625293688
0.0208825572501
0.0210092896189
0.0211357680263
0.0212566089547
0.0213867340043
0.0215137411127
0.0216347835468
0.0217550982651
0.0218816091752
0.022007323047
0.0221365365002
0.022262337315
0.0223874940397
0.0225164461017
0.022645004674
0.0227705594003
0.0229027861967
0.0230321055996
0.0231585348675
0.0232916532475
0.0234243968692
0.0235512893341
0.0236776421731
0.0238075309702
0.0239366878037
0.0240692257307
0.0241914048437
0.0243198583186
0.0244519026163
0.0245738442041
0.0247023368749
0.0248250971302
0.0249476934719
0.0250769856738
0.025200611414
0.0253240199539
0.025444407111
0.0255712601017
0.0256948380134
0.02582462412
0.0259386384015
0.0260615365613
0.0261809558072
0.0262969872337
0.0264193600467
0.0265385803248
0.0266547524868
0.0267775409776
0.0268973862069
0.0270143784668
0.0271311411764
0.0272519053591
0.0273696045116
0.027484154095
0.027595464246
0.0277157008324
0.0278297940089
0.0279500649242
0.0280572615169
0.0281734032469
0.0282836474916
0.0284003515078
0.0285070024835
0.0286177356341
0.0287378350798
0.0288427787172
0.0289570773746
0.029065835879
0.0291741973045
0.0292864696156
0.0293980401447
0.029506242529
0.0296181284834
0.0297291360514
0.0298367085342
0.0299409122095
0.0300490651892
0.030156637838
0.0302611745975
0.0303627701297
0.0304711452391
0.0305766970738
0.0306793851244
0.0307888116252
0.0308952115666
0.0309985027875
0.0311082479645
0.0312049565886
0.0313079148153
0.0314171576752
0.0315133436677
0.0316183162069
0.0317176987278
0.0318237093014
0.0319170284279
0.0320195343249
0.032116854862
0.0322233569406
0.032324720116
0.0324231918005
0.0325209690302
0.0326253478993
0.0327242095825
0.0328220044175
0.0329239543578
0.0330149615329
0.0331123626908
0.0332140519426
0.0333050374635
0.0334027688474
0.0335072891559
0.0335991630034
0.0336958870439
0.0337919681371
0.033885223634
0.0339853717757
0.0340825167438
0.034176617759
0.0342695476586
0.0343668975818
0.0344608847798
0.0345515223462
0.0346486832147
0.0347426524394
0.0348354405414
0.0349232859537
0.0350180768941
0.0351119837437
0.0352012177922
0.0352993656192
0.0353928797687
0.0354854301242
0.0355731930029
0.0356695228135
0.0357626850713
0.0358507714682
0.035947204148
0.0360304525447
0.0361301111668
0.0362167830367
0.0363085726006
0.0363991444561
0.0364868733187
0.0365718208099
0.0366639419795
0.0367533841315
0.0368515238279
0.0369353630412
0.0370261832571
0.0371139952892
0.0372085779808
0.0373014139961
0.0373894672245
0.0374757796152
0.0375673078951
0.0376557818211
0.0377426832865
0.0378253006155
0.0379164931465
0.0380049730696
0.0380894137119
0.0381824665304
0.0382728343023
0.0383604470504
0.0384538416336
0.0385355564833
0.0386241372333
0.0387194810124
0.0388016698613
0.0388906029968
0.0389763931073
0.0390702692053
0.0391601212434
0.039247186242
0.0393315379447
0.0394132926777
0.0395034530304
0.0395900064345
0.0396848581555
0.0397759993098
0.0398653273809
0.0399507930344
0.0400440837977
0.0401242884183
0.0402203696923
0.0403042699478
0.0403951128512
0.0404829908437
0.04056802583
0.040659611676
0.0407393820379
0.0408365806205
0.0409219330454
0.0410140323292
0.0411036129009
0.0411905659521
0.0412847203507
0.0413666073141
0.0414648975136
0.041550202163
0.0416429487432
0.0417321137244
0.0418188262495
0.0419122530086
0.0419934464497
0.0420919778908
0.0421775605743
0.0422711242649
0.0423622413809
0.0424509175876
0.0425370568608
0.0426306070094
0.042721516972
0.0428196121399
0.0429147633087
0.0430069531051
0.0430961907856
0.0431826388403
0.0432760967239
0.0433668265685
0.0434649949727
0.0435606540734
0.0436439227644
0.0437447649032
0.0438332916376
0.0439294403765
0.0440231543147
0.0441244974755
0.0442130623888
0.0443088955639
0.0444119556928
0.0445020935157
0.0445993415658
0.044693728472
0.0447954383364
0.0448842217807
0.0449807785835
0.0450849253031
0.0451768086653
0.0452759888922
0.0453734042674
0.0454780689769
0.0455708744917
0.0456707486461
0.0457780976756
0.0458727681356
0.0459752813294
0.0460743823908
0.0461807383995
0.0462743777357
0.0463753252553
0.0464837511836
0.0465798854168
0.0466829280254
0.0467845312149
0.0468939251798
0.04699039645
0.0470955296375
0.0472083461275
0.0473080232
0.0474151699487
0.0475206694877
0.0476325888453
0.047731850184
0.0478383032508
0.0479532105463
0.0480546023086
0.0481635553131
0.0482703025671
0.0483835514546
0.0484959207113
0.048606276491
0.0487146018481
0.0488195802462
0.0489335964904
0.0490539777782
0.0491634700983
0.0492789993844
0.0493933732214
0.0495037360107
0.0496214662477
0.0497366698646
0.0498495180595
0.049960068141
0.0500784438104
0.050194747415
0.0503091341413
0.0504314060983
0.0505517557165
0.0506684860747
0.0507947063533
0.0509071806163
0.0510290031536
0.0511565147038
0.0512735981657
0.0513961967782
0.0515261300965
0.0516438535096
0.0517692326374
0.0518924104973
0.0520136568939
0.052142781905
0.0522700382219
0.0523955219001
0.0525290088055
0.0526486850913
0.052778330966
0.0529135267656
0.0530487428959
0.0531697545582
0.053307856321
0.0534361985255
0.0535696914977
0.0537009392289
0.0538397762831
0.0539668913752
0.0541019250056
0.0542448954518
0.0543763792401
0.0545134521304
0.0546512615244
0.0547848699003
0.0549287591606
0.0550681194069
0.0552080261222
0.0553529005041
0.0554954614296
0.0556357637945
0.0557766198298
0.0559222964914
0.0560659745565
0.0562050747965
0.056354784352
0.0565028845041
0.0566493734586
0.0567914735256
0.0569444266783
0.0570927137398
0.0572517754154
0.0573965960799
0.0575488649032
0.0576990689806
0.0578567403633
0.0580058578808
0.0581657016677
0.0583171968413
0.058476324354
0.0586243570698
0.0587897018787
0.0589407954881
0.0591031578606
0.0592608001505
0.0594202975307
0.0595842741869
0.0597466361641
0.0599071875454
0.0600753380414
0.0602321187963
0.0604056244312
0.060567761783
0.0607374276502
0.0609052366083
0.0610678041335
0.0612323563431
0.0614011694519
0.0615722151772
0.061747613635
0.0619122728291
0.0620848906337
0.0622690504751
0.0624386580874
0.0626159467836
0.0627875968065
0.0629704581209
0.0631422049345
0.0633214003023
0.0635040132616
0.0636796492099
0.0638589860197
0.0640369078956
0.0642266123627
0.0644110533551
0.0645942579728
0.0647762666489
0.0649661122446
0.0651455408726
0.0653375699654
0.0655229989638
0.0657159754169
0.0659029650952
0.0660924362378
0.0662849213731
0.0664758109623
0.0666693477566
0.0668662006733
0.067052716652
0.0672471345819
0.0674493053543
0.0676459967316
0.0678369639404
0.0680446501841
0.0682376752809
0.0684428336849
0.0686420482493
0.068853084501
0.0690490249741
0.0692522908655
0.0694627168833
0.0696627936301
0.0698702023673
0.0700763462174
0.0702855913391
0.0704894755527
0.0707011493545
0.0709159040923
0.0711256107897
0.0713382968011
0.0715498025293
0.0717687902479
0.0719776896802
0.0722025906368
0.0724171539248
0.0726302318418
0.0728505265312
0.0730731187487
0.0732907062052
0.0735107698726
0.0737346872759
0.0739527979018
0.074178544503
0.0744033613541
0.0746272318135
0.0748587385019
0.0750806084425
0.0753184897663
0.0755414052481
0.0757765816293
0.076005224005
0.0762374851763
0.0764632758238
0.0766961581036
0.0769279274157
0.0771670487627
0.0774053198131
0.0776425927194
0.0778791620373
0.0781148615484
0.0783528760706
0.0785953159971
0.0788398225908
0.0790832198657
0.0793308428279
0.0795717927639
0.0798197535106
0.0800663472288
0.0803115610636
0.0805502486874
0.0808016307925
0.0810519492139
0.0812960416396
0.0815530978256
0.0818039074264
0.0820540922199
0.0823116463547
0.0825684216923
0.082824314935
0.0830792013224
0.0833411769477
0.0835962980793
0.0838558401588
0.084108492332
0.084373777113
0.0846321644463
0.0848978353768
0.0851626584227
0.0854266504861
0.0856900610812
0.0859527589622
0.0862171547367
0.0864868093805
0.0867636843238
0.0870338966063
0.0873031633896
0.0875714302525
0.0878524890944
0.0881264586944
0.0883933510919
0.0886651058528
0.088943855547
0.0892216525982
0.0894928125111
0.0897711845247
0.0900551264111
0.0903324042991
0.0906171428925
0.090901192935
0.0911846086126
0.0914674068396
0.0917571154985
0.092039728239
0.092327450055
0.0926079791077
0.0928952704831
0.0931877014713
0.0934808834939
0.0937732203983
0.0940650319605
0.0943562744398
0.0946407266358
0.0949388267745
0.0952301382882
0.0955349491557
0.0958329737521
0.0961302203333
0.096426707556
0.0967300069689
0.0970323238918
0.0973336380174
0.0976339785986
0.0979347655246
0.0982410992805
0.0985403758598
0.0988467308188
0.0991589408421
0.0994644806197
0.0997771319158
0.100083025441
0.100394842542
0.100706291591
0.101018097278
0.101335661634
0.101645902189
0.101955384382
0.102271377303
0.102586450469
0.10290808024
0.103229130217
0.103549609018
0.103863081191
0.104182740844
0.104502843128
0.104822789904
0.105149747111
0.105476423076
0.105802538362
0.106128115964
0.106460570666
0.106785510256
0.107116253712
0.107439497692
0.107769288801
0.108105067959
0.108433526285
0.108768801541
0.109096968193
0.109431517799
0.109773227444
0.110100657988
0.110442295033
0.110783248498
0.111124233222
0.111464702535
0.111804669228
0.11214386853
0.112482734468
0.112827655938
0.113172200737
0.113515716031
0.113859085014
0.114209233627
0.114551889064
0.11490139528
0.115250853759
0.115607332376
0.115956618657
0.11631266043
0.116661340901
0.117009735175
0.117364597006
0.117725930927
0.118079449697
0.118439360189
0.118791653152
0.119150367787
0.119508659992
0.119873644272
0.120231399404
0.120589054368
0.120953526626
0.121317990258
0.121682311125
0.12204641536
0.122410290715
0.122787733586
0.123150622122
0.123520034838
0.123888744891
0.124256789001
0.124631192018
0.124997974991
0.12537152698
0.12574463168
0.126117563365
0.126497447476
0.12687030938
0.127250042689
0.127622427377
0.128001957789
0.128388031834
0.12876673725
0.129144906539
0.129529375504
0.129913651503
0.130297000951
0.130679537215
0.131061960691
0.131450860591
0.131832245368
0.132220480329
0.132615970517
0.133004221058
0.133392391633
0.133780156067
0.134175057748
0.134569889815
0.134957026347
0.135357966378
0.135751034166
0.136150332302
0.136542379647
0.136940672928
0.137337999443
0.137735756132
0.138132726733
0.13853704915
0.13893406466
0.13933777007
0.139741686404
0.140145516708
0.140548692717
0.140959051316
0.141361908751
0.141771745632
0.142180373092
0.142588642069
0.142996398718
0.143410365826
0.143816598874
0.14423009097
0.144636112786
0.145056138254
0.145468950568
0.145888439243
0.146301419178
0.146721182216
0.147133504883
0.147559664416
0.147971600018
0.148396450444
0.148814325994
0.149238303849
0.149655362569
0.15008512257
0.150508160185
0.150930113829
0.151352048047
0.151781622506
0.15221034951
0.152639185426
0.153060770656
0.153496394171
0.153918164177
0.154360305293
0.154788417129
0.155222600057
0.155656467701
0.156089987583
0.156523199549
0.156954982327
0.157394161439
0.157832113242
0.158263774219
0.158702002196
0.159146861135
0.159585448376
0.160030786456
0.160468613828
0.160920655133
0.161358577615
0.161802897908
0.162253274424
0.162697055433
0.163139221461
0.163588723501
0.164036722771
0.164478296704
0.164933886349
0.165388256182
0.165828853071
0.166283631023
0.16673886127
0.167192956182
0.16764087599
0.168103057567
0.168563794445
0.169010504119
0.1694710215
0.169931416467
0.170390042093
0.170848432042
0.171314371893
0.171772542108
0.172229303368
0.172687672389
0.173158916064
0.173616495624
0.174088294517
0.174552811926
0.175017499192
0.175488720709
0.175952126927
0.176423299606
0.176886740909
0.177363851317
0.177832976801
0.178308103456
0.17877694835
0.179244240909
0.179719427464
0.18019311581
0.180675062736
0.181149606151
0.181624453805
0.182105921748
0.18257977553
0.183061802368
0.183536064813
0.18402428208
0.18450461843
0.184990939776
0.185470992625
0.185949233779
0.186435211968
0.186919545285
0.18740407976
0.18789675645
0.188374030015
0.188865768809
0.189357827047
0.189842610003
0.190341560442
0.190826937259
0.191318451929
0.19181612076
0.192307695843
0.192797383069
0.193300849351
0.193790313771
0.194285855948
0.194781509598
0.19527739729
0.195779550913
0.196274387263
0.196777602874
0.197279329372
0.197781485489
0.198284150618
0.198779116624
0.199288241832
0.199797422964
0.200298807852
0.200800045056
0.201307235673
0.201814266035
0.202327455266
0.20282686696
0.203340526667
0.203846558245
0.204359143247
0.204872137553
0.205385761047
0.205891858106
0.206412406343
0.206925217066
0.207438259701
0.207951467042
0.208470676064
0.208981920692
0.209507015572
0.210018211674
0.210543448551
0.211060819582
0.211576621198
0.212100823287
0.212625440664
0.213142783904
0.213666510543
0.214198685014
0.214715427149
0.215240617818
0.215771898426
0.216295353295
0.216832774521
0.217356318984
0.217885823724
0.218407245419
0.21894281664
0.219478652958
0.220006785814
0.220535522188
0.221070587872
0.221600441201
0.22214263206
0.222671477338
0.223206694862
0.223750412589
0.224286307775
0.224828331767
0.225362440068
0.225904456018
0.226438626452
0.226978791714
0.227519137421
0.22805967246
0.228606588272
0.229153936144
0.229694007686
0.23023457814
0.230781642024
0.231329278926
0.231877561815
0.232424029674
0.232978815054
0.233525767893
0.234072770833
0.234625822632
0.235178961618
0.235724172549
0.236283365025
0.236835007805
0.237387012889
0.237939666927
0.23849869083
0.239050338283
0.239610701785
0.240169610087
0.240723067477
0.241282826119
0.241840631239
0.242401006282
0.242959322228
0.243531607207
0.244090118223
0.244646508234
0.245211297128
0.245776344881
0.246339776796
0.246903707308
0.247468329303
0.248033638038
0.248605423223
0.249169816582
0.249740612875
0.250314125335
0.250885762676
0.251449577885
0.252027483086
0.25259156177
0.253169748459
0.253745858715
0.254316367275
0.254885037738
0.255462453499
0.256032290772
0.25661669435
0.257193786785
0.257771600256
0.258347800309
0.258932656624
0.259509935489
0.260087643858
0.260671443498
0.261255308356
0.261839468613
0.262415614348
0.263005999171
0.263588522768
0.264171477905
0.26475282611
0.265342855604
0.265925522618
0.266522810507
0.267106963577
0.267697603719
0.268286587574
0.268878275527
0.269468163807
0.270058382248
0.270648743579
0.27124519285
0.27184172988
0.272430523626
0.273025387503
0.27362075069
0.274216720205
0.274813385706
0.275416578562
0.276012485383
0.276609185477
0.277206571761
0.277810363815
0.278406624497
0.279011323059
0.279614144404
0.280217083465
0.280820364026
0.281423804488
0.282025202966
0.282635090159
0.283237520747
0.283846234365
0.28444762397
0.285057901255
0.285660754045
0.286278385105
0.286888674291
0.28749963747
0.288102949884
0.28872066587
0.289330547676
0.289940861977
0.290557039134
0.291173483685
0.291782146035
0.29239949536
0.293014952553
0.293631070427
0.294247938351
0.294863190374
0.295481766632
0.296098807158
0.29672222861
0.297340699658
0.297957427574
0.298582650995
0.299205866231
0.299829502781
0.30045331411
0.30107744325
0.301693842976
0.302324528477
0.302947715553
0.303577373464
0.304202105791
0.30482530754
0.305463106973
0.306088014799
0.306719386086
0.307351560403
0.30797610582
0.308615127699
0.30924633848
0.309877911922
0.310509774095
0.31113955894
0.311777883092
0.312408621914
0.313045715705
0.313677822786
0.31431647099
0.314953545235
0.31558590762
0.316224742864
0.316864492787
0.317510614745
0.318151755551
0.318790946693
0.319436268974
0.320076208427
0.320722250664
0.321360527177
0.321999231949
0.322644195415
0.323289825417
0.323936150795
0.324589189083
0.325229247491
0.325875868124
0.326529119707
0.327177605931
0.327824344827
0.328479823238
0.329127743144
0.329781878944
0.330428265521
0.331083116219
0.331730223356
0.332383536438
0.333037459083
0.333691934664
0.334353052871
0.335006956387
0.335661701954
0.336317395956
0.33697984447
0.337634894687
0.338298873028
0.338955411157
0.339618239536
0.340273414418
0.340937100285
0.341598817961
0.342255218902
0.34292344616
0.34358664336
0.344242478496
0.344912893223
0.345576234013
0.34624613205
0.346908896012
0.347580740047
0.348245347025
0.34891083148
0.349582643297
0.350254924657
0.350919729534
0.351590690067
0.352262025127
0.352933706218
0.353606028524
0.354276629057
0.354947864754
0.355619943037
0.356298842037
0.356972901194
0.357645561419
0.35832493159
0.358999438535
0.359680528039
0.360354233273
0.361036618925
0.361717141652
0.362398032384
0.363071357258
0.363753139312
0.364433214782
0.365113828127
0.365795375513
0.366483461143
0.367164394167
0.367846332058
0.368529291688
0.369213242478
0.369903880251
0.370587198322
0.371277019895
0.371961604159
0.372652588577
0.373335929885
0.374033455204
0.37472348854
0.375405928025
0.376097131557
0.37678912446
0.377479832998
0.37817142722
0.37886407931
0.379555419722
0.380255718481
0.380948987369
0.38164311873
0.3823356563
0.383036806012
0.383730494294
0.384424588493
0.385125055471
0.385825894483
0.38651924013
0.387219097219
0.387919804463
0.388621463613
0.389324110265
0.390025502267
0.390722201773
0.391425690976
0.392135803028
0.392832995408
0.393536735292
0.394241040773
0.394951698812
0.395662929545
0.396360688824
0.397070578194
0.397775314382
0.398486583934
0.399190611335
0.399895626864
0.40060750839
0.40131465134
0.402028652347
0.402741306108
0.403449237129
0.404163772634
0.404879149859
0.405592812997
0.406309322883
0.407024109165
0.407739520061
0.408453116339
0.409161527773
0.40988462255
0.410598196879
0.411315099491
0.412038878011
0.412755685274
0.413473503603
0.414198307135
0.414910071214
0.415636597107
0.416361814161
0.417073717221
0.41780010042
0.418526985501
0.419246362646
0.419972182874
0.420690623203
0.421417886588
0.422138019571
0.422864896041
0.423592995649
0.424322089136
0.425050159937
0.425773374127
0.42650343179
0.42723450704
0.427964056952
0.428702323201
0.429433173245
0.430156573174
0.430888527703
0.431618899601
0.432349859686
0.433081767323
0.433820482147
0.434552065292
0.435284851137
0.436018692173
0.436759520614
0.437487535178
0.438236408362
0.438972181278
0.439706647212
0.440443971217
0.441185605942
0.441921830757
0.442664620725
0.443402176348
0.44414419028
0.444881020985
0.445624817169
0.446369588037
0.447107463864
0.447846593968
0.44859261985
0.449339755079
0.450079932799
0.450834917833
0.451576803469
0.452317307783
0.453066345349
0.45381399288
0.454562208169
0.455310945175
0.456060560188
0.456802950578
0.457552207751
0.458302654458
0.459060023448
0.459804693526
0.460556443975
0.461309271206
0.462063134981
0.462815869724
0.463569456163
0.46432366958
0.465078617246
0.465834049198
0.466588175637
0.467342849834
0.468104321215
0.468852653686
0.469607925027
0.470364329425
0.471127825564
0.471886545482
0.472644408059
0.473403409539
0.474163470309
0.474930417077
0.475690095311
0.476450655262
0.477211791414
0.477979587083
0.47873992085
0.479500948622
0.480262882835
0.481031604838
0.481793358429
0.482556229053
0.4833203011
0.484091544394
0.484855914719
0.485621518847
0.486388167331
0.487161670336
0.487928199024
0.488703301381
0.489469259042
0.490237718616
0.491012827799
0.49178070101
0.492555333196
0.493316979976
0.494093630348
0.494863475921
0.495640512137
0.496412756355
0.497184152649
0.497964780908
0.498744415224
0.499511195413
0.500292662685
0.501067083784
0.501848106103
0.502623774819
0.503398143195
0.504173275577
0.504955253665
0.505732190207
0.506508266274
0.507293303841
0.508077780145
0.508849596162
0.509636416228
0.510416594795
0.511203774161
0.511985937943
0.512767109513
0.513549138309
0.514331756379
0.515121096319
0.515911126479
0.516693993018
0.517477601352
0.518260414911
0.519052269121
0.519837291563
0.520623637792
0.521411126658
0.522198120601
0.522986200335
0.523781431547
0.52457157503
0.525360791074
0.526150829358
0.52694157247
0.527739052266
0.528523273746
0.529314343865
0.530112382296
0.530905232823
0.531697469579
0.53249082546
0.533285435684
0.534073575916
0.534876773613
0.535673277153
0.536463053695
0.53726780418
0.538059494611
0.538858066549
0.539657358616
0.540463462964
0.541256248808
0.542055983498
0.542848661811
0.543656430506
0.544451290482
0.545253576729
0.546057005044
0.546859966695
0.547658129528
0.548463589202
0.549270163375
0.550069906103
0.550876681747
0.551684196919
0.552492553772
0.553293756208
0.554095600305
0.554904502542
0.55570638903
0.556517143695
0.557327425852
0.558131047678
0.558937663955
0.559750015074
0.560557486736
0.561372318713
0.562180473825
0.562989583589
0.563799688968
0.564616756823
0.565420532552
0.566231300709
0.567048874653
0.567853294739
0.568672711876
0.56948531174
0.57029129561
0.571112468051
0.571927154838
0.572743148414
0.573560459695
0.574371094372
0.575189125605
0.57600820052
0.576828130862
0.577641211258
0.578461137265
0.579281780721
0.580095421155
0.58091783195
0.581739489433
0.582554441265
0.583378358723
0.584195789086
0.585014447534
0.585840735838
0.586660519021
0.587481469489
0.588309898526
0.589125298346
0.589955707145
0.590779082443
0.591601725209
0.592426789469
0.593250968531
0.594076010057
0.594902039535
0.595727661469
0.596554407132
0.597382514257
0.598204213299
0.599034911411
0.599865536561
0.60068955398
0.601522573138
0.602355045807
0.603182266439
0.604016692569
0.604844047888
0.605672177489
0.60650738184
0.607335764031
0.608172754944
0.609003218614
0.609827207039
0.610666412542
0.61149934253
0.612333519144
0.61316139561
0.614004432336
0.614840958336
0.615670940789
0.616509453843
0.617347445444
0.618186241899
0.619025840327
0.619858430874
0.620692010113
0.621532938589
0.622367219807
0.623210524101
0.624047346065
0.624884262621
0.62572383057
0.626569697702
0.627410583196
0.628244875559
0.629086577677
0.629929264625
0.630772823337
0.631617063205
0.632460862852
0.633305540668
0.63414335511
0.634982299657
0.635828628071
0.636669985189
0.637518947945
0.638361618886
0.639212097797
0.640056181354
0.640902859924
0.641749430496
0.642595803944
0.643444296793
0.644292535953
0.645141617607
0.645991491031
0.646840829962
0.647684847137
0.648536192688
0.649381109793
0.650227382415
0.651081269568
0.65193658003
0.652785663359
0.653636109747
0.654487820642
0.655347116455
0.656199818508
0.65705362758
0.657900687484
0.658762495167
0.659611218531
0.660459534857
0.661322816668
0.662173233995
0.663031158604
0.663876395827
0.664737007287
0.665597851747
0.666453658021
0.66730967518
0.66816692837
0.669025471747
0.669885104136
0.670744483056
0.671604891054
0.672458480416
0.673320576842
0.674175838999
0.675038557462
0.675894809025
0.676759829254
0.677617483536
0.678477611631
0.679338087952
0.680207553062
0.681063149914
0.681927705688
0.682792414423
0.683658132226
0.684517436394
0.685385049723
0.686252459861
0.687114263889
0.687975916744
0.688838649238
0.683873131384
