metodo_2_dt_1:12
1.16440452895e-06
0.0155320941087
0.0155310176719
0.0155323066004
0.0155335874498
0.015532722658
0.015528025328
0.0155205274985
0.0155114619234
0.0155022640656
0.0154936255033
0.0154858907005
0.015479152391
0.0154729538149
0.0154679596276
0.0154648605942
0.0154652062838
0.0154716792764
0.01547757224
0.0154768532732
4.20562175021
4.20524364913
4.20467205173
4.20391330232
4.20298189357
4.20185637378
4.20054550154
4.19905814761
4.19737903374
4.19552314933
4.19348800563
4.19127859593
4.18888243437
4.1863173595
4.18357703956
4.18066334238
4.17757821469
4.17432949637
4.17090757637
4.16732620388
4.16358168919
4.15968435823
4.155620142
4.15141338591
4.14704668936
4.14253396536
4.13786611264
4.13305712489
4.12810380415
4.12302269977
4.11778868421
4.11243238324
4.10693708711
4.10131713583
4.09556991585
4.08969861726
4.08371483212
4.07761108008
4.07139631526
4.06507725392
4.05866053831
4.05213365562
4.04551745522
4.03880794952
4.03201497928
4.0251374811
4.01818829476
4.01116357073
4.00406786571
3.99690578319
3.9896958051
3.98242342844
3.97510414888
3.96773736263
3.96033671879
3.95290359032
3.94543290626
3.93794836584
3.93043285069
3.92291775585
3.9153874779
3.907854869
3.90032664789
3.89281257724
3.88530067279
3.87782270728
3.87035958101
3.86293905268
3.8555545782
3.84822054909
3.84093479999
3.83371829183
3.82654967119
3.81947225497
3.81246071781
3.80555256859
3.79871865983
3.79199357703
3.78536937981
3.77886263391
3.7724833959
3.76621148907
3.76008906483
3.75409305698
3.74825090805
3.74256185237
3.73703111936
3.73166981541
3.72648001665
3.72146868417
3.7166438607
3.71201525998
3.7075866479
3.70336362844
3.69936118884
3.6955729687
3.6920056388
3.68868080381
3.68559897682
3.68275761532
3.68017803091
3.67785642205
3.67579744235
3.67401568832
3.67250029227
3.67127566355
3.67034090399
3.66969580811
3.66934706481
3.66930053981
3.66957593731
3.67015289928
3.67104270329
3.67226384132
3.67380899513
3.6756756025
3.67788509811
3.68042325007
3.68330546803
3.6865263149
3.69010622406
3.69402408607
3.69828875255
3.70292008075
3.70790340474
3.71325053887
3.71894460173
3.72501212795
3.73144242937
3.7382317026
3.74538354841
3.75290362664
3.76079033611
3.76903194122
3.77764942641
3.78661852413
3.79595306601
3.80564252652
3.81569723565
3.8260998317
3.83686517734
3.84798180941
3.85944344363
3.87126825988
3.88342964536
3.89593310939
3.90877803748
3.92195081874
3.93547217455
3.94931742635
3.96348577626
3.97798630833
3.99280465687
4.00792864142
4.02336969728
4.03911947063
4.05516671762
4.07151033138
4.08814335933
4.10506022412
4.1222691577
4.13973910802
4.1574780612
4.17548993839
4.19375369298
4.21227239321
4.23103111286
4.25003274139
4.26926040695
4.28872930593
4.30840371917
4.32830529122
4.34841607525
4.36872808419
4.38923722268
4.40994231733
4.43082566311
4.45189286724
4.47313289322
4.49453743714
4.51610714639
4.53783952796
4.55970150767
4.58171100504
4.6038684677
4.62614480172
4.64854013192
4.67105636015
4.69368021719
4.71639669909
4.73922624333
4.76213007079
4.78512308381
4.80819605322
4.83133823216
4.85454901044
4.87780730842
4.90112413941
4.92448471836
4.94789014738
4.97132916426
4.99479417912
5.01829545263
5.04179800957
5.06532596734
5.08886408391
5.11239702649
5.13592915214
5.15945107531
5.18296513654
5.20645382051
5.22992143154
5.25335888583
5.27675429314
5.30011436923
5.32342948606
5.34669299165
5.36989291033
5.39303445877
5.41611491965
5.43911338562
5.46203628384
5.4848837593
5.50764630825
5.53031631193
5.55288944554
5.57537258334
5.59773467407
5.62000867789
5.64216193817
5.66420118119
5.68612806133
5.70792776555
5.7296053204
5.75115646133
5.77256467888
5.79384400863
5.81498363579
5.83597084168
5.85682085632
5.87750908093
5.8980527186
5.91843159755
5.93865110281
5.95870221798
5.97858649982
5.99829307155
6.01783189596
6.03719234814
6.05637073967
6.07535940427
6.09416133362
6.11278131951
6.13120377293
6.14943391226
6.16746480787
6.18530735749
6.20293522441
6.22036775664
6.23760449136
6.2546208954
6.27143635882
6.28804674654
6.30443940724
6.32061230849
6.33658254575
6.3523302412
6.36785838462
6.38315868
6.39824523596
6.41310786642
6.42773716032
6.44213475417
6.45630017828
6.47024696014
6.48395438156
6.49743385096
6.51066653877
6.5236681712
6.53643806087
6.54896745363
6.56125519657
6.57330465726
6.58511623257
6.59669291692
6.60802611577
6.61911626889
6.6299667681
6.64057331484
6.65094464055
6.66107531801
6.67096659599
6.68060833408
6.6900135916
6.69917734186
6.70810347565
6.71677964163
6.72521752222
6.73340884657
6.74135809085
6.74906868705
6.75652926248
6.7637475647
6.77072853632
6.77746818117
6.78397135297
6.79023049069
6.7962502692
6.8020276759
6.80756799097
6.81287592831
6.81794488851
6.82278422673
6.82739125152
6.83176326208
6.83590186371
6.83982070829
6.84350499555
6.84697624529
6.8502197778
6.85323690705
6.85603684842
6.8586085325
6.8609779347
6.86311788121
6.86504205712
6.86675563399
6.86826077183
6.86954235688
6.87063149828
6.87150081395
6.87217297957
6.87263383207
6.87290567678
6.87297129561
6.87284454539
6.87252864173
6.87201756219
6.87131468789
6.87043489945
6.86936865625
6.86812773916
6.86671093627
6.86512130144
6.86335753889
6.86143152327
6.8593544197
6.85709965353
6.85469598213
6.85213306214
6.84942639526
6.84656707761
6.84357373075
6.84042945464
6.83714635469
6.83372626934
6.83017337116
6.82650378715
6.82269224289
6.81877509501
6.81473171815
6.81058239074
6.8063185729
6.80195341981
6.79748677821
6.79292759421
6.78826696503
6.78353116346
6.77870405914
6.77381123584
6.7688402304
6.76380033955
6.75869699032
6.75354137579
6.74832262374
6.7430660049
6.73775896335
6.73241045565
6.7270295775
6.72161634038
6.71618357961
6.71072339082
6.70524137527
6.69975426292
6.69425882319
6.6887639728
6.68326744879
6.67779072964
6.672317826
6.6668672875
6.6614449478
6.65605106717
6.65069682047
6.64537979204
6.64012135666
6.63490773444
6.62976894654
6.6246833393
6.61967181595
6.61474491141
6.60989222348
6.60513973666
6.60047622012
6.59591971984
6.59146375824
6.58711728736
6.58288993878
6.57879129738
6.57482250159
6.57097723608
6.56727653427
6.56371859527
6.56031284249
6.55706946329
6.55397618716
6.5510525875
6.54830394833
6.54573544853
6.54335344689
6.54115568312
6.53915998145
6.53736711263
6.53577240226
6.53439679613
6.5332501224
6.53230967118
6.53161382807
6.53115056268
6.53092481146
6.53094630381
6.53122339819
6.53174346213
6.53253303238
6.533579143
6.53489315368
6.53648430642
6.53834107462
6.54048316297
6.5429058012
6.5456216543
6.54863459982
6.551930862
6.5555338583
6.55943977343
6.56364877274
6.56816996801
6.57299804455
6.57815170883
6.58362769766
6.58942047507
6.5955395522
6.60199014081
6.60877822761
6.61589404071
6.62334321563
6.63113932538
6.63927473903
6.64774802932
6.65656027076
6.66572138993
6.67523216541
6.6850810054
6.69528104629
6.70582284673
6.71671340069
6.72794655658
6.73953146659
6.7514654582
6.76374455116
6.77636013074
6.78932927966
6.80264946949
6.81630738379
6.83030538384
6.84464882127
6.85934042868
6.87437174569
6.88974298993
6.90546057726
6.92150268806
6.93789172398
6.95460713487
6.97165951248
6.98903847277
7.00673375414
7.02477109409
7.04310910293
7.06177744765
7.08075394858
7.10003499938
7.11962425436
7.13952210943
7.15970853718
7.18019870019
7.20096974289
7.22203190289
7.24337175639
7.26499466363
7.2868946584
7.30906191003
7.3314979348
7.35419002697
7.37714504386
7.40034562205
7.42379943911
7.4475019392
7.47143723122
7.49561345463
7.52001270018
7.54464270737
7.56948268933
7.59454342774
7.61981413785
7.64528201672
7.67095072171
7.69681435528
7.72285589447
7.74907261168
7.77547467168
7.80202912266
7.82875649309
7.85563672253
7.88265926019
7.90984001914
7.93714307072
7.96459456222
7.99216674774
8.01985699685
8.04766648199
8.0755911641
8.1036232651
8.13175223575
8.15996798344
8.18827545064
8.21667407459
8.2451508594
8.27369540934
8.30229902743
8.33097642428
8.35970002577
8.38846803262
8.41728175005
8.44613151996
8.47500860141
8.5039110175
8.53283362432
8.56176229186
8.59070442271
8.61963781383
8.64856801563
8.67749370144
8.70639638555
8.73528320877
8.76414561068
8.79297144754
8.82176412329
8.85051023776
8.87921201949
8.90786662312
8.93645952962
8.96499564205
8.9934701341
9.02186842386
9.05019391548
9.07843470176
9.10659268315
9.13466372629
9.16264368211
9.19051541477
9.21827758191
9.24594095973
9.27348305882
9.30089910426
9.32819272569
9.35536230599
9.38240054793
9.40929638335
9.43605245313
9.46265645555
9.48912217815
9.5154216099
9.54157395238
9.56755893323
9.59338471478
9.6190347233
9.64451552584
9.66982694889
9.69495458091
9.71990469572
9.74467255977
9.76924670921
9.79363352102
9.81782796192
9.84182014939
9.86561473846
9.88920831347
9.91258450268
9.93575627459
9.95870414439
9.98145102381
10.0039679219
10.0262552799
10.0483315834
10.0701728914
10.0917753877
10.1131480314
10.1342868274
10.1551932527
10.1758538292
10.1962730651
10.2164558556
10.2363856372
10.2560742528
10.2755150127
10.2947016017
10.3136393822
10.332329888
10.3507590488
10.3689365338
10.3868622168
10.404529624
10.421932809
10.4390778895
10.4559515819
10.4725640656
10.4889159699
10.5050019146
10.520813055
10.5363580134
10.5516261726
10.5666250356
10.5813566738
10.5958191519
10.6100010054
10.6239121359
10.6375539409
10.650924656
10.6640162986
10.6768355636
10.6893764911
10.7016486053
10.7136490891
10.7253805676
10.7368351071
10.7480201449
10.7589373324
10.7695749698
10.7799475388
10.7900515814
10.7998777722
10.809448959
10.8187317037
10.8277599595
10.8365088156
10.8449933153
10.8532128328
10.8611572695
10.868849213
10.8762583537
10.8834158785
10.8903050251
10.8969342988
10.9033050546
10.9094118745
10.9152621479
10.9208627165
10.9262102832
10.9313035071
10.9361464
10.9407351893
10.9450911067
10.9491970724
10.9530647186
10.9566853034
10.9600726476
10.9632274093
10.9661513541
10.9688339689
10.9712908342
10.9735234009
10.9755297382
10.9773039344
10.97886275
10.9802007483
10.9813158081
10.9822205515
10.9829143392
10.9834004742
10.9836734161
10.9837467906
10.9836214705
10.9832989172
10.9827319584
10.9820809257
10.981147408
10.9801310905
10.9788421867
10.977376647
10.9757409067
10.9740365856
10.9720711112
10.9699460081
10.9676646616
10.9652303745
10.9626463904
10.960011025
10.9571373408
10.954122731
10.9509727132
10.9476898021
10.9442737167
10.9406411537
10.9369821442
10.9332017093
10.9293119067
10.9253090368
10.9212023959
10.9169023342
10.9125994643
10.9082043152
10.9037235499
10.8990649088
10.8944241549
10.8897120962
10.8848365997
10.8799934764
10.8749985259
10.8700415957
10.8649443066
10.8598983327
10.8547152346
10.849595437
10.8443483326
10.839077338
10.8338769502
10.8285645222
10.8232426208
10.8179100147
10.8126695443
10.8073359341
10.8020092553
10.7966940288
10.7913964293
10.7862162891
10.7809686824
10.7757511895
10.7705750743
10.7654427855
10.7603571066
10.755329215
10.7503589426
10.7454575369
10.7405295579
10.7357767075
10.7311033704
10.7265177078
10.722027658
10.7176327385
10.7132450978
10.709060637
10.7049886837
10.7009383344
10.6971056411
10.6933996784
10.6897297153
10.6862891892
10.6829929267
10.6797475904
10.6767468434
10.6738098435
10.6711306051
10.6685198947
10.6660813724
10.6639189638
10.6618406474
10.6600461121
10.6583511375
10.6568516917
10.6556515025
10.6545634546
10.653688374
10.6530310729
10.6526923489
10.65248419
10.6525070106
10.6527647993
10.6532615539
10.6539985646
10.6549845654
10.6562205951
10.6577079374
10.659454963
10.6614628425
10.663732733
10.6662706599
10.6690825791
10.6721671759
10.6755328728
10.6791782718
10.6831092407
10.6872321022
10.6917441969
10.6965517538
10.7016578538
10.7069684208
10.7126808512
10.7187006627
10.7249332528
10.7315757084
10.7385329133
10.7457074093
10.7532999875
10.7611152084
10.7693472116
10.7778063123
10.786686618
10.7957917398
10.8053198615
10.8150784511
10.8252595677
10.8356724047
10.8464112669
10.8575766864
10.8689733661
10.8806996325
10.8928557646
10.9052421826
10.9179590899
10.9310064592
10.9444825078
10.9581890699
10.972227534
10.986595782
11.0012932517
11.0163193876
11.0316715587
11.0473520611
11.0633579386
11.0796858158
11.0963372289
11.1133067852
11.1305954912
11.1481976971
11.1661141074
11.1843389656
11.2028711877
11.2217097394
11.2408487221
11.2601883058
11.2799230498
11.2999529444
11.3202721515
11.3408792369
11.3616723636
11.3828461661
11.4042986905
11.4259277696
11.447926649
11.4701957325
11.4926312692
11.5154275349
11.5383829052
11.5616902572
11.5851501901
11.6089540043
11.6329017802
11.6571857733
11.6816017247
11.7063453688
11.7312109403
11.7562936297
11.781688632
11.8071900535
11.8328932018
11.85889331
11.8849845374
11.9112622357
11.9378206285
11.9644561803
11.9912631182
12.0182364217
12.0453710663
12.0727613317
12.1002035137
12.1277919121
12.1555213544
12.1833867682
12.2113829015
12.2395045817
12.2677453693
12.2961020557
12.3245680786
12.3531368071
12.3818045447
12.4105633319
12.4394092473
12.4683341051
12.4973338186
12.5264002686
12.5555294477
12.5846139216
12.6138477238
12.6431267548
12.6724433019
12.7017927896
12.7310703177
12.7604703136
12.7898859534
12.8192134876
12.8486465106
12.8780803569
12.9074103904
12.9368303271
12.9662355811
12.9955215479
13.0248820227
13.0541129181
13.0834069808
13.112562074
13.141770851
13.1708290419
13.1999291503
13.2288687754
13.2578403333
13.286638307
13.3154581343
13.3440933944
13.3726403194
13.4011911108
13.4295439083
13.4577912594
13.4860299197
13.5140543446
13.5419604805
13.5697450111
13.597500892
13.6250261298
13.6524159665
13.6796663397
13.7067743402
13.7337338259
13.7606413774
13.7872943445
13.8137882831
13.8401193197
13.8662836074
13.8922772637
13.9180963753
13.9437358642
13.9691940072
13.9944656833
14.0195468976
14.0444336887
14.06912099
14.093607376
14.1178880485
14.1419583464
14.1657181181
14.1893615847
14.2127852823
14.2359888248
14.2589670396
14.2816205952
14.3041429264
14.3264349183
14.3484917248
14.3702132093
14.3917968611
14.413138836
14.4342383957
14.4549944324
14.4756045591
14.4958659232
14.515976059
14.5358338444
14.5553381783
14.5746851151
14.5936744835
14.6125022894
14.6309684699
14.6492690863
14.667204302
14.6849703519
14.7023677377
14.719592954
14.7364468953
14.7531263279
14.7694325185
14.7854620892
14.8013162138
14.8167951205
14.8319956776
14.8470193666
14.861666752
14.8760348795
14.8902254828
14.9040394112
14.9175738213
14.9308318994
14.9438104671
14.9566097921
14.9690341182
14.9811787984
14.9930469945
15.0046352654
15.0159451174
15.0269781323
15.0378294622
15.0483037243
15.0584996632
15.0684193218
15.0780597182
15.0874231869
15.0965104976
15.1053225661
15.1138604433
15.1221253028
15.1301184267
15.1378411852
15.1451967236
15.152383271
15.1593040885
15.1659608602
15.1723553305
15.1784892954
15.184364578
15.1898829601
15.195246472
15.2003568293
15.205215783
15.2098231421
15.2140862273
15.2182010164
15.2220690297
15.2255977518
15.2289831495
15.2321270602
15.234937363
15.2376083193
15.2400481477
15.2421572964
15.2441383057
15.2457938885
15.2473267947
15.2486379058
15.249634343
15.2505170567
15.2510893081
15.2515521171
15.2517151044
15.2517731432
15.2515359965
15.2511049015
15.2505810596
15.2497744095
15.2488796951
15.2477068336
15.2463568777
15.2449307499
15.2432361202
15.2414715107
15.2394446044
15.2372562627
15.2349097359
15.2325060358
15.229853399
15.2270531263
15.2241090051
15.2211204044
15.2179003935
15.2145486137
15.2110692591
15.2074666054
15.2038404721
15.2000044342
15.1960584388
15.1920047854
15.1878524528
15.1836038017
15.1792612738
15.1748338854
15.170321808
15.1657340324
15.1610707052
15.1563407134
15.1515439933
15.1466892578
15.1417763159
15.1368137231
15.1318012339
15.1267474577
15.1216523009
15.1165223973
15.111364484
15.1061789122
15.1009726582
15.0957506239
15.0904224466
15.0851838665
15.0799446522
15.0747099326
15.0694849703
15.0641774071
15.0589897611
15.0538254329
15.0486918077
15.0434966541
15.0384402197
15.0334301846
15.0284716862
15.0234722224
15.0186319196
15.0138581019
15.0090579526
15.0044291774
14.9997854415
14.9953243166
14.9909526831
14.9865774164
14.9823983517
14.9782228443
14.9742552165
14.9703028631
14.9665661914
14.9628526695
14.9593670333
14.9559167495
14.9527003293
14.9495315636
14.9466088819
14.9437397875
14.9411289876
14.9385818174
14.9362050031
14.9340972333
14.9320716575
14.9302267172
14.9286689814
14.9272030747
14.9259351718
14.9249634141
14.9240978933
14.923442459
14.9230948689
14.9228648745
14.9228559256
14.9230678815
14.9236043211
14.924272895
14.9251773585
14.926317657
14.9276995686
14.9294250837
14.9313017173
14.933433211
14.9358196017
14.9384663885
14.9413771555
14.944555409
14.94800452
14.9517279034
14.9557287175
14.9600099893
14.9646731058
14.9695240253
14.9746637245
14.9800946499
14.9858189095
14.9918385744
14.9980570157
15.0046712573
15.0115876217
15.0188059605
15.026327677
15.034154093
15.0422850868
15.0507251801
15.0594741488
15.068533313
15.0779025775
15.0874876065
15.0974853498
15.1077968287
15.1184261607
15.1293726491
15.1405369291
15.1521202175
15.1640212995
15.176243567
15.188685591
15.2015479862
15.2147290336
15.2282312084
15.241952452
15.256092529
15.2705489035
15.2852241749
15.3003123512
15.3157143264
15.3313310122
15.347356036
15.3635924277
15.3802339601
15.3971813067
15.4143336143
15.4318885656
15.4496438448
15.4677970736
15.486148203
15.5048948302
15.5238343002
15.5431639592
15.5626832836
15.5825883642
15.6026783418
15.6231502382
15.6438006359
15.6648262767
15.6860258453
15.7074952523
15.7293304377
15.7513293953
15.7736868389
15.7962003396
15.8189650444
15.842075961
15.8653303988
15.8888232547
15.9126494502
15.9366052875
15.9607873343
15.9851912702
16.0099109187
16.0347440323
16.0597863333
16.0850313565
16.1105767162
16.1362184442
16.1620521568
16.18807214
16.214372991
16.2407538782
16.2673073064
16.2940282935
16.3209138193
16.3479587198
16.3751557906
16.4026016991
16.4300914707
16.4577188575
16.4854786892
16.5133641855
16.5413712602
16.5694923764
16.5977240798
16.6260575983
16.6544895974
16.6830128155
16.7116234124
16.7403142996
16.769081763
16.7979195157
16.8268217629
16.855784747
16.8848016124
16.9138687694
16.9429793787
16.9721290264
17.0013132756
17.0304258098
17.0596617145
17.0889148604
17.1181813768
17.1474542605
17.1767288596
17.205999653
17.2351624015
17.2644086936
17.293634117
17.3228328366
17.3519989969
17.381027347
17.4101118306
17.4391458142
17.4681246634
17.49694367
17.5257965419
17.5545788312
17.5832856195
17.6118126614
17.6403540331
17.6688049162
17.6970626883
17.7253208691
17.7534755034
17.781422682
17.8093567117
17.8370743343
17.8647698715
17.8923394766
17.9196777458
17.9469821095
17.9740477721
18.0010689673
18.0278424262
18.0545622957
18.0811230037
18.107423798
18.1336571885
18.1596199939
18.1855056232
18.2111122871
18.2366352192
18.2618712559
18.2869151798
18.3118646496
18.3365160651
18.3610653132
18.3853117963
18.4094493304
18.4332768989
18.4568920092
18.480389122
18.5035680929
18.5265259379
18.5493574105
18.5718625534
18.5941374275
18.616279797
18.6380857995
18.6596554977
18.6810818288
18.7021672996
18.7230055739
18.7436933808
18.7640323308
18.7841161192
18.8039436203
18.823611011
18.8429174407
18.8619627359
18.8807414388
18.8992557475
18.9175995734
18.935576161
18.9532826547
18.9707183487
18.9878815273
19.0047708449
19.021388177
19.0378278268
19.0538937814
19.0696827766
19.0851949356
19.1004316206
19.1153882151
19.1300668813
19.1444654044
19.1585847403
19.1724226552
19.1859805648
19.1992561396
19.2122484372
19.2249585328
19.2373843775
19.24952646
19.2613854329
19.2729597027
19.2842502965
19.2952584367
19.305983073
19.3164257418
19.326588104
19.3364694569
19.3460716319
19.355396533
19.3644436479
19.3732149893
19.3816139637
19.3898375266
19.3977891465
19.4054687341
19.4128813218
19.4200251635
19.4269024262
19.4334158463
19.4397638669
19.4458500188
19.4516724011
19.4572361041
19.4624424912
19.4674900196
19.4722810503
19.4768185541
19.4810052501
19.4850400631
19.4888251481
19.492267474
19.4955648383
19.4986198432
19.5014391589
19.5039238918
19.5062729267
19.5083939032
19.5101898344
19.5118587694
19.5133085265
19.5144406174
19.5154578946
19.5161651961
19.5167604993
19.5171517602
19.51724045
19.517229266
19.5169213321
19.5165192482
19.5158261226
19.5150445554
19.5140759544
19.5128285054
19.5114983955
19.5098959283
19.5082175226
19.506272148
19.5042605974
19.5019889358
19.4996598575
19.4970778122
19.4943467605
19.4915706992
19.4885542753
19.485499627
19.4822156768
19.4789012966
19.4753654578
19.4717122593
19.4680405844
19.4641603733
19.4602709936
19.4561842567
19.4519979248
19.4478158287
19.4434450212
19.4389911534
19.4345517216
19.4299364737
19.4252464848
19.4205858308
19.4157636348
19.4108788029
19.4060346298
19.4010418315
19.3960021855
19.3909195827
19.3858988969
19.3807482437
19.3755696237
19.3703718431
19.3651554771
19.3600242926
19.3547894696
19.3495519886
19.34431888
19.3390941272
19.333979605
19.3287863631
19.3236151537
19.3184727826
19.3133618962
19.3082891318
19.3032579693
19.2983697515
19.2934333069
19.2885523824
19.2837317777
19.2789739865
19.2742857743
19.2696698658
19.2651332596
19.2606788566
19.2563110477
19.2520393896
19.2478651747
19.2437956244
19.2398337237
19.2359866712
19.2322557065
19.2286502566
19.2251746544
19.2218316465
19.2186265306
19.2155652245
19.2126517891
19.2098918682
19.2072861211
19.2048432603
19.2025669583
19.2004575218
19.1985232715
19.1967675594
19.1951904146
19.1937999509
19.1925002938
19.1914910981
19.1906792438
19.1900683414
19.1896609873
19.1894656166
19.1894810767
19.1896175773
19.1900740191
19.1907559013
19.1916680431
19.1928124407
19.1940977417
19.1957211
19.1975909424
19.1997089433
19.2020792067
19.204604918
19.2074886731
19.2106322893
19.2140415123
19.2176178411
19.2215632865
19.2257802335
19.2301717202
19.234939081
19.23998323
19.2452105797
19.2508171082
19.2567078932
19.2627879893
19.2692536297
19.2760112785
19.2829619754
19.2903060089
19.2979482753
19.3057896115
19.3140300576
19.3225728529
19.3313223393
19.3404743929
19.3498345951
19.3596023645
19.3695791831
19.3799642061
19.3906584022
19.4015672818
19.4128846954
19.4244148638
19.4363549187
19.4485074893
19.461070577
19.4738441639
19.4870248551
19.5004171157
19.5142163088
19.5282244286
19.5426391847
19.5572591782
19.5722846126
19.5875162677
19.6031508175
19.6189900892
19.635130688
19.6516727561
19.6684165167
19.6855591857
19.7028986352
19.72053551
19.7385656824
19.7567897998
19.7754021955
19.7942055971
19.8132952386
19.8327662028
19.852420656
19.8723533277
19.8926588122
19.9131387706
19.933886311
19.9549993628
19.9762756177
19.9978083513
20.0196971995
20.0417389072
20.0640277019
20.0865626729
20.1094369025
20.132451749
20.1557002529
20.1791814357
20.2029882187
20.2269208374
20.2510736421
20.2754444391
20.3001257372
20.3249181172
20.349913857
20.3751103567
20.4005023101
20.4261857989
20.4519558156
20.4779089508
20.5040370297
20.5303389603
20.5568063242
20.5834350918
20.6103194112
20.6372550484
20.6643373913
20.6915587062
20.7189143151
20.7464017735
20.774012824
20.8017430029
20.8295900249
20.8575457794
20.8857048738
20.9138670588
20.9421231624
20.9704687171
20.9989012744
21.0274125219
21.0559978194
21.0846532778
21.1133734529
21.1421518379
21.1709835425
21.1998623676
21.228785305
21.2577428303
21.2867317624
21.3157449132
21.3447789804
21.3738242334
21.4028773903
21.4319319893
21.460981677
21.490022233
21.5189478946
21.5479539316
21.5769323238
21.605879887
21.6347922704
21.6636631693
21.692489006
21.7212635388
21.7499832299
21.7785428565
21.8071368546
21.8356612235
21.8641092259
21.8924778616
21.9207608187
21.9489545066
21.9769535967
22.0049517281
22.0328455899
22.0606287332
22.0882967589
22.1157462934
22.1431687563
22.1704608173
22.1976182194
22.2246334585
22.2514061422
22.2781291826
22.3046978976
22.3311088863
22.357259962
22.3833436703
22.4092580246
22.434999325
22.4604657613
22.4858488431
22.5110493524
22.5359636061
22.5607867125
22.5854147493
22.6097461295
22.633973961
22.6579984314
22.6817167824
22.7053218062
22.7287120116
22.7517838826
22.7747343045
22.7974605874
22.8198588781
22.8421231255
22.8640549049
22.8858475299
22.9073992068
22.92860711
22.9496689152
22.9703842754
22.9909457061
23.0112558037
23.0312126441
23.0510107855
23.0704534807
23.089735398
23.1086561249
23.1274142114
23.1458093611
23.1640363603
23.1818988219
23.1995902876
23.2169144518
23.2340648677
23.2508453017
23.267450589
23.2836807323
23.2997344031
23.3154103941
23.3309073954
23.3460242923
23.3609598457
23.3755131245
23.3898830922
23.4038691646
23.4175720467
23.4310874913
23.4442207558
23.4571665832
23.4697305859
23.4821066363
23.494102703
23.5058141961
23.5173414799
23.5284892949
23.5393542086
23.5500379702
23.5603415824
23.5704629418
23.5802092779
23.5896761036
23.59896393
23.6078778339
23.6165144437
23.6249744166
23.6330613298
23.6408745912
23.6484150368
23.6557832818
23.6627796288
23.6695072741
23.6760659352
23.6822575818
23.688182279
23.6938442538
23.6993439311
23.7044840977
23.7093654357
23.7139927743
23.7184668983
23.7225909531
23.7264657625
23.7300963375
23.7335821707
23.736727928
23.7396383193
23.7423119154
23.7447512795
23.7469615506
23.7490421687
23.7507978918
23.7523320918
23.7536473065
23.7547420158
23.7556227697
23.7563876224
23.7568455697
23.7570961607
23.7571408703
23.7569853903
23.75663013
23.7560811321
23.7553405103
23.7545086081
23.7533957571
23.7521011424
23.7506314536
23.7489878495
23.7471770779
23.7452002958
23.7430642629
23.7407715246
23.7383246064
23.7357302689
23.7329896007
23.7301093485
23.7270905511
23.7239399178
23.7206584171
23.7172527075
23.7137236931
23.71007517
23.7063151575
23.7024431917
23.6984660454
23.6943848089
23.6902064757
23.6859323793
23.680637503
