metodo_1_dt_1:12
2.05249846306e-09
5.71215385976e-06
5.71890488164e-06
5.7189790645e-06
5.71981974234e-06
5.7161995768e-06
5.72530429738e-06
5.71564869574e-06
5.72090191533e-06
5.72687886937e-06
5.7281866116e-06
5.72044805461e-06
5.72536975713e-06
5.72341943012e-06
5.72437004744e-06
5.72823736839e-06
5.72526199597e-06
5.73503537177e-06
5.72619414471e-06
5.73223345952e-06
5.73156266017e-06
5.73201397068e-06
5.73566704235e-06
5.73472653173e-06
5.73508863944e-06
5.73877903701e-06
5.7458396377e-06
5.74649073569e-06
5.74869331676e-06
5.74643895924e-06
5.7476770063e-06
5.75059303252e-06
5.74906599113e-06
5.75109380364e-06
5.75489012023e-06
5.76230167726e-06
5.76524810697e-06
5.76019613498e-06
5.76861826636e-06
5.7725311834e-06
5.76848826296e-06
5.76806767091e-06
5.77126751556e-06
5.77808438531e-06
5.78026998274e-06
5.78440726636e-06
5.7822616552e-06
5.78368958114e-06
5.79023619588e-06
5.7888741229e-06
5.7910428313e-06
5.79822990552e-06
5.79750306392e-06
5.80172036302e-06
5.80936067391e-06
5.80906710095e-06
5.81360196691e-06
5.81158859841e-06
5.81290014153e-06
5.81751172627e-06
5.82539903094e-06
5.82662598213e-06
5.83237798788e-06
5.83007718999e-06
5.83220415928e-06
5.83617039456e-06
5.8444633263e-06
5.84585736596e-06
5.85024240339e-06
5.84881891986e-06
5.84912312063e-06
5.85343796498e-06
5.86055624041e-06
5.86049839887e-06
5.86316021013e-06
5.86850241241e-06
5.87750659278e-06
5.87811236829e-06
5.88224093838e-06
5.87887114914e-06
5.88879076885e-06
5.89015433399e-06
5.89470134027e-06
5.89148362848e-06
5.90036838505e-06
5.9021772169e-06
5.90595301727e-06
5.91162572963e-06
5.9091543291e-06
5.9084386164e-06
5.91008805534e-06
5.91328888436e-06
5.91796120728e-06
5.91464532599e-06
5.92256163406e-06
5.92165947838e-06
5.92183808679e-06
5.92351045339e-06
5.91605756427e-06
5.91938002345e-06
5.91384207531e-06
5.9188922281e-06
5.91448752987e-06
5.91057130579e-06
5.90740487265e-06
5.904594301e-06
5.90211038793e-06
5.90015361763e-06
5.89842834103e-06
5.89691669388e-06
5.88576088153e-06
5.88474111255e-06
5.88384214078e-06
5.88314824309e-06
5.87241942536e-06
5.87181681971e-06
5.87126000404e-06
5.87062367414e-06
5.86994564957e-06
5.85915685668e-06
5.85822794697e-06
5.85706866587e-06
5.85566539905e-06
5.85397981181e-06
5.85197539893e-06
5.8594826483e-06
5.85655510869e-06
5.85314868323e-06
5.84922240132e-06
5.8545281074e-06
5.84919116075e-06
5.85316069463e-06
5.85639462742e-06
5.84857584777e-06
5.8498899577e-06
5.85029253876e-06
5.8497386135e-06
5.85818014936e-06
5.85520543608e-06
5.85110127629e-06
5.85581419978e-06
5.85887073212e-06
5.85108773643e-06
5.85150968454e-06
5.86052763863e-06
5.85760362304e-06
5.85369820834e-06
5.85769850302e-06
5.86009455684e-06
5.86084507111e-06
5.8599117956e-06
5.85660546552e-06
5.86147223576e-06
5.85451432195e-06
5.85564822824e-06
5.86483333595e-06
5.8620889307e-06
5.85656543263e-06
5.86093045541e-06
5.8601933812e-06
5.86129650024e-06
5.86033968859e-06
5.86100607774e-06
5.86049371593e-06
5.86063826361e-06
5.86040850001e-06
5.86076493643e-06
5.86067855924e-06
5.86011701582e-06
5.8599579495e-06
5.85920150593e-06
5.85892847677e-06
5.85887036773e-06
5.85809711431e-06
5.85656779936e-06
5.85499377433e-06
5.85377492024e-06
5.85364932552e-06
5.85126675177e-06
5.85016879011e-06
5.84664968821e-06
5.84395204103e-06
5.84102607564e-06
5.83682326218e-06
5.83475700816e-06
5.82983777396e-06
5.82389357635e-06
5.81797893687e-06
5.81249939153e-06
5.80544191969e-06
5.79874804699e-06
5.78969326008e-06
5.78066933091e-06
5.77196074934e-06
5.76077728328e-06
5.75070170459e-06
5.73997817458e-06
5.72673320668e-06
5.71474141944e-06
5.7012105453e-06
5.68805807913e-06
5.67536691838e-06
5.65919298244e-06
5.6455293564e-06
5.63144210343e-06
5.61586488444e-06
5.60100015456e-06
5.58678352338e-06
5.57014754505e-06
5.55534416901e-06
5.54030274247e-06
5.52602895548e-06
5.50844307283e-06
5.49480882423e-06
5.48008045069e-06
5.46624191579e-06
5.45452005869e-06
5.44060090957e-06
5.42766521254e-06
5.41477157486e-06
5.40411993216e-06
5.39238143378e-06
5.38196931046e-06
5.3736798755e-06
5.36461670173e-06
5.35579058436e-06
5.34821425874e-06
5.34094892626e-06
5.33305643607e-06
5.32863184591e-06
5.32461492804e-06
5.3200632576e-06
5.31696924908e-06
5.31341587211e-06
5.31042105547e-06
5.31007431718e-06
5.3073225664e-06
5.30727472931e-06
5.30694097727e-06
5.30733860705e-06
5.31050693798e-06
5.31051016089e-06
5.31432203815e-06
5.3150658239e-06
5.31868932838e-06
5.32422233068e-06
5.3277835158e-06
5.33235414991e-06
5.33793014801e-06
5.34456559435e-06
5.35130953083e-06
5.35721093916e-06
5.3642621658e-06
5.37340765448e-06
5.38178501523e-06
5.38948059123e-06
5.3983498922e-06
5.40749525903e-06
5.41882100149e-06
5.42856009444e-06
5.43952419951e-06
5.44990029485e-06
5.46151065756e-06
5.47246618914e-06
5.48472628646e-06
5.49724167288e-06
5.50913561438e-06
5.52225175058e-06
5.53371116787e-06
5.54635803261e-06
5.55922528068e-06
5.57130010482e-06
5.58352981575e-06
5.59688548562e-06
5.6083520677e-06
5.62091217748e-06
5.63149249252e-06
5.64314452567e-06
5.65383502702e-06
5.664530698e-06
5.67424954479e-06
5.68397256332e-06
5.69488149672e-06
5.70271014272e-06
5.71059052792e-06
5.71977823744e-06
5.72911107415e-06
5.73538532971e-06
5.7431218218e-06
5.75012015261e-06
5.75738338838e-06
5.76396796281e-06
5.77087364118e-06
5.77715479819e-06
5.78283567051e-06
5.7879390863e-06
5.7934547115e-06
5.80185289614e-06
5.80631714706e-06
5.81220537196e-06
5.81913410256e-06
5.82403695396e-06
5.82845138061e-06
5.83591406694e-06
5.84034002392e-06
5.84775894842e-06
5.85229239008e-06
5.85956273258e-06
5.86419009663e-06
5.86880066381e-06
5.87608280582e-06
5.88084020032e-06
5.88838478e-06
5.89324624726e-06
5.89813454507e-06
5.90601742022e-06
5.91121709685e-06
5.91658962479e-06
5.92202156259e-06
5.9305510799e-06
5.93636899788e-06
5.94241020474e-06
5.94867073343e-06
5.95520815673e-06
5.96194129573e-06
5.96897194471e-06
5.97337397756e-06
5.98109640899e-06
5.98913830437e-06
5.99451553146e-06
6.00338006982e-06
6.0095839779e-06
6.016246376e-06
6.02333642428e-06
6.03405318033e-06
6.04220590353e-06
6.05097646319e-06
6.05704581863e-06
6.06664725688e-06
6.07742634589e-06
6.08792914249e-06
6.09674213653e-06
6.10939370658e-06
6.11834975552e-06
6.12872384629e-06
6.14286883034e-06
6.15407475991e-06
6.16561863627e-06
6.17839162223e-06
6.19140188401e-06
6.20459647487e-06
6.21791875529e-06
6.22874169508e-06
6.24304868901e-06
6.25823340077e-06
6.26970125136e-06
6.28452871302e-06
6.29636504067e-06
6.31146816841e-06
6.32335363802e-06
6.33466079735e-06
6.3500151038e-06
6.36179608212e-06
6.3727497334e-06
6.38371971729e-06
6.39371086912e-06
6.40449426525e-06
6.41015710556e-06
6.41862909062e-06
6.42772395038e-06
6.43235060556e-06
6.43978653441e-06
6.44773899018e-06
6.45010222815e-06
6.45194893202e-06
6.4585036436e-06
6.45930911057e-06
6.46045513139e-06
6.4610330049e-06
6.46103249316e-06
6.46133550328e-06
6.46015120189e-06
6.45924784963e-06
6.45861023142e-06
6.45733735408e-06
6.45066977206e-06
6.44892588455e-06
6.44650319153e-06
6.43939739152e-06
6.43639906393e-06
6.428601571e-06
6.4258169634e-06
6.41724151999e-06
6.40866212193e-06
6.40513407291e-06
6.39650086318e-06
6.38778680416e-06
6.38329820782e-06
6.37352314336e-06
6.36444291148e-06
6.3543266433e-06
6.34400386341e-06
6.33429010652e-06
6.3234697752e-06
6.31236239986e-06
6.30178479076e-06
6.29086612609e-06
6.27874846935e-06
6.26791290783e-06
6.25583073579e-06
6.24331282269e-06
6.23116563479e-06
6.218535542e-06
6.2062253923e-06
6.19338687438e-06
6.18000003785e-06
6.17178897892e-06
6.15808897549e-06
6.14459630678e-06
6.13047602864e-06
6.11571169176e-06
6.10109821763e-06
6.08580760823e-06
6.07653091759e-06
6.0606670017e-06
6.04488751266e-06
6.0291767043e-06
6.01868745046e-06
6.0014829462e-06
5.99111327209e-06
5.97396567032e-06
5.96206040136e-06
5.94412064883e-06
5.93222344124e-06
5.92031655274e-06
5.90759115189e-06
5.88871508062e-06
5.87508569997e-06
5.86217088177e-06
5.85451498185e-06
5.83981530691e-06
5.82575677047e-06
5.81073635718e-06
5.80170021949e-06
5.78623689418e-06
5.77670213001e-06
5.75985186089e-06
5.74885783803e-06
5.73745697115e-06
5.72559491664e-06
5.71243740327e-06
5.69871077828e-06
5.68514014465e-06
5.67011959385e-06
5.65438381814e-06
5.64341495486e-06
5.62614390834e-06
5.61437414213e-06
5.60101530144e-06
5.58760803101e-06
5.56627486287e-06
5.55755190964e-06
5.54092434724e-06
5.52351341735e-06
5.50611942574e-06
5.4935523789e-06
5.47473295386e-06
5.46080177026e-06
5.44701551703e-06
5.43263650114e-06
5.41770351018e-06
5.40225694701e-06
5.39262038602e-06
5.37625596457e-06
5.36653938539e-06
5.35566707078e-06
5.34523744015e-06
5.33450960587e-06
5.32352306942e-06
5.31231810764e-06
5.30708688339e-06
5.30167322108e-06
5.29690180411e-06
5.29122689215e-06
5.28626735266e-06
5.28047130021e-06
5.28068445072e-06
5.28167081225e-06
5.28186105146e-06
5.28208232441e-06
5.28236376343e-06
5.2886320266e-06
5.28908812294e-06
5.29553015497e-06
5.30126994613e-06
5.30795399979e-06
5.31974620144e-06
5.32590920151e-06
5.33798151895e-06
5.35020763069e-06
5.36177866692e-06
5.37352823038e-06
5.39109913964e-06
5.40652769802e-06
5.42278560282e-06
5.44253419492e-06
5.4574732067e-06
5.47591777495e-06
5.4895380271e-06
5.51216009263e-06
5.53827364842e-06
5.55951025618e-06
5.58423423487e-06
5.6040553567e-06
5.62735437374e-06
5.65953637663e-06
5.68135594735e-06
5.71201081899e-06
5.73765638171e-06
5.7667043231e-06
5.79069699569e-06
5.823408443e-06
5.85409195466e-06
5.88499066534e-06
5.91916084483e-06
5.95656657897e-06
5.98872375112e-06
6.02095891687e-06
6.05093618543e-06
6.08934522633e-06
6.12536217767e-06
6.16127427594e-06
6.19164791018e-06
6.22482663816e-06
6.26072264514e-06
6.30470306052e-06
6.33739847338e-06
6.36968723394e-06
6.41271773864e-06
6.4497005187e-06
6.48057711932e-06
6.51357626414e-06
6.54859582107e-06
6.59119530055e-06
6.62176693888e-06
6.65163188802e-06
6.69147543645e-06
6.72484127325e-06
6.75172844007e-06
6.78835158947e-06
6.81033294112e-06
6.84192825008e-06
6.87290459436e-06
6.90539887721e-06
6.93331547665e-06
6.96068892807e-06
6.98946561861e-06
7.01170113232e-06
7.04932411067e-06
7.07419506371e-06
7.09876485786e-06
7.11832038399e-06
7.14537886148e-06
7.1735995579e-06
7.19525769551e-06
7.2180034291e-06
7.24176384117e-06
7.26646722019e-06
7.29110967746e-06
7.31005818298e-06
7.32901742327e-06
7.34883422219e-06
7.37678700937e-06
7.3907017244e-06
7.41258679016e-06
7.42774606522e-06
7.45035088501e-06
7.46649545545e-06
7.48286998503e-06
7.49966650243e-06
7.51679380959e-06
7.53416203928e-06
7.54473204243e-06
7.56235831913e-06
7.58036102901e-06
7.5842861674e-06
7.60230600349e-06
7.61347028805e-06
7.6245036945e-06
7.63531355899e-06
7.64580869171e-06
7.66346425473e-06
7.66660846133e-06
7.67690836288e-06
7.68670509605e-06
7.69590594078e-06
7.69813329213e-06
7.70591720104e-06
7.70664560203e-06
7.71440853311e-06
7.7213016919e-06
7.72120774454e-06
7.72613841208e-06
7.72400719342e-06
7.72661792106e-06
7.73022344008e-06
7.73260298092e-06
7.7336661352e-06
7.72767473747e-06
7.72588971188e-06
7.73084406072e-06
7.72035492518e-06
7.71660875433e-06
7.71656423005e-06
7.70932825208e-06
7.70873689295e-06
7.70626515812e-06
7.69667246835e-06
7.69019648398e-06
7.68153725405e-06
7.67926147636e-06
7.66973785509e-06
7.66273051514e-06
7.64835684165e-06
7.64021197177e-06
7.63409259198e-06
7.62046727e-06
7.61283490769e-06
7.60221953488e-06
7.58848194307e-06
7.57148563833e-06
7.56012719748e-06
7.54530736028e-06
7.52690049587e-06
7.50981323701e-06
7.49311956965e-06
7.47255529925e-06
7.45333301699e-06
7.43405457536e-06
7.40691589038e-06
7.38870070382e-06
7.36264668443e-06
7.33243241814e-06
7.30735441393e-06
7.27802030422e-06
7.25712366855e-06
7.2284697938e-06
7.19540444424e-06
7.16421436555e-06
7.13173280703e-06
7.09469208813e-06
7.06258742661e-06
7.02297421875e-06
6.99119001391e-06
6.94507349926e-06
6.91073075973e-06
6.87432837595e-06
6.83052265694e-06
6.79161722503e-06
6.74790371241e-06
6.70167931662e-06
6.65785095389e-06
6.61882657718e-06
6.56508205782e-06
6.52583699923e-06
6.47177336124e-06
6.43018775887e-06
6.3757429408e-06
6.32594016899e-06
6.27893169046e-06
6.22859982428e-06
6.17127556692e-06
6.12030395656e-06
6.07224588102e-06
6.01896084535e-06
5.96196451821e-06
5.90796499004e-06
5.8585485258e-06
5.79392453131e-06
5.74235527162e-06
5.68686511335e-06
5.62601155488e-06
5.5684031456e-06
5.51665575256e-06
5.45829639909e-06
5.39582164923e-06
5.33670586004e-06
5.28219529631e-06
5.22237504458e-06
5.16718328693e-06
5.10671139291e-06
5.03984102398e-06
4.98874274142e-06
4.9213755488e-06
4.86983962767e-06
4.81203676687e-06
4.74913835037e-06
4.69112525067e-06
4.63804488837e-06
4.5800255686e-06
4.51589663462e-06
4.46801793757e-06
4.41409940403e-06
4.35545866051e-06
4.3020753321e-06
4.24412390551e-06
4.19158833924e-06
4.14454095702e-06
4.09156649188e-06
4.04580392012e-06
4.00399863326e-06
3.95800623306e-06
3.9079252163e-06
3.86164286117e-06
3.82314112939e-06
3.7785967214e-06
3.73985474089e-06
3.706950101e-06
3.67023388372e-06
3.62983513469e-06
3.60241663091e-06
3.57124781395e-06
3.5364740214e-06
3.50778579976e-06
3.48525712424e-06
3.45620727534e-06
3.42392080317e-06
3.40730280282e-06
3.38772667468e-06
3.36545927122e-06
3.34592304791e-06
3.33295165909e-06
3.31760937168e-06
3.30915774577e-06
3.3076876865e-06
3.29972711363e-06
3.29005014758e-06
3.29623778041e-06
3.28726598429e-06
3.29932715972e-06
3.30492258994e-06
3.30957098185e-06
3.31595405479e-06
3.33551053037e-06
3.34857197211e-06
3.36906749298e-06
3.38922902408e-06
3.41050492841e-06
3.43906158248e-06
3.46740782375e-06
3.49579452925e-06
3.5247557228e-06
3.56091290098e-06
3.59715828452e-06
3.64061974133e-06
3.68389152213e-06
3.72726343562e-06
3.77090372479e-06
3.82154083053e-06
3.86496134613e-06
3.92157189208e-06
3.97206443889e-06
4.02928749485e-06
4.0852522102e-06
4.14150423312e-06
4.20418181044e-06
4.26719607552e-06
4.32849377797e-06
4.39007170473e-06
4.45781749931e-06
4.51769784353e-06
4.59177829326e-06
4.65792790272e-06
4.73000100038e-06
4.79966774083e-06
4.87772775387e-06
4.94766822991e-06
5.02331729116e-06
5.09074057051e-06
5.17208511142e-06
5.25065894417e-06
5.32920376311e-06
5.40769124077e-06
5.48326753566e-06
5.56423083652e-06
5.64501153796e-06
5.7255566658e-06
5.808600016e-06
5.89406866122e-06
5.97640861101e-06
6.05562577518e-06
6.14263268197e-06
6.22079949684e-06
6.30398392945e-06
6.39215973979e-06
6.47137363918e-06
6.55789208048e-06
6.64105222213e-06
6.72900878432e-06
6.80776648118e-06
6.89335757552e-06
6.97547751988e-06
7.06217980165e-06
7.13942629635e-06
7.22297027199e-06
7.30297743184e-06
7.38115298608e-06
7.46361356396e-06
7.53629264506e-06
7.62094600868e-06
7.6957142335e-06
7.76820385448e-06
7.84482148135e-06
7.91809720532e-06
7.98902282461e-06
8.05746851653e-06
8.13009228817e-06
8.20011127606e-06
8.2742958256e-06
8.33856736524e-06
8.40710962581e-06
8.47291401528e-06
8.53586024449e-06
8.59606101555e-06
8.66029053117e-06
8.72188478335e-06
8.78049476528e-06
8.84340808656e-06
8.90320697362e-06
8.95976850541e-06
9.01403419822e-06
9.07914965441e-06
9.12680307088e-06
9.18646894604e-06
9.2349406126e-06
9.28765050825e-06
9.33853417352e-06
9.39194193836e-06
9.43561148988e-06
9.48949649095e-06
9.53364568824e-06
9.57390797325e-06
9.61839305595e-06
9.667136435e-06
9.7118411742e-06
9.75238710364e-06
9.78865840173e-06
9.83220725134e-06
9.86828978252e-06
9.90329395022e-06
9.94760241359e-06
9.97371230994e-06
1.00175562761e-05
1.00431482766e-05
1.00816320617e-05
1.01066335421e-05
1.01402740248e-05
1.01733471281e-05
1.01925979051e-05
1.02248376535e-05
1.02521177701e-05
1.02743416229e-05
1.0291419652e-05
1.03215993801e-05
1.03374071834e-05
1.03571278276e-05
1.03845192205e-05
1.04027501501e-05
1.04155627949e-05
1.04322502531e-05
1.0443441814e-05
1.04584958999e-05
1.0471185589e-05
1.04844329831e-05
1.04920316715e-05
1.05064248326e-05
1.05120688492e-05
1.05243205106e-05
1.05279379344e-05
1.05379723413e-05
1.0539494427e-05
1.05375278371e-05
1.05488865216e-05
1.05444036372e-05
1.05434937895e-05
1.05461586526e-05
1.05425874866e-05
1.05425418882e-05
1.05379263145e-05
1.05349156293e-05
1.05270372564e-05
1.05223486905e-05
1.05194201662e-05
1.05111775496e-05
1.04960623174e-05
1.04850390824e-05
1.04757680584e-05
1.04594610786e-05
1.04468375433e-05
1.04261699639e-05
1.04089220978e-05
1.03842792879e-05
1.03621982454e-05
1.03430022071e-05
1.03159228446e-05
1.02915197871e-05
1.02694092517e-05
1.02397807493e-05
1.02025015803e-05
1.01775676535e-05
1.01446540421e-05
1.01043607688e-05
1.00659192281e-05
1.00296762737e-05
9.99635406812e-06
9.95384657948e-06
9.90433342598e-06
9.86603332119e-06
9.82094031277e-06
9.77693817302e-06
9.72511309248e-06
9.67540804726e-06
9.62637637601e-06
9.57095405975e-06
9.52592808795e-06
9.46315634248e-06
9.41223639933e-06
9.35160123253e-06
9.29478484093e-06
9.23793624053e-06
9.17317370987e-06
9.1102998971e-06
9.04931666822e-06
8.98784314872e-06
8.91840621818e-06
8.85073554221e-06
8.78483149737e-06
8.7206926858e-06
8.64594939635e-06
8.58527917927e-06
8.50432706784e-06
8.43165545818e-06
8.36353092117e-06
8.28445424963e-06
8.21009691405e-06
8.13420297278e-06
8.05658577099e-06
7.98375064798e-06
7.89967359894e-06
7.82992163754e-06
7.74535385819e-06
7.66572960809e-06
7.58760253337e-06
7.50732730238e-06
7.41917150034e-06
7.34175016309e-06
7.25649827745e-06
7.18196644417e-06
7.09581308191e-06
7.01496201412e-06
6.93170961876e-06
6.84991864852e-06
6.76960832849e-06
6.68682173383e-06
6.60034680449e-06
6.52058134186e-06
6.44236099026e-06
6.35656095486e-06
6.28152266832e-06
6.1989712895e-06
6.11405201882e-06
6.04401232901e-06
5.96251980583e-06
5.88278476143e-06
5.81400434122e-06
5.73785987154e-06
5.66353004047e-06
5.59102110937e-06
5.51644210615e-06
5.44759058201e-06
5.38596069745e-06
5.31794604902e-06
5.25071851344e-06
5.18622144308e-06
5.12350135662e-06
5.06159293411e-06
5.00233504923e-06
4.94476710141e-06
4.88454579251e-06
4.83035237618e-06
4.77779425591e-06
4.72370838957e-06
4.67447004322e-06
4.62483303272e-06
4.57605915424e-06
4.53285755829e-06
4.48767943018e-06
4.44535788987e-06
4.40593433537e-06
4.36751162311e-06
4.33206825261e-06
4.29867402313e-06
4.26736877018e-06
4.23917435163e-06
4.21216848025e-06
4.18934446577e-06
4.16778156485e-06
4.14949113945e-06
4.13351599123e-06
4.12087893254e-06
4.10961494151e-06
4.10273426113e-06
4.09726101431e-06
4.09520388085e-06
4.09556974406e-06
4.09936124096e-06
4.10557433902e-06
4.11420027e-06
4.12622477556e-06
4.14062940041e-06
4.15838812841e-06
4.17847366111e-06
4.20085386867e-06
4.22648644722e-06
4.25433478743e-06
4.28395560224e-06
4.31596877265e-06
4.35203597109e-06
4.38738557184e-06
4.4273227685e-06
4.46720375103e-06
4.51178280716e-06
4.55598784564e-06
4.6049800323e-06
4.65232140758e-06
4.7020858806e-06
4.75421841923e-06
4.80673469566e-06
4.8615212166e-06
4.91756144509e-06
4.9757690453e-06
5.03513551036e-06
5.09273257878e-06
5.15422674843e-06
5.21770301585e-06
5.27914404644e-06
5.34145049283e-06
5.40765565244e-06
5.47256650485e-06
5.53728343232e-06
5.60367990017e-06
5.67076355795e-06
5.73945284788e-06
5.80781512498e-06
5.87453429844e-06
5.94401518537e-06
6.01177915656e-06
6.08317505912e-06
6.15182979992e-06
6.22086891718e-06
6.29119658361e-06
6.36085792852e-06
6.43074361589e-06
6.50079335832e-06
6.56885389763e-06
6.63903825168e-06
6.70916671845e-06
6.77716666509e-06
6.84405990208e-06
6.91071073351e-06
6.97704377524e-06
7.04393455824e-06
7.10938852393e-06
7.17428259106e-06
7.23759011607e-06
7.29861112716e-06
7.36149219915e-06
7.42015648388e-06
7.47905403494e-06
7.53852560866e-06
7.5947992399e-06
7.64925647243e-06
7.70380856149e-06
7.75442159327e-06
7.80721757758e-06
7.8571084825e-06
7.90514513012e-06
7.95412598696e-06
7.99939608731e-06
8.04378123362e-06
8.08627713662e-06
8.12785505666e-06
8.16848929415e-06
8.20816681684e-06
8.24687026431e-06
8.28359025449e-06
8.31719354788e-06
8.35194612391e-06
8.38370147931e-06
8.41442438298e-06
8.4442524647e-06
8.47114432185e-06
8.49870139406e-06
8.52355605362e-06
8.54740523053e-06
8.56922791658e-06
8.59001192994e-06
8.60973500658e-06
8.62722217414e-06
8.64384978351e-06
8.6583641329e-06
8.67174760339e-06
8.68415374787e-06
8.6943050863e-06
8.70261383276e-06
8.71047370383e-06
8.7166206936e-06
8.7211287309e-06
8.72406323871e-06
8.72517253238e-06
8.72583677156e-06
8.72439494345e-06
8.72085604242e-06
8.71708284629e-06
8.7117761237e-06
8.70380683879e-06
8.69571834222e-06
8.68627468394e-06
8.67412153861e-06
8.66196923421e-06
8.64854616906e-06
8.63395323254e-06
8.61643685606e-06
8.59932820222e-06
8.58114750698e-06
8.55983128107e-06
8.53934805907e-06
8.51781135835e-06
8.49304237414e-06
8.46941674446e-06
8.44252505061e-06
8.41696018414e-06
8.38809667429e-06
8.36070238129e-06
8.33251927016e-06
8.30091090374e-06
8.27112212133e-06
8.23789546859e-06
8.2037989539e-06
8.17182942192e-06
8.1362561231e-06
8.10302431658e-06
8.06605936526e-06
8.02830412299e-06
7.99312368544e-06
7.95397595106e-06
7.91415682189e-06
7.8738189649e-06
7.83558355952e-06
7.79357392304e-06
7.75016948703e-06
7.70719668465e-06
7.6618097213e-06
7.61676629875e-06
7.57016574011e-06
7.52290162871e-06
7.47494816629e-06
7.42535507429e-06
7.37594624827e-06
7.32486402961e-06
7.27302023223e-06
7.2204024872e-06
7.16290808211e-06
7.10778697099e-06
7.05280553643e-06
6.99283916721e-06
6.93538697988e-06
6.87809441135e-06
6.81574233217e-06
6.75695942264e-06
6.69308803926e-06
6.62847459261e-06
6.56756919249e-06
6.50245787275e-06
6.43578023118e-06
6.37384218813e-06
6.30770643899e-06
6.24009009515e-06
6.17281037549e-06
6.10500550267e-06
6.03760286487e-06
5.96974644371e-06
5.90236388076e-06
5.83460297536e-06
5.76650474327e-06
5.69900298337e-06
5.63214365947e-06
5.56060889571e-06
5.49430543223e-06
5.42879753412e-06
5.35885983227e-06
5.29424401854e-06
5.22630259087e-06
5.16283179249e-06
5.09717685884e-06
5.03603699998e-06
4.9720753672e-06
4.91266044004e-06
4.85164122393e-06
4.79227648439e-06
4.73374289393e-06
4.68164647242e-06
4.62776607566e-06
4.57502594006e-06
4.52541281115e-06
4.47810915525e-06
4.43323000526e-06
4.39383037527e-06
4.3540154465e-06
4.31697267335e-06
4.28378929457e-06
4.2536171856e-06
4.22656582674e-06
4.20174236509e-06
4.18240561146e-06
4.16649659764e-06
4.15409547836e-06
4.14626659936e-06
4.14208326683e-06
4.14258974736e-06
4.14682745487e-06
4.15581634108e-06
4.16831027598e-06
4.18598849263e-06
4.20737942177e-06
4.23343182693e-06
4.26307878424e-06
4.29723501365e-06
4.33567513268e-06
4.37768618124e-06
4.42383493337e-06
4.47396313268e-06
4.52691784666e-06
4.58351210318e-06
4.64257722165e-06
4.70589282987e-06
4.77130372636e-06
4.83862828117e-06
4.90963639263e-06
4.98220078032e-06
5.05809800195e-06
5.13522705679e-06
5.21344819871e-06
5.29455257819e-06
5.3764884145e-06
5.46106015654e-06
5.54624207161e-06
5.6299261795e-06
5.71790848672e-06
5.80719028366e-06
5.89460078182e-06
5.98621153799e-06
6.07575376383e-06
6.16847913504e-06
6.25991598746e-06
6.3544652388e-06
6.44757737757e-06
6.54050061744e-06
6.63830671753e-06
6.73260243779e-06
6.82845919302e-06
6.9239383658e-06
7.02088787775e-06
7.11736894634e-06
7.21523116329e-06
7.31253431355e-06
7.40797842613e-06
7.50594381859e-06
7.60511681031e-06
7.70047129222e-06
7.80005045011e-06
7.89578204779e-06
7.99261209938e-06
8.0885941162e-06
8.1885039891e-06
8.28549167192e-06
8.38150653218e-06
8.47842336239e-06
8.57250585272e-06
8.66923547052e-06
8.76482591871e-06
8.8611644711e-06
8.9547005547e-06
9.05053534679e-06
9.14359463424e-06
9.23541676591e-06
9.32790517412e-06
9.4223126595e-06
9.51401956017e-06
9.60316888812e-06
9.69406664856e-06
9.78447374478e-06
9.87337475015e-06
9.95688282366e-06
1.00505780782e-05
1.01389517018e-05
1.0225517564e-05
1.03068099797e-05
1.03944113853e-05
1.04784220813e-05
1.05588021459e-05
1.06454230353e-05
1.07283513962e-05
1.08075482439e-05
1.08829779195e-05
1.09635355944e-05
1.10413554855e-05
1.11252758552e-05
1.11945602517e-05
1.127004323e-05
1.13523215779e-05
1.14200894011e-05
1.14939678808e-05
1.15639395435e-05
1.16399526337e-05
1.17119767111e-05
1.17799546362e-05
1.18538341535e-05
1.191356256e-05
1.19891995914e-05
1.20505035286e-05
1.21177488928e-05
1.21803337087e-05
1.22488736412e-05
1.23024279584e-05
1.23719220547e-05
1.2426849358e-05
1.24870794907e-05
1.25425649888e-05
1.2593236286e-05
1.26489653443e-05
1.26997448012e-05
1.27554317807e-05
1.28074566081e-05
1.28530547775e-05
1.29033716714e-05
1.2940320837e-05
1.2991933374e-05
1.30267417472e-05
1.30680571619e-05
1.31042347783e-05
1.31450277927e-05
1.31806287299e-05
1.32110120956e-05
1.32458721703e-05
1.32754681791e-05
1.32997977255e-05
1.33312194952e-05
1.33546956951e-05
1.33757691957e-05
1.33982130515e-05
1.34184444241e-05
1.34397235828e-05
1.34494722785e-05
1.34728903627e-05
1.34816466232e-05
1.34945599243e-05
1.35021978312e-05
1.35138754988e-05
1.35202336781e-05
1.3521336459e-05
1.35262920072e-05
1.35301029296e-05
1.35245540643e-05
1.35270526777e-05
1.35199928931e-05
1.35210602993e-05
1.35123086321e-05
1.35029307064e-05
1.34972002872e-05
1.34862521335e-05
1.34738892234e-05
1.34525350492e-05
1.34432578725e-05
1.34201961023e-05
1.34005036346e-05
1.33894488402e-05
1.33678595573e-05
1.33410615073e-05
1.33091437976e-05
1.3280341366e-05
1.32603329303e-05
1.32294213471e-05
1.31992910277e-05
1.31581914358e-05
1.31260854329e-05
1.30907087358e-05
1.30564557818e-05
1.3017281083e-05
1.2974522561e-05
1.29331819644e-05
1.28870123307e-05
1.28435863521e-05
1.28027571564e-05
1.2757084023e-05
1.27066688051e-05
1.26587848418e-05
1.26062076094e-05
1.25560845526e-05
1.25013247963e-05
1.24419944997e-05
1.23923623163e-05
1.23310535743e-05
1.22721026913e-05
1.22153929696e-05
1.2161734864e-05
1.20962674285e-05
1.20406171585e-05
1.19730764691e-05
1.19090328487e-05
1.18456596783e-05
1.17795776312e-05
1.17155622962e-05
1.16454905644e-05
1.15791264276e-05
1.15144883992e-05
1.14456000909e-05
1.13725303571e-05
1.12984292527e-05
1.12225415359e-05
1.114801673e-05
1.10746828937e-05
1.10054607804e-05
1.09288926161e-05
1.08479909722e-05
1.07679808147e-05
1.06836497564e-05
1.0608743177e-05
1.05209223549e-05
1.04337381015e-05
1.03511068265e-05
1.02602382784e-05
1.01786539311e-05
1.00928935609e-05
9.99855905603e-06
9.90903387992e-06
9.81550803323e-06
9.7265099033e-06
9.63342888415e-06
9.53638359687e-06
9.43945134612e-06
9.34252016219e-06
9.24166138722e-06
9.14073469385e-06
9.04526898539e-06
8.94038462978e-06
8.83174640914e-06
8.73572615872e-06
8.63258745554e-06
8.52306860904e-06
8.41929705511e-06
8.31197106199e-06
8.20426999927e-06
8.09609148721e-06
7.98442503316e-06
7.87222962613e-06
7.76901979203e-06
7.65280427364e-06
7.54556913802e-06
7.42795568439e-06
7.31667574784e-06
7.20464606812e-06
7.08939612767e-06
6.97335799369e-06
6.85645478946e-06
6.73641142224e-06
6.62524482616e-06
6.50336685393e-06
6.38821965142e-06
6.2721176183e-06
6.15500927652e-06
6.03495161701e-06
5.91387824902e-06
5.79174964357e-06
5.67659869052e-06
5.5505765761e-06
5.43334008301e-06
5.31334901198e-06
5.19401859759e-06
5.07030096725e-06
4.94727237118e-06
4.83148284277e-06
4.71477196296e-06
4.5955357135e-06
4.47547044218e-06
4.35464910296e-06
4.23316923097e-06
4.11923305062e-06
4.00480029207e-06
3.88815970256e-06
3.77312533571e-06
3.65612985137e-06
3.5490100464e-06
3.43025493247e-06
3.32164373911e-06
3.2136787038e-06
3.11634670382e-06
3.00792081445e-06
2.91046606104e-06
2.8116308945e-06
2.7178188523e-06
2.63248824691e-06
2.54042723167e-06
2.45676693926e-06
2.38056755224e-06
2.31294291903e-06
2.23579571833e-06
2.17698832949e-06
2.11811554884e-06
2.07293962536e-06
2.01964343398e-06
1.9803669948e-06
1.94790444361e-06
1.92972126598e-06
1.91282465079e-06
1.90265832136e-06
1.90063716403e-06
1.90346022008e-06
1.91848068823e-06
1.93765139243e-06
1.95923947232e-06
1.99450424864e-06
2.03124561041e-06
2.07545727672e-06
2.12711018313e-06
2.17767046474e-06
2.24468294143e-06
2.30825305102e-06
2.36856718484e-06
2.44459471529e-06
2.51624369366e-06
2.59350883549e-06
2.66563789385e-06
2.75271683213e-06
2.83370531147e-06
2.91929882676e-06
2.99954850346e-06
3.0942397012e-06
3.18189311536e-06
3.27376497096e-06
3.35816035179e-06
3.44660927238e-06
3.539107306e-06
3.63565009469e-06
3.7339839871e-06
3.82413006514e-06
3.91810610264e-06
4.01588402395e-06
4.10777638041e-06
4.20103014894e-06
4.2980351736e-06
4.39621921391e-06
4.48847720507e-06
4.5844857687e-06
4.68159578711e-06
4.77275334659e-06
4.87469486564e-06
4.96102927444e-06
5.06071768482e-06
5.1518593828e-06
5.24673839453e-06
5.34272179949e-06
5.44246432944e-06
5.53372996598e-06
5.62874779608e-06
5.71783575526e-06
5.80818462164e-06
5.90233708051e-06
5.99783480925e-06
6.08744357943e-06
6.1808487107e-06
6.27569943065e-06
6.36235340714e-06
6.4529059335e-06
6.54728298397e-06
6.63357366149e-06
6.73348922539e-06
6.81771739805e-06
6.9134281272e-06
7.00118380471e-06
7.08297540327e-06
7.17838786834e-06
7.26583167111e-06
7.35515275656e-06
7.44026357596e-06
7.5254283049e-06
7.61598090969e-06
7.69855800235e-06
7.78301294439e-06
7.87100798404e-06
7.95254001223e-06
8.03596207711e-06
8.11145638623e-06
8.19031095309e-06
8.27247221583e-06
8.34669975992e-06
8.42419449358e-06
8.50379568775e-06
8.57666059683e-06
8.65176740534e-06
8.73012732148e-06
8.80167473382e-06
8.87557298549e-06
8.94200841985e-06
9.01230881347e-06
9.08455659259e-06
9.15009905228e-06
9.2188619412e-06
9.28041989561e-06
9.34521993991e-06
9.41321539342e-06
9.47415658658e-06
9.53819237767e-06
9.59549869652e-06
9.65606303322e-06
9.70985667734e-06
9.77690493685e-06
9.82732586669e-06
9.89101824129e-06
9.93822683594e-06
9.99872036327e-06
1.00528856423e-05
1.01103339997e-05
1.01610635932e-05
1.02155790347e-05
1.02633771624e-05
1.03148629077e-05
1.03699873197e-05
1.04186514273e-05
1.04610054766e-05
1.0516927647e-05
1.05565678167e-05
1.06099227072e-05
1.06570011201e-05
1.06978162249e-05
1.07423549732e-05
1.07906111687e-05
1.0832686035e-05
1.08786523006e-05
1.09184981269e-05
1.09619911523e-05
1.10094514943e-05
1.10508450944e-05
1.10862228008e-05
1.11254848773e-05
1.11684478411e-05
1.1215471347e-05
1.12467383646e-05
1.12915817145e-05
1.13307505041e-05
1.13639069099e-05
1.14010377154e-05
1.1442167232e-05
1.14775648986e-05
1.15169928381e-05
1.15505275544e-05
1.15881421938e-05
1.16298361236e-05
1.1665952565e-05
1.16962782082e-05
1.17404388382e-05
1.17691821597e-05
1.18117830544e-05
1.18489302377e-05
1.18804196467e-05
1.19161373891e-05
1.19558218865e-05
1.19901619162e-05
1.20284407833e-05
1.20614116464e-05
1.209830658e-05
1.21295855781e-05
1.21745211951e-05
1.22042874866e-05
1.22381724032e-05
1.22757682654e-05
1.23170217857e-05
1.235276529e-05
1.23823191436e-05
1.24156974838e-05
1.24528331103e-05
1.24929397358e-05
1.25273553227e-05
1.25553175822e-05
1.25868403587e-05
1.26214683563e-05
1.26591574231e-05
1.26906331931e-05
1.2716300668e-05
1.27445402397e-05
1.27756902208e-05
1.28101123991e-05
1.28378529419e-05
1.28684133535e-05
1.2892692331e-05
1.2920181998e-05
1.29499645566e-05
1.29734659495e-05
1.29996506575e-05
1.30191147899e-05
1.30416852048e-05
1.30668479775e-05
1.30941046994e-05
1.31150586631e-05
1.31297669188e-05
1.31557279519e-05
1.31753974162e-05
1.31970012848e-05
1.32123153829e-05
1.32300039575e-05
1.32500251475e-05
1.32718012906e-05
1.32872681376e-05
1.32964695625e-05
1.33163593332e-05
1.33294037177e-05
1.33445729141e-05
1.33617963774e-05
1.33721590647e-05
1.33845309705e-05
1.33982915063e-05
1.34062914597e-05
1.34156346586e-05
1.342623299e-05
1.34386146583e-05
1.34446409411e-05
1.34518046429e-05
1.34606327236e-05
1.34631064154e-05
1.34745222958e-05
1.34795322948e-05
1.34775660535e-05
1.34849184135e-05
1.34858811795e-05
1.34875918768e-05
1.34899925776e-05
1.3494286354e-05
1.34915408818e-05
1.34893652674e-05
1.34883554788e-05
1.34884427069e-05
1.34814807792e-05
1.34823130604e-05
1.34773958719e-05
1.34727662234e-05
1.34611013846e-05
1.34582907678e-05
1.34484215818e-05
1.34458339611e-05
1.34368627248e-05
1.34286497958e-05
1.34211452117e-05
1.34066313513e-05
1.34004546005e-05
1.33872709448e-05
1.33739638348e-05
1.33687370449e-05
1.33571996138e-05
1.33453774532e-05
1.33280681068e-05
1.33170154289e-05
1.33062110912e-05
1.32898531174e-05
1.32729075545e-05
1.32632079511e-05
1.32470602236e-05
1.32300271653e-05
1.32143184539e-05
1.31975045329e-05
1.31802435638e-05
1.31632243579e-05
1.31463334501e-05
1.31219114991e-05
1.3104248279e-05
1.30848152376e-05
1.3059306619e-05
1.30393189423e-05
1.30123862133e-05
1.29906916893e-05
1.29619886446e-05
1.29335676262e-05
1.29083061902e-05
1.28776696951e-05
1.28462628082e-05
1.28131846562e-05
1.27844220281e-05
1.27494283407e-05
1.27142684023e-05
1.26771779741e-05
1.26390364729e-05
1.25998808773e-05
1.25596449882e-05
1.25230577957e-05
1.2480452824e-05
1.24367078893e-05
1.23916719516e-05
1.23455721606e-05
1.2298175712e-05
1.22495227854e-05
1.21997504586e-05
1.21486262971e-05
1.21004560807e-05
1.20468727736e-05
1.19919674327e-05
1.19358003746e-05
1.18783739385e-05
1.18235013218e-05
1.17635180057e-05
1.17021941604e-05
1.16395813736e-05
1.15792812691e-05
1.15140882251e-05
1.14476743767e-05
1.1383244456e-05
1.13142016698e-05
1.12471199537e-05
1.17391640812e-05
