metodo_1_dt_1:4
5.24808470314e-07
0.00418387689134
0.0041844579878
0.00418499353873
0.00418577322357
0.00418644722293
0.00418786289419
0.00418808509365
0.00418899988929
0.00418959829248
0.00419055501873
0.00419106876901
0.00419019608157
0.00419073067981
0.00419004150199
0.00419020076663
0.00418997626722
0.00418976639758
0.00418968785606
0.00419039585994
0.00419121627451
0.00419205480469
0.00419254133146
0.00419389639938
0.00419494136901
0.00419527024676
0.00419621665779
0.00419575526224
0.00419556427239
0.00419602683116
0.00419521131462
0.00419528120746
0.00419490824387
0.00419557043743
0.00419489868059
0.00419534005717
0.00419590089618
0.00419753745756
0.00419865136541
0.0041996071886
0.0041998659331
0.00420075852642
0.00420127190641
0.00420136217693
0.00420158588182
0.00420152645294
0.00420072513692
0.00420128784442
0.00420127233888
0.0042007728302
0.00420094678732
0.00420115800641
0.00420199730795
0.00420235092679
0.0042036947974
0.0042048645192
0.00420621995529
0.00420619428782
0.00420678154654
0.00420804597651
0.00420730547649
0.00420662329392
0.0042073389564
0.00420632346839
0.00420629400946
0.00420863144492
0.00420806392313
0.00420766803217
0.00420672762962
0.00420654162274
0.00420494864862
0.00421386155991
0.00421185908285
0.0042095562077
0.00421609864552
0.00421303343534
0.00420887055462
0.00421365375927
0.0042082808613
0.0042127206491
0.0042171464581
0.00421091089605
0.00421477165028
0.00420881564038
0.00421215168837
0.00421557220777
0.00421901460838
0.00422146257974
0.00421370625816
0.00421558980933
0.00421628882495
0.00421661311657
0.00421659227691
0.00421540559869
0.00421403957484
0.00422254217904
0.00422107574151
0.0042187798488
0.00421568780832
0.00422366818919
0.0042209227616
0.00421825762149
0.00422458359175
0.00422177725979
0.00422679592166
0.0042225160774
0.00422683638172
0.00422085240903
0.00422452013026
0.00422691333162
0.0042291261366
0.00422129212851
0.00422239478327
0.00422359621747
0.00422495526975
0.00422543121875
0.00422607267888
0.00422681032892
0.00422649953758
0.00422605714515
0.00423530207406
0.0042332200447
0.00423083757988
0.00422808655829
0.00423382795203
0.00423049123207
0.00423467722139
0.00423001995082
0.00423413724376
0.00422841678989
0.00423162965513
0.00423621001603
0.00422870946182
0.00423238839411
0.00423486180169
0.00423725045849
0.00423944507618
0.00424011293717
0.00424044245939
0.00424043172969
0.00423889968351
0.00423713973135
0.00423517988661
0.00424183356219
0.00423858531207
0.00423547121016
0.00424118187764
0.00423713776738
0.00424317747546
0.00423944475083
0.00424433807549
0.00423920822173
0.00424244170697
0.00424539022626
0.00424804102871
0.00425035214565
0.00425099260945
0.00424149901512
0.00424042912494
0.00425055120533
0.00424807107754
0.00424705414243
0.0042448522102
0.00424287735997
0.00425096079955
0.00424786857585
0.00424475560611
0.00425146948428
0.00424810716585
0.0042528829212
0.00425587651436
0.00425015360285
0.00425255482379
0.00425473740994
0.00425529213819
0.00425578059358
0.00425633906762
0.00425704281847
0.00425640519419
0.0042559779192
0.00425424472598
0.00425414393931
0.00425257068267
0.00425919618971
0.00425729353266
0.00426345912225
0.00425787029657
0.0042633998786
0.00425720945505
0.00425905121558
0.00426241149818
0.00426411399248
0.00425599046962
0.00425625363603
0.00425674192953
0.00425744895947
0.00425672801586
0.00426757834059
0.00426699124236
0.00426467310581
0.00426213969007
0.00426920811484
0.00426606817696
0.00427083842563
0.00426547453252
0.00426975661985
0.00426233539416
0.00426474678056
0.00426722586905
0.00426816252765
0.0042692531181
0.00427057909355
0.00427039287884
0.00427033334236
0.00427028675787
0.00427014392647
0.0042680349541
0.00427554418245
0.00427110887353
0.00427798719186
0.004271167144
0.00427578835303
0.00426866201911
0.00427133496545
0.00427407720883
0.00427512065351
0.00427643037426
0.00427795927167
0.00427783521126
0.00427782843826
0.00427785549159
0.00427783942281
0.00427575125475
0.00428320139089
0.0042786235654
0.00428359738794
0.00427850300878
0.00428302695594
0.00428549500126
0.00427816052807
0.00427879336725
0.00428153144071
0.00428250869733
0.00428178011494
0.00428326922789
0.00428292590763
0.00428059692476
0.00428998476301
0.0042874228966
0.00428458952768
0.00428927294108
0.004283843672
0.00428797520849
0.00429193563402
0.00428399118086
0.00428578152523
0.00428562916292
0.00428770802229
0.00428798920096
0.00428642981017
0.00428716380809
0.00429572440393
0.00429248942334
0.00429125302442
0.0042975243474
0.00429375405636
0.00429735255686
0.00430072098569
0.00429403325609
0.0042948050359
0.00429760906962
0.00429830156069
0.00429693791197
0.00429573878602
0.0042947692199
0.00429406926399
0.00430116307197
0.00429866818739
0.00429619810912
0.00430118549355
0.00430602286093
0.0043008704052
0.00430516914309
0.00430697341829
0.00430855104478
0.00430769058051
0.00430677881526
0.00430583461711
0.00430501207102
0.00430214222334
0.00429950183515
0.00430686689302
0.00430239910392
0.00430782539082
0.00430360979548
0.00430671514217
0.00430964484685
0.00431231684703
0.00431240585471
0.00431456863005
0.00431180750599
0.00431121208747
0.00430819589748
0.00431493378111
0.00431208266073
0.00430702614322
0.00431192725908
0.00431712323602
0.00431043979955
0.0043136112338
0.00431683512758
0.00431756394432
0.00431812388116
0.00431848102281
0.00431855039748
0.00431589426228
0.00432274194738
0.00431727577596
0.00432389349411
0.00431836683116
0.00432017766197
0.00431503324827
0.00431734371996
0.00431735806319
0.00432017554396
0.00432062247777
0.00432113611791
0.00432874172183
0.00432645797292
0.0043239681855
0.00433091977539
0.00432538120091
0.00432927948425
0.00432081022656
0.00432449962595
0.00432570090828
0.0043243935796
0.00432589729298
0.0043250829653
0.0043245657115
0.00433134569106
0.00432860484895
0.0043259043666
0.0043328044219
0.0043369340238
0.00433117515883
0.00433213489325
0.00433551772095
0.0043360268105
0.00433375436795
0.00433405150301
0.00433172328506
0.00433918889687
0.00433454551281
0.0043301829497
0.00433571682505
0.00434147540276
0.00433510808555
0.00433841273028
0.00433886998911
0.00434192736148
0.00434203718434
0.00433914138715
0.0043387489492
0.00434498339649
0.00434149556954
0.00434479193411
0.00433853478278
0.00434201452377
0.00434570389225
0.00433728204985
0.0043387993528
0.00433771770898
0.00434917772998
0.00434829593726
0.00434737200332
0.0043434847759
0.00434891235262
0.00435408297238
0.00434658088417
0.00435135361887
0.00435024265654
0.00435195230597
0.00435081934073
0.00434987064914
0.00434918355586
0.0043458545688
0.00435235192966
0.00434956538671
0.00435359859469
0.00435106012239
0.00435214155434
0.00435598273818
0.00435670567547
0.00435715644955
0.00435738645404
0.00435444324812
0.00436091789733
0.00435787481868
0.00435187289257
0.00435554181827
0.00435948416408
0.00435118138975
0.0043557365437
0.00435752005415
0.00435642324157
0.00435539433107
0.00436387788129
0.00436265600189
0.00435815494773
0.00436292883457
0.00436749096549
0.00436237557629
0.00436358219993
0.00436472638214
0.00436288932488
0.00436122427019
0.00435978914069
0.00436815376139
0.00436421477205
0.00437004659965
0.00436653502403
0.00436947574047
0.00437231193148
0.00436551778295
0.00436803071207
0.00436716506202
0.00437553657024
0.00437423288906
0.00436965585806
0.00437456656031
0.00437007647878
0.00437201319611
0.00437420924017
0.00437673038731
0.00437634311679
0.00437621201203
0.00437621637708
0.00437629844211
0.00437314043444
0.00437925785751
0.00437568158285
0.004378119556
0.00438031846538
0.00438235482803
0.00438425676704
0.00438286939145
0.00438159538416
0.00437722876271
0.00437638123731
0.0043820057772
0.00437516850142
0.00438136802675
0.00438443973423
0.00438422379195
0.00438723980385
0.00438681629097
0.00438617073976
0.00438532766453
0.00439030506047
0.00438566552456
0.00438703558358
0.00438233298342
0.00438373981822
0.0043853581212
0.00438383281925
0.00438265841331
0.00439116580317
0.00439050872176
0.0043866444577
0.00439224284852
0.00438840809511
0.00439036441695
0.0043921113763
0.00439360528727
0.0043949474906
0.00439264360726
0.00439961660344
0.00439374189036
0.0043914603236
0.00439526975176
0.00439587262657
0.0043908633286
0.00439208688033
0.00439357652431
0.00440109420402
0.00439928427918
0.00439741445992
0.00440476809448
0.00439906276967
0.00440245594264
0.00440562443001
0.00439575497653
0.00439514450351
0.00440391521173
0.00440337079149
0.00439949772387
0.00440525998164
0.00440199243136
0.00440479178397
0.00439849462623
0.00440172457218
0.00440142366924
0.00440106799756
0.00440985155224
0.00440911374978
0.0044045395776
0.00440908963288
0.0044134546382
0.00440478680166
0.00440542351761
0.00440620865023
0.00440717408879
0.00440475908682
0.00441194470106
0.00440652087455
0.00441431238205
0.00440929504476
0.00440990895037
0.00441416959307
0.00441460215403
0.0044148259219
0.00441112266532
0.00442015165579
0.00441607228252
0.00441747706823
0.00441332437972
0.00441481070846
0.00441276351772
0.00441474720118
0.00441333883719
0.00441217638127
0.00442057179852
0.00441611732454
0.00442094643374
0.00442573184501
0.00441732038397
0.00441793797325
0.00441835110031
0.00442781970869
0.00442406118484
0.00442022206687
0.00442563458746
0.00441813403353
0.00442004503375
0.00442221764792
0.00442091977199
0.00442377984
0.00441921340129
0.00442786112439
0.0044234527743
0.00442822530388
0.00442362905251
0.00442804727379
0.00442833789688
0.00442843911277
0.00442451583832
0.00443362105
0.00442961166839
0.00443102354567
0.00442735822544
0.00442928358594
0.0044315361941
0.0044301251852
0.00442898935652
0.0044280630977
0.00443633619365
0.00443138406827
0.00443548400827
0.00443937121488
0.00443384907964
0.00443336026467
0.00443267768331
0.0044411380494
0.00443644713021
0.00443190082709
0.0044366940069
0.00443778460972
0.00443920368326
0.00444096504738
0.00444294504903
0.00444108286024
0.00443923212178
0.00444649380811
0.00444040550119
0.00444324627863
0.00444583669552
0.00444827522506
0.0044464942955
0.00444461968758
0.00444278888907
0.00443698828912
0.00444054233848
0.00444440625683
0.00444856777607
0.00443985086902
0.00444961212155
0.00445043108959
0.00444716572646
0.00444380682818
0.00444939939446
0.00445480946217
0.00444675360105
0.00444761298271
0.00444413544291
0.00445385770482
0.00445038712789
0.00444700878717
0.00444876667013
0.00445086178795
0.00444416088706
0.00444687802172
0.00444567359882
0.00445367096773
0.00445262701707
0.0044515070141
0.00445512896154
0.00445850177752
0.00446163641953
0.0044603937213
0.00445899856355
0.00445752380729
0.00445183734302
0.00445534576157
0.00445002781047
0.00445408182978
0.00445417154383
0.00445457147954
0.00445525520287
0.00445607729553
0.00446168494876
0.00445815917337
0.00446350483896
0.00446439593051
0.00446503300352
0.00446545727625
0.00446144143019
0.00446168679216
0.00446235206932
0.00445844395409
0.00445942495993
0.00446506476509
0.00446240101531
0.00446433419589
0.00446217876221
0.00446917035694
0.00446720526484
0.00446980698577
0.00446320911594
0.00446539631843
0.00446300628667
0.00447378347459
0.00447105204261
0.00446385452913
0.0044700404079
0.00447201516314
0.00446523651461
0.00446331295859
0.00447069246599
0.0044693889303
0.00446834545531
0.00447641343017
0.00447108306255
0.00447463684797
0.00447360984696
0.00447232583752
0.00447083600224
0.00447807231918
0.00447624529024
0.00447884348249
0.00447252745694
0.00447080831962
0.00446931900498
0.00446813247633
0.00447621695058
0.00447567284378
0.00447975692054
0.00447509398678
0.00447484654449
0.00447903311882
0.00447851872077
0.00448668175934
0.00448118358055
0.00448442422387
0.00447857601979
0.00448158970473
0.00448007636462
0.00447872997997
0.00447763043821
0.00448569733016
0.00448061748944
0.00448478178516
0.00448027164256
0.00448020118345
0.00448010672941
0.00448879943601
0.00448846775762
0.00448331862204
0.00448680895147
0.00449006674159
0.00448860746407
0.00448706521909
0.00448559013574
0.0044842247238
0.00448732046718
0.00448189013783
0.00448565131115
0.0044850362484
0.00448929496805
0.00448903907155
0.00449299764461
0.00449264677351
0.0044962591292
0.0044908313951
0.00448935536255
0.00449234932206
0.004490528035
0.00449274876363
0.00449090310172
0.00449334072565
0.00449599150287
0.00448540447284
0.00448869086692
0.00449638144104
0.00449547936142
0.00448995128816
0.00449322045205
0.00449641564286
0.00449940444999
0.00449741854989
0.0044999581857
0.00449276914047
0.00449902722931
0.00449166845515
0.0044931169401
0.00449470306145
0.00449652693563
0.00449391932371
0.00450040401217
0.00449355446178
0.00450051522793
0.00450280973316
0.00450511287498
0.00450246840067
0.00450443496044
0.00450134959173
0.00450200312914
0.00450726635345
0.00450753255901
0.00450774670286
0.00450316287524
0.00450361835404
0.00449941247789
0.00450424538979
0.0045045634503
0.00450517121422
0.00450598169409
0.00450687222756
0.00450776629446
0.00451237847115
0.00450812203596
0.00450741764938
0.00451134369137
0.00451021846665
0.00450894786477
0.0045114145521
0.00450521396052
0.00450782542146
0.0045107304323
0.00450900554991
0.00451251130727
0.00451135987538
0.0045054660196
0.00451336479103
0.00451624842272
0.00451406051392
0.00451661564913
0.00451396004328
0.00451112829599
0.00451673694605
0.00450851442887
0.00451394135038
0.00450942320426
0.00451005985434
0.00451093075993
0.00451573697325
0.00450721530505
0.00451265516399
0.00451328582202
0.00451395467012
0.00451463895394
0.00452383847232
0.00451918517719
0.00452289355306
0.00451267650628
0.00451595478621
0.00452270694438
0.00452072797711
0.0045137650015
0.00452061414961
0.00452267080502
0.00451134235931
0.00451400505243
0.00452045489749
0.00451852207893
0.00451665485933
0.00451829797883
0.00451977015725
0.00452102689306
0.00452207885226
0.00451779250568
0.0045218536242
0.00451719255274
0.00452107916999
0.00451990815278
0.00451887393285
0.00451804450915
0.00452097344657
0.00452080508034
0.00452431906633
0.00452288701083
0.0045266461136
0.00452523780559
0.00452370285278
0.00452532350849
0.00453184559209
0.00452443078067
0.00452536763252
0.00452951349947
0.00452504285302
0.00452061447183
0.0045248922589
0.00452944481211
0.00452905507619
0.00452897966125
0.00452915597005
0.00452430613096
0.00452807085139
0.00453175701226
0.00453532095628
0.0045334002558
0.00453127982351
0.00452887494564
0.00453476824601
0.00453526679271
0.00452723470906
0.00452774193354
0.00453163016869
0.00452725105977
0.00453167756798
0.00452790135448
0.00453289327461
0.00453275667572
0.0045326844826
0.00453575360854
0.0045355154866
0.00453818782436
0.00454060086124
0.00452901505315
0.00453946407239
0.00453598819442
0.00453244228544
0.00453206021354
0.0045372070865
0.00453725031069
0.00453223685131
0.00453285869668
0.00453684292949
0.0045325589947
0.00453677830959
0.00453554319905
0.00453952931036
0.00453258635209
0.00453914543891
0.00454546807083
0.00453776679096
0.00453836395447
0.00453352557711
0.00454252441054
0.00453787381782
0.00454187161919
0.00454074089768
0.00453693529444
0.0045447804355
0.00453895895605
0.00453858333855
0.00454116778015
0.00454353514973
0.00454568392873
0.0045475550704
0.00454375142448
0.00454813499645
0.00453851599198
0.00454267757971
0.00454142690739
0.00454035175373
0.00453953185735
0.00454186959259
0.00453611458699
0.00453899377713
0.00454203125919
0.00453963354851
0.00454550975592
0.00454279948264
0.00454826420303
0.00454796976282
0.00454736938368
0.00454658292577
0.00454563312519
0.00454749394994
0.0045410249924
0.00454304446721
0.00454529668603
0.00454234430801
0.00454797785283
0.0045455423489
0.00454599206592
0.00455204197018
0.00455248485388
0.00454714683666
0.00454710889461
0.00454959728824
0.00455179495518
0.00455377067063
0.00455004775925
0.00455177859405
0.00454804547532
0.00454717268167
0.0045520976312
0.00455169875338
0.00455161212255
0.00455173232044
0.00454644163477
0.00454936942661
0.00455222453217
0.00455490669423
0.0045517233523
0.00454828422227
0.00455278797068
0.00455705570837
0.00454734766469
0.00454583388289
0.00455258723946
0.00455124000711
0.00455272154503
0.00454625643921
0.00454833195874
0.0045505672787
0.00454730419064
0.0045523129111
0.00455719775019
0.00455365063351
0.00455236918595
0.00455081724411
0.00455727212163
0.00455522802823
0.0045555665631
0.0045558488854
0.00455618360694
0.00455668212969
0.00455168436087
0.004555161957
0.00455891154912
0.00454898803643
0.00455310022685
0.00455966107109
0.00455790744005
0.00455842284691
0.00455868687506
0.00456438495857
0.00455829626474
0.00455775825261
0.00455950280415
0.00455301779999
0.00455471097575
0.00455655402906
0.00455288231054
0.00455767005568
0.00455451164921
0.00455396678446
0.0045592934141
0.00455887293703
0.00455831118828
0.00455986240815
0.00456117326752
0.00455982493119
0.00455476737601
0.00456341331426
0.00455792080889
0.0045605175467
0.00455504799081
0.00455783333974
0.00455504004406
0.00456058239997
0.00455831244724
0.00455854328666
0.0045646723396
0.00456492454326
0.00456506819299
0.00455916829276
0.00456692348994
0.00456042812545
0.00456170130269
0.00456501887546
0.004560088725
0.00456094784099
0.00455820560492
0.00456144338353
0.00455907858473
0.00456283244794
0.0045550499648
0.00456143081113
0.00456201682093
0.00456257764635
0.00456301263249
0.00456316245782
0.00456521217212
0.00456481572294
0.00456035667761
0.00456156891482
0.00455668640216
0.00456572103227
0.00456088142466
0.00455822762777
0.00456173841576
0.00455954920397
0.00456568134674
0.00455800781015
0.00456438456234
0.00456476882384
0.00456500100833
0.00456503721229
0.00456677895015
0.00456020295281
0.00456135568324
0.00456227339419
0.00456305364594
0.00456573985753
0.00456049167549
0.00456337566631
0.00456050906206
0.00456389150277
0.00456947875558
0.00456123873542
0.00456708886841
0.00456688288957
0.0045665089106
0.00456586219247
0.00456494891611
0.00456569098779
0.00456612195777
0.00456627524336
0.00456627449131
0.00456818125778
0.00456211838323
0.00456417869227
0.00456639590847
0.00456285137582
0.00455956662261
0.00456436356782
0.00456923722111
0.00456795821314
0.00456654742506
0.00456485168022
0.00457080283985
0.00456846659839
0.00456771263835
0.00456670791769
0.00456553240664
0.00456611976845
0.00455877956759
0.00456565389267
0.00456053561873
0.00456963943601
0.00456494236227
0.00456831957544
0.00456383630143
0.0045672356108
0.00456425645897
0.00456894591409
0.00456544368311
0.00456950427571
0.00456709729361
0.00456443052009
0.00456158151941
0.00456661159269
0.00457165466132
0.00457061476174
0.00456981915034
0.0045631101059
0.0045627812477
0.00456428903535
0.00456583332702
0.0045672791177
0.00456859684999
0.00457128714113
0.00456579558698
0.00456780120984
0.00456952032079
0.00456479845251
0.00456771322018
0.00457056323479
0.00456563650351
0.0045624270503
0.00456729550826
0.00456452788501
0.00456978307631
0.00456741514706
0.00456664411155
0.00456579452385
0.00457251567233
0.00456493998378
0.00457110105044
0.00457068823743
0.00456366403396
0.00457047392902
0.00456928741579
0.00456960509325
0.00456990816096
0.0045640878884
0.00456472843879
0.00456715157834
0.00456974949221
0.00457248873189
0.00456893767543
0.00456531574323
0.00457552869768
0.00456512438155
0.00456841160062
0.00456507673029
0.0045691989867
0.00456531139274
0.00456896703571
0.0045662408894
0.00456984703941
0.00456731470549
0.00456638327527
0.00456422218281
0.00456372060612
0.00456330775091
0.00457065236365
0.00456381388376
0.00457080700771
0.00457119686672
0.00457123111575
0.00456456850993
0.00457161670596
0.00456433017272
0.00456463707632
0.00456483010856
0.00456639115387
0.00456673588652
0.00456860726968
0.00456434872134
0.00456662047708
0.00456262818405
0.0045663060963
0.00456990984716
0.00456557157507
0.00456991670419
0.00457257849937
0.00456850838139
0.00456541620093
0.00456841341512
0.00456484600859
0.00456883322485
0.0045652124957
0.0045693860604
0.00456731302234
0.00456541005338
0.00456374927884
0.00456980702636
0.00456941369691
0.00456123829076
0.00456812000161
0.00456704711612
0.00457326890306
0.00456500475212
0.00456403808249
0.00456284617439
0.00456906133076
0.00456114721858
0.00456083735598
0.00456061245864
0.00456062336292
0.0045684855513
0.00456236856794
0.00456394630899
0.00456552150313
0.00456047324101
0.00456927197417
0.0045636223126
0.00456522071296
0.00456645232486
0.00456848771727
0.00456258860806
0.00457059656885
0.00456549712746
0.00456697047002
0.00456201946595
0.00455723814548
0.00456021458701
0.00456336343249
0.00456663238917
0.00456327862369
0.00456735121294
0.00457118179314
0.00456814410541
0.00457125377616
0.00456742991433
0.00457079534044
0.00455981496049
0.00456276508781
0.00455905203346
0.00456285079494
0.00455924948904
0.00455681844955
0.00456113226033
0.0045590184175
0.0045644796386
0.00456993123228
0.00456107544048
0.00455949791853
0.00456507218894
0.00456273094886
0.00456755820077
0.0045654229206
0.00456300864316
0.00456035924062
0.00456515689289
0.0045558862263
0.00456079397853
0.00455923914617
0.0045587712768
0.00455754905423
0.00455725419614
0.00456352712318
0.00456297671963
0.00456300570193
0.00456184440425
0.00456111913802
0.00455998665533
0.00455853290433
0.00456423240629
0.00456309502174
0.00455438451107
0.0045531364601
0.00455948344234
0.00455851131744
0.00455851273822
0.00455860960591
0.00455874033966
0.00455885788716
0.00455952492122
0.00455988874947
0.00455988855388
0.00455948113996
0.00455869514956
0.00455828555538
0.00455757334126
0.00455663139925
0.00455564055845
0.00455534107899
0.00456183953211
0.00455436662448
0.00456189318103
0.00455548771964
0.00455572763357
0.00455657729635
0.00455725669313
0.00455763939899
0.004558299101
0.00455787468824
0.00455769198009
0.00455720927781
0.00455705140866
0.00455599229794
0.00455551404101
0.00455501829418
0.00455460288125
0.00455436982234
0.00455489291885
0.00455554805565
0.00455619280395
0.00455672377956
0.00455708276977
0.00455769503963
0.0045578854357
0.00455771161239
0.00455711250095
0.00455670697066
0.00454866073676
0.00455448523884
0.00454671514817
0.00455300636928
0.00454525734627
0.00455178670713
0.00455167864237
0.00454488581053
0.00455218827508
0.0045452617837
0.00455220320912
0.00455208243629
0.00455201196023
0.00455101493448
0.00455009853911
0.00454881136645
0.00454725673162
0.00455272059587
0.00454392729416
0.00454930754748
0.00454794736147
0.00454671376428
0.00454602571233
0.00455229269353
0.00455172212029
0.0045510039292
0.00455005387735
0.00454916254415
0.00455473348483
0.00455303621039
0.00455086931086
0.00454834206766
0.00454588708705
0.00454321932165
0.00454728040672
0.00454450194559
0.00454216443378
0.00454678261007
0.0045447211159
0.00454270346999
0.00454063172159
0.00454571626619
0.00454361983313
0.00454118889817
0.00455246461757
0.00454225767802
0.00454575139751
0.00454197123538
0.00454473664675
0.0045475999273
0.00454308571063
0.00453894217391
0.00454174212886
0.00454497390386
0.0045410892382
0.00454448266234
0.00454093648721
0.00454414087243
0.0045401283034
0.0045429758042
0.00453846563109
0.00454043726139
0.00453503071473
0.00453639097708
0.00453741685946
0.0045382306232
0.0045389100228
0.00453258903791
0.00453356113459
0.00453464340102
0.00453579780513
0.00453007686411
0.00453838867051
0.00453959592816
0.00454056411333
0.00453414020622
0.00454137980925
0.00453404871992
0.0045334274083
0.00453238637815
0.0045381626387
0.00452955323617
0.00453498807392
0.00453338333346
0.00453183821152
0.00453056611667
0.00452919772616
0.00452801003102
0.00453393797881
0.00453250186242
0.00453789828807
0.00452878927988
0.00453335505709
0.00453755262925
0.00452715763447
0.00453046547628
0.00453345223787
0.00452916980389
0.00453186640688
0.0045273740165
0.00453004740396
0.00452585166432
0.00452168000374
0.00452465024905
0.00452752344096
0.00453019319442
0.00452553658716
0.00452749205848
0.00452899191769
0.0045300274773
0.0045235784971
0.00453083804753
0.00452355330872
0.00452311235464
0.0045225421821
0.00452195628079
0.00452138648994
0.0045279872708
0.00452048327163
0.00452716399747
0.004519629287
0.00452592588417
0.0045248496446
0.0045233660647
0.00452140533745
0.00452602712894
0.00451597696632
0.00451964645078
0.00452291274998
0.00451890595441
0.0045217651072
0.00451747414669
0.00452031862267
0.0045161511957
0.00451910616848
0.00451486794175
0.00451766415708
0.00451310395584
0.00452235539117
0.00452405587519
0.00451812209443
0.00451880043292
0.00451189437964
0.00451869951102
0.00451794813051
0.00450985657624
0.00450873610455
0.00451458914065
0.00451329919591
0.00451204961001
0.00451086948513
0.00450952683984
0.00451521414914
0.00451346079231
0.00451136623012
0.00450884932524
0.00451282411789
0.00450908087743
0.0045119961699
0.00451427114617
0.00450926617845
0.00450374772809
0.00450524605972
0.00450642991205
0.00450791386278
0.00450922400267
0.00450338662832
0.0045046617078
0.00450561233507
0.00450651359348
0.00450683603064
0.00450638089523
0.00450569334508
0.00451143134939
0.00450946869481
0.00450704183217
0.00450419795297
0.00450087524066
0.00449762858958
0.00450099240069
0.00449742073532
0.0044938442529
0.00449725463437
0.00450064192531
0.00449665780267
0.00449925096227
0.00450146560089
0.00450324401312
0.00450446067094
0.00449792610096
0.00449775453996
0.00449714357485
0.00449615297233
0.00449485063788
0.00449307347018
0.00449840096707
0.00449656654496
0.00449471489309
0.00449288230781
0.00449061051524
0.00449543364315
0.00449270644527
0.0044964442978
0.00449969894438
0.00449512020007
0.00449731720526
0.00449170681654
0.00449242577432
0.00449278489551
0.0044928663029
0.00448555690061
0.00448496676272
0.00449159926759
0.00449105121452
0.00448317960962
0.00448939162275
0.00448126673497
0.00448693946125
0.00449175962592
0.00448926377036
0.00448576243072
0.00448894180116
0.00448433008872
0.00448602799819
0.0044805649904
0.0044815878808
0.00447511536501
0.00448269935046
0.00447615472463
0.00447645870255
0.00447669039012
0.00448365520605
0.00447629364823
0.00447543523668
0.00448143647612
0.00447907331646
0.00447667066145
0.00448051021455
0.00447650800129
0.00447193715917
0.00447380095381
0.00447534570321
0.00447672158057
0.00447066813028
0.00447190088708
0.00447258599042
0.00447330186779
0.00447384430265
0.00447360092064
0.00447356227833
0.00447253127207
0.00447098946421
0.00447559936495
0.00446548327454
0.00446895723616
0.00446457427963
0.00446655804172
0.0044614246318
0.00446287537504
0.00446424810663
0.00446493245946
0.00446622800241
0.00446684979419
0.00446738727291
0.00446027531627
0.00446691204739
0.00446571249643
0.00446395363966
0.00446159658951
0.00445867366333
0.00446189481048
0.00446459939774
0.00445948330809
0.00446083900844
0.00445522135077
0.00445621879528
0.00445643876103
0.0044573890818
0.0044575762908
0.00445761453389
0.00445735153868
0.00445674422288
0.00445498813474
0.00446002818295
0.0044570752312
0.00445346895601
0.00445602081748
0.00445065487519
0.00445225398576
0.00444608688835
0.00444640773128
0.00444665471514
0.00444681283948
0.0044469487062
0.00444619031162
0.00445277723873
0.00445165781431
0.00445011008833
0.00445472945037
0.00444465671846
0.00444815483343
0.00445017669033
0.00444497417662
0.00444585638771
0.00444637077898
0.00443909043997
0.00443822966823
0.00444468094133
0.00444360913265
0.00444257159712
0.00443390579052
0.0044391986388
0.0044366755562
0.00443379706779
0.00443704787567
0.00443969194713
0.0044416679427
0.00444305018795
0.00443640084539
0.00443578616772
0.00443475896514
0.0044333344282
0.00443836090264
0.00442917066019
0.00442648339106
0.0044312270976
0.00442747261197
0.00443107301058
0.00442773904793
0.00442966965902
0.00443192979149
0.00443273978062
0.00443291241364
0.00443242862085
0.00442381129834
0.00442873916311
0.00442578193557
0.00442242613619
0.00441885257961
0.0044216726788
0.00442445870429
0.00441966085447
0.00442130350656
0.00442365881539
0.00441720193422
0.00441785849061
0.00442455210547
0.00441648657938
0.00442188126077
0.00441910134043
0.00442227173249
0.00441828514071
0.00441289383621
0.00441468280079
0.00441521658278
0.00440907873652
0.00440940485807
0.00440957620133
0.00441622528021
0.00440855654275
0.0044070600494
0.0044126510905
0.00441663119677
0.00440590856555
0.00440866978005
0.00440962456455
0.00441105137449
0.00441087265307
0.00440368524804
0.00440920181782
0.00440793255359
0.00440542972681
0.00439639612179
0.00440779778632
0.00440494381118
0.004400803529
0.00439737373442
0.00440645533407
0.00440089139899
0.00440114858586
0.00440073102084
0.00439969642342
0.00439797817342
0.00440217553591
0.00439830435428
0.00439409808746
0.00438960518563
0.00439144717307
0.00439316193258
0.00439475710483
0.00438859077023
0.00438869514307
0.00439595130114
0.00439512445547
0.00438606732143
0.00439046780276
0.00439418470737
0.0043895569916
0.00439072725876
0.00438490147634
0.00438504953781
0.00438479601647
0.0043831305482
0.00438887545924
0.00438693075386
0.00438485470746
0.00438255785611
0.00437878904374
0.0043822732436
0.0043776014855
0.00438637976006
0.00438043188013
0.00438015923256
0.00437927769338
0.00437646679794
0.00438071505375
0.00437681436634
0.00437254540086
0.0043680184194
0.00436970079063
0.00437125847555
0.00436499533976
0.00437265471941
0.00437229572663
0.00437155158179
0.00437024771696
0.00436835049079
0.00437216730966
0.00436755716531
0.00436866105184
0.00436266808483
0.00436252063447
0.00436184640914
0.00436078735037
0.00436583001553
0.00436301579098
0.00436005176878
0.00435691394952
0.00435997107318
0.00436265487942
0.0043649356483
0.00435900957488
0.00435877238049
0.0043655293626
0.00436385700404
0.0043537782276
0.00435706703008
0.00435972314981
0.00435417722883
0.00434831166682
0.00434843915514
0.00434840459733
0.00434818300564
0.00434781251335
0.00434581497297
0.00435126117505
0.00434847035535
0.00435146498341
0.00434746554513
0.00434140701502
0.00434859068013
0.00434872801116
0.00434681706573
0.00434428931639
0.00434123589012
0.00434408543005
0.00433258017162
0.00433498256716
0.0043357603192
0.00433776877618
0.00433806596898
0.00433806863511
0.00433618042246
0.00433511796829
0.00433965974739
0.00433572067223
0.00433105126238
0.00433197127338
0.0043321193959
0.00433169418933
0.00433070018358
0.00432790530969
0.00432477974198
0.00432140409243
0.00432414741153
0.00432040436537
0.00432272861343
0.00432462741875
0.00432451688452
0.00432387562734
0.00433031218675
0.0043282029791
0.00431749130811
0.00432010462013
0.00432207530999
0.00431559976019
0.00431482726452
0.00432143938016
0.00431994219169
0.00431046590635
0.00431478921909
0.00431891022718
0.00431495682642
0.00431063709285
0.0043120629851
0.00431287352037
0.00431291795256
0.00431224132021
0.00430920228896
0.00431322709411
0.00430864301349
0.00430348121648
0.00430403099017
0.00430414974374
0.00430397729187
0.00430192045698
0.00430122119698
0.00429880187474
0.00430222494334
0.00429903896577
0.00430154947231
0.00429561438676
0.00429676975783
0.00429552411963
0.00430125842407
0.00429841899867
0.00429490630826
0.00429688621365
0.00429053733056
0.00429149570488
0.00428437926953
0.00429104043264
0.00428961840598
0.00428793347884
0.00429214290253
0.00560224159446
