metodo_2_dt_1:4
3.00653240312e-06
0.00969127457473
0.00969545754276
0.00969981144777
0.00970345290821
0.00970743687206
0.00971086934622
0.00971630183686
0.00971892796089
0.0097238237313
0.00972857981923
0.00973228480904
0.00973595350179
0.00973867326235
0.00974438017086
0.00974934232194
0.00975358241034
0.00975712303262
0.00976319521144
0.00976448936805
0.00977274358673
0.00977621536161
0.00978165697352
0.00978663280896
0.00979017821757
0.00979593082323
0.00980030118849
0.00980323603752
0.00980761898476
0.00981148769558
0.00981691360812
0.00982086108543
0.00982644092973
0.00983046228616
0.0098352387199
0.00984265547528
0.00984748243734
0.00984957892707
0.00985777738359
0.00985861935795
0.00986470343647
0.00987242571708
0.00987615184241
0.0098813591748
0.00988227251431
0.00988936782266
0.00989108170489
0.00989895816549
0.00990119058638
0.00990951811095
0.00991187700766
0.0099141039701
0.0099205232419
0.00992663561188
0.00993144129564
0.00993560645347
0.00993810324247
0.00994433356474
0.00994860031757
0.00995068098497
0.00995609338582
0.0099581197951
0.00996317814683
0.00996522720614
0.009969932392
0.00997554741556
0.00997743525365
0.00998058550723
0.00998323094059
0.00999378913878
0.0099924246044
0.00999844639836
0.00999822562396
0.0100034008771
0.0100066112691
0.0100068115156
0.0100104959703
0.0100089970356
0.0100079163838
0.0100211867059
0.0100120289
0.0100217564617
0.0100142526979
0.0100234734792
0.0100201189623
0.0100244440719
0.0100281481501
0.0100301819169
0.0100294959766
0.0100320435834
0.0100303996792
0.0100311628308
0.0100331742291
0.0100306247567
0.0100346346196
0.0100326318127
0.0100295918223
0.0100325364686
0.0100269749835
0.010026587464
0.0100293954147
0.0100299407427
0.0100263785135
0.010024797779
0.0100247563013
0.0100202592707
0.0100165386648
0.0100186555628
0.0100152187466
0.0100097825023
0.010010444544
0.0100029541921
0.00999915915962
0.0099993711758
0.00999555325277
0.00998976268139
0.00998734944867
0.00999311915545
0.00999517570241
0.0100057581773
0.0100181239989
0.0100377243056
0.010058841058
0.0100823436818
0.0101074913046
0.0101403913284
0.0101791662841
0.010220593177
0.0102688004355
0.0103246177314
0.0103818879905
0.010447082126
0.010516290565
0.0105959185657
0.0106846823573
0.0107774934499
0.010878336417
0.010991341118
0.0111106348958
0.0112387242606
0.0113791229177
0.0115284140496
0.0116892389257
0.0118606885052
0.0120441299601
0.0122399607281
0.0124463333401
0.0126663724814
0.0128995018458
0.0131450725454
0.0134040313528
0.0136777697572
0.0139647036842
0.0142650381309
0.0145806464702
0.0149095027581
0.0152550069109
0.0156134800031
0.0159880178412
0.0163763986792
0.0167783406015
0.0171996082234
0.017631551974
0.018080319311
0.0185461721886
0.0190257065193
0.0195186961639
0.0200291390626
0.0205572002081
0.0210988362271
0.0216536506317
0.0222259542026
0.0228124496757
0.0234104803787
0.0240275741239
0.0246620807506
0.0253092109509
0.0259743379388
0.0266523326758
0.0273427384113
0.0280567074269
0.0287764000579
0.0295138639783
0.0302690106659
0.0310424676718
0.0318265662645
0.0326222835427
0.0334416458748
0.0342713246218
0.0351115009139
0.0359755199398
0.0368486766888
0.0377392489424
0.0386456039731
0.0395687562845
0.0405000067787
0.0414543761022
0.0424166257826
0.043401434408
0.0443937933392
0.0454080654853
0.0464288879925
0.047471483216
0.048527300442
0.0495964210917
0.0506777916107
0.0517799439259
0.0528944822205
0.0540284232042
0.0551732321038
0.0563288245293
0.0575023866495
0.0586949103455
0.0598956179296
0.0611137290973
0.0623487106382
0.0636000186617
0.0648666572637
0.0661393849834
0.0674357573846
0.0687369131791
0.0700605447278
0.0713968525184
0.0727451657502
0.0741141355971
0.0754937914183
0.0768834137057
0.0782917012825
0.0797180001732
0.0811521341766
0.0826028402123
0.0840694095797
0.0855415175602
0.0870375578626
0.0885469300432
0.0900693849913
0.0916035888632
0.0931487403136
0.0947139826351
0.0962887601501
0.0978815442785
0.0994915474641
0.10110929848
0.102731193988
0.104381512335
0.106039584454
0.107710682228
0.109395012206
0.111094261574
0.112804609309
0.114529934439
0.116266433813
0.118016486855
0.119779785998
0.121554448061
0.123343078891
0.12514463038
0.126957435517
0.128783618518
0.130621457723
0.132471896704
0.134334898566
0.13620944394
0.138095555107
0.139993975528
0.141904616076
0.143826279245
0.145759082426
0.147704678397
0.149659890548
0.151627548751
0.153606176596
0.155595367492
0.15759643272
0.159607642276
0.161630677897
0.163663486334
0.165705726192
0.167759632517
0.169823657338
0.17189795373
0.17398248126
0.176076569018
0.178178949814
0.180293120043
0.182417100117
0.184549909278
0.186691300327
0.188842011039
0.191002072275
0.193171162158
0.195349058298
0.197534574817
0.199731024974
0.201933188585
0.204146049039
0.206365026753
0.208593521953
0.210830554769
0.213072898256
0.215325419592
0.217582734607
0.219850990566
0.222123532559
0.224404332138
0.226692278394
0.228987207043
0.231286208217
0.233596388923
0.235909224004
0.238230074459
0.24055385861
0.242888310244
0.245226120473
0.247571101919
0.249917881523
0.252275703535
0.254635638165
0.257002157705
0.259370485352
0.26174487961
0.26412541756
0.266511905445
0.268899444694
0.271292608914
0.273691297742
0.276090372429
0.278499773517
0.280909093579
0.283323378781
0.285737014105
0.288155091621
0.290577785756
0.293003931519
0.295434934278
0.297868877508
0.300301343793
0.302736893542
0.305175246016
0.307616116102
0.310060007135
0.312505814362
0.314954017676
0.317404289103
0.319855518874
0.322307379288
0.324761066351
0.327214687316
0.329669402517
0.332129944979
0.334583510579
0.337043013781
0.339501433837
0.341957635091
0.344419582352
0.346879313862
0.349336396974
0.351797478884
0.35425442985
0.356708192562
0.359171420193
0.361623402134
0.364084217507
0.36653953422
0.368988838503
0.37144666621
0.373897638553
0.376348198947
0.378797965579
0.381247180417
0.383687635034
0.386133166853
0.388577475627
0.391018254263
0.393455668078
0.395889248152
0.398318513339
0.400751087814
0.403177860789
0.405598901598
0.408021366117
0.410444859702
0.412862212057
0.415228822212
0.417546939675
0.419821388484
0.42204783154
0.424215268863
0.42634488101
0.428417171807
0.430445978296
0.432420761661
0.434356461574
0.436241960691
0.438093237939
0.439890943061
0.441660164342
0.443381939221
0.44507264289
0.446723351739
0.448349858696
0.449944118501
0.451515624447
0.453051236077
0.454582633283
0.456091880822
0.45758218178
0.459063341343
0.460538889758
0.462022597235
0.463492435371
0.464976322129
0.466469769537
0.467982079847
0.469510925797
0.471066013315
0.472654052377
0.474279667757
0.475944429248
0.477652781627
0.479426336687
0.481250547364
0.483142493595
0.485115377351
0.487166962114
0.489302378608
0.491540363519
0.493879707953
0.496326682018
0.498899153259
0.501598367729
0.504430020016
0.50741339848
0.510548103878
0.513848045194
0.517319927123
0.520970345732
0.524819425146
0.528867071169
0.533121116505
0.537601885963
0.542316540621
0.547264739822
0.552466834381
0.557938853742
0.563678440153
0.569700408901
0.576011187495
0.582632267843
0.589570375357
0.596831162721
0.604421072502
0.612369532361
0.620667048646
0.629333951884
0.638376500086
0.647816415213
0.657651702621
0.667898722043
0.678567899878
0.689669623264
0.701215691718
0.713217654945
0.725685140567
0.738630476153
0.752065708543
0.766002888862
0.780451541788
0.795426640409
0.810937897859
0.827000938578
0.843625253331
0.860826246977
0.878616784597
0.897009410746
0.916018583623
0.935658451896
0.955943000284
0.976887192691
0.99850539451
1.02081130811
1.04382025863
1.06754665515
1.09200393396
1.11720651643
1.14316679525
1.16989475276
1.19740131354
1.2256945005
1.25477933536
1.28465744617
1.31532762412
1.34678102881
1.37900567514
1.41197999041
1.4456725855
1.48004541772
1.51504511561
1.55060505137
1.5866461015
1.62307036403
1.65976586755
1.69660472602
1.73344310044
1.77012557797
1.80648799377
1.84236245913
1.87758273341
1.91198963037
1.94543866335
1.97780007279
2.00896848036
2.03886373808
2.06742625187
2.09462311002
2.12044349388
2.14489313522
2.16799621659
2.18978726885
2.21031223497
2.2296222777
2.24777181012
2.26481965187
2.28082337622
2.29583997575
2.30992669789
2.32313232177
2.33551606219
2.34712342675
2.35799561784
2.36816809875
2.37769542354
2.38661206237
2.39494035791
2.40271562498
2.40997941269
2.41673628207
2.4230233289
2.42886765528
2.43427708234
2.43927531784
2.44388544248
2.4481214983
2.45198639982
2.4555110279
2.45869702502
2.46155567953
2.46410767428
2.46635366983
2.46830451755
2.46996124382
2.47135233697
2.47246030174
2.4733041488
2.47388540627
2.47421328045
2.47429888166
2.47413319156
2.4737168452
2.47307979071
2.47219398761
2.47108955415
2.46975774083
2.46819033542
2.46640769583
2.46440209117
2.46218408158
2.45974589968
2.45708901092
2.45422503736
2.45114604846
2.4478635564
2.44436007602
2.44065735011
2.43674745888
2.43263284966
2.42830570318
2.42377836339
2.41904325397
2.41411273721
2.4089694661
2.40362580969
2.39808441309
2.39233795943
2.38639903811
2.38025033835
2.37390457161
2.36735449
2.36061383524
2.35367135716
2.34653084867
2.33919312669
2.33165997178
2.32393120908
2.31600966934
2.30789416647
2.29958755741
2.29109067857
2.28240639212
2.27353554633
2.26448100232
2.25524574228
2.24583160506
2.23624155615
2.2264816109
2.21655273473
2.20646207646
2.1962126808
2.18581189497
2.17526497523
2.16458038308
2.15376566636
2.14282856625
2.13178103042
2.12063327564
2.10939662321
2.09808690188
2.08671804573
2.07530671279
2.06387363403
2.05243841135
2.0410240598
2.02965837463
2.01836774074
2.00718559025
1.99614710473
1.9852918169
1.97466220046
1.96430715515
1.95427874108
1.94463789749
1.93544590386
1.92677693748
1.91870886566
1.91132640287
1.90472310993
1.89900331549
1.89427595485
1.89066218425
1.88828921984
1.88729458718
1.88782249147
1.89002179291
1.89404484118
1.9000470893
1.90817850817
1.91857785631
1.93137099182
1.94665652592
1.96450366518
1.98493405969
2.0079206557
2.03337294892
2.06113657032
2.09099220484
2.12265630703
2.15579480023
2.19003900524
2.225000924
2.26029733023
2.29556172555
2.3304633725
2.36471722298
2.39808440757
2.43037664077
2.46145159648
2.49120789239
2.51957901765
2.54652907638
2.57204616681
2.59613226325
2.6188084452
2.64010133771
2.660045685
2.67868094825
2.69605692814
2.71220141077
2.72716857971
2.7409897505
2.75372351258
2.76539621025
2.77605263635
2.78572549597
2.79444672525
2.80225651932
2.80918476565
2.81524000903
2.82047035976
2.82490299717
2.82853534541
2.83141321831
2.83354323838
2.83495085639
2.83564164915
2.83564025519
2.8349618107
2.8336107026
2.8316109547
2.82895689983
2.82567170139
2.82175907828
2.81723090605
2.81209131962
2.80634185752
2.79998507178
2.7930437737
2.78550752886
2.77738342478
2.76867387732
2.7593813123
2.74950664735
2.73905302122
2.72802030263
2.71640870693
2.70421831376
2.6914490031
2.67810003211
2.66417090474
2.64966118717
2.63456907969
2.61889515776
2.60263744
2.58579534876
2.56836974563
2.55036101626
2.53176962994
2.51259831573
2.49285066975
2.47253340882
2.45165185966
2.43021591195
2.40824053197
2.38574141897
2.36273975788
2.33926415159
2.3153484686
2.29103579302
2.26637871495
2.24144428072
2.21631273855
2.19108123035
2.16587139797
2.14082742639
2.11612453774
2.0919739489
2.06862126195
2.04636320552
2.02553750599
2.00653462413
1.98978968716
1.97577389741
1.96498190383
1.95790224755
1.95497749085
1.95656254378
1.96287448134
1.97394513467
1.98959630177
2.00944262912
2.03291695008
2.05932769134
2.08792095084
2.11794615573
2.14870624458
2.17958732441
2.21007755666
2.23976532584
2.26833161537
2.29554017382
2.32121874873
2.34525235706
2.36756442854
2.38811315853
2.406877043
2.42385337604
2.43905191564
2.4524874137
2.46418398908
2.47416311067
2.48245215673
2.4890757854
2.49405775292
2.49742067468
2.49918428827
2.4993671082
2.49798244348
2.49504219999
2.49055425286
2.48452606097
2.47695762223
2.46784917812
2.45719551141
2.44498979344
2.43122288539
2.41588060752
2.39894976708
2.38041180234
2.36025093902
2.33844833517
2.31498804649
2.28985693012
2.26304845636
2.23456358784
2.20442017025
2.17265912574
2.13935090038
2.10461218192
2.06862516696
2.0316600551
1.99410831503
1.95652017492
1.91965279793
1.88451568356
1.85239114388
1.82481838162
1.8034882619
1.79002639594
1.78565820437
1.79087270143
1.80520994574
1.82731254542
1.8552093375
1.88670583562
1.91970651865
1.95241344625
1.98338084198
2.01150169455
2.0359410596
2.05606832499
2.07139595704
2.08152296447
2.08609705509
2.0847798458
2.07722529941
2.06307311793
2.04194292709
2.01347310081
1.97740107911
1.93378185528
1.88347861011
1.82926262675
1.77813986932
1.74524044445
1.75585620251
1.82648994167
6.29533363847
6.36295119815
6.4307078512
6.49857392002
6.5665615154
6.63464477028
6.70283651552
6.77111966296
6.83949377912
6.90795329048
6.97648475564
7.04508559779
7.1137542328
7.18249674799
7.2512866392
7.32013955071
7.38903980709
7.45798948691
7.52697696338
7.59600697106
7.66507620902
7.73418165224
7.80331247242
7.87247388598
7.9416571457
8.01087201112
8.08010391615
8.14934891457
8.2186206394
8.28790154977
8.35719756956
8.42649923333
8.49582051625
8.56514440122
8.63448493096
8.70381896279
8.77315817932
8.84250392629
8.91185392827
8.98120610408
9.05055431214
9.11990423017
9.18925515848
9.25860647292
9.32794348982
9.39729399248
9.46663589465
9.53596984673
9.60530870548
9.67463905471
9.74396656709
9.81329272884
9.88260925837
9.95192363141
10.0212432994
10.0905536074
10.1598547317
10.2291616851
10.2984673065
10.367757848
10.4370618586
10.5063515547
10.5756482488
10.6449388732
10.7142307464
10.7835239685
10.8528201048
10.92211203
10.991414995
11.0607151614
11.1300205581
11.1993250817
11.2686433053
11.3379691686
11.4072966916
11.476640531
11.5459806375
11.6153389777
11.6847099294
11.7540869729
11.823485324
11.8928921405
11.9623154749
12.0317563744
12.1012159888
12.1706883095
12.240188808
12.3097043676
12.379243473
12.4488070622
12.5183893614
12.5880416297
12.6576580746
12.7272971569
12.7970382959
12.8667476419
12.9364835226
13.0063252794
13.076132297
13.1460548517
13.2159384087
13.2858622998
13.3558916038
13.4259002587
13.4959533971
13.5660524409
13.6362693507
13.7064572295
13.7767022863
13.8470693825
13.9174117758
13.9878156118
14.0582681353
14.1288482802
14.1994237051
14.2700520878
14.3407419497
14.4114946911
14.4823892064
14.5532720339
14.6242220315
14.6952619252
14.7663220613
14.8375238239
14.9087992778
14.9800778125
15.0515031052
15.122934233
15.1944437028
15.2661041591
15.3378446351
15.4095974493
15.4815053082
15.5534270903
15.6254353927
15.6976027612
15.7697879995
15.8420636983
15.9145023884
15.9870328919
16.0595875856
16.1323091136
16.2050561291
16.2779011587
16.3509167487
16.4239614517
16.4971077855
16.570356928
16.6437813474
16.7172395825
16.7908040724
16.8645472362
16.9383275503
17.0122174512
17.0862179868
17.1604015009
17.2346264498
17.3089651478
17.383418576
17.45805904
17.5327449377
17.6075484982
17.6824706328
17.7575835526
17.8327456293
17.9080289748
17.9834344968
18.0589630151
18.1346865439
18.2104635012
18.2862956639
18.3623242047
18.4384796507
18.5148339471
18.5912454077
18.6677859481
18.7444561935
18.8212568408
18.8982595993
18.9753228481
19.0525183354
19.1297762978
19.207237905
19.2848333652
19.3625632149
19.4404990197
19.5184991007
19.5966349952
19.6749071387
19.7532455881
19.8317914457
19.9104747413
19.9893668007
20.0683260134
20.1474237006
20.2265896645
20.3059651014
20.3854798318
20.4651340984
20.5449281245
20.6249329867
20.7049365885
20.7851510223
20.8655059231
20.9460014435
21.026637652
21.1073440763
21.188261958
21.2693207794
21.3505205816
21.431861366
21.5133432684
21.5949660595
21.6767298216
21.7586345094
21.8406093613
21.9227956861
22.0051227014
22.0875902958
22.1701275939
22.252875915
22.3357644076
22.4187928752
22.5018903324
22.5851981533
22.6686453123
22.7522316175
22.8358859563
22.9197497359
23.0038223506
23.0879624911
23.1721694791
23.256584755
23.3411370888
23.4257552586
23.5105807078
23.5955421347
23.6806391961
23.7658005129
23.8511675614
23.9366690123
24.0222333988
24.1080022851
24.1939042124
24.2798676722
24.3660342517
24.4523324085
24.5387616822
24.6252504636
24.7119403695
24.7987597999
24.8856371109
24.9727139401
25.0599186114
25.1471794907
25.2345678745
25.3221526803
25.4097918548
25.4976270541
25.5855154231
25.6735985667
25.7618047595
25.8500621573
25.9385124653
26.0270838303
26.1157044292
26.2045159614
26.2934465328
26.3824243022
26.4715909206
26.5608033119
26.6502031972
26.739718621
26.829277664
26.9190220578
27.0088096563
27.0987088296
27.1887911564
27.2789133772
27.369217238
27.4596307431
27.5500818986
27.6407123947
27.7313789744
27.8222233918
27.9131735704
28.0041574806
28.0952467372
28.1864382605
28.2778036843
28.3692709
28.4607678499
28.5524362696
28.6441328009
28.7359991973
28.8278920504
28.9199531103
29.0120401662
29.1042213367
29.1965682343
29.2889374939
29.3814707934
29.4740247645
29.5667411185
29.6595477385
29.7523725094
29.8452870119
29.9382880927
30.0314473447
30.1246213428
30.2179517859
30.3112952942
30.4047935348
30.4983042548
30.5918956111
30.6856391199
30.7793914218
30.8732941501
30.9672039568
31.0612624594
31.1552561633
31.2494669849
31.3436814485
31.4380411368
31.5324027469
31.6269078421
31.7214131379
31.8159899831
31.910635496
32.0054210095
32.1002032805
32.1951238083
32.2901105407
32.3850212196
32.4801377623
32.5752467631
32.6704896593
32.7657232967
32.8610890858
32.9563736282
33.0518588449
33.147331356
33.2429325538
33.3385193558
33.4341627726
33.5298603917
33.6256832007
33.7214882046
33.8174166631
33.9132552603
34.0092148805
34.1052953762
34.2013538271
34.2975314062
34.3936148468
34.4898860861
34.5861319087
34.6824933942
34.7788278032
34.875205719
34.9716253125
35.0681571567
35.1646585449
35.2612704932
35.3577798282
35.4544685014
35.5511234176
35.6478854509
35.7446120949
35.8413027824
35.9381686246
36.0349965932
36.131927449
36.2287481907
36.3257407651
36.4226922002
36.5197431611
36.6167513779
36.713786777
36.8108484723
36.9079356721
37.0051182628
37.1021833169
37.1994127961
37.296593901
37.3938670656
37.4910194425
37.5882624183
37.6855950026
37.7828752229
37.8801725156
37.9774867315
38.074887265
38.1722322703
38.2695205864
38.3669636874
38.4643489187
38.5618164283
38.6591535491
38.7566422683
38.8540700559
38.9515065206
39.0489501578
39.1464015915
39.2439296676
39.3413929434
39.4388601718
39.5363321959
39.6338074212
39.7313553391
39.8287635008
39.9263139101
40.0237942615
40.1212027279
40.2187511759
40.3162273058
40.4137706015
40.5111688029
40.6086338361
40.7061637396
40.8036176219
40.901063413
40.998503093
41.095934546
41.1933555791
41.29076833
41.3882405651
41.4856316661
41.5829393004
41.6803756242
41.7777286309
41.8750657513
41.9723896674
42.0696979718
42.167059659
42.2642628421
42.3615198093
42.4588279431
42.5559753704
42.653244121
42.7504224769
42.8475076
42.944711911
43.0418236912
43.138911878
43.2359734152
43.3330121922
43.4300946933
43.5270093221
43.6239686408
43.7209695232
43.8178003744
43.9146738886
44.0115867509
44.1083275044
44.2051781664
44.3019273896
44.3986437894
44.4953238342
44.5919725056
44.6885862674
44.7851614795
44.8817033361
44.9782082435
45.0746723688
45.1711012377
45.2674910642
45.3638379549
45.4601476361
45.5564852608
45.6526397433
45.7488241266
45.8450343682
45.9410594084
46.0371124228
46.1331891738
46.2290787269
46.3249943084
46.4209315503
46.5166796114
46.6124517358
46.70824349
46.8038440448
46.8994667608
46.9951070561
47.0905541797
47.1860215759
47.2815044816
47.3767922731
47.4720984464
47.5674181049
47.6625407205
47.7576798087
47.8528303873
47.9477819921
48.0427482068
48.1376509695
48.2324987316
48.3272863101
48.4220084011
48.5166736928
48.6112769153
48.7058126124
48.8002897587
48.8947029485
48.9890465892
49.0833299429
49.1775474677
49.2716934341
49.3657773929
49.4597204022
49.5537363853
49.6476153926
49.7413515401
49.835090874
49.9288273661
50.0223511581
50.1158763849
50.2093968807
50.3027028724
50.3960085638
50.4892341361
50.5823904483
50.6754712267
50.7684699614
50.8613978044
50.9542483445
51.0470149337
51.1397090181
51.2322503336
51.3247856918
51.4173083304
51.5096088517
51.6019017589
51.6941801521
51.7862347216
51.8782800401
51.9702351868
52.0621125903
52.1539052277
52.2455386051
52.3372272895
52.4286882496
52.5201362049
52.6115638436
52.7027621079
52.7939458019
52.8850403575
52.9760381666
53.0669527437
53.1577023837
53.2485019309
53.339142608
53.4296167019
53.5200721682
53.6104269015
53.7006950628
53.7908688273
53.8809401662
53.9709235824
54.0607366632
54.1505277186
54.2402886095
54.3298108735
54.4193096886
54.5087022761
54.5980038154
54.6872060212
54.7762338449
54.865302506
54.9541291952
55.0429292835
55.1316942059
55.2202157694
55.3087094299
55.3970253168
55.4853788437
55.5735620548
55.6615660901
55.7495401316
55.8374003997
55.9251635501
56.0127457634
56.100362589
56.1878062945
56.2750677524
56.3622964689
56.4494082306
56.5364203491
56.6233236097
56.7100425582
56.7967929631
56.8832922343
56.9697562323
57.0560343578
57.1423424745
57.2284732242
57.3144169873
57.4003238634
57.4861088502
57.5717904667
57.6573589979
57.742804554
57.8281459282
57.9132979323
57.9984109594
58.0833996304
58.1682831221
58.2530514478
58.3376288619
58.4222316042
58.5065772688
58.5908822148
58.674995148
58.7591323913
58.84301162
58.9268492899
59.0105695813
59.0941620208
59.1776469225
59.2609381613
59.3441869237
59.4273069056
59.5103188095
59.5932120378
59.6759106566
59.7586312844
59.8410917648
59.9235088335
60.005730685
60.0879740373
60.1699568077
60.251895803
60.3337150619
60.4153385421
60.496983087
60.5783666771
60.6597062716
60.7408498057
60.8220142375
60.9029175835
60.9837769168
61.0645161796
61.1451240731
61.2256232021
61.3059261594
61.3861853078
61.4663130842
61.5463324476
61.6261558199
61.705935722
61.7856606986
61.8651252356
61.9445466954
62.0237726091
62.1029557551
62.1820081737
62.2609536059
62.3397040681
62.418412535
62.4969908541
62.5754631202
62.6537411863
62.7319781947
62.8100979548
62.8880886029
62.9659746391
63.0436677211
63.1213212161
63.1988466506
63.2762688537
63.3534993347
63.4306916523
63.5076929311
63.5847210314
63.661494627
63.7382316704
63.8148559397
63.8913553107
63.9677553324
64.0439672056
64.1201448688
64.1961353336
64.2721566817
64.3479277656
64.4236667694
64.4992206502
64.5748075943
64.6501465346
64.7254557709
64.8005821847
64.8756801513
64.9506604681
65.0255497403
65.1003356841
65.1749420519
65.2495234111
65.3239904314
65.3983700738
65.4725730043
65.5467539509
65.6208234891
65.6948088555
65.7686206237
65.8424136785
65.9160347859
65.9897026167
66.0631364917
66.1365551714
66.2098053944
66.2830422739
66.3561761799
66.4292350002
66.5021291064
66.5750137586
66.6477356623
66.7205137307
66.7930674849
66.8656159206
66.9380057393
67.0103923858
67.0826860782
67.1549152961
67.2270674875
67.2990665435
67.3710681026
67.4429823014
67.5148378911
67.5865450142
67.6582594363
67.7298278151
67.8014693989
67.87290399
67.944350906
68.015656799
68.0869776139
68.158223377
68.2294233284
68.3004875019
68.3715719534
68.4425233311
68.5135610792
68.5844051666
68.6552750966
68.7260175169
68.7967886367
68.8674351042
68.9381764682
69.0087327863
69.0793236592
69.1497957242
69.2203053522
69.2907624432
69.3611968547
69.4315185074
69.5018838262
69.5721394662
69.6425051238
69.7127009824
69.7829467779
69.8530891696
69.9232846864
69.9933799896
70.0635948465
70.1336495004
70.2037637505
70.2737842621
70.3438676479
70.4139237663
70.4839828682
70.5539548169
70.623996269
70.6939538955
70.7640475497
70.8339975456
70.9040237545
70.9739728504
71.0439240281
71.1139564911
71.1839800835
71.2540251868
71.3240016472
71.3940661786
71.464065484
71.5341562819
71.6042484144
71.674372285
71.7444377359
71.8146015003
71.8847102545
71.9549838958
72.0251427667
72.0954067583
72.1656225447
72.235946843
72.3062263252
72.3766808723
72.4470308078
72.517495998
72.5879231103
72.6584688101
72.728979788
72.7996758784
72.8702773709
72.9410040904
73.0117026939
73.0824523123
73.1533320588
73.2242517899
73.2952416769
73.3662115677
73.437318052
73.5084076266
73.5796370463
73.6509159141
73.7222745233
73.7936224665
73.8651164564
73.9366028539
74.0082383342
74.0799325097
74.1517155049
74.2234969199
74.295433349
74.3673711317
74.4393894028
74.5116300332
74.5838132974
74.6561584388
74.7285123015
74.8010307944
74.8735607536
74.9463213673
75.0190326796
75.091914214
75.1648122645
75.2378831095
75.3109730342
75.3843016335
75.4575884479
75.5310530086
75.6045415828
75.6781329587
75.7519053565
75.8257055557
75.899752475
75.9737660425
76.0479651074
76.1221964313
76.1966153836
76.2710687171
76.3457752124
76.420454672
76.4953258032
76.5702353416
76.6452612302
76.7204818914
76.795743521
76.8712652578
76.9467662243
77.0224654824
77.0982092116
77.1741528773
77.2501426509
77.3263975219
77.4026364779
77.4790012814
77.555569532
77.6321879116
77.7090111127
77.7858858106
77.8630302875
77.940163901
78.0175048519
78.0948998038
78.172503235
78.2501618038
78.3280165801
78.4060179578
78.484075769
78.5623447096
78.6406712941
78.7192097485
78.7978067164
78.8766801448
78.955549098
79.0346314405
79.1137738102
79.1930532537
79.2725472957
79.3521020397
79.4319357864
79.5117669142
79.5918136419
79.6719220707
79.7522464918
79.8326330061
79.9131589509
79.9939650193
80.074769973
80.1557913254
80.2368757124
80.3181766465
80.3995407654
80.4811215125
80.5628295446
80.6446134105
80.7266141691
80.8086779318
80.8909585048
80.9733020035
81.055862167
81.1385492065
81.2213886223
81.3042906199
81.3873320834
81.4705893116
81.553908839
81.6374440413
81.7210410584
81.8049175121
81.888791207
81.9728796912
82.0570291191
82.1413161672
82.2258169281
82.3103781042
82.3952166371
82.4800507494
82.5650973119
82.6502030456
82.7354439398
82.8208964734
82.9064068464
82.9921280793
83.077970714
83.1639590611
83.2500036636
83.3362574284
83.4225665886
83.5090074895
83.5956558954
83.6824229952
83.7693322301
83.8562947919
83.943462861
84.0306832508
84.1180316403
84.2055840697
84.2931872384
84.3810576757
84.4689132831
84.5569705311
84.6450762812
84.7333060929
84.821736024
84.9102124199
84.9988877008
85.0876727778
85.1765909317
85.2655530797
85.3546352098
85.4439127347
85.5332325905
85.6227465019
85.7123014206
85.8021136491
85.8919009219
85.9818032012
86.0718963407
86.1620267931
86.2523466763
86.3427024589
86.4332462196
86.5238891288
86.614577621
86.7054516015
86.7963579831
86.8874486162
86.9785700255
87.0698741606
87.1399864056
