metodo_2_dt_1:4
3.46023857368e-07
0.0229062508661
0.0231748191779
0.0234354872409
0.0236809789786
0.023904609881
0.0240964377906
0.0242480381432
0.0243486731764
0.0243900590332
0.0243670381418
0.0242729017637
0.024108328453
0.0238806729023
0.0236028101576
0.0233007814281
0.0230122360948
0.0227898678068
0.0227015919244
0.0228271078355
0.023253780977
0.0240601151554
0.0253160807286
0.027060227312
0.0293090296306
0.0320573866755
0.0352818852721
0.0389547607526
0.0430461668
0.0475273489688
0.0523732483984
0.0575622811777
0.0630752964328
0.06889912821
0.0750199305624
0.0814282725504
0.0881171297521
0.0950803784443
0.102313697412
0.109814035323
0.11757962884
0.125609057987
0.133901087713
0.142458588714
0.151282358021
0.16037346051
0.169735767619
0.179370602306
0.189283318112
0.19947674619
0.209954942767
0.220722449649
0.231783651693
0.24314264277
0.254802940299
0.266768638573
0.279041795922
0.291625005668
0.304516719952
0.317715751513
0.331217428358
0.345012836191
0.359090354713
0.373430374581
0.388009111238
0.402791002424
0.417732845356
0.432778815742
0.447857727471
0.462883283399
0.477751156222
0.492338105314
0.506505469934
0.520094435522
0.532939133846
0.544866208814
0.555707418035
0.565307266756
0.573536568733
0.580298460859
0.585535990167
0.589234179901
0.591418803166
0.59215148511
0.591520866812
0.589634770907
0.586613089531
0.58257648392
0.577644627747
0.571925416079
0.56551634569
0.558496572256
0.550929834724
0.542855453322
0.534293266802
0.525233199091
0.515639728495
0.505442882667
0.494532420289
0.482752931854
0.469897420451
0.455691598909
0.439793534165
0.421786907696
0.40119658087
0.377543184003
0.350479900771
0.320115172996
0.28769150865
0.25688363582
0.235597762187
0.235754617245
0.265908319237
0.322356295739
0.372578450455
0.500992376491
0.554439044431
0.607779471841
0.660667387102
0.71284678296
0.764131336147
0.814382752336
0.863501120269
0.911417003974
0.958079850426
1.00345566751
1.04752539065
1.09027625062
1.13170283582
1.17180798968
1.21059579318
1.24807603151
1.28426036937
1.31916143144
1.35279661275
1.38518280951
1.41634149672
1.44629074266
1.47504801883
1.50264009405
1.52909712116
1.55444228527
1.57869289042
1.60189501241
1.6240621892
1.64523660116
1.66545538668
1.68474829941
1.70315846794
1.72073135598
1.73749867698
1.75353160727
1.76886938957
1.78357476621
1.7977055715
1.81132567904
1.82451264233
1.83735079462
1.84992220722
1.86230701616
1.87462004149
1.88695726637
1.89943997964
1.91219867823
1.92534657593
1.93904993818
1.95343944724
1.96868114611
1.98494013112
2.00239910316
2.02122708077
2.04161809425
2.06375761842
2.08783313788
2.11402764367
2.14251865079
2.17348189246
2.20706739552
2.24339682263
2.28258270886
2.32469772288
2.36977716827
2.41781397107
2.46875604076
2.52251238823
2.5789237883
2.63780299824
2.69889803025
2.76193808888
2.82661159397
2.89258513054
2.9595128375
3.02703826195
3.09484151804
3.16257933382
3.22997558195
3.29675421567
3.36266082227
3.42750565977
3.49110445671
3.55332351045
3.61404096825
3.67317547038
3.73066158485
3.78644421251
3.8405045063
3.89283108868
3.94340954779
3.99226931628
4.03940056665
4.08484035357
4.12862435531
4.17075712348
4.21128727589
4.25025887704
4.28768242826
4.32362058099
4.358101613
4.3911600155
4.4228339206
4.45317415703
4.48220600815
4.50997114236
4.53651268819
4.56185928773
4.58605246416
4.60913932298
4.63115375995
4.65211574264
4.67209507834
4.69110884733
4.70920985636
4.72642556748
4.74281093747
4.75839563939
4.77323712966
4.78738136677
4.8008588202
4.81374991136
4.8260806397
4.8379057544
4.84930545767
4.86032273931
4.87102700518
4.88149094167
4.89178312385
4.90198493697
4.91216528878
4.92242508709
4.93286205515
4.9435615883
4.95463808942
4.96619927935
4.97836825288
4.99126666471
5.00503555594
5.01980241609
5.03572178519
5.05294642285
5.07163416251
5.09194354167
5.11404367539
5.13809677485
5.16427104275
5.19272603077
5.22361843533
5.25707163952
5.29321526955
5.33215233864
5.37394534658
5.41862791133
5.46619043374
5.51658568047
5.56971562024
5.6254393853
5.68355619596
5.74382650011
5.80596880729
5.86967979945
5.93462838871
6.00046211613
6.06684964671
6.13345842351
6.19995067297
6.26604997113
6.33147667206
6.39600701117
6.45941802588
6.52155343413
6.58226493813
6.64144871584
6.69900750144
6.75487291466
6.80901233261
6.86137876494
6.91198673959
6.96080626856
7.00786092694
7.05317040697
7.09673525185
7.1386091186
7.17881692867
7.21738795328
7.25435977211
7.28977152793
7.32367855146
7.35609806462
7.38709049536
7.41668868153
7.44494456109
7.47188737731
7.49757285209
7.52203438125
7.54531451098
7.56746124957
7.58852117299
7.60853209973
7.62752551678
7.64556610079
7.66269420904
7.67893251222
7.69435797216
7.70899941626
7.72290467207
7.73612809938
7.7487198424
7.76073354408
7.77222803049
7.78324226418
7.79386319534
7.80413102862
7.81411954676
7.82390770599
7.83354510183
7.84312262008
7.8527296247
7.86243890425
7.87234631545
7.88255243759
7.8931502622
7.90424776217
7.91596841941
7.92842885381
7.94175134722
7.95608273894
7.97154588291
7.98830524083
8.00649253934
8.02627798107
8.04781664362
8.07127267825
8.0968002393
8.12454743664
8.15468165581
8.18732950425
8.22260885862
8.26062613638
8.30145908938
8.34514007379
8.39168246756
8.44104769888
8.49314199627
8.54783879138
8.60496478456
8.66427833227
8.72552665855
8.78840197284
8.8526000554
8.91775582214
8.98355290112
9.04964382656
9.11571014098
9.18144905529
9.24658986673
9.31089207941
9.37414318984
9.43614929974
9.49677592235
9.55588470418
9.61340518424
9.6692298177
9.72333797396
9.77567661342
9.82623614115
9.87501036478
9.92199084976
9.96720740164
10.010664031
10.0524092482
10.0924460981
10.1308368358
10.1676003108
10.2027815065
10.2364195099
10.2685676111
10.2992486083
10.3285261112
10.3564294593
10.3830081902
10.4083141938
10.432378975
10.4552523358
10.4769774247
10.4976096112
10.5171793727
10.5357413165
10.553331807
10.5700062556
10.5858073909
10.60078177
10.614988156
10.6284618743
10.6412540344
10.6534350122
10.665040946
10.6761367814
10.6867716546
10.6970111391
10.7069264763
10.7165758201
10.7260232297
10.7353640733
10.7446394416
10.7539616142
10.7634391653
10.7730792253
10.7830277495
10.7933811376
10.8042541188
10.8157508601
10.827994107
10.8411084239
10.8552251721
10.8704814254
10.8869287651
10.9048946859
10.9244482696
10.9457372588
10.9689284392
10.9940771596
11.0215258809
11.0513299185
11.0836260394
11.1184435513
11.1560687837
11.1964853549
11.2396415616
11.2857379452
11.3345480849
11.3861859577
11.4403322438
11.4970028251
11.5557926162
11.6166284718
11.6790308393
11.7427737823
11.80761546
11.8730363826
11.9387885082
12.0046498287
12.0701272561
12.1350409451
12.1991466722
12.2623166263
12.3241808704
12.3846798595
12.443686483
12.5010963215
12.556841824
12.6109551706
12.6632110861
12.7136826065
12.7623656471
12.8092563785
12.8543682589
12.897722232
12.9393417965
12.9792580016
13.0174133411
13.0540280642
13.0890499772
13.1225165154
13.1544785993
13.1849704341
13.2140446711
13.2416464159
13.2680084244
13.2930886457
13.3169230343
13.3394701472
13.3609591122
13.3813401093
13.40057553
13.4188909587
13.4362415898
13.4525793389
13.4681428447
13.4827900622
13.496761156
13.5099161608
13.5224934199
13.5343628917
13.5457635572
13.5565729574
13.5670201152
13.5769959043
13.5867422012
13.5961423754
13.6053588121
13.6145507201
13.6236205857
13.6327313034
13.6420688194
13.6515316055
13.6613086432
13.6715968467
13.6823104014
13.6936550153
13.7057497643
13.7187164156
13.7327778245
13.7478858961
13.7642725987
13.7820823893
13.8014723505
13.8225945619
13.8455993245
13.87074356
13.897986444
13.9275707749
13.9596372595
13.9942979782
14.0316602358
14.0717988449
14.1147605462
14.1605558893
14.2091516726
14.2604725736
14.3143962595
14.3706576223
14.4292240883
14.4897538864
14.5519542341
14.615504196
14.6800803718
14.7453383517
14.810855089
14.8765000351
14.9418696443
15.0066917278
15.0706251358
15.1336382807
15.1954512512
15.2559072661
15.3147850595
15.3721683952
15.4278867543
15.4817880799
15.5340197433
15.584461861
15.6330190739
15.6798706787
15.7249419536
15.7681505332
15.8097152091
15.8494724934
15.8876446011
15.9240875685
15.9590178253
15.9922960033
16.0241491433
16.0544368564
16.0833869252
16.1108622453
16.1370913199
16.1619361999
16.1856265311
16.2080210592
16.2292648517
16.2494938873
16.2685669144
16.2867220389
16.3038149468
16.3199947679
16.3353927348
16.3498823837
16.3635991259
16.376688631
16.3890238085
16.4007435626
16.4119064356
16.4226600227
16.4328827332
16.4427255847
16.4522542367
16.4616257743
16.4707266555
16.4797188787
16.4886854513
16.4977047098
16.5068598306
16.516329275
16.5260311137
16.5361498839
16.546796841
16.5580764852
16.5701116815
16.5830189346
16.5969292461
16.6119821269
16.6283109826
16.6460635603
16.6653915229
16.686450141
16.7093873617
16.7343624211
16.7615250864
16.7910216231
16.8229845454
16.8575406658
16.8947886141
16.9348059715
16.9776371855
17.0232897755
17.0717416455
17.1229123167
17.1766772785
17.2328750935
17.2912855873
17.3515671369
17.4136105071
17.4770162758
17.5414471712
17.6065715212
17.6720547749
17.7374878882
17.802747904
17.8674687075
17.931401686
17.9942355898
18.0559691893
18.1163500132
18.1752494771
18.2324715844
18.288122163
18.3420498853
18.3942145425
18.4444955507
18.4930745444
18.539855788
18.5847568845
18.6279767907
18.6694547374
18.7091203937
18.7471993704
18.7835365008
18.8183630904
18.8516207224
18.8832678623
18.9135249515
18.9422566544
18.9696922804
18.9957896006
19.0204953003
19.0440432591
19.0662965837
19.0874846617
19.1074728868
19.126490948
19.144403237
19.161440864
19.177469243
19.1927204447
19.2070604811
19.2207246126
19.2335808448
19.24586086
19.2574441046
19.2684729254
19.2790939126
19.2891910734
19.2990047948
19.3084118308
19.3175800936
19.3266619514
19.3355559821
19.3445127068
19.3534358601
19.3625046956
19.3718919333
19.3815121819
19.3915617456
19.4022279381
19.4134414165
19.425411507
19.4383510517
19.4522083223
19.4672027658
19.4834771761
19.5012672047
19.5205404577
19.5415392175
19.5644193045
19.5894216198
19.6165200869
19.6459491805
19.677841985
19.7123207891
19.749573432
19.7895014368
19.8322384316
19.8777902479
19.92613602
19.9772881681
20.0309388169
20.0870179722
20.1453071684
20.2055585795
20.2674793196
20.3307619504
20.3951645287
20.460168197
20.5255389883
20.5909476427
20.6560975349
20.7207164656
20.7845466809
20.8473749455
20.9090113113
20.9692992343
21.0281068781
21.0853312219
21.1408928958
21.1947308934
21.2468061643
21.2970920045
21.3455779241
21.3922648644
21.4371606726
21.4802837373
21.5216589061
21.5613136386
21.5992784475
21.6355985308
21.6703077528
21.7034484065
21.7350605057
21.7651941059
21.7938874253
21.821193808
21.8471563997
21.8718160567
21.8952281188
21.9174317682
21.938391143
21.9583274533
21.9772013997
21.995064867
22.0119592204
22.0279394476
22.0430479767
22.0572474453
22.0707726802
22.0835864791
22.0957349886
22.1072767216
22.1182677732
22.1286746134
22.1387406305
22.1484347157
22.1578261115
22.1669739593
22.1758609414
22.1847430456
22.1936017811
22.2025266299
22.2115053418
22.220810811
22.2304457377
22.2405092706
22.2510144657
22.2622543283
22.2742494171
22.2871294819
22.3009268326
22.3159552183
22.3322684692
22.3499161936
22.3692264934
22.3902673509
22.4130965591
22.4380470198
22.4651849287
22.4945548136
22.5264825429
22.5609885885
22.5980854188
22.6380371053
22.6807898915
22.7262692845
22.7746220177
22.8256851246
22.8792489108
22.9353229166
22.9935135034
23.053752648
23.115664798
23.1788376668
23.2431315539
23.3080266181
23.3733756386
23.4386755867
23.5038099953
23.5683172614
23.6321377261
23.69495284
23.7564855162
23.8167586738
23.8754643431
23.9326796476
23.9881381485
24.0419669498
24.0939391345
24.1442142206
24.1925957869
24.2392645141
24.2840526692
24.3271574479
24.36841997
24.4080490306
24.4459012538
24.4821938071
24.5167819456
24.5497945279
24.5813759346
24.6113779801
24.6400373478
24.6672083997
24.6931279997
24.7176570809
24.740929679
24.7630885572
24.7840016129
24.8038911974
24.8226314629
24.8403536261
24.8572057218
24.873045035
24.8881100259
24.9022711883
24.9156634711
24.928433715
24.9404581382
24.9519656753
24.9628337504
24.9732110035
24.9832545126
24.992834858
25.0021111296
25.0112436755
25.0201190422
25.0289059807
25.0377639999
25.0465967131
25.0555794936
25.0648921856
25.0744476855
25.0844356179
25.0950509978
25.1062265155
25.1181606304
25.1310696213
25.144899703
25.1598749349
25.1761333884
25.1939124855
25.2131762861
25.234167003
25.2571312633
25.2820373243
25.3091258564
25.3385423155
25.3705078147
25.4049647421
25.4421032431
25.4820901913
25.5247859321
25.570294137
25.6185833157
25.6696663188
25.72324666
25.7792431672
25.8374450874
25.8976911338
25.9595053364
26.0226772812
26.0868743267
26.1517613443
26.2170979648
26.2823856703
26.3474184587
26.4119231195
26.4756987008
26.5384176082
26.5999455276
26.6600887134
26.7187892791
26.7760000552
26.8314173628
26.8851475243
26.9371137429
26.9872513039
27.0357172974
27.0822499523
27.1270277854
27.1700295143
27.2112400625
27.2507659695
27.2886930131
27.3248373585
27.3594050295
27.3924011934
27.4238288146
27.4538107635
27.4824440877
27.5095540965
27.5353546644
27.5598557874
27.5830639969
27.6051061173
27.6259510722
27.6457238408
27.6645269466
27.6821846749
27.6989176046
27.7147342316
27.7296468816
27.7437831697
27.7571176014
27.7697798139
27.7818772765
27.7932408114
27.8040991769
27.8144693987
27.8243729223
27.8339520968
27.843190756
27.8522371953
27.8611203922
27.8698759644
27.8786583676
27.8875623728
27.8965674056
27.9058163261
27.9153619424
27.9253839942
27.9359455768
27.947118088
27.9590967569
27.9719227265
27.9858036479
28.0008316881
28.0171082721
28.0348535172
28.0541391903
28.0751924738
28.0981280229
28.1230604562
28.1502146797
28.1796586423
28.2116008457
28.2460845383
28.2833788932
28.3233349172
28.3660533743
28.4116176482
28.4599226869
28.5109668989
28.5645917152
28.6205923309
28.6788291496
28.7389761669
28.8008197439
28.8639743097
28.928187468
28.9930863175
29.0583041046
29.1235973699
29.1885902595
29.2529908797
29.3166974148
29.3793631313
29.4408755395
29.5010002102
29.5596824286
29.6167442671
29.6721780266
29.7258500234
29.7777947282
29.8279474407
29.8762594074
29.9228064246
29.9675203939
30.0104949837
30.0516789445
30.091175498
30.1289817625
30.165094486
30.1996304146
30.2325545451
30.2638957829
30.2938037784
30.3223098891
30.3493838993
30.3751479948
30.399572592
30.422783445
30.4447876232
30.465594774
30.4853317701
30.5039671307
30.5216285698
30.5381961312
30.5539792325
30.5688587946
30.5829642706
30.5962695791
30.6089044533
30.6208448181
30.6322255941
30.6430623438
30.6532833647
30.6632109233
30.6727378607
30.6820063834
30.6910057886
30.6998855668
30.708641104
30.7174268164
30.7261539108
30.7351701174
30.7443926127
30.7539952237
30.7639981189
30.7745852916
30.7857861329
30.7977041639
30.810565365
30.824484811
30.8395155027
30.8558750902
30.8736679895
30.8929113877
30.9140182623
30.9369699875
30.9619969461
30.989170853
31.0187126054
31.0505844696
31.0851664933
31.1223893869
31.1624040559
31.2051793788
31.2507061
31.2990615866
31.3501534399
31.4037846816
31.4598600735
31.5179997284
31.5782099746
31.6400368539
31.7032442518
31.7674279925
31.8322377702
31.8974535337
31.9627394192
32.027721591
32.0922005564
32.1557603688
32.2184437607
32.2798963411
32.3400350384
32.3985637689
32.4555987997
32.5110057855
32.5646500112
32.6164731936
32.6665589848
32.71487959
32.7613572344
32.8059855758
32.8488901274
32.8900784314
32.9295033832
32.9671834591
33.0032612827
33.0377617481
33.0706497904
33.1019536261
33.1318245972
33.1602933723
33.1873297742
33.2129643773
33.237351244
33.2604847278
33.2824514799
33.3031299237
33.3228295782
33.341429163
33.3589649101
33.3755892972
33.391339629
33.4061877844
33.4201717754
33.4334479921
33.4460564158
33.4578808449
33.469238432
33.4800165499
33.4902199689
33.5001324739
33.5096462625
33.5188138161
33.5278067377
33.536683053
33.545437495
33.5541347123
33.5629596484
33.5719461833
33.5811298931
33.5907098805
33.6007725072
33.6112518483
33.6225194753
33.6345208452
33.64736424
33.6612816864
33.6763538332
33.6926664846
33.7104683275
33.7298932769
33.7509233458
33.7739701546
33.799017091
33.8261983653
33.8557629393
33.8876981927
33.9223442689
33.9596312039
33.9996173307
34.0424537958
34.088132602
34.1364529321
34.1875602128
34.2412769785
34.2972658938
34.3555729071
34.4156845337
34.4775734504
34.5407603518
34.6048630055
34.6697701346
34.734893456
34.8001730631
34.8651440305
34.9295145527
34.9931477479
35.0557717934
35.1171450989
35.1772198278
35.2357570583
35.292762498
35.3481011865
35.4016592527
35.4535045091
35.5035027982
35.5517509542
35.5981401021
35.6427877725
35.6856569218
35.7267174065
35.766106071
35.803748658
35.8397894068
35.8742140904
35.9070109806
35.9383302969
35.9681099182
35.9965019362
36.0234075256
36.0490958864
36.0734449114
36.0964880561
36.1183788501
36.1390207881
36.1586846137
36.1771575568
36.1947491375
36.2112489557
36.2269283235
36.2416937696
36.2557011565
36.2689894619
36.2814415738
36.2933340243
36.3045786394
36.3153366938
36.3255626535
36.3354213055
36.3448318083
36.3540817094
36.362976893
36.3718498514
36.3805125287
36.3892646153
36.3981350569
36.4070386031
36.4162871521
36.425831163
36.4358732315
36.4464150414
36.4576701146
36.4696102107
36.4825790331
36.4964422636
36.5115943456
36.5279122552
36.5457617698
36.565145896
36.5863207977
36.6092939665
36.6344391008
36.661643624
36.6913096729
36.7233102278
36.7579842824
36.7952842796
36.8353906288
36.8782004339
36.9239427176
36.9723236698
37.0234878174
37.077164787
37.1332005602
37.1915474955
37.251693221
37.3135716554
37.3767238559
37.4409315833
37.5057149443
37.5709667225
37.6361101909
37.7011069386
37.7654227337
37.8290354424
37.8915809386
37.9529822848
38.0129356982
38.0714420822
38.1284149983
38.1836277629
38.2372425048
38.2889600914
38.3389765074
38.3871337896
38.4335399195
38.4780579501
38.5208353492
38.5619116043
38.601207304
38.6388650539
38.6747751341
38.709199453
38.7419190532
38.7731076412
38.8029403345
38.8312010004
38.8581599307
38.8837183678
38.9080296176
38.9309965681
38.952797841
38.9734954311
38.9929924347
39.0115617236
39.0289900791
39.0455492897
39.0611453025
39.0758419673
39.0898204521
39.102990776
39.1155097966
39.1272879708
39.1385118219
39.149251297
39.159420642
39.1693047361
39.1787037779
39.187813896
39.1968338526
39.2055717085
39.2142340021
39.2230281275
39.2317733968
39.2407774079
39.2499859947
39.2595053319
39.2695672414
39.2801314467
39.2914124584
39.3033820168
39.3162913629
39.330282786
39.3453442935
39.3617448579
39.3796414443
39.3990362649
39.4203037117
39.4433336321
39.4684079074
39.4958051008
39.5254051966
39.5574720291
39.5922520273
39.6295819301
39.6696645165
39.7126710105
39.7583488487
39.8067928834
39.858016511
39.9117476655
39.9678330442
40.026186552
40.0864067645
40.1483146459
40.2114504282
40.2756182643
40.3405012784
40.4056238458
40.4707983326
40.535746013
40.6000461135
40.6635832311
40.7261576903
40.7874388325
40.8473616554
40.9059275592
40.9627738057
41.0179498487
41.0714364657
41.1232083922
41.173094261
41.2212118136
41.2675786162
41.3120570646
41.3547565194
41.3958301776
41.4350484789
41.4725742148
41.5085746292
41.5428278306
41.5755076475
41.6067870915
41.636449162
41.6646716923
41.6915002326
41.7171123151
41.7412933675
41.764223377
41.7860801236
41.8066506056
41.8261131046
41.8446098176
41.8620448548
41.8784812806
41.8940073934
41.9088064081
41.9226672991
41.9357722457
41.94830707
41.960063647
41.9712285306
41.9818580877
41.9921438487
42.0018840365
42.0112716284
42.0203736863
42.0293881945
42.0381242159
42.0467857806
42.0555829473
42.0643342951
42.0732551032
42.082436723
42.0921034203
42.1020919018
42.1126392473
42.1238937687
42.1359843061
42.1488874753
42.1628238652
42.1779645979
42.1944607478
42.2123130565
42.2317985495
42.252988884
42.2761682365
42.3013033191
42.3286715042
42.358338678
42.3905657284
42.4252845348
42.4627238428
42.5028777067
42.5459167557
42.5916639563
42.6402130025
42.6914079295
42.7451600437
42.8014289246
42.8597373929
42.9199590272
42.9818072913
43.0450986263
43.1092447256
43.1740446231
43.2391688907
43.3044304578
43.3692744368
43.4335565689
43.4970340251
43.5595287028
43.6208713746
43.6807614849
43.7391623186
43.7960084993
43.8511468536
43.9046479076
43.9563241565
44.0061687091
44.0542072941
44.1005310388
44.1450053439
44.1876624078
44.2285634291
44.2677393764
44.3053532267
44.3411804375
44.3753927404
44.408030228
44.4391767594
44.4687990445
44.4970723262
44.5238612225
44.5493425275
44.5734852497
44.5963776866
44.6181578835
44.6387314907
44.658160034
44.6765305077
44.6938939017
44.7104297826
44.7259259887
44.7405657692
44.7543989109
44.7675187449
44.7798993078
44.7917250204
44.8028703187
44.8134832382
44.8236612729
44.8333884498
44.8427654289
44.851950907
44.8608683631
44.8696007242
44.8782631632
44.8869315081
44.8957281011
44.9047503422
44.9139433199
44.9234946888
44.9335412977
44.9441109658
44.9553521454
44.9674713091
44.9804475957
44.9944199353
45.0095622003
45.0260119084
45.0439114463
45.063448753
45.0847862882
45.107932863
45.1331302523
45.1605638495
45.1902991833
45.2225039764
45.257295939
45.294899774
45.3351275307
45.3781489064
45.4239672127
45.4725476805
45.5238458295
45.5776601469
45.6338546526
45.692303452
45.7526056728
45.8144869491
45.8776740539
45.9418376282
46.0066468969
46.0718105878
46.1369366308
46.2018605667
46.2661246041
46.3296166298
46.3920449965
46.4532649704
46.5131197054
46.5714835293
46.6282916347
46.6833885224
46.7368477656
46.7884433254
46.8382445273
46.8862766259
46.9324652548
46.9768564196
47.0194693871
47.0603656415
47.0994969643
47.1370288912
47.1728128794
47.2069823393
47.2396160126
47.27068205
47.3002620895
47.3284036717
47.3551516014
47.3805935327
47.4046985196
47.4275523377
47.4492965658
47.4697944786
47.4892272285
47.5075640713
47.5248950628
47.5412682392
47.5567747473
47.5713854724
47.5851928636
47.598247652
47.6106050177
47.6223571008
47.6335746096
47.6441702323
47.6542938031
47.6640080891
47.6734138507
47.6824997334
47.691371481
47.7001018663
47.7087633698
47.7174746747
47.7262368475
47.7351763809
47.744381363
47.7539480059
47.7641048172
47.7746965975
47.7859625734
47.7980202894
47.8109895991
47.8250386683
47.8402206639
47.8567148332
47.8746627044
47.8942133254
47.9155151473
47.938760184
47.9640198582
47.9914821234
48.0212860278
48.0535636655
48.0884671839
48.1260168131
48.1663195031
48.2095082921
48.2554007144
48.3040910278
48.3554191114
48.4092967833
48.4655479694
48.5239563582
48.5843010115
48.6462183167
48.7094312421
48.7736138681
48.8384320443
48.9035597023
48.9687178856
49.033537097
49.0977824631
49.1612126475
49.2236123854
49.2848377808
49.3446568389
49.4029815154
49.4597113409
49.5147662709
49.5680902831
49.6196799483
49.6694365827
49.7173855901
49.763529063
49.8078750456
49.8504812669
49.8912934638
49.9303810636
49.9677759856
50.0035170591
50.0376423489
50.0702341499
50.101257146
50.1307956558
50.1588964024
50.1856042433
50.2109680653
50.2350725838
50.2578897563
50.2795048913
50.2999682017
50.3193267134
50.3376312184
50.3549684825
50.3713110848
50.3867492873
50.4013323237
50.4151136094
50.428143961
50.4405178706
50.4522098777
50.4633169327
50.4738948344
50.4840036728
50.4937054481
50.503100995
50.5121791035
50.5210455939
50.5297733405
50.5384349247
50.547109833
50.5559171103
50.5648646342
50.5740824667
50.5836634619
50.5937088938
50.6043218049
50.6156533143
50.6277392734
50.6407413888
50.6547879791
50.6700104134
50.686548888
50.7045838639
50.7241864896
50.7455441222
50.7688090307
50.7941326755
50.8216604573
50.8515731993
50.8839217925
50.9188615323
50.9564854946
50.9968639349
51.0400361501
51.086002556
51.1347644224
51.1861604219
51.2400083723
51.2963178079
51.35477594
51.4151266099
51.4771160552
51.5403564484
51.6045562782
51.6693841893
51.7345135911
51.7996281937
51.864434867
51.9286995264
51.9921048666
52.0544769345
52.1156311134
52.175415413
52.2337018563
52.2903905099
52.3454425174
52.3986305684
52.4501390894
52.4998503279
52.5477544656
52.5938529103
52.6381538642
52.6807152166
52.721482746
52.7605251318
52.7978769835
52.8335737125
52.867656055
52.9001668768
52.9311867661
52.9606850905
52.9887446483
53.0153211928
53.0406463295
53.0646741835
53.0874544666
53.1090726603
53.1295003211
53.1488260424
53.1670972219
53.1843642109
53.2006777865
53.2160866448
53.230682699
53.2443461126
53.2573527121
53.2696653731
53.2813371494
53.2924250109
53.3029874348
53.3131212693
53.322810962
53.3321573989
53.3412271803
53.3500895292
53.3588139639
53.3673841949
53.3760620682
53.3848751514
53.3938323314
53.4030611597
53.4126571909
53.4227209393
53.4333555512
53.4446722384
53.4568269672
53.4697698912
53.4838518109
53.4991151433
53.5156966639
53.5337405549
53.5533949799
53.5748082969
53.5981723379
53.6235581937
53.6511524849
53.6810044155
53.7134253665
53.748438757
53.7861396323
53.8265948337
53.8698810987
53.9159236813
53.9647194126
54.016184928
54.0700986192
54.1264662397
54.1849766546
54.2453719959
54.3073979348
54.3706652983
54.4348851429
54.4997235977
54.5647623215
54.6298723638
54.6946656358
54.758873497
54.8222552573
54.884635186
54.9457560574
55.0055036889
55.0636586873
55.1203057983
55.1752765061
55.2285121047
55.2799743721
55.3296787694
55.3775366668
55.4235878857
55.4677514838
55.510227524
55.550949262
55.5899471474
55.6272532591
55.6629056931
55.6969838497
55.729359054
55.7602981032
55.7897550086
55.8177739863
55.844402596
55.8696889562
55.8936790163
55.9163299604
55.9379133573
55.9583064935
55.9775980208
55.9958379912
56.0130742219
56.0293575548
56.0446468539
56.0591773537
56.0729075262
56.0859301083
56.0982213315
56.1098734832
56.1208520326
56.1313987075
56.1414795954
56.1511568766
56.1604948693
56.1615043787
