metodo_1_dt_1:12
1.51723922767e-07
0.0149780378858
0.0150099992307
0.0150738486587
0.0151659460944
0.0152807761109
0.015414811893
0.0155596479823
0.0157124368549
0.015866232047
0.0160170701603
0.016160799954
0.0162926255814
0.0164074106195
0.0165001108218
0.0165662044885
0.016599139311
0.016594314219
0.016548655411
0.016458474367
0.0163166244657
0.0161199557356
0.0158714886851
0.015563922462
0.0151983086705
0.0147788550179
0.0143087859246
0.0138016789114
0.0132752669742
0.012755478818
0.0122812016162
0.0118964153432
0.0116465489473
0.0115737725608
0.0117029130281
0.0120377009821
0.0125588835677
0.0132299271978
0.0140083786505
0.0148500900967
0.0157168959468
0.0165749128683
0.0173987418969
0.0181662413566
0.018864473941
0.019481767046
0.0200093664311
0.0204417860711
0.0207751684193
0.0210048876868
0.0211279060641
0.0211419736382
0.0210444065261
0.0208318119842
0.0205063698229
0.0200652626557
0.0195141739367
0.0188578274152
0.0181100992774
0.0172868660088
0.0164123963688
0.0155122941252
0.0146198281812
0.0137669360271
0.0129851343074
0.0123049306746
0.0117539379989
0.011350795408
0.0111077321239
0.0110253791714
0.0110951718065
0.0112967768145
0.0116065435517
0.0119976410914
0.0124442009648
0.0129220003702
0.0134085717401
0.0138877053747
0.0143430634204
0.0147646785028
0.0151404962461
0.0154653007368
0.0157314829879
0.0159384370123
0.0160845735911
0.0161745523495
0.0162153801996
0.0162207269176
0.0162056535983
0.0161887033971
0.0161895711572
0.0162270632567
0.0163152046324
0.0164619917218
0.016675453679
0.0169538947281
0.0172963872482
0.017697006044
0.018146923945
0.0186367673583
0.0191566830228
0.0196944021799
0.0202382820322
0.0207747402337
0.0212931922319
0.0217776527716
0.0222197867278
0.0226051207893
0.0229196136318
0.0231578295757
0.023305170264
0.0233552933309
0.0232988618669
0.0231325512375
0.0228540319922
0.0224648376063
0.021974613654
0.0213967466514
0.0207484711475
0.0200542894713
0.0193387178889
0.0186260469144
0.017944007284
0.0173120841905
0.0167534542811
0.0162843634806
0.0159192354659
0.0156676794238
0.0155354745748
0.0155194017542
0.0156148818129
0.0158089850676
0.0160860782982
0.0164254031146
0.016806447991
0.0172062898945
0.0176015778557
0.0179712310756
0.0182957247243
0.0185580872442
0.0187419813067
0.0188381804296
0.0188371094756
0.0187402175149
0.0185489067314
0.0182778069624
0.0179450255437
0.0175775828946
0.0172092882908
0.0168777604922
0.0166218902351
0.016481703512
0.0164881254586
0.0166649436976
0.0170261309342
0.0175683067167
0.018279235866
0.0191353115555
0.0201076711189
0.0211667070076
0.0222798165663
0.0234191079972
0.0245609849549
0.0256796655718
0.0267559622338
0.0277709085505
0.0287059313583
0.0295471559056
0.0302804520437
0.0308974408552
0.0313887182256
0.0317539023544
0.0319913704223
0.0321099792366
0.0321165023862
0.0320270011147
0.0318588770229
0.0316319742849
0.031366589431
0.0310862606294
0.0308116269371
0.030562019427
0.0303560774527
0.030208347875
0.0301334264476
0.0301412775659
0.0302398674143
0.0304354589864
0.0307265803656
0.0311115931767
0.0315809948856
0.0321221948373
0.0327168695323
0.0333429662972
0.0339757492616
0.034590103547
0.0351606056362
0.0356654816612
0.0360865656145
0.036409134731
0.0366248536826
0.0367298791189
0.0367255845137
0.0366162066135
0.0364119376888
0.0361256966991
0.0357711696134
0.0353683391749
0.03493573652
0.0344934508886
0.0340609227246
0.0336604179803
0.0333092332243
0.0330260156308
0.0328300867804
0.0327337696166
0.0327523341959
0.0328929567409
0.033159593259
0.0335489494034
0.0340508058327
0.0346483493069
0.035315724186
0.0360253816384
0.0367441216223
0.0374410982322
0.0380883581461
0.0386622807455
0.0391471293495
0.0395307943312
0.0398082595186
0.0399798275101
0.0400493247562
0.0400251705247
0.0399195624297
0.039744742201
0.0395190525971
0.0392599502182
0.0389885345367
0.0387268822393
0.0384948467682
0.0383170811927
0.0382142023936
0.038207184029
0.0383157100552
0.0385571397375
0.0389426635141
0.0394795687852
0.0401681117057
0.0409986709277
0.0419555026326
0.04301423291
0.0441478751814
0.0453279178675
0.0465323803437
0.047749213438
0.0489756640587
0.0502190219653
0.0514778495016
0.0527148869112
0.053848928817
0.054805990183
0.0555666485781
0.0561481269971
0.0565837252176
0.0569047227623
0.0571408725551
0.057322242907
0.0574714522953
0.057614889638
0.0577759155307
0.0579750500106
0.0582343846778
0.0585717348574
0.0590036850956
0.0595430874417
0.060197653023
0.0609689910617
0.0618493998891
0.0628268316339
0.0638752453281
0.0649653740629
0.0660667105212
0.0671474862596
0.0681764563985
0.0691307913112
0.0699973563567
0.070766276912
0.0714328942587
0.0719923095254
0.0724510935989
0.0728147197976
0.0730912964974
0.0732898639654
0.0734229813868
0.0735099656183
0.0735613727836
0.0735993990629
0.0736438931039
0.0737071575486
0.073822455744
0.0740012040686
0.0742661779458
0.0746375402044
0.0751278105764
0.0757474063889
0.0765004537682
0.0773820645656
0.078379282385
0.0794691150363
0.0806231759331
0.0818094764802
0.0829959924069
0.084152399685
0.0852543009897
0.0862844689655
0.0872301125482
0.0880834983053
0.0888414661744
0.0895043554731
0.0900739593084
0.0905554708939
0.0909589661028
0.0912917296752
0.0915690495118
0.0918046673892
0.0920164168001
0.0922248580163
0.0924504542527
0.0927174891196
0.0930474355443
0.0934636318713
0.0939856644926
0.094630337005
0.0954101693305
0.0963295053366
0.0973835481495
0.0985625095359
0.0998463094229
0.10120632979
0.102615696245
0.104042009523
0.105456554095
0.10683723222
0.108162095886
0.109418625222
0.110595743566
0.111686125433
0.112687632019
0.113598971124
0.114422560731
0.115163221195
0.115828859866
0.11643032243
0.116980688621
0.117498400487
0.118003996285
0.118519684511
0.119071311842
0.119684487546
0.120382558306
0.12118909701
0.122118946112
0.12318752207
0.12439774173
0.125748666851
0.127225817222
0.128813585335
0.130486605773
0.132219848306
0.133985844254
0.135753664846
0.137504009845
0.139218002644
0.140872814547
0.142461101911
0.143970444274
0.145398778525
0.146734256473
0.147979372753
0.149139795894
0.150216655844
0.151218910685
0.152159219619
0.153059495875
0.153932169495
0.154811526187
0.155725374108
0.156691333072
0.15774582053
0.158912254825
0.160202448764
0.161632727408
0.163206713765
0.164913857255
0.166749506765
0.168694927706
0.170736138914
0.172835717307
0.17497959916
0.177136561447
0.179282325475
0.181410591529
0.183487667893
0.185505415283
0.187450261661
0.189312567352
0.191082403166
0.19276343079
0.194351875934
0.195847099798
0.197257129394
0.198595523303
0.199878564095
0.201131974069
0.202381756027
0.203659133406
0.204994125305
0.20641590827
0.207946595588
0.209605370602
0.211398882987
0.213330902024
0.215397099073
0.217585721127
0.219882267627
0.222266920459
0.224718331643
0.227213623698
0.229730779528
0.23224770659
0.234744662212
0.237202058922
0.239604795645
0.24193804781
0.244189113472
0.246350033431
0.24841277499
0.25037327594
0.252233084042
0.253997746794
0.255679272589
0.257295677211
0.258873206014
0.260441504832
0.262034407559
0.263683412357
0.265417413048
0.267260010938
0.269225358966
0.271322307361
0.273551549162
0.275906514251
0.278378964493
0.280952402303
0.283612357935
0.286336354681
0.28910665772
0.291900948014
0.294699143991
0.297479754595
0.300224734751
0.302916318481
0.305539205398
0.308078623355
0.310523535566
0.312864725715
0.315096155678
0.317216316446
0.319232966725
0.321153803181
0.323001431145
0.324802425395
0.326585305613
0.328389674012
0.330247161692
0.332185928208
0.334225452795
0.336382035453
0.33866303572
0.341065240403
0.343588168651
0.346218124664
0.348946390765
0.351754250369
0.354628199264
0.357541631227
0.360486820473
0.363431495565
0.366363635342
0.369263930809
0.372104402954
0.374881300093
0.377564880494
0.380151018891
0.382623964022
0.384982298368
0.387218357837
0.389336651473
0.391360536856
0.393292305744
0.395176646918
0.397034454233
0.398905271131
0.400820880097
0.402810316742
0.404891825468
0.407072739794
0.409378436303
0.411789488876
0.414314295675
0.416937888864
0.419655955546
0.422446137496
0.425308138817
0.428209697369
0.431138630571
0.434074225707
0.436995300379
0.439880440722
0.442710669872
0.445465993674
0.448129756801
0.450685409637
0.453122755291
0.45543376225
0.457617596351
0.459678120393
0.461628701796
0.463490455651
0.465289139893
0.467056161331
0.46882671474
0.470628975387
0.472492738797
0.474435347334
0.476472490289
0.478610575596
0.480852566766
0.483196153542
0.485636353075
0.488165136346
0.490771436471
0.493440459127
0.496156244954
0.498901633186
0.501655523638
0.504397730603
0.507104486743
0.509754557439
0.51232641745
0.51479974691
0.51715882757
0.519391678648
0.521490949126
0.52345591463
0.525292286445
0.527014280916
0.528641788489
0.530200645466
0.531719933805
0.533231959224
0.53476413093
0.536342097484
0.537986416575
0.539710154903
0.541524162903
0.543432578937
0.545437702539
0.547533529972
0.549719346613
0.551981438164
0.55431151238
0.556693515744
0.559111367139
0.561544205
0.563970743613
0.566364118596
0.568701540601
0.570956221697
0.573108559127
0.575142581499
0.577043703187
0.578805847441
0.580426686666
0.581920640005
0.583298454036
0.584577094261
0.585784417149
0.58694779816
0.588091185658
0.589245076134
0.590433380994
0.591671722217
0.592980110696
0.594365477978
0.595839862772
0.597407290514
0.599062821246
0.600809284319
0.602640783154
0.604542672062
0.606508092102
0.608520294277
0.610557757721
0.612591841258
0.614606292176
0.616566881029
0.618446668721
0.620220845718
0.621876869409
0.623394135461
0.624771968189
0.62601216352
0.627122491932
0.628117924854
0.629016598175
0.629843443763
0.630621735122
0.631375220677
0.63212951755
0.63290653252
0.633725727077
0.634603260315
0.635553084845
0.636584661207
0.637705433401
0.638918022795
0.640225004034
0.641622595895
0.6431044513
0.644661398078
0.646276718794
0.647932957357
0.649603707939
0.651260030643
0.652873284652
0.654411871635
0.655851393923
0.657169872708
0.658356012863
0.659405160445
0.66032102007
0.66111077733
0.661791618657
0.662378742861
0.662893875465
0.66335901455
0.663796497786
0.664228735016
0.664676533145
0.665159525903
0.665694111674
0.666295997818
0.666977563166
0.667748692468
0.668615570431
0.669582269668
0.670650230374
0.671815095544
0.673067924336
0.674397269095
0.675783882124
0.67720068037
0.678619721016
0.680007509571
0.681332062104
0.682567444654
0.683691383518
0.684690738877
0.685560907302
0.686304157711
0.686932363741
0.687453773397
0.687887028717
0.688249980546
0.68856528435
0.688846814846
0.689120126647
0.689403870765
0.689717085937
0.69007760851
0.690506193934
0.691010844324
0.691607002872
0.69230448895
0.693110298603
0.694027573322
0.69505541583
0.696183564436
0.697408289852
0.698706865148
0.700049651007
0.701415224806
0.702765937896
0.704068373937
0.705293216019
0.706424034365
0.70744130953
0.708339293998
0.709123974744
0.709800644951
0.71037503001
0.710871113252
0.711291714574
0.711660752144
0.712000555217
0.712323618235
0.712654327847
0.713008463145
0.713406717426
0.713867573964
0.714407410324
0.715041382922
0.715781423982
0.716637927719
0.717615926934
0.718716366474
0.719935014319
0.721260798554
0.722676029662
0.7241547459
0.725668368181
0.727183737875
0.728669854556
0.730095284389
0.731440142518
0.732688003157
0.733832313273
0.734872067331
0.735808974045
0.736653189819
0.737415090436
0.738106874814
0.738744410245
0.739342008502
0.739919808543
0.740496852507
0.741090792266
0.741724451662
0.742416394735
0.743186816732
0.7440534776
0.745031077614
0.746131751345
0.747362820678
0.748726065841
0.750219081824
0.75182972833
0.753540996216
0.755328143299
0.757162819335
0.759013040009
0.760849089478
0.76264190489
0.764369395085
0.766015785718
0.767570646344
0.769030063253
0.770394872945
0.77166961243
0.772859973869
0.773977813416
0.775034204885
0.776044398155
0.777023319118
0.777991758417
0.778967540876
0.779975855575
0.78103667771
0.782172652585
0.783404771043
0.784750238442
0.786224639195
0.787835701027
0.789584307551
0.791470423996
0.793477433308
0.795593782557
0.79779140755
0.800044909591
0.80232416679
0.804599548894
0.806849617907
0.809044237084
0.811169963916
0.813219456989
0.81517650856
0.817047208963
0.818822693247
0.820516246725
0.822129477465
0.823671374553
0.825159417968
0.826597623691
0.828019260697
0.829429732478
0.830862182865
0.832341677524
0.833887197465
0.835528528217
0.837284571427
0.839170754324
0.841196867134
0.843363324319
0.845664722952
0.848095795635
0.850622644044
0.853243702704
0.855919094749
0.858626544744
0.861338979987
0.86403181224
0.866688754567
0.869284294258
0.871802625929
0.874241171696
0.876590826463
0.878850676331
0.88101961007
0.883100814728
0.885101153267
0.887030139067
0.888901615726
0.890732612574
0.892544057429
0.894360993498
0.896212367515
0.898124336619
0.900125591547
0.902238067928
0.904479010036
0.906858007997
0.9093760045
0.912026513213
0.914797239846
0.91767168334
0.920627702041
0.923641171836
0.926689218322
0.929746808079
0.932790947028
0.935800050793
0.938757823373
0.941647411019
0.944458397384
0.947181147145
0.949810446839
0.952342617646
0.954779170612
0.957121995584
0.959380500821
0.961564501638
0.963690479074
0.965780053045
0.967860547548
0.969960863992
0.97211220904
0.974344156234
0.976680407922
0.979140545158
0.981732770141
0.984456730425
0.987307870535
0.990273379546
0.993334772404
0.996474332215
0.999668195269
1.00289995281
1.00614075259
1.00936979916
1.01257274131
1.015725576
1.01881480685
1.02182590547
1.02474568103
1.02757083162
1.03028924613
1.03290523793
1.03541655597
1.03782537356
1.04014528976
1.04239179379
1.04458720744
1.04675409642
1.04892430921
1.05113442657
1.053412663
1.05578891014
1.05827720116
1.06088724795
1.06362526923
1.06648014915
1.06944047708
1.07249111261
1.07561419823
1.07879050111
1.08200600231
1.08523425879
1.08845463355
1.09164734814
1.09479351093
1.09787531012
1.10088441095
1.10379970362
1.106611076
1.10931634075
1.11190301472
1.11437075004
1.11672981896
1.11898077327
1.12114524602
1.12324496392
1.12530512158
1.12735040112
1.12942073829
1.13154701385
1.13375537769
1.13607260853
1.13849058545
1.14102781361
1.14367934843
1.1464253874
1.14926080771
1.15216889267
1.15512225926
1.15812175618
1.16113442582
1.16414462469
1.16713166681
1.17007680973
1.17296122579
1.17576712485
1.17847937959
1.18108362369
1.18357075387
1.18593341614
1.18816978343
1.19028273038
1.19228060155
1.1941772955
1.19599621162
1.19776216284
1.19950841161
1.2012653807
1.20306585434
1.20493566711
1.20689407354
1.20895292447
1.21111530535
1.21337972391
1.21573993916
1.21818501577
1.22070255916
1.22327698479
1.22589220353
1.22853068603
1.23117267745
1.23379958136
1.23638905609
1.23892264724
1.24137869189
1.24373896461
1.24598840879
1.24811472188
1.25010983997
1.25196968584
1.25369829915
1.25530460683
1.25680429365
1.25821860571
1.25957519943
1.260903494
1.2622345842
1.26359666445
1.26501649221
1.26651151167
1.2680965888
1.26977756112
1.27155472138
1.27342352317
1.27537773764
1.27741164032
1.27950553596
1.28165006786
1.28382516672
1.28601612827
1.28819981984
1.29036030616
1.29247000103
1.29450611733
1.2964496015
1.29828063915
1.29998026555
1.30155035252
1.30297695839
1.30427020985
1.30543477478
1.30649401112
1.30747037766
1.30838381322
1.3092625021
1.31014186423
1.31104196416
1.31199333878
1.31300782243
1.31410644063
1.31529075326
1.31657145969
1.31794071655
1.31939513794
1.32093479588
1.32255070923
1.32422255693
1.32594260268
1.32769311835
1.3294458265
1.33119351267
1.33289485149
1.33454006955
1.33608727445
1.3375300401
1.33885177677
1.34002308798
1.34106489772
1.34196857996
1.34274889599
1.34342410111
1.34401474216
1.34454802098
1.34504933421
1.34554419224
1.34605711089
1.34661154461
1.34722367016
1.34791048311
1.3486807521
1.349541652
1.35049554193
1.35154356246
1.35268247284
1.35390472785
1.35520111056
1.35655992957
1.35796376966
1.35939419058
1.36082733755
1.36223649912
1.36359486353
1.36487409919
1.36604988746
1.36710340807
1.36802253543
1.36880557152
1.36945800999
1.36999131259
1.37042420474
1.37077786529
1.37107663726
1.37134343766
1.37160175986
1.37187578387
1.37218486549
1.3725478651
1.37298058829
1.37349490173
1.37409949272
1.37480037718
1.37560127955
1.37650236499
1.37749807974
1.37858308193
1.37974733347
1.38097600672
1.38224940206
1.38354388825
1.38483144471
1.386082077
1.3872670899
1.38836011445
1.38933776395
1.39018610034
1.39090954373
1.39150579293
1.3919928396
1.39238139709
1.39269334809
1.39295493788
1.39318431265
1.39340838341
1.39363828357
1.39389960527
1.39421083475
1.39458925928
1.39504780351
1.39559952413
1.39624646761
1.39700764025
1.3978727168
1.39884078718
1.39992102331
1.40109082818
1.40234356656
1.40366038179
1.4050171085
1.40638506135
1.40772474897
1.40901973792
1.41023289543
1.41133448535
1.41232698036
1.41319641639
1.41395538783
1.41460422164
1.41515800039
1.41564141893
1.41607300345
1.41647193747
1.41685749774
1.41724866027
1.4176637772
1.41811982033
1.41864243639
1.41924545462
1.41993954052
1.42073575725
1.42164534324
1.42267266869
1.42381831694
1.42508077749
1.426452696
1.42792001918
1.42946512457
1.43106250175
1.43268475202
1.43429914622
1.43587292314
1.43737850483
1.43879294991
1.44010277582
1.44130174413
1.44239115443
1.44338026236
1.44427963447
1.4451046701
1.4458735642
1.44660262106
1.44731178303
1.44801947566
1.4487452279
1.44950949286
1.45032929003
1.45122364201
1.45220900091
1.45330072721
1.45450802815
1.45583966952
1.45729984358
1.45888483224
1.46059028484
1.46240092574
1.46429819472
1.46625729892
1.46824961299
1.47024356593
1.47220771035
1.47411354509
1.47594000199
1.47767261553
1.47930205897
1.48082854211
1.48225676988
1.48359566791
1.48485649332
1.48605515566
1.48720480269
1.48832281762
1.4894274245
1.49053881002
1.4916827152
1.49287037673
1.49412266701
1.4954646227
1.49691282264
1.49847785594
1.50016853651
1.50199748657
1.50395110669
1.50603303544
1.50822494783
1.51050739788
1.51285434205
1.51523779288
1.51762820915
1.51999679708
1.52231021873
1.52456038082
1.52671884688
1.52878299806
1.53074926189
1.53261909092
1.53439768639
1.53608589176
1.53770208144
1.53926700315
1.54078019994
1.54226614194
1.54374348822
1.54524075122
1.5467633864
1.54835067796
1.55001494825
1.55177752549
1.55365449882
1.55566500808
1.55780551597
1.56008272062
1.56248700608
1.56500257296
1.56759766396
1.57025652181
1.57295941436
1.57565879496
1.57834531765
1.58098420246
1.58356316031
1.58606524307
1.58846912247
1.59077649476
1.59299408834
1.59510289049
1.59712608622
1.59907014671
1.60093407489
1.6027394936
1.60449808219
1.60623153593
1.60796047728
1.60970762179
1.61149860834
1.61335908041
1.61531202516
1.61737857772
1.61957150454
1.62189792518
1.62435468536
1.6269318248
1.6296138725
1.63237846769
1.63520204069
1.63805864492
1.64092204332
1.64376728302
1.64657174036
1.64931759963
1.65198653417
1.65456806786
1.65705256265
1.65943699573
1.66171858624
1.66390079808
1.6659871155
1.66798491237
1.66990745278
1.67176636403
1.67358126426
1.67537146965
1.67716333245
1.67898294477
1.68085937093
1.68281951593
1.68488617646
1.68707447124
1.68939121108
1.69183534759
1.69439411418
1.69705109214
1.6997865227
1.70257690465
1.70539608702
1.70822520249
1.71103026725
1.71380289469
1.71651814971
1.71916138981
1.72171509868
1.72417873104
1.72653074754
1.72877870471
1.73092182592
1.73295204978
1.73488655241
1.73672347348
1.73848851332
1.74018573518
1.74184434247
1.74349041286
1.74514555008
1.74684856377
1.74862190784
1.75049804045
1.75247993749
1.75459821555
1.75682757825
1.7591662909
1.76160631672
1.76411246911
1.76667887514
1.76926666518
1.77187037097
1.77446057397
1.77700866953
1.77950449782
1.78194009241
1.78428349641
1.78653126491
1.78867383828
1.79070467419
1.79262037007
1.79442104709
1.79610978216
1.79769428432
1.79917727232
1.80059321993
1.8019543521
1.80328636794
1.80462842097
1.80599215656
1.8074265983
1.80895702013
1.81058077777
1.81233521284
1.81418939459
1.81616347727
1.81822237501
1.8203566798
1.82254592217
1.82476794993
1.82700092929
1.82922362232
1.83142498581
1.83357510798
1.83565513379
1.83765766754
1.83956725817
1.84137071871
1.84306170733
1.84462825137
1.84607118367
1.84739353061
1.84860192653
1.8497100034
1.85073337985
1.85169574875
1.85262355369
1.85354687716
1.85449670854
1.85550283449
1.85659123351
1.85777921607
1.8590771534
1.86048374236
1.86199472234
1.86359648527
1.86527507642
1.86701286704
1.86878980049
1.87058746035
1.8723872282
1.87416755826
1.87591064796
1.87759716871
1.87920816595
1.88072900015
1.88214487875
1.88344301369
1.88461558887
1.88566017504
1.88657895872
1.88737653102
1.88806986782
1.8886745694
1.88921514754
1.88971943031
1.89021713968
1.89073832738
1.89131078972
1.89195842637
1.89269861101
1.89354177698
1.89448988587
1.89553967391
1.89668378626
1.89790308435
1.89919570166
1.90053488884
1.90190939395
1.90329538777
1.90467446525
1.90602834226
1.90733836537
1.90858398587
1.90974102091
1.91079961461
1.91174603275
1.91255597419
1.91324091279
1.91379419543
1.91422600033
1.91455060431
1.91478913758
1.9149581874
1.91510344968
1.91522946651
1.91538985518
1.91558593227
1.91585684042
1.91621964262
1.91667619023
1.91723141819
1.91789394741
1.91864050046
1.91948090386
1.92039447903
1.92137705251
1.92239431758
1.92344801595
1.92450989992
1.92556000004
1.92658618015
1.92754713354
1.92843961314
1.92924245086
1.92992824201
1.93048299364
1.93090998661
1.93119969096
1.93137012161
1.9314362822
1.93141891462
1.93133270115
1.93122387991
1.93109931813
1.93100424562
1.93095132807
1.9309694629
1.93106216905
1.93125018316
1.93153554327
1.93192175484
1.93240744586
1.9329856933
1.93364844151
1.93438625753
1.93518414052
1.93602785443
1.93689853002
1.93777753836
1.9386412091
1.93946576576
1.94022647681
1.94090014988
1.94146579858
1.94190688115
1.94221694523
1.94239554673
1.94245271604
1.94240610643
1.9422758006
1.94208881574
1.94187110655
1.94164818215
1.94144573182
1.94128598724
1.94118669883
1.94116396507
1.94123010977
1.9413923401
1.94165638003
1.94202302762
1.94248971913
1.94305127964
1.94369904096
1.94442196307
1.94520747137
1.94603657362
1.94689066096
1.94774560397
1.94857624789
1.9493558839
1.95005665035
1.95065526355
1.95113508455
1.95148557109
1.95170784988
1.95180998275
1.95181086377
1.95173076867
1.95159177918
1.95142849695
1.95125091549
1.95109850644
1.95097730797
1.95091534721
1.95092156255
1.95101684274
1.95120525157
1.95149395993
1.95188699713
1.95238626234
1.95299844501
1.95370119809
1.95449396307
1.95536464073
1.95628894209
1.95725546405
1.95824102638
1.95921870534
1.9601505501
1.96100789358
1.96178381849
1.96243125474
1.96296782815
1.96336462848
1.96365838893
1.96384553097
1.9639460203
1.96400149474
1.96401566603
1.96401100979
1.96402828902
1.96406749413
1.96416616834
1.96432075125
1.96455460416
1.96488892903
1.96532240262
1.96586056287
1.96651547028
1.9672761173
1.9681473802
1.96912023813
1.97017153271
1.97130370648
1.97248476392
1.97368851654
1.97489530375
1.97606361586
1.97717605687
1.97819893433
1.97911358383
1.97990903118
1.98058445145
1.98114467226
1.98160434356
1.98198104647
1.98229410885
1.98256693936
1.98281831262
1.98307119694
1.98334280655
1.98365484474
1.98402270373
1.98446378581
1.98499172709
1.98561847256
1.98635315751
1.98720343295
1.98816948768
1.98924973622
1.99043746992
1.99172054953
1.9930818951
1.99450142652
1.99595169456
1.99740520166
1.99883177361
2.00020201004
2.00148999948
2.00267552749
2.00374837335
2.00470403859
2.00554786024
2.00628814103
2.00694161579
2.00752389709
2.00805371505
2.00855147412
2.00903642037
2.00952700704
2.01004324748
2.01060347149
2.0112258881
2.01192681354
2.01272137404
2.01362211553
2.01463939927
2.01577448979
2.01702657353
2.01839046302
2.01985515012
2.02140289347
2.02300416494
2.02464173485
2.02628691467
2.0279032023
2.02946377115
2.03094490583
2.0323283677
2.03361179637
2.0347725939
2.03583154309
2.03677713884
2.03762999648
2.03840475218
2.03911791698
2.03977718906
2.04041029429
2.04103608152
2.04166485662
2.04232581899
2.04302934125
2.04380441753
2.04465973847
2.04563029133
2.04669901422
2.04790153943
2.04920891349
2.05064365118
2.05217257096
2.05378577515
2.0554588592
2.05715431065
2.05885310425
2.06052672766
2.06214871352
2.06369621702
2.06515121948
2.06651080573
2.0677479061
2.06887057869
2.06989158583
2.07080757321
2.07163820669
2.07239549755
2.07308325239
2.07372690268
2.07433330066
2.07494037825
2.07555766784
2.07620544047
2.07690451844
2.07768515719
2.07856523349
2.0795491387
2.08065463442
2.08188175814
2.08323234407
2.08467110894
2.08619497581
2.08777733061
2.08937953781
2.09098703296
2.0925643243
2.09409077333
2.09554500695
2.09691056071
2.09817437271
2.09933006312
2.10037467983
2.10130752027
2.10213368217
2.10286050348
2.10349884423
2.10405977077
2.10455915546
2.1050144069
2.1054432658
2.10586802359
2.10631007404
2.1067964651
2.10734876997
2.10799096643
2.10874141824
2.10961183434
2.11060493313
2.1117139292
2.11292475874
2.11421388701
2.11555658329
2.11692432429
2.11829184818
2.11963209036
2.12092342002
2.12214655717
2.12328489673
2.12432600915
2.12526116376
2.12608510204
2.1267962249
2.12739613735
2.12788935077
2.1282834306
2.128594227
2.12882725675
2.12900060965
2.12913404827
2.12925111698
2.12938505168
2.12953708513
2.12976176332
2.13006768987
2.13047566253
2.13100055716
2.13165645242
2.13241956854
2.13329445202
2.13424183561
2.13524564004
2.1362808518
2.13731290112
2.13832726845
2.13929391953
2.14020448961
2.14102379315
2.1417588137
2.14239055653
2.14291197861
2.14332011931
2.14361439959
2.14379834772
2.14387823424
2.14385382139
2.14375832295
2.14358828171
2.14337330471
2.14312639064
2.14288321638
2.14267146275
2.14250924772
2.1424328207
2.14246374872
2.14260604337
2.14287417878
2.14326263717
2.14374719428
2.14431729361
2.14493869474
2.14559619816
2.14626473999
2.14692089616
2.14754337076
2.14810306444
2.14859269839
2.14899750992
2.14930536479
2.149515876
2.14960316689
2.14957323046
2.14943566649
2.14918455197
2.14882765236
2.14838628457
2.14786673599
2.14729777255
2.14669380729
2.14609906551
2.14552243692
2.14500062711
2.14456726574
2.14422484683
2.14400400622
2.14390722938
2.14392089168
2.14403994945
2.14423690857
2.14450646915
2.14481403349
2.14513890391
2.14545949066
2.14575548807
2.1460086316
2.14620004844
2.14631498654
2.14633954378
2.146261631
2.14607229356
2.14576744544
2.14534546316
2.14480697746
2.14416241264
2.14342286031
2.14260710195
2.14173748861
2.14083778285
2.13993697149
2.13906419083
2.13824742268
2.13751009529
2.13687300285
2.13634800186
2.13593971361
2.13564477822
2.13545384043
2.13535043099
2.13531752652
2.13533546137
2.13538220012
2.13543812028
2.13548180144
2.13549643181
2.13546195336
2.13536027578
2.13517767042
2.13489815574
2.13451045952
2.13400712773
2.13338245917
2.13264408007
2.13178949366
2.13083741214
2.12979908766
2.12871875714
2.12760593899
2.1264914955
2.12540516188
2.12428873071
