metodo_1_dt_1:12
4.75419473464e-07
0.0186375443819
0.0186360344366
0.0186345421724
0.0186329345472
0.0186312456581
0.0186295941017
0.0186277427423
0.0186258847614
0.018624013305
0.0186220176587
0.0186203621077
0.0186184361866
0.0186164491741
0.0186144644871
0.0186137196553
0.0186118336216
0.0186103261472
0.0186096631299
0.0186082170779
0.0186089180874
0.018608876133
0.0186092528107
0.0186098417669
0.0186114763743
0.0186136507875
0.0186166441677
0.018620295581
0.0186246891119
0.0186298097887
0.0186368984302
0.0186444907715
0.0186524521415
0.0186628073891
0.0186741894854
0.0186871607637
0.0187009115547
0.0187170643825
0.0187350843967
0.0187549179641
0.0187767035787
0.0188003267142
0.0188259722327
0.0188546966658
0.0188853926007
0.0189182694921
0.0189541413609
0.0189934485763
0.0190344024074
0.0190794364102
0.0191263061132
0.0191779799259
0.0192320200646
0.0192891793624
0.01935077319
0.0194155661628
0.0194849702774
0.019557945129
0.0196350552453
0.0197163197533
0.0198020772247
0.0198921081135
0.0199867951236
0.020086381342
0.0201905604018
0.0202999822423
0.0204140230483
0.020533068203
0.0206582050232
0.0207882728628
0.0209241701626
0.0210659218551
0.0212125817125
0.0213653350715
0.0215239548057
0.0216887047772
0.0218598202584
0.0220366507565
0.0222199058046
0.0224101822408
0.0226058019304
0.022808502871
0.0230177856964
0.0232339274032
0.0234562627908
0.0236854226991
0.0239217312241
0.0241648412843
0.0244155296024
0.0246726852343
0.024937615576
0.0252089218156
0.0254879451969
0.0257732555201
0.0260663177735
0.026367496522
0.0266744011812
0.0269907261218
0.02731257781
0.0276427881243
0.027980173117
0.0283256906012
0.0286773399484
0.0290375807097
0.029404754381
0.0297801982638
0.0301630740845
0.0305523322064
0.0309498663207
0.031355445258
0.0317678047375
0.0321883471316
0.0326156409904
0.0330510945509
0.0334937385666
0.0339440354354
0.0344017247075
0.0348667294676
0.0353393730131
0.035819555921
0.0363069902786
0.0368015840959
0.0373034604872
0.037812760574
0.0383296372911
0.0388536030801
0.0393841213026
0.0399223263665
0.0404678838911
0.0410201468056
0.0415795019571
0.0421450077656
0.042718813665
0.043298174014
0.0438855722316
0.0444793012338
0.0450795914401
0.0456864948589
0.0462999279432
0.0469199839993
0.0475462371642
0.0481789393862
0.0488181307211
0.0494630278323
0.0501145811336
0.0507722391285
0.051435786315
0.0521052136925
0.052779612171
0.0534609582596
0.0541476678723
0.0548404695845
0.0555381304357
0.0562403799409
0.0569493028685
0.0576630101414
0.0583808689617
0.0591053394937
0.0598340020751
0.0605674907221
0.0613048751753
0.0620477509577
0.0627956928335
0.0635469232079
0.0643037040918
0.0650640399493
0.0658278383349
0.0665968803843
0.0673689266346
0.068145414502
0.0689249339329
0.0697088309394
0.0704958006964
0.0712861932701
0.0720798567059
0.0728765589376
0.0736767064958
0.0744792101683
0.0752849455782
0.0760932991315
0.076904542545
0.0777183416194
0.0785343322693
0.0793522064036
0.0801724540594
0.0809950987363
0.0818190859315
0.0826464416214
0.0834746476644
0.0843046788327
0.0851359619011
0.0859688502193
0.0868032843451
0.0876393553578
0.0884759198473
0.0893136406017
0.0901524137463
0.0909927463794
0.0918336175991
0.09267527383
0.0935181694648
0.0943601256315
0.0952041982732
0.0960478428919
0.0968922814216
0.0977369838701
0.0985818321022
0.0994265317568
0.10027115377
0.101116189916
0.101961408984
0.102806286488
0.103651029941
0.104495700014
0.105339898905
0.106183822769
0.107027853384
0.107871799625
0.108714809045
0.109557296657
0.110398829942
0.111240837214
0.112081602363
0.112922031436
0.113762280623
0.114601172218
0.115440477329
0.116278952151
0.117116184077
0.117953162087
0.11878961554
0.119625434869
0.120460478405
0.121295104389
0.122129178219
0.122962701704
0.123795689262
0.124628165994
0.125460099005
0.126291347538
0.127122244126
0.127953079521
0.128783872438
0.129613983283
0.130443688193
0.131273040965
0.132102245482
0.132932147169
0.133761500572
0.134590670714
0.135420313823
0.136249198038
0.137079228167
0.137909455508
0.138739524202
0.139570435616
0.140401678423
0.141234124985
0.142066424994
0.142899473318
0.143733758207
0.14456940849
0.145405746207
0.14624254729
0.147081503026
0.14792120337
0.148762841493
0.149605231409
0.150449796028
0.151296132324
0.152143788816
0.152994128448
0.153845918011
0.15470035607
0.155556000686
0.15641523012
0.157276559978
0.158140372028
0.159007109669
0.159876513921
0.160748747974
0.161624700791
0.162503098374
0.163385585731
0.164270727923
0.165160044425
0.166051983314
0.16694896275
0.167849238662
0.168753413719
0.169661998938
0.170574737975
0.171491756252
0.17241336194
0.173339512476
0.174270176905
0.17520576222
0.176146368791
0.177092611221
0.178043096563
0.178999409677
0.179960827848
0.180927527661
0.18190010339
0.182877964764
0.183861761821
0.184851729687
0.185847599133
0.186849222833
0.187857782833
0.18887164106
0.189892196734
0.190919177505
0.191952941135
0.192993109032
0.19404062605
0.195094163409
0.196154583404
0.197222730885
0.19829636176
0.19937831985
0.200467218748
0.201563495786
0.202665937188
0.203776515318
0.20489435607
0.206019364351
0.207152414177
0.208292205108
0.209440353822
0.210595710269
0.211758592474
0.21292925562
0.214107482549
0.215294375524
0.216488071877
0.217689715745
0.218899017304
0.220115747099
0.22134142595
0.222574439757
0.223815153378
0.225063770983
0.226319393121
0.227584048432
0.228855701196
0.23013520884
0.231423282053
0.232718242891
0.234021384554
0.235332103002
0.236650602566
0.237976486928
0.239310218364
0.240651487405
0.242000080112
0.243356451209
0.244720173681
0.246091399748
0.247469030497
0.248854890058
0.250247753275
0.251648020314
0.253054709606
0.254468989323
0.255890277887
0.257317333706
0.258752347189
0.260192829437
0.26164059753
0.263095158515
0.264555902941
0.266022839159
0.267496533234
0.268975408701
0.270460498292
0.271952195434
0.273449208715
0.27495252681
0.276460840272
0.27797445332
0.279493706597
0.281017724212
0.282547223347
0.284082102472
0.285621556506
0.287165703292
0.288714891367
0.290267630495
0.291825473746
0.293387351411
0.294953349841
0.296523416071
0.298098080356
0.299675635399
0.301256565637
0.302840739279
0.304429105748
0.306020551452
0.307614541351
0.309211675772
0.310811271748
0.312413535062
0.314018687529
0.315625632981
0.317235390509
0.318846694098
0.320460555133
0.322075340361
0.323692254655
0.325310738424
0.326930636858
0.32855188221
0.330173889087
0.331797198173
0.333421333058
0.335046358915
0.336671879789
0.338297650543
0.33992375207
0.341550247132
0.343176637174
0.344803941319
0.346430427946
0.348056710653
0.349682704261
0.351308478566
0.352933849187
0.354557936675
0.356181850953
0.357804364584
0.359426283395
0.361046830462
0.362666705997
0.364284140066
0.36590164942
0.367516864277
0.369131297709
0.370744294667
0.372355709761
0.373965197509
0.375572452744
0.377178508599
0.378781928216
0.380383933954
0.381983884003
0.383581704056
0.385177586146
0.38677173033
0.388363513747
0.389952923158
0.391540141445
0.39312519327
0.394707909384
0.39628846922
0.397867344145
0.399442921647
0.401016948601
0.402588529286
0.404157355774
0.40572406073
0.40728816142
0.408851087981
0.410411074027
0.411968494717
0.413524295367
0.415077658194
0.416628524857
0.418177872521
0.419725100017
0.421270348488
0.422813556425
0.424354800495
0.425893953332
0.427431389443
0.428967248661
0.430501432469
0.432034337495
0.433565193985
0.435094966943
0.436622992806
0.438149575904
0.43967561809
0.441200017151
0.442723547602
0.444245622532
0.445767999218
0.447288268625
0.448808764225
0.450328846426
0.451848506658
0.453367597316
0.454885845763
0.45640433613
0.457923445577
0.459442466617
0.460961751531
0.462480530747
0.464000406045
0.465521152723
0.467042746712
0.468564613017
0.470087877117
0.471612663686
0.473137530593
0.474664765219
0.47619327639
0.477723017938
0.479254769188
0.480788868564
0.482324769283
0.483862742219
0.485402819587
0.486945692983
0.488491268538
0.490039659951
0.491590800464
0.493144280089
0.494701763364
0.496261676293
0.497825369746
0.499393086327
0.50096389522
0.502538771803
0.504117859017
0.505699826777
0.50728758275
0.508878631904
0.510473927826
0.512074137127
0.513679195239
0.515288864047
0.516903742841
0.518523169148
0.520148149525
0.521778107128
0.523413482007
0.525054648872
0.526701281179
0.528353476555
0.53001163567
0.531675593653
0.533345679508
0.535022013585
0.53670383399
0.538392403714
0.54008708654
0.541788159588
0.543495938223
0.545210523971
0.546931170257
0.548659259315
0.550393112356
0.552135188437
0.553882999617
0.555638160464
0.557400738175
0.559170105723
0.560946893491
0.562730198211
0.564521635909
0.566319150167
0.568124601529
0.569936921801
0.571756779527
0.573584432124
0.575418517353
0.577260623335
0.579109652561
0.580966099825
0.582830855288
0.584701263213
0.586580775614
0.588466270728
0.590359637631
0.592260638736
0.594167814787
0.596083610394
0.598005253637
0.599934848407
0.601871349319
0.603814590252
0.605765373928
0.607723154844
0.60968758783
0.611659107691
0.613637757381
0.615621835649
0.617613701062
0.61961184458
0.621616023837
0.623626603433
0.625644707653
0.627667825818
0.62969717555
0.631732857598
0.633774550914
0.635821866308
0.637874875398
0.639933755507
0.641997811751
0.64406740492
0.646141970233
0.648221607802
0.650306937434
0.652396533865
0.654490823221
0.65659082525
0.658693836676
0.660801893495
0.662913487274
0.665030366449
0.667149898475
0.669273680965
0.671401563212
0.673532324142
0.675666864122
0.677804224291
0.6799438295
0.682087078883
0.684233092871
0.686381629495
0.688531423383
0.690684637615
0.692839732113
0.694996318356
0.69715539174
0.699315235998
0.701476262636
0.703639266662
0.705803424939
0.707967767833
0.71013331011
0.712298730758
0.714465415465
0.716631728209
0.718797800616
0.720964491328
0.723130612305
0.725296760328
0.727462346148
0.729626653378
0.731789895402
0.733953020217
0.736114753308
0.738273992002
0.740433456798
0.742590344106
0.744745290707
0.746898535802
0.749049495741
0.75119861811
0.753344718098
0.755489513249
0.757630808673
0.759769471153
0.761905291209
0.764038373856
0.766167812084
0.768294356263
0.770417656984
0.772537730039
0.774653762576
0.776766011783
0.778874499103
0.780979902691
0.783080707792
0.785177012278
0.787269681449
0.78935851548
0.79144237652
0.793522004054
0.795597462017
0.797667929303
0.799733818811
0.801795869607
0.80385244038
0.805904733569
0.807951806637
0.809993843579
0.812031819197
0.814063808738
0.816092154378
0.81811474392
0.820132042065
0.822144743517
0.824152541941
0.826154571533
0.828152313658
0.830144693844
0.832131905986
0.834114859958
0.836091705787
0.838064238329
0.840031229064
0.841993862888
0.843951747458
0.845903465261
0.847851370814
0.849793653685
0.851732301883
0.853665219818
0.855593900965
0.857517149004
0.859437182389
0.861351404396
0.86326176666
0.865168234273
0.867069638461
0.8689671489
0.870860240907
0.872749070826
0.874633709147
0.876515213273
0.878393397645
0.880266623317
0.882137049835
0.884003067829
0.885866297158
0.887725978708
0.889582243627
0.89143624948
0.893286733718
0.895133947694
0.896979201873
0.898821223785
0.900660916239
0.902498533839
0.904333120466
0.906166512266
0.907997227174
0.90982606773
0.911653714998
0.913478714771
0.915303400607
0.917125939771
0.918947441017
0.920767320244
0.922587070327
0.924405218842
0.92622345777
0.928040217586
0.929857833269
0.931674301668
0.933490742018
0.935307207249
0.937123862125
0.938941053656
0.940757314071
0.942575809166
0.944393632644
0.946213203841
0.948033060054
0.949854599084
0.951676789316
0.953500459826
0.955326296188
0.957152727869
0.958981003784
0.960812203528
0.962644256505
0.964478787744
0.966315424041
0.968153681308
0.969995520359
0.971839230268
0.973685720482
0.975534975359
0.977387508761
0.979241970616
0.981100620599
0.982962066819
0.9848266723
0.986694203864
0.988565905938
0.990440610159
0.99231879101
0.994201546958
0.996087249804
0.997977033143
0.999871184814
1.00176850606
1.00367074014
1.00557606549
1.00748605583
1.00940064017
1.01131874318
1.01324173279
1.01516886268
1.01709983653
1.01903626458
1.02097592433
1.02292084939
1.02487014698
1.0268238815
1.02878214933
1.03074478651
1.03271255656
1.03468412197
1.03666022903
1.03864097716
1.04062624184
1.04261578005
1.04460991611
1.04660857928
1.04861161453
1.0506192725
1.05263093571
1.05464681173
1.05666721752
1.05869207142
1.06072031908
1.06275261433
1.0647902435
1.06683025307
1.06887461023
1.07092309869
1.07297516308
1.07503113857
1.0770911343
1.0791540655
1.08121963626
1.08328956743
1.08536190995
1.08743831029
1.08951749644
1.09159826061
1.09368356708
1.09577020354
1.09785995362
1.09995168721
1.10204637538
1.10414284155
1.10624139484
1.1083422764
1.11044494277
1.11254830575
1.11465364498
1.11676045608
1.11886830386
1.12097696321
1.12308710608
1.12519705588
1.12730876934
1.1294203255
1.13153225534
1.13364423573
1.13575649681
1.13786799937
1.13997974844
1.14209047366
1.14420126116
1.14631053025
1.14841885418
1.15052586115
1.15263167082
1.15473628636
1.15683974762
1.15894010057
1.16103970678
1.16313545056
1.16523063142
1.16732172211
1.1694116259
1.17149812705
1.17358163475
1.17566205365
1.17773909783
1.17981190961
1.18188205294
1.18394801375
1.18601015028
1.18806841218
1.19012227539
1.19217154668
1.1942163225
1.19625671187
1.19829255716
1.20032245334
1.20234777406
1.20436778888
1.20638235971
1.20839136502
1.21039433895
1.21239167135
1.21438354383
1.21636894911
1.21834881805
1.22032170565
1.22228783979
1.22424808854
1.22620223272
1.22814915731
1.23008882613
1.23202192905
1.2339480031
1.23586639237
1.2377784217
1.23968260915
1.24158018942
1.24346977018
1.24535119851
1.24722631388
1.24909282657
1.25095223437
1.25280327788
1.25464616502
1.2564819378
1.25830980708
1.26012950859
1.26194053324
1.26374440387
1.26553989968
1.26732679169
1.26910541152
1.27087639233
1.27263872949
1.27439356101
1.27613925804
1.27787734571
1.27960671045
1.28132751463
1.28304055554
1.28474537571
1.28644146757
1.28812982936
1.28980947374
1.29148174377
1.29314498178
1.29479996844
1.29644719537
1.29808567478
1.29971652375
1.30133919971
1.30295443734
1.3045610384
1.30615942603
1.30775082843
1.3093331401
1.3109091071
1.31247626719
1.31403580272
1.3155877121
1.31713192209
1.31866892095
1.320199218
1.32172080103
1.32323568102
1.3247434545
1.32624398185
1.32773736386
1.32922401889
1.33070348505
1.33217569628
1.33364170924
1.33510116153
1.33655415366
1.33800020122
1.33943994778
1.34087321394
1.34230017029
1.34372165157
1.34513690973
1.34654573757
1.34794823119
1.34934553091
1.35073742789
1.35212319857
1.35350413505
1.35487978127
1.35624948655
1.35761456744
1.35897373852
1.36032861748
1.36167822696
1.36302367109
1.36436420919
1.36569994782
1.36703107032
1.3683575353
1.36968025632
1.37099884918
1.3723129052
1.37362248972
1.37492933246
1.37623125706
1.37752946633
1.37882498483
1.38011585802
1.3814032395
1.38268766464
1.38396917653
1.38524639019
1.3865208381
1.38779280276
1.38906120498
1.39032673509
1.39158900361
1.3928491048
1.39410611075
1.39536072223
1.39661239006
1.39786147678
1.3991089737
1.4003526193
1.40159499575
1.40283451751
1.4040723432
1.4053071988
1.40654019976
1.40777124406
1.40900003256
1.41022645972
1.41145176182
1.41267402275
1.41389529016
1.41511391966
1.41633073659
1.41754579882
1.41875895952
1.41997033294
1.42117966991
1.42238743903
1.42359363872
1.42479717887
1.42599903983
1.42719958044
1.42839875096
1.42959493237
1.43078964665
1.43198223259
1.43317309737
1.43436237617
1.43554943049
1.43673466696
1.43791755147
1.43909809586
1.4402774839
1.44145388535
1.44262886834
1.44380116963
1.44497131549
1.44613923014
1.44730448044
1.44846763523
1.44962769448
1.45078625807
1.451940924
1.45309364767
1.45424342837
1.45539091209
1.45653551363
1.45767639488
1.45881447666
1.45994939692
1.46108062727
1.46220933105
1.46333451294
1.46445569672
1.46557353936
1.46668815674
1.46779857989
1.46890454808
1.47000763354
1.47110606721
1.47220009093
1.47329026997
1.47437558709
1.47545719707
1.47653335966
1.47760506872
1.47867237887
1.47973433027
1.48079175664
1.48184286466
1.4828902759
1.48393111421
1.48496653633
1.48599732151
1.48702183896
1.48804005633
1.4890525187
1.49005915629
1.4910596992
1.4920536838
1.49304146753
1.49402327613
1.49499737065
1.49596532174
1.4969268128
1.49788080947
1.49882810899
1.49976851427
1.50070094133
1.50162624333
1.50254419774
1.50345457588
1.50435681579
1.50525207993
1.50613869819
1.5070179253
1.50788845798
1.50875195029
1.50960555973
1.51045240743
1.51128962567
1.51211850906
1.51293884401
1.51375158722
1.51455463752
1.51534847058
1.51613329312
1.51690943677
1.5176766313
1.51843452487
1.51918352292
1.51992279747
1.52065227427
1.52137266088
1.52208343188
1.52278483612
1.52347690733
1.52415940684
1.524831923
1.52549378493
1.52614708598
1.52678971484
1.52742229573
1.52804522166
1.52865783279
1.52926107492
1.52985366928
1.53043629127
1.53100818095
1.53157021753
1.53212269473
1.53266414004
1.533195442
1.53371702561
1.53422744265
1.53472785066
1.53521784248
1.53569763718
1.53616715188
1.53662625794
1.53707501172
1.53751266012
1.53794036275
1.53835799366
1.53876389133
1.53916063714
1.53954676195
1.53992215886
1.54028712112
1.5406417386
1.5409865811
1.54132046206
1.54164358861
1.54195708521
1.54225939564
1.54255168325
1.542833361
1.54310478308
1.54336606779
1.54361707899
1.54385878075
1.54408875769
1.54430884276
1.54451884529
1.54471837189
1.54490810344
1.54508750829
1.54525643954
1.54541606784
1.54556458727
1.54570366322
1.54583249844
1.54595086762
1.54605980141
1.54615853548
1.54624739324
1.5463263928
1.5463963098
1.54645568101
1.54650481081
1.5465437676
1.54657436765
1.54659420643
1.54660463643
1.5466048373
1.54659541645
1.54657737042
1.54654901137
1.5465102997
1.54646331906
1.54640585645
1.54633898698
1.54626348708
1.5461780381
1.54608269744
1.54597836125
1.54586409836
1.54574113966
1.54560864739
1.54546594833
1.54531447645
1.54515395655
1.54498434324
1.54480512325
1.54461686001
1.54441935985
1.54421228177
1.54399661713
1.54377098485
1.54353644498
1.5432932517
1.54304063205
1.54277832656
1.54250721079
1.5422278762
1.5419380442
1.54163985446
1.54133281694
1.54101686769
1.54069108509
1.5403568559
1.54001219692
1.53966018064
1.5392987395
1.53892737131
1.53854712061
1.538158259
1.53776066431
1.5373535225
1.53693691199
1.53651168032
1.53607751429
1.53563434753
1.53518115634
1.53472026835
1.53424945932
1.53376951145
1.53328060765
1.5327820661
1.53227483561
1.53175761791
1.53123187958
1.53069684615
1.53015252093
1.52959966772
1.52903679248
1.52846421876
1.52788294625
1.52729181911
1.52669138252
1.52608196049
1.52546365656
1.52483433299
1.52419665558
1.52354917128
1.52289262231
1.52222631314
1.52154952352
1.52086430821
1.52016855137
1.51946346312
1.51874865714
1.51802349453
1.51728984478
1.51654578272
1.51579162884
1.51502757861
1.5142538448
1.51347005355
1.51267633796
1.51187311485
1.51105904115
1.51023550301
1.50940078494
1.50855720165
1.50770252259
1.50683800195
1.50596299347
1.50507835864
1.50418294381
1.5032769311
1.50236062038
1.50143348383
1.50049728549
1.49954911033
1.4985912203
1.49762246532
1.49664291422
1.49565276683
1.4946519035
1.49364085996
1.49261876553
1.49158581387
1.49054222428
1.48948862014
1.48842304927
1.48734709856
1.48625955467
1.48516216374
1.48405249675
1.48293288902
1.48180253665
1.48066032913
1.47950797323
1.47834396281
1.47716852201
1.47598278395
1.47478559811
1.47357754987
1.47235797777
1.47112711513
1.46988498256
1.46863226991
1.46736754011
1.46609304138
1.46480593846
1.46350806839
1.4621990607
1.46087845264
1.45954730641
1.45820491156
1.4568505578
1.45548547927
1.45410842953
1.45272110851
1.45132178361
1.44991094223
1.44848946681
1.44705669025
1.44561243377
1.44415725004
1.44269092574
1.4412130548
1.43972378937
1.43822375092
1.4367119439
1.43518999401
1.43365579787
1.43211126859
1.43055531138
1.42898803904
1.42740992699
1.42582012623
1.4242195706
1.42260813795
1.42098546849
1.41935139516
1.4177069761
1.41605126322
1.41438488079
1.41270776294
1.41101891767
1.40931922032
1.40760896163
1.40588756879
1.40415563648
1.40241293921
1.40065951717
1.39889472152
1.39712004326
1.39533322068
1.3935366325
1.39172990924
1.38991160953
1.388083308
1.38624314098
1.38439320079
1.38253331245
1.3806622043
1.37878036755
1.37688796535
1.37498515058
1.37307197728
1.37114880098
1.36921429746
1.36726976032
1.36531530376
1.36334993713
1.36137410075
1.35938829842
1.35739173165
1.35538470258
1.35336787817
1.35134007976
1.34930255301
1.34725464295
1.3451963675
1.34312759935
1.34104887479
1.33895966007
1.33686014039
1.33475043077
1.33263011897
1.33050082975
1.32836003155
1.32620948228
1.32404775784
1.32187762139
1.3196959425
1.31750442482
1.31530306534
1.31309104885
1.31086806477
1.30863583486
1.30639266472
1.30414016444
1.30187624119
1.2996033151
1.29731921997
1.29502433734
1.29272018607
1.29040498161
1.28807990619
1.28574462591
1.28339805276
1.28104228817
1.27867588309
1.2762978273
1.27391041616
1.27151259039
1.2691040964
1.26668472442
1.26425503358
1.26181426884
1.25936367473
1.25690242594
1.25443031644
1.2519481568
1.24945452571
1.24694984507
1.24443535802
1.24191011812
1.23937407559
1.23682688375
1.23426807973
1.23169919836
1.22911997997
1.22652884599
1.22392750934
1.22131454121
1.21869094186
1.21605575987
1.21340999196
1.21075342738
1.20808504902
1.2054056203
1.20271588697
1.20001316169
1.19730051123
1.19457635533
1.19184062107
1.18909393798
1.18633530136
1.18356533368
1.18078445241
1.17799212821
1.17518766565
1.17237179822
1.16954430727
1.1667055467
1.16385490122
1.16099357747
1.15811979435
1.15523397564
1.15233665467
1.1494280246
1.14650697674
1.14357497246
1.14063082737
1.13767449327
1.13470717205
1.13172772436
1.12873646417
1.12573301655
1.12271729477
1.11969043656
1.11665063974
1.11360006285
1.11053704676
1.10746292333
1.10437540267
1.10127735625
1.0981668901
1.09504430628
1.09191016024
1.08876312938
1.08560548004
1.08243472775
1.07925286989
1.07605905934
1.07285316026
1.06963494839
1.06640501938
1.06316383828
1.05990971307
1.05664474746
1.05336792997
1.05007911244
1.04677875957
1.04346654877
1.04014180251
1.03680662028
1.03345950956
1.03009999058
1.02672986907
1.02334823632
1.01995484776
1.01654951486
1.01313263684
1.00970563587
1.0062665674
1.00281598016
0.999354758589
0.995882340351
0.992398341897
0.988903635715
0.985397649347
0.981879957368
0.978352727449
0.974814390823
0.971264728037
0.967705139396
0.964134211891
0.960553314289
0.956961359218
0.95335937044
0.949747392907
0.946124750222
0.942491908683
0.938848597583
0.935195732631
0.931532271535
0.92786027316
0.924177325325
0.920484392275
0.916782582825
0.913071082632
0.909350458226
0.90561963567
0.901879228457
0.898131061514
0.894372781433
0.890605407343
0.886829468393
0.883044454368
0.879250559409
0.875448355421
0.87163697104
0.867818048857
0.863990100567
0.860154004402
0.856309717956
0.852457049128
0.848596673971
0.84472721136
0.840851082843
0.836967533972
0.833074774609
0.829175866408
0.825268694053
0.821353928687
0.817432282365
0.813504182238
0.809567735885
0.805624541227
0.801674054302
0.797717485596
0.79375337363
0.789782974131
0.785805082273
0.781821321515
0.77783126289
0.773834322073
0.769831930957
0.765822111833
0.761806556859
0.757784923818
0.753757665267
0.749723793305
0.745684305587
0.741639370592
0.737588314845
0.733531389552
0.729468773932
0.725400750337
0.721326782043
0.717248737912
0.713164435524
0.709074287526
0.704979355582
0.700879101118
0.696774018945
0.69266389839
0.688548000857
0.684427401237
0.680302352026
0.676171819717
0.672036447582
0.667896629217
0.663751614954
0.659602334082
0.655447795621
0.651288947658
0.647124811355
0.642957647332
0.638784335196
0.634607345952
0.630425642292
0.62623920872
0.622048784078
0.617853446391
0.613653748342
0.609450365215
0.605242581476
0.601030155973
0.59681379834
0.592592291567
0.588367684461
0.584138022987
0.579904902225
0.575668215702
0.571426552006
0.567180405489
0.562931248204
0.558677375855
0.554420044611
0.55015826598
0.545893087169
0.541624327054
0.537350825668
0.533074158667
0.528793815284
0.524509184588
0.520221265091
0.515929465302
0.511633885644
0.507334942284
0.503032490051
0.498726957698
0.494418083427
0.490105741439
0.485789134304
0.481470541256
0.477148152738
0.472823151174
0.468494867561
0.464163399103
0.459829741762
0.455492766038
0.451153595427
0.446811655929
0.442467645821
0.438120867719
0.433772577243
0.429422104992
0.425069524411
0.420714918335
0.416359585261
0.412001970307
0.407643278276
0.403284595831
0.398924098903
0.394563357885
0.390201893799
0.385840813755
0.381479285304
0.377118566126
0.372758660107
0.368398968219
0.364041080268
0.359684770091
0.355330773766
0.350978862171
0.346629510603
0.342283444596
0.337941122944
0.333603107723
0.329269356893
0.324941069067
0.320618055588
0.316301381529
0.311992043593
0.307690361656
0.303396863815
0.299111737022
0.294836988607
0.290573608205
0.286321555851
0.282081476813
0.277854678234
0.273643892997
0.269447934975
0.265268887651
0.261107451413
0.256966746766
0.252846309512
0.248749193081
0.244676181193
0.240628157928
0.236609055316
0.232618650032
0.228660816102
0.224736532954
0.220849646981
0.217000129026
0.213192976944
0.209430193051
0.205714852309
0.202049060671
0.198438016183
0.194883960554
0.191391158371
0.187964049103
0.184606047576
0.181322740435
0.17811770489
0.174995648736
0.171962361819
0.169022711768
0.166183510736
0.163449838711
0.160826525917
0.15832155641
0.155939828617
0.153688196535
0.15157333116
0.149601659515
0.14777848757
0.146109701893
0.144602817398
0.143262869423
0.14209432109
0.141102023962
0.140291091331
0.139664764128
0.139225609491
0.138976000567
0.138916650677
0.139050024401
0.139373756821
0.139888393729
0.140591563884
0.141479933809
0.142551301371
0.143802617249
0.145227136153
0.146821377722
0.148580322859
0.150497390898
0.152566574113
0.15478372907
0.157139946206
0.159630433921
0.16225024844
0.164991425645
0.167848154966
0.170814791214
0.173885726048
0.177055608826
0.180319364779
0.183670534427
0.187106104507
0.190619974337
0.194208057415
0.197866122632
0.201591208543
0.205377474528
0.209222852184
0.213122582905
0.217074880296
0.22107650542
0.225124113283
0.229214398402
0.233345977394
0.237515636219
0.241721821115
0.245961492153
0.250233912105
0.254534983405
0.258865971341
0.263221727943
0.267603368361
0.272007829487
0.276434998362
0.28088178161
0.285349000167
0.28983343152
0.294334876856
0.298851893076
0.303384331445
0.307930694755
0.312489455865
0.317060273961
0.321641493624
0.326234832772
0.330836328345
0.335447359684
0.340066565133
0.344694030765
0.349327763897
0.35396748263
0.358613918392
0.36326541393
0.367922166419
0.372583361258
0.377248115849
0.381915979024
0.386587568944
0.39126217699
0.395939196682
0.400618276855
0.405298486113
0.40998074836
0.414664060181
0.419348150406
0.424032842751
0.428717759348
0.43340300306
0.438088125541
0.442772463715
0.447457310244
0.453434990438
