metodo_2_dt_1:1
1.51723922767e-07
0.00183160644253
0.00333556790829
0.00447997301264
0.0054276290389
0.00629430372314
0.00714878794506
0.00804984951687
0.00903589668278
0.0101222578674
0.0113251450127
0.0126451837534
0.01406179267
0.0155713247302
0.0171489931637
0.0187686159222
0.0204226674941
0.022080304866
0.0237225308474
0.025339260942
0.0269042433525
0.0284106287129
0.0298398779127
0.0311778553628
0.0324179760252
0.0335513596887
0.0345708191232
0.0354743051978
0.0362686720035
0.0369433980921
0.037560415242
0.0380367297059
0.0386107234954
0.0393194233514
0.0401939931358
0.0412634493266
0.0425487441447
0.0440636354351
0.0458113657681
0.047792015408
0.0499972274892
0.0524152794407
0.0550329521956
0.0578332006145
0.0607992049384
0.0639123907421
0.0671568323881
0.070513229701
0.0739673814035
0.0775018314781
0.0811024695762
0.084754260031
0.0884445718007
0.0921621849686
0.0958957218266
0.099639157106
0.103392028863
0.107157211393
0.110946496531
0.114781238981
0.11868883383
0.122698091983
0.126845165005
0.131157290038
0.135663925405
0.140381615417
0.145327047657
0.150504520887
0.1559181415
0.161563728538
0.167435638177
0.173521255328
0.179808626598
0.186280652048
0.192921370747
0.19971020291
0.206626888554
0.213651415676
0.220763780791
0.227941206658
0.235165611142
0.242417190232
0.249680011548
0.256939268376
0.264186619421
0.271419749569
0.278641111586
0.285865584962
0.293113165388
0.300417157748
0.307807684487
0.315318133075
0.322980948782
0.330821512259
0.3388565473
0.347099812793
0.355559069822
0.36423598407
0.373126846838
0.38222509081
0.391518802521
0.400998806797
0.41064440134
0.420443587667
0.43036982385
0.440406018869
0.450527969358
0.460710476451
0.470935115595
0.481175194214
0.49141033138
0.501623006686
0.511804094912
0.521940069382
0.53203222979
0.542095835227
0.552134369292
0.562186718008
0.572269616157
0.58243000151
0.592689750139
0.603084131584
0.613633657514
0.624350759865
0.635255995324
0.646345020656
0.657622298344
0.669084636331
0.680724421188
0.692532367691
0.704494401171
0.716593449937
0.728810403526
0.741129352776
0.753514030211
0.765951400565
0.778409261068
0.790868977715
0.803293998861
0.815676876172
0.828001583315
0.840244335548
0.852421716024
0.864517486399
0.87656484961
0.888570190351
0.900559844163
0.912571278688
0.924635709727
0.936775069751
0.949021784515
0.96139557234
0.973902998233
0.98656808043
0.999379785021
1.01234447464
1.02545845474
1.03871515579
1.05210216783
1.06560618701
1.07920123177
1.09288207696
1.10661698874
1.12037859829
1.13414863742
1.14788108918
1.16156628963
1.17517286796
1.18868200135
1.20208104956
1.21537360391
1.22855325708
1.24162974774
1.25462912549
1.26756533508
1.28047433365
1.29337533824
1.30629678188
1.31928257308
1.33232739778
1.34547474094
1.35871026408
1.37206848299
1.38553413224
1.39911543504
1.41280865294
1.42659575857
1.44047486696
1.45443116381
1.46844558841
1.48248574751
1.49654421505
1.51057269608
1.52454987413
1.53844568092
1.55224289504
1.56590050906
1.57941341899
1.59277435844
1.60598471355
1.61906290668
1.63200482429
1.64485084998
1.65760515572
1.67031373839
1.6829929105
1.69567781161
1.70837075121
1.72111053728
1.73390190109
1.74676555939
1.75969775708
1.77270128623
1.78577496305
1.79892401317
1.81214017184
1.82540154534
1.83869200017
1.85200095721
1.86529369193
1.87855115491
1.89173156282
1.90481219639
1.91776215395
1.93054557797
1.94315397827
1.95556782843
1.96780676066
1.9798586694
1.99173817695
2.00348482971
2.01510145803
2.02662253455
2.03806278448
2.04946631182
2.06083530216
2.07219943192
2.08357541968
2.09497628944
2.10641151426
2.11788671539
2.12940399453
2.14096199334
2.15255523772
2.1641650919
2.17579782581
2.18742764982
2.19902942247
2.21057812835
2.22204051757
2.23339723857
2.24459089541
2.25561338712
2.26642957389
2.27702851645
2.28740707623
2.29756866722
2.30753946901
2.31732606825
2.32695390012
2.33645321581
2.3458419722
2.3551404456
2.36438366034
2.37357907183
2.38274454701
2.39190824024
2.40106921015
2.41024528516
2.41943641613
2.42864930287
2.43787248638
2.4471087597
2.4563386498
2.4655607411
2.47474213045
2.48386723559
2.49290221357
2.50181505341
2.51057217185
2.51914917206
2.52750673921
2.53563553967
2.54351948493
2.55117322634
2.55860196658
2.5658186655
2.57285649018
2.57973354778
2.58647124613
2.59309879498
2.59963288008
2.60610613844
2.61251793882
2.6189071006
2.62526592359
2.63161984169
2.63798477054
2.6443432553
2.65070990172
2.65707455559
2.66343549152
2.669779969
2.67608372596
2.68233151783
2.6884883208
2.69452400413
2.7004128521
2.70611522921
2.71160991144
2.71686833161
2.72188655788
2.72665667156
2.73118602818
2.73549151153
2.73960110136
2.74352232859
2.74729444702
2.75093517287
2.75446688377
2.75791077399
2.76128909852
2.76461050697
2.76790917994
2.77119002195
2.77446519573
2.77773289135
2.7810144484
2.78429068021
2.78756532074
2.79082603112
2.79404917472
2.79722059016
2.8003160927
2.80330482418
2.80614838876
2.808814949
2.81129278183
2.81354286162
2.81555031058
2.81731791283
2.81884129219
2.82014112619
2.82122675177
2.8221191819
2.82285084087
2.82343698158
2.82391013804
2.82427517061
2.82457097659
2.82480937318
2.82500876562
2.82519499412
2.82536344386
2.82554351058
2.82572308068
2.82592346278
2.82612148533
2.82631735627
2.82650553886
2.82664576375
2.8267220634
2.82670627754
2.82655794472
2.82626582577
2.82578389204
2.82508866639
2.82418376605
2.82304167863
2.82166291727
2.8200648553
2.81826192987
2.81626315254
2.81408995483
2.8117751511
2.80933247418
2.80679452218
2.80416403539
2.80148232147
2.79876963508
2.79602507485
2.79328540398
2.79054492009
2.78783385178
2.78514783338
2.78242862852
2.77979124725
2.77721083884
2.77466604028
2.77213018674
2.76957317964
2.76696337099
2.76426992632
2.76147470672
2.75853410373
2.75545051745
2.75220330728
2.74878896133
2.74521078781
2.74147812344
2.73760514725
2.73361949048
2.72952096146
2.72535061567
2.72111993683
2.71685024607
2.71257241825
2.70828710638
2.70403335071
2.6998195256
2.69566132041
2.69157152202
2.68755838233
2.68363397401
2.6797834555
2.67599372073
2.67224402694
2.66851672544
2.66477052428
2.66096271106
2.65709010963
2.65309487364
2.64897209713
2.644694041
2.64024876467
2.63563068217
2.63085005659
2.62590333941
2.62080140366
2.61556834976
2.61021165329
2.60475149539
2.59920759516
2.5936102796
2.58797176286
2.58231307333
2.57665439585
2.57102485148
2.56543289412
2.5599031168
2.55443859489
2.5490449657
2.54372149305
2.53846662617
2.53325241337
2.52806071505
2.52285057207
2.51758653987
2.51223488497
2.50677379793
2.50116971734
2.49541289878
2.48948112917
2.48337747932
2.47708319111
2.47062041292
2.46399664432
2.45721713935
2.45029634958
2.44326110329
2.43612345081
2.42891136123
2.42163821378
2.41432704553
2.4070069533
2.399690267
2.39240524123
2.38516105837
2.37797322744
2.37085758695
2.36381629609
2.35683588557
2.34990038038
2.34299195908
2.33606997295
2.32910596424
2.32205740892
2.31489976852
2.30759865919
2.30014272618
2.29251100683
2.28470420244
2.27671469387
2.26855271896
2.2602191788
2.25173355308
2.24310323806
2.23434671164
2.22549687392
2.21656176883
2.20756420704
2.19853502544
2.18948952122
2.18045851434
2.1714561517
2.16251553442
2.1536315594
2.14482981942
2.13611334921
2.1274735121
2.11890256407
2.11037755714
2.10186069665
2.0933179559
2.08471857016
2.07602944619
2.06721753158
2.05826909116
2.04917171793
2.03991369793
2.03050023183
2.02093225323
2.01122315491
2.00138782759
1.99143509043
1.98139097486
1.97127729027
1.96111164248
1.95092693679
1.94074224274
1.93059064143
1.92049333379
1.91048432101
1.9005707541
1.89078338308
1.88111163563
1.87158256765
1.86218437893
1.85289949012
1.84372575901
1.83461002948
1.82553441978
1.81646235414
1.80735047894
1.79819000017
1.78894922625
1.77963181723
1.77022670173
1.76073236149
1.75116839314
1.74153285875
1.73186708379
1.72217324938
1.71248519287
1.7028229674
1.69321316129
1.68369351724
1.67430532822
1.6650473673
1.65598155209
1.64711560705
1.63848210742
1.63008230677
1.62194976111
1.61407253313
1.60643925341
1.5990486233
1.59186124172
1.58486087488
1.57801786062
1.57129105457
1.56466670085
1.55811563998
1.55161970481
1.5451854868
1.53881446395
1.53250571276
1.52629217642
1.5201862301
1.51421489817
1.50839963047
1.502775877
1.49737262081
1.49223162397
1.48736484528
1.48283416522
1.47865233061
1.47485981931
1.47146860712
1.46850930199
1.46598191638
1.46387955506
1.46220399156
1.46093266167
1.46003659025
1.45948892963
1.45925525086
1.45931107129
1.45961197794
1.46015010072
1.46090211432
1.46185409258
1.46301982408
1.46440222138
1.46602130762
1.4678833071
1.47001714357
1.47245528422
1.47520941682
1.47832134749
1.48181137282
1.48570687517
1.49003377137
1.49482288862
1.50008709878
1.50583347033
1.51208276299
1.51881797578
1.52604704901
1.53372594134
1.54183037818
1.55033034661
1.55917712111
1.56833085272
1.5777611406
1.58742000285
1.59728809969
1.60735294285
1.61759051882
1.62801013506
1.6386168552
1.64941125538
1.6604026426
1.67162120799
1.68308010028
1.69480010576
1.70680183465
1.71911947149
1.73175039867
1.74471437148
1.75804445762
1.77174320023
1.78580789504
1.80025387606
1.81507652562
1.83024367528
1.845737518
1.86153730333
1.87757394426
1.89383128597
1.91025199182
1.92678889266
1.94343100997
1.96013918295
1.97689037643
1.99368621833
2.01052411469
2.02739660971
2.04432385625
2.06130816345
2.07837717711
2.0955580123
2.11284273812
2.1302734928
2.14785902471
2.16562864669
2.18359099222
2.20176647639
2.22015563082
2.2387782018
2.25763201612
2.27672298928
2.29602451098
2.31553976075
2.33521294687
2.35503551729
2.3749518639
2.39491864338
2.41490090716
2.43486633503
2.45476649208
2.47461118291
2.49437484428
2.51406003537
2.53367414065
2.55321453657
2.57271409658
2.59216688089
2.61161337008
2.63105344143
2.65051946497
2.67002607187
2.68959311705
2.70923887226
2.7289939399
2.74885818988
2.76883657172
2.78895404493
2.80919463171
2.82956843477
2.85005474757
2.87064437582
2.8913016268
2.91199138652
2.93268108945
2.95331964088
2.97387760959
2.99431509544
3.01461631204
3.0347519775
3.05473835507
3.07455574887
3.09423450486
3.11376350091
3.13316558255
3.15247222404
3.17168197152
3.19082825424
3.20993940867
3.22900820348
3.24807622333
3.26716131934
3.28628087954
3.30543402203
3.32464574235
3.34392157698
3.3632557625
3.38264346399
3.40207939645
3.42154438925
3.44099751231
3.46042625982
3.47977805864
3.49901336271
3.51809506276
3.53699928105
3.55570417401
3.57418988395
3.59245252916
3.61050233324
3.6283489238
3.64599086247
3.66346565743
3.6807773901
3.69794569546
3.7149986493
3.73194907526
3.74882645617
3.7656439366
3.78243491698
3.79919490356
3.81595329937
3.83271915378
3.84949152584
3.86627013284
3.8830485752
3.89982763941
3.91657311978
3.93325801301
3.94985597028
3.96632455811
3.98263464175
3.99874950448
4.01463406739
4.03026702266
4.04565009808
4.06075760819
4.07560931455
4.09021250038
4.10458308754
4.11872713636
4.1326681608
4.14642938065
4.16003148356
4.17348494116
4.18683620395
4.20008187901
4.21325298324
4.22636235857
4.23943024574
4.25246530203
4.26548001503
4.27845758344
4.29140023281
4.30429280967
4.31711177991
4.32983097111
4.34241825135
4.35483392054
4.3670435648
4.37902885196
4.3907494347
4.40218579534
4.41333972916
4.42418533019
4.4347436289
4.44501977366
4.45502723425
4.46477364267
4.47430035962
4.48360528362
4.49271863774
4.50165784631
4.51045857398
4.51912045254
4.52768713575
4.53617379189
4.54457868228
4.55293565115
4.56122804114
4.56947630482
4.57766703052
4.58576446855
4.5937668265
4.60163555203
4.60933049718
4.61682577906
4.62409827343
4.63110623797
4.63782959579
4.64424740952
4.65034964231
4.65614611715
4.66162764568
4.66680659195
4.67170265747
4.67631384944
4.68068147583
4.68481663521
4.68873803746
4.69247776513
4.69605225376
4.69948137433
4.70279031759
4.70599682551
4.70913104803
4.71219363437
4.71519115559
4.71812473992
4.72099340021
4.72376563947
4.72641504092
4.72891271924
4.73123483286
4.73332641574
4.73517652221
4.7367615282
4.73803936004
4.73901749479
4.73967619516
4.74001639461
4.74004033094
4.73976966704
4.73920642153
4.73837004155
4.73727824135
4.73596443774
4.73443956581
4.7327289906
4.73085475842
4.72885211457
4.72673268375
4.72451978642
4.72223061868
4.7198811541
4.71748729624
4.71503993222
4.71253681334
4.70993928886
4.70723729235
4.70438903207
4.70135949577
4.69812290194
4.69463422595
4.69088738096
4.68686549164
4.68253914998
4.6779236228
4.67300936806
4.66780294266
4.6623266907
4.6565758927
4.65058821455
4.64437587038
4.63797096374
4.6313887665
4.62465370204
4.61779144016
4.6108365985
4.60379337773
4.59670389018
4.5895874756
4.58243900646
4.57528679839
4.56812067101
4.56093039139
4.55370540637
4.54640655515
4.53899931626
4.53144771939
4.52372856702
4.51580398146
4.50765319148
4.49926243522
4.49063507637
4.48176068784
4.47264440245
4.46329606967
4.45373991104
4.44398388731
4.43404904848
4.42396900304
4.41374934213
4.40343678493
4.39305887506
4.38262290325
4.37217528234
4.36173111335
4.35131276429
4.34094926451
4.33064448397
4.320405882
4.31024231789
4.30012336025
4.29004847171
4.27997867339
4.26988950933
4.25973540429
4.24948387596
4.23910879483
4.22860203126
4.21794379099
4.20713180317
4.19617056476
4.18507984091
4.17386400961
4.1625415577
4.15114415812
4.1396861892
4.12819469
4.11669826534
4.10523680515
4.09383034175
4.08250850497
4.07130914702
4.06023797073
4.04934644415
4.03862163673
4.02809429105
4.01774844883
4.00760927806
3.99763371946
3.98781958399
3.97812790297
3.96852521609
3.95898784843
3.94947578341
3.93996597838
3.93045400826
3.92091451774
3.9113800977
3.90183035944
3.89230047742
3.88279978178
3.8733509959
3.86397982578
3.85472397619
3.84560332053
3.83665894494
3.82790239982
3.81938509916
3.81113697838
3.80316535522
3.79551335806
3.78818878909
3.78121273466
3.77457914251
3.76828368681
3.76231388351
3.75665966418
3.75128451946
3.74615711127
3.74125457641
3.7365356306
3.73197381858
3.72755013796
3.72326439894
3.71910544422
3.71508014694
3.71121191536
3.70750960887
3.70399547206
3.70070445
3.69765361737
3.69487133621
3.69239665853
3.69024917434
3.68845805659
3.68705123449
3.68606379891
3.68550695532
3.6853957899
3.6857483902
3.68655438273
3.68780472036
3.68949150093
3.69158009613
3.69403954346
3.69684579844
3.69995382356
3.7033301943
3.70694570496
3.71078745167
3.71483037095
3.71907826405
3.72352276814
3.72817273326
3.73304282828
3.73816217318
3.74354233211
3.74920671127
3.7551897393
3.7615059509
3.76817964053
3.77524420472
3.78271174189
3.79060207704
3.79894095126
3.80772907002
3.81697015087
3.82665952781
3.83679227838
3.84734522942
3.85826706507
3.86954036066
3.88111544367
3.89296263121
3.90503523202
3.91730187159
3.9297372456
3.94233377015
3.95507176557
3.96795920717
3.98099093992
3.99417761889
4.00754419695
4.02108962404
4.03486326587
4.04885676689
4.06311109631
4.07763665305
4.09246243396
4.10758668062
4.12305428624
4.13884816847
4.15499588628
4.17148956207
4.1883342817
4.20550574338
4.22298068482
4.24072643458
4.25871288888
4.27688761236
4.29521666399
4.31365099924
4.33215714821
4.35071858173
4.3693076142
4.38791437507
4.40654544602
4.42519510892
4.44387235587
4.46259009834
4.48137551979
4.50024711502
4.51921506265
4.5382999157
4.55752113783
4.57690716852
4.59646502233
4.61620914542
4.63616109423
4.65631896103
4.67669628338
4.69727108702
4.7180625095
4.73902309461
4.76014518425
4.78138267047
4.80270322045
4.82405321854
4.84538967222
4.8666856616
4.88790320093
4.90902242167
4.93004215475
4.95095029085
4.97174998744
4.99246010715
5.01308379697
5.03364718022
5.05415916507
5.07463957263
5.09511854189
5.11560649921
5.13612314821
5.15669596315
5.17733078628
5.19804105067
5.21884565136
5.23974079666
5.26072709791
5.2818089635
5.30296425965
5.32418246762
5.34542509132
5.3666558457
5.3878428861
5.40893330638
5.42988675615
5.45067939522
5.47127697607
5.49167492371
5.51185806018
5.53182894946
5.55160574067
5.57119160881
5.59060270336
5.60986724554
5.62899537155
5.64801755046
5.66693523523
5.68579837015
5.70459705145
5.72336856275
5.74212822847
5.76086847512
5.77961722783
5.79837816602
5.8171397989
5.83589432678
5.85463719711
5.87333654999
5.89196334359
5.91049178513
5.92887228532
5.94707411752
5.96504006921
5.98276924407
6.00021080295
6.01737341656
6.0342555181
6.05085308786
6.067177936
6.08325571018
6.09909490333
6.11471559507
6.13014875515
6.14540596057
6.16050868033
6.17548774564
6.19035320346
6.20513256925
6.21983136021
6.23447104287
6.24904887975
6.26356685469
6.27802114572
6.29241125386
6.3067203041
6.32091459422
6.33496456384
6.34883542013
6.36249981836
6.37592055426
6.38904406823
6.40187312617
6.41435986587
6.42651556513
6.43833113432
6.44982461873
6.46100002975
6.47188499553
6.48248974229
6.49283574064
6.50295507781
6.51286010718
6.52257290742
6.53212509914
6.54153687799
6.55080674831
6.55998024917
6.56903894482
6.57800947449
6.58688242177
6.59566184163
6.60432468721
6.61286110608
6.62123537493
6.6294166591
6.63738108803
6.64508381479
6.65250148252
6.65959490561
6.66634136385
6.67273648498
6.67876450907
6.68442824184
6.6897474992
6.69473770588
6.69940810918
6.70378039511
6.70788720126
6.71174200266
6.71536809791
6.71879849412
6.72204539873
6.72513997785
6.72809144042
6.7309259739
6.73364555876
6.7362570358
6.73877004005
6.74116678389
6.74344184698
6.7455624796
6.74750021758
6.74923289931
6.75071703929
6.75192988727
6.75283226946
6.75340005108
6.75362543803
6.75349857779
6.75300747441
6.75215754416
6.75096036
6.74944305236
6.74762615743
6.74552296193
6.74315763482
6.74056475046
6.73775932855
6.73477510482
6.73162551142
6.72833248189
6.72492599184
6.72141304937
6.71781622962
6.71413295505
6.71037248877
6.70651609984
6.70254645908
6.69844768126
6.69417925987
6.68971700318
6.68501773863
6.68006036873
6.6748099659
6.66924745042
6.66337081769
6.6571653676
6.65064376821
6.64380500601
6.63667342644
6.62925838984
6.62158258841
6.61368048422
6.6055682643
6.59728220071
6.58883884403
6.58027331026
6.57160042908
6.56284258638
6.55403037818
6.54518093554
6.5362878089
6.52738730669
6.5184501304
6.5094955824
6.50047616546
6.49138354959
6.48218520709
6.47282614753
6.46330168716
6.45356390735
6.44359102066
6.43336957335
6.42290281378
6.4121924119
6.40123692519
6.3900493544
6.37865827425
6.36708514024
6.35533635661
6.34346738946
6.33147726284
6.31941412624
6.30730565642
6.29516914114
6.28302952973
6.27092020222
6.25885146564
6.24684965308
6.23491714975
6.22306919548
6.21129515357
6.19959389531
6.18793605103
6.17629300421
6.16464087434
6.15294329501
6.14114767325
6.12925655778
6.11722271348
6.10506679369
6.09275968028
6.0803283816
6.06778713402
6.05514440283
6.0424231184
6.02965837729
6.0168779089
6.00410105671
5.99135830074
5.97868870435
5.96611163404
5.9536646121
5.94136282794
5.92922889415
5.91729075638
5.90556248586
5.894043034
5.88273437384
5.87164114579
5.86073972234
5.85001774397
5.83943623862
5.82897041714
5.81857544594
5.80822895157
5.79789784645
5.78757689118
5.77725317247
5.76693219395
5.75663663229
5.74638588844
5.7361939582
5.72608649256
5.7161012699
5.7062586472
5.69659790956
5.68713973867
5.6779232885
5.66896710272
5.66030609396
5.65195403078
5.64392857799
5.63625507431
5.6289373769
5.62196960775
5.61534870089
5.60906632244
5.60310746125
5.59743299075
5.59200827706
5.58681323366
5.581802038
5.57695528809
5.57224275409
5.56766375469
5.56321127461
5.55889978578
5.55473907219
5.55076341395
5.54698387128
5.54343270172
5.54014308661
5.53714815936
5.53446395484
5.53212734191
5.53014232854
5.52856592971
5.52739665694
5.52665074252
5.52635075357
5.52649720771
5.52707051644
5.52809042127
5.52952265016
5.53133958627
5.53352561813
5.53603361726
5.53884148228
5.54190242851
5.54519277865
5.54868137844
5.55235972659
5.55621157801
5.56024021705
5.56446746677
5.56891152315
5.57358526688
5.57852516991
5.58374377026
5.58926835081
5.59514487469
5.60136375503
5.60796951311
5.61497795665
5.62239860265
5.63024061915
5.63852424035
5.64724919561
5.65639981198
5.66596249708
5.6759246218
5.68626059127
5.69691550932
5.70788276874
5.71910140067
5.73053549049
5.74216174544
5.75395283798
5.76587068619
5.77793196997
5.79011640154
5.80243198564
5.8148999162
5.82753146583
5.84035723395
5.85339959567
5.86667411026
5.88020211054
5.89401402492
5.90811749317
5.92254063502
5.93728561072
5.95237201122
5.96780514756
5.98356538183
5.99967596192
6.01610423122
6.03282638539
6.04982369759
6.06705012361
6.08447620277
6.10205853956
6.11973843718
6.13751159307
6.15532805321
6.17316907241
6.19103103834
6.20890228973
6.22679607679
6.24472256894
6.26267954073
6.28071580666
6.29883226272
6.31705299204
6.33540883842
6.35392004393
6.37259477556
6.39144850421
6.41050393021
6.42976030278
6.44923317118
6.46892357914
6.48881721146
6.50890322678
6.52917408316
6.54960186544
6.57014372519
6.59075974331
6.6114278326
6.63207432408
6.6526827777
6.67322080835
6.69365731812
6.71398040669
6.73420426903
6.75430445284
6.77431004524
6.79423524736
6.81409023589
6.83390411855
6.85369069777
6.87348086964
6.89328549356
6.91313277783
6.93303130025
6.95300384961
6.97305117576
6.99319018456
7.0134239891
7.03373007342
7.05413298859
7.07459866234
7.09510669435
7.11563886867
7.13616008411
7.15661976354
7.17697615891
7.19719603911
7.21724509337
7.23708710645
7.25670600729
7.27610570518
7.29528892909
7.31425655466
7.33303116607
7.35162230896
7.37006187523
7.38835942937
7.40654822934
7.42464115719
7.44266606067
7.46063257897
7.47856769839
7.496481679
7.5143764909
7.53225506894
7.5501308414
7.56799751683
7.58583734362
7.60363649585
7.62138168333
7.63904300404
7.65657830956
7.67395516001
7.69112533123
7.70805700145
7.72471098172
7.7410731503
7.75712063192
7.7728653894
7.78830404382
7.80345912275
7.81835257951
7.83299426558
7.84740673322
7.86162095526
7.8756628935
7.88954252631
7.903289664
7.91691073309
7.93043442425
7.94386130076
7.95720956919
7.9704716865
7.98366051617
7.99675880376
8.00976499179
8.02266204395
8.03541706981
8.04799913933
8.06038797268
8.07254413972
8.0844196507
8.0959891162
8.10721405692
8.11808537435
8.12858548384
8.13872694981
8.14850942261
8.15796494598
8.16711307345
8.17596794712
8.1845538048
8.19290445469
8.20104303862
8.20898169215
8.21675024658
8.22435691805
8.231826759
8.2391618804
8.24637995374
8.25348406696
8.2604600458
8.26730531137
8.27401345599
8.28056531417
8.28692646794
8.29307701235
8.29897432235
8.30459318294
8.30988982956
8.31484336782
8.319429991
8.32362542299
8.32742555845
8.33084574366
8.333900408
8.33660059276
8.33897709055
8.34105219276
8.34285885139
8.34441297395
8.34574824535
8.34688729993
8.34784134908
8.3486286652
8.34927437505
8.34979052231
8.35017241685
8.35043854097
8.35057314309
8.35057634893
8.35043244467
8.35011016297
8.34957951185
8.34882603697
8.34781425009
8.346502575
8.34487073727
8.34288121325
8.34053244948
8.33781190654
8.33471045497
8.33123738386
8.32741551097
8.32327457104
8.31882818509
8.31410995023
8.30914587594
8.30396886202
8.29860085128
8.29306355
8.2873747893
8.28155927676
8.27564042169
8.26961785964
8.26350516699
8.25730330735
8.2510102331
8.24462280803
8.23811012288
8.23144422183
8.22461286285
8.21757661169
8.21030221665
8.20276154093
8.19493361467
8.18679479774
8.17832630992
8.16954293551
8.16044241262
8.15103732708
8.14134886924
8.13139704258
8.1212233195
8.11084923834
8.10029951052
8.08960302691
8.07879993462
8.0679068038
8.05695010874
8.04593129087
8.03489812943
8.02383667116
8.01275930543
8.00168642185
7.99058678511
7.9794755585
7.96830621557
7.95707938958
7.94574571734
7.9342721835
7.92263603704
7.91081038075
7.89876599993
7.8865000237
7.87400909476
7.86128914277
7.84835255261
7.83522260064
7.82193215847
7.80849548112
7.79495169147
7.78131854755
7.76764483204
7.75395588656
7.74026615456
7.72661876958
7.71302287234
7.69950220806
7.68607233487
7.67274481196
7.65953534287
7.6464270382
7.63343200124
7.62051913307
7.60768504856
7.5948837082
7.58209562207
7.56929098256
7.55642058436
7.5434733334
7.53042472878
7.51728255997
7.50403297717
7.49070149177
7.47730708717
7.46386491199
7.45041159494
7.43696840462
7.42357561621
7.41026505919
7.39705869756
7.38399492703
7.37109199043
7.35838302217
7.34587996068
7.33360423464
7.32157759864
7.30979493944
7.29826799111
7.28698052638
7.27594093433
7.26512364966
7.25450486879
7.2440500258
7.23373838688
7.22351771116
7.21337568015
7.20327658652
7.19321352204
7.18319552493
7.17321040095
7.16330772793
7.15348521465
7.14377517258
7.13421685795
7.12484141998
7.11567099518
7.10674486401
7.09809181956
7.08972946831
7.08168149019
7.07397726157
7.06663314609
7.05966078361
7.05305805843
7.0468264856
7.04096669332
7.03547715641
7.03032815671
7.02550220335
7.02097921009
7.01670907462
7.01267418588
7.00882346306
7.00514605406
7.00160544823
6.99820713615
6.99495945372
6.99185980303
6.98894347332
6.98622846694
6.98375363102
6.98155305253
6.97963915432
6.97805339117
6.9768126568
6.97594995334
6.97548225139
6.97542550419
6.97579836371
6.97660028808
6.97784421406
6.97952422442
6.98163088037
6.98414662398
6.98706634789
6.99035412874
6.993972543
6.99790102035
7.00210766584
7.00654095154
7.01118243849
7.01601095121
7.02099507779
7.02614401324
7.03145615539
7.03695779508
7.04266330706
7.048609605
7.05482538114
7.06132934463
7.06815671126
7.07533121718
7.08286056176
7.09077820102
7.09908524981
7.10779743071
7.11691760213
7.12644887518
7.13639281734
7.14672227722
7.15743594738
7.16850415818
7.17989201811
7.1915792812
7.2035142002
7.21567232026
7.22800822886
7.24050839982
7.25311769295
7.26584578245
7.27866493036
7.2915766386
7.30459822826
7.31775499913
7.33105858759
7.34454210026
7.35823879778
7.37216125692
7.38633854751
7.40078354669
7.41552426443
7.43056657374
7.44591191051
7.46157671948
7.47754461328
7.49382213244
7.51039774425
7.52724419077
7.54434700985
7.56166683563
7.57917853946
7.59684432555
7.61461289897
7.63246251249
7.65035670385
7.6682557485
7.68615544493
7.70120986883
