metodo_2_dt_1:12
4.75419473464e-07
0.0186374814258
0.0186356384373
0.0186337845501
0.0186317830202
0.0186297869823
0.0186275777774
0.0186252849897
0.0186229287544
0.0186203245821
0.0186173217696
0.018614850813
0.0186114534753
0.0186077384652
0.0186037956084
0.0185995959431
0.0185951257754
0.0185898519451
0.0185841978409
0.0185779604086
0.0185703289588
0.0185631433959
0.0185547173051
0.0185456173529
0.0185355399152
0.0185246155414
0.0185126282249
0.0184999766976
0.0184851606082
0.0184700238677
0.0184542532545
0.0184361317863
0.0184172982457
0.0183968371899
0.0183750070332
0.0183508161526
0.0183254015946
0.0182977513394
0.0182691865172
0.0182387634592
0.0182057732166
0.0181710077568
0.0181347171516
0.0180950138522
0.0180541292201
0.0180102847314
0.01796440443
0.0179162621404
0.017865343491
0.0178107108447
0.0177550210738
0.0176962035843
0.0176347923454
0.017570185977
0.0175022115873
0.0174319828037
0.017358577128
0.0172823118842
0.017202768218
0.0171200678632
0.0170342302693
0.0169451823522
0.0168530593799
0.0167575871472
0.0166587556867
0.0165566894018
0.016451405437
0.0163430771554
0.0162312727144
0.0161155358884
0.0159976152301
0.0158762580631
0.0157514008265
0.0156230438754
0.0154924310889
0.0153587791489
0.0152226818879
0.0150828214923
0.0149409674779
0.0147972704042
0.0146499537942
0.0145013529983
0.0143504393334
0.0141980901567
0.0140435452934
0.013888203918
0.013732872519
0.0135756503536
0.0134189832181
0.0132624079057
0.0131059214777
0.0129512268937
0.0127974004563
0.0126471614997
0.0124984471582
0.0123531184232
0.0122126188482
0.0120763036924
0.0119465061903
0.011822271587
0.0117063903764
0.0115973893335
0.0114987724731
0.0114097706857
0.0113326897316
0.011267511865
0.0112157491313
0.0111790738373
0.0111566052412
0.0111509393176
0.0111630433909
0.0111922611515
0.0112411874765
0.0113098798995
0.0113987254653
0.011508457145
0.0116391429196
0.0117911972639
0.0119643798484
0.0121588049022
0.0123749454279
0.0126126610589
0.0128721557217
0.0131510821107
0.0134504910921
0.0137708032274
0.0141088467576
0.0144670185969
0.014843116452
0.015237260718
0.0156482287513
0.0160770323621
0.0165203456069
0.0169802795245
0.0174552982236
0.0179445130701
0.0184481815647
0.0189653869957
0.0194955204444
0.0200392486584
0.0205939139864
0.0211621789721
0.0217401428056
0.0223304242329
0.0229308703397
0.0235428632904
0.0241641342677
0.024794812296
0.0254363682627
0.0260856381805
0.0267448738957
0.0274126081852
0.02808765926
0.0287722065405
0.0294638464728
0.0301642708204
0.0308715035383
0.0315860407141
0.0323072401111
0.0330348970269
0.0337703341421
0.034511406508
0.0352588777591
0.03601212317
0.0367713507377
0.0375359144835
0.0383063210797
0.0390818529747
0.0398623881522
0.040648016326
0.0414383302569
0.0422330802586
0.0430325747836
0.0438361308284
0.0446440345759
0.045455609024
0.0462716696072
0.0470906381078
0.047912587686
0.0487393755694
0.0495689237169
0.0504009600427
0.0512366771891
0.0520749991175
0.0529156451699
0.0537592902487
0.054604707582
0.0554537350305
0.0563041459532
0.0571568084392
0.0580110881041
0.0588680630453
0.0597262827677
0.0605855467327
0.0614479799832
0.0623109045653
0.0631751463816
0.0640413110077
0.064907785791
0.0657755156602
0.0666447082095
0.0675148116495
0.0683858219542
0.0692575089825
0.0701309009409
0.0710042382766
0.0718781519782
0.0727527613533
0.0736276903679
0.0745041264195
0.0753798048266
0.07625654157
0.0771335852286
0.078011067691
0.0788887093936
0.0797668592975
0.0806456591457
0.0815236200688
0.0824032501747
0.083282216453
0.0841617670468
0.0850415983855
0.0859217687471
0.0868023932591
0.0876832308096
0.0885644155484
0.0894458808989
0.090327801283
0.0912102132165
0.0920933046596
0.0929760027853
0.0938605958897
0.0947449811561
0.0956301413758
0.0965161116818
0.0974025751378
0.0982897492544
0.0991784518444
0.100067145946
0.100956976734
0.10184888042
0.102741215008
0.103634634645
0.104530402872
0.105426863492
0.106325235913
0.107224572929
0.108125518532
0.109029453534
0.109934217567
0.110841338898
0.111750785443
0.11266189003
0.113575468506
0.114492187756
0.115411032883
0.116332203333
0.117256664301
0.118183543743
0.1191134381
0.120047375664
0.120984190898
0.121924199265
0.122867867316
0.123815637946
0.124766387926
0.125721993457
0.126680171507
0.127644109403
0.12861116578
0.129583773322
0.130560827782
0.13154178402
0.132528051995
0.133519328944
0.134515722565
0.135517271901
0.136524305557
0.137536798848
0.13855494571
0.139578884423
0.140608810621
0.141644723828
0.142686391487
0.14373527853
0.144789394818
0.145850380255
0.146918427481
0.147993075078
0.149074957995
0.150163303813
0.151258627944
0.152361954677
0.153472142449
0.154589443588
0.15571533573
0.156847979777
0.15798840729
0.159136828097
0.160293541343
0.161458422708
0.162630557785
0.163811249751
0.165000560829
0.16619784345
0.167403864924
0.168618125798
0.169841386703
0.17107295742
0.172313267933
0.17356298836
0.174820515233
0.17608734287
0.177363748807
0.178648848388
0.179942171235
0.181246009316
0.182557823349
0.183878475413
0.185209067515
0.186549267007
0.187897858842
0.189255396929
0.190622702892
0.191999256081
0.193384901441
0.194779063939
0.196183410871
0.197596570578
0.199019034429
0.200450543491
0.201891145555
0.203340881257
0.204799659247
0.206267445498
0.20774418738
0.20923039977
0.210724362336
0.212227456035
0.213739906499
0.215260782357
0.216790173638
0.218328536909
0.219875458762
0.221429873452
0.222993639973
0.224564753725
0.226143949298
0.227731571995
0.22932703899
0.230930865858
0.232541884178
0.234161084474
0.235759078586
0.237311363949
0.23881922587
0.240281817012
0.241698680033
0.243069888638
0.244396011874
0.245678071711
0.246914804288
0.248105913786
0.249253376355
0.250355429349
0.251414864362
0.252430510652
0.253402050919
0.254330660572
0.255217846542
0.256062239057
0.25686587417
0.2576283487
0.258349983837
0.259032243259
0.259674826228
0.260279525525
0.26084601133
0.261376600629
0.261870042604
0.262328143607
0.262751520228
0.263141113388
0.263497591579
0.263821983592
0.264115188931
0.264378055821
0.264611638864
0.264816789432
0.264994867325
0.265145909326
0.265272364874
0.265374449598
0.265452528776
0.265509504058
0.265544699119
0.265560764268
0.265557247558
0.265537007602
0.265499436761
0.265447686571
0.265380970455
0.265301976983
0.265211180547
0.26510984851
0.265000240871
0.264882185989
0.264757280604
0.264627121075
0.264493935052
0.264356958555
0.264218431214
0.26408021985
0.263942101409
0.263807355295
0.263675734616
0.263549851003
0.263429423848
0.263317299628
0.263213607389
0.263120761799
0.263038839996
0.26297001787
0.262914611685
0.262875564722
0.262852025338
0.262847106813
0.262861339951
0.262896266954
0.26295251946
0.263032614331
0.263136033607
0.263264881271
0.263420113178
0.263603287525
0.263815591056
0.26405811569
0.264331880851
0.264637842034
0.264977432244
0.265351600808
0.265761476148
0.266207963169
0.266692289133
0.267215310175
0.267778030837
0.268381435367
0.269026644929
0.269713821363
0.270445630465
0.27122094366
0.272041072681
0.27290721884
0.273820045918
0.274780322617
0.275789354662
0.276846166753
0.277952325481
0.279109042882
0.280315585778
0.28157365706
0.282883396433
0.284245022766
0.285658597435
0.287125335582
0.288644149812
0.290217747394
0.291843408364
0.293523556173
0.295256817204
0.297044094587
0.298885844261
0.30078063782
0.302729363163
0.304732373529
0.306789467294
0.308898494212
0.311060887739
0.313275576018
0.315543303912
0.317862736534
0.320233231767
0.322654403053
0.325126061034
0.327646872417
0.330216093093
0.332833807336
0.335498609197
0.338209442483
0.340965466165
0.343766086633
0.346609689057
0.349495507487
0.352422369875
0.355388952251
0.358394024549
0.361436229247
0.364514477714
0.367627164584
0.370772402543
0.373949227699
0.377156789272
0.380392150698
0.383654824377
0.3869428842
0.390255103868
0.393588223171
0.396942474381
0.400315353156
0.403704957296
0.407109506321
0.410527994233
0.413957981217
0.417397802159
0.420846063763
0.424301452414
0.427759841685
0.431222514938
0.434686528211
0.438149080749
0.441609838313
0.445067255842
0.44851832612
0.451963147397
0.45539873438
0.458824456608
0.462237242235
0.46563702151
0.469022494635
0.472391166439
0.475742627414
0.479074142091
0.482384637748
0.485674746354
0.488941106705
0.492183383199
0.495400253735
0.49859032386
0.501753059476
0.504887362945
0.507991762849
0.511065522275
0.514108118298
0.51711812337
0.520095029069
0.523038135374
0.525947137835
0.528821138538
0.531658544686
0.534459454668
0.537224397017
0.539951426728
0.542640990188
0.545292006497
0.547903908167
0.550477489449
0.553012076075
0.555507290602
0.557962956324
0.560378973717
0.562755230152
0.565090782089
0.567387333374
0.569643845289
0.571860404398
0.574037405879
0.576174413389
0.578271973313
0.580330399748
0.582349504972
0.584329563619
0.586271537999
0.58817542568
0.590040864972
0.591868624883
0.593659083892
0.595413669146
0.597132089582
0.59881366681
0.600460953476
0.602073006454
0.603651098203
0.605195273321
0.60670634102
0.608185938509
0.609633480664
0.611049868477
0.612436083997
0.613793069201
0.615121185995
0.616421438267
0.617694529137
0.618941235879
0.62016259394
0.621359384837
0.62253270202
0.623682216928
0.624810653671
0.625918232056
0.62700625605
0.628073734432
0.629124623604
0.630158511026
0.631175972671
0.63217832129
0.633166725521
0.634142230977
0.635106524118
0.636060208787
0.637003781956
0.637939199319
0.638867665121
0.639789846294
0.64070717694
0.641619415231
0.64253030665
0.643439088546
0.644347881517
0.645256700015
0.646168296667
0.647082179998
0.648001211684
0.648925667985
0.649856487371
0.650795308636
0.651742852559
0.652701369998
0.65367073674
0.654653244609
0.655648884253
0.656660403179
0.657687714199
0.65873208306
0.659794701163
0.66087734517
0.661980561976
0.663105095825
0.664253448022
0.665425125025
0.666621917618
0.667845095353
0.669094911323
0.670373122941
0.671680855041
0.673018236904
0.674386795461
0.675787444202
0.677220930983
0.67868759337
0.680189820602
0.681727047485
0.683300505726
0.684910063323
0.686558262035
0.688244203981
0.689969679652
0.691734626683
0.693539038618
0.695384970842
0.697271446907
0.69919943961
0.701169914493
0.703182926585
0.705238126492
0.70733624286
0.709477104906
0.711662088552
0.713890319772
0.716161252039
0.718476252727
0.720835063865
0.723235791703
0.72568103834
0.728168552889
0.730698273293
0.733271347198
0.735885369238
0.73854136569
0.741238356263
0.743975478005
0.746752392018
0.749569004627
0.752422880347
0.755315294687
0.758244448856
0.761208436538
0.764208076337
0.767241441995
0.77030720562
0.773405377545
0.77653350307
0.779690936913
0.782876365075
0.786088560274
0.789326393675
0.792588027381
0.795872427586
0.799177753281
0.802503599965
0.8058465218
0.809207055862
0.812582456498
0.815971412962
0.819372654001
0.822783623365
0.82620440307
0.829631829881
0.83306517433
0.836503302534
0.839943605137
0.843384788654
0.846825018834
0.850263657477
0.853698385626
0.857128088071
0.86055179941
0.863967669072
0.867373629648
0.870768328926
0.874151797112
0.877522263071
0.880878180349
0.884217937511
0.887540733319
0.890845946753
0.894131705783
0.897397409736
0.900643004953
0.903865178617
0.907065547926
0.91024226677
0.913393821211
0.916521745082
0.919622655742
0.922697590355
0.925745894308
0.928766210297
0.931758645498
0.934722481145
0.937657827288
0.940564068256
0.943440645321
0.946287786958
0.949104230774
0.951891372315
0.954647759071
0.957373765821
0.960070210354
0.962734826614
0.965368999488
0.967973612268
0.970546513131
0.973090132469
0.975603181476
0.97808570434
0.980537794364
0.98296010667
0.985352424762
0.987715967129
0.990049129827
0.992354583619
0.994630351496
0.996877640527
0.999096123747
1.00128767134
1.00345145087
1.0055879475
1.00769721789
1.00978024216
1.01183659142
1.01386779327
1.01587382017
1.01785469665
1.01981047977
1.02174294501
1.02365159117
1.02553754897
1.0274001747
1.02924112656
1.03106067058
1.03285854029
1.03463653068
1.03639386145
1.03813184855
1.03985124239
1.04155181724
1.0432345529
1.04489985079
1.04654872916
1.04818183447
1.04979870698
1.05140150497
1.05299004097
1.05456467666
1.05612617378
1.05767632892
1.05921388888
1.06074120246
1.0622584963
1.06376566256
1.06526387426
1.06675411127
1.06823676021
1.06971222243
1.07118266295
1.07264734987
1.07410722071
1.07556312726
1.07701562694
1.07846618966
1.07991472772
1.08136303908
1.08281056616
1.0842584506
1.08570856668
1.08715943729
1.08861437622
1.09007211121
1.09153362477
1.09300065326
1.09447351697
1.09595151398
1.0974379477
1.09893147507
1.10043396282
1.10194474885
1.10346613931
1.10499774884
1.1065410501
1.10809471954
1.10966112716
1.11124144193
1.11283389719
1.11444162171
1.11606292393
1.1176999349
1.11935193721
1.12102077981
1.12270576766
1.124406907
1.12612616908
1.12786269362
1.12961620791
1.13138888353
1.13317979153
1.13498890783
1.13681727164
1.13866476401
1.14053059141
1.14241536719
1.14431947646
1.14624252268
1.14818503221
1.15014485779
1.15212457077
1.15412234877
1.15613752835
1.15817086077
1.16022241732
1.16229017673
1.1643741507
1.16647443234
1.16859037144
1.17072051754
1.17286529477
1.17502344463
1.17719428238
1.17937655995
1.1815704593
1.18377341916
1.18598638599
1.18820631144
1.190434585
1.19266764934
1.19490613955
1.19714782702
1.19939199445
1.20163783132
1.20388378427
1.20612844425
1.20837020172
1.2106073805
1.21284075313
1.21506641917
1.21728461684
1.21949363745
1.22169238067
1.22387899483
1.22605221321
1.22821085445
1.23035414876
1.23247878922
1.23458676011
1.23667465748
1.23874144308
1.2407861413
1.24280796541
1.24480637536
1.246779359
1.24872602377
1.2506454653
1.25253697404
1.25440074199
1.2562342038
1.25803908455
1.2598121455
1.26155484196
1.26326587118
1.2649446669
1.26659118988
1.26820560903
1.26978721746
1.27133567911
1.27285156049
1.2743340797
1.27578401886
1.2772018411
1.27858658741
1.27993908725
1.28125966544
1.28254839174
1.2838069858
1.28503381388
1.28623004524
1.28739646367
1.28853468825
1.28964321194
1.29072414256
1.29177759795
1.29280371606
1.29380405986
1.29477982921
1.2957300561
1.29665688366
1.29755988091
1.29844099734
1.29929994739
1.30013805029
1.30095585417
1.30175366409
1.30253360272
1.30329457946
1.30403876753
1.30476595944
1.30547696618
1.30617289468
1.30685460792
1.30752144532
1.30817534062
1.30881615823
1.30944526815
1.31006177332
1.31066796876
1.31126405066
1.31184880243
1.31242461537
1.31299181441
1.31354956637
1.31409897702
1.3146408413
1.31517568845
1.3157029344
1.31622378629
1.31673880592
1.31724707442
1.31774877118
1.31824648741
1.31873813731
1.3192249974
1.31970670648
1.32018426266
1.32065709542
1.32112602969
1.32159028075
1.32205152389
1.3225087856
1.32296261133
1.32341225477
1.32385909321
1.32430296142
1.32474354495
1.32518041672
1.32561439468
1.32604526375
1.32647359277
1.32689941561
1.3273214134
1.32774075655
1.32815660907
1.32857106393
1.32898077249
1.3293882103
1.3297938838
1.33019496226
1.33059365269
1.33098972971
1.33138128259
1.33177069917
1.33215629445
1.33253825642
1.33291666391
1.33329122956
1.33366237891
1.33402953213
1.334392868
1.33475074958
1.33510453025
1.33545405131
1.33579783395
1.336137219
1.33647096633
1.3367983939
1.33712097897
1.33743631139
1.3377444899
1.33804703105
1.33834084735
1.33862821998
1.338905801
1.33917560439
1.33943692194
1.3396874009
1.33992905396
1.34015873888
1.34037726871
1.34058415674
1.34077936774
1.34096058044
1.34112759383
1.34128032028
1.34141817584
1.34153934906
1.34164400733
1.34173011112
1.34179829972
1.34184606428
1.3418742286
1.34187966091
1.34186386499
1.34182397446
1.34175967685
1.3416691537
1.34155160264
1.34140665995
1.34123363806
1.34102934938
1.34079354476
1.34052526717
1.34022317579
1.33988577421
1.33951320124
1.33910267533
1.33865285636
1.33816387087
1.33763325596
1.33706110716
1.33644479853
1.33578408801
1.33507750827
1.33432477706
1.33352352494
1.33267391174
1.33177380287
1.33082358884
1.32982120985
1.32876608061
1.32765810517
1.32649662009
1.32528038898
1.32400859128
1.32268281709
1.32129989143
1.31986143005
1.31836568082
1.31681439775
1.31520680839
1.31354283606
1.31182271161
1.31004647702
1.30821462907
1.30632808296
1.30438643575
1.30239215681
1.30034377281
1.29824466754
1.29609336392
1.29389226817
1.29164136825
1.28934316445
1.28699868401
1.28460812757
1.28217360012
1.27969714184
1.27718011982
1.27462313091
1.27202845459
1.26939758595
1.26673304909
1.26403495523
1.26130584507
1.25854818612
1.25576209369
1.25295085063
1.25011545033
1.24725733405
1.24437945164
1.24148249147
1.23856760868
1.23563810487
1.23269541141
1.22973905703
1.22677261326
1.22379721041
1.22081429079
1.21782504426
1.21482987127
1.21183221633
1.20883180698
1.20583057929
1.202829731
1.19982979962
1.19683167038
1.19383687455
1.19084622976
1.18786006034
1.18487955363
1.18190575768
1.17893899621
1.17597931326
1.17302808121
1.17008516574
1.16715168292
1.1642271842
1.16131214995
1.15840652326
1.15551164562
1.15262622537
1.14975085357
1.1468856117
1.14402947142
1.14118422596
1.13834802515
1.13552164262
1.13270380855
1.12989436187
1.12709445419
1.12430192708
1.12151655145
1.11873835558
1.11596656137
1.11320103966
1.1104401286
1.10768488794
1.1049326451
1.10218372775
1.09943735453
1.09669231357
1.09394927144
1.09120538072
1.0884604803
1.08571374669
1.08296396981
1.08021121994
1.0774529671
1.07469017162
1.07191929883
1.06914226314
1.0663553727
1.06355846165
1.06075097232
1.05793149621
1.05509969257
1.05225290118
1.04938965725
1.04651090088
1.04361378347
1.04069793515
1.03776161424
1.03480374893
1.03182320243
1.02881780815
1.02578882281
1.02273222445
1.01964756174
1.01653488949
1.01339144453
1.01021603369
1.0070073846
1.0037651345
1.00048698548
0.997171664574
0.99381850732
0.990425802519
0.986991792244
0.98351592369
0.97999610052
0.976431620099
0.972820700683
0.96916208155
0.965454936452
0.961698301483
0.957889393682
0.95402716866
0.950111431133
0.946141265459
0.942113751603
0.938029418494
0.933885047367
0.929681399697
0.925416710826
0.921088966217
0.916698567977
0.912243122262
0.907721958702
0.903135085082
0.898481347477
0.893758330563
0.888967534243
0.884107142282
0.879175265433
0.874173872721
0.869100465136
0.863954745106
0.858737338289
0.853446586933
0.848084223192
0.842648805859
0.837140322641
0.831559409073
0.825905933136
0.820180480912
0.81438353913
0.808514884686
0.802576350666
0.796567503726
0.790490553037
0.784345821288
0.778134498679
0.771856805971
0.76551673176
0.759114249265
0.752650248106
0.746127591906
0.739548714591
0.73291469889
0.726226440629
0.719489020417
0.712702535803
0.705870774299
0.698995500455
0.692078616914
0.685123916141
0.678134592516
0.671112121206
0.664059839025
0.656980767307
0.649877933976
0.642754302064
0.635611941391
0.628455415453
0.621286821753
0.614108623022
0.606924768444
0.599737782649
0.592550101706
0.585365968819
0.578187416854
0.571017004235
0.563857652516
0.556712074698
0.549582929546
0.542472676967
0.535383920741
0.528318812266
0.521279454809
0.514268685322
0.507288014934
0.500339668415
0.493425971425
0.486547565757
0.479707711009
0.472906049859
0.466146268105
0.459428994805
0.452754950687
0.446126384938
0.439544161739
0.433008492458
0.426521496326
0.420083256138
0.41369561595
0.40735728718
0.401071742278
0.394837438774
0.388656164709
0.38252823632
0.376452562408
0.370432056699
0.364465102177
0.358552909283
0.352695581535
0.346893691932
0.341147293968
0.335456424292
0.329820521249
0.324241948301
0.318719219238
0.313253290401
0.307844503163
0.302492625205
0.297198655689
0.291963035153
0.286786135954
0.281668532224
0.276610835658
0.271614693714
0.266679661352
0.261807894781
0.257000059996
0.252258734639
0.247583866276
0.242979071773
0.238444321448
0.233982980089
0.229598291723
0.225292911216
0.221068746844
0.216930802819
0.212882007493
0.208926834154
0.205070993008
0.201317951026
0.197674254596
0.194146376111
0.190738815202
0.18746120976
0.184318147359
0.181320381217
0.178474645812
0.175789783451
0.173275629071
0.17094201969
0.168796671849
0.166851251998
0.165116092703
0.163599274103
0.162311380588
0.161262521859
0.160459991582
0.159913359836
0.159629215828
0.159614122404
0.159873477378
0.160411471571
0.161231091735
0.162334016095
0.163720741323
0.165389476099
0.167340586231
0.169569229329
0.172071887366
0.174844074971
0.177878154839
0.181170721787
0.184712798378
0.188497417232
0.192518548833
0.196766735196
0.201235302627
0.205916768861
0.210802201892
0.215885137049
0.221157044149
0.22661167761
0.232241879557
0.238039999198
0.244000159193
0.250115261316
0.256378925973
0.262785355015
0.269329645515
0.276003450306
0.2828039656
0.289724061957
0.296758017424
0.303901646378
0.311149065323
0.31849573411
0.325936313471
0.333465880997
0.34107969541
0.348772711324
0.356540069213
0.364377233997
0.37227931079
0.380241853281
0.388259456905
0.396328074667
0.404443211531
0.41260060868
0.420794147771
0.429019587911
0.437274564014
0.445551851922
0.45384945612
0.462161389983
0.470483822541
0.478812444805
0.487143942994
0.495472840506
0.503796532532
0.51211015123
0.520410204792
0.528693699526
0.536956560806
0.545194953269
0.553406376508
0.561586939699
0.569735199336
0.577846261192
0.585919009366
0.593950368558
0.601937283176
0.609877980387
0.617770027053
0.625612655938
0.633402851081
0.641139429397
0.648820611695
0.656445569037
0.664012593037
0.671520799865
0.678969439519
0.686357656318
0.69368469189
0.700950180875
0.708153332975
0.715294121769
0.72237226599
0.729387157199
0.736339981224
0.743231125886
0.750059158369
0.756824877416
0.76353046765
0.770173895323
0.776756806096
0.783279673176
0.789742707051
0.796148665384
0.802495842802
0.808785421634
0.81502010663
0.821199234294
0.82732365901
0.833394809445
0.839414042227
0.845381981772
0.851300081413
0.857168836939
0.862989791783
0.868763052989
0.874491564902
0.880174933032
0.885814720193
0.891412412925
0.896968925082
0.902485395419
0.907963298571
0.913403175386
0.91880643054
0.924173850124
0.929507066883
0.934807871931
0.940076050405
0.945311997432
0.950519014465
0.955697043096
0.960845996333
0.965968870359
0.971065684976
0.976136885272
0.981183311317
0.986207161261
0.991207966461
0.99618753149
1.0011460209
1.00608378836
1.01100154665
1.01590113976
1.0207815462
1.02564420463
1.03048955627
1.03531805245
1.04013010183
1.04492514726
1.04970412327
1.05446771458
1.05921498049
1.06394726712
1.06866296507
1.07336362573
1.07804776161
1.08271566146
1.08736642707
1.09200052798
1.09661750349
1.10121569519
1.105795121
1.11035456876
1.11489407125
1.11941121523
1.12390622676
1.12837693228
1.13282261063
1.13724204302
1.14163320751
1.1459946085
1.15032444821
1.15462129668
1.15888251907
1.1631066888
1.16729154409
1.17143499668
1.17553399777
1.17958611197
1.18359014164
1.18754208138
1.19143900349
1.19527863949
1.19905947486
1.20277560197
1.20642665538
1.21000763222
1.21351685974
1.2169505241
1.22030635833
1.22357952051
1.22676723914
1.22986734598
1.2328763504
1.23579116849
1.23860733554
1.2413244297
1.24393667585
1.24644309863
1.2488404595
1.25112686127
1.25329813997
1.25535300383
1.25728931163
1.25910475058
1.26079698537
1.26236667674
1.26380921334
1.26512416864
1.26631168538
1.26737061443
1.26829941363
1.26909842396
1.26976692945
1.27030497697
1.27071261201
1.27099139036
1.27114127031
1.27116331822
1.27105867542
1.2708278958
1.27047308518
1.26999535936
1.26939760498
1.26868080011
1.26784710177
1.26689840375
1.26583858841
1.26466785106
1.26339070245
1.26200905314
1.26052528102
1.25894230211
1.25726265849
1.25548890654
1.25362495682
1.25167298237
1.24963511331
1.24751502506
1.24531428051
1.24303801564
1.24068556133
1.23826224152
1.23576953923
1.23320943591
1.2305854566
1.22789867605
1.22515204588
1.22234796177
1.2194884836
1.21657448357
1.21360943151
1.21059373829
1.20752909497
1.20441772663
1.2012614133
1.19806019838
1.19481598729
1.19152985062
1.18820338978
1.18483716986
1.18143139215
1.17798662095
1.17450492902
1.17098512262
1.16742914574
1.16383574576
1.16020692487
1.15654043734
1.15283849974
1.14909912168
1.14532365338
1.14151148243
1.13766146327
1.13377418212
1.12984807518
1.12588333342
1.12187780942
1.11783336849
1.11374665194
1.10961695465
1.10544480146
1.10122802596
1.09696543662
1.09265541533
1.08829840186
1.08389009264
1.07943152071
1.07492055068
1.07035551203
1.06573379633
1.06105456088
1.05631694805
1.05151703476
1.04665394007
1.04172613294
1.03673123182
1.03166802839
1.02653278752
1.02132434316
1.01604111042
1.01067967955
1.00523911519
0.999715345405
0.994108791887
0.98841528556
0.982631644824
0.976758168955
0.970791093083
0.96472754446
0.958566716813
0.952304168904
0.945940460435
0.939471244709
0.932895659046
0.926210803131
0.91941557753
0.912506481468
0.905482957601
0.898343101916
0.891084693839
0.883706273906
0.876207222166
0.868584472903
0.860839159679
0.852970091927
0.844974792258
0.83685432739
0.828607201716
0.820234535284
0.811735880949
0.803112063295
0.794362826449
0.785490234771
0.776494958164
0.76737870637
0.758143078177
0.748791137378
0.739323766784
0.729745466338
0.720058682584
0.710267153358
0.700374823067
0.690384482342
0.680303006168
0.670132991918
0.659881740084
0.649552559977
0.639152666066
0.62868771088
0.618164590848
0.607588541197
0.59696842518
0.586310979801
0.57562272751
0.564911836877
0.554187166827
0.543456302338
0.532727357488
0.522009111586
0.511311730762
0.500642228555
0.490012100001
0.479429251167
0.468904528884
0.458447768373
0.44806958591
0.437780463961
0.427591652091
0.417514377055
0.407560478817
0.397742538486
0.388071833033
0.378563498652
0.369230195529
0.360086250957
0.351146831302
0.342426903618
0.333943630847
0.32571387967
0.317753984521
0.310084292338
0.302723018118
0.29568984757
0.289004985033
0.282689930235
0.276764276187
0.271249395869
0.266165702932
0.261534192732
0.257373315518
0.253701424716
0.25053352094
0.24788525344
0.245765148685
0.244183822689
0.243146778502
0.242654117169
0.24270645018
0.243296856421
0.244416984473
0.246057244416
0.248202094476
0.250835389072
0.253938782651
0.257492123906
0.261475926362
0.265866582692
0.270643938335
0.275785526944
0.281270639481
0.28707781657
0.293188704495
0.29958443302
0.306246407023
0.313157533114
0.320302186891
0.32766608003
0.335236281709
0.342999188828
0.350943405801
0.359058692777
0.367334859354
0.375763736496
0.384334947824
0.393042106221
0.401878412524
0.410837022411
0.419911927941
0.42909737666
0.438388539382
0.447780040152
0.457267798321
0.466847187832
0.476514427309
0.486265312643
0.496096197369
0.506003571537
0.515982441929
0.526031437472
0.53614580339
0.546322908818
0.556557461053
0.566847530453
0.577187802764
0.587577031104
0.598009026819
0.608480061245
0.618987864859
0.629525730046
0.640091275049
0.650677894717
0.661282312068
0.671899106706
0.682524220765
0.693149773427
0.703772901179
0.714386874422
0.724985077563
0.735563840557
0.746115004417
0.75663255554
0.767110923209
0.777542635606
0.787921450963
0.798241044142
0.808494237347
0.818674835853
0.82877547351
0.83878848941
0.848709430939
0.858530556784
0.86824421629
0.87784582021
0.887329276662
0.896686753884
0.905913443623
0.915004174016
0.923953199337
0.93111105803
