metodo_2_dt_1:24
1.51723922767e-07
0.0156588173393
0.0157363694568
0.0159020493361
0.0161012317993
0.0162514114281
0.0162820127309
0.0161668102661
0.0159326421021
0.0156444898811
0.0153769861716
0.0151891402052
0.0151151367465
0.0151613398481
0.0153157647142
0.0155551017118
0.0158521174705
0.0161828221657
0.0165255342624
0.016863993445
0.017190034869
0.0175049135607
0.0178332818957
0.018234075771
0.0187960611186
0.019440351347
0.0195775328476
0.0187106004077
0.0173252272178
0.0160836612332
0.0151622673821
0.0145121650544
0.0141136728758
0.0140333879641
0.0143569835768
0.0149854638981
0.0154888408548
0.0154379971104
0.0149127507138
0.014402031162
0.014294390844
0.0146804240554
0.0156070185734
0.0171998583953
0.0176879514363
0.0172773558214
0.0180225091002
0.0187138140551
0.0197157963368
0.0301778733854
0.0449751898477
0.0610006328093
0.0774726536721
0.0941397307728
0.110899759614
0.127709465907
0.144544518642
0.161395456326
0.178257155666
0.195124817088
0.211994818746
0.228859845459
0.245710405812
0.2625366987
0.279323063568
0.296056858765
0.312722789371
0.329306866743
0.345795306021
0.362175241328
0.378437855816
0.394570682421
0.410566810883
0.426418481308
0.442120320316
0.457668168515
0.473060055765
0.488294451926
0.503371864222
0.518293126221
0.533062035536
0.547682480096
0.562159096152
0.576499263168
0.590707790211
0.604792031732
0.618757550852
0.632609152958
0.646346837047
0.65997162556
0.673476597902
0.686857188622
0.700104187228
0.713209690385
0.726165171977
0.738962575182
0.751595992095
0.764060636867
0.776352084666
0.788468231968
0.800407246909
0.812171303738
0.823760295278
0.835179165835
0.84643011986
0.8575203205
0.868455468383
0.87924372749
0.889893323246
0.900412866098
0.910812091706
0.921099759228
0.931285410461
0.941376065454
0.951377846187
0.961295542058
0.971130754881
0.980884575104
0.990552099532
1.00013092255
1.0096169354
1.01900353582
1.02829488437
1.03747784228
1.04655036491
1.05553204625
1.06440405639
1.07318881894
1.08187992478
1.09049222824
1.09901154305
1.10747475749
1.11587928504
1.12422381136
1.13252696303
1.14080753805
1.14906443159
1.15731589343
1.16555955748
1.17380142484
1.18206617434
1.19034663402
1.19863428577
1.2069477015
1.21527484102
1.22362188581
1.23197461855
1.24033946509
1.24870371863
1.25708597208
1.26546695312
1.27385945484
1.28227713235
1.29071647471
1.29918425474
1.30768844825
1.31624811955
1.32487105713
1.3335702253
1.34234440564
1.35121171636
1.36019513145
1.36928266422
1.37849215715
1.3878393392
1.39731856572
1.40694160118
1.41669955577
1.42658766457
1.43660960827
1.44675852071
1.45702835746
1.46739928365
1.47788228624
1.48845499522
1.49913003488
1.50989029567
1.5207532942
1.53171465817
1.5427926617
1.5539781445
1.56530567643
1.57676146136
1.58837187604
1.60015074229
1.61210929791
1.62424648391
1.63658421201
1.64913149466
1.66189625426
1.67488080407
1.68808601857
1.70152233364
1.71517976926
1.72905021096
1.74312182654
1.75737909306
1.77181354405
1.78639666227
1.80112651056
1.81596925414
1.83094181648
1.84600373917
1.86117901698
1.87645565922
1.89183273684
1.90732540167
1.92294275138
1.93869611131
1.95459346532
1.97065930464
1.9868945472
2.00331498299
2.01993119298
2.03675824127
2.05380069184
2.0710570495
2.0885535756
2.10628381161
2.12424909412
2.14243338381
2.16083456499
2.17942572016
2.19819549417
2.21712275928
2.23616744665
2.2553182684
2.27454783095
2.29382922332
2.31317085525
2.33253824724
2.35194819433
2.37140232794
2.39090017232
2.4104564821
2.43007022021
2.44977277943
2.46955997976
2.48947038206
2.50948718306
2.52964849502
2.54995959212
2.57042521682
2.59106007387
2.61187689397
2.63286090536
2.65403118303
2.67537154336
2.69688535641
2.71855155169
2.74034865985
2.76224984998
2.78422298473
2.80623702419
2.82826642352
2.8502790457
2.87225563914
2.8941844539
2.91606438736
2.93788864183
2.95966938741
2.9814055902
3.00311868437
3.02481162794
3.04650184836
3.06821674035
3.08995140754
3.11174916662
3.13359104815
3.15551659077
3.17753179032
3.19964405841
3.22185663152
3.24418199629
3.26661123163
3.28914293345
3.31176926868
3.33446670071
3.357225012
3.38001549309
3.40278589957
3.42551916681
3.44817453626
3.47072565884
3.49315718075
3.51545106661
3.53759516536
3.55960356543
3.58147554028
3.60323204244
3.62487564067
3.64642395482
3.66789022978
3.68930278621
3.71066728517
3.73200879885
3.75333864798
3.77467644742
3.79602193954
3.81740702158
3.83882231948
3.8602799095
3.88177450934
3.90330547448
3.92485709113
3.94642168888
3.96795799251
3.9894584219
4.01087615723
4.032171627
4.05332790903
4.0742985947
4.09507935156
4.1156442507
4.13598470774
4.15612103428
4.17604411164
4.19578374361
4.21534166977
4.23474336199
4.25399761444
4.27312712146
4.29215027854
4.31108099307
4.32994551341
4.34876465636
4.36753064593
4.38628151948
4.40500789323
4.4237180013
4.44241064061
4.46109261861
4.47973399637
4.49831169463
4.51681942893
4.5352278655
4.55348587896
4.5715773304
4.58946044722
4.60710708306
4.62449617373
4.64162411078
4.65847786563
4.67506065071
4.69139092043
4.70747306514
4.72332342104
4.7389690136
4.7544146638
4.76969925933
4.78482313913
4.79981602603
4.81469576869
4.82948124212
4.84418711072
4.85882229029
4.87340499767
4.88793018724
4.90240018854
4.91680843414
4.93113927753
4.94537363098
4.95948431535
4.97344668574
4.98721927215
5.00077881897
5.01408054868
5.02712259172
5.03986369867
5.05230030261
5.06443833188
5.07626479552
5.08780645071
5.09906062657
5.11006148467
5.12082824438
5.13136429398
5.14169794631
5.15185558451
5.16184865885
5.17170666527
5.18145240394
5.19109018928
5.20064340187
5.21011301748
5.2195164586
5.22884799982
5.23808902659
5.24722313598
5.25624018028
5.26510843668
5.27379701521
5.28226844018
5.29049766766
5.29844815665
5.30611067672
5.31346592375
5.32049599513
5.32720858648
5.33360360851
5.33970618424
5.34550406164
5.3510467373
5.35633235873
5.36139538354
5.36625001269
5.37092081424
5.37542747236
5.37979894726
5.38405136616
5.38819815804
5.39226009035
5.39623873083
5.40016136732
5.40400371107
5.40776426679
5.41141928727
5.41494803913
5.41833331516
5.42151178611
5.42447889551
5.42719114129
5.42963922894
5.43179061529
5.43363007706
5.43517064824
5.43639976191
5.43733037367
5.43797844364
5.43835682485
5.43847994612
5.43838353587
5.4380727421
5.43758392622
5.43693663719
5.43614866358
5.43525694245
5.43426839062
5.43320751747
5.43209856998
5.43093444075
5.42973596009
5.42849903245
5.42719975045
5.42583877405
5.42437142644
5.42277028256
5.42100107959
5.41903639146
5.41684601642
5.41440392179
5.41171084924
5.40874592288
5.40552327057
5.40203478188
5.39829631857
5.39433567917
5.39015074452
5.38577569487
5.38122180102
5.3765349794
5.37172850307
5.36683077028
5.36186326136
5.35684400608
5.35181258447
5.34676659522
5.3417396517
5.33672918402
5.33175700978
5.32679863529
5.32185955454
5.31690483092
5.31191398603
5.30685811406
5.30169007237
5.29638392489
5.29092781845
5.28528871585
5.27946207021
5.27344723839
5.26726208014
5.26090100642
5.25438334794
5.24774146497
5.24098003444
5.23413300866
5.22722200671
5.22028246829
5.21332971558
5.2064032837
5.19951586398
5.19270513375
5.18598754473
5.17937375298
5.17289102714
5.16654011095
5.16032651616
5.15424141935
5.1482743513
5.14239868772
5.13658534003
5.13080424113
5.12502762187
5.11921391457
5.11335495946
5.10742259367
5.10143382365
5.0953821039
5.08927411091
5.0831390148
5.07698935905
5.07085997451
5.06475673064
5.05871894004
5.0527792915
5.04695050823
5.04128508834
5.03579107083
5.03050187235
5.02543631951
5.0206186447
5.01605814088
5.01177837772
5.00776103069
5.00401942373
5.00054259704
4.99730036582
4.99427083856
4.99144054174
4.98875180229
4.9861908205
4.98371644178
4.98133526515
4.97903351521
4.97679214502
4.97464031833
4.97259529559
4.97067039413
4.9688926036
4.96728775338
4.96587871941
4.96470303367
4.96377057242
4.96313031726
4.96280039195
4.96280555037
4.96316904204
4.96390184931
4.96502396029
4.9665410706
4.96846225658
4.97076102395
4.97343967204
4.97647644793
4.97983715448
4.98349559641
4.98742089673
4.99158731049
4.99595659099
5.00051145037
5.00524763692
5.01013999137
5.01521291633
5.0204730052
5.02593846879
5.03163567571
5.0375816453
5.04380191038
5.05032512482
5.05717874095
5.06436907001
5.07194456713
5.07991521407
5.0882877051
5.09708947463
5.10632904854
5.11600095156
5.12610772226
5.13663921678
5.14757004257
5.15887241514
5.17052637395
5.18248204532
5.19472896878
5.2072085528
5.21990840567
5.23279111663
5.2458419264
5.25906090405
5.27243038538
5.28597769986
5.29971485906
5.31365466018
5.32781044197
5.34221173352
5.35687714451
5.37183307667
5.38709784642
5.40269546396
5.41863634521
5.43492686586
5.45158274445
5.46861728174
5.4860247379
5.50379160958
5.52191820152
5.54037319182
5.55912312833
5.57814803357
5.59739536162
5.61682315078
5.63640363639
5.65610619222
5.67590745029
5.69577346292
5.71570930587
5.73570070308
5.75576497668
5.77590210482
5.79612625381
5.81646063393
5.83692860037
5.85755085038
5.87833631776
5.89931356034
5.92049633107
5.94190582927
5.96354590611
5.98542044656
6.00754975025
6.02992243514
6.05254485932
6.07538028279
6.09844482559
6.12167436989
6.14505474229
6.168541028
6.19209477052
6.21567000484
6.23923163621
6.26275999431
6.28622536208
6.30961783586
6.33294487247
6.35620095694
6.37940038505
6.40255369746
6.42567581174
6.44879672469
6.47192747124
6.49509437854
6.51830948708
6.54159285482
6.56496670167
6.58843227807
6.61200568001
6.63569456547
6.65949736868
6.68341498485
6.70743735064
6.73155238937
6.75573145102
6.77994308926
6.80414852647
6.82833285393
6.85241668503
6.87638295809
6.90018973806
6.92382702571
6.9472687832
6.97052078039
6.99357870246
7.01645091919
7.03916398784
7.06172008768
7.08415414814
7.10647450994
7.1287114614
7.15087592479
7.17299159189
7.19507755427
7.21714365834
7.23920810242
7.26127575547
7.28334351897
7.30542702762
7.32751821236
7.34959875805
7.37165186482
7.393660389
7.41558564131
7.43739279508
7.45905275424
7.48051870524
7.50175036468
7.52271659147
7.54340736708
7.56380871392
7.58392787975
7.60376351947
7.62334253075
7.64267472551
7.66178527497
7.68069102448
7.69941293559
7.71797916738
7.73641318271
7.75471336555
7.77292699131
7.79105180368
7.80909219229
7.82707255565
7.84497900116
7.86281683484
7.88059089921
7.8982680763
7.91584302554
7.93329646597
7.95058303462
7.96767730516
7.98453654318
8.00112552886
8.01740954596
8.0333673467
8.04897490452
8.06424202482
8.07916006815
8.09375624011
8.10803201246
8.12202591604
8.1357437919
8.14922602625
8.16248140268
8.17554660739
8.18843494401
8.20115506065
8.21374409256
8.22620837048
8.23854824527
8.25078768861
8.26292060797
8.2749422262
8.28684741021
8.29861429979
8.31023162147
8.32166089056
8.33288331468
8.34385312781
8.35454978784
8.36492828445
8.37496397308
8.38464472585
8.39394454939
8.4028657366
8.41142611226
8.41963910246
8.42751865297
8.43509886027
8.44239207235
8.449435647
8.45624483602
8.46285197336
8.46927293699
8.4755298792
8.48162865845
8.48759859145
8.49345623963
8.49918115781
8.50480078593
8.51029501359
8.51565546027
8.52087273013
8.52590915194
8.53073906846
8.53534012087
8.53967959928
8.54371321031
8.54742601843
8.55078441336
8.55378095837
8.55641232793
8.55866933335
8.56057995434
8.5621465549
8.56340496
8.56437329563
8.56508146702
8.56555323022
8.56582207488
8.5659084398
8.56583327438
8.5656182063
8.56527325477
8.56482694543
8.56428101724
8.5636450903
8.56291519385
8.56208595701
8.5611446393
8.56006310542
8.55882888386
8.55740256959
8.55575618157
8.5538453482
8.55166591419
8.54917720715
8.54636307088
8.54322409782
8.53976047897
8.53596515526
8.53187159182
8.52749141121
8.52285310556
8.51798437718
8.51291333468
8.50767278246
8.50227424898
8.49676093983
8.49115085667
8.4854610695
8.47971304432
8.47391515465
8.46808222748
8.46222803692
8.4563344455
8.45040369
8.44441641868
8.43835303567
8.43218536004
8.42587588048
8.4193945201
8.41271152074
8.40580247027
8.39864761163
8.39124318169
8.38358751054
8.37567984715
8.36754653021
8.35920136415
8.35066477607
8.34197315468
8.33315606353
8.32423053639
8.3152323101
8.30620286112
8.29715025771
8.28810060783
8.27908313605
8.27011791135
8.26120635308
8.25236607061
8.24358955014
8.2348875032
8.22624762728
8.21765760949
8.20907855447
8.20048622142
8.19184735576
8.18312885508
8.17430742097
8.16535444124
8.15626488659
8.14703396999
8.13767190398
8.12819381144
8.11861057717
8.10895814546
8.09926903276
8.08955127968
8.07985792455
8.07021270726
8.06063789226
8.05117643615
8.04183382509
8.03264848288
8.02363974819
8.01481287049
8.00619124026
7.9977724126
7.98956317374
7.98155507027
7.97372884796
7.96607851425
7.95857169043
7.95117721239
7.94385579019
7.93656938521
7.92931850592
7.92206138579
7.91479741385
7.90754193665
7.90029757481
7.89310092586
7.88596145927
7.87891518722
7.87199516649
7.86522385117
7.85863212743
7.85226715832
7.84613579535
7.84028120707
7.83470920975
7.82944935655
7.8245225055
7.8199253176
7.81567505649
7.81177226805
7.80819890501
7.80495643597
7.80203118914
7.79938199198
7.79699194425
7.79481209406
7.79283966389
7.79101721804
7.78932345036
7.78775346949
7.78630962012
7.78500228227
7.78384168173
7.78286139392
7.78208097324
7.78153225678
7.78125480652
7.78127629322
7.78161353901
7.78229969355
7.78334841631
7.78479678806
7.78665786005
7.78894054317
7.79164780911
7.7947823184
7.79835880576
7.80234808425
7.80674991485
7.81152587206
7.81668098428
7.82214549666
7.82791906211
7.83394930117
7.84021219594
7.84667102744
7.85332422591
7.86013282182
7.86713080672
7.87431182204
7.88170390448
7.8893384815
7.89722929892
7.90541638337
7.91391442056
7.92277333968
7.93198183606
7.94159340896
7.95159977466
7.96202629275
7.97287850931
7.98415559271
7.99586757192
8.00799895981
8.02053708106
8.03347454012
8.04676541734
8.06040196573
8.07433532048
8.0885357308
8.10296180018
8.11758739472
8.13238314536
8.14732642005
8.16239288241
8.17758545332
8.19290067832
8.2083806682
8.22401731788
8.23984476895
8.2559018327
8.27219901959
8.28875989589
8.30562343206
8.32278597555
8.34027565322
8.35808525819
8.37624752147
8.39473453791
8.41357023925
8.43272568114
8.45219829881
8.47196458268
8.49199434764
8.51226176097
8.53272777446
8.55335447524
8.57409951531
8.59493402894
8.61581544472
8.63673387901
8.65766837468
8.67861161834
8.69956175052
8.72053641028
8.74154985624
8.76261787005
8.78378379616
8.80504211723
8.82644753928
8.84800178933
8.86973489124
8.89165272064
8.91376355134
8.93607787731
8.95860004255
8.98133000492
9.00424367581
9.0273456665
9.05060259575
9.07401379696
9.09752422147
9.12110057778
9.14471981916
9.16832519312
9.19189142045
9.21537143899
9.23876045642
9.26202124675
9.28514852935
9.30816717617
9.33105457958
9.35384611841
9.37654995617
9.39919593564
9.42181413841
9.44442306871
9.46704548623
9.48969594951
9.51239734931
9.53515004068
9.55797573488
9.58087373686
9.60384306773
9.6268746568
9.64997606432
9.67310118235
9.69626045705
9.71940883339
9.74252051831
9.7655640981
9.78848239345
9.81126448745
9.83384790832
9.85620459971
9.87832880254
9.90021627372
9.92184387842
9.94324411427
9.96441298563
9.98538583388
10.0061819572
10.026815194
10.0473214507
10.0677218761
10.0880417954
10.1082879033
10.1284810444
10.1486358671
10.1687478056
10.1888325544
10.2088800253
10.2288890909
10.2488416348
10.2687237742
10.2885226031
10.3082082669
10.3277362559
10.3470825074
10.3662114385
10.3850695703
10.4036454276
10.421895713
10.439801105
10.4573878833
10.4746344781
10.4915762062
10.5082142757
10.5245987247
10.5407327158
10.5566531233
10.5723752883
10.5879422941
10.6033484568
10.618619583
10.6337808144
10.6488248038
10.6637702702
10.6786164544
10.6933510201
10.7079826463
10.7224846648
10.7368325377
10.7510335596
10.765031591
10.7788099169
10.7923265554
10.8055595412
10.8184578307
10.8310010747
10.8431595758
10.8549386616
10.8663300186
10.8773485271
10.8880076901
10.898346195
10.9083990063
10.9181649693
10.9277020334
10.9370092597
10.94612945
10.9550705787
10.9638583572
10.9724906722
10.9809852364
10.9893485241
10.9975716282
11.0056551669
11.0135977
11.0213774712
11.028983721
11.03637461
11.0435397356
11.0504466331
11.0570517347
11.0633349559
11.069262123
11.0748084723
11.0799627331
11.0847073275
11.0890628498
11.0930406042
11.0966608644
11.0999708527
11.1029836147
11.1057251662
11.1082497803
11.1105609512
11.1126856668
11.114647158
11.116459116
11.1181284179
11.1196699859
11.1210855871
11.122369222
11.1235288825
11.124533604
11.1253869253
11.1260471153
11.1265134735
11.1267406611
11.1267076852
11.1263755083
11.1257329474
11.1247332499
11.1233758622
11.1216339356
11.1195352249
11.1170653923
11.114257263
11.1111430162
11.1077423739
11.1041010656
11.1002427775
11.0962098683
11.0920201785
11.0876849364
11.0832382465
11.0786915593
11.0740495307
11.0693368358
11.064539068
11.0596629483
11.0546880182
11.0496283289
11.0444394575
11.0391149767
11.0336144691
11.0279294537
11.0220117937
11.0158464131
11.0094008712
11.0026616877
10.9956269029
10.9882768045
10.9806290102
10.9726990992
10.9645200662
10.9561126329
10.9475157941
10.938757718
10.9298839851
10.9209175666
10.9118841229
10.9028161516
10.8937123358
10.8846132642
10.8755107715
10.8664180554
10.8573324889
10.8482662049
10.8391918088
10.8301026291
10.8209763352
10.8117975071
10.8025280012
10.7931431764
10.7836168701
10.7739246903
10.7640397042
10.7539615495
10.7436793025
10.7332116727
10.7225539739
10.7117517211
10.7008224807
10.6898046869
10.6787337925
10.6676347001
10.6565532622
10.6455129258
10.6345480804
10.6236665263
10.6129090814
10.6022664891
10.5917491225
10.581380859
10.5711450895
10.5610475244
10.5510739833
10.5412103998
10.5314216498
10.5217079851
10.5120129856
10.5023200648
10.4925985171
10.4828342386
10.4730003633
10.463101182
10.4531425426
10.4431518691
10.4331281837
10.4231224359
10.4131534701
10.4032649803
10.3934845941
10.3838576239
10.3743996426
10.3651360077
10.356117588
10.3473441638
10.338830434
10.3305985729
10.3226448106
10.3149753394
10.3075830854
10.300458609
10.2935931502
10.2869543303
10.2805444963
10.2743110337
10.2682305899
10.2622800754
10.2564216132
10.250641746
10.2449275286
10.2392911063
10.2337423028
10.2282989884
10.2229981083
10.2178661125
10.2129427996
10.2082447342
10.2038284254
10.1997114967
10.1959202866
10.1924846007
10.1894191406
10.1867313622
10.1844457812
10.1825489894
10.1810563581
10.1799449925
10.1792315397
10.1788750987
10.1788676642
10.1791894783
10.1797997396
10.1806886928
10.1818043927
10.1831227599
10.1846161066
10.1862704529
10.1880773059
10.1900642554
10.192225897
10.1945893533
10.1972055833
10.2000900673
10.2032840132
10.2068134672
10.2107143606
10.2150060905
10.2196952782
10.2248103938
10.2303664597
10.2363610149
10.2427905399
10.2496668608
10.2569675349
10.2646817724
10.272797917
10.2812847187
10.2901188781
10.2992861326
10.3087304951
10.3184247564
10.3283500745
10.3384632247
10.3487820656
10.3592330369
10.3697523522
10.3805259701
10.3914960392
10.4026792573
10.4141174404
10.4257447059
10.4377738309
10.4501406826
10.4628663904
10.4758755129
10.4893637655
10.5032465127
10.5174323342
10.5321071295
10.5471642053
10.5625091731
10.5783059935
10.5943489829
10.6107935642
10.6274336782
10.6444147223
10.6615220071
10.6789062394
10.6963509405
10.7140052686
10.7316623374
10.7494008016
10.76729622
10.7851756787
10.803140452
10.8213067276
10.839521594
10.8579072272
10.8764899306
10.895394599
10.9144512468
10.9337782421
10.9533773329
10.9732580643
10.9934215807
11.0138625903
11.0345768089
11.0556394044
11.0768539833
11.0982846663
11.1199105734
11.1416980637
11.163613937
11.1856286468
11.2076099602
11.2297071448
11.2517997577
11.2738640223
11.2958776335
11.3178285821
11.3397232516
11.3614753824
11.3832828386
11.4050824498
11.4269068923
11.4486873516
11.4706390411
11.4926942551
11.5148717714
11.5370928797
11.5595451777
11.5820527632
11.604793254
11.6276732891
11.6505809468
11.6736913569
11.6968026915
11.7200654144
11.7432742799
11.7665772913
11.7897541158
11.8129614256
11.8359737064
11.8588509708
11.8816624357
11.9041998585
11.9265478778
11.9488018402
11.9707748655
11.9925794437
12.0143294338
12.0358681233
12.0573126331
12.078698896
12.100141154
12.1214743637
12.1428105797
12.1641645814
12.1855330534
12.2069234191
12.2283297653
12.249743467
12.2711501055
12.2925361048
12.3138751501
12.3351478675
12.3563210427
12.3773662963
12.3982446461
12.4189212592
12.4393697903
12.45955089
12.4794484593
12.4990516502
12.5183507714
12.5373617355
12.5560046916
12.5744813102
12.5927308976
12.6107758777
12.6285578165
12.6462897742
12.6638971454
12.6813126956
12.6987330323
12.7160728598
12.7332534026
12.7504516245
12.7675674597
12.7845069011
12.801433006
12.818153365
12.8348200396
12.8512292962
12.8675366282
12.8835262984
12.8993485727
12.9147874577
12.9299909778
12.9447523474
12.9591501444
12.9732617711
12.9869213656
13.000222401
13.0132841034
13.0259506301
13.0383431489
13.0505813863
13.0625157608
13.0742588256
13.0858341718
13.0972552975
13.1086329401
13.119787524
13.1308199596
13.1417200269
13.1524856553
13.1631064341
13.1735681016
13.1838527684
13.1939390763
13.2038898766
13.2134980253
13.222829499
13.2318440835
13.2404290501
13.2487284802
13.2566333687
13.2641391193
13.2712349939
13.2779351018
13.2842637131
13.2902417614
13.2959131967
13.3012152272
13.30635729
13.3112765292
13.3159990454
13.3204631453
13.3248531208
13.3290934822
13.3331920486
13.3370627115
13.3408781768
13.3445434013
13.3479610018
13.3512835993
13.3543282804
13.3572392069
13.3599137163
13.3622285758
13.3643332775
13.3660322569
13.3674617218
13.3684286025
13.3690903899
13.3692662592
13.3690419422
13.368533449
13.3675878154
13.366405778
13.3648579672
13.3630701682
13.3611506827
13.3589628981
13.3566142708
13.354213029
13.3515977296
13.348867162
13.3460232895
13.3431541003
13.3400800362
13.3368858337
13.3335509651
13.3300707425
13.3264989386
13.3226482138
13.3185801951
13.3142692552
13.3096893523
13.3048168148
13.2996261698
13.2940962178
13.288226567
13.2820116059
13.2754569539
13.2685880274
13.2614441177
13.2540510427
13.2464532737
13.2386888583
13.2307919819
13.2227052497
13.2146249605
13.2064826445
13.1982860837
13.1900520673
13.18177698
13.173382607
13.1650260894
13.1566170949
13.1481459935
13.1395039724
13.1308420494
13.1220544108
13.113028713
13.1039165514
13.0946076956
13.0849937829
13.0752230496
13.0652123051
13.0548612936
13.0443519648
13.0335329228
13.0226046066
13.0114246445
13.000203249
12.9888147533
12.9774611887
12.9660194525
12.9546813163
12.9432962466
12.9319755341
12.9208041417
12.9096310333
12.8986157164
12.8875932042
12.8766395064
12.8658310042
12.8549837366
12.8441633177
12.8333467459
12.8225972503
12.8117156983
12.8007711374
12.7897349709
12.778683335
12.7674259739
12.7560521784
12.7445646899
12.7329866696
12.721328386
12.7096244122
12.6979194491
12.6863356433
12.6747425949
12.6632583605
12.6519279531
12.6407649478
12.6298019591
12.6190446008
12.6085038695
12.5981903006
12.5880927831
12.5781274886
12.5684552446
12.5589708579
12.5496695213
12.5405257625
12.5315111346
12.5226107853
12.5137046732
12.5049482056
12.4962276103
12.4875353834
12.4788707008
12.4701466711
12.4615497784
12.453018061
12.444576
12.4361840299
12.428042597
12.4201088445
12.4123284567
12.40491297
12.3977141345
12.3909274192
12.3844824225
12.3783120614
12.3725771831
12.3671149283
12.3620868794
12.3573164066
12.3529525383
12.3488211225
12.3450644199
12.3414865736
12.3382393476
12.3351162767
12.3321825522
12.3295018488
12.326876665
12.3244736944
12.3221236205
12.3199201311
12.3179713554
12.3161337227
12.3145214756
12.3132661308
12.3122280756
12.3115194134
12.3111770999
12.3113181848
12.3117808225
12.3126705202
12.3139955956
12.3157569306
12.3179546086
12.3206659315
12.3237053295
12.327143573
12.3309614557
12.3351321206
12.3396385709
12.3444474443
12.3495331938
12.3548697913
12.3604232894
12.3661729735
12.3721003825
12.3782013567
12.3844785569
12.3909460847
12.3976322315
12.4045655999
12.4117792816
12.4193136059
12.4271942172
12.4353665676
12.4440213484
12.4530933888
12.4625905513
12.4725254527
12.4827973219
12.4935827426
12.5047782314
12.5163788724
12.5282695368
12.540606243
12.553270984
12.5662466624
12.5794037347
12.5928996956
12.6066067412
12.6204108265
12.6344627081
12.6485625348
12.6628780317
12.6773030347
12.6917687506
12.7064679447
12.7212504556
12.7363238513
12.7515528263
12.7671437678
12.7829395794
12.7991473008
12.8156055661
12.8324932177
12.8496380218
12.8671249965
12.8850386196
12.9031854224
12.9217261236
12.940463271
12.9594565489
12.9787755073
12.9982100447
13.0178122461
13.0376518928
13.0575083934
13.0774444201
13.097435358
13.1175489538
13.1375807881
13.1576167733
13.177650269
13.197703647
13.2178819137
13.2380362406
13.2582882889
13.2786775184
13.2992314741
13.3199713937
13.3409151331
13.3621677183
13.3835431005
13.4051322956
13.4269282324
13.4489151025
13.4710771803
13.4933936358
13.5158403077
13.5383860964
13.5610097543
13.583672224
13.6063499508
13.6289130758
13.6515205458
13.6740465818
13.6964719217
13.7187786429
13.7409556942
13.7630003024
13.7849176777
13.8066363121
13.8283605079
13.8500311041
13.8716781025
13.8932508729
13.9149530685
13.9367225959
13.9585636581
13.9804027421
14.002410245
14.0244919122
14.0465485336
14.068743762
14.0909666945
14.113107228
14.1353180042
14.1574794577
14.1794771927
14.2014592805
14.2232074199
14.2448828273
14.2662667645
14.2875215067
14.3084541897
14.329223008
14.3496497773
14.3699209838
14.3898675102
14.4096921984
14.4292442456
14.4487330765
14.4680089611
14.4872910649
14.5064171909
14.52550605
14.5446479784
14.5636769917
14.5826717491
14.6017177677
14.6206225159
14.6394588719
14.6582963919
14.6769329522
14.6954329119
14.713768851
14.7320011895
14.7499166674
14.767583635
14.7849697451
14.8020460686
14.818886887
14.8353055712
14.8513773572
14.8671135614
14.8825259781
14.8976352507
14.9124668778
14.927054094
