metodo_1_dt_1:1
2.15492411701e-06
1.09374069804e-05
1.46044547061e-05
2.03632505485e-05
1.76916118323e-05
2.66247807259e-05
2.8237666568e-05
4.12289171179e-05
4.62771516345e-05
4.2046332962e-05
5.01211755686e-05
5.98025046075e-05
6.15971126616e-05
6.57169050121e-05
7.20914487842e-05
8.01606655391e-05
8.89555716923e-05
9.02828434859e-05
9.27742398117e-05
9.72678627898e-05
0.000103950567725
0.000112517755061
0.00011303099925
0.000124297089903
0.000127787382122
0.000132668112518
0.000139803551445
0.000139057216727
0.000150831055477
0.000154500344801
0.000159304045387
0.000166180564483
0.000164759929385
0.000175427295456
0.000177933638935
0.000182917559567
0.000189818948656
0.000197628163814
0.000197509467973
0.000208402357828
0.000211941572573
0.000217050512537
0.000224924261921
0.000224883709915
0.000236042232408
0.000239279324919
0.0002440314526
0.000241358007231
0.000250123827841
0.000262031120234
0.000265680429686
0.000270939939874
0.000277701947655
0.000275951538702
0.000286480449886
0.000288410606779
0.000293210150788
0.000299955309255
0.000308373314282
0.000308388345864
0.000310213512437
0.000314315960065
0.000320077632782
0.000328829296003
0.000339594775195
0.000342540013843
0.000346754011934
0.000352749056395
0.000360821934248
0.000360411770108
0.000362853790038
0.000377123037571
0.000373551586899
0.000381085799702
0.000390588721931
0.00039204777573
0.000395148835438
0.000401274764053
0.00040950760123
0.000410113483953
0.000421963333053
0.000426035571865
0.000431908591177
0.000429575197208
0.000439908432855
0.000442317219901
0.000447188465045
0.000452978142852
0.000460775341169
0.000460320169045
0.000471549310322
0.000475314987691
0.000481376370806
0.000490068201356
0.000489917481109
0.000492052954936
0.000495908781551
0.000501784305039
0.000510032106352
0.000520759003171
0.000524136942292
0.000528537411853
0.000535138365527
0.00053320111578
0.000543151595334
0.000545159177252
0.000549635232321
0.00055669882633
0.00056494126606
0.000565463600723
0.000577493617361
0.000581763190751
0.000578019654484
0.000587029764095
0.000598763911722
0.000601893606202
0.000607257919257
0.000614042638767
0.000613018281806
0.000623599300387
0.000626887132736
0.000632614817059
0.000639820432945
0.000639061693742
0.000649690097462
0.000652598852986
0.000657068909302
0.000664424968478
0.000664399190335
0.000676225572754
0.00068015110626
0.000685629807407
0.000683463258894
0.000692702666986
0.000694813804352
0.000699308588588
0.000705696778143
0.00071390052604
0.000723558189075
0.000725393942525
0.000728445677311
0.00073435877154
0.000742631835769
0.000743159384583
0.00074554989882
0.000759654836552
0.000756080133625
0.000763855327037
0.000774495770092
0.00077749839051
0.000783009670902
0.000790050053389
0.000788872205929
0.000799732085671
0.00080168367602
0.000806377616105
0.000813111845472
0.000822476417094
0.000823362367001
0.000826204134962
0.000830997996494
0.00083721622072
0.000846181976931
0.000847352588009
0.000851482109142
0.000857047008106
0.000864734852409
0.000874366726135
0.000875297013713
0.0008785693583
0.000884004351487
0.00089214133051
0.000901673770541
0.000903210349991
0.000906529237428
0.000911235628116
0.000918263487145
0.00092741805987
0.000929776495819
0.000933535073814
0.000939623023765
0.000947451170776
0.000947027033895
0.000958555377779
0.000962237093637
0.000968985116389
0.00097700613905
0.000977318935766
0.000988900269218
0.000992364775579
0.000997393582916
0.000994584248699
0.00100480745063
0.00100655078998
0.00102048986212
0.00102623636922
0.00102383936919
0.00103312421992
0.00103475273784
0.00103922918136
0.0010454043291
0.00105379272809
0.00106360496153
0.00106555158914
0.00106843626217
0.00107372226473
0.00108143618059
0.00109093599533
0.00109271881015
0.00109599085418
0.00110135657742
0.00110779970938
0.00111672049093
0.00111823966496
0.00112191399978
0.00112799488548
0.00113529701481
0.00114488445493
0.0011453784098
0.00115804253642
0.00116314678409
0.00116042329756
0.00116966525961
0.00118008135724
0.00118277312859
0.00118628738162
0.00119219602166
0.00120015350615
0.00120071294315
0.00121328845634
0.00121751435623
0.00122399442822
0.00122156141249
0.00123117480069
0.00123301331654
0.00124691552175
0.00125284340017
0.00125077476709
0.00126030800181
0.00127041179258
0.00127295748043
0.00127712650492
0.00128398559681
0.00129237217469
0.00129292151202
0.0012955933552
0.00130905702908
0.00131467922151
0.00131217001962
0.00132207502579
0.00132439385029
0.00133892962697
0.00134379749829
0.00135018423995
0.00134908315218
0.00135976136887
0.00136164430457
0.00136556367969
0.00137204012973
0.00138093092471
0.00138911393477
0.00138991835808
0.0013929111768
0.00139693808037
0.00140573300045
0.00141484835518
0.00142372491372
0.00142758957624
0.00143090397326
0.00143632895737
0.00144247079534
0.00145334878784
0.00145472690979
0.00146520908947
0.00147095361217
0.00147585886223
0.00148294571147
0.00148108865909
0.00149394133243
0.00149751820414
0.00150055003064
0.00150903447656
0.00151656949774
0.00152346358468
0.0015270293449
0.00153004956398
0.00154563175428
0.00155086872354
0.0015491548557
0.0015586084056
0.00156073089162
0.00157248136094
0.0015772099313
0.00158202049771
0.00159210762145
0.00159267880579
0.00160136619693
0.00160297385646
0.00160772179017
0.00161524054052
0.00162276165794
0.0016325398307
0.00163275740617
0.00164717013859
0.00165127917497
0.00165485907997
0.00166124462519
0.0016706055778
0.00166956221409
0.00168444664075
0.00168491357081
0.00169126972358
0.00169699182314
0.00170256905284
0.00171458238719
0.00171637901363
0.00172754169307
0.00173102927522
0.00173707904517
0.00174558852166
0.0017538221263
0.00175203092159
0.00176564496784
0.00176962225421
0.00177180230928
0.00178587523138
0.0017835722645
0.0017904993286
0.00180029551097
0.00180365772011
0.00181612727742
0.00182136979482
0.00182933723619
0.00183590004507
0.00184236461731
0.0018422756558
0.00185441228248
0.00186047523
0.00186496085876
0.00187740420005
0.00188261372667
0.00188215662177
0.00188979570419
0.00190058560134
0.00190537510344
0.00190888833844
0.00192426657445
0.00192872409184
0.00193696645429
0.00193487079988
0.00194531831592
0.00195890608139
0.00196211756015
0.00196381886981
0.00196752668781
0.00197481195884
0.00198471744367
0.00198988170636
0.00200209091876
0.00200408369467
0.00201365738177
0.00202037590931
0.00202254833764
0.002027543524
0.00203620975533
0.00204375913512
0.00205469695551
0.00205910145911
0.00207061308453
0.00207231740744
0.00208582342708
0.00208959383766
0.00209614696357
0.00210617470539
0.00210527665485
0.00211572566539
0.00212516042716
0.00212852830573
0.00214027003942
0.0021416016662
0.00215119258051
0.00215456574896
0.00216495313337
0.00216976415863
0.00218206038395
0.00218020356061
0.00219460419965
0.0021995427592
0.00221128132099
0.00221668520639
0.00222045630302
0.00222735246075
0.00223329093995
0.00224217985086
0.00225060661352
0.00226161866693
0.00226208359265
0.00227434442926
0.00227653921599
0.00229125640706
0.00229557483306
0.00230410315264
0.0023105805561
0.00231531198672
0.00232263101255
0.00233336379641
0.00233394437359
0.00234162072673
0.00235340967252
0.00235916511372
0.00237207858553
0.00237395152414
0.00237951370858
0.00238375926858
0.00239137081979
0.00239838186438
0.0024084755183
0.00241698466314
0.00242795694734
0.00243776463982
0.00243720918078
0.00244868005135
0.00245919159887
0.00246413418047
0.00246736607843
0.0024815998003
0.00248597154044
0.00249359470067
0.00249980204022
0.00250501608062
0.00251378210854
0.002521017365
0.00253073436487
0.00253930469794
0.00255110202409
0.00256154068854
0.00256209382098
0.00257486905978
0.00257734289025
0.00259071402325
0.00259414795461
0.00260395090663
0.00260906349515
0.0026126754703
0.0026287554528
0.00263466194108
0.00264320571094
0.0026504509797
0.00265560950609
0.00266487625391
0.00267252091734
0.00267908637688
0.00268919241259
0.00269661648009
0.00270778056986
0.00271663039019
0.00272109731666
0.00272655670764
0.00274176964523
0.00274129484445
0.00275206635329
0.00276657006557
0.00276507234726
0.00278162002027
0.00278237558936
0.00279619980226
0.00279986548704
0.00281505741691
0.00281998502663
0.00283101985275
0.00283783406032
0.00284244098046
0.00285999532099
0.00286161024168
0.00286649942084
0.00287475444493
0.00288907223217
0.00289362442689
0.00290161697023
0.00290884891068
0.00292239471575
0.0029314483845
0.00293821872616
0.00294295806766
0.00295185489307
0.00296664335196
0.00297239117727
0.00298184701712
0.00298932410621
0.00299411409296
0.00301073233877
0.00301730847123
0.00302150912377
0.00303057125469
0.00303768097771
0.00305113541524
0.00305966693177
0.00306636345992
0.00307119676194
0.00307973063905
0.00309531294562
0.0031009780488
0.00311095705765
0.00311801547986
0.00313116039435
0.00313406506327
0.00314063372022
0.00315381041736
0.00316310415213
0.00317270932028
0.00317737332838
0.0031862575384
0.00319482599581
0.0031993749843
0.00321657669266
0.00322605846348
0.00323225715297
0.00324345470815
0.00325107245778
0.0032580549933
0.00326904638991
0.00328439158137
0.00328399495293
0.00329602798645
0.00330498677734
0.00331824228711
0.00332268266276
0.00333130736681
0.00333800715221
0.00334942628615
0.00335946148318
0.00337449112714
0.00337992812535
0.00338907876077
0.00340416448984
0.00340928081715
0.00341300617287
0.00342918675188
0.00343476044061
0.00344605597153
0.00346087989624
0.00346738650994
0.00347003528619
0.00347902308299
0.00349277340899
0.00350395142339
0.0035131345599
0.0035196934989
0.00353214678167
0.00354084963677
0.00354837781096
0.00356190531106
0.00357187200015
0.00358078957525
0.00358583835252
0.00359655044126
0.00361090777531
0.00361740840267
0.0036285542822
0.00363743623466
0.00365050180908
0.00365440464194
0.00367053390604
0.00367633201976
0.00368848855199
0.00369794893533
0.00370643881725
0.00371912717797
0.00372183874559
0.00373670884463
0.0037494791391
0.00376003250166
0.00376857813774
0.00377525218602
0.00379334061555
0.00379480382627
0.00380823683015
0.00381872935642
0.0038278033012
0.00384166110873
0.00384727620881
0.00385699175771
0.00386450438884
0.00387726658735
0.0038866344495
0.00389504766311
0.00390822917442
0.0039199365059
0.00393557038309
0.0039421231269
0.00395306019274
0.00396157639322
0.00396779251768
0.00397922529555
0.00399617228188
0.00400341506906
0.0040154930789
0.00402518747584
0.00403230769696
0.00404477887663
0.00405501803227
0.00406435746231
0.00407778777487
0.00408921425065
0.00409800532896
0.00411135484942
0.00412219004051
0.00413114903023
0.00414573847864
0.00415029211353
0.00416714624235
0.004174154952
0.004185805359
0.00419517256337
0.0042026082181
0.00421597636969
0.00422670712525
0.004235601125
0.00425592213882
0.00425984479868
0.00427522782614
0.0042886741573
0.00430069177274
0.004310015542
0.00431731587013
0.0043287283001
0.00433803860736
0.0043443073553
0.00435588008016
0.0043730196998
0.00438080966092
0.00440086968536
0.00440408385856
0.00441946676339
0.00442468714931
0.00444227273897
0.00445135676662
0.00446509794634
0.00447674327104
0.0044855233116
0.00449943930588
0.00450972492675
0.00451850169693
0.00453236097133
0.00454416906883
0.00455387342159
0.0045677551738
0.00457972015001
0.0045885242203
0.00460291515701
0.00461551131706
0.00461903551946
0.00463450354293
0.00464737107512
0.00465820934307
0.00467247433452
0.00468538946378
0.00469554113754
0.00470397206403
0.00471738449204
0.00473500438023
0.00474386307133
0.0047487945071
0.00475924902477
0.00478172697406
0.00478873756493
0.00480009437739
0.00480920145427
0.0048303754591
0.00483430029459
0.00485027540786
0.00486391313579
0.00487616935278
0.00489244574455
0.00490642876125
0.00491812036488
0.00492670247212
0.00493305042076
0.00495112275955
0.00496046440486
0.00496730945631
0.00498629032355
0.00500306979096
0.00500950617026
0.00502122151671
0.00503056079697
0.00504525907433
0.00505736118118
0.00507397836349
0.00508161662983
0.00510057005365
0.00510926907942
0.00512186946735
0.00513438719777
0.00514312503029
0.00515769122892
0.00517623972165
0.00518469440224
0.00519818196057
0.00520930058524
0.00522565840004
0.00523957811696
0.00525178780864
0.00526144874399
0.00527515052171
0.00528589746483
0.00530044805717
0.00531491733276
0.00532547558987
0.00534054886003
0.00535437782001
0.00536462560615
0.00537960968619
0.00539851567873
0.00540191574614
0.00542344632398
0.00542928498902
0.00544663817212
0.0054620936401
0.00547443222702
0.00549062560721
0.00550507524125
0.00551730675021
0.00553389912231
0.00554157935604
0.00555971678508
0.00556834712558
0.00558076313209
0.00559125559565
0.00560594345033
0.00561885554749
0.00563717207483
0.00565208648889
0.00566381194292
0.00567329482559
0.00568863259428
0.0057003758854
0.00571811650798
0.00573149823619
0.00574308692379
0.00575925476504
0.00577113550777
0.00578854567037
0.00579626453271
0.00581593035208
0.00582525750127
0.00584088379107
0.00585141721403
0.00586770206148
0.00588757233558
0.00589800371037
0.00591438130721
0.00592057205683
0.00593902693127
0.00596034464724
0.00596526400305
0.00598140793477
0.0060019693568
0.00601214281206
0.00602817866457
0.0060423502096
0.00605141347747
0.00607204243577
0.00608401259707
0.00609249785474
0.0061127100831
0.00613106153714
0.00613949338594
0.0061592285186
0.00617652631777
0.0061828167997
0.00620168928256
0.00621810976857
0.00623029153169
0.00624848802223
0.00625593708229
0.00627468022897
0.0062904267989
0.00630238599104
0.00632009842592
0.00633372229887
0.00635346530832
0.00636284436913
0.00638357912655
0.00639325127349
0.00640974006935
0.00642133809783
0.00643699264975
0.00645858049772
0.00646983161144
0.00649213799193
0.00650318491262
0.00651255711877
0.00653335385425
0.00654990945913
0.00655849207957
0.00657653728997
0.00659178933108
0.00661252197558
0.00662334083367
0.00663751161998
0.00665577663205
0.00667171089664
0.00668602978235
0.00670300337285
0.00671714551099
0.00673482000424
0.00674181097655
0.00676095688746
0.00677759233775
0.00679819802789
0.00681582280524
0.00682792353551
0.00684623523934
0.0068541046898
0.00687424047564
0.00688369398467
0.00690570209296
0.00692193323427
0.00693854765343
0.00695530750935
0.00696999666789
0.00699125567105
0.00700708267309
0.00702148092129
0.00703828707728
0.0070525171418
0.00706947734712
0.0070844839254
0.00709763467179
0.0071192511163
0.007134261434
0.00714345587045
0.00716413886558
0.00718211182026
0.0071952157587
0.00721481788744
0.00722904497252
0.00725035046063
0.00726571869752
0.00728714108754
0.00730229750997
0.00731562738742
0.00733201402912
0.0073462206295
0.00736423195828
0.007379716723
0.00739821077608
0.00741891240504
0.00743803842753
0.00744647180905
0.00746672283058
0.00748549380986
0.00750378609686
0.00752315730465
0.00753594523084
0.00755218307571
0.00757451292505
0.0075914359624
0.0076065716403
0.00762462371484
0.00764037704243
0.00765803847993
0.00767918248402
0.00768932648747
0.00770635321908
0.00772673307948
0.00774175686541
0.00776319676499
0.00777795931949
0.00780470306062
0.00782028163402
0.00783409338199
0.00785086402307
0.0078708540273
0.00788843818942
0.00790783011525
0.00792533483665
0.00793661095985
0.00795988099859
0.00798103319229
0.00799705078718
0.00801081426135
0.0080353051212
0.00804924943039
0.00806568842614
0.00808548129205
0.00810299734027
0.00812407342857
0.00814272504544
0.00816333808869
0.00817791709275
0.00819860890754
0.00821374475537
0.00823516081035
0.00825150009376
0.0082703353514
0.00828650208267
0.00830528788572
0.00832173654948
0.00834143049914
0.00836359841909
0.00837595832216
0.00839954870732
0.00841665545752
0.00843998327206
0.00845692898869
0.00847199993666
0.00848927742972
0.00851015316802
0.00852858249663
0.00854937736392
0.00857221594465
0.00859283737806
0.00860755689084
0.00862869838029
0.00864947501826
0.00866330696871
0.00868446927563
0.00870282133308
0.00872376085564
0.00874266937493
0.008763791785
0.00878835068684
0.0088017279336
0.00882648447356
0.0088439453403
0.00885929207366
0.00887707861984
0.00890599493422
0.00891593586111
0.00893728646182
0.00895682789036
0.00898256198286
0.00899754775397
0.00901920342321
0.00903891396129
0.00905720975819
0.00907347808651
0.00909700209706
0.00911727872446
0.00914009670523
0.0091603888439
0.0091829642103
0.009199463825
0.00921857536589
0.00924487604478
0.0092636267213
0.00928057421995
0.0092995594168
0.00932105964778
0.00933635704309
0.00936342273512
0.00938882249826
0.00940217134702
0.00942248242615
0.00944906325782
0.00946905435883
0.00949133790106
0.0095029921399
0.00952624170576
0.00955082368862
0.00956885315025
0.00959319899325
0.00961109506702
0.00963121051063
0.0096500051546
0.00967152616011
0.00969461778634
0.00972010589617
0.0097339090175
0.00975922057743
0.00977738562134
0.00980751430152
0.00982676056271
0.00984752203906
0.0098703616665
0.00989044743592
0.00990817075135
0.00993237198072
0.00995060495909
0.00997614150645
0.00999871667735
0.0100191462932
0.0100412652062
0.0100616529213
0.0100836538109
0.0101038606054
0.0101312646916
0.0101473000797
0.0101692483297
0.0101976327869
0.0102183074978
0.0102403143919
0.0102549208531
0.0102800095675
0.0103063930417
0.0103244972141
0.0103435189321
0.0103726883653
0.0103937767175
0.0104166470475
0.0104409496961
0.0104576459098
0.0104841073928
0.0105023455677
0.0105308813296
0.0105506951841
0.0105723798188
0.0105952683513
0.0106196968213
0.0106445452266
0.0106612250431
0.0106881378537
0.0107068519074
0.0107362014726
0.0107581515265
0.0107819462846
0.0108061944152
0.0108224290357
0.0108487846388
0.0108761114343
0.010895803632
0.0109166971101
0.0109393304293
0.010962543954
0.0109868172381
0.0110121425367
0.0110376707894
0.0110561008482
0.0110846521824
0.0111063042467
0.0111282893354
0.0111519560415
0.0111763054401
0.0112018632855
0.0112285762151
0.0112477770034
0.0112780720351
0.011299744482
0.0113229350236
0.011346105316
0.0113707641754
0.0113961549757
0.0114139375238
0.0114427530284
0.011463017447
0.0114941438505
0.0115167973244
0.0115404457929
0.0115651343426
0.0115912938079
0.0116107342663
0.0116399529988
0.0116614250163
0.0116835341142
0.0117158588225
0.0117398829097
0.0117652101688
0.0117831173091
0.0118115558081
0.0118409911069
0.0118617070055
0.0118838103382
0.0119064386172
0.011930908263
0.0119569302195
0.0119845327671
0.0120135441038
0.0120339225086
0.0120654275023
0.0120875705799
0.0121114375399
0.012136905825
0.0121639395144
0.0121920543913
0.0122113763844
0.0122413284388
0.0122620668413
0.0122941901356
0.0123181126493
0.0123439100033
0.012371168383
0.0123988851431
0.0124189864665
0.0124486676116
0.0124710059394
0.0124947105082
0.012529436253
0.0125559831606
0.0125738748144
0.0126026154794
0.012631357102
0.0126521004841
0.0126836844842
0.0127076117783
0.0127326213364
0.0127588912488
0.0127863118545
0.0128139424696
0.0128436745757
0.0128648045905
0.0128980033303
0.012922484787
0.0129479935073
0.0129751180885
0.0130023949477
0.0130307313562
0.0130605831162
0.0130828631968
0.0131153353706
0.0131396593863
0.0131649895591
0.0131908819415
0.0132180218379
0.0132463525549
0.0132770110562
0.0132991018129
0.0133322090666
0.0133568695065
0.0133823359471
0.0134088289208
0.0134363767103
0.0134661386286
0.0134966091336
0.0135285301971
0.0135517323347
0.0135757633413
0.0136099859353
0.0136358204324
0.0136638672472
0.0136927726383
0.0137233828154
0.0137453607976
0.0137780140462
0.0138018299841
0.0138268473991
0.013863570889
0.0138914838546
0.0139212312966
0.01395156079
0.0139737393366
0.0140053411609
0.0140286911549
0.0140636411818
0.0140896722139
0.0141174946147
0.0141459212983
0.0141759407523
0.0142061709087
0.0142378371901
0.0142614099784
0.0142962832391
0.0143231060478
0.0143505235932
0.0143795403645
0.0144085005987
0.0144387041271
0.0144702276603
0.0144935956229
0.0145280313045
0.0145534083827
0.0145896372272
0.0146167630186
0.0146449012504
0.0146742681185
0.0147056349029
0.014738277342
0.014762058418
0.014797400394
0.0148230508483
0.014859528231
0.0148876231334
0.014917128138
0.0149481551987
0.0149797677286
0.0150032510948
0.0150360656594
0.0150702391931
0.0150957618755
0.0151228502147
0.0151610187772
0.0151904202412
0.0152213825856
0.0152525998494
0.0152852251904
0.0153088097313
0.0153439728423
0.0153705466308
0.015408122882
0.0154371028607
0.015466514227
0.0154964616253
0.0155271735014
0.0155597457964
0.0155931401347
0.0156277390061
0.0156539273883
0.0156904375046
0.0157178734741
0.0157461140423
0.015776378943
0.0158077673737
0.015840535072
0.0158741396321
0.0159087992065
0.0159437535885
0.015969586483
0.0160071022317
0.0160352890432
0.0160650090613
0.0160958117347
0.0161272601222
0.0161591099439
0.0161915057786
0.016225694634
0.0162608582238
0.016287848171
0.0163253684115
0.0163546688811
0.0163937059373
0.0164238245395
0.0164555042988
0.0164877647311
0.0165216046937
0.0165562238185
0.0165917715471
0.0166178638894
0.0166540468525
0.0166818528637
0.0167202398251
0.0167505708913
0.0167817256699
0.0168141303447
0.0168468175341
0.016880072887
0.016914526932
0.0169502015188
0.0169871947914
0.0170151364463
0.017054245508
0.0170836247131
0.017123115596
0.0171536367456
0.0171852905608
0.0172180723558
0.0172514577756
0.0172866424677
0.017321629855
0.0173571966902
0.0173938856425
0.0174217666807
0.0174609877711
0.0174909366688
0.0175324741602
0.0175646840923
0.0175964890917
0.0176283115773
0.0176727077871
0.0177079250054
0.0177334823652
0.0177698116573
0.017805621137
0.0178436873536
0.0178718293483
0.0179105372651
0.0179422277117
0.0179818552287
0.01801500176
0.0180478280586
0.018090576607
0.0181253156631
0.0181608548615
0.0181966834396
0.0182327501736
0.0182696474348
0.0182984559251
0.0183370038886
0.0183748844121
0.018405829925
0.0184446492733
0.0184761493291
0.018518266063
0.0185525485916
0.0185849056795
0.0186186464123
0.0186552926459
0.0186899945448
0.0187271825941
0.0187649543014
0.0188026776504
0.018840273712
0.018878905963
0.018918187626
0.0189494040632
0.0189889272362
0.0190209626552
0.0190629836351
0.0190970122057
0.0191381058264
0.0191720334446
0.0192058381595
0.019242191863
0.0192788445015
0.0193257229649
0.0193625697484
0.0194003605196
0.0194287600807
0.0194666103144
0.0195049433841
0.0195450623595
0.0195856196112
0.0196177783634
0.0196570647999
0.0196984810563
0.0197315712627
0.0197733342941
0.0198070218584
0.0198414752299
0.019887218368
0.019920638022
0.0199576917787
0.0200025194447
0.0200397071836
0.0200765758518
0.0201141364483
0.0201528290756
0.0201907214076
0.0202283854912
0.0202673847675
0.020306773271
0.0203458297703
0.0203857908573
0.0204269627528
0.0204594204482
0.0204997871011
0.020541626462
0.0205838175538
0.020617374819
0.0206616549948
0.0206954650192
0.0207385964428
0.0207727058179
0.0208179645343
0.0208518107962
0.0208965837182
0.0209322694194
0.0209788279062
0.0210151564865
0.0210506604708
0.0210975181598
0.0211345492889
0.0211712294712
0.0212102454681
0.0212586927621
0.0212984774746
0.0213356680632
0.0213756689523
0.0214138923784
0.0214530620826
0.0214927434768
0.0215333428615
0.021583552714
0.0216225741459
0.0216629620091
0.0217029765505
0.0217426880709
0.0217843258414
0.0218257224654
0.0218684204375
0.0218999004424
0.0219412830145
0.0219834506433
0.0220252741327
0.0220672677746
0.0221102953317
0.0221543858638
0.0221955966953
0.0222379703021
0.0222808417524
0.0223221341881
0.0223561019521
0.0223986596501
0.0224423956078
0.0224860107536
0.0225283313561
0.0225723634853
0.0226150107551
0.0226586971948
0.0226937306691
0.0227372122699
0.0227816080716
0.0228244746402
0.0228674574169
0.0229113549207
0.0229546952982
0.022998158509
0.0230424992251
0.0230854936773
0.0231182512078
0.0231611152833
0.0232039072628
0.0232472304024
0.0232909167133
0.0233354257259
0.0233787142261
0.0234225609081
0.0234641870272
0.0235176479956
0.0235601782209
0.023602958334
0.0236452284072
0.0236873868178
0.0237298349777
0.0237711890662
0.0238123250109
0.023863445834
0.0239050919824
0.0239473375266
0.0239987000336
0.0240402714273
0.0240808379283
0.024131035811
0.0241710630561
0.0242123601376
0.0242620176789
0.0243027500348
0.0243513037454
0.0243906622309
0.0244385347184
0.0244860534428
0.0245248321961
0.0245729955925
0.0246215288187
0.0246688541366
0.0247053886741
0.0247522314034
0.024797877959
0.0248446217009
0.0248907332711
0.0249372133191
0.02498216837
0.0250269915936
0.0250709397559
0.0251143210726
0.0251676399526
0.0252110695482
0.0252541731329
0.0253064302106
0.0253479760766
0.0253886558263
0.0254389206867
0.0254898671867
0.0255302970365
0.0255805595135
0.0256298794101
0.0256691850206
0.0257173023774
0.025764186571
0.0258112791508
0.0258583462169
0.0259051561553
0.0259501568172
0.0260050407053
0.0260492893135
0.0260924702297
0.0261350786012
0.0261878295336
0.0262311492311
0.026282807529
0.0263338580047
0.0263741511859
0.0264240126556
0.0264729596185
0.0265219307057
0.0265706416189
0.0266175772903
0.0266642300198
0.0267097861026
0.0267643236636
0.026808189051
0.0268516286317
0.0269053416532
0.026957533934
0.0269995202327
0.027049985098
0.0271001275314
0.0271493927063
0.0271978860515
0.0272469332934
0.0272945018471
0.027341139391
0.0273964519128
0.0274412278519
0.0274842820379
0.0275372839735
0.0275897685809
0.0276413189106
0.0276818922159
0.0277312074863
0.0277797518805
0.0278369246372
0.0278841832405
0.0279309403307
0.0279866742052
0.0280319383732
0.0280852763257
0.0281280078029
0.0281790157781
0.0282298234943
0.0282798006632
0.0283287837676
0.0283866649374
0.0284331802629
0.0284787351149
0.0285325132201
0.0285858920418
0.028638706895
0.0286809063883
0.0287319774876
0.028791843178
0.0288407369755
0.028887775291
0.0289442400596
0.0289898426885
0.0290448238572
0.029098293319
0.0291404155716
0.02920128999
0.0292501644772
0.0292982824169
0.0293454182875
0.0294021739924
0.029457401351
0.0295015140787
0.0295544363978
0.0296055272428
0.0296558409865
0.0297150522407
0.0297639730332
0.0298211617187
0.0298671089901
0.0299215611523
0.0299740177907
0.0300252642453
0.030075179156
0.0301347886133
0.0301824899566
0.0302391017995
0.0302941850793
0.0303375091694
0.0303895050519
0.0304502785089
0.0305008746063
0.0305497343867
0.0306074136815
0.030663508356
0.0307177002262
0.0307702324173
0.0308212902521
0.0308719309354
0.0309305441001
0.0309780855322
0.0310334253458
0.0310874010464
0.0311391944435
0.031199774543
0.0312500220926
0.0313082399875
0.0313555565844
0.0314110714421
0.0314650376331
0.0315267410222
0.0315771992618
0.0316268119364
0.0316844889028
0.0317410436935
0.0317952795702
0.0318478380779
0.0319080613091
0.0319566918979
0.0320145792808
0.0320707165184
0.0321254813214
0.032178030294
0.0322394477735
0.0322885647434
0.032345783521
0.0324021332931
0.0324572175746
0.0325107198537
0.0325718420724
0.0326213095284
0.0326781486684
0.0327331936239
0.032797011272
0.0328487590565
0.0329096003874
0.0329576689901
0.0330145829731
0.0330685042827
0.0331311844357
0.0331821525838
0.033241735574
0.0332994562111
0.0333554375378
0.0334102351431
0.033471345884
0.0335310058655
0.0335785134729
0.0336450657101
0.0336994160924
0.0337514269299
0.0338120857129
0.033868985559
0.0339249988572
0.0339881115011
0.034040595978
0.0341008478409
0.0341596361023
0.0342165123828
0.0342703590122
0.0343319496715
0.0343916782919
0.0344500620818
0.034506597727
0.0345602189116
0.0346222221283
0.0346818090416
0.0347381217115
0.0347923903851
0.0348560036582
0.0349162875131
0.0349752792424
0.0350327415573
0.0350866093203
0.0351486110206
0.0352078490701
0.0352665172765
0.0353217045867
0.0353856007543
0.0354477171611
0.0355061335386
0.0355623448328
0.0356263040754
0.0356877587759
0.0357472055038
0.0358045596075
0.0358600478431
0.0359219626567
0.0359825480242
0.0360392778868
0.0361043064968
0.0361575609254
0.0362197135606
0.0362880568613
0.0363448503785
0.0364081930404
0.0364683789503
0.0365274728633
0.0365836466196
0.0366475338207
0.0367083011261
0.0367675451272
0.0368331129426
0.0368866139544
0.0369468270258
0.0370152786735
0.0370716355957
0.0371359639819
0.0371969433806
0.0372553041231
0.0373204809295
0.037384219307
0.0374451803061
0.0375037124339
0.037568899261
0.0376327577078
0.037692636261
0.0377492290621
0.0378128500124
0.0378748964173
0.0379443535428
0.03800069322
0.0380646735789
0.0381259617637
0.0381940405381
0.03824913289
0.0383127947445
0.038382478159
0.0384402281115
0.038506698026
0.0385678508408
0.0386367978776
0.0386922832309
0.0387549949012
0.0388259087896
0.0388823503081
0.0389474716958
0.0390099327367
0.0390776895602
0.0391332196659
0.0392060990862
0.0392660414733
0.0393327983372
0.0393983233162
0.0394599464295
0.0395181146353
0.039583572849
0.0396548905844
0.0397142851065
0.039781766947
0.0398449242304
0.0399154936232
0.0399711303893
0.0400353883724
0.0401055018514
0.0401622728969
0.0402274005423
0.0402995028855
0.0403694768321
0.0404244696319
0.0404964832506
0.0405559236793
0.0406215657301
0.0406939778992
0.0407547404598
0.0408217197954
0.0408847745149
0.0409532002336
0.0410202865053
0.0410819655103
0.041152061298
0.0412203659576
0.0412837152372
0.0413546606438
0.0414195995296
0.0414848644552
0.0415446818087
0.0416113459251
0.0416859004209
0.0417472865561
0.0418143456887
0.0418866679949
0.0419474722822
0.0420140865777
0.042087366916
0.0421567711041
0.0422229857117
0.042286684589
0.0423557900883
0.0424214592381
0.0424930768399
0.0425517538728
0.0426280043506
0.042691416068
0.0427603202425
0.0428345957404
0.0428951952056
0.0429633856099
0.0430380051421
0.043098596329
0.0431757239402
0.0432384643447
0.0433084318699
0.0433742974425
0.0434460321431
0.0435143490571
0.043578551812
0.0436515505868
0.0437201109254
0.0437942112465
0.0438541687076
0.0439298180417
0.0439939404517
0.0440616150169
0.0441379037026
0.0442095265334
0.0442767332273
0.0443411689199
0.0444114193096
0.0444855507601
0.0445476202036
0.0446281654145
0.0446923922745
0.0447622083675
0.0448292378634
0.0449022464822
0.0449712547442
0.0450458191753
0.0451191625273
0.0451858748404
0.0452601400306
0.0453291670054
0.0454039606119
0.0454645824087
0.04554254036
0.0456169268038
0.0456846862545
0.0457503336711
0.0458226295629
0.0458986416051
0.0459702256577
0.0460398765934
0.0461156373097
0.0461871345427
0.046254363134
0.0463258788116
0.0464053499071
0.0464680564891
0.0465384703358
0.0466145379698
0.0466862863426
0.0467656078633
0.0468370458977
0.0469066651987
0.0469788429258
0.0470491975136
0.0471251090867
0.0471993552767
0.047266909017
0.0473410654095
0.0474183978297
0.0474834043489
0.0475636436926
0.047629627818
0.0527312974647
