metodo_1_dt_1:1
5.24808470314e-07
6.24497856106e-07
4.47041745001e-06
1.93213862455e-06
2.81982181014e-06
6.84880781328e-06
1.46054271032e-05
1.61423795177e-05
1.1652672494e-05
1.93512180828e-05
2.07010575913e-05
2.53638242416e-05
2.32581548476e-05
3.3677176951e-05
2.76636534446e-05
3.43082441375e-05
3.40618018404e-05
3.68298178626e-05
4.2695196188e-05
4.20825319562e-05
4.4826926299e-05
4.11384859419e-05
4.11033223641e-05
4.45013895747e-05
5.1321147209e-05
5.15011524219e-05
5.48611086636e-05
6.1431382679e-05
6.11653996508e-05
6.39653917428e-05
6.94376271541e-05
6.80877005959e-05
6.98965767136e-05
7.45013405835e-05
7.2518575841e-05
7.37426183626e-05
7.82804655724e-05
7.6567305308e-05
7.83139893e-05
8.35245563691e-05
8.21884959074e-05
8.43577906637e-05
8.96567806252e-05
9.8165060861e-05
9.95702131181e-05
0.000104049669377
0.000101701230179
0.000102123858447
0.000105603313664
0.000102265026409
0.000111824010948
0.00010500267781
0.000111374116227
0.000111467812595
0.000114811063669
0.000121952113504
0.000122395435569
0.000126284300467
0.000123435737607
0.000133478423885
0.000126924331982
0.000133145977513
0.000132445675747
0.000134496996936
0.000139779224066
0.000138038527479
0.000139362090648
0.000143903509935
0.000141890297506
0.000144752643168
0.000149592322864
0.00014798497853
0.000149734569051
0.000156309103272
0.000164375397092
0.000165708921628
0.000161483433234
0.000168647534819
0.000170209248379
0.000173237768016
0.000170586171791
0.00016971651692
0.000173130765976
0.000179880566965
0.000180052059184
0.0001822611707
0.000179359984942
0.000189764215063
0.000183810693917
0.000191008471049
0.00019138631439
0.00019476183837
0.000201147741219
0.000200430359118
0.000202609073423
0.000207682939919
0.000205794037396
0.00020815137134
0.000212321029401
0.000209759864984
0.000210653894409
0.000216144389915
0.000213916784183
0.000216404682996
0.000220875224934
0.000220057366925
0.000230934268757
0.000226317262842
0.000234552338608
0.000234527031246
0.000238546372543
0.000235525767762
0.000235382832531
0.000238234687036
0.000244260052131
0.000243525461378
0.000246138412293
0.000242250864585
0.000251685923699
0.000254649977521
0.000251088207043
0.000261832541664
0.000264536849387
0.000260317807723
0.000260364181484
0.000261912626519
0.00026638573758
0.000274898652517
0.000275307181285
0.000269818296634
0.000277339767146
0.000277108835291
0.000281270522393
0.000278951231816
0.000280050629598
0.000284594282983
0.000282520745757
0.000293597704071
0.000287955646272
0.000295170567001
0.000295368770378
0.000298468786362
0.000304421836048
0.000304379464164
0.000306136088961
0.000301003738633
0.00030997338114
0.00031114078045
0.000306768574087
0.000314598221021
0.00031706219572
0.000311944878442
0.000321128246656
0.000323530670206
0.000319187360048
0.000327753075478
0.000328239939877
0.000332580742248
0.000329837296722
0.000331025983881
0.000334068105176
0.000340070821004
0.000339226240226
0.00034163069253
0.000338436280847
0.000347502448997
0.000340207156985
0.000347203794114
0.000346592728626
0.000350196009289
0.000356867706882
0.000355527144692
0.000358109647202
0.000363606760488
0.000361933787756
0.000363126670963
0.000367191788807
0.000364343714661
0.000364564435747
0.000368042217258
0.000374767399955
0.00037501129001
0.000379650913901
0.000376670246019
0.000377023281763
0.000381601669809
0.000388225687712
0.000388839667682
0.000392416350368
0.000397801276384
0.000396975780758
0.000399067718166
0.000394094554242
0.000402068672646
0.000403135020674
0.000397527807343
0.000405136612019
0.000406208650652
0.000410669936107
0.000408578416525
0.00041070000583
0.000415034556327
0.000412568976867
0.000423794410576
0.000418142030773
0.000424312297873
0.000424225875428
0.000426977011559
0.000431808363393
0.000430464661182
0.00043221206204
0.000427239942796
0.00043552868924
0.000437279188543
0.000432466828386
0.00044180005961
0.000443622734264
0.000448571977151
0.000447560344258
0.000448615422293
0.000453365661393
0.000450156262367
0.000460509061762
0.000453813752733
0.000459237979844
0.000458320600076
0.00046058430191
0.000466063157329
0.00046489735641
0.000467092183177
0.000463493325129
0.000472455487682
0.000474706660231
0.000470198990391
0.000479433194105
0.000480894851067
0.000485974020223
0.000483947019511
0.000483902515993
0.000487475996146
0.000483946108524
0.000493405745986
0.000495976121566
0.000491784847937
0.000490877287
0.000493440702194
0.000499317191774
0.000498617891954
0.000501877655303
0.000507499335145
0.000507004238608
0.000508752797693
0.0005139712086
0.000511379018903
0.00051231462928
0.000516057259386
0.000522617122788
0.000522221283034
0.000524982428182
0.000520951484477
0.000520210623555
0.00052287432357
0.000529493139562
0.000528901316103
0.000532244210085
0.000538003135143
0.000537472759024
0.000539298679013
0.000544547802256
0.000542673703649
0.000543519017545
0.000547223613604
0.000543859538111
0.000543539370025
0.00054620186385
0.000552079011746
0.000551940474557
0.000554572661295
0.000560533115759
0.000560450730137
0.000563025616668
0.000559416655065
0.000568716551551
0.000571011581737
0.000566100777169
0.000573996308593
0.000574733728764
0.000578268472078
0.000574678036483
0.000574136321899
0.000576654685279
0.000582894460766
0.000581988988522
0.000584828525921
0.000581246924585
0.000590343972402
0.000593208296357
0.000589202244342
0.00059822351277
0.000600177269256
0.000595016177246
0.000602576698828
0.00060294316393
0.000606585707056
0.000602670746437
0.000602250963896
0.000604419119558
0.000610172796364
0.000608905331998
0.000611422969688
0.000617329106391
0.000616515281377
0.000618966745493
0.000624485111157
0.000623083828171
0.000624986318856
0.000629238358481
0.000626356424959
0.000626638248914
0.000629393012202
0.000635363257157
0.000634277613331
0.000636375198239
0.000631295732198
0.000639836984473
0.000641816011771
0.000637499372541
0.000646134846063
0.000647935284516
0.000652867303161
0.000651187745811
0.000652052988395
0.000656064240109
0.000652926575973
0.000662456319164
0.000654587997387
0.000659906281338
0.000658179950717
0.000659825937383
0.000664368964444
0.00066223938014
0.000663546917908
0.000668388231215
0.00066629823808
0.000677703939634
0.000672261420845
0.00067974414297
0.000679793471373
0.000683009236463
0.000688977927973
0.000688052019805
0.000689601403551
0.000684052691941
0.000691479883601
0.000692236629062
0.000686049876301
0.00069325478493
0.000693912095831
0.000697943561086
0.000694989466879
0.000705444827326
0.000699250400613
0.00070574086437
0.000705208060202
0.000707469979047
0.000712616501727
0.000710410385395
0.000711200214543
0.000714695706477
0.000711366429699
0.000721019045784
0.000714003344615
0.000720265837785
0.000719802826572
0.000722723851146
0.000729143003178
0.000728526370965
0.000731187618751
0.000736612957485
0.000735107684255
0.000736342130835
0.000740249159322
0.000737068358722
0.000736719190824
0.000739273146066
0.000744761507103
0.000743281033139
0.000745055175316
0.000750193876369
0.000748596126775
0.000750437412285
0.00075559992989
0.000753855340164
0.000755232561741
0.000759502067436
0.000756692264408
0.000766649070567
0.000769353381602
0.000764974172087
0.000763277533858
0.000764531855046
0.000768680670496
0.000765933019731
0.000766429341211
0.00077023521307
0.000777399357267
0.000777818162197
0.000781632394884
0.000778488974702
0.000778473090407
0.000781394263851
0.000787160868454
0.000785700963464
0.000787088169904
0.00079111748936
0.000798000467593
0.000797757083455
0.000790524807408
0.000796317945697
0.000795304733285
0.000797598689369
0.000803249685159
0.000802177438565
0.000804411215468
0.000809774323921
0.000808174813939
0.000809545225422
0.000813674504727
0.00081067289847
0.000820343304235
0.000822779479234
0.00081810653776
0.000816187444846
0.000817195084786
0.000821316633114
0.000818655594339
0.000829302017617
0.000823290880437
0.000830479879185
0.000831023095796
0.000834610007581
0.000831382646263
0.000840856636703
0.00084320028955
0.000838388329628
0.000846300617037
0.000846925685775
0.000840349311257
0.000846641452288
0.00084575920061
0.000848144658052
0.000853502934194
0.000852364037617
0.000854407729742
0.000849763221444
0.000858285884368
0.000859964804331
0.000864667644904
0.000862214590783
0.000862710821914
0.0008659001799
0.000871677406007
0.000870249171513
0.000871630780795
0.000876020549583
0.00087321178195
0.000873191846664
0.000876677579399
0.000873442890759
0.000873264266396
0.000876606397244
0.00088295117095
0.000882513339536
0.000885208771625
0.000890613876176
0.000888894479137
0.000889664703444
0.000893382833203
0.00088985944592
0.000898861268051
0.000900986157628
0.000895867520452
0.000893783777322
0.000894897842683
0.00089929327602
0.000906995247419
0.000908063611371
0.000901985771923
0.000909325947261
0.00090944399208
0.000912726242719
0.00091848101237
0.000917006024888
0.000918241736078
0.000922300079298
0.000919078002345
0.000918377637898
0.0009210017887
0.000926371411339
0.000925301293605
0.000927127485512
0.000922314890835
0.000930707598434
0.000932410170518
0.000937186644885
0.000934976666936
0.000935248851584
0.000938730168711
0.000944617883911
0.000943156124427
0.000944455275917
0.000948555398774
0.000945527556143
0.000945462430333
0.000948457413948
0.000944207949604
0.00095373620301
0.000956079042892
0.00095175153411
0.000950622665487
0.000952576858103
0.000957521299381
0.000965402849403
0.000966010065705
0.000968948222512
0.000965061488995
0.000963459185247
0.000964611856798
0.000968597877197
0.000965633568685
0.000975688425539
0.00096903477491
0.000975535420651
0.000974886452899
0.000977531269969
0.000983863002087
0.000982785881328
0.000984708093292
0.000989459155385
0.000987106919375
0.000986916361177
0.000989887582874
0.000995714814663
0.000993711499459
0.000994572115536
0.000998425576949
0.000995312684103
0.000995469462368
0.000998884045158
0.000995646391865
0.0010049665258
0.00100752245396
0.00100384954915
0.00101244584674
0.00101398338257
0.00100832592407
0.00101534345372
0.00101514386278
0.00101698741311
0.00101226364686
0.00101974962427
0.0010202492519
0.00102377322393
0.00102057366018
0.00102060383245
0.00102392061855
0.0010199722144
0.00102969358794
0.00103193745926
0.00102782148127
0.00103584866922
0.00103671339496
0.00104026648928
0.00103583320399
0.00103481868212
0.00103666077384
0.00104061006826
0.00103755813697
0.00103829504938
0.00104150795606
0.00104797699399
0.00104700633095
0.0010500628252
0.00104627966728
0.00105482273688
0.00105638452745
0.00106148839998
0.0010586554322
0.00105861849588
0.00106041204841
0.00106575478542
0.00106390119985
0.00106407606441
0.00106725185349
0.00106436178905
0.00106380334992
0.00106650637418
0.00107172229412
0.00107106398232
0.00107354455824
0.00107821795586
0.0010759028844
0.00107726091754
0.00108052959246
0.00108656562332
0.00108439021282
0.00108585403999
0.00109011525418
0.00108636267273
0.00108556615309
0.00108880116496
0.00109426664235
0.0010931255973
0.0010943231402
0.00108967105419
0.00109726473287
0.00109881327964
0.00110240704358
0.00109892975491
0.00110805913244
0.00111003810174
0.00110476814659
0.00111210690911
0.00111131957159
0.00111434499558
0.00110943805269
0.00110767971888
0.00110906021511
0.00111363243368
0.00111065935333
0.00112177692424
0.00111623661893
0.00112259132882
0.00112193792325
0.00112420912157
0.00112918539844
0.00112690842131
0.0011273271195
0.00112942377799
0.00113531765755
0.0011331414119
0.00113382986019
0.00113769111661
0.00113482237649
0.00113517622517
0.00113773424169
0.00114451860182
0.00114349968172
0.00114557930531
0.00114060987619
0.00114828744368
0.00114886367389
0.00115213026281
0.00114825308618
0.00115576930225
0.00115612689303
0.00114951086781
0.00115576384029
0.00115515510455
0.00115771653741
0.00115361322288
0.00116156777133
0.00116289186083
0.00116831897958
0.00116582578723
0.00116624005155
0.00116947436735
0.00117426773555
0.00117295838929
0.00117316839086
0.00117617321318
0.00117317331404
0.00118047941482
0.00117216583463
0.00117685393185
0.0011748498216
0.00118481428876
0.00117813521174
0.0011858369877
0.00118555886682
0.00118700928432
0.00119259936051
0.00119113217033
0.00119114715334
0.00119506084656
0.00120044859013
0.00119861806888
0.00119947608522
0.0012032639722
0.0011988495974
0.00119881335532
0.00120060942499
0.00120573913839
0.00120413262692
0.00120577947582
0.00121049525594
0.00120832348183
0.00120778658707
0.00121131527945
0.00121629885995
0.00121400629914
0.00121443835963
0.00121758940163
0.00122213785526
0.00122093487603
0.00122138291301
0.00122633315856
0.00122314467765
0.00122324891141
0.00122656612594
0.00122183849409
0.00123147182467
0.00123281684591
0.00123703911065
0.00123559043129
0.00123405422233
0.00123662774899
0.00124183932813
0.00123985545292
0.00123923435317
0.00124152346217
0.0012368227431
0.00124512451318
0.00124664778593
0.00124163156949
0.00124827995912
0.00124962793721
0.00125263075635
0.0012488249743
0.00125769665583
0.00125955184644
0.0012527429476
0.00125993484997
0.00125847007762
0.00125968238202
0.00126511065584
0.00126059462222
0.00126046193303
0.00126352101752
0.00126822443053
0.00126776473867
0.00126903640956
0.00127348563294
0.00127123488911
0.00127187036165
0.00127389002634
0.0012802294472
0.00127782596848
0.00127819074404
0.00128113540452
0.00128674173964
0.00128534772961
0.00128516354434
0.00127970607235
0.00128557874513
0.00128480186911
0.00128724390081
0.00129290809963
0.00129192957486
0.00129234960357
0.00129744216176
0.00129392993029
0.00130300816123
0.001304926856
0.00129967227373
0.00130527997296
0.00130544004295
0.00130665136016
0.00130082568629
0.00130787361253
0.00130816893307
0.0013116235944
0.00130684151025
0.00130687626323
0.00130849665583
0.00131308603261
0.001310854359
0.00132130425536
0.00131486718888
0.00131933378933
0.00131651832678
0.00132794045506
0.00132062767039
0.00132596636436
0.00132257096109
0.001323872169
0.00132648613546
0.00132423670559
0.00133333297845
0.0013259807811
0.00132977058306
0.00132860703619
0.00134023985247
0.00133332315551
0.00133900740487
0.00133748136987
0.00133862990838
0.00134248480046
0.00134722521747
0.00134665569302
0.00134714437173
0.00134081422703
0.00134736149738
0.00134730494026
0.0013504794176
0.00134514518712
0.00135468846712
0.00135561898677
0.00135946363714
0.00135644112221
0.00135424961956
0.00135657843062
0.00135974890611
0.00136741916745
0.00136610460159
0.00136756783211
0.00136013840231
0.00136743854611
0.00136605913051
0.00136983561455
0.00136505654202
0.0013733090932
0.00137489410639
0.00137764536219
0.00137551953356
0.00137422185392
0.00137572229147
0.00137981294023
0.00138664458778
0.00138632716821
0.00138670063435
0.00138200076156
0.00138804248036
0.00138720635583
0.00138952709064
0.00138519971218
0.00139188086813
0.00139398218337
0.0013874448241
0.00139369772916
0.00139309681222
0.00139539787933
0.00139845727636
0.00140608514522
0.00140461433642
0.00140579609533
0.00139995344931
0.00140656404082
0.00140631553952
0.00140688165162
0.00140293644644
0.00140984967137
0.00141018387797
0.00141370763753
0.00140850384487
0.00141825892392
0.00141903766365
0.00141291288607
0.0014192602584
0.00141853682104
0.00142045288684
0.0014228874967
0.00142034098479
0.00142821578487
0.00142916993965
0.00142340722508
0.00143045374178
0.00142875628908
0.00143242648275
0.00142739659805
0.00143529011009
0.00143635646618
0.00143827066482
0.00143541938832
0.00144286597708
0.00144540436482
0.00143863664528
0.00144210578317
0.00144066861427
0.00144204204514
0.00144394991726
0.00144891111582
0.00144722899321
0.00144873449551
0.00144374917489
0.00145158542574
0.00145066005772
0.00145269097336
0.00145768785393
0.00145575697602
0.00145652870486
0.00145773010799
0.0014638937284
0.00146060032001
0.00146004848745
0.00146217418349
0.00146724744105
0.00146327269363
0.00146467104928
0.00146697198283
0.00147243153461
0.00147142556822
0.00147112874869
0.00147620074736
0.00147216591506
0.00147095409314
0.00147243738852
0.00147654022173
0.00148335379107
0.00148067509168
0.00148312119569
0.00148592420481
0.0014818661356
0.0014808130253
0.00148044847824
0.00148570680564
0.0014819882059
0.00149118346871
0.00149380477574
0.00148977364174
0.00149827884074
0.00149748009521
0.00149939392396
0.0014967269059
0.00150154324403
0.00150172431907
0.00150457133997
0.00149807548523
0.00150409716545
0.00150588423182
0.00150578886022
0.00150172973726
0.0015104877723
0.00151032416754
0.00151322760106
0.00150946145488
0.0015086020161
0.00151053506678
0.00151273549749
0.00151997942842
0.00151775993883
0.00151818846839
0.00152127491844
0.00152453540937
0.00152356085812
0.00152300748029
0.00152563799481
0.00152169123009
0.00152097927011
0.00152087266741
0.00152642715931
0.00153240202735
0.00153160101008
0.00153363931374
0.00153832868057
0.00153351249264
0.00154352057753
0.00154383104944
0.00153725845448
0.00154050765631
0.00153956494434
0.00154157873978
0.00154408435318
0.00154016039436
0.00153934837161
0.00154176160017
0.00154456384568
0.00155308207595
0.001552168248
0.00155400999507
0.00155860501326
0.00155353660832
0.00155377560914
0.00155395374162
0.00155679543484
0.00155274756099
0.00156117813563
0.00156308315995
0.00155574398246
0.00156107476881
0.0015627788384
0.00156216302905
0.00156746152689
0.00156606391696
0.00156475766592
0.00156630872023
0.00157054798735
0.00157737094733
0.00157726977148
0.00157697920453
0.00157945640089
0.00157504296152
0.00157347935562
0.00157496319963
0.00157952478094
0.00158443655071
0.0015829711676
0.0015846131204
0.00158932839188
0.00158746156432
0.00158570502599
0.00158671172414
0.00159029440208
0.00159657478625
0.00159594372239
0.00159504818064
0.00159976265855
0.00159470766285
0.00159260056146
0.00159343217532
0.00159449394288
0.00160158953033
0.00159942318308
0.00160047638562
0.00160452758512
0.00160200233864
0.00160898008346
0.00161214455515
0.00161506117792
0.00161107235588
0.0016096816945
0.00161743587504
0.00161182478997
0.00161559088878
0.00161259792733
0.00161266278617
0.00161281672371
0.00161913603248
0.00161611902614
0.00161628251175
0.00161941931857
0.00162562355151
0.00162208724571
0.00162437560173
0.0016263136781
0.0016308618887
0.00162855901307
0.00162580076791
0.00162882437936
0.00163153236449
0.00163705375132
0.00163614590333
0.00163833190129
0.00163106032292
0.00163646050843
0.00163869759985
0.00163770767247
0.00164282448683
0.00164131096069
0.00164885401657
0.00164968915292
0.00164372043971
0.00164972275683
0.00164891560113
0.00164769731038
0.00164917374574
0.00165356959037
0.00165147273853
0.00165249499837
0.00165351825687
0.00165146942795
0.00165873859384
0.0016596075694
0.00166033695526
0.00165765131086
0.0016639295389
0.00166343072946
0.00166556554244
0.0016703039961
0.00166829761094
0.00166563396474
0.00166579464357
0.00166886927893
0.00166548487843
0.00167460186544
0.001674179922
0.00166757893331
0.00167346571439
0.00167303595779
0.00167544311653
0.00167750692119
0.0016856091074
0.00168367021511
0.00168442172788
0.00168434785368
0.00169030355379
0.00168615199804
0.00168481274192
0.00168632585533
0.00169084498476
0.00168571697613
0.0016871088846
0.00168834518094
0.00169261192357
0.00170002073894
0.00169762112957
0.00169797042129
0.00170454951505
0.00170096316912
0.00169662496395
0.00170765434655
0.00169918786236
0.00170618611508
0.00170309295966
0.001699536886
0.00170239433766
0.00170496411285
0.00170467141309
0.00171349167537
0.00171612864081
0.00170899131848
0.00171749351181
0.00171610127081
0.00171747199015
0.00172155455826
0.00171532979051
0.00172452463589
0.00172359679027
0.00172534486513
0.00172050845631
0.00172785276609
0.0017253831357
0.00172952286512
0.00172395713771
0.00173092745759
0.00172807258379
0.00173186344968
0.00173507418399
0.00173174266266
0.00173113724272
0.00174252249472
0.0017344055496
0.00174169713552
0.00173876674471
0.00173843462554
0.00173736661609
0.00174278292573
0.00173826941783
0.00174622543636
0.00173864299696
0.00174362347533
0.00174800860443
0.00174978048671
0.00175086533144
0.00175478848571
0.00174851662856
0.00175780964983
0.0017568300893
0.00175837688568
0.00175336645028
0.00176028360395
0.00175694210147
0.00176022670916
0.00176291576331
0.00175937854668
0.00175897683286
0.00176730960788
0.0017601883732
0.0017654204029
0.00176431067478
0.0017659997055
0.00177040727555
0.00177382730417
0.00177054556971
0.00177914038294
0.00178103490804
0.00177268492841
0.00177634995173
0.00177367934469
0.00177396343829
0.00177734995991
0.00178019573083
0.00178066794525
0.00178051652352
0.00178336705608
0.0017853168762
0.00178470575654
0.00179219479698
0.00179309715424
0.00179667750836
0.0017935827102
0.00178934991336
0.00179697999856
0.0017981501751
0.00179302730603
0.00180012571827
0.0017972411296
0.00179757656045
0.00180094607752
0.00179831989087
0.00179873209264
0.0018073161076
0.0018003243575
0.00180524177288
0.00181280146042
0.00181388702982
0.00181353378119
0.00180669260488
0.0018117228642
0.00181037248463
0.00180794964433
0.00181247302097
0.0018161214761
0.00181379326372
0.0018107237612
0.00181466482127
0.00181765461112
0.00182347317989
0.00182303503108
0.00182538377424
0.00182628038594
0.00182464373394
0.00183082683881
0.00183049200257
0.00182871658295
0.00183381758843
0.00182866120233
0.00183573271748
0.00183668590328
0.00182760130419
0.00183490331054
0.00183206252654
0.00184140507297
0.00184453730639
0.00183725960615
0.00184590304285
0.00184409206614
0.00184478847759
0.00184402803676
0.00184990624431
0.00184536816087
0.00184362623701
0.00184474340259
0.00184886291979
0.00185196542499
0.00184921127008
0.00185366124158
0.00185295130708
0.00185937752175
0.00185551606573
0.00185860745522
0.0018602179184
0.00186028779661
0.00186719236116
0.00186340955381
0.00186230784638
0.00186385452096
0.00186811591379
0.0018663427342
0.00186343145577
0.00186353219239
0.001866747923
0.00187318454613
0.00186938955741
0.00186863450781
0.00187076335247
0.00187567295951
0.0018833003688
0.00188029950418
0.00187994788616
0.00188207506629
0.00188692738652
0.00188117756668
0.00188243052639
0.0018823431117
0.00188532654022
0.00188705447369
0.0018872374314
0.00188629303621
0.00188833496537
0.00189344877281
0.00189248236934
0.00188997931484
0.00189910490143
0.00189291431234
0.0018983119434
0.00189742749305
0.00190363870467
0.00190364826904
0.00189749061836
0.00190322491384
0.00189860501519
0.0018970605595
0.00189866084946
0.00190346672137
0.00191128695439
0.00190879975946
0.00190916621195
0.00191232732454
0.00190927808804
0.00191777604573
0.0019154901749
0.00191584245385
0.0019187633459
0.00192000123034
0.00191955049991
0.00191752143926
0.00191852296697
0.00192262779024
0.00192099222997
0.00192691974682
0.00192692663209
0.00193002658565
0.00192703661411
0.00193126877138
0.00192928706454
0.00192992709553
0.00193325573776
0.0019391048576
0.00193419210724
0.00193647038855
0.00193248672167
0.00193599214404
0.00194251327392
0.00193867092435
0.00193797082553
0.00194042125564
0.00194600100631
0.00194102306156
0.00194784355753
0.00194858286132
0.00195204604663
0.00194928107086
0.00195329302197
0.00195107073662
0.00195156356223
0.00195467587346
0.00195599472256
0.00195137389582
0.00194980636891
0.00195135078152
0.00195601331432
0.00195910912722
0.00195653077646
0.00195686571359
0.0019601671759
0.00196143631329
0.00197015549059
0.00196803899545
0.0019637832051
0.00196691887958
0.0019678416577
0.00197626991417
0.00197394383679
0.00196985014982
0.00197351012088
0.00197551240874
0.0019718868251
0.00198016155044
0.00197796773104
0.00198354080886
0.00197840397858
0.00198487510159
0.00198529467857
0.0019835205267
0.00198431341001
0.0019876982034
0.00198501014465
0.00199379622007
0.00199174643115
0.0019926852582
0.00198786335255
0.00199495452885
0.00199160077113
0.00199618600469
0.00199907828425
0.00199129627797
0.00200001574432
0.00199784476764
0.0019984114221
0.00200163131706
0.00200744075816
0.00200223443824
0.00200455446036
0.00200467990836
0.00200769552182
0.00200862840512
0.00200396191778
0.00200735280101
0.002012671929
0.00200871462143
0.00201152571279
0.00201357007241
0.00202217575412
0.00202005677449
0.00201690821646
0.00201995237376
0.0020170326955
0.00202533594769
0.00202765636397
0.00202766469659
0.00202190401687
0.00202762626172
0.00202785838792
0.00203118261571
0.00203252882431
0.00202843827382
0.0020360213305
0.00203294201736
0.00203780869106
0.00204030152054
0.002036978778
0.0020397201689
0.00204161177085
0.00204099939724
0.00204299308054
0.00204773082603
0.00204160500974
0.00204358510043
0.0020433897167
0.00204126107954
0.00204731826377
0.00204290009668
0.00205515405321
0.00205670252606
0.00205599051522
0.00205469701579
0.00205940889173
0.00205823973059
0.00205959248629
0.0020584753793
0.0020651385233
0.00206080301797
0.00205928528229
0.00206400823984
0.00206004828488
0.00206239611302
0.00206793580697
0.00206801236056
0.00206601212676
0.00206696258497
0.00207075227659
0.00206876860719
0.00207806562753
0.0020761930822
0.00207695400789
0.00208021992472
0.00207772231705
0.00208115868099
0.00207895108479
0.00207964437544
0.00208335994098
0.0020818462268
0.00208652979547
0.00208595754213
0.00208831657228
0.0020884034141
0.00208823230651
0.00209393669704
0.00209386129976
0.00209114816111
0.00209627752945
0.00209867717215
0.00209537569068
0.00209780167345
0.00210000299156
0.0020997988291
0.00209422953118
0.00210015413397
0.00210080444267
0.00209925417608
0.002100696469
0.00210513217399
0.00210701591003
0.00210865587603
0.00210758419855
0.00210914337276
0.00211326893063
0.00211460258124
0.00211016335476
0.00211688032501
0.00211797341849
0.00211663171542
0.00211541318491
0.00212022192106
0.00211982787763
0.00211711168301
0.00211734382971
0.00212608418226
0.0021266423609
0.00212717693348
0.00212486380717
0.00213066682446
0.00213358024395
0.00213356103372
0.00213346197921
0.00213046624832
0.00213037714615
0.00213318046513
0.00213354349369
0.00213698998394
0.00214082985114
0.0021366710385
0.00214111376141
0.0021430005529
0.00213934427651
0.00214680247286
0.00214868254934
0.00214749448223
0.00214896165717
0.00215300217772
0.00215152712789
0.0021471140332
0.00215112066191
0.00215251555936
0.00215125094668
0.0021588141391
0.00215564794451
0.00215555762656
0.00215847269068
0.00215872210628
0.00216751899802
0.0021651134749
0.00216544495111
0.00216263050145
0.00216818566317
0.00217064815662
0.00217571128589
0.00216962655216
0.00217209216058
0.00217187494664
0.00217462591393
0.00216664622423
0.00217560923461
0.00217388254434
0.00217516987743
0.00217937184299
0.00218067599855
0.00218239080139
0.0021891189664
0.00218461287486
0.00218834570523
0.00218900492539
0.00218418796294
0.00219022178296
0.00219096442727
0.00218883780268
0.00218978561418
0.00219393887881
0.00219300847264
0.00219753148243
0.00219689169489
0.0021992834295
0.00220451513144
0.00219854629159
0.00220331074677
0.00220270661836
0.00220460903912
0.00220333380985
0.00221046381205
0.00221452797209
0.00220753358206
0.00220936498102
0.0022083378856
0.00221042051374
0.00221571079801
0.0022100927831
0.00222142640058
0.00222179086313
0.00221910520342
0.00222506442822
0.0022197498455
0.00222505101468
0.00222489780537
0.00222735959794
0.00222663336876
0.00222852920796
0.0022253374424
0.0022330989305
0.0022299650585
0.00222995879093
0.00223304560906
0.0022312291654
0.00223443992852
0.00223269396462
0.00223368043142
0.00223748251974
0.00223791475166
0.00224098977146
0.00223868976439
0.00224691203698
0.00224983925839
0.00224948027501
0.00224412836843
0.00224352902329
0.0022520778712
0.00224976635014
0.0022506043839
0.00225451535885
0.00224745903993
0.0022572872235
0.00225605280835
0.00225931232669
0.00226347471854
0.00226404880671
0.00225941205021
0.00226526221532
0.00226591281311
0.00226316142489
0.00226323316709
0.00226636470939
0.00226635513241
0.00226780314272
0.00227398801909
0.00227548155554
0.00227384822112
0.00227516150311
0.00227757284753
0.0022782248871
0.00227995233399
0.00227805125793
0.00227881049924
0.00228207388541
0.00228804787135
0.00228279828347
0.00228039411681
0.00228094159128
0.0022845420292
0.00228510563244
0.00228873729832
0.00228773640022
0.00228964124315
0.00229608940584
0.00228981802692
0.00229405128978
0.00230094410003
0.00229638932197
0.00230853576887
0.00230293554988
0.00230632637793
0.00229834405705
0.00230733039077
0.00230526663454
0.00230770278315
0.00231180828621
0.00231270491328
0.00230899079672
0.00230976222786
0.00231197992953
0.00231846080193
0.00231994828393
0.00232411641813
0.00231680160603
0.00231987553957
0.00232547575342
0.00232604677557
0.00232302257589
0.00232293794924
0.00232579435565
0.00232396042184
0.00232662774581
0.0023311324688
0.00233233120988
0.00233011163317
0.00233719779283
0.00233317761746
0.002339424573
0.00234075994234
0.00233826781055
0.002338292874
0.00234100992741
0.00234638762811
0.00234042125088
0.00234501727959
0.00234491532559
0.00234795410158
0.00234755649018
0.0023492185453
0.00235507448815
0.00234982764575
0.00235402936645
0.0023546200436
0.00235786850306
0.00235727146631
0.00235824509089
0.00236289262068
0.00236258736834
0.00236489769312
0.0023635145014
0.00236497547738
0.00236188405009
0.00236936209216
0.00236600137382
0.00236567792688
0.00236847652332
0.00237419409412
0.00236884534437
0.00237381913627
0.00237401392353
0.0023768394272
0.00237568304362
0.00238374669419
0.00238127835038
0.00238052353237
0.00238344611243
0.00238831586348
0.00238303346165
0.00238742828336
0.00238083116681
0.00239145007594
0.00238442982382
0.00239457410678
0.00239345474628
0.00240183896733
0.00239216929674
0.00239932398591
0.00239498691435
0.00240063510418
0.00240147794626
0.00240500510833
0.00240462899673
0.00239977719504
0.00240520812893
0.00240642859928
0.00241135176473
0.00241209423005
0.00241588969553
0.00240857906941
0.00241829831309
0.00241682189905
0.00241858460043
0.00242236685719
0.00242209483387
0.00242443411801
0.00242196949883
0.00242955741067
0.00242582351335
0.00242498988644
0.00242713699162
0.00242564185476
0.00242715305537
0.00243187147582
0.00243229851942
0.00242899456672
0.00243537986208
0.00243777058056
0.00243606153837
0.00244384558689
0.00244012529763
0.00244622431647
0.00244094442208
0.00244510431403
0.00244526356417
0.00244828250009
0.00244704935601
0.00244926539063
0.0024473924028
0.00244859703793
0.00245287641433
0.002453258924
0.00245663829369
0.00245561993664
0.00246441966941
0.00246184038232
0.0024618937343
0.00246453701066
0.00246286705669
0.00247077647704
0.00246743484749
0.00246716879071
0.00246971538762
0.0024683090369
0.00247009424151
0.00247500182871
0.00247583717228
0.0024798540591
0.00247958793531
0.00248215568866
0.00248056036775
0.00248152711901
0.00248516338119
0.00248418832089
0.00248603371101
0.00248347557037
0.00248366925516
0.00248673342064
0.0024857947823
0.00249494791295
0.00248619757638
0.00249454845525
0.00249192839063
0.00249935160598
0.00249553701925
0.00250161602836
0.00250337029439
0.00250069539144
0.00250778511902
0.00251035016015
0.00250844024437
0.00250928951041
0.00251292544803
0.00250528355078
0.00251481711573
0.00251330820763
0.0025078077304
0.00251955586674
0.00252032601175
0.00251700370342
0.0025235536366
0.00252587488397
0.00252394479541
0.00252457824957
0.00252786727166
0.00252662822636
0.00252801267156
0.00253208453684
0.00253206128358
0.00253460464011
0.00253323306613
0.00253503332898
0.00253993830738
0.00254068677138
0.00253765345312
0.00254452620861
0.00254022001005
0.00253874972414
0.00254681710549
0.00255063183561
0.00255025846034
0.00255207246271
0.00255656497373
0.00254963107934
0.00255274577746
0.00255152426606
0.00255327989521
0.00255811985044
0.0064194881866
