metodo_1_dt_1:12
2.15492411701e-06
0.00722626986265
0.0072262629919
0.00722529740623
0.00722652251468
0.00722744106632
0.00722895107043
0.00722856267115
0.00722942843918
0.0072297769484
0.00723083924154
0.00723126507039
0.00723225967415
0.00723524225912
0.00723550241418
0.00723569714783
0.00723642030437
0.00723712387258
0.00723686337976
0.00723707622654
0.00723911501265
0.00723897875217
0.00723793053388
0.00723904513828
0.00723896268067
0.00723985930806
0.00724070007862
0.00724288003709
0.00724386757507
0.00724420086934
0.00724477020906
0.00724408244847
0.00724519176687
0.00724570280118
0.00724724341184
0.00724870570276
0.0072481785453
0.00724754125635
0.00724797077479
0.00724785325105
0.00724834165274
0.0072499720902
0.00725153529306
0.00725230105022
0.00725258553983
0.00725287170688
0.00725331196297
0.00725426153456
0.00725582295695
0.00725623101835
0.00725652483563
0.00725696556886
0.00725624103043
0.00725638482612
0.00725704561178
0.00725719835399
0.00725935699696
0.00725855151624
0.00725884637115
0.00725991647262
0.00725984787224
0.00726115253257
0.0072618352059
0.00726347362482
0.00726370670716
0.00726387846422
0.00726444258496
0.00726428541445
0.00726449014909
0.0072655637394
0.00726588727145
0.0072667120941
0.00726622126529
0.0072663800872
0.00726580236272
0.00726731854102
0.00726800795857
0.00726914462492
0.00727022443269
0.00727025374538
0.00727018723473
0.00727102840552
0.00727152211723
0.00727192924991
0.00727265604941
0.00727346339989
0.00727319037157
0.00727296386344
0.00727313891468
0.00727347172075
0.00727321198652
0.00727449000998
0.00727527754359
0.00727478035413
0.00727499138967
0.0072759201971
0.00727643081952
0.0072761014372
0.00727839183006
0.00727852901945
0.00727858511343
0.00727874559258
0.00727894744402
0.00727902304098
0.0072781623329
0.00727964783868
0.00728022867682
0.0072797824439
0.0072802251261
0.00727999943193
0.00728031047419
0.00728067833927
0.00728184945676
0.00728271473076
0.0072835013597
0.0072834856935
0.00728345826616
0.00728344709515
0.00728329806054
0.00728385038571
0.00728427427127
0.00728470551895
0.0072841989913
0.00728405838556
0.0072839189876
0.00728391995467
0.00728473443964
0.00728561590144
0.00728663903445
0.00728664854999
0.00728677503843
0.00728690450247
0.0072868824302
0.00728741772922
0.00728767477422
0.00728911707585
0.00728795400401
0.00728787327041
0.00728723811291
0.00728656051161
0.00728712552311
0.00728744381172
0.00728872978985
0.00728907668789
0.00728874447524
0.0072890523771
0.00728885845778
0.00728989667831
0.0072905146768
0.00729135998783
0.00729111198817
0.00729111064359
0.00729006266751
0.00728980565194
0.00728907536767
0.00729048952636
0.00729005344384
0.00729024371577
0.00729012935113
0.00729001389287
0.0072901619076
0.00729023034384
0.00729087390074
0.00729199521088
0.0072926761912
0.00729197479261
0.00729195731392
0.00729221696803
0.00729094675602
0.00729148063883
0.0072923122598
0.00729205547435
0.00729190763748
0.00729053497218
0.00729079043746
0.00729007940623
0.00729059177493
0.00729136304776
0.00729194866114
0.00729236709891
0.00729156121002
0.00729196438982
0.00729194581609
0.00729189480524
0.00729184886623
0.00729251265183
0.00729167393609
0.00729143135462
0.00729135258067
0.00729071917081
0.00729005826221
0.00729040648434
0.00729079748946
0.00729053125786
0.00729097418119
0.00729031534448
0.00729005960114
0.0072904127697
0.00729153852248
0.0072914612183
0.00729143807258
0.00729077362052
0.00729069836029
0.00728978062826
0.00728934735412
0.00728844818728
0.00728865464618
0.00728870360709
0.00728846473451
0.00728875159347
0.0072883221345
0.00728787456029
0.00728816361782
0.00728953525307
0.00728948909878
0.00728859762292
0.00728777593044
0.00728840595568
0.0072884525088
0.00728667057783
0.00728731167543
0.00728695260123
0.00728614745729
0.00728531763027
0.00728472128569
0.00728479703035
0.00728410862488
0.00728447859253
0.00728430443446
0.00728461169346
0.00728561250981
0.00728414998831
0.0072828283352
0.00728465677851
0.00728302564944
0.00728328662321
0.00728381889897
0.00728313906548
0.00728159180773
0.00728093207675
0.00728096067995
0.00728007505103
0.00728041538961
0.00728028100751
0.00727958023315
0.00728002289437
0.00727824345528
0.00727883989385
0.00727910796776
0.00728268764737
0.00728027619121
0.00727504538273
0.0072757556168
0.00727556326721
0.00727202293111
0.00727667794759
0.00727896260481
0.00727720642271
0.00727468364455
0.00727810050656
0.00726883155196
0.00726793811164
0.00727507003057
0.0072681057456
0.00727055029724
0.00726805874402
0.00727314200094
0.00727494609402
0.00727294267203
0.00727091214027
0.0072645384616
0.00726528223335
0.00726317989693
0.00726860953863
0.0072707808709
0.00726909166615
0.00726525746108
0.00725943850525
0.00726059121128
0.00726869052892
0.0072645909463
0.00726450381222
0.00726236731992
0.00726000819484
0.00726071280016
0.00726055105745
0.00725750031922
0.00725911544852
0.00725719571415
0.0072554453459
0.00725611954078
0.00725731865579
0.00725536783485
0.00725801258495
0.00725784394075
0.00725665824569
0.00725057076999
0.007248953757
0.00725753661896
0.00725045713425
0.00725269875406
0.00724921566383
0.00725180341729
0.00725151197015
0.0072457451038
0.00725024379009
0.00724865297402
0.00724433931966
0.0072464258008
0.00724514117888
0.00724083283658
0.00724062796374
0.00724108417968
0.00724492524378
0.00724593575122
0.00724335342047
0.0072372828101
0.00723729257473
0.00724101716247
0.00723560269078
0.00723332814973
0.00723775238245
0.00723844950361
0.00723300558751
0.00723625103706
0.00723646403825
0.00723155719552
0.00723268956853
0.00723093809568
0.00722535585475
0.00722603127826
0.00722925538796
0.00722256673198
0.00722938177685
0.00722294983194
0.0072228800668
0.00721872917557
0.00722074591909
0.00721838294418
0.00721926616124
0.00722034803522
0.00721496465291
0.00721595013282
0.00721295510233
0.007216228979
0.0072149874703
0.00721680832276
0.00721859212238
0.00721380030985
0.00721500486319
0.00721199662208
0.00721498191157
0.00721310097898
0.00720765856458
0.00720499161004
0.00720218583378
0.00720200753568
0.00720720349834
0.0071995366136
0.00719652063799
0.0071994171912
0.00719538803189
0.0072008891288
0.00720258598648
0.00719683879194
0.00719686076014
0.00719183455799
0.00719233010451
0.00718873664689
0.00719125522434
0.0071862376238
0.0071898974098
0.00718634073377
0.00719065200817
0.00718758277352
0.00718035313227
0.00717941343827
0.00718368677291
0.00718048897252
0.00717688140858
0.00717770189312
0.00718010143051
0.00717797522543
0.00717612510695
0.00717553226422
0.00717082233201
0.00717117704699
0.00717589483111
0.00716315309865
0.00716801981135
0.00716599594665
0.00716311128493
0.00716196267749
0.00715652493577
0.0071593631163
0.00716313857889
0.00716214261538
0.00715400988988
0.00715417286913
0.00715955288326
0.00715649094462
0.00715240287304
0.00714868587516
0.00715300697175
0.00714985435254
0.00714190477368
0.00714839670463
0.00714092726814
0.00714736840396
0.00713944419194
0.00714501292068
0.00713374170605
0.00714003789235
0.00713835461178
0.00713564835422
0.00713364872508
0.00713526963632
0.00713566473979
0.00712790025584
0.00712437987805
0.00712574136596
0.00712195541837
0.00712285717128
0.00712316429091
0.00712240099473
0.00711734119934
0.00711260887488
0.00711685013892
0.00711186216418
0.00711576347799
0.00710968792941
0.00710747733154
0.00710960171647
0.00711103418268
0.00710370570229
0.00710915614243
0.00711008907751
0.0071007125662
0.00709928740935
0.00709279610045
0.00709971316448
0.0070929321796
0.00709472939862
0.00709642066137
0.00708781902768
0.00708727796363
0.00708611281593
0.00708458710267
0.00708278719463
0.00708459986035
0.00708611662947
0.00707705400179
0.00708041729573
0.00707798290308
0.0070707857138
0.00706736745176
0.00707202048751
0.0070675623168
0.0070660170111
0.00706348702478
0.00705953215846
0.00705990485688
0.007063899053
0.00706262583304
0.00705647477796
0.00705754237069
0.00705739909599
0.00705096544905
0.00705746821007
0.00704480123165
0.00704912208234
0.00704365635584
0.00704568064293
0.00704191222387
0.00703598347181
0.00703878266528
0.00703121379982
0.00703199095748
0.00703166126685
0.00703025244505
0.00702701630035
0.00703073228129
0.00702469851055
0.00702617857909
0.00702635145076
0.00702083934495
0.00702306613008
0.00701427405847
0.00701232386161
0.00700912846426
0.00700860372531
0.00700767170114
0.00700492177612
0.0070102608057
0.00700450115097
0.00700568341726
0.00699662410796
0.00699883281456
0.00699186619126
0.00699133371272
0.00699016544443
0.00698616872437
0.00698892213749
0.00698092078571
0.0069802304227
0.00697773014849
0.00698265279217
0.00698219404791
0.00697878132967
0.00697369293925
0.00696631116126
0.0069663887065
0.00696960233206
0.00696648460544
0.006961541292
0.00696350114669
0.00695864185609
0.00695599027803
0.00695551409553
0.00695260827184
0.00694823495249
0.00694699359463
0.00694739517024
0.00694104862017
0.00693665763512
0.00693975790029
0.00694031026296
0.00693436214418
0.00693158909355
0.00693045429004
0.00693640954889
0.00693014442526
0.00693131923756
0.00692096976221
0.00692613158978
0.00692033960159
0.00692125746044
0.00691006457368
0.00691379535235
0.00691118000599
0.00691059469931
0.00690336333175
0.00690736599902
0.00690449317865
0.00690342884514
0.00689492551672
0.0068969508944
0.00689777406771
0.00688645802821
0.00688596583683
0.0068839454829
0.00689185191062
0.00687806371178
0.00687999365249
0.00687493810399
0.00687980000283
0.00687849562613
0.00687036594571
0.0068721478934
0.00686608956846
0.00686196452555
0.00686467675
0.00685518447737
0.00686150798357
0.00685548519085
0.00685648069181
0.00684941104955
0.00685220706002
0.00684756734431
0.00684436146538
0.00684259764895
0.0068340899063
0.0068407191177
0.00683354276971
0.00683357848564
0.00682044337278
0.00682278019827
0.00681823365047
0.00681539381271
0.00681373052056
0.00681795495516
0.00681764404069
0.00680965650057
0.00680878834093
0.00680873337195
0.0068043887189
0.00679856443908
0.00680080786128
0.00679581851379
0.00679700624006
0.00678547980282
0.00678854664925
0.00677933893022
0.00678493140568
0.00678260929938
0.00678102527719
0.0067716931252
0.00677152512076
0.00676958923896
0.00676326646269
0.0067634155419
0.00676358219582
0.00676397121399
0.00675640102403
0.0067496244956
0.00674889030048
0.00674360343781
0.00674476248148
0.00674612308054
0.00673960137673
0.00674119311863
0.00673558090196
0.00673602758305
0.00673181528129
0.00672607292222
0.00672845536985
0.00672257413184
0.00671665607485
0.00671718762665
0.00671119182963
0.00671243563846
0.00671372441184
0.00670735033897
0.00670033520226
0.00670116309418
0.00670051897998
0.00669176306391
0.00669186140445
0.00669207996642
0.00668483847069
0.00668455223399
0.00668270000855
0.00668066628109
0.00667812642743
0.0066761556979
0.00666628313714
0.00667063156224
0.00666601943317
0.00665487292596
0.00666362103148
0.00665776331103
0.00665224681905
0.00664536026313
0.00664647135796
0.00664636162268
0.00663845251306
0.00663627947293
0.00663484020055
0.00663213208046
0.00662927489285
0.00662529011204
0.00662097363046
0.00662269967565
0.00661568611492
0.00661558653156
0.00660739617851
0.00660551242424
0.00660363254432
0.00660027142301
0.00659651293048
0.00659812676964
0.00659263031903
0.00658543948135
0.00658567463538
0.00658482454681
0.00658338031061
0.00658032533771
0.00657575804291
0.0065703854023
0.00657038397073
0.00657005458809
0.00656928197371
0.00655944062775
0.00655618091235
0.00655051328606
0.00655153964069
0.00654371034571
0.00654237796691
0.00654799950169
0.00653809054738
0.00654057494231
0.00653463034226
0.00652710363655
0.00652514213653
0.0065227233415
0.00652617931579
0.00651399097147
0.00651447372874
0.00651248234116
0.0065025763005
0.0065047244029
0.00649906119819
0.00649243532781
0.00649138940194
0.00648881624599
0.00648444206984
0.00648574562252
0.00647797217566
0.00647640749426
0.00648047056493
0.00646910924197
0.00646991073191
0.00646145509328
0.00646556464987
0.00645300540045
0.00645360565386
0.00645245760033
0.00645035838989
0.00644589566912
0.00643954901543
0.0064385533238
0.00643511215372
0.00643060916032
0.00642453518058
0.00642437137975
0.00642182743728
0.00641729604376
0.00641777019176
0.00641553997007
0.00641175080197
0.00640603837039
0.00639907030835
0.00639650099682
0.00639899292134
0.0063922077563
0.00638984242588
0.00637872423738
0.00637987080655
0.00637289901904
0.00637738741711
0.00637293461848
0.00637301197611
0.00636343184528
0.00636581886831
0.00635908030468
0.00635096799331
0.00635398794499
0.00634788456541
0.00634615580812
0.00634170539164
0.00634162801422
0.0063324441816
0.00632911067647
0.00632287415309
0.00632182445571
0.00631789873278
0.00631824773819
0.00631619186788
0.00631186995361
0.0063059220034
0.00630421595501
0.00630016609966
0.00629284036112
0.00629006154307
0.00628395033693
0.00628270019019
0.00628631365611
0.00628011762468
0.00627887399265
0.00627434515246
0.00626719398803
0.00626396114834
0.00625831473325
0.00625802866265
0.00625482250905
0.00624902236617
0.00624716059876
0.00624250529163
0.00624058614457
0.00623671048125
0.00623031691261
0.00622836541886
0.006223514499
0.00621505243392
0.00621123679032
0.00621746515464
0.00620687477708
0.00620115458898
0.00620018778659
0.00619626103981
0.00619535664478
0.00619250999786
0.0061853870186
0.0061818599412
0.00617625567911
0.00617534438571
0.00617755944408
0.00616949817774
0.00616583668384
0.00616416576745
0.00615283857692
0.00615228508108
0.00614253835263
0.00614340066747
0.00613423422265
0.00613595811615
0.00613323812797
0.00612846341046
0.00612655395
0.00612189731517
0.0061210956327
0.00611017561291
0.00610974062884
0.00610463587534
0.00610352191751
0.00609846258436
0.00609829899407
0.00609411150031
0.00608627665243
0.00608248596833
0.00607420856893
0.00606988492308
0.00607563359841
0.00606455902743
0.00606491027418
0.00606012353143
0.00605285430597
0.00604882761365
0.00604677885334
0.00604193265065
0.00604024657394
0.00604193719325
0.00603365560375
0.00602729067004
0.00602428338059
0.00602464131343
0.0060206085626
0.00601350990944
0.00600990695911
0.00601054257298
0.00599891050917
0.00599870862309
0.00599371608039
0.00598412329972
0.0059851279924
0.00598332456163
0.00597761666586
0.00597320660992
0.00596622057641
0.00596805639842
0.00596514136161
0.00595252735958
0.00594935541984
0.00595028345008
0.00594644044412
0.00593837621869
0.00593299496286
0.00593088420611
0.00592486083238
0.00592822232624
0.00592149249897
0.0059177394498
0.00591553959999
0.00590970628372
0.00590478626107
0.0059035193424
0.00589166477689
0.0058894651911
0.00589022395905
0.00588669790492
0.00587739484056
0.00587126198014
0.005868665619
0.00586156393504
0.00586397688055
0.00585538448315
0.00585635051916
0.00584546831877
0.00584334309426
0.00584424828695
0.00583468566025
0.00583422347733
0.00582841603031
0.00582621124956
0.00581788973387
0.0058125146175
0.00581573984055
0.00580873718873
0.00579683082625
0.00580185816855
0.00579408467673
0.00579097153066
0.0057881783283
0.00577967518748
0.00577476547554
0.00577277281462
0.0057653901329
0.00576130493804
0.00575924463903
0.0057571510349
0.00575168089719
0.00574714337165
0.00573983058281
0.00573285437298
0.00573747994221
0.00572778026197
0.00572903178273
0.0057157923739
0.00571450007941
0.00571303371131
0.00570904565218
0.00569969211622
0.00569806189823
0.00569871322789
0.00568730828038
0.00568476103685
0.00568458464543
0.00567903858454
0.00566790262646
0.00567305777674
0.00566665398924
0.00565369771234
0.00565797406621
0.00564781908349
0.00564379407128
0.00563937398373
0.00563752553891
0.00562923685805
0.00563099996584
0.00562424856246
0.00562270060975
0.0056156193882
0.00560768147996
0.00561083042601
0.00560201485537
0.00560012402477
0.00559266032189
0.00558740317688
0.00557668398172
0.00558200783577
0.00557645386227
0.00556936391328
0.00556718049132
0.00556429968415
0.00555494484705
0.00555689342676
0.00555224195706
0.00554181224877
0.00554135395108
0.00553385652866
0.00553373949096
0.00552711483421
0.00551805992721
0.00551609352906
0.00550852120954
0.00551103289644
0.00549804781897
0.00549570777258
0.00549199669615
0.00548575172549
0.00548637471717
0.0054812197768
0.00547224632518
0.00546984750487
0.0054603368087
0.00546649797995
0.00546123183786
0.00544900590082
0.00544459143463
0.00544514897808
0.00543503062494
0.0054349874458
0.00542847067307
0.00542414106133
0.00541289981663
0.00541804841105
0.00541084843906
0.00541016223096
0.00539683570689
0.00539915982631
0.00539452207658
0.00538274355046
0.00538214285875
0.00537404126757
0.00537233335607
0.00536656204886
0.00535899747288
0.00536186812879
0.00535776468131
0.00534732556832
0.00534710198919
0.00533970973118
0.0053329412839
0.00533298313189
0.0053255921324
0.00531508211081
0.00532014052963
0.00530894026763
0.00530790034557
0.0052983766897
0.00529542696281
0.00528892617946
0.0052870776619
0.00528357200502
0.00527525799465
0.0052712972535
0.00526973579064
0.00526451323904
0.00525769960272
0.00525548558391
0.0052484372874
0.00524586518281
0.00524179710429
0.00523699962819
0.00523194032177
0.00522495868689
0.00521868747853
0.00521554608014
0.00521326184795
0.00520489406679
0.00520047187456
0.00519485563502
0.00518916264189
0.00518339616621
0.00518146442743
0.00517516364472
0.00517255981973
0.005169323
0.00516450502016
0.0051593519434
0.0051538323047
0.00514723807688
0.00514155698607
0.0051383713004
0.00513457637522
0.00512635909838
0.00512135589971
0.00511600793106
0.00511393498151
0.00510858677373
0.00510226967213
0.00509899420321
0.00509545597172
0.00508726187331
0.00508279954805
0.00507694200406
0.00507625769093
0.00506999652079
0.00506324781555
0.00506008289368
0.00505558327073
0.0050502698774
0.00504439204655
0.00503941602886
0.00503416017948
0.00502778186561
0.00502482617026
0.00502069457844
0.00501233955705
0.0050075686547
0.00500352029613
0.00499813094989
0.00499658779812
0.00498966619634
0.00498642756161
0.00497771028804
0.00497323988715
0.00496831256844
0.00496292765354
0.00496145222796
0.00495456569612
0.004947397762
0.00494380689981
0.00493957796324
0.00493478849408
0.00493054105883
0.00492614133615
0.0049202051587
0.00491292182822
0.00490966692526
0.00490557500305
0.00489737936512
0.00489357905026
0.00488858017742
0.00488581712497
0.00487954368952
0.00487224098112
0.00486819861804
0.00486391612449
0.00485542827267
0.00485161802463
0.00485004023066
0.0048440720342
0.00483778674124
0.00483463353674
0.00482692681195
0.00482359104201
0.00481980815754
0.00481414982445
0.00480865870126
0.00480164925565
0.00479859149317
0.00479076627964
0.00478646834422
0.00478269670769
0.0047781812105
0.00477294311245
0.00476620308789
0.00476061960646
0.00475664754348
0.00475051296285
0.00474749370251
0.00474272964504
0.00473779764613
0.00473199584835
0.00472618246726
0.00471875237856
0.00471556605837
0.00470885600984
0.00470422786195
0.00469953294274
0.00469388633079
0.00468804675839
0.00468136789284
0.00467880444486
0.00467252339829
0.00466925834421
0.00466538560037
0.00465693033405
0.0046517786163
0.00464895743461
0.0046429878083
0.00463671557768
0.00463348033478
0.00462590094145
0.00462097348806
0.004615742754
0.00460945514178
0.00460373611808
0.004601394298
0.00459537778524
0.00458866219868
0.00458469864592
0.00458039303248
0.00457496464734
0.0045699028706
0.00456453109803
0.00455955117872
0.0045561156327
0.00454833598025
0.0045441463467
0.00453853986832
0.00453049419556
0.00452531059264
0.0045234447831
0.00451691234049
0.004510605934
0.00450684410227
0.00449938470902
0.00449505320149
0.00449010424861
0.00448602668443
0.00448035846752
0.00447475608761
0.00447122420277
0.00446387355443
0.00446010208875
0.0044513520563
0.00444764786745
0.00444228533876
0.00443710462617
0.00443066652597
0.00442710949938
0.00441959249872
0.00441554532362
0.00440922804527
0.00440536380687
0.00440068278285
0.00439539605746
0.00438967890062
0.00438365632382
0.00437985718185
0.0043735785092
0.00436953690788
0.00436549622616
0.00435662091516
0.0043514721803
0.00434487229845
0.00433845843733
0.00433580835935
0.00432942192443
0.00432615900841
0.00431901503344
0.00431464326887
0.00430941989527
0.00430422913473
0.00429941160795
0.0042937982883
0.00428795115786
0.00428397453201
0.00427663659741
0.00427203804627
0.0042664869425
0.00426214389681
0.00425429887455
0.00425116906917
0.00424602062131
0.00423969060857
0.0042320764476
0.00422833847452
0.00422174435452
0.00421753475658
0.00421377408222
0.00420881683784
0.00420338237437
0.00419627346481
0.00418989395048
0.00418701220096
0.00417991427856
0.00417594313364
0.00416806096279
0.0041635389002
0.00415833860633
0.00415201137769
0.00414724105399
0.00414132851867
0.00413558279894
0.00413247457399
0.00412599580175
0.00412135603801
0.00411717341114
0.00410948062193
0.00410424962309
0.00409980567423
0.00409327267409
0.00408788358364
0.0040833199188
0.00407646186648
0.00406975699394
0.00406570626997
0.00406148617588
0.00405465961459
0.00404962522856
0.00404374092512
0.00403895734348
0.00403211000746
0.00402967086713
0.00402411000209
0.00401749449848
0.00401417791929
0.00400638340977
0.0040009762613
0.00399527880037
0.00399047186271
0.00398516081326
0.00397996594728
0.00397451621142
0.00396742105606
0.00396099246643
0.00395674279715
0.0039508332718
0.00394677657107
0.00394273840016
0.00393657569837
0.00393114662391
0.00392300261089
0.00391426214019
0.00391388552824
0.0039108262101
0.00390829418764
0.0039006984347
0.00389063654239
0.00388987591756
0.00387458281251
0.0038700620583
0.00387267121859
0.00386369472386
0.00385926644504
0.00385476166061
0.00384940344841
0.00383901637839
0.0038366090916
0.00383146400328
0.00382654166941
0.00382600102346
0.0038133341149
0.0038092895713
0.00380262358677
0.00379183389016
0.00379055359409
0.0037872391169
0.00378098178043
0.00377246643728
0.00377012876017
0.00376509618584
0.0037600978856
0.00375027110613
0.00374783745811
0.00374442844243
0.00373637805595
0.0037364152356
0.00372384981753
0.00371633841087
0.0037183224662
0.00370814123886
0.00370466733452
0.00369892243326
0.00368937588148
0.00368681479246
0.00368154994846
0.00367394612879
0.00367560017904
0.00366220814279
0.00366586915016
0.00365780422438
0.0036543504391
0.00364003467966
0.00364286928092
0.00363095198385
0.00362777425041
0.00362206437992
0.00361242333115
0.00360954851258
0.00360342778415
0.00359511374337
0.00359363083224
0.00358915888139
0.00358202823844
0.0035807429362
0.00357816284515
0.00356993598551
0.00355933069236
0.00355716421675
0.00354992749368
0.00354170254733
0.00353935830293
0.00353163419362
0.0035318999994
0.00352008919105
0.00351283208829
0.00351444317817
0.00350327382685
0.00349822187539
0.00349943118115
0.00348688531223
0.00348171953754
0.00348276952153
0.00347098471229
0.0034656573221
0.00346640731975
0.00345528223571
0.00344796899961
0.00344788932773
0.00343615131875
0.00342950692434
0.00342930287041
0.00342748849045
0.00341995053448
0.00341011963535
0.00340564502875
0.00339926207127
0.00339798276181
0.00339480226194
0.00338817116344
0.003375483911
0.00337004499915
0.00337136273534
0.00335894945914
0.0033515634443
0.0033519097978
0.00334899012859
0.00334172422109
0.00333025168075
0.00332545965843
0.0033267979259
0.00331525798409
0.00330967136075
0.00331077703386
0.00329748130741
0.00329956344034
0.00328816413763
0.00328272108661
0.00328378971543
0.00327082668751
0.00326449268313
0.00326329822809
0.00325778915809
0.00325003523217
0.00324680133342
0.00324024169146
0.00322962466708
0.00322582015985
0.0032287908281
0.00321605128279
0.00320902358204
0.00320810700968
0.00320510161132
0.00319626014727
0.00319399633828
0.00318682879992
0.00317677925398
0.00317049444811
0.00317032369672
0.0031564567561
0.00315968481206
0.00314828084168
0.00314203812435
0.00314142907782
0.00313761036495
0.00312866572267
0.00312562696284
0.00311987645535
0.00310918351747
0.00310355040254
0.00310333369102
0.00309942897278
0.00309024086169
0.00308660257299
0.0030787176357
0.0030770744574
0.00307216215036
0.00306139589154
0.00305535092965
0.00305552298791
0.00304142502343
0.00304305784016
0.00303102931911
0.00303424611849
0.00302301551444
0.00301760860766
0.00301681059557
0.00301126017115
0.00300147437631
0.00299607197212
0.00298746736166
0.00298405044738
0.00297507628998
0.0029720463886
0.00296423857703
0.00296228694674
0.00295612259074
0.00295430015897
0.00294909522426
0.00293834710383
0.00293210351568
0.00293209492723
0.0029278984381
0.00291780221931
0.00291458127767
0.00290507584849
0.00290102832089
0.00290121269144
0.00288761601479
0.00288840256639
0.00288445643221
0.0028776908758
0.00287464761741
0.0028660900434
0.00285303978944
0.00285477520335
0.00284237621183
0.0028448732614
0.00283339592265
0.00283655552257
0.0028241427298
0.00281669419922
0.00281389087529
0.00280661691588
0.00280287781641
0.00279628557084
0.00279435203701
0.00278578706129
0.00278324157702
0.00277443315177
0.00277113504522
0.00276378586252
0.00276130088031
0.00275351129244
0.00275024771485
0.00274265372442
0.00273861129961
0.0027297862206
0.00272429320037
0.00272570194876
0.00272160674667
0.00271210928112
0.00270571846671
0.00269525180696
0.00268986770509
0.00268795595205
0.00268199081599
0.00268169650003
0.00267512930292
0.00266266630341
0.00266496220201
0.00265219291022
0.0026537845475
0.00264106079403
0.00264268664993
0.00263898211239
0.00262793859283
0.00262264019316
0.00262085479873
0.00261458841031
0.00260281491193
0.00260558020605
0.00259327825299
0.00259458081875
0.00258085875819
0.00258153646507
0.00257678795918
0.00256732944543
0.00256145585906
0.00256126424694
0.00255349168143
0.00255133560269
0.00254231073339
0.00253768013225
0.00252797328826
0.00252289050006
0.00252251587776
0.0025155597142
0.00251333836766
0.00250426561065
0.0025007396283
0.00249108285768
0.00248625519408
0.00248706711646
0.00248030136077
0.00246813033894
0.00246966100003
0.00246473769065
0.00245507707987
0.00245014973801
0.0024487755367
0.00244070977144
0.00243794947049
0.00242800405038
0.0024226043464
0.00241144448427
0.00241432990077
0.00240276486245
0.00240462497993
0.00239995487203
0.00238895472411
0.00238331119969
0.00238061470825
0.00237285079747
0.0023684584812
0.00236832240103
0.0023621901383
0.00234866019615
0.00234943969901
0.00234475032624
0.0023342282894
0.00232798966927
0.00232456322057
0.00231597299693
0.00231097671833
0.00230950106722
0.00230159885045
0.0022986788258
0.00228990310112
0.00228481729127
0.00228327435519
0.00227517269536
0.0022702910437
0.00226864672281
0.00226267948514
0.00225984171463
0.00225007979863
0.00224456883043
0.00224263748969
0.00223401418751
0.00222953693848
0.00221914015183
0.00222270153151
0.0022095775104
0.00221043487551
0.00220486680086
0.00220225923718
0.00219277497163
0.00218780961127
0.00218659046636
0.00217943061723
0.00217520228269
0.00216376350434
0.0021559690697
0.0021521514893
0.00215122677946
0.00214502565489
0.00214312027294
0.00213338527991
0.0021281499785
0.00212559054281
0.00211622899556
0.00211022865079
0.00210873575347
0.0021014426235
0.00209596936285
0.00209405270762
0.00208531822515
0.00207971642555
0.00207722136021
0.00206934191574
0.00206497725354
0.00206334384796
0.0020554901749
0.00204999204101
0.00204860246477
0.00204015755512
0.00203553346776
0.00203513337729
0.00202735790688
0.00202235428586
0.00201094826637
0.00201191103314
0.00200615230951
0.00199416131954
0.00199545898829
0.00199021816324
0.00198778798797
0.00197819650113
0.00197202139999
0.00196821538751
0.00195914754812
0.0019534237588
0.00195048284321
0.00195104496957
0.00194347957846
0.00194000850413
0.00192849809835
0.00193068750097
0.00192673575816
0.00191475908789
0.00191605511025
0.00191069995624
0.0018971786966
0.00189698946009
0.00189073932329
0.00188755115589
0.00187746295666
0.00187069243307
0.00186574450606
0.00186497032603
0.00185580500398
0.00185040953673
0.00184856538853
0.00184893880015
0.00184232089234
0.00183894941189
0.00182720728205
0.00182836944834
0.00182248469352
0.00181007989949
0.00181096106672
0.00180485148936
0.00180061649973
0.00179052343248
0.00179176035943
0.0017859199707
0.00177425394663
0.00177515201316
0.00176878178353
0.00176498775396
0.00176335973802
0.00175453228078
0.00174828998893
0.00174426070824
0.00173461761206
0.00173666582729
0.00173149324656
0.00171936856193
0.00171932133987
0.00171190132594
0.00170757964943
0.00170701918068
0.00169812214498
0.00169205452467
0.00168877160086
0.00168749563821
0.00167934709569
0.0016731154417
0.00167052928277
0.00166929762743
0.0016617895995
0.0016560097436
0.0016523560004
0.00164172152515
0.00164301672718
0.00163822738508
0.00162583745312
0.00162551554411
0.00161873343987
0.00161329107191
0.00160962039237
0.00160962617548
0.00160244919842
0.00159740462242
0.00159430136379
0.00158444558005
0.00158582773418
0.0015786944259
0.00156526598634
0.00156454573354
0.00155614997305
0.00155981734621
0.00154687689692
0.00154544150415
0.00154531024557
0.00153899680231
0.00153532976426
0.0015239911066
0.00152454863184
0.00151823975555
0.00151336548081
0.00150932637995
0.00149900077996
0.00150095812295
0.00149422354991
0.00149150568127
0.00147987019775
0.00148088354051
0.0014727349525
0.00146738127207
0.00146541721832
0.00145608072944
0.00145853486327
0.00145310409339
0.00145039386469
0.00143816694706
0.00143849431877
0.00143191121539
0.00142667464451
0.00142417025372
0.00141369729296
0.00141471272919
0.00140727235272
0.00140254849348
0.00139961704235
0.0013895997804
0.00139231531848
0.00138605575102
0.0013838782999
0.00137075265745
0.00137144835373
0.00136366518985
0.00135874257883
0.00135504161305
0.0013533751558
0.00134446730481
0.00134545340837
0.00133905852816
0.00133515163285
0.00132309930717
0.00132346197735
0.00131622028253
0.00131045581563
0.00130615850936
0.0013044740295
0.00130382592671
0.00129649295737
0.0012915254175
0.00128743233289
0.00128592913294
0.00128434382674
0.00127518693144
0.00126811438232
0.00126427414509
0.00126116239737
0.00125900315817
0.00125104176039
0.00124320274611
0.0012461142097
0.00124131189558
0.00123007101806
0.00123097022745
0.00122306472533
0.00121765638822
0.00121232507826
0.00120913067649
0.00120785588735
0.00120822734288
0.00120075826574
0.00119422269888
0.00118997297096
0.00118756639444
0.00117566593737
0.00117558996345
0.00116911163826
0.00116309166513
0.00115996528737
0.00115741256459
0.00115700540571
0.00114871565616
0.00115037752062
0.00114550806129
0.00114084637702
0.00112913754303
0.00112932774201
0.00112981206046
0.00112215003056
0.00111447203672
0.00110998594234
0.00110768499305
0.00110641542319
0.00109752962642
0.00108922972413
0.0010924503216
0.00108793525485
0.00108456795333
0.00107371053608
0.00107350009641
0.00106555282632
0.00106996337188
0.00106393084383
0.00105769204699
0.00105645024971
0.00104562114367
0.00104523454548
0.00103718216437
0.00104172929597
0.00103582354778
0.00102984149124
0.00101930943609
0.00101883538114
0.0010190173409
0.00101166479896
0.00100489793219
0.00100197819911
0.000996348296633
0.00099571896763
0.000992747517121
0.00098537712525
0.000987297830973
0.000980010785043
0.00131660653075
