metodo_1_dt_1:24
2.15492411701e-06
0.00755406100556
0.00755575377061
0.00755674965922
0.0075589479886
0.00755986768138
0.00756235523166
0.00756392956009
0.0075641792837
0.00756611214571
0.00756814639431
0.00757054556859
0.00757251584251
0.00757395408093
0.00757520585633
0.00757737919369
0.00757811077119
0.00757979671443
0.00758151498431
0.00758316377315
0.00758476212675
0.00758659732315
0.00758792403466
0.00758863988885
0.00758955129123
0.00759179160128
0.00759227116377
0.0075954379278
0.00759740374615
0.00760002063538
0.0076002855322
0.00760283427389
0.00760366554565
0.00760515371845
0.00760790567196
0.00760914074521
0.007609590323
0.00760993795001
0.00761135014098
0.00761320682454
0.00761367943519
0.00761729077997
0.00761884388194
0.00762059049443
0.00762185353209
0.00762310862018
0.00762452088857
0.00762645984179
0.00762899523737
0.00763037834849
0.00763164939133
0.00763209762121
0.00763331511698
0.00763443812474
0.00763607340792
0.00763818706455
0.00763943286423
0.00764149158364
0.00764176139515
0.0076438104104
0.00764471033756
0.00764616084063
0.00764864184209
0.00765044059478
0.0076526535415
0.00765358464792
0.00765511216221
0.00765517946628
0.00765736623073
0.00765842447882
0.0076597302428
0.00766152200433
0.00766201712452
0.00766380539901
0.00766419419637
0.00766605804222
0.00766771835977
0.00767042498438
0.00767187803072
0.00767287588731
0.00767377960908
0.00767561438167
0.00767706191583
0.00767844796132
0.00768014627192
0.0076819236186
0.00768260296185
0.0076833586152
0.00768406035855
0.007685381145
0.00768610098064
0.00768875695571
0.0076901281473
0.00769195947814
0.00769313652812
0.00769370202742
0.00769518651275
0.00769713226379
0.00769939656341
0.00770048875769
0.0077024928979
0.00770236718206
0.00770377157052
0.007704577527
0.00770469270264
0.00770734675742
0.00770870614714
0.00770939201599
0.00771062446414
0.0077115648839
0.00771283623345
0.00771418967462
0.00771630504737
0.00771814243775
0.00771988284101
0.007720786434
0.00772177081157
0.00772269332893
0.00772352114121
0.00772504909517
0.00772642276894
0.00772778217844
0.00772827481587
0.00772912265625
0.00772995034702
0.00773083597499
0.007732613635
0.00773443111632
0.00773630692862
0.00773725926114
0.00773860526108
0.00773967759602
0.0077405258281
0.00774202538078
0.00774313137899
0.00774551493562
0.00774532518272
0.00774621301828
0.00774678886105
0.00774780353423
0.00774831038903
0.00774989953594
0.00775215474525
0.00775309872448
0.00775409242243
0.00775499319759
0.0077561279273
0.00775771436342
0.00775927621926
0.00776150639144
0.00776219483808
0.00776316330636
0.00776307727639
0.00776377270946
0.0077639884981
0.00776533675897
0.00776686694689
0.00776801472469
0.00776884706191
0.00776966553622
0.00777035025873
0.0077717731334
0.00777337141655
0.00777542998474
0.00777603765518
0.00777793073902
0.00777787897183
0.00777838747805
0.00777977244766
0.00778124389618
0.0077813033892
0.00778270602721
0.00778350989235
0.00778407456558
0.00778526016885
0.00778452527069
0.00778677995118
0.00778851133575
0.00779004342983
0.00779057491123
0.00779156484803
0.00779202972254
0.00779295270614
0.00779382945607
0.00779564408741
0.00779631595957
0.00779734050592
0.00779804251997
0.00779889949922
0.00779919142158
0.00779949906955
0.00779980773717
0.00780214067517
0.00780279645689
0.00780316008523
0.00780549712379
0.00780509192346
0.00780638375056
0.00780743872731
0.00780942102916
0.00781018881119
0.00781158811343
0.00781146054472
0.00781147366358
0.00781178793221
0.00781301993431
0.00781318171454
0.00781537570969
0.00781607486316
0.00781605510604
0.00781652323969
0.00781702701342
0.00781825226004
0.00781954973607
0.00782139745715
0.00782276999419
0.0078228994492
0.00782207442899
0.00782303879444
0.00782358967547
0.0078261213869
0.00782572001477
0.00782584932657
0.00782594399917
0.00782625686365
0.00782723422862
0.00782749782118
0.00783027575849
0.00783103232815
0.00783225698794
0.00783165862548
0.00783266395681
0.00783327446055
0.00783342474896
0.00783531666036
0.00783647524211
0.00783789037154
0.00783716255928
0.00783653813254
0.00783679538884
0.00783772558494
0.00783945809494
0.00783900303016
0.00783979284411
0.00784170434921
0.00784035078466
0.00784125346268
0.00784273254293
0.00784393783471
0.00784253281282
0.00784987796087
0.00784454426713
0.00784702965561
0.00784490571848
0.00784130112088
0.00784589063058
0.0078480841986
0.00784817018582
0.00784364753541
0.00784891166955
0.00784938664413
0.00784841765299
0.00785547169607
0.00784846145854
0.00785078458843
0.00785802604989
0.00785323591724
0.0078549530525
0.00785494186881
0.00785077335988
0.00785616491499
0.0078568486015
0.00785466583729
0.00786001473347
0.00785231288017
0.00785058778544
0.0078585992157
0.00786248111275
0.00786356294134
0.00786182284671
0.0078554357454
0.00785749235334
0.00785530137014
0.00786033210076
0.00786325229574
0.00786299327576
0.00785981915088
0.00786139150242
0.00786169256404
0.00785750405002
0.0078604905372
0.0078616073703
0.00786694103992
0.00786216198054
0.00786193879522
0.00786794644203
0.00786175357578
0.00786251196182
0.00786129166279
0.0078638588624
0.00786595593312
0.00787208605144
0.00786489568139
0.00786450591816
0.00787087903575
0.00786308258852
0.00786395003101
0.00786923987847
0.00787125504264
0.0078698736084
0.00786545169554
0.00786779745445
0.0078655465354
0.00786933266555
0.00787288111313
0.00787021229825
0.00787367205552
0.00787091552923
0.00786763448345
0.00786902115361
0.00786936018374
0.0078737137445
0.00787431918843
0.00787157298814
0.00787197683902
0.00787206149645
0.00786708868074
0.00787093591199
0.00786909980324
0.00787301368899
0.00787357631279
0.00786719102325
0.00786994041349
0.00786713849478
0.00787306805503
0.00787292199698
0.00786867525139
0.00787058778843
0.00787474849154
0.0078689613793
0.00786991721809
0.00787400677957
0.00787491847062
0.00787182206594
0.00787499400207
0.00787362777308
0.00786890950461
0.00786754296335
0.00787220145379
0.0078763798141
0.00787328218217
0.00787617554946
0.00787417963511
0.00786859530778
0.00786589881269
0.00787242974328
0.00787218684693
0.00786783742957
0.00787270379227
0.00786958519968
0.00787239223088
0.00786833689695
0.00787372332651
0.0078752794146
0.00786945547903
0.00786939638552
0.00787371604014
0.00786794789852
0.0078736911422
0.00787279806535
0.00787104473507
0.00787457265618
0.00787095295111
0.00786568882151
0.00787195739773
0.00786462525942
0.00786358614691
0.00786776881561
0.00786795132601
0.00787359828107
0.00787083433063
0.00786724669023
0.00786506244824
0.00787240943146
0.00787172683956
0.00786689569694
0.00786714002992
0.00786238899263
0.00786247178318
0.00786723336554
0.00786517247342
0.00786212630357
0.00786091622676
0.00786472316485
0.00786736853092
0.00786173841089
0.00786064031695
0.00786543749789
0.00786547839732
0.00786144856743
0.00785834554776
0.00786336810187
0.0078595895716
0.00786374845142
0.00786052286421
0.00786173697876
0.00786263883092
0.00786430586516
0.00786140774199
0.0078625904954
0.00785881143675
0.00785672708542
0.00785366392768
0.00785576069939
0.00785828035598
0.00786005354219
0.00785238867007
0.00785794180606
0.00785394496881
0.00785952350342
0.0078515854383
0.00785686100917
0.00785763986967
0.00785269995089
0.00785181730932
0.00785180739058
0.00785100573471
0.00785511194683
0.00785005814351
0.00785378424866
0.00784761847576
0.00784532396288
0.00785143968085
0.00784860901123
0.00784114358422
0.00784651952072
0.00784733499789
0.00784202302563
0.00784047058742
0.00784294107403
0.00784065560207
0.00784279447711
0.0078396656932
0.00783703647556
0.00784162803868
0.0078409148032
0.00783971171277
0.00783798851096
0.00783613425885
0.0078330896415
0.00783920683126
0.00782999824568
0.00783758458203
0.00783506569134
0.00782774494591
0.00783323765933
0.0078286758914
0.00783309465325
0.00783142256393
0.00783325431917
0.00782918170971
0.00782944282944
0.00782435769466
0.00782296155085
0.00782560899891
0.00783109613206
0.00782637753435
0.00781975510711
0.00782614571027
0.00781786488148
0.00782206125275
0.00781654670132
0.00781841786311
0.00782337414631
0.00781738897675
0.00781112778639
0.00781694834485
0.00781299443607
0.00781721111544
0.00781100882017
0.00781229546458
0.00781585267416
0.00780973832247
0.00781104154185
0.00780232132831
0.00781023510951
0.00780760840708
0.0078033819838
0.00780536465202
0.00779796902739
0.00780212859361
0.00779628254005
0.00779821160568
0.00779865598978
0.00779756916436
0.00779380136985
0.0077982061931
0.00779160809588
0.00779317788685
0.00779742316886
0.00779123296084
0.0077919907613
0.00778972911355
0.00778649760754
0.00778563065262
0.00778309497049
0.0077878911964
0.00778725020574
0.0077837977662
0.00777849683762
0.00777598717228
0.00777592088748
0.00777901371051
0.00777076908041
0.00777943163218
0.0077725779298
0.0077761933085
0.00777338042786
0.00777276363987
0.00776624726581
0.00777037368259
0.00776900403745
0.00776929780517
0.00776279816504
0.00776335217959
0.00776114827155
0.00776164287903
0.00775556649461
0.00775781293559
0.0077566157667
0.00776238499108
0.00775603686208
0.00775700645499
0.0077551021388
0.0077515619775
0.00775090428865
0.00774645635565
0.00774890066594
0.00774399088301
0.00774120731271
0.00774050502813
0.00774160509843
0.00773703453193
0.00773403224394
0.00773814415067
0.0077379790605
0.00773148074055
0.00773209706434
0.00772909959922
0.00773390577956
0.00772632158965
0.00772565650059
0.00772554889006
0.00772734178926
0.00772210563419
0.00772689356938
0.00772547117527
0.00771715563277
0.00771886146493
0.00771811649339
0.00771390277151
0.00771097982832
0.00771520709583
0.00771304274052
0.00770696192271
0.00770779583414
0.00770884831812
0.00770319788435
0.00769840464543
0.00770061574194
0.00769877511845
0.00769843449522
0.00769659537947
0.00768932952227
0.00768918566539
0.00768983254559
0.00769205906175
0.00768735705036
0.00768437807972
0.00768260438899
0.0076866080567
0.00767800414611
0.00768382078437
0.00767707548368
0.00767685377279
0.00767819175591
0.00767216861399
0.00767432785718
0.00767493407828
0.0076701632956
0.00767241143645
0.00766139621339
0.00766603959029
0.00766337959776
0.0076609009211
0.00765920244007
0.00765783415157
0.0076552922368
0.00764730728992
0.00765486429699
0.0076548367687
0.00764674072782
0.00764702439608
0.00764737445691
0.00764634513783
0.00763949389202
0.00764005255058
0.00764106014769
0.00764228904975
0.00763558325134
0.00762908220169
0.00763140393903
0.00763164563756
0.00762534526758
0.00762739370638
0.00762966552656
0.00762361482145
0.00761755840857
0.00761785847409
0.00761180753465
0.00761290205116
0.00761407612332
0.00760750141817
0.00760640025565
0.00760722315203
0.00760638462547
0.00760528945707
0.00759734987581
0.00759748908521
0.00759008341396
0.00759591062262
0.00759384303776
0.00759163760124
0.00758896022009
0.00758690199082
0.00758473013911
0.00758104457331
0.00758404263896
0.00757903376181
0.00757355957749
0.00757381403203
0.00756825139431
0.00756891321877
0.00756989870779
0.00756190025111
0.0075678911833
0.00755919460203
0.00755629471057
0.00755343899318
0.00755046131422
0.00755388942245
0.00755583645829
0.00754334016142
0.0075438383713
0.0075422929049
0.0075417066464
0.00753959499728
0.00753752811377
0.00753401360853
0.00753014809781
0.00753156018311
0.00753245613774
0.00752505186283
0.00752522925051
0.00752409649378
0.0075150177958
0.00751939793133
0.00751466621509
0.00751563901268
0.00751543910655
0.00750845960521
0.00750646549725
0.00750400919178
0.00750723198673
0.00749478979841
0.00749573092259
0.00749429284839
0.00748616224789
0.00749170979379
0.00748833041439
0.00749054937004
0.00748452388575
0.00747668322746
0.00747459890035
0.00747871428823
0.00747538155541
0.00746968449898
0.00747007780331
0.00746776253366
0.00746519105299
0.00745979871022
0.007460647692
0.00745391879622
0.00745265188545
0.00744991355663
0.00744541234585
0.00744649476747
0.0074454245371
0.0074437509938
0.0074408727724
0.00743608381002
0.00743675944636
0.00743544290521
0.00743201178787
0.00742668275363
0.00742666384683
0.00741842590482
0.00742315717973
0.0074184947441
0.00741198900361
0.00741074309516
0.00741438890725
0.00740974113754
0.00740357919616
0.00740320271857
0.00740049995317
0.00740272866043
0.00738885975295
0.00739336905444
0.00738949502744
0.00739066642176
0.00739063484096
0.00738077198047
0.00737613950901
0.00737626660138
0.00737357910676
0.0073694846723
0.00736335500514
0.00736334211476
0.00736050865746
0.00736293115935
0.00735580961326
0.00735307395056
0.00735537360617
0.00734845151808
0.00734020044838
0.0073431296256
0.00734387898259
0.00733480933309
0.0073371872109
0.00733003017368
0.00732782058992
0.00732429039517
0.00731790125558
0.00732363228808
0.00731950000466
0.0073199490605
0.00731054093625
0.00730604351651
0.00730711971473
0.00730518876494
0.00730096244501
0.00730049138263
0.00729747315423
0.00729838482993
0.0072896955776
0.00728635168604
0.0072872232934
0.00728575525036
0.00728105539137
0.00727378528685
0.00727035213854
0.00726456636287
0.00726405343767
0.00726065563247
0.00726199085184
0.00725262183947
0.0072619094305
0.00725320237503
0.00724912063525
0.00724990023071
0.00724770841202
0.00724268091157
0.00723409368797
0.00723005275058
0.00723614377847
0.00722546868547
0.00722694023295
0.00721833441098
0.00721418646574
0.00722066657375
0.00721755259805
0.00721022666202
0.00721413983507
0.00720832811811
0.00719967232541
0.00720179792702
0.00719351494476
0.00718952947851
0.0071877869748
0.00718373297444
0.00718311197949
0.00718062921122
0.00717391570018
0.00717198339112
0.00717355751589
0.00717074525311
0.00715810325807
0.00716359720692
0.00715889185775
0.0071579447984
0.00715426811594
0.00714610739474
0.00714840590751
0.00714707842066
0.00714188816308
0.0071339230067
0.00713713340651
0.00712918669184
0.0071251918362
0.00712435712043
0.00711980839837
0.00711135114922
0.00711428894906
0.00710667520184
0.00710310580901
0.00710971268416
0.00709770630249
0.00710324705147
0.007090402814
0.00709630255922
0.00708373886184
0.00708154842072
0.00708282668931
0.00707327643646
0.00707341647984
0.00706924538377
0.00706979444932
0.00706603427337
0.00705868522786
0.00705474713734
0.00705423659228
0.00704901892744
0.0070455917649
0.00704800277498
0.00703809862646
0.00703839799501
0.00703547391024
0.0070344412322
0.00702202251494
0.0070189923648
0.00702019644948
0.00701689681042
0.00701136144415
0.00700737398171
0.00700704309707
0.00700149065855
0.00699911460582
0.00699911186412
0.0069962141446
0.0069892719191
0.00698520039445
0.00698296116474
0.00697677385412
0.006979690754
0.00697041881831
0.00696617989293
0.00696384172857
0.00696436316255
0.00696065812011
0.00695125944379
0.00695286839582
0.00694208473518
0.00694273217265
0.00694509389496
0.0069362861028
0.00693110757261
0.00693398699734
0.00693174821154
0.00691847172663
0.00692256605137
0.00691390933905
0.00691596074397
0.00691352290909
0.00690503847075
0.0068994138958
0.00689660217723
0.0068953178384
0.00689129315761
0.00688214692553
0.0068824760216
0.00687677651451
0.00687597825385
0.00686743580414
0.00687045922263
0.00686017170962
0.00686071190612
0.00685638150721
0.00685172773208
0.00685184052903
0.00684602976552
0.00684147824698
0.00683965662357
0.00683495317681
0.00683116699551
0.00682954956014
0.00682234975909
0.00681721509894
0.00681562304435
0.00680841610849
0.00680988058554
0.00680029033726
0.00679855277632
0.00679326895341
0.00679544527665
0.00678453059416
0.00678409281485
0.00677836024769
0.00677535012092
0.00677469363267
0.0067736931628
0.0067605423309
0.00676463838372
0.00675714020738
0.00675832269007
0.00675380277332
0.00675172843094
0.00674329973661
0.00673638814628
0.00673243920282
0.00673051169183
0.00672872050256
0.00672354432569
0.00671817216372
0.00671451533401
0.00670682881038
0.00670757257383
0.00670212187536
0.00669683377095
0.00669652407561
0.0066906611264
0.00669196242717
0.00668094198316
0.00667795443454
0.00667693105131
0.00667023695944
0.00667375147696
0.00666319070022
0.0066623319745
0.00665451393207
0.00665431479318
0.00664225783551
0.00664667345657
0.00663614853758
0.0066368996006
0.00663064080655
0.00662597367741
0.00662329742307
0.00661425337577
0.00661305342079
0.00660818572406
0.00661142714448
0.00660735943708
0.00660470407136
0.00659506825342
0.0065958053574
0.00659025889761
0.00657783950642
0.00658192233033
0.00657871532277
0.0065718080742
0.00656303589857
0.00656487744824
0.00656033716057
0.00654897067389
0.00655402738802
0.00654650216896
0.00654569238031
0.00654058984745
0.00653410242866
0.00652930548233
0.00652599836884
0.0065250695444
0.00651670867879
0.00651496238836
0.00650877686876
0.00650121668275
0.00649871117945
0.00649446066232
0.00649257157947
0.00648342848119
0.00648948984101
0.0064823939672
0.00646865268457
0.00646990111954
0.0064640828777
0.00646375160783
0.00645248436919
0.00645110213304
0.00645501850832
0.00644705902234
0.00644019748604
0.00643566637975
0.00643295683733
0.00642502655648
0.00642086186896
0.0064161516543
0.00641563296826
0.00640939089861
0.00640306536153
0.00640146932502
0.00639964331548
0.00639221610041
0.00638719338422
0.00638275478005
0.00638129117354
0.00637555082882
0.00636839638993
0.00636690701366
0.00636384598335
0.00636011196619
0.0063551888539
0.00635013083718
0.00634495535259
0.00633910839051
0.00633814537633
0.00633151387784
0.00632811781223
0.00632489727419
0.0063204022781
0.00631550374725
0.00630951198621
0.00630346802879
0.00630201294814
0.00629898347422
0.00629026571378
0.00628596572249
0.00628129268955
0.00627550655188
0.00627547287138
0.00626968547446
0.00626723190501
0.0062597835093
0.00625664185555
0.00625199225818
0.00624768307617
0.0062424181871
0.00623759987558
0.00623596026929
0.006228073543
0.00622434047412
0.00621978104181
0.00621549929393
0.00621029879859
0.00620563384613
0.00620436847507
0.00619680198679
0.00619437914569
0.00618643121318
0.00618239437549
0.0061781410633
0.00617337613305
0.0061727544531
0.00616632819847
0.00616391199292
0.00615561359762
0.00615188641167
0.00614769059453
0.00614296638122
0.00613797480346
0.00613074924749
0.00612853927601
0.00612580815058
0.00611791993373
0.00611392612329
0.00611038059781
0.00610570053177
0.00610032915032
0.00609888162281
0.00609208679443
0.00608791617689
0.00608450994031
0.00607612257175
0.0060726759456
0.00607093196683
0.00606429631708
0.00605750607972
0.00605433708496
0.00605092486518
0.00604280764876
0.00603970026637
0.00603486114926
0.00603380322115
0.00602715057947
0.0060205943798
0.00601764636064
0.00601510286535
0.00600686944563
0.00600278177183
0.00600124909962
0.0059948072685
0.00598843819779
0.0059853583645
0.00597770120119
0.00597473281757
0.00597002255287
0.00596546038414
0.00595935858418
0.00595340880716
0.00595134385513
0.00594475038307
0.00594256968244
0.00593855366189
0.00593432203277
0.00592915409303
0.00592300068946
0.00591613591782
0.00591390034915
0.00590762424515
0.00590380265021
0.00589968755824
0.00589446746515
0.00588909725265
0.00588285706772
0.00587705952275
0.00587526245996
0.00586860346564
0.0058652640626
0.00586094030772
0.00585628025906
0.0058503573962
0.0058447992706
0.00584288848881
0.00583633761682
0.00583295457196
0.00582458345351
0.00582001621894
0.00581426062437
0.00580894129694
0.00580742639908
0.00580182423981
0.00579529052343
0.00579200156963
0.00578832889041
0.00578347035105
0.00577885326901
0.00577395251375
0.00576839866388
0.00576297933267
0.00575951896523
0.00575231643878
0.00574660804516
0.00574272982361
0.00573735769274
0.00573277897724
0.00572685039118
0.00572489150515
0.00571826384149
0.00571409679465
0.00570681985542
0.00570269550716
0.0056984026236
0.00569430904634
0.00568833277984
0.00568583641143
0.00567892018026
0.00567515944823
0.00566679732546
0.00566388751767
0.00565833628979
0.00565380756257
0.00564799873279
0.00564458372993
0.00563854211469
0.00563178034471
0.00562863683368
0.0056255943044
0.0056216647292
0.00561614489847
0.00561102808013
0.00560466584729
0.0055982759555
0.00559613307775
0.00558934576936
0.00558522343391
0.0055802642341
0.00557489348608
0.00556902491412
0.00556327239875
0.00555817031414
0.00555229275317
0.00555001987118
0.00554231659862
0.00553878208221
0.00553438408577
0.00552902064589
0.00552490970841
0.00551988771909
0.00551363493947
0.00551069342918
0.00550374347755
0.0054991442427
0.00549449869799
0.00548654935016
0.00548239390655
0.00547704493955
0.00547157351272
0.00546929634074
0.0054622058548
0.00545602477484
0.00545239574932
0.00544907115574
0.0054461240572
0.00543749890808
0.00543273451528
0.00542971273265
0.00542391152918
0.00541780097151
0.00541116586045
0.00540819814798
0.00540405692935
0.00539604125763
0.00539070411509
0.00538517496936
0.00538020595571
0.00537588120217
0.00537409659863
0.00536775309314
0.00536169099036
0.00535706768601
0.00535286401463
0.00534545610018
0.00534103093171
0.00533637641859
0.00533145426316
0.0053257170398
0.00531901534332
0.00531504960751
0.0053078945133
0.00530488987484
0.00529836401487
0.00529411939329
0.00529087088048
0.0052847857023
0.00527976067651
0.00527456332567
0.00526915698657
0.00526318053612
0.00526024484231
0.00525376933587
0.00524949798004
0.00524182111219
0.00523705134537
0.00523215513898
0.00522764241916
0.00522220515005
0.00521741898943
0.00521090051827
0.00520820710889
0.00520101270962
0.00519555210584
0.00519158951746
0.00518849782919
0.00518159049917
0.00517695039721
0.0051743866174
0.00516549976487
0.00516478187265
0.00515185072489
0.00514648205766
0.00514160178584
0.00514056909776
0.0051398866376
0.00512417671493
0.00511975913915
0.00511913678055
0.00511018114826
0.00510793703499
0.00510316547522
0.00509522482328
0.00509413574013
0.0050913462538
0.00507929046389
0.00508110779676
0.00507039359312
0.00506977056201
0.00506578492404
0.00505617047691
0.00504780090088
0.00504640450621
0.00504297189641
0.00503357857798
0.00502487819517
0.00502516659451
0.00501976634876
0.00501222700755
0.00501159119451
0.00500202884448
0.00499582190574
0.00499671389578
0.00498715902103
0.00498433145573
0.00497613996397
0.00496839942637
0.00496783782597
0.00496420580374
0.00495828446577
0.00494856619216
0.00494565449901
0.00494011751813
0.0049321932964
0.00493412517829
0.00492996949462
0.00492330976854
0.00491546668096
0.00491127849309
0.00490688719743
0.00489720252962
0.00489710602536
0.00489387457159
0.00488813163334
0.00487559629163
0.00487252201757
0.0048662885857
0.00485785271021
0.00485608681294
0.00485411720484
0.00484667577428
0.00484483171248
0.00483975295213
0.00483390021238
0.00482286430602
0.00481814186845
0.00481308623568
0.00481194072898
0.00480961984866
0.00480394162363
0.00479181414028
0.00478982653489
0.00478456658355
0.00477641782172
0.00477219897907
0.00476698920233
0.004758286467
0.00475532617861
0.00474997007281
0.00475066598051
0.00473871410098
0.00473307274006
0.00473596513427
0.00473231778778
0.00472458998046
0.00471434732574
0.00471281426278
0.00470569922699
0.00469525809397
0.00469365876181
0.00468553514432
0.00468568612455
0.00468057728325
0.00467446618824
0.0046654214914
0.0046597151386
0.00466281248549
0.0046493926686
0.00464397095235
0.00464522496739
0.00463299134181
0.00463437275215
0.00462497529436
0.00462193041834
0.00461461936463
0.0046128049689
0.00460796636836
0.004599440205
0.004597591405
0.00459190533706
0.00458303023655
0.00457931255475
0.00457130067371
0.0045694695294
0.0045637702732
0.00455480028591
0.00455137929757
0.00454473485231
0.00454309286797
0.00453718842606
0.00452761691526
0.0045265812717
0.00451975497136
0.0045185997506
0.00451440970315
0.00450558406791
0.00450476164188
0.00449739773207
0.00448630565579
0.00448134393568
0.00448436517917
0.00447192568381
0.00447395827996
0.00446196606419
0.00445778359087
0.00445704926243
0.0044429656544
0.00444412584785
0.00443495935519
0.00442826577157
0.00442706480473
0.00442384980897
0.00441456224765
0.00441110460399
0.00440351123292
0.0044047172172
0.00439861197257
0.00438809787687
0.0043823061292
0.00438246848753
0.0043712238388
0.00437270115783
0.00436097933126
0.00436396102599
0.00435292834053
0.00434903288765
0.00433911614894
0.00433467959727
0.00433593017792
0.00432387102642
0.00432663607389
0.00431525054935
0.00430825724515
0.00430717139997
0.00430149344674
0.00430135257196
0.00428752073009
0.00428854040638
0.00428496296178
0.00427598198241
0.00427291710231
0.00426524552562
0.0042633231988
0.00425496597303
0.00425448201391
0.00424941865179
0.00423893343797
0.00423181329649
0.00423198483693
0.00422567832933
0.00421733874889
0.00421441336575
0.00421391302967
0.00421020164222
0.00419990221255
0.00419436913701
0.0041871656849
0.00418276598179
0.00417436523853
0.00417323688994
0.0041643189691
0.00416085479086
0.00415248346349
0.0041497690277
0.00414230190309
0.00414055416793
0.00413372394313
0.00413105188936
0.00412368124426
0.00412090217461
0.00411385151748
0.00410916204295
0.00410291007967
0.00410126212036
0.00409190102932
0.00408982566108
0.0040804534176
0.00407659342296
0.00407980731022
0.00406716093073
0.00406877795699
0.00406506890929
0.00405852005742
0.00405425232993
0.00404543899338
0.00404106159575
0.00403037218697
0.00402638650495
0.00402683299486
0.00402185234326
0.00400955951561
0.00401446389497
0.0040021520904
0.00399804751044
0.00399612213062
0.00398912184518
0.00398622658624
0.00397838196278
0.00397541492545
0.00396711366468
0.00396440520102
0.00395629729859
0.00395271366508
0.00395285264081
0.00394564793634
0.00393567974315
0.00393755007367
0.00392552111103
0.00392033183752
0.00391758066456
0.00391854672306
0.0039049379435
0.00390559662597
0.00390103185208
0.0038897515349
0.00388527849759
0.00388544184636
0.00387694080929
0.00387311382074
0.00386603055583
0.00386102853946
0.00386104989903
0.00385591431296
0.00384574829699
0.00384871745013
0.00383472310797
0.00383692773204
0.00383402189132
0.00382399538763
0.00381873257513
0.00382046889095
0.00381347658381
0.00381109843937
0.00380284002108
0.00379671725119
0.00378764757205
0.00378327705479
0.00378109451434
0.00377476451363
0.00377063563176
0.00377030957098
0.00376486651991
0.00375409053115
0.0037482995844
0.00374479274379
0.00374703979352
0.00373197540072
0.00373266057196
0.00372583011247
0.00372302265168
0.00371538342626
0.00371206262264
0.00371207735393
0.00370417117256
0.00370213101311
0.00369250393345
0.00368672061653
0.00368599312866
0.00367991845938
0.00367748666238
0.00366945905777
0.00366277154357
0.00366293021777
0.00365474277868
0.00365161515552
0.00364295604909
0.00363793758094
0.0036366513126
0.00362912873533
0.00362349440253
0.00362128301615
0.00361665996752
0.00361377690885
0.00360503226812
0.00360729740051
0.00359615380541
0.00359668410318
0.0035836268389
0.00358297935233
0.00357672887309
0.00357450877271
0.0035756896053
0.00356840375713
0.00356747288217
0.00355770708795
0.00355268959407
0.00355155173253
0.00354474819771
0.00353872200385
0.00353874931571
0.00353059541114
0.00352579814338
0.00351606964922
0.00351037979242
0.00350902984472
0.00350841031861
0.00350429290848
0.00350150499646
0.00349232120588
0.00348759805749
0.00348431924217
0.00347797722437
0.00347203322803
0.00346979156912
0.00346128491674
0.00345608529672
0.00345274270154
0.00344608013665
0.00344143864786
0.00343970980991
0.00343220270836
0.00343782013759
0.00342509004627
0.00342857038202
0.00342389117119
0.00341389103833
0.0034163157894
0.00341033907851
0.00340019958053
0.00340065452473
0.00339508934532
0.00339345743618
0.00338400334372
0.00337982549883
0.00337701843788
0.00336763015239
0.00336186384052
0.00335719869838
0.00335914947968
0.00335330496229
0.00335035078075
0.00334147480902
0.00334517227239
0.00334019879662
0.00332868822631
0.00333083449215
0.00332741490916
0.00331719342062
0.00331773476355
0.0033114366232
0.00330876963148
0.00329947393525
0.00329438308718
0.00329093358367
0.00329066505448
0.00328437423674
0.0032809629115
0.00327863993637
0.00326943006565
0.00326430343492
0.00326307024455
0.0032649840852
0.00325798083003
0.00325369463248
0.00324328486366
0.00324510852283
0.00323877721973
0.00323630452117
0.00322766024425
0.00322238566473
0.00321743287582
0.00321876228709
0.0032103898248
0.00320349259281
0.00320294374771
0.0032033214661
0.0031971364778
0.00319377436234
0.00319379844947
0.0031838401682
0.00317777288298
0.00317520180955
0.00317636776673
0.00316820479562
0.00316307113417
0.00316139082562
0.00314986675009
0.00315463347365
0.00315060840641
0.00314095164858
0.00314106835815
0.00313739394861
0.00313421050442
0.00313062822679
0.00312379477484
0.00311746992063
0.00311507826
0.00311534451779
0.00310636074554
0.00310325780879
0.00309986682957
0.00309726629789
0.00309122772542
0.00308660882757
0.00308474579463
0.00308342172222
0.00307837603981
0.00307309328142
0.00306829065724
0.0030695215555
0.00306241790222
0.00305783391608
0.00305650201035
0.00305506017956
0.00304663672659
0.00304126954713
0.00303623937806
0.00303829185605
0.00303056465643
0.00303299050252
0.00303158516463
0.00302059865084
0.00302212648067
0.00301442683765
0.00301087102386
0.00300993737898
0.00300285035068
0.00300489381642
0.00300021954949
0.00299809141817
0.00298657817892
0.00298858205235
0.00298373892039
0.00298236170426
0.00298057460383
0.0029723821702
0.00296368876268
0.00295833948486
0.00295699859355
0.0029585684066
0.00295103083704
0.00295553129528
0.00294412235242
0.00294134140931
0.00294173615258
0.00293628728574
0.002933734734
0.00293136743101
0.00293145880792
0.00292214659467
0.00292445435722
0.00292059811116
0.00290779687486
0.00291088549368
0.00290155248413
0.00290749522277
0.00290413566268
0.00289333126786
0.00289206725458
0.00288793784068
0.0028900831443
0.00288908735557
0.00287791214428
0.00287941714517
0.00287008483786
0.00287341768483
0.00287054415019
0.00286176752823
0.00286232121613
0.00285292372382
0.00285966194461
0.0028556853326
0.00284557619507
0.00284471065765
0.00284751931788
0.00284387883802
0.00283964309482
0.00283858798202
0.00282662274247
0.00283048666032
0.00282103305689
0.00281870566123
0.00281584851412
0.00281594036528
0.00281585889636
0.00280851241224
0.00280431372568
0.0027995882144
0.00279887027144
0.00280103161763
0.00279346084528
0.0027983829028
0.00279259792391
0.00278967635738
0.00278002820952
0.00278011392182
0.00277349274929
0.00277935321176
0.00277529407021
0.00277357347507
0.00276177221373
0.00276202357645
0.00275705887642
0.00276063479398
0.00275831347996
0.00275901820203
0.00274938344689
0.00274809695273
0.00274378189169
0.00274908618059
0.00274406010182
0.00274237047326
0.00273413473913
0.00273413586381
0.0027272983227
0.00273233628584
0.00272834002418
0.00272339467388
0.00271651272506
0.00271800933588
0.00271876885885
0.00271274167272
0.00270944997796
0.00270628264181
0.00270595908837
0.00270535885613
0.00269818097483
0.00270329586895
0.00269748954584
0.00269428242937
0.00269086416307
0.00269031574973
0.00268413435504
0.00268596958344
0.00267805323254
0.00267630263511
0.00267348031389
0.00267038987567
0.00267045831496
0.00267019999097
0.00266351569503
0.00266946995892
0.00266432170209
0.00266192444031
0.00265883144494
0.00265885117084
0.00265319381348
0.00265529929113
0.00264774098928
0.00264223899268
