metodo_1_dt_1:24
1.40069205966e-06
0.00359300771271
0.00359188401482
0.00359432669156
0.00359320983781
0.00359563408675
0.00359356808476
0.00359594055304
0.0035949715338
0.00359726110617
0.00360012100886
0.0035976211383
0.00360033842464
0.00359905047456
0.00360059986877
0.00359958571013
0.00360095387188
0.00360377303099
0.00360144732329
0.00360403968105
0.00360213832992
0.00360349318263
0.00360621025577
0.00360416468828
0.00360559634241
0.0036083494005
0.00360626041807
0.00360770146429
0.00360942962209
0.00360742146067
0.00360882736452
0.00361147847872
0.0036096894075
0.0036110171334
0.00361256316175
0.00361430782825
0.00361136229841
0.00361277576711
0.00361436221438
0.00361611301357
0.00361425452392
0.00361567407755
0.00361623343478
0.00361791431479
0.00361970100754
0.00361775435375
0.00361821638879
0.00361977497767
0.00362041700155
0.00362212712592
0.00361949435253
0.00362091270023
0.00362139796276
0.00362293410764
0.00362352012382
0.00362514047511
0.00362579546445
0.00362647101655
0.00362482609576
0.00362528396493
0.00362577040687
0.00362727439412
0.00362780416265
0.00362835012245
0.00362891452219
0.00362948780847
0.00363007311548
0.00363166118584
0.00363225423562
0.00363285299038
0.00363345032174
0.00363404854907
0.00363465031114
0.00363524992272
0.0036358510381
0.00363545825538
0.00363606608793
0.00363668017315
0.00363730595504
0.00363794046393
0.00363859015374
0.00363826154729
0.00363894761584
0.00363965576889
0.00364039137001
0.00364016032119
0.00364348776098
0.00364402035274
0.0036435870338
0.00364419416045
0.00364385064411
0.00364456708964
0.00364434701655
0.00364520233267
0.00364727622805
0.00364783204514
0.00364747451491
0.00364821396248
0.00364806548133
0.00365030809446
0.00365083039404
0.00365047918395
0.00365026560417
0.00365120295146
0.00365321495853
0.00365281650096
0.00365259229564
0.0036535577228
0.00365553127402
0.0036551632116
0.00365501342216
0.00365729328984
0.00365781053464
0.00365757921692
0.00365761725481
0.00365946595195
0.00365919860772
0.00365923850943
0.00366109661645
0.00366085085214
0.00366095121917
0.00366270330532
0.00366254992446
0.00366473846719
0.00366433861171
0.00366335955678
0.00366525985454
0.00366506973272
0.0036672588267
0.00366688087864
0.00366700427886
0.00366874941222
0.00366773109164
0.00366963886102
0.0036695103091
0.00367152780717
0.00367031301991
0.00367239129394
0.00367212875832
0.00367322232693
0.00367294290371
0.003675009439
0.00367376430332
0.00367577182427
0.0036746062541
0.0036765275272
0.0036764860703
0.00367728809322
0.00367742743375
0.00367808059343
0.00367845250335
0.00367893633343
0.00368088210324
0.0036798965468
0.00368162180225
0.00368100135449
0.00368249434402
0.0036833707678
0.00368255626762
0.00368416502524
0.00368510542972
0.00368520704782
0.00368585360623
0.00368679595516
0.00368692594886
0.00368755408247
0.00368843326771
0.0036887196108
0.00368927045715
0.00369004318309
0.00368961267939
0.00369104791707
0.00369167424851
0.00369247005673
0.00369296242228
0.00369341689736
0.0036940155194
0.00369474999166
0.00369439083234
0.00369578184289
0.00369628853265
0.00369689463552
0.00369760391088
0.00369726707042
0.00369768795969
0.0036981962063
0.00369978348961
0.00370044213502
0.00370115623052
0.00370191913549
0.00370146116893
0.00370197321236
0.00370253140197
0.00370312240174
0.00370374191115
0.0037043832364
0.0037050401553
0.00370570970591
0.00370638094543
0.00370705187774
0.00370783180776
0.00370836539465
0.00370891397258
0.00370947621357
0.00371004992562
0.00371063336324
0.00371122787263
0.00371082727855
0.0037114338344
0.00371204756568
0.00371266893109
0.00371329882443
0.00371393857269
0.00371458993408
0.00371525509601
0.00371593667307
0.00371713593015
0.00371766793607
0.00371820720269
0.00371875806699
0.00371932528402
0.00371961097388
0.00372012418638
0.00372066838277
0.00372125061541
0.00372187836762
0.00372255955206
0.00372329820445
0.00372360352535
0.00372406895043
0.00372460140018
0.003725216405
0.00372592174947
0.00372666392725
0.00372695689488
0.0037274520403
0.00372806685242
0.00372881136263
0.00372938879169
0.00372980795479
0.00373037508892
0.00373100946378
0.00373177552777
0.00373217106047
0.00373265533176
0.00373344131596
0.00373400936453
0.00373442691438
0.00373508060406
0.00373585581195
0.00373616560382
0.00373679296345
0.00373760354544
0.00373789230062
0.0037385086424
0.00373924358514
0.00373956679458
0.00374023257082
0.00374090726544
0.00374120714832
0.00374199100139
0.0037424104187
0.00374296847981
0.00374360370173
0.00374395728257
0.0037447833097
0.00374511545806
0.003745786881
0.00374630726436
0.00374684865199
0.00374750402565
0.00374794349905
0.00374897495567
0.00374905338732
0.00374975150575
0.00374996479681
0.00375106912505
0.00375127906711
0.00375242764521
0.00375259697028
0.0037533526977
0.00375392842461
0.00375456940266
0.00375527413624
0.00375577052079
0.00375665792678
0.00375698158022
0.00375810941694
0.00375724290618
0.00375780649645
0.00375859422804
0.00375892462168
0.00376008185076
0.00376016765916
0.00376061340713
0.00376159928111
0.00376276761084
0.00376325106536
0.00376417049145
0.00376435881371
0.00376482099375
0.00376578996152
0.00376593569082
0.00376631862457
0.00376745554181
0.00376751262152
0.003767772341
0.0037682211028
0.00376914894027
0.00376925745552
0.00377052860445
0.00377094795329
0.00377189257522
0.00377197403763
0.00377218260678
0.00377250564835
0.00377471898043
0.0037747202203
0.00377482009758
0.00377500776079
0.00377527279632
0.00377766234024
0.00377763377914
0.00377767200393
0.00377776824319
0.00377891410988
0.00377910177463
0.00377932366514
0.00378176283839
0.00378175165096
0.00378177428837
0.00378182498065
0.00378289580069
0.00378298700408
0.0037840914529
0.0037842052468
0.00378432468276
0.00378544655169
0.0037855657216
0.00378668466413
0.00378679913918
0.00378790659158
0.00378799859822
0.00378807131922
0.00378913020551
0.00379017384964
0.00379020366359
0.0037912189859
0.00379122692666
0.00379222772764
0.00379222454252
0.00379321838416
0.00379321819727
0.00379422591793
0.00379524406517
0.00379528295348
0.00379634580502
0.00379743663075
0.00379756733225
0.00379873994026
0.00379812054684
0.003799063123
0.00379903789625
0.00380005501565
0.00380111819098
0.00380224080756
0.00380342978056
0.00380167862307
0.00380255522052
0.00380350721276
0.0038045502409
0.00380569081724
0.00380499778707
0.00380580492727
0.00380673213007
0.00380778762342
0.00380898968966
0.00380798960771
0.00380885559402
0.00380989230342
0.00381111029062
0.00381002249715
0.00381091386029
0.00381201991564
0.00381118477336
0.00381196308478
0.00381398703459
0.00381526959903
0.00381397416307
0.00381496010487
0.00381624088615
0.0038159155837
0.00381691840723
0.0038160665963
0.00381779034431
0.00381887432599
0.00381779710268
0.00381963622453
0.00382088223091
0.00382048271708
0.00382152588416
0.00382137172896
0.00382223175023
0.00382458443385
0.00382298673916
0.00382521751845
0.00382375749684
0.00382589231765
0.00382452314981
0.00382659127588
0.00382626921551
0.00382730344525
0.00382698200899
0.00382901786197
0.00382866047451
0.00382973807279
0.00382930877997
0.00383147037243
0.00383093723155
0.0038332292715
0.00383256345451
0.00383238198006
0.00383321038448
0.00383283715748
0.0038349049331
0.00383432126813
0.00383768647557
0.00383687744774
0.0038364442392
0.00383855638597
0.0038378615485
0.00383749780784
0.00383945118567
0.00383879738182
0.00383943355625
0.00384133360827
0.00384065919267
0.00384123741022
0.00384320125633
0.00384245337887
0.00384292674428
0.00384508310206
0.00384522977385
0.00384456907267
0.00384508401581
0.003847079027
0.0038472580681
0.00384658683576
0.003847050234
0.00384910780061
0.00384923360995
0.00384947540595
0.00384981837316
0.00385217924854
0.00385219864251
0.00385230529795
0.00385248617059
0.00385272861877
0.00385202735034
0.00385525147107
0.00385525284235
0.00385530248874
0.00385539570744
0.00385552361347
0.00385568328399
0.00385686540546
0.00385706173883
0.00386027917892
0.00386026850976
0.00386027843287
0.00386030201455
0.00386133191632
0.00386137008053
0.00386140775158
0.00386244587135
0.00386247830092
0.00386350630018
0.00386352453565
0.00386453514988
0.00386453368291
0.00386552309637
0.00386550007242
0.00386646974159
0.00386642988901
0.00386738495499
0.00386833288792
0.0038692778379
0.0038692247352
0.00387017137374
0.00387112549604
0.00387208682676
0.00387306146735
0.00387405580136
0.00387507084488
0.00387237553592
0.00387316303638
0.00387396972581
0.003874804152
0.00387567525883
0.00387658639362
0.00387854637368
0.00387956767053
0.00387663857001
0.00387836361779
0.00387915812831
0.00388003340152
0.00388199397876
0.00387920908422
0.00388084093272
0.00388157719745
0.0038834236811
0.00388439595767
0.00388235885319
0.00388398659186
0.00388176168038
0.00388768907874
0.00387958519865
0.00388516438891
0.00389092236869
0.0038868858466
0.00388848668927
0.00388411008128
0.00388996666572
0.00389170205828
0.00388727194624
0.00389310966905
0.00388487033258
0.00389042651245
0.00389629400218
0.00388795346728
0.00389355917184
0.00389951591541
0.0038909658543
0.00389668796894
0.00389844769081
0.00389394878086
0.00389986417894
0.00390124033721
0.00389697377275
0.00389853132532
0.00390408534555
0.00389578032105
0.00390119026372
0.0039071320087
0.00389827015184
0.00390413600659
0.00390530433901
0.00390113377983
0.00390230030557
0.00390811185432
0.00389925362916
0.00390509941849
0.00390616012846
0.00391207500882
0.00390304812247
0.00390451854604
0.00390992215568
0.00391123410199
0.00390682577717
0.00390795641637
0.00391377123694
0.00391470227988
0.00390603627405
0.00391152003739
0.00391259153865
0.00391842541754
0.00390925062348
0.00391038541664
0.00391605001914
0.00391689761037
0.00391802849803
0.00391364021173
0.00391446218513
0.00391553157443
0.00392118231466
0.00392193262908
0.00391290970584
0.00391874170732
0.00391938092268
0.00392021016317
0.0039212106363
0.00392685663525
0.00392751945144
0.00391833686937
0.00391926828929
0.00392493356118
0.00392552436294
0.00392622658634
0.00392702408098
0.00392790940192
0.00393341731311
0.00392399072615
0.00392461757274
0.00392530710735
0.00392605177436
0.00393180249679
0.00393225529404
0.00393275193723
0.00393328668912
0.00393385400378
0.00393444303888
0.00393505113294
0.00393566866377
0.00393136850672
0.00393177188787
0.003932188193
0.00393261501896
0.00393304844536
0.00393348667648
0.00393392309216
0.00393435679671
0.00393478550713
0.00393520904858
0.00393562252457
0.00393602665988
0.00393642084439
0.00393680662724
0.00393718073403
0.0039375456153
0.00393790236978
0.00393825252922
0.00393859847664
0.00394891482027
0.00394923208389
0.00394953988575
0.00394984187332
0.00395014209291
0.0039504449919
0.00395075542075
0.00395107863512
0.00394576785787
0.00394585304544
0.00394595094662
0.00394606844467
0.00394621284049
0.0039563739749
0.00395659344744
0.00395686397987
0.00395131484723
0.00395128663728
0.00395131922849
0.00395142279674
0.0039615865509
0.00396185917125
0.00395603946736
0.00395598776253
0.00395604098442
0.00395621504116
0.00396055945783
0.00396039105025
0.00396036180375
0.00396048553949
0.00395478673626
0.0039645553458
0.00396451304485
0.00396466222886
0.00395869638071
0.00395851903008
0.00396854341338
0.00396268554451
0.00396240504299
0.00396238276729
0.00396648886793
0.00396615378489
0.00396611100981
0.00397008922436
0.00396975807573
0.00396976086253
0.0039635327952
0.00397326336162
0.00397338932327
0.00396685609922
0.00397674680602
0.00397045557983
0.00397017313429
0.0039740462864
0.00397358726463
0.00397361751857
0.00397698714432
0.00397689823139
0.00397036860379
0.00398017327255
0.00397367522143
0.00398340386915
0.00397688788819
0.00397660149511
0.0039800109457
0.0039797283345
0.00398305482845
0.00398281861956
0.00397605437975
0.00398589431926
0.00397899863863
0.00398255418317
0.00398193459563
0.00398530729331
0.00398489925615
0.00398807105464
0.00398793662847
0.00399089592954
0.00398424619488
0.0039938329091
0.00398692378133
0.00399029958233
0.00398969380303
0.00399276159619
0.00399261943585
0.00399537554673
0.00398840377418
0.00399821149707
0.0039909207166
0.00399381985614
0.00398693989311
0.00399630859012
0.00399906607982
0.00399201598789
0.00400162580875
0.00399423752885
0.0039969689004
0.0039898552164
0.00399938874244
0.00400191274447
0.00399458100674
0.0039973351975
0.00400018838533
0.00399949973661
0.00400202701469
0.00400463465724
0.00399733235856
0.00400006807202
0.00400947495203
0.004001936149
0.00400441746187
0.00400693749733
0.00399950995577
0.00400208316429
0.00400467223049
0.00401405019435
0.00400641664257
0.00400876462078
0.00401112028199
0.00401347849698
0.00400586229132
0.00400821878598
0.00401056905135
0.0040129092715
0.00400525626315
0.00400756593583
0.00400985665758
0.004012126218
0.00401437280812
0.00400661340685
0.00400881018502
0.00401098107768
0.00401312587499
0.00401524476627
0.00401733833951
0.00401940758096
0.00401147440508
0.00401350030632
0.00401550576681
0.00401749731273
0.00401948199638
0.0040214643331
0.00402344813593
0.00402543761214
0.00402743735952
0.00402945081047
0.00403148639545
0.00401607543312
0.00401785199432
0.00401964848554
0.00402147480292
0.00402333683233
0.00402524226555
0.00402719766441
0.00402154881461
0.00402318729121
0.0040248861308
0.00402665332518
0.0040285017778
0.00402283051974
0.00402433922544
0.00402595167813
0.0040376456404
0.00403949114271
0.0040334829616
0.00403499050246
0.00403664198931
0.00403845405681
0.00403228573409
0.00403375712148
0.00403541244152
0.00402941929583
0.00404070496396
0.00404222233297
0.00404396856225
0.00403746720592
0.00403889244934
0.00404057590779
0.00403397853
0.00404532322603
0.00403914783619
0.00404024003601
0.00404166462023
0.00403524313767
0.00404639008057
0.00404793503191
0.00404119496376
0.00404253426835
0.00404597842842
0.00404711987519
0.00404871224287
0.00404172567454
0.00405314128438
0.00404626296992
0.00404759677162
0.00405074161378
0.00405198110361
0.00404517383488
0.00405632521049
0.00404949430806
0.00405065154506
0.00405371161977
0.00405486462966
0.00404784872468
0.00405901216893
0.00405186397555
0.00406310640527
0.00405580086829
0.00404892876316
0.00405968642261
0.00405260508245
0.00406354845031
0.00405624202773
0.00406742629235
0.0040598807289
0.00405266758016
0.00406356443297
0.00405607804596
0.00405885661156
0.00405958321148
0.00406206257969
0.00405483989542
0.00406544502144
0.00406788006596
0.00406057422888
0.00407119214603
0.00406355948925
0.00406608464667
0.00406687315536
0.00406905307549
0.00406143153074
0.00406392459324
0.0040744425592
0.00406661685699
0.00406887523514
0.00407124535332
0.00407176012789
0.00407376764521
0.00406589956471
0.00406807389008
0.00407874795925
0.00408059999946
0.0040725659666
0.00407455464461
0.00407659754805
0.00406871262806
0.00407918456298
0.00408096776899
0.00408278545849
0.0040746657992
0.00407652474437
0.0040783941528
0.0040802667889
0.00408085133449
0.00408247406514
0.00408409892028
0.00408572027238
0.00408733290265
0.00407897048961
0.00408055095072
0.00408211541341
0.00408366212869
0.00408518751208
0.0040866924025
0.00408817408315
0.0040796647749
0.0040810972064
0.00408250477551
0.00408388769222
0.00408524529879
0.00408658109296
0.00408789529239
0.00408918847296
0.00409046529032
0.00409172601986
0.00409297597977
0.0040942175186
0.00409545321631
0.00409668973388
0.00409792780316
0.00409916427317
0.00410040127859
0.00409242021709
0.0040933898821
0.00409435960405
0.00409533899568
0.0040963326782
0.00409735099555
0.00409839936102
0.004099488842
0.00410100435237
0.00410176939262
0.00410258289986
0.00410345744436
0.00410440076157
0.00409596735999
0.00409656966314
0.00410721371613
0.00410799509324
0.0041088847129
0.00410012402078
0.00410066441463
0.00411128439255
0.00411209009703
0.00410319764119
0.00410365639024
0.00411423602929
0.00410554605996
0.00410582538089
0.00410630487573
0.00411694735669
0.00410778594419
0.00410816090517
0.00411873468086
0.00410951757908
0.0041098435858
0.00412040506225
0.00411103295383
0.00411137686944
0.00411229547764
0.00411236251838
0.00412272063015
0.00411333662949
0.00411349687794
0.00411425729858
0.00411418411203
0.00412447521735
0.00411480876701
0.00412492170911
0.00411534889938
0.00412530719353
0.00411578533204
0.00412561911396
0.00411610827025
0.00412584995089
0.00411631307207
0.00412599851375
0.00411640150995
0.00412607009261
0.00411638049592
0.00412606152846
0.00412618693415
0.00412595064973
0.00412590338948
0.00412575792386
0.00412551622369
0.00413545167476
0.00412505717269
0.00412498859558
0.00413450970872
0.00412424222085
0.0041340218166
0.00413344466592
0.00413318536496
0.00413274480797
0.00413219208036
0.00413191766173
0.00414125169497
0.00413071782709
0.00413036995076
0.0041396420811
0.00413896628781
0.00412853667407
0.00413785092354
0.00413703060712
0.00413638319355
0.00414584232839
0.00414484662981
0.00413404295211
0.00413331548939
0.00414258497439
0.00414149905098
0.00414051861152
0.00413963323745
0.00414889773393
0.00414765538875
0.00414648906197
0.00414538649378
0.00414433690486
0.00415342685974
0.00415204047736
0.00415070134912
0.00414940282499
0.00414813544419
0.00414689002528
0.00415589606486
0.00415436287012
0.00415284724777
0.00415134493479
0.00414984764104
0.00414835177721
0.00414684990742
0.00414533914057
0.00414381394147
0.00416265556077
0.00416094036607
0.00415921605296
0.00415748184676
0.00415573313348
0.00415396851157
0.00416211417734
0.00416029071249
0.00415843457029
0.00415654672529
0.00415462827927
0.0041626185056
0.00416063899614
0.00415863001945
0.00416653388922
0.00416447249871
0.00416238893847
0.00416028702914
0.00416810185283
0.0041659701229
0.00416382926675
0.00416077998601
0.00415841812554
0.0041659929508
0.00416361065277
0.00416122795556
0.00416878701514
0.00416640619163
0.00417397107099
0.00417161797348
0.00416826995771
0.00416559652533
0.00417289197047
0.00417027264835
0.00417762968361
0.00417509737996
0.00417154068509
0.00416865536659
0.00417577663197
0.00417302454682
0.00418028872751
0.00416654932791
0.00417346183744
0.00418046704292
0.00417764599988
0.00417378496591
0.00417060125852
0.00417750292889
0.00418455176792
0.00417050579125
0.00417721650269
0.00418409935252
0.00418124350061
0.0041766966454
0.00418344215927
0.00419040290839
0.00417588491396
0.00418253229428
0.00418942758027
0.00418469398667
0.00418135057531
0.00417694534402
0.00418323985209
0.00418983974186
0.00418511309721
0.00419143856068
0.00418819391558
0.00418306571163
0.00418953543825
0.00418456611298
0.00419083265842
0.00418597070847
0.00419205416962
0.00419859422508
0.00419317394194
0.00419958440624
0.00419417474967
0.00420048344085
0.00419504310368
0.00420128090565
0.00419577164489
0.00420197248342
0.00419636183672
0.0042025628154
0.00419681883607
0.00419152943325
0.00419716209046
0.00419169488832
0.00419743127781
0.00419175976412
0.00420756969337
0.00420168436956
0.0042077518088
0.00420162102347
0.00419581310131
0.00420154647061
0.00420538468737
0.00419957938723
0.00420503273644
0.00419890746129
0.0042146641608
0.00420822118673
0.00420199693725
0.00420771578096
0.00421106745979
0.00420468877517
0.00419849291112
0.00421361644198
0.00420708652303
0.00420071170017
0.00421600086678
0.0042092846618
0.00421262837832
0.0042061564114
0.00421134653414
0.00421444313313
0.00420771000707
0.00421098978923
0.00421620272321
0.00421911908173
0.00421217767544
0.00421521460496
0.00420836007082
0.00422336191694
0.00421617203599
0.00421893147906
0.00421179350082
0.00421460492407
0.00421743404622
0.00421033140346
0.00422496910301
0.00422751171069
0.00422013785776
0.00422268387417
0.00422522339567
0.00421782094428
0.00422033136856
0.0042228204281
0.00421534777448
0.00421778157293
0.00423230587382
0.00423455868971
0.00422687734823
0.00422908640898
0.00423127200986
0.00423343008916
0.0042355527134
0.00422772158552
0.00422977072071
0.00423178258484
0.00423375889649
0.00423570089897
0.00423761021132
0.00423948882869
0.0042413399278
0.00423325552476
0.00422260995966
0.00422423479177
0.00422582779927
0.00422739326693
0.00422893586125
0.00423046063125
0.00423197300919
0.00423347881121
0.00423498499323
0.00424640749455
0.0042354531363
0.00423666329588
0.00423788403396
0.00423912255392
0.00424038641892
0.004241683548
0.00424302221205
0.00423155849507
0.00424247821924
0.00424351771125
0.00424461753552
0.00424578922744
0.0042340959786
0.00424482582771
0.00424571166754
0.00424669541725
0.00424486168877
0.00424546234149
0.00424618050943
0.00424702998746
0.0042449191579
0.00424540373117
0.00424605428246
0.0042440450954
0.00424433545806
0.00425473522934
0.00425542060261
0.00424292445332
0.00425320165501
0.00425379862949
0.00425107628036
0.0042513577691
0.00424897897568
0.004248951046
0.00425913582678
0.00424652167046
0.00425643347029
0.00425676397408
0.00425367189786
0.00426366798681
0.00425080661575
0.00426057776899
0.00424779892419
0.00425736524551
0.00426735149716
0.00425401152852
0.00426384851216
0.00426042333366
0.00426021979691
0.00425675340499
0.00426636672443
0.00426283914782
0.00426247849589
0.00425884246021
0.00426837272447
0.00426461354114
0.00427415363801
0.00426032990579
0.0042699406807
0.00426584509789
0.00426214068082
0.00427122888496
0.00426727787297
0.00427649677432
0.00427228420623
0.00426838860108
0.00426729362296
0.00426309015441
0.00427217544226
0.00426766916437
0.00426341940816
0.00427225623847
0.00426767955005
0.00427324729631
0.00428191240191
0.00427722429388
0.0042727258385
0.00428134679998
0.00427649486874
0.00427180339811
0.00428049596433
0.00427544145812
0.00428043198238
0.00427563418121
0.00428401873927
0.00427885252048
0.0042737830126
0.00427871821996
0.00428700021637
0.00428166004672
0.0042763876427
0.00428108838095
0.00427592544827
0.00428394703103
0.00428834346738
0.0042828770122
0.00427743745568
0.00428193558706
0.00429004051137
0.00429421226406
0.00428848878654
0.00428275309663
0.00428691018712
0.00428113975621
0.0042852596097
0.00427943551132
0.00429706693235
0.00429098396272
0.00429477311839
0.00428863941088
0.00429237656051
0.00429608503674
0.00428985703111
0.00429349954466
0.0042871994866
0.00429077024183
0.00429430434117
0.00428789110152
0.00429135028504
0.00429477116769
0.00429814350674
0.00429155550167
0.00429482814181
0.00429805211259
0.00430122870934
0.00429445349633
0.00429754167581
0.0043005892606
0.00430359856439
0.00430657272267
0.00429961936572
0.00430253686054
0.00430543110953
0.0043083067326
0.00429704441272
0.00429964264946
0.00430222186336
0.00430478818842
0.00430734813209
0.00430990884029
0.00431247865029
0.00431506580491
0.00430331032235
0.00430556275561
0.00430783844366
0.00431014509369
0.00431249254851
0.00430067154636
0.00430265083831
0.00430468297465
0.004316671244
0.00431883089477
0.00430661467797
0.00430839318009
0.00431026172267
0.00432211790306
0.00430970041907
0.00431127651446
0.00431297543147
0.00432469569453
0.00431189025523
0.00431336536472
0.00432490458528
0.00431211499218
0.00431341498323
0.00432481056949
0.00431192572771
0.00431309526063
0.00432439373444
0.00431131177915
0.0043223012209
0.00432366442002
0.00432019692392
0.00432126959405
0.00431802876185
0.00431882150754
0.00432984356037
0.00431627726834
0.00432706423869
0.0043235061843
0.00432415813736
0.0043350981812
0.00432107095928
0.00433182238806
0.00432768279189
0.00432837358778
0.00432418659878
0.0043346267818
0.00433037341393
0.00433081245256
0.00432644284281
0.00433669893125
0.00433219965524
0.00433252913677
0.00432785587517
0.00433807926233
0.00433322358848
0.00432876622766
0.0043384251055
0.00433373633235
0.00433360765725
0.00432866136201
0.00433858503619
0.0043333779748
0.00432847302914
0.00433801881849
0.00433281474725
0.00434262649733
0.00433711256813
0.00433183631441
0.00434141766468
0.004345692358
0.00434029143177
0.0043497101053
0.00434395268731
0.0043383619931
0.00434774102586
0.00434178062327
0.00434584966872
0.00434015863541
0.00434909337736
0.00434303019721
0.00433707202367
0.00434110886601
0.00434979998701
0.00434356333559
0.00434729000685
0.00434118848018
0.00434983310633
0.00435323895636
0.0043468105418
0.00435030697383
0.0043439345632
0.00435234773077
0.00435549388859
0.00434877462757
0.00435194480068
0.00434522106426
0.00434838046686
0.00435656928689
0.00435939306725
0.0043523361429
0.00435514565511
0.00435794008411
0.00435082327436
0.00435356651774
0.00434638156636
0.00434905273463
0.00436684808916
0.00435941061521
0.00436180649121
0.00436416621067
0.00436648646989
0.00435888916614
0.00436112137684
0.00436330712272
0.00436544447413
0.00436753257054
0.00435969270392
0.00436168038607
0.00436362225421
0.00436551946472
0.00436737179981
0.00436917965088
0.00437094341767
0.00437266487994
0.0043743452345
0.00437598597282
0.00437758991622
0.00436358238933
0.00436492234369
0.00436621800416
0.00436747273176
0.00436869012572
0.00436987511311
0.0043710317119
0.00437216536265
0.00437328107538
0.00436857152234
0.00436932326326
0.00437008064027
0.00437085539475
0.00437165515031
0.00438235197129
0.0043675019409
0.00436797387554
0.00437836815294
0.00437892776703
0.00437954968367
0.00437428353174
0.00437452233773
0.00437483818476
0.00438510883795
0.00436983015861
0.00437972377417
0.00437983301208
0.00438006258597
0.00437431569345
0.00437415206964
0.0043840010424
0.00439398468395
0.00437785654186
0.0043874750588
0.00438739869943
0.00438102159944
0.00438058266875
0.00439022506778
0.0043836444214
0.00438307613855
0.00437677504827
0.00438575259917
0.00439498638601
0.00437846040287
0.00438740385128
0.00439664530397
0.00438957347849
0.0043886858845
0.00438171138897
0.0043904553071
0.00438355095957
0.00439205704662
0.00440094956447
0.00439343811739
0.00440213445504
0.00439458337378
0.00439325211437
0.00438560748614
0.00439401856198
0.00438626669237
0.00440443709953
0.00439656510098
0.0044047935097
0.00439675668522
0.00440496224778
0.00439673654998
0.00440496295059
0.00439652738345
0.00438845314433
0.00440602012364
0.00439770676011
0.00440550897583
0.00439691241558
0.00439848499696
0.00440584365219
0.00439722387133
0.00440480790687
0.00440572428762
0.00439700874306
0.00440429214354
0.00440508871581
0.00439621482966
0.00441314291121
0.00440390452315
0.00440469963234
0.00441163165334
0.00440216866857
0.00440270642525
0.00441948182034
0.00440976881433
0.00441002493809
0.00440051070788
0.00441690839659
0.00440701534664
0.0044070647683
0.00440719081793
0.00441353693221
0.004413268991
0.00441305944231
0.00440302147191
0.00441926401061
0.00441872237675
0.00441821440689
0.00440786340458
0.00440738856761
0.00440692057068
0.00442270283678
0.00442188838836
0.00442107347164
0.00442025085147
0.00441941220873
0.0044086667661
0.00440774954972
0.00442328057885
0.00442204637137
0.00442077309164
0.00441945663534
0.00441809338965
0.00441668002769
0.00442507641799
0.00442355614602
0.00442197753825
0.00442033859365
0.00441863784883
0.00441687391683
0.00441504606563
0.00442302586143
0.00442106907014
0.0044190476279
0.00441696210699
0.00442468458799
0.00442246805277
0.00442018556452
0.00442770742108
0.00442529700024
0.00442282669987
0.0044301630391
0.00442757994676
0.004434805203
0.00443212306165
0.0044293990748
0.00443648651722
0.00443368966971
0.00444070664055
0.00442089474431
0.00442761267602
0.00443429664188
0.00443109304681
0.00443773292172
0.00443450997083
0.00444113331168
0.00443080621541
0.00442719113022
0.00443344262206
0.00443969587776
0.00444595981748
0.00444240489889
0.00443146858075
0.00443737004276
0.0044433070199
0.00444929014271
0.0044454960939
0.0044340376093
0.00443969666724
0.00444543422128
0.00445126287873
0.00443953419113
0.00444497828425
0.00445053881371
0.00443887599008
0.00444405376174
0.00444936332397
0.00443762356585
0.00444253248356
0.00444760341196
0.0044528523606
0.00444036650203
0.00445509903883
0.00444292275078
0.00444744414267
0.00445220204426
0.00443967568515
0.00445396341608
0.00445866599196
0.00444574493885
0.00445016863008
0.00444722057166
0.0044513688315
0.00445587125872
0.0044524070197
0.00445668412007
0.00445324447536
0.00445728927044
0.00445381302782
0.00445764634296
0.00445409324683
0.00445774124524
0.00445407384711
0.00445756551311
0.00445374916493
0.00445711631354
0.00445311916316
0.00446623685813
0.00445218944221
0.00446525145565
0.00446082591275
0.00446401681458
0.0044593313503
0.00447238000378
0.00446743097264
0.00445293864312
0.00446547578498
0.00446055191679
0.00447322616443
0.00446801143208
0.00446305801247
0.00446551653314
0.00446021975932
0.00445514321572
0.00446715218695
0.00446171541427
0.00447404478919
0.00446824277304
0.00446260323622
0.00445711025887
0.00446875742624
0.00446286253534
0.00446694044536
0.00447852507521
0.00447234332377
0.00446624901939
0.00447791972376
0.00447143325894
0.00447486443762
0.00446852452063
0.0044799527412
0.00448305085302
0.00447636869156
0.00446971840525
0.00447294501226
0.0044838913505
0.00447688006353
0.00447971482916
0.00447271466106
0.00447555617984
0.00448633211257
0.00448878571528
0.00448139793584
0.00448382081406
0.0044763755848
0.00447873781898
0.00447121079572
0.00449139771589
0.00448356207158
0.00448550775488
0.00448741137575
0.00448926826897
0.00448123654823
0.00448298331738
0.00448467094977
0.00447645134624
0.00447800848996
0.00447949722639
0.0044809156049
0.0044822612296
0.00448353282229
0.00447487729939
0.00447599647978
0.00447703920801
0.00447800509908
0.00447889463579
0.00447971287718
0.00448046068113
0.00448113833998
0.00448174724129
0.00448228847605
0.00448276345982
0.00449301416513
0.00449336077161
0.00449364813377
0.00449387906861
0.00449405742713
0.00449418677912
0.00450408915599
0.00450412795407
0.00448570449003
0.00449523338688
0.0044948720644
0.00449447480631
0.00450387490107
0.00450341996207
0.00450296027898
0.00449381573967
0.00449296916945
0.00450196092534
0.00450112719946
0.0045101344035
0.00449092719844
0.00449954712872
0.00449835621515
0.00450703638071
0.00450594457438
0.00449601169201
0.00450433736601
0.00450289870652
0.00451136369013
0.00450112336881
0.00449935186759
0.00450751497666
0.00449729557085
0.00450505058285
0.00451292319263
0.00451111611035
0.00450026198879
0.00450788744004
0.00451567267398
0.00450462009305
0.0045120276762
0.00451962598267
0.00450827886248
0.00451551806129
0.00450437012909
0.00451125503206
0.00451838587525
0.00450678890827
0.00451359502599
0.00452068623269
0.0045085710057
0.00451537323848
0.00451311320162
0.00451962586179
0.0045075407392
0.00451381947361
0.00451152859831
0.00451757712426
0.00452404339319
0.00452105898038
0.00452734615949
0.00451442289442
0.00453038316501
0.00451730909551
0.00453314556873
0.00451988792503
0.00450700548413
0.00452215922314
0.0045090326709
0.0045241295494
0.00452056661125
0.00452580962677
0.00452194868412
0.00452721887804
0.00452305760536
0.00451919554162
0.00452397734137
0.00451979228357
0.0045345471353
0.00453004137193
0.00451593240668
0.00453033636713
0.00452569179496
0.00452123926063
0.00453534296637
0.00453050969426
0.00451599601412
0.00452991310069
0.00452482190307
0.00451985409615
0.00453365243019
0.00452827099961
0.00452298455508
0.0045367656892
0.0045408645014
0.00453523185068
0.00452965499275
0.00454302053737
0.0045370178492
