metodo_2_dt_1:4
1.16440452895e-06
0.0127076704806
0.0127110047417
0.0127166838979
0.0127157876836
0.0127063392421
0.0126916788468
0.0126782912166
0.0126694021272
0.012664520298
0.0126667590056
0.012670468171
0.0126729861751
0.0127099169698
0.0127457218806
0.0127804918781
0.0128142273965
0.0128466849795
0.0128796120046
0.0129119326193
0.0129442312168
0.0129756171092
0.0130072409829
0.0130393329934
0.0130712777064
0.0131023232236
0.01313364282
0.0131643522828
0.013194486235
0.0132230217288
0.0132501885885
0.013274787626
0.0132969447121
0.0133168790823
0.0133327813815
0.0133460910782
0.0133564087281
0.0133642299721
0.0133687879011
0.0133705455647
0.0133696581476
0.0133670975963
0.0133628881539
0.0133585112513
0.0133516209173
0.0133454191009
0.0133385001071
0.0133306694979
0.0133243873871
0.0133184457871
0.0133123697299
0.0133083160979
0.0133045480177
0.013301934081
0.0132998874471
0.0132984818206
0.0132977409305
0.0132976470114
0.0132974646307
0.0132959533408
0.0132946680263
0.0132928331445
0.013290102357
0.013285784512
0.0132811222313
0.0132772522453
0.0132722891479
0.0132688353963
0.0132668836764
0.0132665505187
0.0132689395552
0.0132742617469
0.0132839665325
0.01329710371
0.0133151927885
0.01333948266
0.0133695781892
0.0134053226336
0.0134479396393
0.0134972427754
0.0135540294334
0.0136181192727
0.0136896652113
0.0137676149711
0.0138535579452
0.0139464734719
0.0140464929477
0.0141536710126
0.0142669749562
0.0143869417604
0.0145133042475
0.0146477088986
0.0147883455934
0.0149384485372
0.0150964699421
0.0152647472581
0.0154419582759
0.0156306415656
0.0158294899941
0.0160401677567
0.0162633808788
0.0164978588803
0.0167453429025
0.017005589267
0.017279362406
0.0175644368983
0.0178635965377
0.0181746296538
0.0184983518996
0.0188345935693
0.019182218572
0.019541204709
0.019910385315
0.0202910308042
0.0206821720708
0.0210803920926
0.0214820074742
0.021887984144
0.0222996325882
0.0227185294818
0.0231473848918
0.0235871759392
0.0240408937374
0.0245088386591
0.0249948762185
0.0254995002461
0.026024711061
0.0265725978034
0.0271435578232
0.0277385054651
0.0283604192544
0.029008469598
0.029684760293
0.0303889987138
0.0311212319462
0.0318832291382
0.0326728189017
0.0334926929601
0.0343399454434
0.0352161065464
0.0361215462212
0.037054070985
0.0380137911806
0.0390002680597
0.0400151877375
0.0410557810883
0.0421227345017
0.0432165422904
0.0443372677809
0.0454846924776
0.0466578349733
0.0478578286263
0.0490830852483
0.0503347993233
0.05161089339
0.052911247039
0.0542367420059
0.0555841879698
0.0569550796355
0.0583470216495
0.0597603743276
0.0611935939655
0.0626449228547
0.0641145949542
0.0656014254092
0.0671026228469
0.0686181099625
0.0701474746267
0.0716881216548
0.0732406917531
0.0748018849877
0.0763730754594
0.0779519024371
0.0795384770949
0.0811319005086
0.0827322677888
0.0843371194668
0.0859480131084
0.0875634696336
0.0891830589442
0.0908065695318
0.0924337516878
0.0940628450418
0.0956937306941
0.0973257320521
0.0989580038338
0.100589805412
0.102220216921
0.103848451169
0.105473520721
0.107094399272
0.108710289072
0.110319729183
0.111922237042
0.113515903894
0.115100365082
0.116674160999
0.118236749749
0.119786776305
0.121323820321
0.122845727197
0.124354210812
0.125846138527
0.127323119921
0.128784051873
0.130228601622
0.131656928972
0.13306694147
0.13446094245
0.135836016461
0.137193226739
0.138532288553
0.139851908644
0.141153258406
0.142433906716
0.143693983901
0.144934587484
0.146153050237
0.147349252462
0.148523534836
0.149674699119
0.150802753174
0.151904960986
0.152982058314
0.154033741593
0.155058431774
0.156055483374
0.157024829084
0.157965557199
0.158877606522
0.15976040696
0.160615035528
0.161440546682
0.162236546741
0.163003253548
0.163741718518
0.164450771289
0.165130512969
0.165781712806
0.166404297771
0.166998151815
0.167563020506
0.168099287058
0.1686072126
0.16908611742
0.169536858659
0.169958465897
0.170350698566
0.170714598501
0.171048871863
0.171354049356
0.171629335225
0.171874122485
0.172088308499
0.172271662518
0.172423212048
0.172543940025
0.172632682933
0.172690793031
0.17271705358
0.172712901729
0.17267915733
0.172612085838
0.172516779072
0.172391242353
0.172238032975
0.172051704501
0.171840075151
0.171599985028
0.171334283494
0.171037355708
0.170717494656
0.170369375814
0.16999319126
0.169593544711
0.169167972883
0.168714701794
0.168238910858
0.167737060677
0.167208150476
0.166656065957
0.166077767381
0.165473684477
0.164844036935
0.164189019249
0.163507730883
0.162801532272
0.162069671447
0.161312813592
0.160531585094
0.159726585957
0.158898433395
0.158047515353
0.157173510473
0.156278730151
0.155361700899
0.154424578006
0.153466750243
0.152490570029
0.151494832729
0.150480950453
0.149449926813
0.148400231426
0.147335316322
0.146254122804
0.145156816093
0.144043557859
0.142915592317
0.141772171937
0.140612982966
0.139440196927
0.138250996793
0.137047296028
0.135828931295
0.134595558004
0.133348072
0.13208617004
0.130810876407
0.129522760142
0.128222329307
0.126909942066
0.12558595822
0.124251888704
0.122907390985
0.121553487637
0.120191411252
0.118821345414
0.117444288683
0.116061365052
0.114672820557
0.113278796891
0.11188160933
0.110479933166
0.109076588505
0.107670098204
0.106261648353
0.104852426233
0.103441193729
0.102029759297
0.100616667466
0.0992043367035
0.097791237441
0.0963784693683
0.094966207993
0.0935546321451
0.092144830896
0.0907370863507
0.0893321058966
0.0879312272827
0.0865343074378
0.0851426714644
0.0837567561002
0.0823774305004
0.0810066629595
0.0796448084031
0.078292383599
0.0769515687472
0.0756226475196
0.0743071870156
0.0730056704324
0.0717203729575
0.0704513994162
0.0692002658566
0.0679674530114
0.0667554569974
0.0655640264085
0.0643937748973
0.0632463988875
0.0621225080265
0.0610227550046
0.0599478458891
0.0588997842567
0.0578787259939
0.0568856802537
0.0559213931941
0.0549895245682
0.0540864520321
0.0532186883997
0.0523843767721
0.0515852149884
0.0508232549587
0.0500992125878
0.0493972541853
0.0487781093555
0.0482469974245
0.0477969396975
0.0474192895647
0.0471103552888
0.0468633743015
0.0466753581345
0.0465445009937
0.0464693857173
0.0464487881061
0.0464869899632
0.0465846563657
0.046747338495
0.0469796737949
0.0472895919147
0.0476832939693
0.0481707160401
0.048760327459
0.0494628565719
0.0502875636031
0.0512441837979
0.0523448440304
0.0535978833401
0.0550124948197
0.0565966307168
0.0583579199146
0.0603015186567
0.0624344990261
0.0647586292833
0.0672782565853
0.0699950177435
0.072911324335
0.0760258547445
0.0793381508042
0.0828486833754
0.0865550153594
0.0904552965488
0.0945462677956
0.0988246874518
0.103288141661
0.107932417437
0.11275431138
0.117749698122
0.122913360486
0.12824268137
0.133733812548
0.139380203114
0.145179188744
0.151125073778
0.157214609853
0.163442833275
0.169804509179
0.176293242061
0.182902339082
0.189632603628
0.196469324493
0.203415163131
0.210454989248
0.21759243186
0.224805615684
0.232097416709
0.239463770887
0.246883049683
0.254358367504
0.261867596433
0.269414840576
0.276977352206
0.284556850992
0.292122820343
0.299683275502
0.307214510836
0.314699624627
0.322136323491
0.329505891824
0.336803238847
0.344000340144
0.351103924057
0.358083487043
0.364929492006
0.371636323891
0.378190814402
0.384585507818
0.390803593463
0.39683612989
0.402672559225
0.408315909135
0.413749825433
0.418967363053
0.423968947864
0.428753908599
0.433307747115
0.437642549209
0.441746202983
0.445624064848
0.44927348747
0.452697533107
0.455897298852
0.458875808478
0.461635268824
0.464181022684
0.466512879903
0.468637312202
0.470560740741
0.472284824412
0.473815687912
0.475158513823
0.476317054367
0.477298088595
0.478105302165
0.4787452899
0.479222813268
0.479541828268
0.479707538235
0.479726465882
0.479600709085
0.479337770651
0.478940934499
0.478413849863
0.477764125657
0.476990897981
0.476106897206
0.475097523718
0.473995734956
0.472776781137
0.471454664193
0.470041823742
0.468523072511
0.466911965355
0.465211260665
0.463415459642
0.461527780954
0.459560551143
0.457508757787
0.45537543779
0.453155164703
0.450851794308
0.448477032823
0.446026790742
0.443495630084
0.440888217158
0.438216185225
0.435458937654
0.432645405721
0.429755995088
0.426794955009
0.423775451004
0.42068607832
0.417539957513
0.414327434447
0.411060154069
0.407729401985
0.404347880109
0.400912833146
0.39741580141
0.393876023905
0.390284775452
0.386647466729
0.382962558242
0.379228988235
0.375452448533
0.371638450376
0.367779996254
0.363882882019
0.35995333931
0.355991204377
0.351996226203
0.347969887237
0.343917782692
0.339841722849
0.335749069237
0.331641435236
0.327514911259
0.323382940901
0.319249861981
0.315118007106
0.310985078039
0.306867461417
0.302768594993
0.298694651728
0.294649705228
0.290644757139
0.286680283167
0.282767954932
0.278913971098
0.275124900056
0.271415287362
0.267791833732
0.264256288928
0.260829935225
0.257515389002
0.254328818514
0.251272679537
0.24836472404
0.245621121616
0.243040007325
0.240646228097
0.238443360075
0.236457267021
0.234685165979
0.233145862967
0.231850165616
0.230816656403
0.230047030402
0.229551375983
0.229352890596
0.229443336793
0.229836852366
0.230545530846
0.23156454815
0.232895662431
0.234538591569
0.236507084887
0.238786144983
0.241376899447
0.244275352413
0.247476627449
0.250972625309
0.254759213705
0.258827057507
0.263169301899
0.267776489388
0.272640177179
0.277752485083
0.283104850785
0.288686382283
0.294490684159
0.300508605519
0.306731955339
0.313153537924
0.319763980129
0.326556652842
0.3335231263
0.34065711902
0.347950743136
0.355397102908
0.362989499207
0.37072060092
0.378585148404
0.386577010679
0.394688816023
0.402914830702
0.411250935064
0.419691285786
0.428231056609
0.436865901078
0.445589625141
0.454399335173
0.463291180423
0.472260986872
0.481304546804
0.490421148545
0.49960245724
0.508850471862
0.518160391271
0.527529276822
0.536956073836
0.546437826066
0.555971203596
0.565554602876
0.57518606949
0.584862641333
0.594583313944
0.60434411954
0.614143055333
0.62397715628
0.633845432871
0.643744984945
0.653671950927
0.66362645711
0.673603792727
0.683604190612
0.693623065905
0.703662974745
0.713717417805
0.723786913047
0.73386716836
0.743957878403
0.75405785213
0.764166627493
0.774280791886
0.784401239693
0.794525615951
0.804651328444
0.814777770801
0.824906359664
0.835033573687
0.845157726137
0.855281180325
0.865402281323
0.875515951873
0.885622071087
0.895720219996
0.905807786224
0.915885404724
0.925947482441
0.935996676396
0.946028178406
0.956043892208
0.966042028128
0.976016703351
0.985966884719
0.995900106662
1.0058019171
1.01568355446
1.02553562415
1.03536014325
1.04515287108
1.05492177545
1.06465148258
1.07435514629
1.08402296462
1.09365969087
1.10326355841
1.11282927903
1.12236172302
1.13185976231
1.14132133368
1.15074131083
1.16012450038
1.16946782014
1.1787714809
1.18803400953
1.19724805357
1.20641948132
1.21554520656
1.22462505402
1.23365788939
1.24263619817
1.25156500199
1.26044957527
1.26927619125
1.27805015058
1.28676401946
1.29543004948
1.30403412298
1.31258906375
1.32108063521
1.32951512154
1.33789212807
1.34621127766
1.354472329
1.36267483543
1.37081850137
1.37889543129
1.38691974492
1.39487599426
1.40277832889
1.41061091872
1.41838026521
1.42608623856
1.43372704453
1.44130221927
1.44881066845
1.45625191471
1.46362488066
1.47092097539
1.47815475301
1.48531831359
1.49240183386
1.49941315748
1.50636039301
1.51322548894
1.52001718683
1.52673436847
1.5333770745
1.53994492074
1.54643811336
1.55285643128
1.55920017545
1.56545984239
1.57165384554
1.57777309458
1.58380780917
1.5897673695
1.59565128072
1.60145941491
1.60719078359
1.61284559145
1.61842283302
1.62392228793
1.62933401356
1.63467674897
1.63993048481
1.64510499798
1.65019937218
1.65521307685
1.66014623959
1.66498852822
1.66975899195
1.674438168
1.67903597353
1.68355204788
1.6879769431
1.6923301894
1.69659277102
1.70077469582
1.70487651688
1.70889878205
1.71283180958
1.71668609462
1.72046174421
1.72415928207
1.72776880175
1.73130056402
1.73475462925
1.73813113948
1.7414210685
1.74463258493
1.7477637121
1.7508134937
1.75378306873
1.75667243881
1.75948072942
1.76220801362
1.76485541896
1.7674221053
1.76990833455
1.77231339607
1.7746397871
1.77688599036
1.77905361693
1.78114355503
1.78315555936
1.78509062627
1.78694970778
1.78873490704
1.79044508376
1.79208249353
1.79364773988
1.79514124053
1.79656446228
1.79791760962
1.79920124671
1.80041609142
1.80156333012
1.80264344515
1.80365712954
1.80460410667
1.80548631521
1.80630255913
1.8070567233
1.807746042
1.80837190802
1.80893664214
1.80943955248
1.80988212542
1.81026483516
1.81058977398
1.81085641789
1.81106759719
1.81122389627
1.81132698815
1.81137946979
1.81138128755
1.81133468142
1.81124181435
1.81110322138
1.81092241123
1.81069891154
1.81043613841
1.81013385291
1.80979516395
1.80964110032
1.8095994828
1.80966980557
1.80985608477
1.81015936653
1.81058283453
1.81112681535
1.81179326885
1.81258358737
1.81349941255
1.81454200611
1.81571133548
1.81701079652
1.81843953856
1.82000097059
1.82169355791
1.82351999368
1.82548139931
1.82757774209
1.82981202615
1.83218314506
1.83469271313
1.83734142501
1.84012876466
1.84305554921
1.84612313969
1.84932963548
1.85267546827
1.85615983181
1.85978281368
1.86354418864
1.86744285113
1.87147653634
1.87564553429
1.87994870007
1.88438424313
1.88894936521
1.8936492935
1.8984682981
1.90341098333
1.90848465895
1.91367810636
1.91898942805
1.92441662803
1.929967352
1.93562075922
1.94139402118
1.94727570413
1.95326378356
1.95935623057
1.96555086269
1.97185523998
1.97824745836
1.98474470551
1.99133466994
1.99801472054
2.004782186
2.01163422144
2.01857796788
2.0255905983
2.03268886622
2.03985980315
2.04709014424
2.05439662834
2.06176586527
2.06920443327
2.0766888533
2.08422558818
2.09182108656
2.09945182059
2.10713431259
2.11485519233
2.1226112731
2.13039944167
2.13821647545
2.14605965513
2.15392582412
2.16181199861
2.1697253692
2.17764287607
2.18558159092
2.19351843776
2.20147022097
2.20942422499
2.2173769618
2.22531599777
2.23325772196
2.24118872475
2.24910654115
2.25700717039
2.2648977328
2.27275516764
2.28058574272
2.28838670401
2.29616351845
2.30389449661
2.31159449297
2.31924170919
2.32685200637
2.3344028909
2.34191070544
2.34935376156
2.35674819383
2.36408139884
2.37135212373
2.37854810243
2.38568501071
2.39275185309
2.39974628767
2.40666551606
2.41350814483
2.42027091828
2.42695199863
2.43354908191
2.44005985968
2.44648253035
2.45281372755
2.45905213303
2.46519483875
2.47123942718
2.47718345696
2.48302503525
2.48876172217
2.49438993018
2.49990897916
2.50531536468
2.51061540872
2.51579032655
2.52084676119
2.52578286551
2.53059694107
2.53528741895
2.53985283922
2.5442918218
2.54861061339
2.55279274041
2.55684457385
2.56076488745
2.56455315412
2.56820752228
2.57172682355
2.57510990235
2.57835700946
2.58146490802
2.58443383684
2.58726262022
2.58994932951
2.59249343147
2.59489365153
2.59714795777
2.59925578095
2.60120918713
2.60302031584
2.60467903415
2.60619336236
2.60754948628
2.60874778909
2.60980047622
2.61069283333
2.61143376767
2.61201997019
2.61245277243
2.61272601187
2.61285188213
2.61281027114
2.61262923524
2.61228087918
2.61177930789
2.61113043788
2.61032280652
2.60935418627
2.60824680524
2.60697301751
2.60555520075
2.60397684549
2.60224630794
2.60036361218
2.59832875766
2.59613326937
2.59379409755
2.59129436602
2.58865130077
2.58584300093
2.58288875731
2.579783993
2.57652444854
2.57312106323
2.56956981153
2.56586695374
2.56202354061
2.55802241131
2.55388737652
2.54961588087
2.5451911243
2.5406370839
2.53593768371
2.53110340595
2.52614484071
2.52104590198
2.51581721216
2.51046051235
2.50497753467
2.49937898305
2.49364422323
2.48779260219
2.48181708305
2.47572791486
2.46951824854
2.46319837693
2.45676180407
2.45021486559
2.44356397159
2.43680329888
2.42993963054
2.42297575942
2.41591463048
2.40875932746
2.40152222543
2.39418434635
2.38676625698
2.37926747813
2.37168768307
2.3640476329
2.35632483517
2.3485401269
2.34069880816
2.33279029409
2.32482778165
2.3168283785
2.30877919724
2.30067892444
2.29255008117
2.2843836611
2.27618216531
2.26796435166
2.25972137668
2.2514652717
2.24319678177
2.2349261041
2.22664362179
2.2183676671
2.21010523721
2.20184736161
2.1936183124
2.18540562416
2.17723385609
2.16910004558
2.16100664579
2.15296797966
2.14499590603
2.13707475314
2.12922839972
2.12146485002
2.11378578435
2.10619306236
2.09870382308
2.0913199499
2.08404844006
2.07690536734
2.06987951891
2.06299176224
2.05623936619
2.04964319154
2.04319689115
2.03691191099
2.03080898309
2.0248688663
2.01911261961
2.0135569858
2.00820095533
2.00305254292
1.99811980236
1.99341961344
1.98894238315
1.98470890637
1.98072793444
1.97699765325
1.97353565152
1.97033969149
1.96743082933
1.96479916555
1.9624742472
1.96044408848
1.95872372037
1.95731318983
1.95623037219
1.95547272296
1.95504034427
1.95494961239
1.95519448185
1.95579354843
1.95674318229
1.95805372085
1.95971792499
1.96173985782
1.96414345312
1.9669186431
1.9700690966
1.97359201875
1.97751064272
1.98180739293
1.98648956354
1.99156966493
1.99703260935
2.0028950112
2.00915018383
2.01579871434
2.02284079872
2.03028360096
2.03810493263
2.04633206682
2.0549497748
2.06394865269
2.07334797287
2.08312404705
2.09328106725
2.10382292462
2.11473924542
2.12602653167
2.13767382144
2.1496919621
2.16207659247
2.17480957166
2.18790093451
2.20134083783
2.21512329128
2.22924480121
2.24370730535
2.25849316165
2.27361037521
2.28904746754
2.30479776694
2.32086509321
2.33722838474
2.35388979679
2.37085759866
2.38810391987
2.40563059423
2.42343146243
2.44150624851
2.45984252444
2.47843173957
2.49727159149
2.51635941261
2.53567470066
2.55522494963
2.57500613598
2.59499579865
2.6152017657
2.63560661329
2.65621602981
2.67701604026
2.69801176639
2.71918943194
2.74053522337
2.76205744648
2.7837532029
2.80560035539
2.82760160743
2.84975691495
2.87206063905
2.89449608948
2.91706869387
2.93975892451
2.96258329401
2.98551388621
3.00855332789
3.03170971424
3.05495508405
3.07829208585
3.10171505889
3.1252238859
3.14881310367
3.17245810847
3.1961814106
3.21996123916
3.24379861345
3.26768296928
3.2916181152
3.31558866332
3.3396011244
3.36365114993
3.38772894866
3.41183019557
3.43594220226
3.46008285106
3.48422560601
3.50838833184
3.53254448057
3.55669803661
3.58085015167
3.60499091086
3.62911588511
3.65321787851
3.67730347825
3.70136545231
3.72538543796
3.74936724929
3.77332036053
3.79721831821
3.82106521203
3.84486268593
3.86860121583
3.89227456886
3.91588989858
3.93943549177
3.96290552999
3.98629915729
4.0096270299
4.03286382374
4.05601445963
4.07908154318
4.1020560167
4.12493461607
4.14771190277
4.17040079431
4.19297002823
4.21544424733
4.23780410703
4.26004833822
4.2821735469
4.30418236372
4.32606532201
4.34782503516
4.36944584156
4.39093473475
4.41229192824
4.43349836751
4.45456664662
4.47549055727
4.49625652449
4.51687436613
4.53733530504
4.55764321228
4.57778169942
4.5977702768
4.61758488873
4.63723865407
4.65672039548
4.67602914376
4.69516912476
4.71413162151
4.7329143491
4.75152157158
4.76995104896
4.78819391374
4.80624034397
4.82410216439
4.84177781341
4.85925670827
4.8765372137
4.89361688242
4.91050005014
4.92718436782
4.94365388637
4.95991959768
4.97597349489
4.99181980552
5.00745063881
5.0228638387
5.03806526341
5.05304662607
5.06780663239
5.08235108768
5.09666470092
5.11076751922
5.12464421074
5.13829376096
5.15171492052
5.16492064773
5.17788870447
5.19063210834
5.20314245162
5.21541851721
5.22745958727
5.23927813517
5.25084464129
5.26219348639
5.27329520497
5.28415526957
5.29478652616
5.30516698185
5.3153096617
5.32519947967
5.33485628548
5.34426526162
5.35341939255
5.36233897273
5.37101087125
5.3794338581
5.38761554673
5.39554825691
5.40323197792
5.41067446691
5.41787580536
5.42482828897
5.43152571272
5.43798845288
5.44419629969
5.45016339946
5.45588983408
5.46136775364
5.46659715051
5.47158596383
5.47632624322
5.48082594773
5.48507110337
5.48908170102
5.4928458721
5.4963616314
5.49962912134
5.50265671244
5.50543674729
5.50797796731
5.51027303496
5.51233107475
5.5141474913
5.5157267533
5.51705867162
5.51815848697
5.51901926766
5.51965059921
5.52005384269
5.52022204698
5.52015653692
5.51986699526
5.51934095808
5.51859911026
5.51763188632
5.51643769761
5.51502625321
5.51339578274
5.51153145832
5.5094590813
5.50717459507
5.50467083206
5.50195239778
5.49902274247
5.49588144952
5.49252690741
5.48897464688
5.48520776068
5.48124216454
5.47707159583
5.47270201717
5.46813754352
5.46338430284
5.45843993751
5.45330353534
5.44798274299
5.44247893195
5.43679981695
5.43093941924
5.42490914502
5.41870300048
5.4123275349
5.40578649306
5.3990815561
5.39221634571
5.38519258614
5.37800898356
5.3706769341
5.36319909884
5.35556938583
5.34779936384
5.33988310933
5.33181890709
5.323636994
5.31530480788
5.30685702834
5.29828428852
5.28958102175
5.28076464434
5.27183915099
5.26279511022
5.25364585
5.24439972721
5.23505628774
5.22561997652
5.21609465109
5.20648905258
5.1967984419
5.1870269672
5.17718767819
5.1672847185
5.15731330229
5.14728190415
5.13719474573
5.1270557391
5.11687798505
5.10664760485
5.09637326483
5.08606813258
5.07573658877
5.06537424293
5.05499471124
5.04458941476
5.03418129604
5.02376647079
5.01335028242
5.00293796963
4.99253052192
4.98214230707
4.97176987861
4.96142763362
4.95112104793
4.94084214141
4.93060544503
4.92042513047
4.91028900426
4.90022005817
4.89021041938
4.88026543245
4.87040816048
4.86061719848
4.85092437603
4.84130359623
4.83179582358
4.82238384694
4.81306820208
4.80387649291
4.79478759141
4.78583825053
4.77700709193
4.76829987598
4.75974074027
4.75133090694
4.74306755726
4.73496068385
4.72702582289
4.71925055458
4.71165433366
4.70423425714
4.6970048341
4.68996302498
4.68312314874
4.67649069678
4.67005741065
4.66384719506
4.65784661261
4.65207939845
4.64654043628
4.64123092622
4.63616416915
4.63133612744
4.62675985085
4.62243971306
4.61837152829
4.61455448885
4.6110205129
4.60774656463
4.60474243978
4.60202961876
4.59959256978
4.59745038386
4.595590422
4.59402771295
4.59276932767
4.59181914087
4.59117532302
4.59084410523
4.59081778788
4.59112163023
4.59173373386
4.59268163665
4.59395135027
4.59555342121
4.59748174311
4.59974060442
4.60233504822
4.6052630739
4.60853754509
4.61213969647
4.61608433006
4.620372171
4.62499584919
4.62996401351
4.63526928259
4.64092023664
4.64691130012
4.65324719643
4.65992395635
4.66695402659
4.6743172001
4.6820272777
4.69007602422
4.69847060899
4.70721015028
4.71627947432
4.72569769953
4.73544928202
4.74553375516
4.75595551693
4.76671123923
4.7777932441
4.78920538028
4.8009372972
4.81299360418
4.82537114644
4.83805250306
4.85104752355
4.86435435861
4.87796781379
4.89187097426
4.90608175129
4.92058854313
4.93537439148
4.95044989395
4.9658046678
4.9814486879
4.9973641177
5.01354023701
5.03000127277
5.04671476866
5.06368331592
5.08091663444
5.09839624657
5.11612435156
5.1340889442
5.15228520846
5.17071493802
5.18937306399
5.20824720917
5.22733897337
5.24663583618
5.26613927893
5.28583665667
5.30572938396
5.32581182334
5.3460713667
5.36650948893
5.38711372754
5.40787858112
5.42881310031
5.44989087815
5.47113509901
5.49250551774
5.51402509019
5.53567487403
5.55744973979
5.57935828469
5.60136729429
5.62350655324
5.64574966831
5.66809076979
5.69053162976
5.71306707431
5.73568384135
5.75837669024
5.78115365207
5.8039884424
5.82689587814
5.8498492199
5.87286416856
5.89592085802
5.91901323731
5.94214300597
5.96530520724
5.98848676211
6.01168978399
6.03490239657
6.05812654137
6.08135014974
6.10457626769
6.12779981442
6.15100891374
6.17420663105
6.19738064375
6.22053352673
6.24365374494
6.26674339984
6.28979771447
6.31280507081
6.33576752777
6.35868028357
6.38152440719
6.40431641418
6.42703700557
6.44968169363
6.4722597271
6.49474495759
6.5171536528
6.53946730355
6.56168128797
6.58379090193
6.60580620404
6.62771589357
6.64950184506
6.67117432299
6.69273677496
6.71416429684
6.73546752065
6.75664294273
6.77768011857
6.79858259585
6.81934696481
6.83995560952
6.86042625567
6.88074126113
6.90090417127
6.92090445262
6.94074566905
6.96041715218
6.97992253321
6.9992583187
7.01841386511
7.03739280281
7.05619169781
7.07479294598
7.09321426257
7.11143850631
7.12946946056
7.14729688103
7.1649320548
7.18235132744
7.19956636698
7.21656802727
7.23336775057
7.24994925581
7.26631098492
7.28245713707
7.29838691735
7.31408296444
7.32957213747
7.34482423646
7.35985137849
7.37465156699
7.38921533949
7.40354149869
7.41764134548
7.43150624771
7.44512012863
7.45849514722
7.47162838468
7.48451227698
7.49715152795
7.50954424363
7.5216810537
7.53356782652
7.54519535791
7.55657112735
7.56769154549
7.57854272731
7.58915202668
7.59949060373
7.60957196308
7.61938785807
7.62895186465
7.63824456767
7.64727672981
7.65605718841
7.66456992955
7.67280831151
7.68079217816
7.68850867153
7.69596981973
7.70316284185
7.71008564268
7.71673779897
7.72313474472
7.72926030131
7.73512204614
7.74070566338
7.7460389031
7.75109955028
7.75588137997
7.76040639325
7.76466458268
7.76865232006
7.77236796104
7.77582023965
7.77900998419
7.78193817251
7.78459189558
7.7869921065
7.78912593131
7.79100498336
7.79261999257
7.79398598298
7.79508440792
7.79593036853
7.79652504437
7.7968695641
7.79695687675
7.79679637241
7.79638356197
7.79572264154
7.79481181104
7.79366349493
7.7922677061
7.79062303798
7.78873906447
7.78661714423
7.78425037067
7.7816486091
7.77881354404
7.77573867665
7.77242893131
7.76889748264
7.76513588672
7.76114908848
7.75693730846
7.75250864638
7.74785731882
7.74300285581
7.73793106204
7.73264454656
7.72715439022
7.72145798524
7.71556853931
7.70947813047
7.70319141327
7.69670901056
7.69003028581
7.68317493876
7.67612851265
7.66889366059
7.66149015834
7.65390363682
7.64614538171
7.63820455725
7.63011149284
7.62184185
7.61341760076
7.60482331775
7.59607622459
7.58718003431
7.57813861378
7.56894729959
7.55961879727
7.55015716905
7.54055282506
7.53083719017
7.52098692955
7.51101609791
7.500935988
7.49073830219
7.4804356354
7.47002827941
7.45951395056
7.44891148859
7.4382198986
7.42744307711
7.41657136271
7.4056272628
7.39459616118
7.38350931213
7.37234356347
7.3611166792
7.34982421415
7.33847924727
7.32708630134
7.31565005174
7.3041666215
7.29265839592
7.28109945375
7.26953087787
7.25793066901
7.24631769531
7.23470203342
7.22307907252
7.21145010025
7.19982895019
7.1882206253
7.17662147322
7.16504024031
7.15349169444
7.14197588237
7.13048404756
7.11903467513
7.10763753356
7.09628755989
7.08498579441
7.07374573179
7.06257220166
7.05146140948
7.04042700403
7.02947404898
7.01860275985
7.00781968642
6.99713761536
6.98521202132
