metodo_3_dt_1:4
2.05249846306e-09
6.23608885302e-06
1.24716873903e-05
1.8708030472e-05
2.49451079125e-05
3.11829080636e-05
3.74214185195e-05
4.36606270362e-05
4.99005226185e-05
5.61410967292e-05
6.23823445513e-05
6.8624266215e-05
7.48668678922e-05
8.11101626578e-05
8.73541710306e-05
9.35989211274e-05
9.98444484126e-05
0.00010609079508
0.000112338009113
0.000118586143118
0.000124835253034
0.000131085396827
0.000137336633237
0.000143589020658
0.000149842616184
0.00015609747484
0.000162353648996
0.000168611187952
0.000174870137667
0.000181130540623
0.000187392435774
0.000193655858576
0.000199920841072
0.00020618741201
0.000212455596987
0.000218725418599
0.000224996896604
0.000231270048076
0.000237544887558
0.000243821427201
0.000250099676899
0.000256379644412
0.000262661335478
0.000268944753913
0.000275229901705
0.000281516779093
0.000287805384644
0.000294095715317
0.00030038776652
0.000306681532166
0.000312977004715
0.000319274175215
0.000325573033339
0.000331873567416
0.000338175764455
0.000344479610169
0.000350785088999
0.000357092184123
0.000363400877472
0.000369711149742
0.000376022980394
0.000382336347665
0.000388651228561
0.000394967598858
0.000401285433093
0.000407604704554
0.000413925385261
0.000420247445951
0.00042657085605
0.000432895583644
0.000439221595437
0.000445548856714
0.000451877331283
0.00045820698142
0.000464537767795
0.000470869649397
0.000477202583439
0.000483536525262
0.000489871428218
0.000496207243549
0.000502543920247
0.000508881404913
0.0005152196416
0.000521558571659
0.000527898133583
0.00053423826286
0.000540578891847
0.000546919949679
0.000553261362224
0.000559603052118
0.000565944938887
0.000572286939194
0.00057862896724
0.000584970935326
0.00059131275461
0.000597654336046
0.000603995591507
0.000610336435031
0.000616676784148
0.000623016561194
0.000629355694519
0.000635694119459
0.000642031779023
0.000648368624202
0.000654704613867
0.000661039714297
0.00066737389837
0.000673707144517
0.000680039435536
0.000686370757348
0.000692701097806
0.000699030445614
0.000705358789402
0.000711686116963
0.000718012414677
0.000724337667102
0.00073066185671
0.000736984963743
0.00074330696618
0.000749627839763
0.000755947558103
0.000762266092803
0.000768583413623
0.00077489948865
0.000781214284478
0.000787527766389
0.000793839898528
0.000800150644067
0.000806459965373
0.00081276782415
0.000819074181582
0.000825378998462
0.000831682235312
0.00083798385249
0.000844283810292
0.000850582069047
0.000856878589195
0.000863173331372
0.000869466256472
0.000875757325719
0.000882046500721
0.000888333743523
0.000894619016655
0.00090090228318
0.000907183506727
0.000913462651526
0.000919739682443
0.000926014565
0.000932287265401
0.000938557750549
0.000944825988057
0.000951091946258
0.000957355594211
0.000963616901697
0.000969875839212
0.000976132377958
0.000982386489823
0.000988638147353
0.000994887323723
0.00100113399269
0.00100737812855
0.00101361970607
0.00101985870043
0.00102609508711
0.00103232884182
0.0010385599404
0.00104478835867
0.00105101407231
0.00105723705668
0.00106345728669
0.00106967473663
0.00107588937994
0.00108210118905
0.0010883101352
0.00109451618825
0.00110071931657
0.0011069194869
0.00111311666435
0.00111931081244
0.00112550189328
0.0011316898679
0.00113787469671
0.00114405634022
0.00115023475989
0.00115640991919
0.00116258178486
0.00116875032815
0.00117491552622
0.00118107736331
0.00118723583183
0.00119339093306
0.0011995426776
0.0012056910853
0.0012118361849
0.00121797801328
0.00122411661443
0.00123025203831
0.00123638433956
0.00124251357635
0.00124863980916
0.00125476309985
0.00126088351077
0.00126700110413
0.00127311594151
0.00127922808343
0.0012853375892
0.00129144451674
0.00129754892254
0.00130365086167
0.00130975038783
0.00131584755343
0.00132194240971
0.0013280350068
0.00133412539389
0.0013402136193
0.0013462997306
0.00135238377469
0.00135846579792
0.00136454584614
0.00137062396478
0.00137670019892
0.00138277459334
0.00138884719255
0.00139491804083
0.00140098718228
0.00140705466081
0.00141312052019
0.00141918480402
0.00142524755578
0.00143130881879
0.00143736863623
0.0014434270511
0.00144948410626
0.00145553984437
0.00146159430788
0.001467647539
0.0014736995797
0.00147975047165
0.00148580025618
0.00149184897429
0.00149789666655
0.00150394337309
0.00150998913352
0.00151603398691
0.00152207797172
0.00152812112569
0.00153416348584
0.00154020508833
0.00154624596838
0.0015522861602
0.00155832569686
0.00156436461018
0.00157040293057
0.00157644068693
0.00158247790648
0.00158851461456
0.00159455083446
0.00160058658723
0.00160662189148
0.00161265676309
0.00161869121506
0.00162472525725
0.00163075889616
0.00163679213475
0.0016428249723
0.00164885740429
0.00165488942243
0.00166092101477
0.00166695216597
0.00167298285771
0.00167901306934
0.00168504277869
0.00169107196316
0.00169710060085
0.00170312867195
0.00170915616004
0.00171518305344
0.00172120934626
0.00172723503931
0.00173326014059
0.00173928466535
0.00174530863586
0.00175133208075
0.00175735503406
0.0017633775342
0.00176939962267
0.00177542134295
0.00178144273932
0.0017874638559
0.00179348473578
0.00179950542035
0.00180552594879
0.00181154635768
0.00181756668076
0.0018235869488
0.00182960718953
0.00183562742763
0.00184164768485
0.00184766798001
0.0018536883292
0.00185970874584
0.00186572924086
0.0018717498228
0.00187777049797
0.00188379127053
0.00188981214269
0.00189583311474
0.00190185418523
0.001907875351
0.00191389660735
0.00191991794803
0.00192593936542
0.00193196085053
0.00193798239308
0.0019440039816
0.00195002560341
0.00195604724476
0.00196206889081
0.00196809052569
0.00197411213256
0.0019801336936
0.00198615519011
0.00199217660246
0.00199819791017
0.00200421909193
0.00201024012558
0.00201626098816
0.00202228165591
0.00202830210428
0.00203432230794
0.00204034224077
0.00204636187584
0.00205238118545
0.00205840014104
0.00206441871323
0.00207043687177
0.00207645458548
0.00208247182222
0.00208848854882
0.00209450473103
0.00210052033339
0.0021065353192
0.00211254965033
0.00211856328716
0.00212457618838
0.00213058831086
0.00213659960946
0.00214261003687
0.00214861954335
0.00215462807659
0.0021606355815
0.00216664200002
0.00217264727099
0.00217865133006
0.00218465410972
0.00219065553938
0.00219665554561
0.00220265405261
0.00220865098281
0.00221464625766
0.00222063979875
0.00222663152897
0.00223262137388
0.00223860926315
0.00224459513188
0.00225057892188
0.00225656058258
0.00226254007167
0.00226851735538
0.00227449240824
0.00228046521265
0.00228643575802
0.00229240403972
0.00229837005803
0.00230433381692
0.00231029532302
0.00231625458458
0.00232221161065
0.00232816641042
0.00233411899265
0.00234006936528
0.00234601753521
0.00235196350808
0.00235790728824
0.00236384887874
0.00236978828137
0.00237572549671
0.00238166052428
0.00238759336264
0.00239352400951
0.00239945246191
0.00240537871629
0.00241130276862
0.00241722461458
0.00242314424959
0.00242906166896
0.00243497686799
0.00244088984203
0.00244680058659
0.00245270909737
0.00245861537037
0.00246451940193
0.00247042118879
0.00247632072809
0.0024822180175
0.00248811305516
0.00249400583978
0.00249989637062
0.00250578464752
0.00251167067095
0.00251755444197
0.00252343596226
0.00252931523414
0.00253519226053
0.00254106704497
0.0025469395916
0.00255280990515
0.00255867799091
0.00256454385471
0.00257040750288
0.00257626894223
0.00258212817995
0.00258798522365
0.00259384008118
0.00259969276067
0.00260554327037
0.00261139161857
0.00261723781353
0.00262308186331
0.00262892377565
0.00263476355784
0.00264060121651
0.00264643675744
0.00265227018539
0.00265810150384
0.00266393071476
0.00266975781834
0.00267558281275
0.00268140569386
0.00268722645501
0.00269304508676
0.00269886157677
0.00270467590968
0.00271048806712
0.00271629802789
0.00272210576826
0.00272791126251
0.00273371448365
0.00273951540437
0.00274531399823
0.00275111024091
0.00275690411164
0.00276269559454
0.00276848467984
0.0027742713649
0.0027800556549
0.0027858375631
0.00279161711076
0.00279739432667
0.0028031692464
0.00280894191125
0.00281471236717
0.00282048066358
0.00282624685224
0.00283201098623
0.00283777311903
0.00284353330379
0.00284929159268
0.0028550480365
0.00286080268427
0.00286655558302
0.00287230677767
0.00287805631094
0.00288380422334
0.00288955055317
0.0028952953366
0.00290103860773
0.00290678039866
0.00291252073958
0.00291825965886
0.00292399718314
0.00292973333743
0.00293546814515
0.00294120162823
0.00294693380718
0.00295266470115
0.00295839432799
0.00296412270429
0.00296984984542
0.00297557576561
0.00298130047794
0.00298702399441
0.00299274632592
0.00299846748236
0.00300418747256
0.00300990630438
0.00301562398464
0.00302134051921
0.00302705591298
0.00303277016986
0.0030384832928
0.00304419528378
0.00304990614381
0.00305561587292
0.00306132447015
0.00306703193356
0.00307273826017
0.00307844344598
0.00308414748589
0.00308985037374
0.00309555210221
0.0031012526628
0.00310695204576
0.00311265024006
0.00311834723327
0.00312404301149
0.00312973755927
0.00313543085947
0.00314112289314
0.00314681363936
0.00315250307509
0.00315819117497
0.0031638779111
0.00316956325285
0.0031752471666
0.00318092961551
0.00318661055923
0.00319228995371
0.00319796775095
0.00320364389885
0.00320931834109
0.00321499101716
0.0032206618625
0.00322633080876
0.00323199778436
0.0032376627152
0.00324332552558
0.00324898613941
0.00325464448152
0.00326030047909
0.00326595406309
0.00327160516962
0.00327725374103
0.00328289972672
0.0032885430836
0.00329418377614
0.003299821776
0.00330545706147
0.00331108961651
0.00331671942976
0.00332234649344
0.0033279708023
0.00333359235259
0.00333921114124
0.0033448271651
0.00335044042037
0.0033560509021
0.00336165860393
0.00336726351784
0.003372865634
0.00337846494076
0.00338406142462
0.00338965507026
0.00339524586067
0.00340083377718
0.0034064187996
0.00341200090635
0.00341758007454
0.00342315628014
0.00342872949804
0.00343429970223
0.00343986686585
0.00344543096134
0.00345099196051
0.00345654983464
0.0034621045546
0.00346765609087
0.00347320441369
0.00347874949307
0.00348429129889
0.00348982980096
0.00349536496909
0.00350089677312
0.00350642518298
0.00351195016875
0.00351747170071
0.00352298974934
0.00352850428541
0.00353401527999
0.00353952270446
0.00354502653057
0.00355052673048
0.00355602327669
0.00356151614218
0.00356700530032
0.0035724907249
0.00357797239018
0.00358345027081
0.00358892434187
0.00359439457879
0.00359986095739
0.00360532345379
0.00361078204435
0.00361623670563
0.00362168741429
0.00362713414701
0.00363257688034
0.00363801559059
0.00364345025367
0.0036488808449
0.00365430733883
0.00365972970897
0.00366514792761
0.00367056196553
0.00367597179172
0.00368137737316
0.00368677867455
0.00369217565809
0.00369756828341
0.00370295650743
0.00370834028451
0.00371371956668
0.00371909430405
0.00372446444553
0.0037298299397
0.00373519073592
0.00374054678567
0.00374589804392
0.00375124447067
0.00375658603225
0.00376192270252
0.00376725446379
0.00377258130731
0.00377790323344
0.00378322025139
0.00378853237869
0.00379383964029
0.00379914206765
0.00380443969761
0.00380973257135
0.00381502073336
0.00382030423056
0.0038255831115
0.00383085742573
0.00383612722328
0.00384139255428
0.00384665346868
0.00385191001605
0.00385716224546
0.00386241020543
0.00386765394392
0.00387289350832
0.0038781289455
0.00388336030188
0.00388858762347
0.00389381095595
0.00389903034473
0.00390424583505
0.00390945747198
0.00391466530054
0.00391986936573
0.00392506971259
0.00393026638623
0.00393545943187
0.0039406488949
0.00394583482088
0.00395101725555
0.0039561962449
0.00396137183512
0.00396654407268
0.00397171300425
0.00397687867678
0.00398204113745
0.00398720043369
0.00399235661313
0.00399750972364
0.00400265981327
0.00400780693025
0.00401295112297
0.00401809243995
0.00402323092977
0.00402836664111
0.00403349962265
0.00403862992303
0.00404375759082
0.00404888267448
0.00405400522225
0.00405912528209
0.00406424290163
0.00406935812806
0.00407447100803
0.00407958158752
0.00408468991175
0.00408979602498
0.00409489997041
0.00410000178994
0.00410510152401
0.00411019921134
0.00411529488871
0.00412038859065
0.00412548034919
0.00413057019349
0.00413565814959
0.00414074424002
0.00414582848353
0.00415091089479
0.00415599148421
0.00416107025775
0.00416614721695
0.0041712223591
0.00417629567756
0.00418136716236
0.00418643680103
0.00419150457961
0.00419657048397
0.00420163450116
0.0042066966209
0.00421175683696
0.00421681514838
0.00422187156046
0.00422692608536
0.00423197874231
0.00423702955748
0.00424207856348
0.0042471257986
0.00425217130587
0.00425721513202
0.00426225732642
0.00426729794008
0.00427233702474
0.00427737463206
0.00428241081295
0.00428744561705
0.00429247909232
0.0042975112847
0.0043025422379
0.00430757199329
0.00431260058979
0.00431762806385
0.00432265444947
0.00432767977818
0.00433270407917
0.00433772737927
0.00434274970309
0.00434777107305
0.00435279150948
0.00435781103069
0.00436282965304
0.00436784739101
0.00437286425729
0.00437788026282
0.00438289541686
0.00438790972705
0.00439292319945
0.00439793583862
0.00440294764763
0.00440795862813
0.00441296878037
0.00441797810325
0.00442298659436
0.00442799425
0.0044330010652
0.00443800703377
0.00444301214831
0.00444801640024
0.00445301977979
0.00445802227606
0.00446302387702
0.0044680245695
0.00447302433922
0.00447802317076
0.00448302104763
0.00448801795218
0.00449301386565
0.00449800876812
0.00450300263849
0.00450799545448
0.00451298719254
0.00451797782783
0.00452296733413
0.00452795568379
0.00453294284761
0.00453792879472
0.00454291349248
0.00454789690628
0.00455287899939
0.00455785973274
0.0045628390647
0.0045678169508
0.00457279334348
0.0045777681918
0.00458274144112
0.00458771303283
0.00459268290406
0.00459765098753
0.00460261721134
0.00460758149902
0.00461254376967
0.00461750393825
0.00462246191622
0.00462741761231
0.0046323709336
0.00463732178676
0.00464227007954
0.00464721572227
0.0046521586293
0.0046570987204
0.0046620359218
0.00466697016695
0.00467190139691
0.00467682956033
0.00468175461309
0.00468667651765
0.00469159524226
0.00469651075997
0.00470142304764
0.00470633208503
0.00471123785388
0.00471614033719
0.00472103951852
0.00472593538154
0.00473082790955
0.00473571708523
0.00474060289044
0.00474548530606
0.00475036431195
0.0047552398869
0.0047601120087
0.00476498065413
0.00476984579909
0.00477470741862
0.00477956548704
0.00478441997803
0.0047892708647
0.00479411811973
0.00479896171547
0.00480380162398
0.00480863781716
0.00481347026686
0.00481829894488
0.00482312382316
0.00482794487374
0.00483276206892
0.00483757538126
0.0048423847837
0.00484719024956
0.00485199175262
0.00485678926719
0.00486158276811
0.00486637223084
0.00487115763144
0.0048759389467
0.00488071615404
0.00488548923168
0.00489025815855
0.00489502291438
0.00489978347967
0.00490453983576
0.00490929196478
0.00491403984968
0.00491878347421
0.00492352282295
0.00492825788122
0.00493298863513
0.00493771507151
0.00494243717784
0.00494715494224
0.00495186835337
0.00495657740032
0.00496128207256
0.00496598235976
0.00497067825168
0.00497536973796
0.00498005680796
0.00498473945049
0.00498941765362
0.00499409140429
0.00499876068812
0.00500342548899
0.00500808578872
0.00501274156677
0.00501739279984
0.00502203946165
0.00502668152271
0.00503131895024
0.00503595170817
0.00504057975745
0.0050452030565
0.0050498215619
0.00505443522939
0.00505904401509
0.00506364787683
0.00506824677569
0.00507284067745
0.00507742955392
0.00508201338409
0.00508659215494
0.00509116586182
0.00509573450858
0.00510029810719
0.00510485667717
0.0051094102448
0.00511395884215
0.00511850250608
0.00512304127728
0.00512757519935
0.00513210431797
0.00513662868019
0.00514114833385
0.0051456633271
0.00515017370802
0.00515467952436
0.00515918082332
0.0051636776514
0.00516817005434
0.00517265807706
0.00517714176361
0.00518162115723
0.00518609630032
0.0051905672345
0.00519503400061
0.00519949663881
0.00520395518857
0.00520840968873
0.00521286017754
0.00521730669271
0.00522174927142
0.00522618795039
0.00523062276586
0.00523505375367
0.00523948094925
0.00524390438764
0.00524832410353
0.00525274013124
0.00525715250478
0.00526156125781
0.00526596642366
0.00527036803537
0.00527476612564
0.00527916072686
0.00528355187108
0.00528793959006
0.0052923239152
0.00529670487755
0.00530108250783
0.00530545683635
0.00530982789304
0.00531419570743
0.00531856030858
0.00532292172506
0.00532727998494
0.00533163511571
0.00533598714425
0.00534033609674
0.00534468199859
0.0053490248744
0.00535336474776
0.00535770164125
0.00536203557618
0.00536636657255
0.00537069464876
0.00537501982147
0.00537934210533
0.00538366151274
0.00538797805351
0.00539229173456
0.00539660255958
0.00540091052864
0.00540521563783
0.0054095178789
0.00541381723896
0.00541811370019
0.00542240723972
0.00542669782962
0.00543098543707
0.00543527002479
0.0054395515517
0.00544382997385
0.00544810524558
0.00545237732091
0.00545664615502
0.00546091170578
0.00546517393516
0.00546943281045
0.00547368830515
0.00547794039952
0.00548218908076
0.00548643434284
0.00549067618598
0.00549491461593
0.00549914964312
0.00550338128174
0.00550760954875
0.00551183446308
0.00551605604474
0.0055202743142
0.00552448929176
0.00552870099711
0.00553290944895
0.00553711466473
0.00554131666042
0.0055455154504
0.00554971104739
0.00555390346239
0.0055580927047
0.0055622787819
0.00556646169994
0.00557064146315
0.00557481807435
0.00557899153485
0.00558316184457
0.00558732900209
0.00559149300474
0.00559565384866
0.00559981152884
0.00560396603924
0.00560811737282
0.00561226552161
0.00561641047678
0.00562055222867
0.00562469076688
0.0056288260803
0.00563295815715
0.00563708698508
0.00564121255113
0.00564533484187
0.00564945384337
0.00565356954127
0.0056576819208
0.00566179096685
0.00566589666396
0.00566999899638
0.0056740979481
0.00567819350284
0.00568228564411
0.00568637435522
0.00569045961927
0.0056945414192
0.00569861973774
0.00570269455745
0.00570676586071
0.00571083362963
0.00571489784612
0.00571895849177
0.0057230155478
0.00572706899501
0.00573111881365
0.00573516498335
0.00573920748289
0.00574324629014
0.00574728138174
0.00575131273296
0.00575534031737
0.00575936410659
0.00576338406991
0.00576740017397
0.0057714123824
0.00577542065546
0.0057794249497
0.00578342521772
0.00578742140794
0.00579141346465
0.00579540132808
0.00579938493482
0.00580336421841
0.00580733911029
0.00581130954088
0.00581527544102
0.00581923674342
0.00582319338428
0.00582714530472
0.00583109245212
0.00583503478108
0.00583897225416
0.00584290484207
0.0058468325237
0.00585075528566
0.00585467312166
0.00585858603175
0.00586249402142
0.0058663971007
0.0058702952833
0.00587418858583
0.00587807702709
0.00588196062752
0.00588583940866
0.00588971339281
0.00589358260272
0.00589744706136
0.0059013067918
0.00590516181704
0.00590901216006
0.00591285784369
0.00591669889066
0.00592053532361
0.00592436716515
0.00592819443784
0.0059320171643
0.00593583536721
0.00593964906941
0.00594345829391
0.00594726306395
0.00595106340308
0.00595485933515
0.0059586508844
0.00596243807547
0.00596622093347
0.00596999948396
0.00597377375301
0.00597754376726
0.00598130955386
0.00598507114058
0.00598882855574
0.0059925818283
0.00599633098783
0.00600007606452
0.00600381708918
0.00600755409328
0.00601128710889
0.00601501616872
0.0060187413061
0.00602246255496
0.00602617994982
0.00602989352578
0.00603360331846
0.00603730936403
0.00604101169911
0.00604471036077
0.00604840538644
0.0060520968139
0.00605578468114
0.00605946902634
0.0060631498877
0.00606682730338
0.00607050131133
0.00607417194912
0.00607783925378
0.00608150326154
0.00608516400763
0.00608882152593
0.00609247584873
0.0060961270063
0.00609977502655
0.00610341993459
0.0061070617523
0.00611070049793
0.00611433618561
0.00611796882509
0.00612159842137
0.00612522497462
0.00612884848018
0.00613246892883
0.0061360863073
0.00613970059904
0.00614331178531
0.00614691984644
0.00615052476329
0.00615412651879
0.00615772509941
0.00616132049648
0.00616491270721
0.00616850173545
0.00617208759202
0.00617567029466
0.00617924986775
0.00618282634168
0.0061863997521
0.00618997013902
0.00619353754596
0.00619710201904
0.00620066360614
0.00620422235622
0.00620777831867
0.00621133154276
0.00621488207722
0.0062184299699
0.00622197526753
0.00622551801545
0.00622905825754
0.00623259603608
0.0062361313917
0.00623966436333
0.0062431949882
0.00624672330187
0.00625024933818
0.00625377312933
0.00625729470589
0.00626081409682
0.00626433132955
0.00626784642995
0.00627135942241
0.00627487032988
0.00627837917388
0.00628188597455
0.00628539075068
0.00628889351972
0.00629239429786
0.00629589309999
0.00629938993978
0.00630288482968
0.00630637778094
0.00630986880365
0.00631335790674
0.00631684509802
0.00632033038419
0.00632381377082
0.00632729526244
0.00633077486247
0.00633425257329
0.00633772839624
0.00634120233159
0.00634467437858
0.0063481445354
0.00635161279922
0.00635507916611
0.00635854363111
0.00636200618814
0.00636546683001
0.00636892554835
0.00637238233358
0.00637583717485
0.00637929005991
0.00638274097506
0.006386189905
0.00638963683268
0.00639308173912
0.0063965246032
0.00639996540143
0.00640340410761
0.00640684069259
0.00641027512384
0.0064137073651
0.00641713737594
0.00642056511139
0.00642399052147
0.00642741355088
0.00643083413869
0.00643425221818
0.00643766771685
0.00644108055669
0.0064444906546
0.00644789792321
0.00645130227187
0.00645470360804
0.00645810183867
0.00646149687185
0.00646488861834
0.00646827699295
0.0064716619158
0.00647504331308
0.00647842111758
0.00648179526883
0.00648516571288
0.00648853240183
0.0064918952932
0.00649525434913
0.0064986095356
0.00650196082158
0.0065053081783
0.00650865157854
0.00651199099608
0.00651532640516
0.00651865778011
0.00652198509503
0.00652530832355
0.00652862743865
0.00653194241257
0.00653525321672
0.00653855982165
0.00654186219705
0.00654516031179
0.00654845413392
0.00655174363075
0.00655502876892
0.00655830951444
0.00656158583274
0.00656485768882
0.00656812504725
0.0065713878723
0.00657464612798
0.00657789977813
0.00658114878648
0.00658439311673
0.00658763273263
0.00659086759802
0.00659409767692
0.00659732293359
0.00660054333258
0.0066037588388
0.00660696941758
0.00661017503471
0.00661337565652
0.00661657124989
0.00661976178236
0.00662294722212
0.00662612753808
0.0066293026999
0.00663247267807
0.00663563744389
0.00663879696952
0.00664195122803
0.00664510019341
0.00664824384056
0.00665138214534
0.00665451508456
0.00665764263595
0.00666076477819
0.00666388149081
0.0066669927542
0.00667009854955
0.0066731988587
0.00667629366411
0.00667938294868
0.00668246669556
0.00668554488803
0.00668861750918
0.00669168454165
0.00669474596733
0.00669780176698
0.00670085191981
0.00670389640309
0.00670693519166
0.00670996825751
0.00671299556936
0.0067160170923
0.00671903278761
0.00672204261262
0.00672504652091
0.00672804446268
0.00673103638544
0.00673402223496
0.00673700195654
0.00673997549639
0.00674294280323
0.00674590382981
0.00674885853439
0.00675180688191
0.00675474884492
0.00675768440414
0.00676061354865
0.00676353627575
0.00676645259053
0.00676936250529
0.00677226603873
0.00677516321518
0.00677805406375
0.00678093861757
0.00678381691305
0.00678668898922
0.00678955488722
0.00679241464985
0.00679526832113
0.00679811594605
0.00680095757032
0.0068037932402
0.00680662300232
0.00680944690363
0.00681226499133
0.00681507731279
0.00681788391554
0.00682068484728
0.00682348015583
0.00682626988919
0.00682905409549
0.00683183282306
0.00683460612038
0.00683737403616
0.0068401366193
0.00684289391893
0.00684564598443
0.0068483928654
0.00685113461174
0.00685387127357
0.00685660290132
0.00685932954566
0.00686205125757
0.00686476808829
0.00686748008935
0.00687018731256
0.00687288981
0.00687558763402
0.00687828083724
0.00688096947252
0.00688365359298
0.00688633325198
0.00688900850307
0.00689167940004
0.00689434599685
0.0068970083476
0.00689966650656
0.00690232052808
0.0069049704666
0.00690761637655
0.00691025831236
0.00691289632836
0.00691553047873
0.00691816081738
0.00692078739789
0.00692341027335
0.00692602949623
0.00692864511822
0.00693125718999
0.00693386576101
0.00693647087922
0.00693907259073
0.00694167093948
0.00694426596682
0.00694685771105
0.00694944620695
0.00695203148529
0.00695461357232
0.00695719248927
0.00695976825194
0.0069623408704
0.00696491034879
0.00696747668543
0.00697003987304
0.00697259989939
0.00697515674815
0.00697771040006
0.00698026083435
0.0069828080302
0.00698535196838
0.00698789263266
0.00699043001112
0.00699296409713
0.00699549488996
0.0069980223951
0.00700054662419
0.00700306759469
0.00700558532934
0.00700809985544
0.0070106112041
0.00701311940945
0.00701562450783
0.00701812653715
0.00702062553619
0.0070231215441
0.0070256145999
0.00702810474211
0.00703059200848
0.00703307643568
0.00703555805916
0.00703803691301
0.00704051302985
0.00704298644079
0.00704545717534
0.00704792526147
0.00705039072553
0.00705285359231
0.00705531388502
0.00705777162536
0.00706022683353
0.00706267952824
0.00706512972679
0.00706757744507
0.00707002269764
0.00707246549772
0.00707490585728
0.00707734378703
0.00707977929649
0.00708221239404
0.00708464308692
0.00708707138129
0.00708949728226
0.00709192079394
0.00709434191946
0.00709676066101
0.00709917701986
0.00710159099643
0.00710400259028
0.00710641180018
0.00710881862411
0.00711122305929
0.00711362510224
0.00711602474878
0.00711842199405
0.00712081683253
0.00712320925808
0.00712559926393
0.00712798684267
0.0071303719863
0.00713275468617
0.00713513493296
0.00713751271667
0.00713988802658
0.00714226085112
0.00714463117783
0.00714699899323
0.00714936428267
0.00715172703012
0.00715408721799
0.00715644482682
0.00715879983499
0.00716115221835
0.00716350194982
0.00716584899894
0.00716819333137
0.00717053490845
0.00717287368667
0.0071752096173
0.00717754264602
0.00717987271278
0.00718219975177
0.00718452369172
0.00718684445647
0.00718916196576
0.00719147613649
0.00719378688401
0.00719609412373
0.00719839777274
0.00720069775134
0.00720299398443
0.00720528640258
0.00720757494283
0.00720985954908
0.00721214017223
0.00721441676987
0.00721668930593
0.00721895775004
0.00722122207682
0.0072234822652
0.00722573829769
0.00722799015969
0.00723023783892
0.00723248132491
0.0072347206085
0.00723695568154
0.00723918653657
0.00724141316658
0.00724363556487
0.00724585372489
0.00724806764018
0.00725027730432
0.00725248271088
0.00725468385343
0.00725688072553
0.00725907332078
0.00726126163283
0.00726344565541
0.00726562538241
0.00726780080787
0.00726997192606
0.00727213873153
0.00727430121913
0.00727645938409
0.00727861322204
0.00728076272906
0.00728290790173
0.00728504873719
0.00728718523313
0.00728931738787
0.00729144520039
0.00729356867036
0.00729568779816
0.00729780258495
0.00729991303265
0.00730201914402
0.00730412092264
0.00730621837296
0.00730831150031
0.00731040031095
0.00731248481202
0.00731456501164
0.00731664091885
0.00731871254365
0.00732077989698
0.00732284299075
0.00732490183779
0.00732695645187
0.00732900684762
0.00733105304055
0.00733309504693
0.00733513288379
0.00733716656875
0.00733919611999
0.00734122155603
0.00734324289561
0.00734526015745
0.00734727336001
0.00734928252119
0.00735128765797
0.00735328878603
0.0073552859193
0.00735727906941
0.00735926824525
0.00736125345232
0.00736323469225
0.00736521196223
0.00736718525464
0.00736915455672
0.00737111985048
0.00737308111286
0.00737503831614
0.00737699142868
0.007378940416
0.00738088524203
0.00738282587065
0.00738476226723
0.00738669440016
0.00738862224225
0.00739054577186
0.00739246497365
0.00739437983912
0.00739629036668
0.00739819656148
0.00740009843504
0.00740199600461
0.00740388929251
0.0074057783254
0.00740766313352
0.00740954375001
0.00741142021027
0.00741329255138
0.0074151608116
0.00741702502998
0.00741888524598
0.00742074149918
0.00742259382909
0.00742444227495
0.00742628687555
0.00742812766919
0.00742996469355
0.00743179798566
0.00743362758184
0.00743545351769
0.00743727582806
0.00743909454707
0.00744090970808
0.0074427213437
0.00744452948583
0.00744633416561
0.0074481354135
0.00744993325925
0.00745172773192
0.00745351885991
0.00745530667096
0.00745709119217
0.00745887245003
0.0074606504704
0.00746242527855
0.00746419689918
0.00746596535642
0.00746773067382
0.00746949287442
0.00747125198073
0.00747300801472
0.00747476099789
0.00747651095123
0.00747825789524
0.00748000184996
0.00748174283497
0.00748348086939
0.00748521597186
0.00748694816061
0.00748867745337
0.00749040386743
0.00749212741958
0.00749384812612
0.00749556600281
0.00749728106481
0.00749899332666
0.00750070280216
0.00750240950429
0.00750411344509
0.0075058146355
0.00750751308512
0.00750920880207
0.00751090179262
0.00751259206088
0.00751427960846
0.00751596443398
0.00751764653258
0.00751932589542
0.00752100250909
0.00752267635504
0.00752434740908
0.00752601564087
0.00752768101363
0.00752934348394
0.00753100300188
0.00753265951135
0.00753431295082
0.00753596325426
0.00753761035247
0.00753925417455
0.00754089464951
0.00754253170781
0.00754416528287
0.00754579531225
0.00754742173858
0.00754904451014
0.00755066358112
0.00755227891153
0.00755389046694
0.00755549821795
0.00755710213962
0.00755870221078
0.00756029841337
0.00756189073178
0.00756347915229
0.00756506366245
0.00756664425071
0.00756822090598
0.0075697936173
0.0075713623736
0.00757292716348
0.00757448797506
0.00757604479588
0.00757759761276
0.00757914641182
0.0075806911784
0.00758223189707
0.00758376855164
0.00758530112514
0.00758682959989
0.0075883539575
0.00758987417894
0.00759139024455
0.00759290213411
0.00759440982686
0.00759591330159
0.00759741253665
0.00759890751005
0.00760039819945
0.00760188458228
0.00760336663573
0.00760484433686
0.0076063176626
0.00760778658986
0.00760925109554
0.00761071115657
0.00761216675003
0.00761361785313
0.0076150644433
0.00761650649824
0.00761794399594
0.00761937691478
0.00762080523352
0.00762222893142
0.00762364798819
0.00762506238413
0.0076264721001
0.00762787711758
0.00762927741872
0.00763067298633
0.00763206380391
0.00763344985565
0.00763483112647
0.00763620760191
0.00763757926817
0.00763894611201
0.00764030812068
0.00764166528178
0.00764301758313
0.00764436501253
0.00764570755756
0.00764704520525
0.00764837794172
0.00764970575178
0.00765102861843
0.00765234652234
0.00765365944131
0.00765496734967
0.00765627021769
0.00765756801117
0.00765886069094
0.00766014821275
0.00766143052722
0.00766270758016
0.00766397931321
0.00766524566474
0.00766650657112
0.00766776196813
0.0076690117926
0.00767025598397
0.00767149448582
0.00767272724712
0.00767395422327
0.00767517537672
0.00767639067735
0.00767760010247
0.0076788036366
0.00768000127101
0.00768119300324
0.0076823788364
0.00768355877853
0.00768473284198
0.00768590104281
0.00768706340019
0.007688219936
0.00768937067434
0.00769051564124
0.00769165486431
0.00769278837255
0.00769391619613
0.00769503836623
0.00769615491496
0.00769726587522
0.00769837128069
0.00769947116572
0.00770056556533
0.00770165451519
0.00770273805159
0.00770381621144
0.00770488903228
0.00770595655226
0.00770701881015
0.00770807584538
0.007709127698
0.0077101744087
0.00771121601887
0.00771225257054
0.00771328410641
0.00771431066989
0.00771533230508
0.00771634905676
0.00771736097046
0.0077183680924
0.00771937046952
0.0077203681495
0.00772136118075
0.00772234961241
0.00772333349438
0.00772431287728
0.00772528781248
0.00772625835211
