metodo_2_dt_1:4
2.15492411701e-06
0.00591097676785
0.00591168535834
0.00591140050027
0.00591163000723
0.00591155241583
0.00591370307599
0.00591230047511
0.00591217758118
0.00591310276657
0.00591315438106
0.00591415072739
0.00591411797993
0.00591608893999
0.0059168504161
0.00591701334601
0.00591571881165
0.00591538608144
0.00591657109132
0.00591621695249
0.005917222564
0.00591703103214
0.00591631574763
0.0059164298182
0.00591670497487
0.00591648743589
0.00591769501732
0.00591879697934
0.00591867926294
0.0059192814927
0.00591980085025
0.00592030765409
0.00592032466018
0.00591972815254
0.00592146221393
0.00592187074844
0.00592146001447
0.00592072032296
0.00592003367263
0.00592104338354
0.00592035624801
0.00592092527908
0.00592138988583
0.005923247351
0.00592138463374
0.00592268291033
0.0059230928862
0.00592392858579
0.00592434493361
0.0059245644172
0.00592479148717
0.00592414764453
0.00592425852743
0.00592325863162
0.00592383743537
0.00592376409468
0.00592483988046
0.00592478729319
0.00592391274597
0.00592484222552
0.0059245289557
0.00592574759128
0.00592612546505
0.00592657758381
0.00592856729993
0.00592745296313
0.00592766810886
0.00592736839031
0.00592738409983
0.00592723991839
0.00592820514238
0.00592859462744
0.0059279466294
0.00592755795947
0.00592673184161
0.0059272101285
0.00592756018427
0.00592813411671
0.00592982616888
0.00592955605948
0.00592916099855
0.00592889807731
0.00592973773092
0.00592892977656
0.00593014020743
0.0059305794268
0.00592961864299
0.00592921466889
0.00592915067027
0.00592820581317
0.00592930412782
0.00592985581648
0.00593044589383
0.00593001658857
0.00592990134309
0.00592975907294
0.00593046219781
0.00593122458472
0.0059322272431
0.0059319859146
0.00593217328094
0.00593217316075
0.0059313590986
0.00593113720754
0.00592991627506
0.00593150520508
0.00593191658126
0.00593135455655
0.00593147739065
0.00593064890947
0.00593098818736
0.00593108724713
0.00593199090094
0.00593259580393
0.00593335779833
0.00593267165879
0.00593225142981
0.0059316634122
0.00593055557272
0.00593047174441
0.00592939508584
0.00592850457563
0.00592648147541
0.0059245522689
0.00592279912493
0.00592054392496
0.00591927183414
0.00591770352914
0.00591599018997
0.00591308657163
0.00591044798108
0.00590721387223
0.00590386438049
0.00590090933218
0.00589755948624
0.00589456334911
0.00588997923331
0.00588556292923
0.00588053714936
0.00587538797352
0.00587151224658
0.00586652056876
0.00586248161334
0.00585705582685
0.0058516158609
0.00584638579271
0.00584094990569
0.00583532738708
0.00582955511215
0.00582438031729
0.00581748177597
0.00581135867411
0.00580401752754
0.00579639865637
0.00578927680972
0.00578221954991
0.00577480328135
0.00576671733631
0.00575928645102
0.00575080169232
0.00574314387213
0.00573478085024
0.00572720026945
0.00571944144285
0.00571080696714
0.00570243738538
0.00569227339775
0.00568315153992
0.00567339989351
0.00566371592618
0.00565430941592
0.00564454339778
0.005634928385
0.00562344183652
0.005613571076
0.00560256042976
0.00559279472858
0.00558232795363
0.00557189733931
0.00556131122633
0.00554939975977
0.00553785261109
0.00552682068031
0.00551486222616
0.00550488235272
0.00549274164207
0.00548011775103
0.00546706766419
0.00545434278106
0.00544099440904
0.00542869356182
0.00541649108134
0.00540446356091
0.00539188751408
0.00537782359673
0.00536480565913
0.00535120554879
0.00533843140799
0.005325588691
0.00531137695757
0.00529714501487
0.00528520451963
0.00526878255099
0.00525429438451
0.00524044159161
0.00522580449858
0.005211498585
0.00519720282986
0.00518284121114
0.00516627619013
0.00515212447445
0.00513745805048
0.00512278224034
0.00510850612873
0.00509406404073
0.00507825620481
0.00506173015659
0.00504782043517
0.00503032249275
0.00501505117833
0.00500111011283
0.00498452639888
0.00496782336226
0.00495132272446
0.00493542020395
0.00491944349176
0.00490287553979
0.00488677722435
0.00487336116611
0.00485517475911
0.00483989171088
0.00482519560311
0.00480697930303
0.00479068862067
0.00477466548081
0.0047594154302
0.00474393760888
0.00472510691301
0.0047077962519
0.00468971278896
0.00467375344418
0.00465912270827
0.00464376382312
0.00462652723671
0.00460926847368
0.00459275813733
0.00457715266843
0.00456187524402
0.00454465338068
0.00453532223311
0.00451247575327
0.00449672981716
0.0044756234458
0.00446564189084
0.00444165447575
0.00443023459924
0.00441320817597
0.00440384958559
0.00437925630025
0.00436720966623
0.0043484406347
0.00434277031887
0.00432274577439
0.00430562266985
0.00429202737029
0.00427692826099
0.00426423619724
0.00424929514804
0.00423370724398
0.00421711512749
0.00420831213408
0.00419256683459
0.00418095957353
0.00416284647333
0.00415104865631
0.00413282986759
0.00411960900561
0.00411438873574
0.00410178956216
0.00408820931436
0.00407368266192
0.00406525313764
0.00405619177165
0.00403982011443
0.00402340747999
0.00401317859811
0.00400209881811
0.00399000609279
0.00398382595147
0.0039700639357
0.00396245830189
0.00395539135075
0.00394723517033
0.0039387167622
0.00393641385862
0.00391900016784
0.00390766196418
0.00390985351619
0.00390505572808
0.00389939058293
0.00388594121982
0.00388563997351
0.00387683759433
0.00387507245555
0.00387099197365
0.00386746503616
0.00386347527859
0.00385727728465
0.00385865876678
0.00385181225298
0.00384954927577
0.00384736576346
0.00384598381268
0.00384981242405
0.003854126942
0.00384961837897
0.00385015979008
0.00384993221132
0.00385436302811
0.0038551204746
0.00386484740821
0.00387103499262
0.00387222248993
0.00387420604054
0.00387945939696
0.00388516760012
0.00389177853641
0.00390302644403
0.00390589506366
0.00391866645133
0.00392655692268
0.00393418753651
0.00394553750618
0.00395766104857
0.00397130901254
0.00397894570112
0.00398724155819
0.00400898470317
0.0040188390659
0.00403382870275
0.00404775379549
0.0040555834176
0.00407623334452
0.0040982211688
0.00411208100229
0.00412796836548
0.00414516218087
0.00416353166207
0.00418529669009
0.00419862649831
0.00422436710393
0.00424214010558
0.00427120673862
0.00429181868196
0.00431333317951
0.004337636124
0.00436346344703
0.00438136368492
0.00441131303254
0.00443297817971
0.00445590373549
0.00448954932951
0.00451674207518
0.00453452213595
0.00456584134664
0.00459843231861
0.00462232007318
0.00465779206871
0.00468499482713
0.00471375834314
0.00474454004697
0.00477655892319
0.00481089741941
0.00484602361266
0.00488293424873
0.00490980046696
0.00493976467159
0.00498186257028
0.00501538121123
0.00504891110622
0.005085758727
0.00512474858457
0.00515379177495
0.0051954738651
0.00522748510041
0.00525052681523
0.0052730629305
0.00528969185142
0.00530525027788
0.00531987858481
0.00532786133275
0.00533530715743
0.00533345107794
0.00533439731297
0.0053263798725
0.00531709527903
0.00530686205696
0.00529022146475
0.00526398572315
0.00523741908125
0.00521379743719
0.0051813067001
0.00514741451904
0.0051122253954
0.00507060855297
0.00501934468148
0.00497613307369
0.00491394500749
0.00486479388002
0.00479637972409
0.00473564682374
0.00466905026227
0.00459703660627
0.00452002309149
0.00444205581398
0.00436010219238
0.00427200823021
0.00418764233328
0.00409293902008
0.00400260787357
0.00389751658024
0.00379675938203
0.00369546301602
0.0035849923093
0.00347897185838
0.00335769838096
0.00324165952828
0.00312490613033
0.00300616955538
0.00288162789083
0.00275636804872
0.00263162368719
0.00250690343293
0.00237711015725
0.00224922510358
0.00212522513599
0.00201070788104
0.0018920565945
0.00178579572568
0.00168383373249
0.0015986743038
0.00153130301077
0.00147411201425
0.00145243095092
0.00145094000006
0.00147635654237
0.00153099411357
0.00161085298799
0.00172195309317
0.00184608256096
0.00199154733862
0.00215172670787
0.00233000824383
0.00251856547506
0.0027227381296
0.00292499713562
0.00314091973403
0.00337030956555
0.0036027526379
0.00383964414047
0.00407916261972
0.00433212416387
0.00458633563315
0.00484225819704
0.0051098590111
0.00537875097702
0.00565897332905
0.00593008598216
0.00622437717729
0.00650845789908
0.00680647644755
0.00710321982201
0.00740099524047
0.00771004882764
0.00802132141171
0.0083343257361
0.00865864004382
0.00898058893983
0.00930778091683
0.00963209321056
0.00997092599625
0.0103079468904
0.0106595462166
0.0110001979694
0.0113601836039
0.0117129407111
0.0120663843076
0.0124308236594
0.0128059749913
0.0131745574729
0.0135538342472
0.0139306099454
0.0143135604143
0.014706094749
0.0150961630819
0.0154920418195
0.0158859642274
0.0162946136723
0.0167005662452
0.0171084935561
0.017530257618
0.0179493415905
0.0183698715102
0.0187975732417
0.0192313199191
0.0196669702524
0.0201046430419
0.0205478591827
0.02099715615
0.0214479268025
0.0219013801879
0.0223564203247
0.0228221667687
0.0232943783708
0.0237629963198
0.0242331455529
0.0247133437113
0.025187498933
0.025671991069
0.0261721212724
0.026660706118
0.0271594747504
0.0276598371991
0.0281616537132
0.0286799091112
0.0291863239578
0.0297037748426
0.0302279193902
0.0307487935781
0.0312796796707
0.0318167536909
0.0323516158732
0.0328930001
0.033431800122
0.0339859130119
0.0345333064128
0.0350856560447
0.0356530865187
0.0362147484583
0.0367782940021
0.0373530434249
0.0379296249244
0.0385084211072
0.0390884967158
0.0396786073474
0.0402712748011
0.0408623898501
0.0414593730929
0.0420716843615
0.0426725904717
0.043288313272
0.0438918751183
0.044511604219
0.0451333918684
0.0457578646328
0.0463926408555
0.0470216335451
0.0476603342517
0.0483061117453
0.0489489160793
0.0495992676037
0.0502468471946
0.0509099519214
0.0515673182365
0.0522341616995
0.0529027000299
0.0535732329274
0.0542460754867
0.0549352070689
0.0556124567886
0.0563063655584
0.0569932514146
0.0576904530686
0.0583896498062
0.0590914885284
0.0598041582703
0.0605161311347
0.0612254583934
0.0619499283551
0.0626763002958
0.0633960625384
0.0641266849988
0.0648595871886
0.0656001771265
0.0663462160451
0.0670911025288
0.0678380290777
0.06859480144
0.0693462650366
0.0701083138314
0.0708784490077
0.071651542473
0.0724206633193
0.0731975897911
0.0739817126026
0.0747629971282
0.0755464166864
0.0763461198488
0.0771403742433
0.0779445591128
0.0787426169638
0.079555942832
0.0803722260419
0.0811848417536
0.0819978646846
0.0828276027116
0.0836537333324
0.0844878954385
0.0853176451123
0.0861563168963
0.0870110464689
0.0878545824083
0.088706579102
0.0895549861424
0.0904192953739
0.0912828389411
0.0921432917738
0.0930197001957
0.0938909508965
0.0947726669495
0.0956490864193
0.0965415666187
0.0974356099412
0.0983246436695
0.0992238244299
0.100118089312
0.101028776571
0.101942387352
0.102850053858
0.103773250324
0.10469302017
0.105613009576
0.106543811957
0.1074829481
0.108411130192
0.109355275959
0.110307272267
0.111247888893
0.112204805313
0.11315698438
0.11411937324
0.115085142163
0.116051331933
0.117027283351
0.117997816411
0.118976868502
0.119966669146
0.120950839473
0.121946131086
0.122941802628
0.123939461525
0.124939270594
0.125949261101
0.126960714826
0.127974489754
0.128991855636
0.130017702473
0.131045882594
0.132076175262
0.133107746739
0.134143564768
0.13519440481
0.136234709085
0.137291162694
0.138342252709
0.139402782105
0.140464644551
0.141529179715
0.142596073815
0.143666464264
0.14474559026
0.145827319454
0.14691730286
0.148010210819
0.149098229553
0.150202925059
0.151297058487
0.152400146243
0.153519959258
0.15463379952
0.155750482011
0.15686202247
0.15799018189
0.159121589436
0.160254551338
0.161390251484
0.162535058741
0.163675358157
0.164824686298
0.165976872256
0.16713145478
0.168296457601
0.169456889585
0.170633058187
0.171804786792
0.172978809402
0.174162305596
0.175341326812
0.176530731799
0.177722132502
0.178915103783
0.180117697872
0.181322525546
0.182530356355
0.183740405019
0.184961168663
0.186177522786
0.187402461992
0.188630461358
0.18986749646
0.191100317726
0.192335870202
0.193581599232
0.194830165079
0.196080557874
0.197340510477
0.198602092895
0.199859946555
0.201127129171
0.202404710976
0.203677916598
0.204953286195
0.206238339139
0.207525784299
0.208816503296
0.210109379279
0.211412948848
0.212712560664
0.21402137155
0.215339671632
0.216653053221
0.217969520827
0.219295190689
0.220617409519
0.221956555221
0.223291025412
0.224627753523
0.225974157058
0.227316585481
0.228668412489
0.230024233465
0.231382875959
0.23275154201
0.234115484638
0.23548193275
0.236865554527
0.238244386755
0.239627029829
0.241012441744
0.242407866647
0.243805399191
0.245205588992
0.246601640892
0.248007166189
0.249423622744
0.250843124348
0.25225890562
0.25368401442
0.255105072534
0.256543187782
0.257976829278
0.259414334709
0.260861870888
0.262305758209
0.263765927738
0.265214878074
0.266673636428
0.268142071942
0.269607071473
0.27107519558
0.272554052962
0.274034999179
0.275519393131
0.2770068175
0.278496759813
0.279997731772
0.281495158109
0.283003158528
0.284513601564
0.286020325936
0.287536795587
0.289056044256
0.290585659364
0.292111731451
0.293648703438
0.295180960862
0.296723723178
0.298262171072
0.299817777689
0.301362864655
0.302925698403
0.304485560566
0.30605514585
0.307621263548
0.30919720151
0.310769496956
0.312351921162
0.313945307049
0.315528203243
0.31712151063
0.318724678602
0.320323483742
0.321926163838
0.323538882681
0.325155388026
0.326768944617
0.328392689772
0.330020479474
0.331650842097
0.333277930477
0.334922467358
0.336563416106
0.338208794823
0.339864513136
0.341524134156
0.343178710441
0.344844915783
0.346513414202
0.348179150163
0.349855915028
0.351536797002
0.353220740708
0.354908373764
0.356599447854
0.358300487554
0.359998990888
0.361702087485
0.363408656218
0.365119220659
0.366840124068
0.368564289059
0.370284187357
0.372008988219
0.373744724682
0.375491646003
0.377220802547
0.378974552348
0.3807251418
0.382471684835
0.384237406007
0.385992527906
0.387766939332
0.389537798827
0.391305412491
0.393090333885
0.394872592404
0.396644459971
0.398411915319
0.400183305746
0.401936853755
0.403685782108
0.405431340569
0.407171604813
0.408901253947
0.410627862337
0.412344555907
0.414056164357
0.415764827508
0.417460963196
0.419161206158
0.420842927383
0.422521607695
0.424196613936
0.425867846665
0.42753454487
0.429183597146
0.430835237936
0.432481965874
0.434117771853
0.435743577351
0.437365698949
0.438983409321
0.440597590064
0.442200638795
0.443798710512
0.445393873096
0.44697912891
0.448559230537
0.450128717927
0.451694541734
0.453263275764
0.454812588646
0.45635885983
0.457901141701
0.459433732771
0.460967980138
0.462484517404
0.464004151322
0.465512148272
0.467015626104
0.46851688991
0.470007133133
0.47149299778
0.472975301114
0.474446850578
0.475914470948
0.477377506364
0.478830185245
0.480277993467
0.481722928817
0.48315632227
0.484586826132
0.486011487462
0.487425468499
0.488843050562
0.490243861034
0.491646279712
0.493039223933
0.494427765856
0.495804450743
0.49717847058
0.49854807332
0.499907199351
0.501269540764
0.502622387094
0.503962784053
0.505305160918
0.506630718277
0.507959528266
0.509284140904
0.510599733324
0.511902485123
0.513208762403
0.514511178838
0.515803072507
0.517084263073
0.518363417805
0.519637865345
0.520907554737
0.522168502517
0.523423776308
0.524682319771
0.525915895312
0.527161440213
0.528388095577
0.529618008981
0.530845231286
0.53205299966
0.53327201712
0.534472275537
0.535670840694
0.536864710034
0.538049999469
0.539236984367
0.540406588247
0.541579436546
0.542741334277
0.543906385994
0.54506048224
0.546206646792
0.547351823518
0.548487685898
0.54962298283
0.550749179429
0.551867722253
0.552985234768
0.554095176378
0.555196413272
0.556296684095
0.557388567249
0.558478793799
0.559562026153
0.560644901602
0.561719022813
0.562784896224
0.563842014571
0.564906252755
0.565952997201
0.567000511866
0.568039269873
0.569078536513
0.570108444365
0.571130650659
0.572152220488
0.573172358415
0.574177673476
0.575182403288
0.576187209459
0.577183945819
0.578172568496
0.579159781537
0.580138286508
0.5811174123
0.582088139261
0.583051027329
0.584013072584
0.584967844886
0.585921258081
0.586866237618
0.58780345522
0.588741156732
0.589671282452
0.590600843381
0.591523480434
0.592444233378
0.593357311339
0.594262453464
0.595168179726
0.596073981559
0.5969636037
0.597853484881
0.598742073298
0.599623075076
0.600496063766
0.601369326728
0.60223567514
0.603101783246
0.603960716815
0.604818687426
0.605668761505
0.606511477304
0.607354747076
0.608190454757
0.609026659493
0.609855023826
0.610683067368
0.611503805755
0.612323446449
0.613128955803
0.613941685569
0.614748097105
0.615546858547
0.616345696476
0.617136279884
0.617919513638
0.618704446096
0.619489031438
0.620267026195
0.621038088777
0.621808810212
0.622572545585
0.623335180867
0.624091849135
0.624848665808
0.625598398703
0.62634945169
0.627092824068
0.627828732288
0.628564352743
0.629293708926
0.630024119929
0.630755535564
0.631472618175
0.632197715819
0.632907912034
0.633618550757
0.634330554243
0.63503534019
0.635741192525
0.636440840674
0.637132891242
0.637825816116
0.638518603076
0.639198405655
0.639885650732
0.640567316443
0.641242389476
0.641918831698
0.642588311933
0.643258129939
0.643922148748
0.644587059775
0.64524613451
0.645898813718
0.646552931707
0.647207551151
0.647855076259
0.648504124567
0.649146692244
0.649783673597
0.650421786537
0.651061766975
0.651695101932
0.652321786072
0.652950267354
0.65358002015
0.654197202616
0.654823023036
0.65544338559
0.656057629767
0.656672703371
0.657281824168
0.657892300562
0.658505389768
0.659111674879
0.65971364283
0.66031646928
0.660913162438
0.661511343992
0.662104047918
0.662698991496
0.663296213278
0.663888900713
0.664474832906
0.665062957333
0.665645292725
0.666229637596
0.66681615076
0.667397793376
0.667974298135
0.668552761163
0.669125019934
0.66969936019
0.670276011299
0.670847832803
0.671414578527
0.671984426913
0.672556024975
0.673122635992
0.67369151337
0.674255292477
0.674815111507
0.675376542167
0.675941793975
0.6765019041
0.677064236449
0.677620978017
0.678180551317
0.678735504468
0.679293049226
0.679853844383
0.680403053171
0.68096258988
0.681516196367
0.682066846919
0.682619472727
0.683175132775
0.683727997454
0.684283642054
0.684834440579
0.685380869852
0.685936808028
0.686482325204
0.687037903039
0.687589986667
0.688137613309
0.6886889783
0.689242413585
0.689792707542
0.69033841607
0.690888567041
0.691442359848
0.691993093893
0.692546423145
0.693096128292
0.693649642735
0.694206173615
0.694759112736
0.695309646193
0.695864138685
0.69642125432
0.696975036992
0.697531962848
0.698086273944
0.6986440757
0.699206407521
0.69976594689
0.700322681723
0.700883296625
0.701447319897
0.70200839621
0.702573984395
0.703143434116
0.703711189878
0.704276283893
0.704843945145
0.705416439816
0.705986220461
0.706559895629
0.707137564211
0.707714813607
0.708289071191
0.708873609606
0.709449736738
0.710036499318
0.71062117399
0.71120459306
0.711792894534
0.712386366556
0.712976999755
0.71357191406
0.714161883259
0.714765454778
0.715363270114
0.715966124186
0.716571238558
0.717180296415
0.717783621098
0.718397341063
0.719007931908
0.719628866973
0.720247581619
0.720868990226
0.721487117676
0.722121428831
0.722746482046
0.723380622831
0.724019251422
0.724647824698
0.725287161549
0.725937519892
0.72657612057
0.727225878905
0.727878813249
0.728536841035
0.729199093907
0.729858770937
0.730522059928
0.731187844598
0.731859475315
0.732534476742
0.733220903171
0.73389766004
0.734580302648
0.735272476805
0.735969534686
0.736656460007
0.737354906577
0.738065117804
0.738771450813
0.739484280238
0.740195662491
0.740915560788
0.741642291617
0.742367117928
0.743101595561
0.74382944588
0.744575524092
0.745320512897
0.746068531262
0.746815380143
0.747574194233
0.74833723088
0.749099211514
0.749874223146
0.75064548066
0.751423072176
0.752213704038
0.752994516871
0.753788498975
0.75458712667
0.755385665605
0.756202953478
0.757013478481
0.757834080804
0.758653524397
0.759472657701
0.76031002735
0.761147606999
0.761993611353
0.762840197225
0.76369508113
0.764549145438
0.765408449857
0.766281068567
0.767159577189
0.768038470088
0.76892194114
0.769819215543
0.770707509984
0.771609969299
0.772520973605
0.773434337298
0.774356915976
0.775279431311
0.776207041474
0.777148121315
0.778086059474
0.779032763482
0.779994624932
0.780953420542
0.781921589164
0.782895109612
0.783873848429
0.784853866829
0.785847837616
0.786848524486
0.787850489059
0.788858166623
0.789880008155
0.790902644088
0.791931209158
0.792964903725
0.794005317429
0.795056109604
0.796112968493
0.797170793755
0.798243344881
0.799313125556
0.800397379541
0.801484340954
0.802586616013
0.803686484519
0.804796588512
0.805917044214
0.807035140501
0.808163113383
0.80930285545
0.810448962424
0.811601789071
0.812755953951
0.813925464584
0.815101219146
0.816278795445
0.817463546777
0.818655019074
0.819862822194
0.821063295325
0.822279599856
0.823511444159
0.824736411149
0.825977666012
0.827225784003
0.8284812176
0.829738537978
0.831002618493
0.832282167657
0.833564294756
0.834857251536
0.836153496735
0.837462862935
0.838772819891
0.840095431933
0.841424587074
0.842766171426
0.844105626835
0.845461767376
0.846825713999
0.84819587776
0.849569654791
0.850959173337
0.852342736456
0.853746030118
0.855153285772
0.856568375685
0.857999245404
0.859424705778
0.86086614378
0.862314883166
0.863770608751
0.865240248877
0.866708591718
0.868193145776
0.869681949948
0.871180708424
0.872683600044
0.874193287833
0.875717086603
0.877252016233
0.878790687495
0.880336812639
0.881886545043
0.883456438541
0.88503005538
0.886602364164
0.888189265412
0.889796095166
0.891398081467
0.893007084417
0.894630449176
0.896263576372
0.89790204041
0.899548520847
0.901212061346
0.902870684254
0.90454868064
0.906231580191
0.907918411408
0.909616332905
0.911319534772
0.913040249354
0.914758983381
0.916494637423
0.918238276472
0.919986163489
0.921742535685
0.923516611007
0.925286651465
0.927073835985
0.928870987304
0.930673298402
0.932480037773
0.93429747443
0.936130074658
0.937961349884
0.939809703308
0.941665734198
0.943527286409
0.94539588588
0.947273008464
0.949158130297
0.951061714724
0.952970579108
0.954877484305
0.956802017773
0.958733599675
0.960680964495
0.962628717711
0.96458295769
0.966554237455
0.968533379506
0.970518215732
0.972502633954
0.974512696874
0.976521080225
0.978536421553
0.980561308438
0.982602136595
0.984652835842
0.986709010097
0.988761587826
0.990833819321
0.992922945195
0.995011635571
0.997106470751
0.999218723466
1.00132683477
1.00345434289
1.00558816196
1.00773101163
1.00988140318
1.01204025312
1.0142067626
1.01637940405
1.01855982124
1.02075834715
1.022965844
1.02517127882
1.02739318489
1.0296242505
1.0318615439
1.03410623834
1.03635908465
1.03861918154
1.04089838761
1.04317469605
1.04545852383
1.04776022565
1.05006950369
1.05237713723
1.0547022549
1.05703671328
1.05937823818
1.06172737811
1.06408467902
1.06644780793
1.06883030795
1.07121034207
1.07359830687
1.07600440918
1.07840814666
1.08082997418
1.08325765888
1.08568493893
1.0881296401
1.09058263099
1.09304399519
1.09551301556
1.09799049925
1.10047393481
1.10296567695
1.10546692851
1.10797544426
1.11050096204
1.11302512444
1.11555758158
1.11810575034
1.12065331248
1.12321794637
1.12578129072
1.12836267169
1.13095096219
1.13353869276
1.13614244388
1.13875542033
1.1413658392
1.14399484092
1.14663189565
1.14927597026
1.15192909222
1.15458901569
1.1572562941
1.15993139431
1.16261531933
1.16530704893
1.16800670326
1.17071453332
1.17342891623
1.176151945
1.17888230366
1.18162176009
1.18436898644
1.18713437027
1.1898978932
1.19266812579
1.19544664435
1.19823231764
1.20103731352
1.20383952543
1.20664982051
1.20946799147
1.21229300093
1.21512617098
1.21797699458
1.22082647308
1.22368369022
1.22654973753
1.22942332848
1.23230414017
1.23520286929
1.23809927158
1.24100447501
1.24391710338
1.2468379142
1.2497666195
1.25270269289
1.25564606186
1.2585969653
1.26155636554
1.26452371229
1.26749955993
1.27047286232
1.27346430648
1.27646289368
1.27946908564
1.28247408131
1.28549683937
1.28852798996
1.29155657857
1.2946031388
1.29764670881
1.30070772731
1.30376715587
1.30684431189
1.30991974881
1.3130027344
1.31609385555
1.31920200393
1.32230783214
1.32542206182
1.32854428141
1.33167485779
1.33480312679
1.33794961155
1.34110291131
1.34426372373
1.34742268753
1.35059948083
1.35377459565
1.35695702486
1.36015771461
1.36335508056
1.36656019784
1.36977332383
1.37299452314
1.37622404233
1.37946116071
1.38270678108
1.38594942329
1.38920949881
1.3924675475
1.39574346446
1.3990177495
1.40229952018
1.40558920484
1.40888586676
1.41219011144
1.41550200592
1.41881197528
1.4221398912
1.42546583144
1.42880979631
1.43215111973
1.43549970693
1.43885604205
1.44222093614
1.44559363664
1.44896413079
1.45235274596
1.45573836271
1.45914182721
1.46254186475
1.46595075615
1.46936673092
1.47279109907
1.47621309351
1.47965267306
1.48308989704
1.48654404636
1.48999691413
1.4934574246
1.49691660664
1.50039329432
1.50387726705
1.50735923874
1.51084744333
1.51435459432
1.51784930738
1.52136194052
1.52488234231
1.52840019616
1.53193532291
1.53546733779
1.53900779924
1.54255573759
1.54611259967
1.54966673874
1.55322933881
1.55680914813
1.56038516991
1.5639703105
1.56755279472
1.57115344263
1.57475175486
1.57835775356
1.58197074433
1.58559136114
1.58921931386
1.59284557627
1.59647920753
1.60012127439
1.60377058055
1.60742796364
1.61108234617
1.61475474608
1.61842480451
1.62210311822
1.62577892425
1.62947369668
1.63316462657
1.63686244947
1.64056884804
1.64427184927
1.6479937796
1.6517132038
1.6554408816
1.65917556711
1.66291739524
1.66665704401
1.67040430967
1.67415986726
1.67792287126
1.68168539853
1.68545395655
1.68923056562
1.69301358591
1.69680520577
1.70059483428
1.70439175186
1.70819714061
1.71199938267
1.71581886208
1.71963557078
1.72346020004
1.72728384053
1.73112396447
1.73496379804
1.73880965803
1.74265409789
1.74651544724
1.75037487967
1.75424205691
1.75810677064
1.76198974305
1.76586979181
1.76974734916
1.77364151299
1.77753480908
1.78143460977
1.78534314213
1.78925017912
1.79317450314
1.79708546563
1.80101422266
1.80494121503
1.80887578325
1.81281932869
1.8167699523
1.82071802071
1.82467470599
1.82862679671
1.83259794427
1.83656657978
1.8405429569
1.84451629622
1.8484984006
1.85248805724
1.85647562716
1.86048011571
1.8644821085
1.86848344979
1.87250148827
1.87651870582
1.88053365426
1.88456369189
1.88859314168
1.89261985866
1.89666437251
1.90070669614
1.90475826701
1.90880603302
1.91286171918
1.9169240755
1.9209949524
1.92506279299
1.92913974506
1.93321501916
1.9372979366
1.94138762521
1.94547662279
1.94958139452
1.95367447867
1.9577863017
1.96189511335
1.96601267515
1.97012709418
1.97424912322
1.97837832366
1.98250581556
1.98664065379
1.99078548424
1.99492657854
1.99907612125
2.00322205099
2.00738659995
2.01153955607
2.01570983659
2.01987877917
2.02405516849
2.02822878128
2.03241104655
2.03659927151
2.04078688113
2.04498031375
2.04917399718
2.05337509184
2.057583564
2.06178940412
2.06600422415
2.07021580231
2.07444471833
2.07866403738
2.08290081689
2.08713528501
2.09136688527
2.09560601938
2.0998529126
2.10409725407
2.1083515438
2.11261189338
2.11687146857
2.12113780264
2.12540058708
2.12967266662
2.13395359918
2.13823189438
2.14250812095
2.14680354661
2.15108469139
2.15538501589
2.15968308243
2.16397874467
2.16829268544
2.17259605148
2.17691573036
2.18122371201
2.18554792453
2.18987119297
2.19419209204
2.19852141568
2.20285873594
2.20719577591
2.21153806727
2.21588991327
2.22022958063
2.22458686899
2.22894242014
2.23330607021
2.23766794939
2.24202813559
2.24640451409
2.2507699738
2.25515292651
2.25952407737
2.26391329477
2.26830234968
2.27268672842
2.27708075437
2.28148207143
2.28588155591
2.29027907682
2.29469495217
2.29909927072
2.30351206815
2.30793285331
2.31235083981
2.31677682616
2.32120048004
2.32563252867
2.33007420665
2.33450161268
2.33894825805
2.34339223876
2.34783447081
2.3522858834
2.3567345028
2.36119300339
2.36565877946
2.37012262984
2.37458390346
2.37905327526
2.3835216979
2.38799718056
2.39248225899
2.39696487745
2.4014452091
2.40593442888
2.41042015715
2.4149147009
2.41941810835
2.4239197759
2.42841931402
2.43292816578
2.4374346713
2.44194770909
2.4464597794
2.44906801876
