metodo_3_dt_1:1
4.36025497048e-05
0.00333240077405
0.00665460928638
0.00998310445859
0.0133212144508
0.016663684532
0.0200014218819
0.0233295111031
0.0266515606487
0.0299765908592
0.0333109303039
0.0366524966508
0.0399927583188
0.0433243350577
0.046647490396
0.0499699814198
0.0533001656027
0.0566394371201
0.059981036911
0.0633161451676
0.0666416488174
0.0699629360808
0.0732891788708
0.0766250636501
0.0799665864298
0.0833047280663
0.086633443917
0.0899549986733
0.0932780487298
0.0966098986928
0.0999498971995
0.103290105168
0.106622397176
0.109945610145
0.113266640856
0.11659434893
0.119931549214
0.12327252445
0.126608209361
0.129934190145
0.133254627848
0.136578646751
0.139912131346
0.143252423746
0.146590797724
0.14992021596
0.153241528033
0.156562803069
0.159892142264
0.163230351222
0.166570286341
0.169903276264
0.173226755632
0.176546584642
0.179871900681
0.183206873131
0.186546975335
0.189883121018
0.193209702676
0.196529549363
0.199851505828
0.203182507972
0.206521316936
0.20985971779
0.213189853138
0.216511136846
0.219830847459
0.223157677794
0.226493875684
0.229833275687
0.233166873602
0.236490765828
0.239809631003
0.243132652001
0.246465250484
0.249804210054
0.253140648733
0.25646790271
0.259787400401
0.263107483916
0.266435964853
0.269773059779
0.273111272165
0.276442116218
0.279763585046
0.283081984814
0.286406378395
0.289740402135
0.293079026867
0.296413137053
0.299737586458
0.303055756367
0.306376642307
0.309706782115
0.313044355131
0.316380904964
0.319708874448
0.323028257446
0.326346683533
0.329672641742
0.333007803549
0.336345580638
0.339677067019
0.342998885923
0.346316214645
0.34963825591
0.352969945783
0.356307522606
0.359641984958
0.362967070479
0.366284781647
0.36960369928
0.372931312228
0.376267247334
0.379603685843
0.382932362081
0.386251837312
0.389568838096
0.392892314906
0.396225355637
0.399562449097
0.402894487873
0.40621680833
0.409533331651
0.412853166672
0.416182425203
0.419518712454
0.422853364501
0.426179155776
0.429496661422
0.43281383127
0.436138915015
0.439473000364
0.442809103334
0.446138452152
0.449458211681
0.452774037996
0.456095115232
0.459425872773
0.462762018971
0.466094469486
0.469417389214
0.472733347752
0.476051129467
0.479377868599
0.482712603171
0.486047223616
0.489373718203
0.492691223068
0.496006858462
0.499329424953
0.502661448484
0.505996958358
0.509326891728
0.512647087824
0.515961992986
0.519280791615
0.522609144136
0.525944091131
0.529276796613
0.532600396284
0.535916046005
0.539231984244
0.542556186118
0.545889151105
0.549223527892
0.552550714347
0.555868429745
0.559182786902
0.562502913342
0.565832712416
0.569167379818
0.572497784994
0.57581854401
0.579132784421
0.582449458148
0.585775314462
0.5891088059
0.592441564876
0.595765866188
0.599081425657
0.602395728853
0.605717389414
0.609048360599
0.61238223606
0.615710034385
0.619028115574
0.622341434327
0.625659213027
0.62898663627
0.632320192253
0.635650908414
0.638972309854
0.642286130209
0.645600862857
0.648924175012
0.652255975246
0.655588574613
0.658913575724
0.662229262457
0.665542180854
0.668861363499
0.672190170956
0.675523305912
0.678851628165
0.682170227832
0.685482779219
0.688798365304
0.692123321819
0.695455521945
0.698786374073
0.70210847089
0.705422110546
0.708735114163
0.71205587226
0.715385756488
0.718717950925
0.722043591812
0.725359575316
0.728671345592
0.731988124474
0.735314598549
0.738646717259
0.741975407469
0.745294610645
0.748606632088
0.751920185928
0.755242599001
0.758573188878
0.76190396022
0.765226754149
0.768540428029
0.771851935228
0.775170175725
0.778497953377
0.781829499225
0.785155700687
0.788472142627
0.791783033001
0.795097548707
0.798421584668
0.801752443491
0.805081344115
0.808401227297
0.811712973726
0.8150247088
0.818344564521
0.821673324497
0.825003790761
0.828327252883
0.831641156724
0.834951414673
0.838267209876
0.841592710655
0.844923343869
0.848249972617
0.851566979612
0.854877234158
0.858189635523
0.861511139098
0.864840474094
0.868169370658
0.87148994198
0.874801624748
0.878111752264
0.88142905494
0.884755767347
0.888085672595
0.891409722154
0.894724014435
0.898033275378
0.90134673762
0.904669830534
0.907999296639
0.911326200894
0.914643861216
0.917953738698
0.921264230537
0.924583175781
0.927910766497
0.93123945189
0.934560710057
0.937872548343
0.941181324687
0.944496145395
0.947820642634
0.951149739448
0.954474271872
0.957789087255
0.961097608668
0.964408884223
0.967729468326
0.971057506179
0.974384487119
0.977702828184
0.981012548689
0.984321332789
0.987637704221
0.990963318553
0.994291535486
0.997613407097
1.00092556231
1.00423322666
1.00754565084
1.01086777543
1.01419579606
1.01752065982
1.02083608925
1.02414412198
1.02745339287
1.03077141512
1.03409778844
1.03742463971
1.0407436703
1.04405345844
1.04736078308
1.05067463563
1.0539980963
1.05732560499
1.06064800755
1.06396063739
1.06726745886
1.07057763196
1.07389728195
1.07722397728
1.08054900065
1.08386510374
1.08717288986
1.09048036301
1.09379580478
1.09712028406
1.10044676409
1.10376643391
1.10707646739
1.11038257004
1.113693972
1.11701510395
1.12034163006
1.12366441566
1.12697761421
1.13028383281
1.13359190908
1.13690899873
1.14023410996
1.1435590794
1.14687586503
1.15018362311
1.15348952683
1.15680241495
1.1601248027
1.16345066909
1.16677090677
1.17008135517
1.17338650533
1.17669559156
1.18001428399
1.18333958423
1.18666260356
1.18997645808
1.19328233426
1.19658852427
1.19990303249
1.20322633629
1.20655103118
1.2098684784
1.2131764094
1.21648098741
1.21979138374
1.22311149995
1.22643648572
1.22975716186
1.23306813648
1.23637257683
1.23967948731
1.24299563538
1.2463194415
1.24964248443
1.25295701168
1.25626276243
1.2595672754
1.26287920017
1.26620047597
1.26952464552
1.27284268505
1.27615095793
1.27945446541
1.28276247787
1.28608018642
1.28940403807
1.29272500857
1.2960366067
1.29934059895
1.30264553231
1.30595909999
1.30928118542
1.31260404619
1.31591925073
1.31922509824
1.32252818571
1.32583758753
1.32915665902
1.3324800552
1.335798589
1.33910734578
1.34241004154
1.34571581039
1.34903100324
1.35235345859
1.35567453157
1.3589867909
1.36229056089
1.36559371621
1.36890468054
1.37222480865
1.37554723297
1.37886304946
1.38216916141
1.38547106082
1.38877801604
1.39209471688
1.39541706981
1.39873595146
1.40204528993
1.40534742612
1.40865112705
1.41196374242
1.41528456186
1.41860553634
1.42191847571
1.42522225539
1.42852388054
1.43183229057
1.43515028047
1.43847203233
1.4417883883
1.44509493184
1.4483959141
1.45170056195
1.45501478226
1.45833584036
1.46165490272
1.46496488908
1.46826670912
1.47156854158
1.47487854887
1.47819749479
1.48151812891
1.48483170323
1.48813567395
1.49143600271
1.49474191731
1.49805758597
1.5013783911
1.50469514665
1.5080022255
1.51130253491
1.51460502634
1.51791667514
1.52123617983
1.52455521737
1.52786587231
1.5311676025
1.53446779369
1.537775213
1.54109208307
1.54441213673
1.54772628234
1.55103062003
1.55432992059
1.55763346535
1.560946692
1.56426630352
1.56758331311
1.57089102077
1.57419091896
1.57749145788
1.58080050431
1.58411822717
1.58743702287
1.5907483344
1.59405018256
1.59734897551
1.60065386199
1.60396847101
1.60728767928
1.6106022754
1.61390710037
1.61720561732
1.6205069259
1.62381759717
1.62713574346
1.63045280112
1.6337611615
1.63706086834
1.64035965847
1.6436660901
1.64698180359
1.65030010776
1.65361201375
1.6569141553
1.66021180462
1.66351425925
1.66682646474
1.67014457505
1.67345948654
1.67676490699
1.68006290765
1.68336217616
1.68667025025
1.68998670345
1.69330360953
1.69661263726
1.6999123814
1.70320967165
1.70651353988
1.70982705972
1.71314462322
1.71645703056
1.719759612
1.72305637402
1.72635652675
1.72966620913
1.73298295422
1.73629799216
1.73960405229
1.74290176503
1.74619918748
1.7495046329
1.75281915206
1.75613565671
1.75944529701
1.76274525528
1.76604128497
1.76934266148
1.77265381725
1.77597037295
1.77928314471
1.7825862742
1.78588240474
1.78918042611
1.79248751533
1.79580265171
1.79911761868
1.80242434447
1.80572200462
1.80901782389
1.81232067909
1.8156330753
1.81894894246
1.82225912922
1.82555947511
1.82885451475
1.83215353137
1.83546220554
1.83877750088
1.84209047701
1.84539423058
1.84868997796
1.85198606409
1.85529052228
1.85860380892
1.86191846723
1.86522582231
1.86852361732
1.87181806471
1.87511837924
1.87842846093
1.88174341463
1.8850540131
1.88835485616
1.89164914966
1.89494594937
1.89825204117
1.90156581394
1.90487879379
1.90818320113
1.91147879741
1.91477317349
1.9180750143
1.92138624574
1.92470036024
1.92800829219
1.9313064081
1.93459975437
1.93789764898
1.94120528981
1.94451908375
1.9478299556
1.95113139781
1.95442520912
1.95771998889
1.9610234566
1.96433547147
1.96764823859
1.97095329277
1.97424894798
1.97754185145
1.98084111868
1.98415010046
1.9874634052
1.99077179948
1.99407036385
1.99736285491
2.0006584574
2.00396353737
2.00727589955
2.01058684671
2.01388892342
2.01718247941
2.02047544166
2.02377626686
2.02708629329
2.03039860253
2.03370425092
2.03700014798
2.0402918326
2.04358861884
2.04689520005
2.05020744045
2.05351616692
2.05681529435
2.06010719806
2.06340069724
2.06670316456
2.07001386248
2.07332468925
2.07662742358
2.07992095868
2.0832123503
2.08651057704
2.08981842588
2.09313003081
2.09643618958
2.09973248387
2.1030232075
2.10631763648
2.10962168984
2.11293259673
2.11624147174
2.11954121385
2.12283276086
2.1261243441
2.12942415628
2.13273294187
2.13604339909
2.13934674245
2.14264043795
2.14593049536
2.14922618653
2.15253167995
2.15584231412
2.15914885472
2.1624456644
2.16573568731
2.16902792631
2.17232937656
2.17563870666
2.17894754081
2.18224793535
2.1855393685
2.18882927738
2.19212646585
2.19543314501
2.19874299852
2.20204689196
2.20534092705
2.20862991858
2.21192319578
2.21522620531
2.21853561149
2.22184237667
2.22513978295
2.22842935363
2.23171959124
2.23501838995
2.23832589658
2.24163445549
2.24493547489
2.24822698859
2.25151545403
2.25481006214
2.25811443893
2.26142341589
2.2647277346
2.26802222928
2.27131040226
2.27460140372
2.27790182162
2.28120973579
2.28451653046
2.28781457141
2.29110392579
2.29439238226
2.29768853299
2.30099400378
2.30430205312
2.30760365161
2.31089543755
2.31418272863
2.31747486894
2.32077680928
2.32408466292
2.32738927612
2.33068434185
2.33397196446
2.33726088334
2.34055866101
2.34386484566
2.34717145887
2.35047013724
2.35375949152
2.35704640161
2.36033993926
2.36364317214
2.36695044543
2.37025251407
2.37354470502
2.37683106591
2.38012085663
2.38342022976
2.38672668376
2.3900313971
2.39332707646
2.39661437872
2.39990141293
2.40319652394
2.40650074475
2.40980693634
2.41310621053
2.41639575724
2.41968137701
2.4229723898
2.42627323007
2.42957947573
2.43288189405
2.43617461504
2.43946031715
2.44274794169
2.44604468717
2.44934950469
2.45265412542
2.45595044789
2.45923766667
2.46252305702
2.46581553361
2.46911759219
2.47242311445
2.4757229058
2.47901280551
2.48229739129
2.48558599463
2.48888430669
2.49218925418
2.49549184559
2.49878515825
2.50207043759
2.50535608073
2.50865014974
2.51195308053
2.51525736509
2.51855429237
2.52184161666
2.52512559862
2.52841549591
2.53171520734
2.53501979346
2.53831997973
2.54161035727
2.54489416956
2.54818052298
2.55147622173
2.55477962387
2.55808220322
2.56137615347
2.56466125759
2.56794515761
2.57123657384
2.57453741931
2.57784113721
2.58113862037
2.58442623829
2.58770908173
2.59099651552
2.59429374506
2.59759713784
2.60089756862
2.60418851353
2.60747180299
2.61075608816
2.6140491145
2.61735071799
2.62065305195
2.62394761781
2.62723274383
2.6305151266
2.63380392256
2.63710247811
2.6404053561
2.64370327718
2.64699131658
2.65027327068
2.65355837395
2.65685300779
2.66015494351
2.66345543239
2.66674699485
2.67003000507
2.67331244158
2.6766027936
2.67990238357
2.68320424272
2.68649938811
2.68978473526
2.69306586876
2.6963521482
2.6996482707
2.70295005924
2.70624829153
2.70953686916
2.71281820139
2.7161011586
2.71939313671
2.72269337187
2.72599371048
2.72928590051
2.73256885239
2.735849672
2.73913737658
2.74243474569
2.74573586624
2.74903149184
2.75231720231
2.75559733312
2.75888120911
2.76217476142
2.76547518384
2.76877353988
2.77206270739
2.77534365162
2.77862465547
2.78191394181
2.78521223613
2.788512186
2.79180496893
2.79508805986
2.7983675159
2.80165265228
2.80494763809
2.8082477686
2.81154376156
2.81482996947
2.81810937234
2.82139102384
2.82468193914
2.82798075761
2.83127905164
2.83456884932
2.83784964901
2.84112893823
2.84441555733
2.84771170675
2.85101102178
2.8543043259
2.85758772207
2.86086606856
2.86414874192
2.86744119795
2.87074006334
2.87403625009
2.8773230225
2.88060193387
2.88388153845
2.88716975774
2.8904667169
2.89376470928
2.89705510827
2.90033596011
2.9036137705
2.90689777207
2.91019158817
2.91349000553
2.91678371952
2.92006755705
2.9233450587
2.92662542456
2.92991525932
2.93321261112
2.93650881242
2.93979620373
2.94307487484
2.94635266534
2.94963820148
2.95293309489
2.9562305548
2.95952151153
2.96280260778
2.96607920597
2.96936069604
2.97265203477
2.97594929549
2.97924327524
2.98252765214
2.98580456306
2.98908279864
2.9923699459
2.99566552867
2.99896151704
3.00224951564
3.00552815069
3.00880435145
3.01208722938
3.01537984633
3.01867650164
3.02196790539
3.02524938068
3.02852501552
3.03180411863
3.03509285648
3.03838869332
3.04168275669
3.04496773067
3.0482442976
3.0515206178
3.05480506724
3.05809866183
3.06139421228
3.06468279237
3.06796159935
3.07123647971
3.0745167978
3.07780699045
3.08110259372
3.08439432662
3.08767630739
3.09095124915
3.09422814376
3.09751421154
3.10080837626
3.1041023176
3.1073879048
3.11066435087
3.11393898114
3.11722074761
3.12051213734
3.1238069847
3.12709605215
3.13037517852
3.13364898365
3.13692684699
3.14021447027
3.14350874408
3.14680062654
3.15008317529
3.15335766417
3.15663254139
3.15991589776
3.16320814901
3.16650173656
3.16978791372
3.173064445
3.17633763851
3.17961679418
3.18290580998
3.18619970279
3.18948915113
3.19276873746
3.19604174181
3.19931732069
3.20260229683
3.20589499819
3.20918684722
3.21247001085
3.21574429332
3.21901738691
3.2222980471
3.22558817492
3.2288811651
3.23216786958
3.23544466045
3.23871667236
3.24199331645
3.24527980574
3.24857246946
3.25186213273
3.25514225538
3.25841469871
3.26168816507
3.26497042584
3.2682612942
3.27155287271
3.27483662936
3.2781109061
3.28138244787
3.28466045156
3.28794825956
3.29124038963
3.2945275172
3.29780471173
3.3010758084
3.30435009083
3.30763395564
3.31092514155
3.31421484866
3.31749557352
3.32076771401
3.32403929931
3.32731885133
3.3306076771
3.33389875855
3.33718307373
3.34045754392
3.34372779873
3.34700324257
3.35028857709
3.35357958479
3.35686699501
3.36014469599
3.36341513037
3.36668721922
3.36996838149
3.37325782798
3.37654735389
3.37982867663
3.3831007233
3.38637064912
3.38964750975
3.39293407757
3.39622439337
3.39950916698
3.40278397579
3.40605319611
3.40932620075
3.41260893322
3.41589855228
3.41918607115
3.42246434654
3.42573437014
3.42900447575
3.43228291602
3.43557039811
3.43885951946
3.44214142084
3.44541358585
3.44868211779
3.45195637521
3.45524052809
3.45852982945
3.46181494968
3.46509023101
3.46835868882
3.47162942672
3.47490948018
3.47819746024
3.48148488825
3.48476376438
3.48803360659
3.49130195233
3.49457767796
3.49786297391
3.50115142798
3.50443382182
3.50770625941
3.51097364153
3.51424539177
3.51752697504
3.52081498122
3.52410027267
3.52737609549
3.53064403234
3.53391268812
3.53719001161
3.5404761067
3.54376321633
3.54704267955
3.55031255412
3.55357939327
3.55685247076
3.56013540763
3.56342294655
3.56670573694
3.56997859846
3.57324510893
3.57651451776
3.57979344673
3.58307991295
3.58636519804
3.58964161717
3.59290928254
3.59617608375
3.5994506809
3.60273467242
3.60602121899
3.60930121131
3.61257129604
3.61583687988
3.61910739809
3.62238781359
3.62567416087
3.6289571881
3.63223055859
3.63549644089
3.6387636763
3.64203987631
3.64532454082
3.64860958944
3.6518865947
3.6551541977
3.65841937607
3.66169128047
3.66497296735
3.66825869065
3.67153911627
3.674809563
3.67807415821
3.68134225895
3.68462004548
3.68790494864
3.6911880454
3.69446199743
3.69772751182
3.70099279928
3.70426626706
3.70754891448
3.710833503
3.71411106863
3.71737881574
3.72064263604
3.72391193768
3.72719116053
3.73047579961
3.73375652647
3.73702744745
3.7402913098
3.74355715545
3.74683222629
3.75011541974
3.75339836465
3.75667290104
3.75993825986
3.76320181563
3.76647255756
3.76975296418
3.77303682358
3.77631485557
3.77958289794
3.78284561189
3.78611242394
3.78938904667
3.79267233493
3.7959531972
3.79922467143
3.80248805882
3.80575185809
3.8090241884
3.81230544599
3.8155880222
3.81886313496
3.82212855869
3.82539064784
3.82865874455
3.83193674627
3.8352196272
3.83849801946
3.84176649669
3.84502837508
3.84829286032
3.85156679403
3.85484847492
3.8581292749
3.86140133441
3.86466447837
3.86792644891
3.8711960362
3.87447512992
3.87775707726
3.88103268946
3.88429834099
3.88755920937
3.8908247518
3.89410018893
3.89738181248
3.90066039869
3.90392939066
3.90719067982
3.91045301877
3.91372420471
3.91700402844
3.92028454235
3.92355718139
3.92682030034
3.93008069172
3.93334759239
3.93662434106
3.93990541112
3.94318143306
3.94644747055
3.9497073966
3.95297054346
3.95624332329
3.95952344297
3.96280205229
3.9660716239
3.96933257911
3.97259299686
3.97586143155
3.97913917574
3.98241916279
3.98569233233
3.988955611
3.99221467292
3.99547896685
3.99875319912
4.00203311285
4.00530938933
4.00857590346
4.01183513041
4.01509604131
4.01836607816
4.02164442684
4.02492283235
4.02819298139
4.03145381711
4.03471254309
4.03797825298
4.04125371234
4.04453291632
4.04780653164
4.05107013274
4.05432813583
4.05758996114
4.06086156452
4.06414007051
4.06741644236
4.07068351586
4.07394230838
4.07720120378
4.08046848466
4.08374484041
4.08702281932
4.09029352566
4.09355445151
4.09681174564
4.10007480927
4.10334781406
4.10662597153
4.10989990552
4.11316394781
4.11642114864
4.11968066107
4.12294954068
4.12622637115
4.12950262344
4.13277026985
4.13602884736
4.1392859425
4.14255046755
4.14582460308
4.1491018904
4.15237306966
4.1556342452
4.15889035953
4.16215088244
4.16542128821
4.16869813031
4.17197222218
4.17523679166
4.17849344972
4.18175085136
4.18501697231
4.18829189587
4.19156781509
4.19483603493
4.19809462433
4.20135018297
4.20461202569
4.20788377161
4.21116012031
4.21443167581
4.21769325036
4.22094845854
4.22420659824
4.22747430864
4.23074957675
4.23402363405
4.23728877071
4.24054512069
4.24380062319
4.24706397177
4.25033675222
4.25361207767
4.25688079929
4.26013956748
4.26339383221
4.26665307378
4.26992226131
4.2731973912
4.2764691635
4.27973122621
4.28298577888
4.28624171249
4.28950666295
4.29278010666
4.29605391329
4.2993196237
4.30257589294
4.30582974629
4.30909037315
4.31236082492
4.31563531089
4.31890445299
4.32216356573
4.32541681482
4.32867360515
4.33194013113
4.33521379093
4.33848561185
4.3417482331
4.34500238622
4.34825633144
4.35151850713
4.35478989698
4.3580632139
4.36132945673
4.36458583649
4.36783828967
4.3710962677
4.37436421372
4.37763758278
4.38090699927
4.38416655759
4.38741903821
4.3906735326
4.39393730417
4.39720922445
4.40048087244
4.40374405881
4.40699803171
4.41025021395
4.4135096315
4.41677875479
4.42005132603
4.42331802305
4.42657468208
4.42982600473
4.43308146411
4.43634678362
4.43961878324
4.4428883221
4.44614841865
4.44940040074
4.4526528167
4.45591381431
4.45918377084
4.46245502861
4.46571877034
4.46897278014
4.47222345814
4.47548018803
4.47874686754
4.48201842897
4.48528545876
4.48854252163
4.49179296925
4.49504605614
4.4983086426
4.50157899908
4.50484844753
4.50810910195
4.51136080737
4.51461135488
4.51786956925
4.52113732905
4.52440793487
4.52767215755
4.53092637328
4.53417580168
4.53742994515
4.54069403231
4.54396431773
4.54723152944
4.55048909375
4.55373893123
4.55698984412
4.56024965516
4.56351813348
4.56678728183
4.57004850232
4.57330016221
4.57654910054
4.57980459412
4.58306997839
4.58633968333
4.58960429506
4.59285887128
4.59610732237
4.59935902835
4.60262041731
4.60588916519
4.60915637219
4.61241448732
4.61566395469
4.61891290259
4.62216991751
4.6254362782
4.62870487032
4.63196659525
4.63521838464
4.63846595615
4.6417188026
4.64498163509
4.64825015806
4.65151500553
4.6547700385
4.65801776396
4.66126720218
4.66452581813
4.66779277323
4.67105976284
4.67431844333
4.677567773
4.68081500305
4.68406926472
4.68733331713
4.69060111055
4.69386326879
4.69711536334
4.70036184927
4.70361219383
4.70687236555
4.71013945552
4.71340437789
4.71665994748
4.71990720704
4.72315458962
4.72641040763
4.72967533364
4.73294186751
4.73620107757
4.73945046386
4.74269622016
4.74594778994
4.74920934673
4.75247606163
4.75573851219
4.7589910197
4.76223666834
4.76548466006
4.76874207057
4.77200745662
4.77527223973
4.77852836421
4.78177538531
4.78502093773
4.78827396921
4.79153665094
4.79480247814
4.79806215009
4.80131177094
4.80455632401
4.80780532481
4.81106425702
4.81432963855
4.81759223422
4.82084525377
4.82409033576
4.82733618444
4.83059080274
4.83385425396
4.83711868229
4.84037535878
4.84362236332
4.84686634138
4.85011664828
4.853376902
4.85664175983
4.85990178106
4.8631517704
4.86639537856
4.86964195153
4.87289814572
4.87616191898
4.87942445327
4.88267801374
4.88592275549
4.88916666646
4.89241847358
4.89567975024
4.89894356293
4.90220072361
4.90544788571
4.90869054169
4.91193821609
4.91519588456
4.91845950578
4.92171973234
4.9249701969
4.92821312891
4.93145746857
4.93471087589
4.93797280452
4.94123507475
4.94448919591
4.94773383668
4.95097606891
4.95422512073
4.95748403898
4.96074698919
4.96400454997
4.96725203125
4.97049363667
4.97373881813
4.97699378457
4.9802559024
4.98351614995
4.98676714419
4.99000964047
4.99325194814
4.99650253635
4.99976237375
5.00302412566
5.00627875379
5.00952347552
5.01276427107
5.01601063495
5.0192670136
5.02252882286
5.02578664067
5.02903454894
5.03227536068
5.03551821588
5.03877039953
5.04203075767
5.04529081998
5.04854236814
5.05178466663
5.05502518579
5.058272988
5.06153053595
5.06479152679
5.06804659656
5.0712915799
5.07453121779
5.07777502951
5.08102874974
5.0842891643
5.0875470839
5.09079550737
5.0940357889
5.09727652566
5.10052589389
5.10378425284
5.10704389653
5.11029597298
5.1135382755
5.1167772494
5.12002231951
5.12327738404
5.12653733446
5.1297927118
5.13303807169
5.13627680044
5.13951820076
5.14276915172
5.14602789592
5.14928570632
5.15253467029
5.15577465224
5.1590134913
5.16226004646
5.16551618558
5.16877516311
5.1720277101
5.17527020389
5.17850790526
5.18175036145
5.18500280901
5.18826146626
5.19151701338
5.19476285997
5.198000955
5.20124014954
5.20448829215
5.20774513089
5.21100261983
5.21425212851
5.21749203636
5.2207292283
5.2239730205
5.22722674596
5.23048479203
5.23373770111
5.23698052475
5.24021721007
5.2434571845
5.24670689192
5.24996397827
5.25321949477
5.25646586673
5.25970356042
5.2629407526
5.26618606184
5.26944075323
5.27269766576
5.27594766275
5.27918768016
5.28242347843
5.28566459363
5.28891574196
5.2921725896
5.29542572388
5.29866899187
5.30190493131
5.3051426111
5.308389519
5.31164479266
5.31490007837
5.31814700234
5.32138453764
5.32461998205
5.32786250441
5.33111485789
5.33437094884
5.33762135874
5.34086165588
5.34409633377
5.34733490582
5.3505833537
5.35383873594
5.35709191828
5.36033569471
5.36357113274
5.36680671421
5.37005078099
5.37330398947
5.37655879198
5.37980622092
5.38304378398
5.38627771894
5.38951751123
5.39276733637
5.39602232578
5.39927301143
5.40251370352
5.40574751946
5.40898370918
5.41222936849
5.41548302771
5.41873605943
5.42198038027
5.4252155629
5.42844928945
5.43169054281
5.43494148517
5.43819556648
5.4414434453
5.44468122558
5.44791393039
5.45115112057
5.45439828967
5.45765192078
5.46090273097
5.46414391182
5.46737712915
5.47061113563
5.47385396133
5.47710565048
5.4803582991
5.48360314484
5.48683827802
5.4900703894
5.4933088744
5.49655735007
5.49981043249
5.50305863647
5.50629675898
5.50952848598
5.51276321093
5.51600760757
5.51925960502
5.52251033667
5.52575204242
5.52898489776
5.53221693849
5.53545692449
5.53870641722
5.54195843698
5.54520375705
5.54843903337
5.55166979994
5.55490562516
5.55815149127
5.56140332012
5.56465171718
5.56789029982
5.57112132675
5.57435378647
5.57759536349
5.58084548928
5.5840959358
5.58733818101
5.59057090696
5.5938012314
5.59703842065
5.6002855178
5.60353664539
5.60678233932
5.61001790476
5.61324758263
5.61648087148
5.61972399465
5.62297428779
5.62622268077
5.62946176825
5.63269232878
5.63592271991
5.63916144152
5.64240944749
5.64565935645
5.64890209327
5.65213488089
5.65536374255
5.65859821504
5.66184274846
5.66509271985
5.66833866131
5.67157464215
5.67480350687
5.67803444351
5.68127475844
5.68452327298
5.68777146801
5.6910110964
5.69424143855
5.6974700113
5.70070591346
5.70395160056
5.70720072561
5.71044388339
5.71367690672
5.71690457553
5.72013645446
5.72337828988
5.72662683441
5.72987285093
5.73310931889
5.7363376181
5.73956639418
5.74280385152
5.74605033201
5.74929808225
5.75253821557
5.7557685341
5.75899552728
5.76222866085
5.76547183365
5.76871989697
5.77196334714
5.77519673013
5.77842346614
5.78165290519
5.78489194509
5.7881388011
5.79138469769
5.79462169591
5.79784967863
5.80107653235
5.80431114994
5.80755538905
5.81080245877
5.81404305051
5.81727354274
5.82049923637
5.82372972306
5.82697024785
5.83021699356
5.83346059335
5.83669444001
5.83992051062
5.84314770423
5.84638389517
5.84962881139
5.85287435896
5.85611187528
5.85933975145
5.86256491775
5.86579672934
5.86903851703
5.87228462659
5.87552555692
5.8787563532
5.88198099843
5.88520896678
5.88844671804
5.8916918686
5.89493542162
5.89816977849
5.90139542687
5.90462059113
5.90785392152
5.91109666997
5.91434162918
5.91757962499
5.92080759712
5.92403134779
5.92726045603
5.93049964321
5.93374453815
5.9369856818
5.94021690738
5.94344078267
5.94666642436
5.94990134338
5.95314465424
5.95638795516
5.95962284234
5.96284830337
5.96607168199
5.96930218404
5.97254255765
5.97578666598
5.97902504876
5.98225327089
5.98547586363
5.98870238625
5.99193883342
5.99518223208
5.99842340013
