metodo_2_dt_1:1
2.05249846306e-09
4.33681799972e-09
6.39490092366e-09
1.74374479224e-08
2.20040356005e-08
2.66493450219e-08
3.09656559706e-08
3.55012115659e-08
3.27364605217e-08
3.96621647923e-08
4.9613900873e-08
5.61222001545e-08
5.60698868613e-08
6.56050539659e-08
6.84935173475e-08
6.82902812901e-08
7.10916139121e-08
8.64545012668e-08
8.93062340695e-08
9.51109415438e-08
9.14016816702e-08
9.74148306744e-08
9.41767111805e-08
1.03112051445e-07
1.02569245895e-07
1.04051056045e-07
1.05830172661e-07
9.79589506835e-08
9.93373080032e-08
0.0735168967903
0.0735169214969
0.506503148139
0.506502999251
0.506502848493
0.506503699741
0.506503579728
0.506503458017
0.506503346105
0.506503244054
0.50650316336
0.50650308121
0.506503004525
0.50650394634
0.506503894501
0.506503848311
0.506503816986
0.506503807449
0.506503792309
0.50650379222
0.506503798088
0.506503830567
0.506503857689
0.50650389553
0.506503948727
0.506504019628
0.506504094568
0.506504175895
0.506504268245
0.506504383118
0.506504502273
0.506504628055
0.506504765102
0.506504913472
0.506505084665
0.50650426348
0.50650444618
0.506504640441
0.506504846323
0.506505075322
0.506505304621
0.506505545716
0.506504806284
0.506505071146
0.506505359416
0.506505648277
0.506505949224
0.506505269931
0.506505590642
0.506505928188
0.506506278045
0.506506651709
0.506506029399
0.506506416526
0.506506816184
0.506506231466
0.506506656341
0.506507089322
0.506506558667
0.506507021729
0.50650749303
0.506506989377
0.506507486413
0.506508000938
0.506507531437
0.506508067265
0.506507628241
0.506508189976
0.506507783712
0.506508375898
0.506508976412
0.506508597417
0.506509223644
0.506508874863
0.506508534262
0.506509166718
0.506509804983
0.506510467316
0.506511126227
0.506511809133
0.506512509145
0.506513205647
0.506513930648
0.506514652104
0.506515402031
0.506516159831
0.506516923214
0.5065177059
0.506518494163
0.506519301728
0.506519122487
0.506519954933
0.506520799822
0.506521650289
0.506522520063
0.506523395415
0.506524290069
0.506524193339
0.506525117437
0.50652603795
0.506526986895
0.506526951293
0.506527909041
0.506528895191
0.506529877709
0.506530888601
0.506530903447
0.506531934449
0.5065329709
0.506533034125
0.506534095145
0.506535175282
0.506535263825
0.506536372967
0.50653747828
0.506537619366
0.506538748954
0.506539902076
0.50654006801
0.506541245233
0.506542427592
0.506542636403
0.506543838102
0.506544075326
0.5065453008
0.506546549547
0.506546810839
0.506548083149
0.506548367932
0.506549663662
0.506549967221
0.50655129079
0.506551617546
0.506552964237
0.506553314039
0.506554672265
0.5065550564
0.506556432879
0.506556844327
0.506558243476
0.506558677519
0.506559106799
0.506560555672
0.506561007317
0.506562462476
0.50656295233
0.506563437224
0.506564941507
0.50656544835
0.506566974487
0.506567503084
0.50656804704
0.50656960099
0.506570166345
0.506570749164
0.506571335626
0.506572920343
0.506573539007
0.506574151909
0.506575783339
0.506576416407
0.50657706396
0.506577728196
0.506579387653
0.506580071187
0.506580757341
0.506581452891
0.506582164618
0.506583871084
0.506584589737
0.506585333457
0.506586074747
0.506586820422
0.506587590986
0.506589351352
0.506590135
0.506590920536
0.506591714795
0.506592524621
0.506593336233
0.506594156477
0.506594996762
0.506595829634
0.506596675625
0.506597541587
0.506598404632
0.506599276175
0.506600167633
0.506601051562
0.506601948497
0.506602865301
0.506603779091
0.506604701289
0.506605643318
0.506606582299
0.506607529657
0.506608485385
0.506609460909
0.506610433355
0.506611414153
0.506612414734
0.506613412226
0.506614418063
0.506615432245
0.506616466208
0.506616504689
0.50661754392
0.506618607499
0.506619663454
0.506620727782
0.506621800492
0.506621900634
0.506622994699
0.506624092629
0.506625198995
0.506626325247
0.50662646069
0.506627592468
0.506628732757
0.506629897566
0.506630062549
0.506631228515
0.506632407644
0.506633602296
0.506633801786
0.50663500693
0.506636216258
0.506636457942
0.506637684846
0.506638925144
0.506639177372
0.506640446902
0.506641709405
0.506641993053
0.506643273583
0.506644567734
0.506644890022
0.506646197866
0.506647519429
0.506647857786
0.506649193213
0.506649561456
0.506650919914
0.506651290676
0.50665266764
0.506653061448
0.506654456891
0.506655868435
0.506656289888
0.506657712915
0.506658152687
0.506659593984
0.506660051982
0.5066615229
0.506661999055
0.506662479728
0.506663966413
0.506664469763
0.506665974596
0.506666507553
0.506668030598
0.506668570384
0.50666912389
0.506670674464
0.506671241881
0.506672810988
0.506673397019
0.506674003854
0.506675601076
0.506676219899
0.506676843685
0.506678469428
0.506679112364
0.506679769487
0.506681424163
0.5066821076
0.506682793927
0.506684477942
0.50668517942
0.506685895351
0.506686616694
0.506688344979
0.506689086355
0.506689842348
0.506690603918
0.506691380184
0.506693165942
0.506693962634
0.506694765055
0.50669558232
0.506696409924
0.506698235771
0.506699084158
0.506699942987
0.506700807751
0.506701687559
0.506702577904
0.506703478815
0.506705378194
0.506706300328
0.506707233117
0.506708176588
0.506709130768
0.506710095684
0.506711071362
0.506712069258
0.506713066536
0.506714074652
0.506715093628
0.506716123489
0.506717164257
0.506718215955
0.506719278605
0.506720352229
0.506721436846
0.506722537013
0.506723643678
0.506724761395
0.506725890181
0.506727034586
0.506728185557
0.506729347641
0.506730525381
0.506731709718
0.506732909724
0.506733123919
0.506734346191
0.506735575051
0.506736819551
0.506738075135
0.506739325813
0.506740603471
0.506740899692
0.506742194716
0.506743505135
0.506744826352
0.506746158297
0.506746508484
0.506747861661
0.50674922534
0.506750599445
0.506750991491
0.506752386235
0.5067537912
0.506755210855
0.506755643675
0.506757078967
0.506758528803
0.506758991671
0.506760456894
0.506761925124
0.506763410134
0.506763917111
0.506765421803
0.506766936301
0.506767472694
2.3231263082
2.32312877484
2.32312255033
2.32312976972
2.32313233795
2.32312611272
2.32312868055
2.32313124821
2.32312502248
2.32312758988
2.32313005484
2.32312847967
2.32313104686
2.32313361403
2.32312738792
2.32312995511
2.32313252236
2.32312629639
2.32313351463
2.3231271865
2.32312975416
2.32313232199
2.3231260967
2.32312866491
2.32313123335
2.32312500871
2.32313222841
2.32313469526
2.32312847143
2.32313104123
2.32313361137
2.3231273885
2.32312995932
2.32312838789
2.32313095944
2.32313342903
2.32312720802
2.32312978077
2.32313235395
2.32312613419
2.32313335891
2.32312714001
2.32312961257
2.32313218796
2.32312597043
2.32312854676
2.32313577421
2.32312955811
2.32313213589
2.32313471419
2.32312839723
2.32313097657
2.32312476304
2.32313199407
2.32313457508
2.32312836325
2.32313094547
2.32312463254
2.32312721607
2.32312980032
2.32312824242
2.32313082818
2.32313341478
2.3231272088
2.32312969484
2.32312349073
2.32313073162
2.32313332303
2.32312712207
2.32312971571
2.32312351701
2.3231260106
2.32313325819
2.32312706299
2.32312966245
2.32312346958
2.32312607133
2.32312857185
2.32312703272
2.32312963771
2.32312345021
2.3231260572
2.32312866514
2.32312248046
2.32312498782
2.32312345522
2.32312606656
2.32312867867
2.32312249798
2.32312511154
2.32312348021
2.32312609508
2.32312871058
2.32312253311
2.32312514979
2.32311897345
2.32312613917
2.32312875744
2.32312258264
2.32312520191
2.32311902805
2.32312164825
2.32312891914
2.32312264424
2.32312526572
2.32311909401
2.32312171632
2.3231155454
2.32312281871
2.32312533982
2.32311917005
2.32312179429
2.32311562527
2.32311825027
2.3231255258
2.32311925553
2.32312188165
2.3231157145
2.32311834139
2.32311682513
2.32311935043
2.3231219785
2.3231158133
2.32311844219
2.32311227782
2.32311955766
2.32311329181
2.32311592247
2.32311855361
2.32311239154
2.32311967372
2.32311351267
2.32311604352
2.32310988358
2.32311251795
2.32311515295
2.32311364485
2.32311617879
2.32311002207
2.32311265984
2.32310650465
2.32311379399
2.32310764049
2.32311017931
2.32311282148
2.32310667092
2.32311396517
2.32310781689
2.32311036128
2.32310421559
2.3231068651
2.32310072233
2.32310802482
2.32311067913
2.32310443904
2.323107097
2.3231009631
2.32310827488
2.3231021451
2.32310470897
2.32309858361
2.32310125438
2.32310857728
2.32310245892
2.32310503447
2.32309892097
2.32310160381
2.32310014503
2.32310283288
2.32309672942
2.32309932004
2.32309322174
2.32310056964
2.32310327047
2.32309718008
2.32309978392
2.32309369894
2.32310106029
2.32309498084
2.32309769813
2.32309152199
2.32309424504
2.3230928267
2.32309555564
2.32308949365
2.32309212631
2.32308607046
2.32309346129
2.32309620573
2.32309015942
2.32309280801
2.3230867683
2.32309417547
2.32308814253
2.32309090704
2.32308477872
2.32308755031
2.32308618098
2.32308895982
2.32308294836
2.32308563231
2.32307962838
2.32308707177
2.32308107558
2.32308387736
2.32307778674
2.32308059656
2.32307926579
2.32308208381
2.32308480365
2.323078836
2.32308631604
2.32308035695
2.32308319629
2.32307714359
2.32307999178
2.32307869965
2.32308155684
2.32307562449
2.32307838851
2.32307246541
2.32307999039
2.32307407672
2.32307696195
2.32307095551
2.32307385044
2.32307260534
2.32307551012
2.32306952339
2.32307243824
2.32307121319
2.32307413828
2.3230682744
2.32307110762
2.32306525434
2.32307284976
2.32306700731
2.32306986225
2.32306403093
2.3230669995
2.32306582867
2.3230688088
2.32306289823
2.32306589023
2.32306474302
2.32306774708
2.32306196302
2.32306487701
2.32305910528
2.323066783
2.32306102366
2.32306396247
2.32305821556
2.32306591807
2.32306018353
2.32306324944
2.32305742483
2.32306050301
2.32305944182
2.32306253212
2.32305673175
2.32305983406
2.32305414798
2.32305311665
2.32305613436
2.32305046593
2.32305359769
2.32305258966
2.32305573296
2.32304998526
2.32305313999
2.323047506
2.32305532077
2.32304959563
2.32305277283
2.32304716113
2.32305499806
2.32304939732
2.32305249409
2.32304690418
2.32305476272
2.32304918348
2.32305230164
2.32304673294
2.32304116945
2.32304905423
2.3230433987
2.32304664512
2.32304110212
2.3230490072
2.32304337185
2.32304663831
2.32304111517
2.32304439143
2.32304352649
2.32304671
2.32304120608
2.32304450141
2.32304365531
2.323038063
2.32304137219
2.32303589135
2.32304385801
2.32303828375
2.32304161085
2.32303614772
2.32303948354
2.32303857504
2.32304191938
2.32303647333
2.32303982608
2.3230389343
2.32303350064
2.32303686569
2.32303144014
2.32303471091
2.32303394162
2.32303732268
2.32303191302
2.32303530197
2.32303444601
2.32302904808
2.32303244875
2.32302705864
2.32303501297
2.32302963068
2.32303304705
2.32302767266
2.32303564276
2.32303027633
2.32303370867
2.3230283503
2.32302289362
2.3230309862
2.32302563999
2.32302909262
2.32302365218
2.32303176095
2.3230264309
2.32302110484
2.32302447519
2.32302380499
2.32302728547
2.32302197498
2.32302536075
2.32302470573
2.32302820129
2.32302290568
2.32301751132
2.32302101776
2.32302038074
2.32302389421
2.32301851393
2.32302203432
2.32302141106
2.32301614334
2.32301957153
2.32301431051
2.32302249551
2.3230172411
2.32302068255
2.3230154347
2.32301483786
2.32301839145
2.323013051
2.32301661111
2.3230160272
2.32301949143
2.32301426629
2.3230090444
2.32301262074
2.32301195062
2.32301553347
2.32301032459
2.32300511899
2.32301325693
2.3230080579
2.32301165723
2.32300646486
2.32301461607
2.3230094304
2.32300424812
2.32300786432
2.32300723402
2.32301085709
2.32300568858
2.32300052356
2.32300870227
2.32300354434
2.32300718511
2.32300203439
2.32301022749
2.32300508411
2.32299994445
2.32300350135
2.3230030166
2.32300668348
2.3230015591
2.32299633629
2.32300001498
2.32299954979
2.32300323658
2.32299802995
2.32299292985
2.32300127643
2.32299618487
2.32299979055
2.32299470781
2.32299427676
2.32299799835
2.32299282705
2.32299655812
2.32299614593
2.32299098922
2.3229947352
2.32298969108
2.3229980946
2.3229929588
2.32298793083
2.32299170378
2.32299133414
2.32299501624
2.32299001125
2.32298501223
2.32299335923
2.32298837235
2.32298339165
2.32298721254
2.3229867889
2.32299062238
2.32298566683
2.32298071767
2.32298911485
2.32298417855
2.32298804416
2.32298301852
2.32298274859
2.32298663384
2.32298173028
2.32298552648
2.322985283
2.32298039947
2.32298431817
2.32297934584
2.32297912939
2.32298306857
2.32297811684
2.32298206991
2.3229818811
2.32297705266
2.32298092448
2.32297611023
2.32297594973
2.32297994536
2.32297505034
2.32297906052
2.32297892899
2.32297405592
2.32297808819
2.32297333232
2.32297323041
2.32297718279
2.32297244947
2.32297651938
2.32297634537
2.32297163495
2.32297572788
2.32297103291
2.32297088974
2.32297500601
2.32297033446
2.32297446648
2.32297435467
2.32296970682
2.32297386265
2.32296912841
2.3229691508
2.32297333069
2.32296872292
2.3229640209
2.3229728713
2.32296828788
2.32297240605
2.32296783898
2.32296792626
2.3229721714
2.32296752666
2.32296299253
2.3229719086
2.32296728873
2.32296277953
2.32296707454
2.32296722812
2.32296264172
2.32296696198
2.32296249484
2.32297137571
2.32296692561
2.32296248409
2.3229668471
2.32296696643
2.32296255089
2.32296694006
2.32296243977
2.32296269654
2.32296711232
2.32296274112
2.32295827659
2.32296736522
2.32296302116
2.32295858387
2.32296305406
2.32296338311
2.32295907556
2.32296347083
2.32295918153
2.32295954699
2.32296396954
2.32295970743
2.32296425039
2.32296465183
2.32296031423
2.32296488395
2.32296066641
2.32296100085
2.32296559694
2.32296140562
2.32295722297
2.32296638821
2.32296222275
2.32295806582
2.32296261123
2.32296311669
2.32295898514
2.32296365819
2.32295944106
2.32295997995
2.32296467796
2.32296048569
2.32295640398
2.322965772
2.32296160429
2.32295754705
2.32296229419
2.32296289835
2.32295876297
2.32296353423
2.3229595172
2.32296005094
2.32296484608
2.32296085282
2.32295686743
2.32296622899
2.32296225926
2.32295829733
2.3229630372
2.32296373583
2.32295979712
2.32296456017
2.32296528184
2.32296136615
2.32295745809
2.32296225173
2.32296300381
2.3229591185
2.32296393485
2.32296006463
2.32296084679
2.32296578803
2.32296183793
2.32295799764
2.32296760611
2.32296367835
2.32295986035
2.3229648463
2.32296558553
2.32296178974
2.3229667979
2.32296301691
2.32296378566
2.32296881602
2.32296505723
2.32296120352
2.3229621042
2.32296716431
2.32296333296
2.32295961147
2.32296933871
2.32296563234
2.32296183127
2.32296693688
2.32296789804
2.32296412015
2.32296924912
2.3229655893
2.3229664795
2.3229628356
2.32296799644
2.32296436865
2.32296529097
2.32297047612
2.32296687268
2.32296317504
2.32297302896
2.32296944996
2.32296577676
2.32296685828
2.32297210046
2.32296845162
2.32296491321
2.3229748239
2.32297130164
2.3229676851
2.32297297581
2.32297412181
2.32297052938
2.32296704732
2.32297237018
2.32297344588
2.32296998788
2.32297533482
2.32297189289
2.32297300063
2.3229783717
2.32297495389
2.3229714418
2.32297268404
2.32297808742
2.32297459959
2.32297122221
2.32298129382
2.32297783038
2.32297447744
2.32297113269
2.32298123698
2.32297780632
2.32297448625
2.32297997152
2.32298120939
2.32297791419
2.32297462732
2.3229800436
2.32298141713
2.32297815541
2.32298359693
2.32298499571
2.32298175936
2.32297853152
2.32298400706
2.32298543986
2.32298223769
2.32298773901
2.3229845541
2.32298602133
2.32298275143
2.32298838981
2.32298523972
2.32298663946
2.32298350692
2.32298918047
2.32298606562
2.32298750065
2.32299320088
2.32299011276
2.32298693129
2.32298850442
2.32299424064
2.32299108629
2.32298804338
2.32299845018
2.32299532329
2.32299230798
2.32298930195
2.3229997458
2.32299665618
2.32299367836
2.32299071006
2.32300108951
2.32299814045
2.32299520111
2.32299216924
2.32300269003
2.32299978028
2.3229967782
2.32300268602
2.32300444935
2.32300147758
2.32299861833
2.3230092097
2.3230063709
2.32300344002
2.32300062171
2.32301125402
2.32300835387
2.32300556626
2.32300278886
2.32301335965
2.32301060258
2.32300785565
2.3230050165
2.32301573006
2.32301301337
2.32301020438
2.3230163054
2.32301826129
2.32301548222
2.32301281539
2.32301895619
2.32302095164
2.3230182121
2.3230155847
2.32302176486
2.32302369714
2.32302109905
2.32301851068
2.32302462748
2.32302670085
2.32302414148
2.32302148941
2.3230277471
2.3230298588
2.32302723542
2.32302472388
2.3230310197
2.32303306699
2.3230305838
2.32302811001
2.32303444351
2.32303652826
2.32303408247
2.32303164596
2.32303791433
2.32304013836
2.32303772947
2.32303522741
2.3230462768
2.32304389525
2.32304142042
2.32303905692
2.32304134437
2.32304769447
2.32304535779
2.32304302999
2.32304525058
2.32305173846
2.32304943705
2.32304704205
2.32304939988
2.32305592266
2.32305355365
2.32305129556
2.32305368778
2.32306024493
2.32305791014
2.32305568616
2.32305811232
2.32306460109
2.32306240244
2.32306021219
2.32306256963
2.32306039616
2.32306702933
2.32306477034
2.32306726359
2.32306512371
2.3230716882
2.3230695652
2.32307209211
2.32306988371
2.32307658446
2.32307449543
2.32307695401
2.32307488208
2.32307281872
2.32307945999
2.32308205511
2.32308001748
2.32307788608
2.32308466393
2.32308729312
2.32308528953
2.32308319204
2.32309000371
2.32309266644
2.32309059398
2.32308863209
2.32308667842
2.32309807016
2.32309613276
2.32309420345
2.32309217986
2.32310370614
2.32310180084
2.32309980116
2.32309791171
2.32310067109
2.32310749362
2.32310562773
2.32310376966
2.32310645794
2.32310461542
2.32311157929
2.32310964998
2.32311247152
2.32311065997
2.3231175525
2.32311575641
2.32311860875
2.32311672574
2.32311495276
2.3231219862
2.32312476699
2.32312301713
2.323121275
2.32311943829
2.32313115096
2.32312943203
2.32312772086
2.32312591514
2.32313765882
2.32313597099
2.32313418865
2.32313715691
2.32313549253
2.32314253256
2.32314088395
2.32314388363
2.32314214853
2.3231405237
2.32314770575
2.32315063491
2.3231490341
2.32314744135
2.32314575439
2.32315761705
2.32315604869
2.32315438621
2.32315283429
2.32315593081
2.32316309214
2.32316156516
2.3231600466
2.32316307427
2.32316157265
2.32316887864
2.32316729192
2.3231704562
2.32316898921
2.32316742873
2.32317477856
2.32317797822
2.32317644468
2.32317502261
2.32317360979
2.32318554303
2.323184149
2.32318276452
2.32318128739
2.32317992232
2.32319200608
2.3231905585
2.32318922327
2.32318789817
2.32319112065
2.32319861523
2.32319732091
2.32319593467
2.32319930077
2.32319803771
2.32320548215
2.32320424014
2.32320764824
2.32320632507
2.32320511483
2.32320391524
2.32321606283
2.3232148846
2.3232137171
2.32321245804
2.32321595146
2.32322361568
2.32322249134
2.32322127557
2.32322481232
2.32322372066
2.32323133714
2.32323026746
2.32323384805
2.32323269814
2.32323166165
2.32323063629
2.32324295848
2.32324195549
2.32324096374
2.32323988097
2.32324355089
2.32325139262
2.32325034387
2.32324940883
2.32325312424
2.3232521098
2.32325120916
2.3232591197
2.3232627788
2.32326191285
2.32326105853
2.32326011355
2.32326392141
2.32327190178
2.32327099189
2.32327019605
2.32327405075
2.32327317614
2.32328121539
2.32328046673
2.32328426631
2.32328354133
2.32328282822
2.3232820247
2.32329477381
2.32329409639
2.3232933286
2.32329267503
2.32329667196
2.32329593996
2.3233041221
2.32330351634
2.32330282025
2.32330687689
2.32330630704
2.32330564689
2.32331390099
2.32331800552
2.3233173814
2.32331687162
2.32331637388
2.32332042421
2.3233287506
2.32332828912
2.32332773748
2.3233319385
2.32333151348
2.32333099839
2.32333939791
2.3233436478
2.32334316956
2.32334280595
2.32334245472
2.32334665164
2.32335512529
2.32335481124
2.32335440728
2.32335875598
2.32335847902
2.3233581121
2.32335785976
2.32337105775
2.32337072752
2.32337051171
2.32337030796
2.32337001391
2.3233744719
2.32338310418
2.32338284571
2.32338270126
2.32338720619
2.32338698266
2.32338687294
2.323395575
2.32340002347
2.32339994787
2.32339988351
2.32339972804
2.32340432355
2.32340429251
2.32341297055
2.32341296141
2.32341760062
2.32341751082
2.32341753403
2.3234175679
2.32342214752
2.32343100297
2.32343096616
2.32343104206
2.32343112831
2.3234357599
2.32343586666
2.32344478413
2.32344480891
2.32344958327
2.32344973036
2.32344978511
2.32344995201
2.32345476592
2.32346365071
2.32346384689
2.32346405273
2.32346880297
2.32346902791
2.32346926233
2.32346940389
2.3234830948
2.32348335732
2.32348352682
2.32348380781
2.32348409797
2.32348893187
2.32348924017
2.32349835822
2.32349858222
2.32350355427
2.32350389831
2.3235041489
2.32350451056
2.32350951775
2.32351859537
2.32351898315
2.32351937957
2.32352431903
2.32352473263
2.3235251548
2.32352548323
2.32353055912
2.32353980775
2.32354016176
2.32354062656
2.3235410999
2.32354611603
2.32354660643
2.32354710541
2.32355631169
2.32356146436
2.3235619892
2.32356242044
2.32356296266
2.32356814998
2.32356860735
2.32356917575
2.32357855394
2.32357903756
2.32358426848
2.32358487181
2.32358538156
2.32358600225
2.32359126781
2.32359180345
2.32360125107
2.3236019061
2.32360710351
2.32360777549
2.32360845591
2.32360904245
2.32361437571
2.32361508121
2.32362449396
2.32362521607
2.32362594646
2.3236312188
2.32363196564
2.32363272071
2.32363338171
2.32363878908
2.32364826772
2.32364905554
2.32364985154
2.32365518927
2.32365600158
2.32365682207
2.32365754847
2.32365838531
2.32367266744
2.32367341838
2.32367427978
2.32367514939
2.32368056062
2.32368144665
2.32368234092
2.32368314118
2.32368868758
2.32369840808
2.32369923318
2.32370016886
2.32370111288
2.32370659849
2.32370755921
2.32370852833
2.32370940359
2.32372382652
2.32372482093
2.32372572156
2.32372673295
2.32373238823
2.32373331443
2.32373435146
2.3237353971
2.3237363491
2.32375084892
2.32375192053
2.32375289859
2.32375398766
2.32375972069
2.32376072507
2.32376184055
2.32376296491
2.32376399593
2.32377857497
2.3237797262
2.3237807842
2.32378195355
2.32378776707
2.32378885247
2.32379004937
2.32379125559
2.32379700388
2.32379822888
2.32380826521
2.32380940707
2.32381066086
2.32381645699
2.32381773033
2.32381901358
2.32382020456
2.32382614264
2.32382745604
2.32383747928
2.32383881314
2.32384015729
2.32384604422
2.32384740906
2.32384878429
2.32385006767
2.32385609835
2.3238575048
2.32385881942
2.32386904871
2.32387048643
2.32387646681
2.32387792529
2.32387939416
2.32388077115
2.32388689521
2.32388839513
2.32388980315
2.32389132374
2.32389285465
2.32390773011
2.32390928162
2.32391084343
2.32391231328
2.32391852995
2.32392012257
2.3239216232
2.32392323633
2.32392485971
2.32393102529
2.32394147132
2.32394312537
2.32394468739
2.32395099599
2.32395268062
2.32395427319
2.32395597818
2.32395769333
2.32396395042
2.32396568582
2.3239673291
2.32397788705
2.32398428674
2.32398596029
2.32398774613
2.32398954202
2.3239912457
2.3239976955
2.32399952139
2.324001255
2.32400310081
2.32400959037
2.32401135375
2.32402203168
2.32402391707
2.32402571005
2.32403224881
2.32403416362
2.32403598597
2.3240379203
2.32403986436
2.3240463495
2.32404831291
2.32405028597
2.32405216642
2.32406759483
2.32406959671
2.32407150592
2.32407352692
2.32407555745
2.32408212873
2.32408417827
2.32408623732
2.32408820362
2.32409491506
2.32409700256
2.32409899733
2.32410110385
2.32411202258
2.32411867925
2.3241208144
2.32412295914
2.32412501125
2.32412717523
2.32413387985
2.32413606314
2.32413825612
2.32414035656
2.3241472021
2.32414942415
2.32415155364
2.32416259782
2.32416484886
2.32417164032
2.32417391048
2.32417619016
2.32417837708
2.32418067565
2.32418761656
2.32418983155
2.32419215803
2.32419449373
2.32420136927
2.32420372321
2.32420608622
2.32421715894
2.32421953994
2.32422656269
2.32422885926
2.32423126691
2.32423368336
2.32423600637
2.32424307309
2.32424551575
2.32424786487
2.32425032486
2.32425279348
2.32425980113
2.3242622869
2.32427358427
2.3242759849
2.32428312885
2.32428564868
2.32428807476
2.32429061151
2.32429305448
2.32430024059
2.32430280258
2.32430527075
2.32430784953
2.32431043667
2.32431756238
2.32432016622
2.3243227784
2.3243252967
2.32433672876
2.32434399828
2.32434654155
2.32434919536
2.32435185748
2.32435905797
2.3243617367
2.32436442374
2.32436701688
2.32436972056
2.32437706474
2.32437968282
2.32438241145
2.32438514841
2.32438779151
2.32439517728
2.32439793929
2.32440941082
2.32441218962
2.32441497683
2.32442230226
2.32442510633
2.32442791888
2.32443063771
2.3244334673
2.32444093739
2.32444368193
2.32444653733
2.32444940143
2.32445217207
2.3244596856
2.32446257612
2.32446537336
2.32446828183
2.32447109717
2.32447865564
2.32449039508
2.32449323808
2.32449619266
2.32449915668
2.32450665966
2.32450964269
2.32451263531
2.32451553534
2.32452317887
2.32452620043
2.32452912948
2.32453217045
2.32453522113
2.32454281088
2.32454588097
2.32454896079
2.32455194811
2.32455504736
2.32456278778
2.32456580421
2.32456893255
2.32458087431
2.32458391987
2.32459170872
2.32459487587
2.32459795054
2.32460113712
2.32460433343
2.32461206856
2.32461528431
2.3246185098
2.32462164285
2.32462488786
2.32463277386
2.3246359362
2.32463921053
2.32464249467
2.32464568642
2.32465362133
2.32465693492
2.32466015614
2.32466348942
2.32466673037
2.32467471446
2.32467807733
2.32469015183
2.32469353451
2.32469692709
2.32470022739
2.32470827076
2.32471169308
2.32471502314
2.32471846532
2.32472191744
2.3247299082
2.32473338018
2.32473686211
2.32474025179
2.32474375361
2.32475189618
2.32475531568
2.3247588473
2.32476238886
2.32476583816
2.32477403031
2.32477760163
2.32478108068
2.32478467182
2.32478827288
2.3247964123
2.32480003312
2.32480366383
2.32480720224
2.32481965688
2.32482794781
2.32483151583
2.32483519591
2.32483888586
2.32484248351
2.32485082372
2.32485454332
2.32485817063
2.32486191005
2.32486565942
2.32487394698
2.32487771627
2.32488149557
2.32488518272
2.3248889821
2.32489279156
2.32490113925
2.32490496887
2.32490870641
2.32491255622
2.32491641611
2.32492481414
2.32492869409
2.32493258402
2.3249363817
2.32494029144
2.32494884119
2.32495266831
2.32495660729
2.32496055589
2.32496441185
2.32497300957
2.32497698655
2.32498087067
2.3249848662
2.3249888709
2.32499278252
2.32500143536
2.32501427159
2.32501821003
2.32502225945
2.3250263176
2.32503491217
2.32503898754
2.32504307143
2.3250470616
2.32505116232
2.32505990123
2.32506391631
2.32506804174
2.32507217529
2.32507621471
2.32508036427
2.32508915154
2.32509321467
2.32509738776
2.32510156856
2.32510565484
2.32511448061
2.32511868415
2.32512279298
2.32512701138
2.32513123711
2.32513536794
2.32514423779
2.32514848512
2.32515263737
2.32515689881
2.32516116721
2.32516996992
2.32517425205
