metodo_2_dt_1:1
4.36025497048e-05
4.97318656107e-05
5.80295443614e-05
7.29416356387e-05
9.23355156846e-05
0.000104629613286
0.000103553982373
9.875267108e-05
0.000106517752572
0.000122269511407
0.00014533308069
0.000159905278192
0.000169107123038
0.000170748743784
0.000166090250601
0.000183598043932
0.000210938006005
0.000226687809957
0.000241834339115
0.000246739950269
0.00024054177091
0.00025384204866
0.000279566005184
0.000303154538528
0.000319800214287
0.000329279668263
0.000328384642095
0.000333113935878
0.000355595250651
0.000380738660785
0.000407349546405
0.000417944058626
0.000419386054719
0.000426422553025
0.000444713541658
0.00046992791791
0.000495689116438
0.000517072251628
0.000522522642097
0.00052460174246
0.000539003740596
0.000566169411179
0.000594945406086
0.000617548767596
0.000632940306195
0.000640733540268
0.000571439114329
0.000590355177723
0.000623683203751
0.000655415825484
0.000671876607554
0.000677952600573
0.000687848174563
0.000707745059298
0.000735072043962
0.000770345321587
0.000793320795441
0.000808872866153
0.000738070087867
0.000754280584814
0.000778599579141
0.00081518602334
0.000843107087497
0.00086423690142
0.000876428250491
0.000890367554908
0.000911355647409
0.000866724098135
0.000903349257843
0.000930342943739
0.000946169616364
0.000954556779962
0.000971751671039
0.00100595805494
0.00104550478221
0.00100201597864
0.00101834520218
0.00103231085367
0.00104609364448
0.00107698631275
0.00111712272738
0.00107882422431
0.00110096002508
0.00111773092713
0.00112969819826
0.0011568012897
0.00119575710504
0.00115614983596
0.00118903486443
0.00121026024864
0.00122683195508
0.00125033316299
0.00121023629785
0.00124385946652
0.00128238173951
0.00130927455724
0.00132775971536
0.00127201453293
0.00130432424647
0.00134720344197
0.00138573428697
0.00141890831985
0.00136407718667
0.0013788641548
0.00140759000028
0.00144880369724
0.00141811523594
0.00145666316071
0.00147902383071
0.00149952864097
0.00144844947978
0.00148615701683
0.00153269137212
0.00157673323363
0.00153301895884
0.00155569223204
0.00157904736387
0.0016088976659
0.00157331547011
0.00162084096789
0.00165968703432
0.00161039968368
0.00163319415913
0.00166365792142
0.00170691374304
0.0016800915479
0.00172429616714
0.00175682812921
0.00170052255163
0.00172801260562
0.00176761336228
0.00181747341591
0.00178980223578
0.00182829700757
0.00185625319445
0.00180588237672
0.00184159615399
0.0018897001894
0.0018652056528
0.00190959096749
0.00194225930587
0.0018923655429
0.00192470531537
0.00196981365215
0.00194647285248
0.00199613032703
0.00203458036524
0.00198247956164
0.00201265412803
0.00197759669769
0.00202980656788
0.00208826575469
0.00205637363296
0.00208912136012
0.00211872079839
0.00207972500568
0.00212972644506
0.00210953422385
0.00215943466563
0.00219767757521
0.0021518882938
0.00218635286163
0.00223322544136
0.00221292181076
0.0022678964403
0.00223559523742
0.00227398150712
0.0023070777323
0.00227330253466
0.00232819355562
0.00230994309234
0.00236010088343
0.00232200935733
0.00235923842072
0.00239880354711
0.00237901949821
0.00243858588772
0.0024178113812
0.00246163086069
0.00242027103699
0.00245707888204
0.00242921381776
0.00248815372295
0.00255274353759
0.00252623829467
0.00256504069794
0.00252450550276
0.00256912927041
0.00254973050679
0.00261200306752
0.00259622363766
0.0026400174535
0.00260484786688
0.00264622443459
0.00262371022215
0.00268648948779
0.00267575904368
0.00272535588378
0.00268864563225
0.0027281416712
0.00270178045897
0.00276812648328
0.00275613180027
0.00281188152828
0.00278381114245
0.00282315449913
0.00279797624977
0.0028569147178
0.00284654523465
0.00290791403717
0.00288093237813
0.002926909986
0.00289409448666
0.00287770061979
0.00294327317287
0.00293756001803
0.00299294249861
0.00296113165706
0.00300362156868
0.00298363886416
0.00305190153553
0.00304398889482
0.00302926293644
0.00308332028793
0.00305013122593
0.00309840757977
0.00308282265296
0.00316134546446
0.00315155651418
0.00313058064731
0.00317602260182
0.00315074610329
0.00320777662667
0.00320414901838
0.00320312094306
0.00326428557212
0.00323763688092
0.00328347606836
0.00326519287662
0.00325927201747
0.00333147306152
0.00332695925058
0.00330581753682
0.00335279939818
0.00333614589102
0.0033985781357
0.00339461815542
0.00339481036397
0.00345583843895
0.00343406689702
0.00341175148858
0.00347026248407
0.00346469556611
0.0034679615085
0.00353918646445
0.00351789520739
0.00349588656192
0.00355098494646
0.00354242489348
0.00355122428303
0.00362340503314
0.00361270267974
0.00358796992613
0.00364508578002
0.0036376520773
0.00363656306242
0.00371766796189
0.00371249114549
0.00369160612433
0.00367248383375
0.00373261721316
0.00373833313776
0.00374072923025
0.00381327115154
0.00380240214713
0.003783649953
0.0037696995925
0.00383894429965
0.00384161354451
0.00385199717239
0.00384237774776
0.0039031966516
0.00388249318142
0.00388111580484
0.00395854593549
0.00396779057754
0.0039684215356
0.00395285587665
0.0039371992871
0.00399908159488
0.00400667726746
0.00401264062999
0.00401938752625
0.00408970553254
0.00407577576289
0.00405912655146
0.00406321730733
0.00414479765862
0.00415560622608
0.00415172103865
0.00414576996638
0.0041281466172
0.00420016134017
0.00420784429901
0.00422125275209
0.00422325675701
0.00422240400101
0.00428160324819
0.00427431457118
0.00427876996062
0.00429287479391
0.00429986136953
0.00430491515813
0.00436669934727
0.00435748767841
0.00436304223239
0.00437110368353
0.00439083933754
0.00439273505301
0.0044637305954
0.00445355761575
0.0044512623223
0.00445667078238
0.00447812413976
0.00449050619764
0.00448606005706
0.00455844354415
0.00454849148264
0.00455945569652
0.00457648239814
0.00458834433199
0.00459912656682
0.00458973504646
0.00458350324327
0.00466664541192
0.00467690875435
0.00470071217401
0.00470823545426
0.00470863020936
0.0047070795357
0.00470178762728
0.00471817563546
0.00473875080629
0.00475142570779
0.00476191698695
0.00483443001118
0.00483114049123
0.00483947030166
0.0048584398731
0.00487981950765
0.00489211653985
0.00489203093386
0.00488895223395
0.00489785464087
0.0049101364767
0.00493783229142
0.0049558000953
0.00496179619766
0.00495924599206
0.00496102558093
0.00497904899825
0.00499766122448
0.00502452179605
0.0050364942328
0.00511291404076
0.00511311977357
0.00512303692997
0.00514920853585
0.00516995626406
0.00519213116243
0.00519811362959
0.00520271030003
0.00520424639157
0.00522747391212
0.00525438867725
0.00527693916392
0.00528860401061
0.00529528544548
0.00529939475336
0.00531890777358
0.00534026705101
0.00529600437642
0.00531371597955
0.00532423157118
0.00532246212565
0.00533827086388
0.00536232220783
0.0053961618025
0.00541966700298
0.00543031571889
0.00543456939265
0.00544727514154
0.00546797643094
0.00550223910451
0.00552559785633
0.00554719322721
0.0055543030167
0.00556519980584
0.00558209584321
0.00561002894105
0.00556596608722
0.00559357293253
0.00560506492055
0.00561585714682
0.00563336764258
0.00565425535766
0.00569165255276
0.00572052347591
0.00574179095416
0.00575022205087
0.0056894857646
0.00570666751912
0.00574369519316
0.00578098781257
0.00580409039043
0.00582021371837
0.00582984142207
0.00585250285591
0.00580271682856
0.00584258920591
0.00587573748451
0.00589262025681
0.00590709305185
0.00592234801717
0.00587868499835
0.00591925489102
0.00595316506704
0.00597502102397
0.00598784975664
0.00600523494637
0.00595781965918
0.00599304896889
0.00603475999042
0.00606350965824
0.00608470597775
0.00602637585427
0.00604641395242
0.00607820590315
0.00611751605264
0.00615605103339
0.00610733909541
0.00612149484189
0.00614295366281
0.00617626605652
0.00621552757427
0.00618325602195
0.00621575542925
0.00623320335411
0.00625328423103
0.00620340397977
0.00624498964362
0.00629076317678
0.00632503659687
0.00627636917819
0.00629673245008
0.00631856076199
0.00635204403418
0.00632381531398
0.00636313146183
0.00639523652959
0.00634296658431
0.00636243591314
0.00639716941596
0.00644312778326
0.00641567758773
0.00644949392765
0.00647602883838
0.00642430317503
0.00645099146989
0.00649448833225
0.00646932204514
0.0065087264093
0.00654042065751
0.00648997669707
0.00651784747198
0.00655358287571
0.00653390604535
0.00658215798635
0.00661546841354
0.0065681108544
0.00659423725371
0.0066303147129
0.00659976828543
0.00665112396039
0.00669461641639
0.00665182629644
0.00667371847053
0.00670626925605
0.0066770954749
0.00672546915461
0.00670011395838
0.00673706568112
0.00676513430982
0.0067167238991
0.00676317418698
0.00681528630061
0.00679399870726
0.00683697577104
0.00679040706739
0.00681926340115
0.00678291713311
0.0068326710267
0.00688345517594
0.00685830860853
0.00689488361815
0.00685604446161
0.00688586024853
0.00693232651566
0.00691412940243
0.00696759577176
0.00693631968022
0.0069642212308
0.00692283901482
0.00697054586617
0.00695131097688
0.0070079937003
0.0069785742961
0.00701488404694
0.0070467346933
0.00701212995461
0.00706872296686
0.00705373751136
0.0071030092196
0.00707148636541
0.00710478745971
0.00706758473092
0.00712045168574
0.0071009584197
0.00715876112697
0.00713332158485
0.00716987536175
0.00713675953376
0.0071804173026
0.00715905180415
0.00721944774837
0.00719991042034
0.00717379328143
0.00720861393328
0.00717623885652
0.00722873932147
0.00721286009425
0.00727633199556
0.00725064747099
0.00728776495588
0.00725316901199
0.00730713075259
0.00729466616616
0.00728416238043
0.00733232613227
0.00730106641454
0.00734352440461
0.00731610755915
0.00737338175136
0.00736472553477
0.0073561545937
0.00740214893207
0.00736840214498
0.00741101373166
0.00739263644867
0.00738422798101
0.00744659094809
0.00743199075394
0.00747311859504
0.00744128243154
0.00742462409975
0.00748609095421
0.00747973216579
0.00746579878325
0.00751216914209
0.00748061969246
0.00752654240767
0.00751883486053
0.00751372528086
0.00757626754133
0.00756128466988
0.00753184769924
0.0075750997986
0.00756376502923
0.0075580387802
0.00762426060632
0.00761533695537
0.00758967404176
0.0076318231985
0.00761677132671
0.0076087975548
0.00760640710297
0.00766932952044
0.0076487276238
0.00762101912368
0.00767347214859
0.00766207812399
0.00766550476666
0.00773208454319
0.00771729161799
0.00769778753959
0.00767253204767
0.00773297914656
0.00772950744106
0.00772900255138
0.00772579938424
0.00777509781273
0.00775511877398
0.00773641774706
0.0078000598972
0.00780644443485
0.00780302117413
0.00779339686721
0.00776971120663
0.00782340416902
0.00781350846379
0.00781411568643
0.00782047670662
0.0078806374225
0.0078658106768
0.0078432523988
0.00783516679316
0.00783379811007
0.00791171912339
0.00790823862541
0.00789275658533
0.0078810369099
0.00786416438548
0.00793385417969
0.00793782489408
0.00794483494055
0.00793507364026
0.00792116786678
0.00797067559926
0.00796770429798
0.00797055251928
0.00798109406032
0.00797724522158
0.0079673777862
0.00801606639614
0.00800940173218
0.00800961378039
0.00802191359187
0.00802349668227
0.00802355356956
0.00801097759528
0.00799595231446
0.00806597237807
0.00807254133912
0.00808409592911
0.00807962303021
0.00807009431127
0.00805349432328
0.00805199050487
0.00806249144007
0.00814325694427
0.00815017555746
0.00813949387671
0.00812872974347
0.00811803174435
0.0081253827347
0.00814074372827
0.00814706783615
0.00814765217379
0.00813804932299
0.00813071556955
0.00813433849049
0.00814315785092
0.008225377682
0.00822604849667
0.00822101561267
0.00821272374909
0.00821151679691
0.00822357734284
0.00824132453216
0.00824749273429
0.0082474734163
0.00824014368721
0.00823100505476
0.00824443594866
0.00825660464001
0.00827303018092
0.00827871625475
0.00826831577582
0.00826311345975
0.00827266645687
0.00828323855926
0.00830268968171
0.00831412057118
0.00831375795218
0.00830255895192
0.00830850450056
0.00832190866784
0.00833677869511
0.00835332698714
0.0083582585572
0.00834866980515
0.00835193516742
0.00836155631916
0.00838162251287
0.0083962423138
0.00840690927614
0.00841139970935
0.00840851182139
0.00834431720419
0.00836216785768
0.00838488079056
0.0084060394442
0.00840441024222
0.00840206299727
0.00840442970373
0.00841885297907
0.00844107859232
0.00846187116588
0.00847163059426
0.00847157283506
0.00847080982002
0.00841817800266
0.00843994007666
0.00846393971098
0.00848438904067
0.00848226843417
0.00848186465321
0.00848854739276
0.00850749783097
0.00847559445824
0.00849615471283
0.00849902467454
0.00849983276874
0.00850860682972
0.00852382096078
0.00854892874882
0.00851677782473
0.00852517937127
0.00852890800396
0.00853101764843
0.00854732215386
0.00857038232855
0.00859749646226
0.00855599236667
0.00856314369378
0.00856533830154
0.00857297893365
0.00859786347219
0.00856470607665
0.00858926452216
0.00860259332689
0.00861179986012
0.00861087807778
0.00856615679747
0.00859790651264
0.00862584910289
0.00864472416884
0.00865230204934
0.00860146824927
0.00861326993178
0.00863718237815
0.00867204211435
0.00863634476506
0.0086485751757
0.00865865817251
0.00866723551432
0.00862816548292
0.00865672207437
0.00868485744009
0.00870251128547
0.00865610846092
0.00866267461548
0.00867881671959
0.00871173509524
0.00868387417173
0.00870685022199
0.00872347933223
0.00872975875075
0.0086837535524
0.00871346798989
0.00874517054245
0.00871486365334
0.00873646538286
0.00874413942265
0.0086959824976
0.00872172082349
0.00875245474211
0.00878374927341
0.00875327287532
0.00877021930734
0.00878369048722
0.00874294756625
0.00877113888057
0.00880963665762
0.0087795616039
0.00879463193054
0.00880844668904
0.00876472809633
0.00879468222475
0.00882789783168
0.00880255416486
0.00882815049455
0.00878262543837
0.00879849429622
0.00882523366519
0.00880103187623
0.00884020029114
0.0088656934629
0.0088296217202
0.00883933297453
0.0088006548649
0.00883446335713
0.00887565513273
0.00885631023136
0.00887497119771
0.00883097741797
0.0088497183029
0.00887418783783
0.00885935534906
0.00889943378181
0.00887457283622
0.00888781051878
0.00884545219319
0.00887112422038
0.00890290990035
0.00889687560314
0.0089256848747
0.00889498581591
0.00890629958899
0.00887517280061
0.00890969816018
0.00889282980539
0.00893131840231
0.00895341783157
0.00891905897996
0.00893925943983
0.00891633674845
0.00895084870773
0.00894008751068
0.00897362141414
0.00894316695866
0.00895566582612
0.00892372445522
0.00896732554236
0.00895292716877
0.00899027204063
0.00895916786942
0.00898424925176
0.00894953484454
0.0089827655142
0.00896848384698
0.00901600488055
0.00899043591102
0.0090112204984
0.00898141926914
0.00901041079391
0.00899456063828
0.00899435863599
0.00902424428555
0.00899877965719
0.00901881002072
0.00899427972724
0.00902515000013
0.00901944477938
0.00906017826451
0.00903975153925
0.00901203339071
0.00903390222438
0.00901191217913
0.00906080055
0.00904938615989
0.00903477519599
0.00906422741072
0.00903072991253
0.00905881019823
0.0090513191664
0.00909560137733
0.00908686514518
0.00906624189881
0.0090806980682
0.00906449521497
0.00904738487098
0.00909780423094
0.00908696322931
0.009118375626
0.00910024121128
0.00906985562033
0.0091077489186
0.00909755561504
0.00910234568621
0.00913246290342
0.00911828595269
0.00909347735655
0.00911460460766
0.00911441311966
0.00910804042152
0.00915479641341
0.0091329301778
0.00911618580427
0.00913979877914
0.009130300059
0.00912948313406
0.00917335042939
0.00916268338463
0.00914291278515
0.00916447206292
0.00915722798898
0.00914851476857
0.00919991025392
0.0091884031013
0.00917869385409
0.00915675984817
0.00918335885508
0.00918425484039
0.00918004808671
0.00918593719077
0.00921681846565
0.00919747611278
0.00917830254174
0.00921762220759
0.00921223020022
0.00922115127849
0.00921579996669
0.0092405224993
0.00922724114833
0.00920825429781
0.00921344946523
0.0092241242686
0.00925725943785
0.00925182824623
0.00922670159293
0.00921791107469
0.00925971181878
0.00925713935893
0.0092664492466
0.00926619808825
0.00924359049965
0.00927230613947
0.00927040960121
0.00926618176448
0.00927801951241
0.00927593435237
0.00930244450802
0.00929162422512
0.00928645042716
0.00927933610907
0.00929202664671
0.00930124067043
0.00932451424857
0.00931517281965
0.00930756253834
0.00929685533718
0.00930872456818
0.00932115084612
0.00935541333165
0.00934204439216
0.00933327076215
0.00932583827353
0.00932847284461
0.00934258806564
0.00934482387935
0.00934273053391
0.00936291741364
0.0093523236123
0.00935862259026
0.00937276286604
0.00937801251886
0.00937428520139
0.0093680611883
0.00936190837565
0.00935847172314
0.009364248519
0.0094128015672
0.00942001763266
0.00941070907838
0.00940381083049
0.0093959878925
0.00939965165164
0.00941542115882
0.00942699417594
0.00942830450328
0.00941618266982
0.00940570949098
0.00941226742358
0.00942746645468
0.0094359657291
0.0094419781913
0.00943864395531
0.00945842370845
0.00945403547292
0.00946702565871
0.00948358656502
0.00948758304752
0.00948764315282
0.00948250351672
0.00948197130804
0.00948548060451
0.00950229550605
0.00951643178013
0.00951372435367
0.00951005603862
0.00950081521658
0.00950704688358
0.00952256507197
0.00953927201441
0.00954174329821
0.00954086492827
0.00953696805578
0.00953957853833
0.00954605795386
0.00956384398781
0.00954965823663
0.00955268266073
0.00954940555473
0.0095427357274
0.00955231380331
0.00956967327334
0.00958585467395
0.00959308525137
0.00958514660365
0.00958295205208
0.00958875542848
0.00960417556246
0.00962220521656
0.00962711286319
0.00962864712779
0.00962583457379
0.00960396284287
0.00961641540633
0.00962828546903
0.00964330038991
0.00964872795234
0.00964690285253
0.00964661938049
0.00966259463571
0.00967329245877
0.00966826166672
0.009677811069
0.00967825977467
0.00967656703535
0.00968166742932
0.00968990781603
0.00970861353191
0.0097219839966
0.00971169378613
0.00970995534184
0.00971186452033
0.00971674290707
0.00973509723318
0.00975152087506
0.00973901036088
0.00974584937446
0.00974549834745
0.00975322101938
0.00976320353811
0.00978149004083
0.00978122241032
0.00978328379759
0.00978191380483
0.00978604027674
0.0097997409636
0.00979403436136
0.00981599250651
0.00982136842425
0.00982035099189
0.00982154285514
0.00982215670402
0.00983981533786
0.0098569503868
0.00985936603255
0.0098673050709
0.00985065856751
0.0098570067904
0.00987239896072
0.00989804178958
0.00989540880702
0.00989874591941
0.00989753467982
0.00990112114275
0.00989896886539
0.00991701242883
0.00993975732899
0.00994644808239
0.00993231029708
0.00993999910534
0.00994841401488
0.00995206773686
0.00997655285304
0.00998666503151
0.00998145430081
0.00997548898367
0.00998019457881
0.00999389328732
0.0100074495748
0.0100206153941
0.0100248699035
0.01003095936
0.0100216550576
0.0100318268109
0.0100560126432
0.0100612498038
0.0100760190325
0.0100691456566
0.0100588424904
0.0100725537895
0.0100872465185
0.0101021980942
0.0101127906684
0.0101221032004
0.0101118929102
0.0101147279118
0.0101258594639
0.0101422528506
0.0101628172173
0.0101601835237
0.0101659925626
0.0101659728279
0.0101744794148
0.0101894345545
0.0102054929282
0.0102131599197
0.0102203329994
0.0102127707521
0.0102241806816
0.0102365894859
0.0102541489757
0.0102646630412
0.0102625197974
0.0102599385327
0.0102639652564
0.0102728322097
0.0102947951191
0.0103036575852
0.0103157086679
0.0103104117108
0.0103159056132
0.0103258280884
0.0103383106147
0.0103593447655
0.0103644296681
0.0103712307886
0.0103734237535
0.0103749100844
0.0103905646304
0.0104040354744
0.0104202078663
0.0104291705864
0.0104250628561
0.0104307549215
0.0104368434091
0.0104562107309
0.0104749047039
0.0104793618047
0.0104906074262
0.0104948690675
0.0104970926724
0.0105153570181
0.0105344980041
0.0105426137498
0.0105486787196
0.010552969325
0.0105542664077
0.0105678737741
0.0105891542024
0.0106047969661
0.0106088377407
0.0106110764368
0.01061794696
0.010620564879
0.0106411033342
0.0106577773426
0.0106725086197
0.0106684042693
0.0106743702002
0.0106859146464
0.0106994039659
0.0107142055914
0.010726560873
0.0107439693315
0.0107443727039
0.0107535500907
0.0107630842009
0.010778240896
0.0107988931104
0.0108056774685
0.0108134497213
0.0108143089855
0.0108205415196
0.0108415460603
0.0108556232056
0.0108726341901
0.0108828770546
0.0108811032899
0.0108929164316
0.0109026791578
0.0109254422969
0.0109453853617
0.0109484984188
0.0109565987367
0.0109666833874
0.0109654700426
0.0109878098157
0.0110098861966
0.0110214995013
0.0110312083471
0.0110285971064
0.0110425809193
0.0110634917166
0.011074447884
0.0110930757111
0.0111050539761
0.0111011113372
0.011119623027
0.0111383723772
0.0111543711188
0.0111618659965
0.0111764660103
0.0111861187091
0.0111822076928
0.0111984154332
0.0112273976986
0.0112352759843
0.0112525355492
0.0112636883469
0.0112733252042
0.0112714926749
0.0112918164522
0.011315064408
0.0113327565636
0.0113459712978
0.0113554959604
0.0113673873985
0.0113683999935
0.0113910781632
0.0114127497851
0.0114354283094
0.0114282315623
0.0114384709823
0.0114540420378
0.0114755702401
0.0114984030632
0.0115046094611
0.0115238606506
0.0115337025862
0.0115471090822
0.0115468680196
0.0115695885926
0.0115966079221
0.0116109270598
0.0116282728931
0.0116190385195
0.0116360057407
0.0116579532758
0.0116863844522
0.011702996588
0.0116997020474
0.0117097799128
0.011724340819
0.0117446995869
0.0117736787102
0.01179236473
0.0117894755463
0.0117991856498
0.0118115590017
0.0118364308741
0.0118654017299
0.0118856701021
0.0118765149389
0.0118866033528
0.0119109760795
0.0119266845012
0.0119473897424
0.0119685368324
0.0119922739563
0.0120103503832
0.0119946520204
0.0120149150955
0.0120336880532
0.012054876163
0.0120798659518
0.0120997071999
0.0121093019634
0.0121207302965
0.0121509968845
0.0121715709905
0.012163683981
0.012185140553
0.0121950599121
0.0122114286762
0.0122324850528
0.0122514812319
0.0122784292389
0.01230127058
0.0123123476055
0.0123283576179
0.0123402923871
0.0123639312667
0.0123906013765
0.012408208427
0.0124276487293
0.0124063879775
0.0124296837688
0.0124442104354
0.0124627970714
0.0124879613529
0.012508409361
0.0125245995581
0.01253313519
0.0125587292679
0.0125756298983
0.0126008598479
0.0126161092781
0.012639798241
0.0126476596519
0.0126645159599
0.012679258599
0.012710330035
0.0127265352232
0.012744886038
0.0127526897179
0.0127742410045
0.0127865963774
0.0128097695804
0.0128328582225
0.0128524056325
0.0128954062986
0.0129094220935
0.0129328498924
0.0129474552961
0.0129705757633
0.0129908824558
0.0130068643133
0.0130201708087
0.0130282408663
0.0130537369087
0.0130691376017
0.0130902800688
0.0131136528262
0.0131200981299
0.0131331655714
0.0131497687018
0.013207591278
0.0132287586672
0.0132399820476
0.0132600063172
0.0132720361432
0.0132864354678
0.013304664395
0.0133252037506
0.0133437614405
0.0133967391079
0.0134082391245
0.0134207097442
0.0134366839757
0.0134560090147
0.0134748094729
0.0134962195164
0.0135009226135
0.013552107485
0.0135723529748
0.0135899400454
0.0136018620643
0.0136239139696
0.013635559482
0.0136866972288
0.0136981666474
0.013713649461
0.0137312718709
0.0137536748291
0.0137658546952
0.0138108307713
0.0138269350225
0.0138401096873
0.0138563103767
0.0138786373299
0.013891386569
0.0139371258954
0.0139517114952
0.0139625670522
0.013976893378
0.0140425528918
0.0140556921797
0.0140650401877
0.0140721046708
0.0140808048192
0.0141438696499
0.0141582576415
0.0141715150801
0.0141874134512
0.0142393651311
0.0142463161602
0.014262360549
0.0142751736409
0.0143401790189
0.0143501973694
0.0143567765295
0.0143684198306
0.0144161372146
0.0144270017301
0.0144452991353
0.0144555175537
0.014515225798
0.0145197503255
0.0145252960528
0.0145876560475
0.0145985313008
0.014614705177
0.014621538518
0.0146734130338
0.0146896098392
0.0146959785547
0.0147597824869
0.0147693021672
0.0147762759416
0.0148348675012
0.0148373040316
0.0148475196482
0.0149041347234
0.0149126752987
0.0149256434623
0.0149789830611
0.014986442524
0.0149886034329
0.0150500487442
0.0150631913765
0.0150697802894
0.0151299480245
0.015130743096
0.0151371774571
0.0151908763984
0.0152024125485
0.0152656148007
0.0152691574785
0.0152755671705
0.0153262980756
0.0153327827856
0.015342234727
0.0153990494253
0.0154083299206
0.0154609083543
0.0154648956618
0.0154695656733
0.0155292950261
0.0155325116439
0.0155883933322
0.015600464402
0.0156511298392
0.0156538774177
0.0156527301615
0.0157197254026
0.0157216739959
0.0157813772542
0.0157843187723
0.0158398566478
0.0158365659244
0.0158358491058
0.0159029724647
0.0159024938241
0.0159596867271
0.0159601281527
0.0160157317637
0.0160127942222
0.0160790778129
0.0160779110651
0.0161356226201
0.0161352405946
0.0161899035907
0.0161906767303
0.016249825851
0.0162476603533
0.0163059212979
0.0163047867489
0.0163589226152
0.0163573463326
0.0164093468503
0.016417460421
0.0164700130019
0.0164743100344
0.0165221153876
0.0165244278161
0.0165748432503
0.016575387996
0.0166336955066
0.016631721113
0.0166851876889
0.0166798992606
0.0167345136309
0.0167331015179
0.0167909272236
0.0168470587657
0.0168419437586
0.0168939378845
0.0168882211215
0.0169436473328
0.016941619556
0.016997708629
0.01705144114
0.0170492598115
0.0170953328018
0.0170952064089
0.0171454829154
0.0172071825382
0.0171952782689
0.0172522507294
0.0172427642663
0.0172949057767
0.0173496701742
0.0173444103955
0.0174039275339
0.0173944982876
0.0174441547007
0.0174949654201
0.0174924616268
0.017541437169
0.0176008812321
0.0175908051313
0.0176399433221
0.0176277123514
0.017684539012
0.0177324122723
0.0177294512686
0.0177808386653
0.0178296711259
0.0178211099746
0.0178707482214
0.0179282409418
0.0179129554174
0.0179697929668
0.0180185954215
0.0180084885111
0.0180509254055
0.0181067219562
0.0180954502651
0.0181520521866
0.0182006915341
0.0182473546307
0.0182358137059
0.0182843666956
0.0183404411424
0.0183218420911
0.0183759392863
0.0184275313698
0.0184729481526
0.0184608630596
0.0185099353847
0.0185599154047
0.0185440117387
0.0185953261648
0.0186450335313
0.0186901656182
0.0186779181387
0.0187268584226
0.0187805461752
0.0188210802563
0.0188048254082
0.0188536264259
0.018899108365
0.0189520431302
0.0189999738715
0.0189853009892
0.0190285338566
0.0190760830769
0.0191250222593
0.0191048610402
0.0191570929049
0.0192027763386
0.0192510377935
0.0192975712252
0.0192729090077
0.0193221944701
0.0193680477805
0.0194186215074
0.0194667350773
0.0194403113745
0.019485735113
0.0195278793892
0.0195774396471
0.0196273849389
0.0196701922976
0.0196479332227
0.0196920060422
0.0197322041794
0.01977997045
0.019823816427
0.0198715509871
0.0199217615098
0.0198915914908
0.0199350697492
0.0199757104032
0.0200233594005
0.0200706353944
0.0201103382465
0.0201526612461
0.0201310534175
0.0201696050926
0.0202155742605
0.0202570185473
0.0203016283043
0.0203434391353
0.0203840256186
0.0204257113354
0.0204698623266
0.0205103529826
0.0204851198544
0.0205317464604
0.0205661091946
0.020605820796
0.020642795709
0.0206919289707
0.0207357405183
0.0207720839901
0.0208107740464
0.0208539186383
0.0208888060818
0.0209311204926
0.0209741525808
0.0210154023792
0.0210536386431
0.0210903427507
0.0210574204582
0.0210976002595
0.021139363903
0.0211802300145
0.0212181679666
0.0212537853137
0.0212895968521
0.0213275891868
0.0213678031641
0.0214080875159
0.0214458540601
0.0214857544667
0.0215149009396
0.0215506438099
0.0215939235813
0.0216283178727
0.021670817956
0.021705319181
0.0217331431417
0.0217716481818
0.0218077842794
0.0218458112771
0.0218829634314
0.0219221470137
0.0220215176887
0.0220580560691
0.022091951332
0.0221283461808
0.02216486775
0.0222038624636
0.0222301402356
0.022264950622
0.0222964725768
0.0223307841927
0.0223662319052
0.0224049481348
0.0224356544999
0.0224643368279
0.0224936068205
0.0225303318969
0.0226380148417
0.0226714544266
0.0227067792166
0.0227297457214
0.0227618653247
0.0227961652295
0.022828279628
0.0228609813259
0.0228913314714
0.0229232375197
0.0230231933552
0.0230503062099
0.0230850105321
0.0231212231898
0.0231466261583
0.0231782021807
0.0232073791822
0.0232275296692
0.0233344923706
0.0233690667516
0.0233986270058
0.0234253723541
0.0234536872657
0.0234812815965
0.0235767333557
0.0236092577888
0.0236426035309
0.023673808155
0.0236923165459
0.0237183136746
0.0238209654418
0.0238510975163
0.0238738222132
0.0239046740054
0.0239322237853
0.0240328257838
0.0240531755689
0.0240760795003
0.0241062199454
0.0241364056578
0.0242353631755
0.024259423294
0.0242824082429
0.0243027675809
0.0243260554678
0.0244315659881
0.0244587657301
0.0244778984295
0.0244993801548
0.0245983484534
0.0246237415222
0.0246468159598
0.0246735897181
0.024769360751
0.0247897791346
0.024809934955
0.0248281363645
0.0249307646965
0.0249567713893
0.0249801294027
0.0249954604049
0.0250910020093
0.0251110142574
0.0251341788395
0.0252319682762
0.0252550906578
0.0252745785419
0.025291504377
0.0253821776402
0.0254026813405
0.0254257092789
0.0255261535329
0.0255455188725
0.0255571140137
0.0256503843948
0.0256725602385
0.0256933942889
0.0257888510048
0.0258081010581
0.0258236010708
0.0259154427205
0.0259304449707
0.0259443536375
0.0260430826714
0.0260620538971
0.0260817590862
0.0261726526708
0.0261808404746
0.0261963135872
0.0262933800355
0.026311728264
0.0263270185239
0.026417442004
0.0264278871951
0.0265194728702
0.0265354389187
0.0265527574437
0.0266469968991
0.0266581976727
0.0266670492384
0.026760504749
0.0267694605845
0.0268644664309
0.0268792081095
0.0269741017055
0.0269818499143
0.026989356037
0.027074992823
0.0270928088048
0.0271864964502
0.0271975507849
0.0272090013528
0.027290080049
0.0272975192733
0.0273926318131
0.0274053241011
0.0274962543064
0.027503210797
0.0275874040619
0.0275921538913
0.0276044755883
0.0276955428989
0.0277102143831
0.0277932244916
0.0277964128549
0.0278834688412
0.0278885474754
0.0279817829707
0.0279912717748
0.0280787815088
0.0280815205058
0.0281628090858
0.0281691937928
0.0282557151179
0.0282679150784
0.0283512781659
0.0283580819286
0.0284383742277
0.0284421135919
0.0285258827881
0.028536008561
0.028619027625
0.0286258346857
0.028705653202
0.0287071899856
0.0287923022197
0.0287957031698
0.028886056652
0.0289660086826
0.028968483097
0.0290456878364
0.0290466757553
0.0291328207008
0.0291359919209
0.0292199671432
0.0292183104969
0.0292987836281
0.0293789699067
0.0293763630338
0.0294631870519
0.029468774355
0.0295450615956
0.029625247949
0.029621638137
0.0296979870501
0.0297002096407
0.0297865346534
0.0298670262578
0.0298650675537
0.0299382233111
0.0299337970807
0.0300111608531
0.0300957809679
0.0300976604012
0.03017818333
0.0301682191639
0.0302438291604
0.0312001832486
