metodo_1_dt_1:12
1.40069205966e-06
0.00343715259274
0.00343494949123
0.0034374734162
0.0034352745117
0.00343777715126
0.0034356279017
0.00343707463875
0.00343602357279
0.00343738116852
0.00343933510209
0.00343772237462
0.00343952391042
0.0034371311517
0.00343875699576
0.0034366469137
0.00343807680724
0.00343997856317
0.00343753229988
0.0034391931552
0.00343719041206
0.00343859829181
0.0034403888667
0.00343823014029
0.00343971193246
0.00344153356558
0.00343932481088
0.00343982009588
0.00344161139148
0.00343947953871
0.00343993074162
0.00344164160243
0.00343973711289
0.00344009924496
0.00344169176733
0.00344249566354
0.00344041606203
0.00344086536831
0.00344149842548
0.00344329554991
0.00344030379551
0.00344175628974
0.00344234784963
0.00344306963296
0.00344043001536
0.00344180773575
0.00344229839468
0.00344288336554
0.00344355737121
0.00344430617944
0.0034415305863
0.00344196953066
0.0034424707116
0.00344303138625
0.00344363624206
0.00344428342989
0.00344495861338
0.00344242470232
0.00344286071925
0.00344333158267
0.00344382493576
0.0034443423935
0.00344387927876
0.00344443760795
0.00344500751861
0.00344458914777
0.00344518107464
0.00344577531662
0.00344537628982
0.00344597499424
0.00344657390014
0.00344617584385
0.00344677329635
0.00344637085743
0.0034469706945
0.00344656952868
0.00344717068761
0.00344678045508
0.00344639497584
0.0034470199063
0.00344666277712
0.00344632060296
0.00344699606574
0.00344669406051
0.00344642282255
0.00344618256629
0.00344698278536
0.00344914929253
0.00344869216085
0.00344827999744
0.00344791537995
0.00344761015893
0.00344737371204
0.0034472158967
0.00344940269646
0.0034489291419
0.00344854242365
0.00344825729045
0.00344808601626
0.00344804136442
0.00344992802286
0.00344954156568
0.00344929959137
0.00344921628119
0.00345132774399
0.00344988693083
0.00344962887816
0.00344957056938
0.00345163776216
0.00345022417515
0.00345004013832
0.00345010447409
0.00345089080805
0.00345061669427
0.00345062699084
0.00345155589972
0.00345124010146
0.00345124897522
0.0034521849722
0.00345188859005
0.00345096141124
0.003452782017
0.00345157741368
0.00345179402598
0.00345239360361
0.00345237288712
0.0034533460012
0.00345210255249
0.00345235858516
0.00345292943253
0.00345301209214
0.00345381634743
0.00345274959333
0.00345472176596
0.00345353304458
0.00345462372283
0.0034533441486
0.00345372918031
0.00345415965895
0.00345353253769
0.00345397642658
0.00345337264119
0.00345479138619
0.00345586864284
0.00345462752121
0.0034556082428
0.00345450271846
0.00345535199887
0.00345443357646
0.00345512569649
0.00345545262889
0.00345596527795
0.00345696341515
0.00345590672447
0.00345667130071
0.00345600131796
0.00345651674385
0.00345743945379
0.0034565628744
0.00345719604577
0.00345818751619
0.00345621291671
0.00345688972326
0.00345787520824
0.00345693055955
0.00345758225734
0.00345850123228
0.00345772047157
0.00345828800174
0.00345809156193
0.00345761080781
0.00345805621214
0.00345869920072
0.00345952575393
0.00345796351003
0.00345842204456
0.00345903731967
0.00345979715135
0.00345938918594
0.00345878224592
0.0034592985314
0.00345992116158
0.00345965318941
0.00345926861329
0.00345968687059
0.00345920054801
0.00345979777611
0.00346047004559
0.00346020122345
0.00346000115501
0.00346045943379
0.00345997487923
0.00346053321098
0.00346112915593
0.00346075517546
0.0034614040649
0.00346107217414
0.00346174758268
0.00346242760988
0.00346131283816
0.00346183281333
0.00346136511144
0.00346191291499
0.00346147474996
0.00346204827914
0.00346263424091
0.00346222606964
0.00346282547939
0.00346243205137
0.00346304582302
0.00346266731489
0.00346329749932
0.0034629378317
0.0034635902071
0.003463257017
0.00346394105881
0.00346364567126
0.00346470316669
0.00346423366635
0.00346377626322
0.00346433603607
0.00346431839115
0.00346442461877
0.00346446674109
0.00346464966051
0.00346478141462
0.00346507050014
0.00346532126432
0.00346531375226
0.00346527066948
0.00346529973096
0.00346551706418
0.00346573134279
0.00346598505497
0.00346596305738
0.00346595352175
0.00346606699798
0.00346632228924
0.00346650515163
0.00346650983976
0.00346657367384
0.00346681688074
0.00346709414056
0.00346697546119
0.00346705438403
0.00346740314027
0.00346753037816
0.0034674825855
0.00346768475663
0.00346803543556
0.00346786595702
0.00346799460048
0.0034684286491
0.00346829311764
0.00346841056215
0.00346887211178
0.00346856623961
0.0034687378865
0.00346901980307
0.00346890544277
0.00346920588784
0.00346911333763
0.00346927068678
0.00346951891798
0.00346935566527
0.00346970200208
0.00346961563502
0.0034697952335
0.00346991213247
0.00346995148437
0.00347021428938
0.00347014373878
0.00347081297502
0.00347035261388
0.00347078615969
0.0034709638726
0.00347110422581
0.0034712784709
0.00347146707772
0.00347159760699
0.00347136221862
0.00347193213157
0.00347157345543
0.00347228431144
0.00347177015438
0.00347267983233
0.00347198023915
0.00347315102601
0.0034722467279
0.00347280838338
0.00347261060574
0.00347292326436
0.00347312925142
0.00347317580966
0.00347260997659
0.00347363445726
0.00347277185166
0.00347325092181
0.00347420285534
0.00347336047242
0.00347382035936
0.0034738277256
0.00347394340477
0.00347431703352
0.00347450900798
0.0034745279921
0.00347477300382
0.00347422120687
0.0034751898058
0.00347527056802
0.00347452854042
0.00347494803025
0.00347593832494
0.00347499283205
0.00347518593398
0.00347550409154
0.0034767896372
0.00347576014706
0.00347583831193
0.00347601261245
0.00347627173738
0.00347560472068
0.00347669528565
0.00347671053913
0.00347678973869
0.00347692381145
0.00347610416119
0.00347632259032
0.00347657145208
0.00347783241408
0.00347783690531
0.00347787045022
0.00347793193978
0.00347801369513
0.00347711091961
0.00347721903475
0.00347733420847
0.00347745065656
0.00347756997501
0.00347768737364
0.00347780080738
0.00347790762129
0.00347799693925
0.00347807194848
0.00347813095522
0.00347817497264
0.00347820314447
0.00347922192807
0.00347923148179
0.00347923463507
0.00347923238438
0.00347923309986
0.00347923882941
0.00347925208444
0.00348028249839
0.0034803339243
0.00348041032087
0.00348052298289
0.00348067713219
0.00348187793592
0.00348012397524
0.00348007272728
0.00348106301526
0.00348109914372
0.00348118790282
0.00348234301516
0.00348257066954
0.00348068574991
0.00348157566297
0.00348155470626
0.00348263012897
0.0034828191057
0.0034820011547
0.00348182913625
0.00348278524183
0.00348288843527
0.00348414848989
0.0034820076423
0.00348290632246
0.00348299337492
0.00348428040837
0.00348304433144
0.00348297980598
0.0034841467635
0.00348319645653
0.00348301099447
0.00348409371836
0.00348327635782
0.00348401594993
0.00348406265564
0.00348324006866
0.00348396142088
0.00348503239939
0.0034840792127
0.00348485148452
0.00348502089155
0.00348382126995
0.00348472907577
0.00348608258142
0.00348453880562
0.00348567230482
0.00348440374145
0.0034853431908
0.00348429442522
0.00348507008614
0.00348742166851
0.00348582547071
0.0034870759716
0.00348558078076
0.0034867622396
0.00348532010489
0.00348746799505
0.00348603296826
0.00348718977072
0.00348571880814
0.0034879233721
0.00348637788433
0.00348867966941
0.00348702439957
0.00348847526073
0.00348767790095
0.00348641528246
0.00348836366265
0.00348689556633
0.00348911264301
0.00348741829858
0.00348716747528
0.0034890308891
0.00348750908146
0.00348978931056
0.00348898451866
0.00348754668184
0.00348966060661
0.00348890853467
0.00348847826293
0.00348954043012
0.00348877302797
0.00348828651527
0.00349042922328
0.00348959115955
0.00348899709848
0.00349136029694
0.00349041167006
0.00348967475964
0.00348913602673
0.00349133497069
0.00349043153173
0.00348969503287
0.00348910770078
0.00349238417015
0.00349143537592
0.00349061446064
0.00348990563343
0.00349029963565
0.00349247489986
0.00349151492552
0.00349164113966
0.00349084138735
0.0034911039468
0.00349041692114
0.00349354051384
0.00349253932347
0.00349258617016
0.00349167910716
0.00349180501045
0.00349096110745
0.00349113768348
0.00349132635955
0.00349460412427
0.00349358032479
0.00349357562411
0.00349358432843
0.00349359996464
0.00349362285661
0.00349364547465
0.00349366903236
0.00349368700158
0.00349370148369
0.00349370696767
0.00349370643157
0.00349369540632
0.00349367791626
0.00349365192258
0.00349362238841
0.00349458635742
0.00349454877924
0.00349451300025
0.00349547760255
0.00349545067989
0.00349543173537
0.00349642567203
0.00349644060121
0.00349747604585
0.00349370295545
0.00349449996955
0.00349431775184
0.00349516408038
0.00349604300101
0.00349596494818
0.0034969365727
0.00349796900266
0.00349508206607
0.00349579285454
0.00349557625696
0.00349643759306
0.00349738992898
0.00349844432132
0.00349534729065
0.00349604448691
0.0034968588602
0.00349880208474
0.0034959668141
0.00349653086768
0.00349724719722
0.00350212205676
0.00349818633259
0.00349976214871
0.00349544633776
0.00350132838733
0.00349321397261
0.00349871828273
0.00349446629289
0.00350047580946
0.00350190870077
0.00349760487785
0.00350360339632
0.00349507558099
0.00350076873062
0.00349682594108
0.003498182324
0.0035039418584
0.00349576453073
0.00350124586609
0.00349716014299
0.00349865551941
0.00350431471869
0.00349611113359
0.00350154234718
0.00349748751126
0.00349878147124
0.00350453337455
0.00349599001651
0.00350159150367
0.0035031495182
0.00349864233643
0.00350025619533
0.00350566002096
0.00349729284184
0.0035026571728
0.00349425388785
0.00349962157778
0.00350114124702
0.00350655307618
0.00349797391466
0.00350348421552
0.00350475727443
0.00350043035017
0.003501532908
0.00350740202243
0.00349832531841
0.00349971530028
0.00350516566732
0.00350630676451
0.0035021045792
0.00350297384454
0.00350423537041
0.00349976790066
0.0035007215842
0.00350202026675
0.00350738428133
0.0034983607738
0.00350432646697
0.00350495710015
0.00350586985153
0.00349705394788
0.00350248638705
0.00350329587012
0.00350433630289
0.00351000474767
0.00350069204379
0.00350155967457
0.00350261081915
0.00350813578071
0.0035088016813
0.00349962904308
0.00350057744757
0.00350619122505
0.00350676278797
0.0035074492902
0.00350823945147
0.00349912397486
0.00350466559457
0.00350518435483
0.00350578095399
0.00350644109356
0.00350715647746
0.00350791902627
0.00350348221964
0.00350393265019
0.00350442178058
0.00350494354954
0.00350549215909
0.00350605786395
0.0035066361511
0.00350722269924
0.0035078091197
0.00351338442039
0.00350379481506
0.00350419233421
0.00350459567095
0.0035050017867
0.00350540950735
0.00350581385034
0.00350621465145
0.0035066107403
0.00350700141986
0.00350738784659
0.00350776747361
0.00350814246923
0.0035085140547
0.00350888393721
0.0035092543525
0.00350961493552
0.00350996837143
0.00351031828149
0.00351066873304
0.00351102424185
0.00350585264234
0.00350597921688
0.00350610661336
0.00350624262627
0.00350639105029
0.00350656063108
0.00350675907718
0.00350699456592
0.00350727574517
0.00351187276362
0.00351182987933
0.00351184042776
0.00351191493566
0.0035120644119
0.00351230027872
0.00350680162384
0.00350667794908
0.00350665533352
0.00350674671328
0.00351694080546
0.00351127388446
0.00351111245087
0.00351109982618
0.00351125118249
0.00350558245477
0.00350535230776
0.00351529500578
0.00351545966729
0.00350955274274
0.00350934616936
0.00350938030831
0.00351362373616
0.00351328808984
0.00351322786517
0.0035075123999
0.00350710152261
0.00351698610904
0.00351116967608
0.00351073906243
0.00351067184082
0.00351461991153
0.0035142499671
0.00351429319691
0.00350794055604
0.00351770967113
0.00351165543784
0.00351120510368
0.00351125369895
0.00351469952239
0.00351456320288
0.00350819542626
0.00351788681633
0.00351163259453
0.00351122207364
0.00351500792846
0.00351450060779
0.00350829543369
0.00351770692877
0.00351145857128
0.00351086547079
0.00351451720859
0.00351394701047
0.00350749964911
0.00351699020045
0.00351040159526
0.00352002085133
0.00351326530665
0.00351310045349
0.00351612787458
0.00350965860878
0.00351903423341
0.00351232748865
0.00352203731978
0.00351508056955
0.00350851422098
0.00351796099841
0.00351107609085
0.0035145066682
0.00351377306879
0.0035168483472
0.00351667802098
0.0035193987657
0.0035124154544
0.00351566785086
0.00351489618392
0.00351776049758
0.00351086408087
0.00352025915843
0.00351297825484
0.00351586233985
0.00351892271098
0.00351811828089
0.00352077914117
0.00351360819205
0.00351655114314
0.00351579215468
0.00351835690981
0.00352104263831
0.00351385193494
0.00352340639254
0.00351586823488
0.00351838557026
0.00352098021174
0.00351365913151
0.0035163709563
0.00352579536425
0.00351821014442
0.00352063771077
0.00352310274809
0.0035156159031
0.00351812411992
0.00352064379858
0.00351318405292
0.00351570356885
0.00352488351585
0.00351720014966
0.00351949090789
0.00352178383534
0.00352407463486
0.00351638570631
0.0035186603882
0.00352092297108
0.00352317098893
0.00351542648657
0.00351763959898
0.00351983363575
0.00352200795591
0.00352416237394
0.00351632174827
0.00351843814289
0.00352053581394
0.00352261864934
0.00352468762998
0.00352674529776
0.00351882576007
0.00352087913846
0.00352293943611
0.00352500995889
0.00351980055818
0.00352162726496
0.00352346053864
0.00352530663002
0.00351719681927
0.00351909166548
0.00352102095236
0.00352299265666
0.00351767423002
0.00351930606765
0.0035209877182
0.00352272792102
0.00352453578326
0.00352642376841
0.00352087941115
0.00352238716789
0.00352398818078
0.00352570276027
0.00352754388769
0.00352175278283
0.00352321073914
0.00352481510863
0.00352658262187
0.00352074218575
0.00352211763446
0.00352368265525
0.00352545121166
0.00351930868512
0.00352069456698
0.00352231543591
0.00351628476283
0.00352749849718
0.00352900493096
0.00352295773637
0.00352409701516
0.00352554468873
0.00351934199607
0.00352045534858
0.00353189940656
0.00352547325075
0.00352665854484
0.00352058801309
0.00352149776999
0.00352285288468
0.00352633972452
0.00352745893213
0.00352119128339
0.0035221046632
0.00352355453721
0.0035266910823
0.00352798781233
0.00352125022538
0.00353239745344
0.00352570727339
0.0035268039051
0.00352010066967
0.00353112406253
0.00352436893298
0.00352540740615
0.00352851820016
0.00352958063825
0.00352258447499
0.00353369194799
0.00352653364715
0.00352780724281
0.00353041465534
0.00352354784921
0.00352429663182
0.00352714855665
0.0035281501787
0.00353073330027
0.00352375620833
0.0035243895844
0.0035270698143
0.00352810648002
0.00353046604309
0.00352319520565
0.00353401839327
0.00352641757999
0.00352907705178
0.00352988973422
0.00353218694465
0.00352477174667
0.00353563037329
0.00352784613068
0.00353023739852
0.00352285604234
0.00353335737218
0.00352558291735
0.00352793703179
0.00352046896663
0.00353082911786
0.00353292401105
0.00352517638196
0.00352750509364
0.00352799195966
0.00352991447249
0.00353194023545
0.00352408776936
0.00352627942023
0.0035367023243
0.00352857692907
0.00353046933668
0.00353241433248
0.00352443181552
0.00352644656989
0.00352848435465
0.0035286948266
0.00353041495034
0.00353215249222
0.00353389967334
0.00352568333354
0.00352742628604
0.0035291586813
0.00353087465249
0.00352259691708
0.00352426287388
0.00352590400112
0.00353598415101
0.00353746012622
0.0035389252018
0.0035304234942
0.00353186045816
0.00353328174338
0.00353468838379
0.00353607995049
0.00353745648385
0.00353882027901
0.00353022040217
0.00353156330154
0.00353289983387
0.00352546464462
0.00352663021171
0.0035277790203
0.00352891435364
0.00353004220845
0.0035311653646
0.00353228031043
0.00353339070155
0.0035345023674
0.00353562381306
0.00353676111504
0.00352899500902
0.00352979657717
0.00353062044824
0.00353147456379
0.00353237002878
0.00353331569591
0.00353432351481
0.0035260979211
0.00352672562003
0.00353738826113
0.00353817450026
0.00353906211146
0.003530702052
0.00353119327606
0.00353180560845
0.00353255192421
0.0035341818666
0.00353451305038
0.00353500505081
0.00353567311199
0.00352711894524
0.0035373494972
0.00353782047028
0.00353851935532
0.00352953315976
0.00353981399155
0.00354039646124
0.00353143338156
0.00353165993406
0.00354214175269
0.00353307589246
0.00353327176029
0.00354376888335
0.00353448700527
0.00353473304403
0.00353576147474
0.00353569086988
0.00353604282615
0.00353663365395
0.00353671428247
0.0035275539409
0.00353735212784
0.00352834558358
0.00353792545179
0.00353808436518
0.00353841057016
0.00353841541473
0.00352882845564
0.00353867713378
0.00352909158365
0.00353886367668
0.00352923767816
0.00353897666593
0.00352927186837
0.00353902388018
0.00353915199457
0.00353898335507
0.00353893781149
0.00353886058351
0.00353861400238
0.0035289055987
0.00353821337814
0.00353821369811
0.0035377761055
0.003537501457
0.00352767868686
0.00353678504104
0.00353661098997
0.00353612327588
0.00353562226734
0.00353546383847
0.00354469313144
0.00353423443148
0.00353401985299
0.00354314250572
0.00353260426567
0.00353226718935
0.00354140533314
0.00354067878836
0.00354016933714
0.00353949937395
0.00353858283292
0.00353784906237
0.00353728175895
0.00354628116903
0.00353535172922
0.00353450077788
0.00353377271961
0.00354273517563
0.00354159335597
0.00354055013033
0.00353959302952
0.00353870864389
0.00354739983169
0.00353616672194
0.00353493722875
0.00353376113166
0.00353262889835
0.00353152987136
0.00354003501913
0.00353858723765
0.00353716603133
0.00353576400817
0.00353437288282
0.00353298603479
0.00353159648351
0.00353019751385
0.00354858754447
0.00354693623931
0.00354528073693
0.00354361605908
0.0035419388573
0.00354024515543
0.00353853247647
0.00353679652307
0.00353502637445
0.00354316842018
0.00354132322086
0.00353943942406
0.00353751761837
0.00353555809035
0.00354351177449
0.00354148036398
0.00353941576719
0.00353732065966
0.0035451434357
0.00354299456376
0.00354082506084
0.00353863903271
0.0035463796009
0.0035441731598
0.00354196576007
0.00353926509854
0.00353677498558
0.00353428174214
0.00354173738517
0.00353924456343
0.00354670695305
0.00354424334704
0.00354180944059
0.00353884127731
0.00353602781574
0.00354320166798
0.00354046944129
0.00354773596617
0.00354512822958
0.00354182721555
0.00353880569956
0.00354581631082
0.0035429765511
0.00355018202947
0.00353658994139
0.00354338705134
0.00354036775978
0.00354743476142
0.00354367271564
0.00354038915865
0.00354723225096
0.00354433446871
0.00354022677336
0.0035468696727
0.00354379967103
0.00353977813845
0.00354625618963
0.00354305536204
0.00353897733646
0.00354533820964
0.00355199239054
0.00353779566819
0.00354409934524
0.0035507392151
0.00354618969909
0.00354256021442
0.00353830786126
0.00354430397821
0.0035507183751
0.00354600970416
0.0035422278304
0.00353768844876
0.00354361378542
0.00353920115252
0.00354490985481
0.00355115971669
0.00354608686628
0.0035521838956
0.00354712305197
0.00354316957931
0.00353805749758
0.00354396754284
0.00353877644929
0.00354464466861
0.00353933421578
0.0035452047913
0.00353973844385
0.00354566016399
0.00354001230177
0.00354482818071
0.00355013263335
0.00354476818575
0.00355025050674
0.00354461915252
0.00355033798859
0.00354441775108
0.00353888223564
0.00354420732135
0.00354827654363
0.00354274923476
0.00354774950239
0.00354184726401
0.00354731005805
0.00355095875641
0.00354494718247
0.00355027542787
0.0035438564334
0.00354760356452
0.0035416371413
0.00354635705509
0.0035499232452
0.00354374363955
0.00354866699917
0.00355200818442
0.0035455758625
0.00353927793801
0.00355393961296
0.00354722803981
0.00354062353717
0.00354405774967
0.00354883121041
0.00355183844717
0.00354499581492
0.00354815178999
0.00354141993937
0.00354467377869
0.00354885307745
0.00355169141666
0.00354463451239
0.0035475393911
0.00354052195999
0.00354345739382
0.00354767845915
0.00355026730357
0.00355286555718
0.00354553386556
0.00354812582189
0.00355070671643
0.00354333012796
0.00354586898246
0.00354838054968
0.0035409138624
0.00354335598614
0.00354575882181
0.00354956784941
0.00355178793309
0.00355398194247
0.00355614683892
0.00354835290359
0.00355043990065
0.00355248725046
0.00355449574247
0.00355646622926
0.00354848144678
0.00355038175328
0.00355224990515
0.00354240306691
0.00354406455698
0.00354568323679
0.00354726323431
0.00354880912928
0.00355032595398
0.00355181919413
0.00355329478967
0.00355475913561
0.00355621908267
0.00355768171259
0.00354745768634
0.00354857460417
0.003549699391
0.00355084034513
0.00355200619735
0.00355320610612
0.00355444965263
0.00354374603962
0.00354458461535
0.00354547816234
0.00354643803933
0.00355739383962
0.0035465028858
0.00354710062469
0.00354779393438
0.00354859626188
0.00355943354603
0.00354795504256
0.00354843355531
0.00354905878887
0.00354779457885
0.00354797224927
0.00354833406695
0.00355881352493
0.00354715830134
0.00354730062878
0.00355759870692
0.00354593043424
0.00354590061282
0.00355606643157
0.00354425349579
0.00355404005391
0.00355420721477
0.00354213130339
0.00355187464308
0.00355204911325
0.00354953697246
0.00354938748789
0.00354713509059
0.00354667705595
0.00355657970247
0.00355379745336
0.00355351203144
0.00355084660659
0.00355032359278
0.0035477214169
0.00354699126986
0.00354440067235
0.00355342197059
0.00354087197917
0.00354975827355
0.00354706987228
0.00355584460747
0.00354311224728
0.0035518357838
0.00354888773503
0.00354766878918
0.00354453114863
0.00355328151794
0.00354993990352
0.00355877263998
0.00354525850713
0.00355422638688
0.00355034636449
0.00354688562691
0.00355531002576
0.00355152166879
0.0035601985174
0.00355606987405
0.00355228230211
0.0035605900473
0.00354650274539
0.00354262491848
0.00355069485879
0.00354641664105
0.00354239314513
0.00355032540125
0.00355580933455
0.0035515953548
0.00355949943266
0.00355485866699
0.00355039723268
0.00355843504205
0.00355353872519
0.00354879137735
0.00354417879871
0.003561848364
0.00355680545567
0.00355187101308
0.0035470325785
0.00355474915767
0.00355939477758
0.00355421169351
0.00354909295998
0.0035440266765
0.00356143238182
0.00355596959656
0.00355054571644
0.00355507373288
0.00354970593172
0.00354434756463
0.00354891308554
0.00355584209674
0.00356000469454
0.00355424466191
0.00354846366121
0.00355257808818
0.00354674186585
0.00355079783553
0.00354488740692
0.00354886629484
0.00355556716798
0.00355927088771
0.00356294577355
0.00355668224173
0.00356029012236
0.00355395335076
0.00355748827336
0.0035609860398
0.00355453510645
0.00355795628191
0.00355141775129
0.00355473965917
0.00355801178068
0.0035612352174
0.0035545042409
0.00355763683868
0.00356072699457
0.00356377758187
0.0035568928225
0.00354688174757
0.00354963051884
0.00355233523303
0.00355500178742
0.00354771532255
0.00355032648074
0.00355291791429
0.00355549656255
0.00355807048721
0.00356064611573
0.00354995971532
0.00355215489546
0.0035543603997
0.00355658577089
0.00355883903938
0.00356113067268
0.00355017191865
0.00355203573448
0.00355394965404
0.00355592588945
0.0035579764076
0.0035466887531
0.00354828645184
0.00355988847472
0.00356167807184
0.00355028286771
0.00355160772806
0.00355306427667
0.0035645664138
0.00355280992418
0.00355394297181
0.00355526252146
0.00355350449343
0.00355438113093
0.00355548208937
0.00355682759155
0.0035543589608
0.00355529317071
0.00355651092471
0.00355385377926
0.00355468294437
0.00355243073977
0.00355287781475
0.00356358045503
0.00355102893748
0.00355148427744
0.00356224143891
0.00354920123857
0.00355966449567
0.00354678298716
0.00355696967433
0.00355410265154
0.00355409340259
0.00356449765539
0.00355099829973
0.00356119538258
0.00355758273004
0.00355769003589
0.00355400476948
0.00356387198162
0.00355017493485
0.00355994668256
0.00355601166374
0.0035657117233
0.00355169412803
0.00356138926559
0.00355706437509
0.00355324587175
0.00356223104369
0.00354822482747
0.00355732178914
0.00355293636613
0.00356218902644
0.00355749954822
0.00355319657953
0.00356195810699
0.00355730177898
0.00356635881894
0.0035613357895
0.00355661897038
0.00356535975557
0.00356024132631
0.00355538237444
0.0035639141855
0.0035586279945
0.00355356051651
0.00356200358483
0.00355648987985
0.00355115728699
0.00354598749924
0.00356375280103
0.00355813046893
0.00355264732027
0.00356072971227
0.00355479284051
0.00355887520958
0.00355315269495
0.00356106933059
0.00356478925499
0.00355869180373
0.00355265215999
0.00354665776336
0.0035640701562
0.00355763718248
0.00356113596614
0.00355475427137
0.0035483787549
0.00355192115603
0.00355898511931
0.00356209284355
0.00355529871617
0.00355839832399
0.00355157882865
0.00355464798303
0.00354777514854
0.00355078335602
0.00356735288421
0.00356013846059
0.00356278050188
0.00355549005945
0.00355805213231
0.00356056985052
0.00355313358081
0.00355554499946
0.00355789992794
0.00356019555243
0.00355252306052
0.00355469281756
0.00355679786671
0.00355883722297
0.00355090431727
0.00355281720228
0.00355466983634
0.00355646255975
0.00355819722067
0.00355987288664
0.00356149239337
0.00356305894224
0.003564572892
0.00356603839575
0.00355757162666
0.00355895451933
0.0035603008476
0.00355719494143
0.00355817460584
0.00355911302147
0.00356001716929
0.00356089121809
0.00356174410833
0.00356258064331
0.00356341222381
0.0035497395031
0.00356007259755
0.00356051772106
0.0035609964055
0.00356152169169
0.00354783251928
0.00355782144188
0.00355795176546
0.00355815530177
0.00356832582107
0.00355420439454
0.00355401799408
0.00356383339251
0.00356386273547
0.0035495005439
0.00355896182685
0.00355865681894
0.00356839451267
0.00355357283023
0.00356285233091
0.00356241305814
0.00355747165965
0.00355656393824
0.00356577213212
0.00355078137025
0.00355955352415
0.00355868402609
0.0035533241272
0.0035619306535
0.00356094351669
0.00355521910619
0.00356373889824
0.00356271988932
0.00355653445638
0.00356505880388
0.00355907500892
0.00355737563238
0.00355151136892
0.00355940974003
0.00356776456138
0.00356122845637
0.00355942901309
0.003552871801
0.00356073231404
0.00355412713563
0.00356177989304
0.00355508193895
0.00356256822807
0.0035557363903
0.00356309725747
0.0035560939501
0.00356337401251
0.00355616519932
0.00356341696938
0.00355597234603
0.00356324795557
0.00355554081139
0.00354828249976
0.00356479447254
0.0035572346743
0.00356397953253
0.00355606928695
0.00356301459034
0.00356462561965
0.00355668874801
0.00356316628909
0.00355482091155
0.00355666306313
0.00356277104118
0.00355427824915
0.00355593011011
0.00356177875489
0.00355306997558
0.00355446436019
0.00356017591019
0.00356108784749
0.00355227664914
0.00356786082842
0.00355857477169
0.00355931465999
0.00355028132446
0.00356540142213
0.00355589630462
0.00355638059003
0.00355696012131
0.00356195944663
0.00356205201953
0.00355232016661
0.00355253432027
0.00356746595624
0.00356721796058
0.00355712651605
0.00355694292541
0.0035567787289
0.003556623099
0.00356111440407
0.00356052149454
0.00355992846947
0.00355932638964
0.00355870680633
0.00355804807728
0.00355734281546
0.00357140722454
0.00356044344726
0.00355930294461
0.00355811450942
0.00355687014928
0.00355556728354
0.00356409247516
0.00356266371962
0.00356116759307
0.00355959811111
0.00355795496414
0.00355623811364
0.00355444300885
0.00355257225167
0.0035506221286
0.00355849360476
0.00355639021665
0.00355420852922
0.00355194902993
0.00355950587579
0.00355709020355
0.00355459922928
0.00356193004871
0.00355929870351
0.00355660545425
0.00356373478025
0.00356092524718
0.00356794142555
0.00356503604634
0.00356209403976
0.00355382442958
0.00355048739969
0.00355700771432
0.00355360150319
0.0035600599643
0.00356649438884
0.00356304487484
0.00356946604983
0.0035505114105
0.00355648758314
0.00356245980147
0.00355856440979
0.00356457396574
0.00355530335497
0.00356082906091
0.00355650646354
0.00356212825372
0.0035678117934
0.0035579657969
0.00355327285754
0.00355856455186
0.0035639613701
0.00355379970125
0.00355870895583
0.00356375170074
0.00356894304138
0.00355826954897
0.00356299156873
0.00356788657555
0.00355713710616
0.00356154438155
0.0035661638654
0.00355520236959
0.00355935922972
0.00356377057056
0.00355248801189
0.00355646838841
0.00357061289327
0.00355893572259
0.00356281188692
0.00355135764726
0.00356474067739
0.00356861251893
0.00355660259728
0.00356015618768
0.00355812978284
0.00356137354469
0.00354951023345
0.00356235701305
0.00356580759637
0.00356303496107
0.00356623708525
0.00355349932008
0.00356637104738
0.00355350596329
0.00356619945269
0.00355316525581
0.00356571929322
0.00356236139211
0.0035649345933
0.00356133152947
0.00356385642904
0.00355997739919
0.00355656946616
0.0035583170058
0.00355456853091
0.00356624548444
0.00356215266757
0.00356407944187
0.00355963360017
0.00355555201384
0.00356682549237
0.00356235779791
0.00354830478325
0.00355915608804
0.00355455492395
0.0035657519522
0.00356071266859
0.00355590998204
0.00356684829487
0.00356157874334
0.00355650264421
0.00355160278342
0.00356173447314
0.00355632591892
0.00355105422757
0.00356119883016
0.00356528524715
0.00355962467777
0.00355406583625
0.0035637671697
0.00355770440597
0.00356159955072
0.00355567741981
0.00356519043188
0.00355877097682
0.00356226528857
0.00355591694548
0.00354957817358
0.00356853542932
0.00356172231834
0.00356477963759
0.00355795811604
0.00355111059303
0.00355412542267
0.00356274487032
0.00356529184511
0.00355793981025
0.00356041734786
0.00356285044093
0.00355535215706
0.0035576737614
0.00355004285979
0.0035522280216
0.00356996741297
0.00356193355934
0.00356369199305
0.00356538233403
0.00356699856101
0.0035586741417
0.0035601349436
0.00356151736229
0.00356281736489
0.00356403119084
0.00355529015547
0.00355633305685
0.00355729237059
0.00355816689464
0.00355895911012
0.00355967451277
0.00356031200759
0.00356087299863
0.00356135716566
0.00356177110852
0.0035621154925
0.00356239140089
0.00356260668237
0.00355649183294
0.00355632761171
0.00355609166044
0.00355579364598
0.00355543738941
0.00356489638574
0.00356443487577
0.00356393694968
0.00356340813767
0.00355631791208
0.00355530268776
0.00355427277736
0.00356310291951
0.00356206990189
0.00357090362325
0.00355338864667
0.00356174669833
0.0035602532489
0.00356866326344
0.00355117957286
0.00355908758012
0.00355716863304
0.00356519386242
0.00356344399048
0.00355497668875
0.00356257429854
0.00356041320332
0.00355207944243
0.00355926857009
0.00355672290665
0.00356420231547
0.0035551777229
0.00356215380581
0.00355945714319
0.00355023721651
0.00355691678718
0.00356381602842
0.0035543029349
0.00356072977237
0.00356741768945
0.00355749748593
0.0035637406271
0.00355404711603
0.00355985385658
0.00356599394692
0.00355570355906
0.00356144818281
0.00355124046794
0.00355660693117
0.00356239170237
0.0035514347831
0.00356675712661
0.00355579982309
0.00356096973945
0.00354993495114
0.00356471646574
0.00355357087134
0.00355825445739
0.00355681298545
0.00356129649157
0.00354976945428
0.00356397011793
0.00355220014176
0.00356627942203
0.00355422935565
0.00355837370805
0.00355586545035
0.00356982944792
0.00355712326104
0.00355468207982
0.00355803347515
0.00355519916407
0.00355867724923
0.00355544927103
0.00355256512105
0.00355547823445
0.0035521520888
0.00356518283537
0.00356142133974
0.00354804111926
0.00356069509955
0.0035567055474
0.00355293619917
0.00356528745658
0.00356101652697
0.00355692357104
0.00356909369489
0.00356448393275
0.00355013664319
0.00354577284287
0.00355727681035
0.0035622318138
0.00355741816447
0.00356900706187
0.00356365334097
0.00387100352884
