metodo_1_dt_1:4
4.75419473464e-07
0.0152490262023
0.0152478793578
0.015247068802
0.0152464711078
0.0152461251956
0.0152462258826
0.0152464828714
0.0152472981396
0.0152483768691
0.0152504378903
0.0152526672683
0.0152557960771
0.0152599246529
0.0152650119122
0.0152716940614
0.0152786804013
0.0152886150247
0.015299281582
0.015312058909
0.0153264061772
0.015343640803
0.0153634796582
0.015385938514
0.0154115588738
0.0154400327896
0.0154716824357
0.0155082178589
0.0155485076064
0.0155927618871
0.0156433261
0.0156969394359
0.0157572895919
0.0158232171943
0.0158948653646
0.015973059391
0.0160583145287
0.0161500443794
0.0162494236274
0.0163565319234
0.0164718642818
0.0165965716272
0.0167289511151
0.0168714121008
0.017023185239
0.0171849785228
0.0173569316808
0.0175392709777
0.0177330555542
0.0179380925194
0.0181541979499
0.0183830711832
0.018623153796
0.018876059612
0.0191420049619
0.0194206577783
0.019712246643
0.0200179021477
0.0203371651081
0.020670643625
0.0210182734919
0.021380283061
0.0217570816102
0.022148923968
0.0225555066429
0.0229774783256
0.0234149714474
0.023868156048
0.0243376678002
0.0248224408776
0.025323449773
0.0258414715954
0.0263749849442
0.0269258555365
0.0274929694343
0.0280772032577
0.0286784143472
0.029296141999
0.0299321271286
0.0305853641326
0.0312560377403
0.0319440649184
0.0326510949719
0.0333749963799
0.0341165884148
0.0348774262349
0.035655367331
0.0364522376094
0.0372677889404
0.038102242532
0.0389544686534
0.0398255768414
0.0407160354594
0.0416250462706
0.0425540549749
0.043501673077
0.0444677544553
0.0454538473704
0.0464592939171
0.0474832910051
0.0485278527583
0.0495918338491
0.0506749518308
0.0517777671531
0.0529007780285
0.0540432019621
0.0552043926179
0.0563865536474
0.0575885661287
0.0588103020574
0.0600507763298
0.0613127039884
0.0625932351271
0.063894415037
0.0652143904232
0.0665554407928
0.0679155527206
0.0692955769453
0.070695102948
0.0721144572231
0.0735534133175
0.0750123308688
0.0764901393062
0.0779879504816
0.0795048765795
0.0810411529333
0.0825960091014
0.0841701098136
0.0857637907551
0.0873762539412
0.0890074954247
0.0906572049206
0.0923249917108
0.0940117877211
0.0957167980973
0.0974401313523
0.0991807077155
0.100939919955
0.102716275358
0.104510355454
0.106320826738
0.108149753924
0.109995262335
0.111856854978
0.11373506662
0.115630858064
0.117541875864
0.119468796713
0.12141124522
0.123370185524
0.125343708806
0.12733191469
0.129335087144
0.131353458399
0.133385463574
0.135431042638
0.137491964179
0.139564782096
0.141651832334
0.143752414715
0.145864661585
0.14798952959
0.150127647853
0.152276826757
0.154437501024
0.156610055851
0.158793754505
0.160987731418
0.163193047437
0.165407562367
0.1676323375
0.169867954105
0.172111165744
0.174364520406
0.176626729947
0.178896191962
0.181175061397
0.183461262221
0.185755057347
0.188056300169
0.190364437316
0.192679236992
0.195000568435
0.197327561534
0.199660678233
0.201999209926
0.204343340782
0.206691828765
0.209045373288
0.21140297124
0.213764689612
0.216130711755
0.218499442192
0.220871848147
0.223247575042
0.225626084082
0.228006634048
0.230388389654
0.232773956748
0.235160140484
0.237547217158
0.239936811751
0.242327448325
0.24471785744
0.247108747754
0.24950040772
0.251892126406
0.254283682037
0.256675128814
0.259066114864
0.261455492993
0.263844805563
0.266232339016
0.268619837112
0.271005368811
0.273388773275
0.275770769631
0.278151599149
0.28052991277
0.282905408892
0.285279260153
0.287650945182
0.290020485571
0.292386533733
0.294750322699
0.297111195596
0.299469362896
0.30182488929
0.304177652442
0.306526439822
0.308872928078
0.3112167248
0.313556367959
0.315894261968
0.318227684104
0.320558871204
0.32288618738
0.32521070391
0.327532334251
0.329850361245
0.332165794143
0.334478073624
0.336787724854
0.33909418194
0.341397874587
0.343699032311
0.345997197857
0.34829314471
0.350586605321
0.352877610112
0.355166425544
0.357453119903
0.359737486514
0.362020761873
0.364301851312
0.366581239866
0.368859927042
0.371137421552
0.373413120783
0.375687680295
0.377962335265
0.380236805792
0.382510785748
0.384784466735
0.387058085476
0.389331652235
0.391606031067
0.393881779798
0.396158210316
0.398435084385
0.400714607432
0.402995419043
0.405277682113
0.407563342356
0.409849740871
0.412139999643
0.414432893729
0.416729309632
0.41902929843
0.421332399588
0.423639675333
0.425951401604
0.428268251905
0.430589282142
0.432915949375
0.435247697115
0.437584965642
0.439928827869
0.442278453176
0.444634620667
0.446998242207
0.449368006661
0.45174651388
0.454131335058
0.456524828308
0.458926396096
0.461336234092
0.463755524945
0.466183371226
0.468621170742
0.471067644406
0.473524972454
0.475992107155
0.478469688347
0.480958027509
0.483457149796
0.485967559647
0.488489604035
0.491023034763
0.493568971056
0.496126397127
0.498696612005
0.501279850224
0.503875661291
0.506484436857
0.509107244085
0.511742850449
0.514392681042
0.517055860934
0.519733491889
0.52242592128
0.525132636767
0.527853695698
0.530589791655
0.533341462823
0.536107983492
0.538889513286
0.541687342903
0.544500085086
0.547328916083
0.550173842764
0.553034172216
0.55591084289
0.558803839918
0.561713010987
0.564638965387
0.567580492186
0.570539293809
0.573514568643
0.576506801119
0.57951502364
0.582540030033
0.585581897188
0.588641389793
0.591716510476
0.59480919847
0.597917935275
0.601044096655
0.6041869098
0.607345739172
0.610521523583
0.61371414778
0.616923447726
0.62014909943
0.623391678743
0.626649621853
0.629924431665
0.633215325156
0.636522469757
0.639845108676
0.643183413607
0.646537930839
0.649908053586
0.653293309446
0.656693951057
0.660109545193
0.663539469473
0.666984979212
0.670444679942
0.67391866662
0.677407038972
0.680909067709
0.684425232995
0.687954518984
0.691497734295
0.695053577722
0.698622109422
0.702203286793
0.705796391184
0.709402382695
0.713019871524
0.716648658729
0.720288190307
0.723939032617
0.727600944722
0.731272939464
0.734955212948
0.738647234977
0.742349010611
0.746059226427
0.749778193187
0.753506042307
0.757241734782
0.760985913287
0.764737495418
0.768495965589
0.772260977189
0.776033458793
0.779811615203
0.783595600314
0.787384626818
0.791179394476
0.794978286779
0.79878181531
0.802589708818
0.806401548622
0.810215559368
0.814033792134
0.817853292006
0.821676005896
0.825500432881
0.829326274761
0.833153902099
0.836981588966
0.840810487834
0.844638658838
0.848466938385
0.852294189505
0.856121038544
0.859946082768
0.863769619927
0.867591300656
0.871410158289
0.875227414127
0.879040288173
0.882850457264
0.886656140329
0.890459313315
0.894256428603
0.898050063627
0.901838411843
0.905620654541
0.909397080635
0.913168721627
0.916933459096
0.920691559613
0.924442822775
0.928186996738
0.931924000001
0.935653246253
0.939373753561
0.943086625604
0.946790674217
0.950486481347
0.954172620358
0.957850182616
0.961517307698
0.96517561638
0.968823720793
0.972461201628
0.976088222341
0.979704711252
0.983311289885
0.986906195057
0.990489987248
0.994062297124
0.997623117745
1.00117261652
1.00471040768
1.00823599587
1.01174964368
1.01525048149
1.01873943697
1.02221552301
1.02567920804
1.02913011681
1.03256776713
1.03599373885
1.03940509726
1.04280410308
1.04619068472
1.04956362448
1.05292339653
1.05626949697
1.05960222739
1.06292264682
1.06622870571
1.06952121648
1.07280084866
1.07606705777
1.07932026999
1.08255861113
1.0857852738
1.08899813973
1.0921972142
1.0953828186
1.09855581109
1.10171557528
1.10486254336
1.10799576325
1.11111629118
1.11422345822
1.11731804413
1.1204006041
1.12346956242
1.12652657164
1.12957067388
1.13260265029
1.13562266251
1.13863065284
1.14162575101
1.1446100935
1.14758230688
1.15054270946
1.15349207709
1.15642972905
1.15935630427
1.16227178535
1.16517633677
1.16807097745
1.17095448949
1.17382785292
1.17669114694
1.17954393834
1.18238748493
1.18522111913
1.18804483867
1.19086011569
1.19366583429
1.19646228741
1.19925068045
1.20202964703
1.20480065768
1.20756413746
1.21031894419
1.21306607325
1.21580545939
1.21853778476
1.22126263114
1.22398034305
1.22669106238
1.22939550207
1.23209370017
1.2347856366
1.23747116477
1.24015017015
1.24282458617
1.24549329733
1.24815586625
1.25081468025
1.25346693906
1.25611575265
1.25875896955
1.26139831484
1.26403337717
1.26666447761
1.26929096942
1.27191379273
1.27453395155
1.27714920009
1.27976221259
1.28237135589
1.2849779386
1.28758150202
1.29018178914
1.29277990666
1.29537588541
1.29796883776
1.30056015595
1.30314854678
1.30573514018
1.30832043309
1.31090301698
1.31348396434
1.31606303193
1.3186406868
1.32121710044
1.32379155124
1.32636480301
1.32893666865
1.33150696116
1.33407632991
1.33664484572
1.33921157638
1.34177756605
1.34434153186
1.34690431454
1.34946622842
1.35202776928
1.35458718519
1.35714580838
1.35970357096
1.36225926208
1.36481407405
1.36736810075
1.36991948908
1.37247065097
1.37502020296
1.37756758856
1.38011375967
1.38265769967
1.38520014481
1.38774053065
1.39027917994
1.39281537779
1.39534990528
1.39788147722
1.40041096431
1.40293749152
1.40546124404
1.40798235722
1.41050064232
1.4130157453
1.41552611623
1.41803411873
1.42053788614
1.42303840517
1.42553445217
1.42802569471
1.43051266852
1.43299463214
1.43547176561
1.4379440829
1.44041067866
1.44287203489
1.44532789504
1.44777666611
1.45021942232
1.45265576813
1.45508549094
1.45750797514
1.45992316035
1.46233141343
1.46473129906
1.46712298987
1.469506053
1.4718807933
1.47424680428
1.47660370342
1.47895047611
1.48128837732
1.48361580844
1.48593270891
1.4882397438
1.49053493148
1.49281915039
1.49509241041
1.49735376266
1.49960291436
1.50183932654
1.50406376118
1.50627543979
1.50847347308
1.51065800146
1.51282858956
1.51498473603
1.51712738831
1.51925520024
1.52136774717
1.52346488215
1.52554622769
1.52761267802
1.52966222801
1.53169545611
1.53371199502
1.53571186344
1.53769430891
1.5396593367
1.54160579022
1.54353523693
1.54544524841
1.54733712369
1.54921006525
1.5510640701
1.55289900616
1.55471360361
1.55650844919
1.55828293805
1.56003826791
1.56177156577
1.56348379264
1.5651757428
1.56684611804
1.56849540105
1.57012188608
1.57172696298
1.57330964167
1.57486970317
1.57640717062
1.5779217581
1.57941374272
1.58088152225
1.58232686875
1.58374827764
1.58514537739
1.58651850289
1.58786851354
1.58919341095
1.59049340379
1.59176893871
1.59302031994
1.59424596526
1.59544762297
1.59662345139
1.59777317911
1.59889857607
1.599997436
1.60107123531
1.60211841403
1.60314050381
1.60413650562
1.60510564955
1.60604787587
1.60696504137
1.6078553736
1.6087191212
1.60955547887
1.61036652198
1.61114984626
1.61190592778
1.61263598823
1.61333826349
1.61401341335
1.61466156312
1.6152838632
1.61587777821
1.61644426688
1.61698314258
1.61749603965
1.61798018316
1.61843777028
1.61886809002
1.61927027465
1.61964523107
1.61999304114
1.62031334681
1.62060566357
1.62087152685
1.62110901921
1.62131953959
1.62150202667
1.621657218
1.62178488819
1.62188558869
1.62195773089
1.62200358322
1.62202126291
1.62201274802
1.62197586107
1.621911276
1.62182052895
1.62170205492
1.62155597523
1.62138353206
1.62118238634
1.62095577448
1.62070105458
1.62041974451
1.62011130985
1.61977604394
1.61941376288
1.61902481416
1.61860921624
1.61816652273
1.61769727612
1.617200929
1.61667853638
1.61612964282
1.61555374372
1.61495227509
1.61432449891
1.61366930258
1.61298813112
1.61228209126
1.61154878302
1.61078997078
1.61000495001
1.60919369798
1.60835745288
1.60749445988
1.60660634135
1.60569318196
1.60475347722
1.6037891567
1.6027984108
1.60178205979
1.60074156802
1.59967550814
1.59858423828
1.59746796411
1.59632620059
1.5951597257
1.59396827904
1.59275233837
1.59151170778
1.59024614931
1.5889557177
1.58764066596
1.58630170071
1.5849378019
1.5835493803
1.58213724436
1.58070108651
1.57923987927
1.57775505392
1.57624579934
1.5747128962
1.57315609075
1.57157564831
1.56997104893
1.5683425161
1.56669004954
1.56501459726
1.56331489098
1.56159253804
1.55984604817
1.55807580356
1.55628278469
1.55446601881
1.552626475
1.55076282827
1.5488765974
1.54696718787
1.54503485145
1.54307869796
1.54110059234
1.53909843733
1.53707376127
1.5350261075
1.53295573762
1.53086271372
1.52874665803
1.5266076268
1.52444597386
1.52226133875
1.52005434292
1.51782484563
1.51557248524
1.51329786936
1.51100112297
1.50868103186
1.50633897472
1.50397363422
1.50158720064
1.49917754697
1.49674515472
1.49429110173
1.49181347784
1.48931447227
1.48679266546
1.4842492054
1.48168280826
1.4790946651
1.47648405909
1.47385147255
1.47119581864
1.46851845401
1.46581854161
1.46309680028
1.46035247904
1.45758645659
1.45479732428
1.45198735741
1.4491549001
1.44629927837
1.44342215995
1.44052255389
1.43760119017
1.43465743959
1.43169177224
1.42870334381
1.42569270529
1.4226605328
1.41960591786
1.41652862591
1.41343036469
1.41030856649
1.40716567594
1.40399995673
1.40081152083
1.39760136377
1.39436933862
1.39111522854
1.38783739116
1.38453853543
1.38121783549
1.37787423047
1.37450805288
1.37111920413
1.36770886414
1.36427638172
1.36082071164
1.35734305725
1.35384292789
1.35032093953
1.34677548236
1.343208509
1.33961832762
1.33600602901
1.33237099737
1.32871421877
1.32503389289
1.3213317154
1.31760648706
1.3138595912
1.31008891554
1.30629626212
1.30248037451
1.29864201402
1.29478143446
1.29089766115
1.28699113318
1.28306193393
1.27910944974
1.27513428833
1.27113630833
1.26711521791
1.26307119927
1.25900443502
1.25491480401
1.25080253446
1.24666563983
1.24250665271
1.23832439619
1.23411897773
1.22989040423
1.22563811755
1.2213632263
1.21706483871
1.21274257118
1.20839721294
1.20402918082
1.19963702263
1.1952208549
1.19078161778
1.18631883554
1.18183258515
1.17732306141
1.172788957
1.16823225751
1.16365100508
1.15904573161
1.15441793961
1.1497652722
1.14508903886
1.14038861031
1.13566414253
1.13091571982
1.12614334921
1.12134786917
1.11652699837
1.1116825919
1.10681386606
1.10192168654
1.0970049205
1.09206323636
1.08709829184
1.08210825059
1.07709419825
1.07205659122
1.0669944064
1.06190754238
1.05679606617
1.05166034831
1.04650080431
1.0413160394
1.03610792633
1.0308741579
1.0256168287
1.02033476741
1.015028617
1.0096982049
1.00434319859
0.998963679153
0.993559562153
0.988131237977
0.982678924318
0.977201529359
0.971700551817
0.966174873799
0.960625537087
0.955051193528
0.949453303377
0.94383119763
0.938184793633
0.93251451965
0.926820306641
0.921102272298
0.915360277451
0.909594191419
0.903804508437
0.897991403103
0.892155607168
0.886295820792
0.880412089552
0.874505383029
0.868575556214
0.862623324284
0.856648041047
0.85064935151
0.844628674604
0.838585093657
0.832519814069
0.826432321475
0.820323074517
0.814191738145
0.808037941598
0.801863475991
0.795668134822
0.789451618965
0.783214725374
0.776956592159
0.770678901768
0.76438039595
0.758063087051
0.751725557426
0.745368937982
0.738993672944
0.732599797461
0.72618748635
0.719757755765
0.71331064597
0.706846052723
0.700364879684
0.693867980831
0.687353993491
0.680825696575
0.674281539474
0.667723388782
0.661150417403
0.654564113484
0.647965945672
0.641354008511
0.634730659283
0.628097019141
0.621452223959
0.614797014194
0.608132945372
0.601460027222
0.594779758359
0.588092663619
0.581398250884
0.574699522933
0.56799552322
0.561289188477
0.55457945942
0.547867455755
0.541155609941
0.53444414803
0.527734512268
0.521027675032
0.514324257681
0.507627461767
0.500935470667
0.494253375246
0.487580160881
0.480917552649
0.474268470791
0.46763345863
0.461014073759
0.454414273692
0.447833023236
0.44127487903
0.434740955011
0.428234055696
0.421755366293
0.415308403366
0.408895775992
0.402519647329
0.396184316237
0.389891280089
0.383645037199
0.377447984515
0.371305090864
0.365218012832
0.359193009058
0.353233593453
0.347343557512
0.341528249907
0.335792902364
0.330141947901
0.324580938798
0.31911531227
0.313752551961
0.308497535173
0.303357332197
0.298338972666
0.293449126873
0.288694826881
0.284085465681
0.279627615745
0.275329739797
0.271199841665
0.267246981392
0.263479009997
0.259905567644
0.256534809572
0.253375528804
0.250436254605
0.247725982805
0.245251601455
0.243020526829
0.241040750395
0.239318255543
0.237858965023
0.236667778322
0.235749487971
0.235106345789
0.23474095143
0.234654772927
0.234848132495
0.235320883768
0.236069670912
0.237092055795
0.238384609743
0.239941505279
0.241759473709
0.243830938734
0.246148243579
0.248705089722
0.251494345402
0.254505755533
0.257732014056
0.261165008493
0.264794988793
0.268614314758
0.272613273896
0.276784787821
0.281118989768
0.285607926499
0.29024436328
0.295020620923
0.299928754467
0.30496165754
0.310111172547
0.315373155312
0.320739865101
0.326205348333
0.331763864782
0.337411244455
0.343139908034
0.348946510857
0.354826172789
0.360773853551
0.36678684409
0.372859769023
0.378990118539
0.385173412352
0.391406336167
0.397686111456
0.404009235892
0.41037380525
0.416776543815
0.423214276261
0.429685902249
0.436189091048
0.442720825424
0.449279420479
0.455863465825
0.462470357633
0.46909909822
0.475747577273
0.482414345639
0.489098536272
0.495798903495
0.502513729814
0.509241222569
0.515980443444
0.522731037168
0.529491994769
0.536261209309
0.543038336156
0.549823976029
0.556614648483
0.563411293805
0.570213512286
0.577018619938
0.58382878581
0.590639990503
0.597455264919
0.604271251922
0.611088299236
0.617906723117
0.624724934009
0.631543178196
0.638360717053
0.645177705426
0.651992304615
0.658805345237
0.665617021003
0.672425943573
0.679232160989
0.68603521298
0.692834981517
0.699631928942
0.706424634085
0.713212646387
0.71999738032
0.726777198776
0.733553421728
0.740324305971
0.747089991905
0.753850687523
0.760605471755
0.76735641703
0.774100313707
0.780839365265
0.787573173438
0.794299757039
0.801021848103
0.807737195839
0.814445451788
0.821148084528
0.827844189847
0.834533856085
0.841217993106
0.847893653867
0.854563887774
0.861226502866
0.867882199535
0.874531660792
0.881172397993
0.887807626253
0.89443513988
0.901054493768
0.907667245944
0.914271628966
0.920869012395
0.927459235985
0.93404097136
0.940614788964
0.947180593171
0.953738974002
0.96028823346
0.966829908665
0.9733629056
0.979887756231
0.986403627263
0.992911109032
0.999409220877
1.00589902655
1.01237940215
1.01885051861
1.02531231798
1.03176459599
1.03820845398
1.04464068271
1.05106411348
1.05747644899
1.06387962343
1.0702717037
1.07665366415
1.08302422369
1.08938424306
1.09573313402
1.10206941432
1.10839546236
1.11470968164
1.1210110843
1.12730080229
1.13357794639
1.13984230387
1.14609370424
1.15233208007
1.15855737231
1.16476788045
1.17096551719
1.17714803507
1.18331722804
1.18947081384
1.19560931983
1.20173228283
1.20784010337
1.21393113797
1.22000666625
1.22606482855
1.23210676258
1.23813053713
1.24413702469
1.25012607242
1.25609676893
1.26204855451
1.26798121466
1.27389428669
1.27978769051
1.2856613117
1.29151394325
1.29734605395
1.30315771137
1.30894635903
1.31471373069
1.32045879736
1.32618086827
1.33187936401
1.33755416013
1.34320502843
1.34883170982
1.35443374438
1.36000986378
1.36556006558
1.37108399098
1.37658250812
1.38205257264
1.38749663983
1.39291226442
1.398299524
1.40365783112
1.40898648514
1.41428608802
1.41955513055
1.42479480503
1.43000267664
1.43517904195
1.4403235481
1.4454369968
1.4505167759
1.45556284952
1.46057587694
1.46555446176
1.47049967436
1.47540925033
1.48028327702
1.48512213854
1.48992392699
1.4946900543
1.49941841274
1.50410946316
1.50876261796
1.51337823597
1.51795471671
1.5224912797
1.52698891916
1.53144677123
1.5358638239
1.5402407908
1.54457649615
1.5488698839
1.55312250116
1.55733259288
1.56149913497
1.56562418088
1.56970512057
1.57374228532
1.57773476075
1.58168366172
1.58558799894
1.58944674344
1.5932597524
1.59702776957
1.60074961498
1.60442485528
1.6080532601
1.61163504699
1.6151698361
1.61865614883
1.62209595738
1.62548684287
1.62882885573
1.63212286878
1.63536828511
1.63856423335
1.64171100606
1.64480821572
1.64785499569
1.65085145287
1.6537986123
1.65669524268
1.65954083628
1.66233618517
1.66508025397
1.66777185705
1.67041348215
1.67300323345
1.67554070651
1.67802687353
1.68046010099
1.68284219714
1.68517159766
1.68744793066
1.6896725994
1.69184406125
1.69396295439
1.69602835891
1.69804141596
1.70000106898
1.70190751902
1.70376111651
1.70556037746
1.70730696826
1.70899937576
1.71063899363
1.7122246399
1.71375643354
1.7152347308
1.7166597717
1.7180303373
1.71934736098
1.72060989933
1.72181876577
1.72297422294
1.72407559232
1.72512286248
1.72611577197
1.72705601989
1.72794104325
1.72877238357
1.72955076943
1.73027380559
1.73094464698
1.73156024543
1.73212217353
1.73263118207
1.73308211091
1.73348722948
1.73382920499
1.7341283347
1.73436499765
1.73454940246
1.73468171046
1.73476199955
1.73479026348
1.73476641201
1.73468031052
1.73455164123
1.73436025172
1.73412040098
1.73382697798
1.73348027115
1.7330806043
1.7326282083
1.73212321547
1.73156497764
1.73095542838
1.73029161712
1.72957621181
1.72880798503
1.72798787023
1.72711544596
1.72619110595
1.72521332883
1.72418500857
1.7231040656
1.72197138844
1.72078702445
1.71955119171
1.71826329892
1.71692440767
1.71553386836
1.71409222803
1.71259863341
1.71105442691
1.70945887004
1.70781326191
1.70611658661
1.70436786827
1.70256947925
1.70072093945
1.69882166524
1.69687104042
1.69487109481
1.69282028595
1.69071999171
1.68856895786
1.68636923505
1.68411931695
1.68181894092
1.6794694206
1.67706957005
1.67462138548
1.67212315911
1.66957622911
1.66698005006
1.66433488343
1.66164051341
1.65889708772
1.6561049975
1.65326510034
1.65037505667
1.64743810759
1.64445242604
1.64141795032
1.63833641874
1.63520533002
1.63202801677
1.62880201738
1.62552756006
1.62220693691
1.61883824886
1.61542162277
1.61195902593
1.6084484256
1.60489066198
1.60128651179
1.59763467864
1.59393675254
1.5901922556
1.58640167886
1.58256441225
1.57868058445
1.57475065636
1.57077558195
1.56675341316
1.56268625923
1.55857377419
1.55441570099
1.55021216803
1.54596724343
1.54167012967
1.53732892262
1.53294396
1.52851548072
1.52404365937
1.51952866016
1.51497035528
1.51036000055
1.50571519003
1.50102220548
1.49628615977
1.49150645718
1.48668403144
1.4818175945
1.47690884959
1.47195681279
1.4669627919
1.4619268561
1.45684757545
1.45172694946
1.44656419169
1.44135969539
1.43611384148
1.43082695102
1.42549857751
1.42012962148
1.41471937651
1.40926935156
1.40377864809
1.39824727316
1.3926769397
1.38706701053
1.38141734442
1.37572824629
1.36999950979
1.36423325635
1.35842700782
1.35258399573
1.34670158902
1.34078150767
1.33482422006
1.32882984685
1.32279690784
1.31672777011
1.31062279537
1.3044804149
1.29830208684
1.29208763473
1.28583780826
1.27955234753
1.27323129445
1.26687601373
1.26048622656
1.25406154308
1.24760246751
1.24111034278
1.23458456538
1.22802541355
1.22143319489
1.21480801605
1.20815099581
1.20146115923
1.19474046333
1.18798681282
1.18120292589
1.17438767594
1.16754165048
1.1606656563
1.15375975385
1.14682404077
1.13985838778
1.13286413146
1.12584063024
1.11878915543
1.1117096674
1.10460203177
1.09746637768
1.09030431338
1.08311493584
1.07589879177
1.06865723373
1.06138924018
1.05409603884
1.04677785763
1.03943446947
1.03206894253
1.02467630522
1.01726118683
1.00982482761
1.00235912257
0.994873813221
0.98736923199
0.979838116274
0.972288914304
0.964721952309
0.957130123389
0.94952131049
0.941888567738
0.934239373861
0.926573993944
0.918885544275
0.911181252231
0.903454673448
0.895718903982
0.887960490555
0.880193266656
0.872403948055
0.864604994729
0.856784507033
0.848955739369
0.841112606153
0.833257434601
0.825389910388
0.81751074222
0.809621363668
0.801721645733
0.793812857475
0.785895285398
0.777969609149
0.770037030919
0.762098154668
0.754153457816
0.746205086644
0.738252227532
0.730296512393
0.722338853433
0.714380556926
0.706422465773
0.698465920873
0.690510422873
0.682559995624
0.674613385521
0.666673675985
0.658740207672
0.650815682861
0.64290238139
0.635000283546
0.627111637309
0.619237461576
0.611380015451
0.603542387741
0.595723834276
0.587928686758
0.580158286455
0.572414919689
0.564701086714
0.557018273047
0.54937102363
0.541760013368
0.534189968058
0.526662666969
0.519181075698
0.511750275119
0.504372282038
0.497051465351
0.489791229578
0.48259610752
0.475470781905
0.468419106096
0.461447222681
0.454558376677
0.4477599643
0.441055506289
0.434451954323
0.427956370308
0.42157405983
0.415311391556
0.409176281881
0.403176550178
0.397318618836
0.391610621486
0.386061562572
0.38068017242
0.37547454348
0.370452616226
0.365628048578
0.361008202732
0.35659376538
0.352404980314
0.348452387304
0.344736642659
0.341277441864
0.338075163106
0.335139289213
0.332488960367
0.330122855834
0.328049077413
0.326275038811
0.324817314194
0.323661755712
0.322833123464
0.322315340291
0.32213116531
0.322272365377
0.322739589588
0.323532364678
0.324659130234
0.326097285372
0.327863126139
0.329942050678
0.332338416856
0.335035895339
0.338037297461
0.341324721966
0.344889777715
0.348743393286
0.352856265972
0.357228714637
0.361860476186
0.366721802042
0.371822047788
0.377141044922
0.382678230983
0.388418441558
0.394354298608
0.400476780417
0.406778878505
0.413251657883
0.419887472612
0.426677874134
0.433616607464
0.440695634214
0.447908024889
0.455247161521
0.462706643084
0.470280168145
0.477961744242
0.485746553847
0.493628891996
0.501603247669
0.509664360307
0.517808088908
0.526030415238
0.534325471368
0.542689545236
0.551120052216
0.559611518291
0.56816158952
0.576765016324
0.585420648375
0.594123387298
0.602871284599
0.611660452095
0.62048905362
0.629354203705
0.638252387002
0.647180947011
0.656139118501
0.665123435041
0.674131488326
0.683160581617
0.692209538185
0.701277058957
0.71035829835
0.719454349356
0.728561791362
0.737679391361
0.746805923782
0.755937667014
0.765075232814
0.774214586254
0.783357010433
0.792499413814
0.801639263697
0.810777523437
0.819911469315
0.829039017285
0.838160988781
0.847273845405
0.856377576884
0.865471348215
0.874553266835
0.883616405696
0.892671144475
0.901710441677
0.910730120935
0.919734219737
0.928722448474
0.937688610252
0.946632043894
0.955552898072
0.964455339761
0.973334245875
0.982188246278
0.991010000465
0.999813049288
1.00858234632
1.0173319321
1.02604694493
1.03473371265
1.04339172571
1.05201273848
1.0606035594
1.06916347356
1.07769183427
1.0861878599
1.09464261216
1.10306320239
1.11144891607
1.11979850054
1.12810257652
1.13637718925
1.14461267824
1.15279895459
1.16095246303
1.16906351593
1.17713942681
1.18516978912
1.19315311267
1.20109755799
1.20900132982
1.2168534587
1.22467129373
1.23243417769
1.2401605099
1.24783703692
1.25546773449
1.26305151189
1.27058962845
1.27807878546
1.28552128007
1.29291474051
1.30026117135
1.30755720296
1.31480479809
1.32200345637
1.3291509922
1.33624993305
1.34329687273
1.35251684711
