metodo_3_dt_1:1
1.16440452895e-06
0.0169443132523
0.033884614037
0.0508199494434
0.0677488396967
0.0846698801836
0.101581761384
0.11848327719
0.135373322813
0.152250885044
0.169115027743
0.185964874717
0.202799591498
0.219618367117
0.236420396917
0.253204867428
0.269970944167
0.286717762813
0.303444423671
0.320149988788
0.336833480717
0.353493881746
0.370130132472
0.386741128808
0.403325716918
0.41988268625
0.436410761808
0.45290859819
0.469374779266
0.485807827972
0.502206229355
0.518568466057
0.534893060175
0.551178611741
0.567423824868
0.583627517375
0.599788615564
0.615906139268
0.631979182768
0.648006895491
0.663988464456
0.679923098976
0.695810017405
0.71164843567
0.727437557426
0.743176565881
0.758864617344
0.774500836444
0.790084312727
0.805614098053
0.821089204064
0.836508598871
0.851871202286
0.867175879249
0.882421431903
0.897606591978
0.912730016767
0.92779029347
0.942785956759
0.95771552168
0.972577528161
0.987370587076
1.0020934155
1.01674485278
1.03132385695
1.04582948744
1.06026088196
1.07461723391
1.08889777339
1.10310175245
1.11722843387
1.13127708238
1.14524695718
1.15913730529
1.17294735533
1.18667631178
1.20032334975
1.21388761036
1.22736819636
1.24076416778
1.254074537
1.26729826294
1.28043424424
1.29348131241
1.30643822717
1.3193036776
1.33207629419
1.34475467517
1.35733742705
1.36982321198
1.38221078996
1.39449904413
1.40668698444
1.41877373313
1.43075850071
1.44264056056
1.45441922733
1.46609384084
1.47766375495
1.48912832999
1.50048692706
1.51173890297
1.52288360505
1.53392036532
1.54484849405
1.55566727309
1.56637594902
1.57697372666
1.58745976289
1.59783316078
1.60809296422
1.61823815322
1.62826764148
1.63818027818
1.64797485772
1.65765014039
1.66720488526
1.67663789183
1.68594804192
1.69513433081
1.7041958801
1.71313193132
1.72194182615
1.73062498152
1.73918086613
1.74760898217
1.75590885261
1.76408001323
1.77212200752
1.78003438284
1.78781668652
1.79546846072
1.80298923577
1.8103785218
1.81763579929
1.82476050915
1.83175204356
1.83860973837
1.84533286788
1.85192064254
1.85837221024
1.86468666198
1.87086304352
1.87690037426
1.88279767405
1.88855399652
1.89416846395
1.89964029695
1.90496883208
1.91015352405
1.91519393431
1.92008971128
1.92484056844
1.92944626502
1.9339065914
1.93822135938
1.94239039636
1.94641354174
1.95029064388
1.9540215563
1.95760613168
1.96104421324
1.96433562316
1.96748014904
1.97047752989
1.97332744416
1.97602950196
1.9785832433
1.98098814307
1.98324362244
1.98534906579
1.98730384228
1.98910733069
1.9907589463
1.99225816747
1.99360455843
1.9947977851
1.99583762102
1.9967239432
1.99745671988
1.99803599388
1.99846186536
1.99873447692
1.99885400242
1.99882063944
1.99863460475
1.99829613133
1.99780546536
1.99716286177
1.99636857664
1.99542285567
1.99432591834
1.99307793924
1.99167902947
1.99012922255
1.98842846899
1.98657664214
1.98457355486
1.98241898399
1.98011269822
1.97765448562
1.9750441782
1.97228167223
1.9693669438
1.96630005896
1.96308117817
1.95971055487
1.95618852874
1.95251551504
1.9486919919
1.94471848772
1.94059557009
1.93632383723
1.93190391199
1.92733643779
1.9226220755
1.91776149987
1.9127553936
1.90760443758
1.90230929582
1.89687059492
1.89128890029
1.88556469385
1.87969836012
1.87369018696
1.8675403831
1.861249109
1.85481651347
1.84824276804
1.84152809408
1.83467278096
1.8276771965
1.8205417915
1.8132671002
1.80585373781
1.79830239566
1.79061383437
1.78278887559
1.77482839297
1.76673330315
1.75850455768
1.75014313616
1.74165004094
1.7330262929
1.72427292738
1.71539098907
1.70638152403
1.69724556699
1.68798412265
1.67859814119
1.66908849128
1.65945593739
1.64970113048
1.63982461873
1.62982687838
1.61970835675
1.60946951558
1.59911086519
1.58863298555
1.57803653562
1.5673222544
1.55649095767
1.5455435329
1.53448093374
1.52330417451
1.51201432459
1.50061250257
1.48909987011
1.47747762557
1.46574699768
1.45390923959
1.44196562328
1.42991743417
1.41776596507
1.40551250855
1.39315834581
1.38070473077
1.36815286837
1.35550388847
1.34275882002
1.32991857368
1.31698394209
1.30395562251
1.29083425804
1.27762048592
1.26431497981
1.25091847797
1.23743179625
1.22385582959
1.21019154709
1.19643998475
1.18260223839
1.16867945774
1.15467284181
1.14058363498
1.12641312335
1.1121626307
1.09783351367
1.08342715626
1.06894496346
1.05438835412
1.03975875305
1.02505758163
1.01028624643
0.995446124392
0.980538544165
0.965564763696
0.95052594693
0.935423145178
0.920257290918
0.90502921043
0.889739655977
0.874389350396
0.858979032146
0.843509490102
0.827981583322
0.812396247051
0.796754489569
0.781057384805
0.765306064286
0.749501710395
0.73364555157
0.717738859239
0.701782945813
0.685779162833
0.66972889837
0.653633572926
0.637494633327
0.621313544451
0.60509177885
0.588830804465
0.57253207055
0.556196991787
0.539826930625
0.523423178344
0.506986936515
0.490519302249
0.474021262115
0.457493699554
0.440937417826
0.424353175484
0.40774172661
0.391103856627
0.374440407141
0.357752288072
0.341040479381
0.324306026475
0.307550033229
0.29077365538
0.273978095764
0.257164601847
0.240334465313
0.223489022981
0.206629658141
0.189757801287
0.172874929641
0.155982565626
0.139082276241
0.122175678487
0.105264462781
0.0883504633788
0.0714358570015
0.0545237685135
0.0376205589511
0.020749356209
0.00429424828909
0.0133716674046
0.0301874704553
0.0470685183381
0.0639589348396
0.0808488543767
0.0977346635357
0.114614350821
0.131486436273
0.148349634535
0.165202728708
0.18204451797
0.198873793923
0.215689328451
0.232489866063
0.249274118001
0.266040757536
0.282788417171
0.299515689191
0.316221131301
0.332903278636
0.349560662303
0.366191832919
0.382795386098
0.39936998608
0.41591438414
0.432427429668
0.448908073199
0.465355361667
0.481768426616
0.4981464664
0.514488723852
0.530794461583
0.547062937705
0.563293384852
0.579484994651
0.595636908517
0.611748214221
0.62781794668
0.643845091004
0.659828585987
0.675767326647
0.691660165014
0.707505908965
0.723303319539
0.73905110793
0.754747934158
0.770392410107
0.785983109795
0.801518588752
0.816997412014
0.832418187008
0.847779595071
0.863080415072
0.878319534983
0.893495950926
0.908608756183
0.923657123902
0.938640286839
0.953557516445
0.968408102688
0.983191335531
0.997906488833
1.01255280741
1.02712949776
1.04163572248
1.05607059809
1.07043319508
1.08472253932
1.09893761347
1.11307735745
1.12714066731
1.14112639247
1.15503333174
1.1688602297
1.18260577611
1.19626861183
1.20984734495
1.22334057879
1.2367469496
1.25006516648
1.26329404388
1.27643251832
1.28947964728
1.30243459371
1.31529660284
1.32806497758
1.34073905622
1.35331819381
1.36580174726
1.37818906336
1.3904794691
1.40267226406
1.41476671459
1.4267620498
1.43865745925
1.45045209193
1.46214505578
1.47373541736
1.48522220059
1.49660438447
1.50788089944
1.51905062345
1.53011237941
1.54106493737
1.55190702548
1.56263735349
1.57325464927
1.58375770313
1.59414540925
1.6044167921
1.61457101125
1.62460734626
1.63452516981
1.64432391815
1.65400306528
1.66356210314
1.67300052773
1.68231782945
1.69151348622
1.7005869579
1.70953768146
1.7183650666
1.72706849176
1.73564730084
1.74410080052
1.75242825806
1.76062889936
1.76870190676
1.77664641656
1.78446151622
1.7921462425
1.79969958265
1.80712048185
1.81440786104
1.82156064726
1.82857781488
1.83545842985
1.84220168473
1.84880691396
1.8552735862
1.8616012795
1.86778964951
1.87383839958
1.87974725761
1.88551596044
1.89114424433
1.89663183919
1.90197846476
1.90718382712
1.91224761482
1.9171694944
1.92194910526
1.92658605459
1.9310799125
1.93543020802
1.93963642596
1.94369800484
1.94761433592
1.95138476376
1.95500858939
1.95848507808
1.96181347425
1.96499302567
1.96802301713
1.97090280947
1.97363187553
1.97620982287
1.97863639688
1.98091146477
1.98303498766
1.98500698998
1.98682753307
1.98849669623
1.99001456479
1.99138122359
1.99259675341
1.99366122855
1.99457471386
1.9953372606
1.9959489006
1.9964096391
1.99671944684
1.99687825254
1.99688593691
1.99674232915
1.99644720676
1.99600029883
1.99540129331
1.99464984837
1.99374560882
1.99268822791
1.99147739464
1.99011286442
1.98859448858
1.98692223656
1.98509620493
1.98311661131
1.98098377541
1.97869809352
1.97626001284
1.97367001025
1.97092857732
1.96803621122
1.96499340975
1.96180066861
1.95845847914
1.95496732489
1.95132767622
1.94753998228
1.94360466081
1.93952208659
1.93529258078
1.93091640312
1.92639374972
1.92172475747
1.91690951549
1.91194808252
1.90684050854
1.90158685888
1.89618723916
1.89064181948
1.88495085576
1.87911470572
1.87313383677
1.86700882444
1.86074034143
1.85432914006
1.84777603172
1.84108186736
1.83424752138
1.82727388015
1.8201618347
1.81291227644
1.80552609439
1.79800417223
1.79034738377
1.7825565856
1.77463260633
1.76657623266
1.75838819382
1.75006914772
1.74161967274
1.73304026928
1.72433137272
1.71549337674
1.70652666274
1.69743163038
1.68820872495
1.67885845896
1.66938142736
1.6597783165
1.65004990717
1.64019707213
1.63022076858
1.62012202649
1.60990193429
1.59956162381
1.58910225614
1.5785250099
1.56783107236
1.55702163328
1.5460978807
1.53506099743
1.52391215701
1.51265251741
1.5012832114
1.48980533268
1.47821991823
1.46652792939
1.45473023627
1.44282761181
1.43082074081
1.41871024485
1.40649671881
1.39418077039
1.38176305434
1.3692442963
1.35662530573
1.34390697974
1.33109030102
1.31817633204
1.30516620721
1.29206112371
1.27886233131
1.26557112177
1.25218881815
1.23871676489
1.22515631904
1.21150884304
1.19777569901
1.18395824391
1.17005782489
1.15607577338
1.14201339667
1.12787196562
1.11365269789
1.09935673773
1.0849851358
1.07053883542
1.05601867305
1.04142539805
1.0267597102
1.0120223062
0.997213922908
0.982335368161
0.967387536165
0.95237141004
0.937288056298
0.92213861571
0.906924293458
0.89164634988
0.87630609207
0.860904866086
0.845444049433
0.82992504363
0.814349266867
0.798718146927
0.78303311452
0.767295597024
0.751507012326
0.735668762091
0.719782223453
0.703848737943
0.687869596709
0.671846022023
0.655779147027
0.639669998506
0.623519490031
0.607328432754
0.591097566544
0.574827606065
0.558519289686
0.542173418576
0.525790879018
0.509372648338
0.492919789496
0.476433440272
0.45991480147
0.443365126508
0.426785713098
0.410177896758
0.393543045446
0.376882554588
0.360197841891
0.343490341627
0.326761498307
0.310012759845
0.29324557033
0.27646136242
0.259661549122
0.24284751457
0.226020603501
0.20918210976
0.192333265729
0.175475237269
0.15860913238
0.141736035685
0.124857085022
0.107973615633
0.0910874301303
0.0742013697912
0.0573208061606
0.0404587714791
0.0236628965186
0.00741474368927
0.0110518640968
0.0275928345425
0.0444118281335
0.0612770605789
0.0781548818059
0.0950345587642
0.111910995813
0.128781029567
0.145642303245
0.162492847952
0.179330906694
0.196154855852
0.212963170644
0.22975441228
0.246527226658
0.263280349397
0.280012613834
0.296722958705
0.313410431473
0.330074182714
0.346713447867
0.363327515923
0.379915689446
0.396477244244
0.413011397383
0.429517288742
0.445993976201
0.462440440801
0.478855596937
0.495238303503
0.511587373431
0.527901580658
0.544179664577
0.56042033271
0.576622262705
0.592784104924
0.60890448688
0.624982020576
0.641015313308
0.657002981846
0.672943669143
0.688836062189
0.704678909335
0.72047103555
0.73621135422
0.751898874231
0.7675327009
0.783112029176
0.798636127917
0.814104315341
0.829515928053
0.844870288352
0.860166675525
0.875404305759
0.890582322537
0.905699796386
0.920755730934
0.935749071795
0.950678715448
0.965543516399
0.980342291952
0.995073824752
1.00973686387
1.02433012564
1.03885229593
1.05330203552
1.0676779902
1.08197880649
1.09620315241
1.11034974109
1.12441735399
1.13840485975
1.15231122589
1.16613552198
1.17987691439
1.19353465388
1.2071080573
1.22059648506
1.23399931608
1.24731592264
1.26054564764
1.27368778692
1.28674157815
1.29970619663
1.31258075668
1.32536431679
1.33805588617
1.35065443102
1.36315887927
1.37556812325
1.38788102057
1.40009639385
1.41221303093
1.4242296874
1.436145094
1.44795797108
1.45966705109
1.47127110753
1.48276898573
1.49415962909
1.50544209464
1.51661555498
1.52767928775
1.5386326563
1.54947508631
1.56020604178
1.57082500271
1.5813314452
1.59172482475
1.60200456289
1.61217003764
1.62222057804
1.63215546238
1.64197391968
1.65167513308
1.66125824419
1.67072235692
1.68006654024
1.68928982931
1.69839122529
1.70736969446
1.71622416856
1.72495354875
1.73355671627
1.74203255261
1.75037996964
1.75859794637
1.76668556438
1.77464203221
1.78246669171
1.79015900599
1.79771853429
1.805144902
1.81243777236
1.81959682318
1.82662172932
1.83351214998
1.84026771945
1.84688804053
1.85337267982
1.85972116494
1.86593298344
1.87200758324
1.87794437426
1.88374273058
1.88940199251
1.89492146795
1.90030043283
1.90553813076
1.91063377289
1.91558653989
1.92039558883
1.92506006847
1.92957914536
1.93395204034
1.93817806939
1.94225667804
1.94618745814
1.94997014163
1.95360457495
1.9570906839
1.96042843929
1.96361782943
1.96665884134
1.96955144908
1.97229560703
1.97489124589
1.97733826982
1.97963655409
1.98178594297
1.98378624803
1.98563724711
1.98733868396
1.98889026862
1.99029167811
1.99154255737
1.99264252006
1.99359114974
1.9943880024
1.99503261211
1.99552450279
1.99586320873
1.99604830526
1.99607944713
1.99595640663
1.99567910007
1.99524759309
1.99466208297
1.99392286497
1.9930302943
1.99198475316
1.99078662727
1.98943629199
1.98793410532
1.98628040496
1.98447550701
1.9825197047
1.98041326656
1.97815643368
1.97574941662
1.97319239233
1.97048550175
1.96762884852
1.96462249914
1.96146648449
1.958160803
1.95470542557
1.95110030328
1.94734537913
1.94344060578
1.93938597037
1.93518152584
1.9308274245
1.926323946
1.92167151088
1.9168706744
1.9119221022
1.90682653589
1.90158475829
1.89619756552
1.89066574836
1.88499008225
1.87917132296
1.8732102054
1.86710744308
1.86086372701
1.85447972306
1.84795606786
1.84129336347
1.83449217193
1.82755301054
1.82047634938
1.81326261185
1.80591217892
1.79842539719
1.79080259071
1.7830440764
1.77515018308
1.76712127412
1.75895777278
1.75066018817
1.7422291376
1.73366536004
1.72496971639
1.71614317534
1.70718678824
1.69810165928
1.68888891763
1.67954969573
1.67008511531
1.66049627981
1.65078427126
1.64095014927
1.63099495018
1.62091968496
1.61072533514
1.60041284655
1.58998312138
1.57943700977
1.56877530297
1.55799873037
1.54710796229
1.53610361988
1.52498629158
1.51375655469
1.50241499963
1.49096225464
1.4793990088
1.46772603192
1.45594418942
1.44405445054
1.43205788815
1.41995566964
1.40774904
1.39543929998
1.38302778308
1.37051583519
1.35790479881
1.3451960026
1.33239075546
1.31949034357
1.3064960288
1.29340904667
1.28023060284
1.26696186697
1.25360396392
1.2401579628
1.22662486572
1.21300559937
1.19930101314
1.18551188716
1.17163895122
1.15768291279
1.14364448918
1.12952443838
1.11532358407
1.10104283265
1.08668318227
1.07224572456
1.05773164057
1.04314219169
1.02847870663
1.01374256573
0.998935184042
0.984057994941
0.969112435886
0.954099937199
0.939021914141
0.923879761806
0.90867485182
0.893408529612
0.878082110903
0.862696876214
0.847254062471
0.831754851497
0.816200356307
0.800591607884
0.784929546908
0.769215025881
0.753448825662
0.737631686362
0.721764347121
0.705847585841
0.689882250531
0.673869277912
0.657809699517
0.641704638448
0.625555300524
0.609362962745
0.593128960764
0.576854676164
0.560541523876
0.544190940065
0.527804370858
0.511383262402
0.494929052597
0.478443164607
0.461927001881
0.445381944076
0.428809342937
0.412210517057
0.395586744425
0.378939251984
0.362269202219
0.345577678362
0.328865671936
0.312134078577
0.295383708539
0.278615315332
0.261829639556
0.245027458395
0.228209629015
0.211377118045
0.194531016532
0.177672545953
0.160803064214
0.143924082453
0.127037307701
0.110144739501
0.0932488866756
0.0763532870498
0.0594639289614
0.0425940693142
0.0257879346695
0.00940009418157
0.00917672882553
0.0255403188805
0.0423344383823
0.0591885307406
0.0760575439486
0.0929282349065
0.109794818027
0.126654057015
0.143503825793
0.160342580719
0.177169127098
0.193982488364
0.21078181043
0.227566281064
0.244335064721
0.261087258706
0.277821872734
0.294537827747
0.311233966382
0.327909067869
0.344561862582
0.361191044124
0.37779527863
0.394373211951
0.410923475637
0.427444692579
0.443935482885
0.460394470293
0.476820289137
0.493211591756
0.509567056257
0.525885394669
0.54216536177
0.558405764968
0.574605475523
0.590763440825
0.606878696213
0.622950373086
0.638977698347
0.654959979962
0.670896576152
0.686786851611
0.702630130437
0.718425657847
0.734172579037
0.749869936325
0.765516679687
0.781111683661
0.796653764828
0.812141696593
0.827574220265
0.842950052832
0.85826789251
0.873526423286
0.888724319584
0.903860251918
0.918932894048
0.933940931774
0.948883073154
0.963758059705
0.978564678065
0.99330177167
1.00796825205
1.02256310924
1.03708542034
1.05153435424
1.06590916963
1.08020920299
1.09443384431
1.10858250177
1.12265456105
1.13664934811
1.15056610356
1.16440397261
1.17816200908
1.19183918829
1.20543442328
1.21894657994
1.23237448915
1.24571695527
1.25897276168
1.27214067456
1.28521944616
1.298207819
1.31110453204
1.32390832972
1.33661797402
1.34923225904
1.36175002696
1.37417018357
1.38649171183
1.39871368178
1.41083525581
1.42285568837
1.4347743193
1.44659055985
1.45830387113
1.46991373569
1.48141962549
1.49282097104
1.50411713713
1.51530740912
1.52639099057
1.53736700993
1.54823453258
1.55899257416
1.5696401126
1.58017609724
1.59059945497
1.60090909402
1.61110390637
1.62118277034
1.631144555
1.6409881278
1.65071236683
1.66031617778
1.66979851462
1.67915840114
1.68839494985
1.69750737443
1.70649499355
1.71535722551
1.72409357504
1.73270361411
1.74118695898
1.7495432452
1.75777210245
1.76587313137
1.77384588457
1.78168985391
1.78940446502
1.79698907876
1.80444299784
1.81176547633
1.8189557297
1.82601294352
1.83293628017
1.83972488297
1.84637787871
1.85289437925
1.85927348398
1.86551428499
1.87161587715
1.87757737463
1.88339793412
1.88907678239
1.89461324315
1.90000675655
1.90525688602
1.91036331043
1.91532580441
1.92014421179
1.92481841764
1.92934832264
1.93373382134
1.9379747849
1.942071048
1.94602239978
1.94982857893
1.95348927263
1.95700411906
1.96037271256
1.96359461031
1.96666933923
1.96959640204
1.97237528194
1.97500544559
1.9774863449
1.97981741862
1.98199809548
1.984027801
1.98590597073
1.98763207176
1.98920563212
1.99062627426
1.99189374428
1.99300792774
1.99396884593
1.99477663357
1.99543150524
1.99593371987
1.99628355033
1.99648126091
1.99652709264
1.99642125436
1.99616391766
1.99575521435
1.99519523558
1.9944840325
1.99362161822
1.992607971
1.99144303832
1.99012674124
1.98865897851
1.98703963
1.9852685594
1.98334561635
1.98127063926
1.97904346035
1.97666391547
1.97413186124
1.97144720109
1.96860991897
1.96562011446
1.96247802906
1.95918405331
1.95573871043
1.95214262148
1.94839646352
1.94450093175
1.94045671205
1.93626446448
1.93192481546
1.92743835517
1.92280563744
1.91802718039
1.91310346713
1.90803494631
1.90282203282
1.89746510889
1.89196452596
1.88632060709
1.88053364992
1.87460393004
1.86853170452
1.86231721609
1.85596069896
1.84946238763
1.84282253105
1.83604141388
1.82911938522
1.82205689193
1.81485450876
1.80751295537
1.80003309161
1.79241589081
1.78466239896
1.77677369229
1.76875084309
1.76059489774
1.75230686605
1.74388771812
1.73533838529
1.7266597621
1.717852708
1.70891804785
1.69985657147
1.69066903263
1.68135614821
1.67191859802
1.66235702613
1.65267204371
1.64286423373
1.63293415736
1.62288236241
1.61270939432
1.60241581058
1.59200219966
1.58146920486
1.57081755163
1.56004807408
1.54916173369
1.53815962289
1.52704294956
1.51581300549
1.50447112732
1.49301865991
1.48145692909
1.4697872256
1.45801079843
1.44612885407
1.43414255853
1.42205303956
1.40986138779
1.39756865615
1.38517585786
1.37268396338
1.36009389749
1.34740653765
1.3346227149
1.32174321812
1.30876880219
1.29570019994
1.28253813741
1.26928335195
1.25593661246
1.24249874119
1.22897063579
1.2153532893
1.20164780425
1.1878553968
1.17397738784
1.16001518139
1.14597023434
1.13184402432
1.11763802185
1.10335367057
1.08899237607
1.07455550154
1.06004436766
1.04546025416
1.03080440101
1.01607800819
1.00128223342
0.986418188019
0.971486931647
0.956489467335
0.941426738818
0.926299632232
0.911108983931
0.895855595044
0.880540251934
0.865163750408
0.849726920838
0.834230651508
0.818675908082
0.803063747689
0.787395326437
0.7716718993
0.755894811766
0.740065483652
0.724185386983
0.708256021223
0.692278889647
0.67625547997
0.660187250827
0.644075624053
0.627921981465
0.611727664325
0.59549397364
0.579222169786
0.562913470391
0.546569045961
0.530190013424
0.513777428553
0.497332279342
0.480855483268
0.464347891797
0.447810304614
0.431243493767
0.414648234836
0.398025339786
0.381375685709
0.364700235278
0.348000047404
0.331276278818
0.314530178426
0.29776307635
0.280976369327
0.264171503857
0.247349958631
0.230513227896
0.213662807528
0.196800185389
0.179926837242
0.16304422934
0.146153829493
0.129257130692
0.11235569768
0.0954512634336
0.0785459512916
0.0616428669833
0.0447480440289
0.0278794825304
0.0111582676146
0.00663460802578
0.0231429217962
0.0399866555641
0.0568650105454
0.0737508070607
0.0906364805316
0.107518610825
0.124395036148
0.141264041804
0.158124079059
0.174973657612
0.191811304186
0.20863554878
0.225444923208
0.242237965195
0.25901322481
0.275769271403
0.292504699959
0.309218136239
0.325908240586
0.342573710655
0.359213283704
0.375825739291
0.392409903266
0.408964653778
0.425488929585
0.441981739999
0.458442174412
0.474869407472
0.491262694605
0.507621352937
0.52394472637
0.540232139905
0.556482854113
0.57269603152
0.588870721666
0.605005864144
0.621100303681
0.637152810234
0.653162098931
0.669126847282
0.685045709156
0.700917326059
0.716740336546
0.732513384462
0.7482351264
0.763904238474
0.779519422399
0.795079410847
0.81058297226
0.826028915485
0.841416094829
0.856743416183
0.872009844706
0.887214414
0.902356235612
0.917434506052
0.932448506731
0.947397591322
0.9622811569
0.977098600533
0.991849270192
1.0065324231
1.02114720231
1.03569263446
1.05016764394
1.064571075
1.07890171472
1.09315831239
1.10733959437
1.1214442747
1.13547106298
1.14941867073
1.16328581722
1.17707123553
1.19077367896
1.20439192778
1.21792479614
1.23137113901
1.24472985904
1.25799991357
1.27118032198
1.28427017342
1.29726863434
1.31017495407
1.3229884654
1.33570857579
1.3483347453
1.36086645064
1.37330314004
1.38564418965
1.39788887284
1.41003634929
1.42208567288
1.43403581139
1.44588567015
1.45763411345
1.46927998124
1.48082210081
1.49225929444
1.50359038488
1.51481419978
1.52592957658
1.53693536846
1.54783045171
1.55861373449
1.5692841665
1.57984074887
1.5902825436
1.60060868203
1.61081837184
1.620910902
1.63088564501
1.64074205444
1.65047965585
1.66009802828
1.66959677573
1.67897549049
1.68823371477
1.69737090922
1.70638643549
1.71527955546
1.724049444
1.73269520904
1.74121591256
1.74961058872
1.75787825705
1.76601793143
1.77402862553
1.78190935675
1.78965914978
1.79727704143
1.80476208751
1.81211337241
1.81933002116
1.82641121308
1.83335619555
1.84016429589
1.84683492971
1.8533676045
1.85976191769
1.8660175491
1.87213424752
1.8781118115
1.88395006454
1.8896488262
1.89520788219
1.90062695827
1.90590570238
1.91104367831
1.91604037058
1.92089519761
1.92560752872
1.93017670101
1.93460203336
1.93888283664
1.94301842039
1.94700809691
1.95085118426
1.95454700969
1.95809491498
1.96149426516
1.9647444612
1.96784495666
1.97079527643
1.97359503474
1.97624394839
1.97874184202
1.98108864375
1.98328437168
1.98532911359
1.98722300284
1.98896619282
1.99055883217
1.99200104213
1.9932928977
1.99443441426
1.99542554079
1.9962661603
1.99695609653
1.997495125
1.99788298588
1.99811939641
1.99820406132
1.99813668043
1.9979169538
1.997544585
1.99701928385
1.99634077018
1.9955087804
1.99452307849
1.99338347273
1.99208983745
1.99064213723
1.98904044824
1.98728497025
1.98537602465
1.98331403758
1.98109951224
1.97873299672
1.9762150534
1.9735462337
1.97072705912
1.96775800838
1.96463950948
1.96137193595
1.95795560694
1.95439079054
1.95067771001
1.94681655185
1.94280747486
1.93865061878
1.93434611184
1.92989407662
1.9252946343
1.92054790789
1.91565402547
1.91061312509
1.90542536325
1.90009092889
1.89461006414
1.88898309079
1.88321043829
1.87729266536
1.87123046684
1.86502466049
1.85867615614
1.85218591551
1.84555491334
1.8387841068
1.83187441581
1.82482671263
1.81764181813
1.81032050171
1.80286348334
1.79527143655
1.78754499237
1.77968474398
1.77169125214
1.76356505108
1.75530665452
1.74691656135
1.73839526069
1.72974323625
1.72096097053
1.71204894977
1.70300767115
1.69383765423
1.68453945833
1.67511370665
1.66556111505
1.65588251958
1.64607889327
1.63615134339
1.62610108614
1.61592940484
1.60563760399
1.59522697056
1.58469874871
1.57405412753
1.56329423824
1.55242015661
1.5414329072
1.53033346778
1.51912277299
1.50780171754
1.49637115913
1.48483192159
1.47318479871
1.46143055857
1.44956994855
1.43760370081
1.42553253808
1.41335718041
1.40107835323
1.38869679841
1.37621328939
1.36362865166
1.350943788
1.33815970504
1.32527753414
1.31229853778
1.29922409513
1.28605566755
1.27279475324
1.25944284336
1.24600138949
1.23247178554
1.21885536192
1.20515338744
1.19136707464
1.17749758547
1.16354603588
1.14951349888
1.13540100636
1.12120955024
1.10694008396
1.09259352476
1.07817075757
1.06367264058
1.0491000127
1.0344537027
1.01973454024
1.00494336889
0.990081061771
0.975148540116
0.960146794516
0.945076906836
0.92994006857
0.914737589503
0.899470890938
0.884141481561
0.868750920122
0.853300774084
0.837792583967
0.822227839389
0.806607967649
0.790934331979
0.77520823531
0.759430925952
0.743603602775
0.727727418729
0.711803482461
0.695832858433
0.679816566405
0.663755581377
0.647650835236
0.631503221155
0.615313601483
0.599082819279
0.582811713115
0.566501134366
0.550151966048
0.53376514227
0.517341667242
0.50088263232
0.484389228733
0.467862752825
0.451304600676
0.434716250552
0.418099234849
0.401455106505
0.384785406618
0.368091638969
0.351375254236
0.334637643412
0.317880137921
0.301104013276
0.284310493623
0.267500755366
0.250675928958
0.233837098722
0.216985301191
0.200121523035
0.183246700178
0.166361720009
0.149467428666
0.132564644835
0.11565418071
0.0987368701384
0.0818136052747
0.0648853908839
0.0479534603
0.0310197019179
0.0140900566645
0.00294153789204
