metodo_3_dt_1:12
3.00653240312e-06
0.0129224659374
0.0258499199914
0.0387830029652
0.0517215549427
0.0646654152699
0.0776144224861
0.0905684143037
0.103527227594
0.116490698375
0.129458661797
0.142430952128
0.155407402742
0.168387846103
0.181372113755
0.19436003631
0.207351443427
0.220346163807
0.233344025178
0.246344854279
0.259348476851
0.272354717614
0.285363400266
0.29837434746
0.311387380799
0.324402320814
0.33741898696
0.350437197592
0.363456769962
0.376477520197
0.389499263292
0.402521813091
0.41554498228
0.428568582371
0.441592423685
0.454616315347
0.467640065261
0.480663480106
0.49368636532
0.506708525089
0.51972976233
0.532749878677
0.545768674474
0.558785948756
0.57180149924
0.584815122305
0.597826612987
0.610835764963
0.62384237054
0.636846220637
0.649847104776
0.662844811067
0.675839126197
0.688829835419
0.701816722535
0.714799569888
0.727778158345
0.74075226729
0.753721674605
0.766686156664
0.779645488315
0.792599442875
0.805547792111
0.818490306236
0.83142675389
0.844356902129
0.857280516418
0.870197360617
0.88310719697
0.896009786091
0.908904886961
0.921792256909
0.934671651604
0.947542825048
0.960405529557
0.973259515759
0.986104532581
0.998940327241
1.01176664524
1.02458323033
1.03738982455
1.05018616818
1.06297199974
1.07574705599
1.0885110719
1.10126378068
1.11400491374
1.12673420069
1.13945136934
1.15215614568
1.16484825388
1.1775274163
1.19019335344
1.202845784
1.2154844248
1.22810899082
1.2407191952
1.2533147492
1.26589536223
1.27846074182
1.29101059364
1.30354462148
1.31606252725
1.32856401099
1.34104877082
1.35351650302
1.36596690196
1.37839966013
1.39081446812
1.40321101464
1.41558898652
1.42794806868
1.44028794416
1.45260829413
1.46490879787
1.47718913277
1.48944897435
1.50168799626
1.51390587027
1.5261022663
1.53827685238
1.55042929473
1.56255925768
1.57466640375
1.58675039361
1.59881088611
1.61084753829
1.62286000535
1.63484794074
1.6468109961
1.65874882128
1.67066106438
1.68254737176
1.69440738801
1.70624075603
1.71804711699
1.72982611036
1.74157737394
1.75330054387
1.76499525464
1.77666113911
1.78829782853
1.79990495257
1.81148213932
1.82302901532
1.83454520561
1.8460303337
1.85748402161
1.86890588995
1.88029555784
1.89165264305
1.90297676193
1.9142675295
1.92552455945
1.93674746418
1.94793585482
1.95908934127
1.97020753223
1.98129003523
1.99233645665
2.00334640179
2.01431947488
2.0252552791
2.03615341665
2.04701348877
2.05783509578
2.06861783713
2.07936131143
2.09006511647
2.10072884932
2.11135210631
2.1219344831
2.13247557474
2.14297497571
2.15343227992
2.16384708083
2.17421897144
2.18454754438
2.19483239193
2.20507310606
2.21526927854
2.22542050094
2.23552636469
2.24558646114
2.25560038164
2.26556771753
2.27548806027
2.28536100146
2.29518613288
2.3049630466
2.31469133498
2.32437059078
2.33400040719
2.3435803779
2.35311009715
2.36258915984
2.37201716151
2.38139369849
2.39071836791
2.39999076777
2.40921049702
2.41837715563
2.42749034465
2.43654966625
2.44555472384
2.45450512208
2.46340046701
2.47224036606
2.48102442814
2.48975226375
2.49842348497
2.5070377056
2.51559454119
2.52409360913
2.5325345287
2.54091692117
2.54924040986
2.55750462017
2.56570917973
2.5738537184
2.58193786836
2.58996126423
2.59792354305
2.60582434442
2.61366331057
2.62144008638
2.6291543195
2.6368056604
2.64439376243
2.6519182819
2.65937887817
2.66677521367
2.67410695401
2.68137376804
2.6885753279
2.69571130909
2.70278139056
2.70978525476
2.71672258769
2.72359307899
2.73039642199
2.73713231376
2.74380045521
2.75040055112
2.75693231021
2.76339544518
2.76978967282
2.77611471402
2.78237029382
2.78855614152
2.79467199069
2.80071757922
2.80669264943
2.81259694803
2.81843022624
2.82419223984
2.82988274917
2.83550151921
2.84104831962
2.84652292478
2.85192511385
2.85725467077
2.86251138435
2.86769504828
2.87280546117
2.87784242659
2.88280575309
2.88769525426
2.89251074874
2.89725206027
2.90191901769
2.90651145497
2.91102921128
2.91547213096
2.91984006355
2.92413286385
2.92835039189
2.93249251299
2.93655909774
2.94055002202
2.94446516705
2.94830441935
2.95206767077
2.95575481851
2.95936576511
2.96290041846
2.96635869181
2.96974050374
2.97304577821
2.97627444452
2.9794264373
2.98250169655
2.98550016759
2.98842180105
2.99126655291
2.99403438443
2.99672526217
2.99933915796
3.00187604889
3.00433591729
3.00671875074
3.00902454198
3.01125328896
3.01340499478
3.01547966767
3.01747732097
3.01939797308
3.02124164747
3.02300837262
3.024698182
3.02631111404
3.02784721207
3.02930652432
3.03068910386
3.03199500859
3.03322430116
3.03437704895
3.03545332405
3.03645320319
3.0373767677
3.03822410347
3.03899530091
3.03969045492
3.04030966479
3.04085303421
3.04132067118
3.041712688
3.04202920118
3.04227033141
3.04243620352
3.04252694639
3.04254269294
3.04248358005
3.04234974852
3.04214134299
3.04185851192
3.04150140751
3.04107018566
3.0405650059
3.03998603133
3.0393334286
3.03860736778
3.03780802237
3.03693556924
3.0359901885
3.03497206353
3.03388138086
3.03271833015
3.03148310411
3.03017589843
3.02879691175
3.02734634559
3.02582440427
3.02423129489
3.02256722724
3.02083241374
3.0190270694
3.01715141175
3.01520566079
3.01319003892
3.01110477088
3.00895008371
3.00672620665
3.00443337115
3.00207181075
2.99964176105
2.99714345964
2.99457714607
2.99194306177
2.98924144997
2.98647255572
2.98363662575
2.98073390846
2.97776465386
2.97472911352
2.9716275405
2.96846018931
2.96522731584
2.96192917733
2.95856603231
2.95513814054
2.95164576296
2.94808916166
2.9444685998
2.94078434159
2.93703665221
2.9332257978
2.92935204536
2.92541566276
2.92141691867
2.91735608248
2.91323342431
2.90904921495
2.90480372579
2.90049722879
2.89612999647
2.89170230179
2.88721441822
2.88266661958
2.87805918009
2.87339237429
2.86866647699
2.86388176328
2.85903850843
2.85413698792
2.84917747733
2.84416025236
2.83908558879
2.83395376241
2.82876504902
2.82351972438
2.81821806419
2.81286034403
2.80744683939
2.80197782556
2.79645357765
2.79087437056
2.78524047891
2.77955217708
2.77380973912
2.76801343875
2.76216354933
2.75626034385
2.75030409486
2.74429507449
2.73823355442
2.73211980583
2.7259540994
2.71973670529
2.7134678931
2.70714793185
2.70077708999
2.69435563534
2.6878838351
2.6813619558
2.67479026332
2.66816902285
2.66149849887
2.65477895513
2.64801065465
2.64119385969
2.63432883177
2.62741583158
2.62045511904
2.61344695324
2.60639159245
2.59928929412
2.59214031481
2.58494491024
2.57770333526
2.57041584381
2.56308268894
2.5557041228
2.54828039662
2.5408117607
2.53329846439
2.52574075612
2.51813888334
2.51049309255
2.50280362929
2.49507073811
2.48729466259
2.47947564529
2.4716139278
2.46370975072
2.45576335361
2.44777497504
2.43974485255
2.43167322268
2.42356032091
2.41540638174
2.40721163859
2.39897632387
2.39070066895
2.38238490414
2.37402925875
2.365633961
2.35719923808
2.34872531615
2.34021242029
2.33166077456
2.32307060195
2.3144421244
2.30577556281
2.29707113702
2.28832906584
2.279549567
2.2707328572
2.26187915209
2.25298866628
2.24406161333
2.23509820574
2.226098655
2.21706317154
2.20799196477
2.19888524305
2.18974321372
2.18056608308
2.17135405641
2.16210733799
2.15282613104
2.1435106378
2.13416105949
2.12477759631
2.11536044747
2.10590981118
2.09642588464
2.08690886408
2.07735894475
2.0677763209
2.0581611858
2.04851373177
2.03883415016
2.02912263136
2.01937936478
2.00960453892
1.99979834132
1.98996095857
1.98009257635
1.97019337941
1.96026355156
1.95030327572
1.9403127339
1.93029210719
1.92024157582
1.9101613191
1.90005151548
1.88991234253
1.87974397694
1.86954659457
1.8593203704
1.84906547857
1.8387820924
1.82847038434
1.81813052606
1.80776268839
1.79736704134
1.78694375415
1.77649299524
1.76601493225
1.75550973206
1.74497756074
1.73441858363
1.72383296531
1.7132208696
1.7025824596
1.69191789766
1.68122734543
1.67051096382
1.65976891305
1.64900135263
1.6382084414
1.62739033752
1.61654719844
1.60567918099
1.59478644132
1.58386913494
1.57292741672
1.56196144091
1.55097136112
1.53995733036
1.52891950105
1.51785802499
1.50677305341
1.49566473695
1.48453322569
1.47337866917
1.46220121634
1.45100101564
1.43977821497
1.4285329617
1.4172654027
1.40597568432
1.39466395243
1.3833303524
1.37197502913
1.36059812705
1.34919979014
1.33778016191
1.32633938546
1.31487760343
1.30339495806
1.29189159117
1.28036764418
1.26882325811
1.25725857361
1.24567373095
1.23406887004
1.22244413041
1.21079965129
1.19913557155
1.18745202972
1.17574916405
1.16402711244
1.15228601254
1.14052600168
1.12874721692
1.11694979507
1.10513387266
1.09329958599
1.08144707112
1.06957646386
1.05768789983
1.04578151443
1.03385744287
1.02191582018
1.00995678117
0.997980460544
0.9859869928
0.973976512311
0.961949153311
0.949905049904
0.937844336079
0.925767145722
0.913673612618
0.90156387047
0.889438052904
0.87729629348
0.865138725709
0.852965483056
0.840776698952
0.828572506805
0.816353040011
0.804118431966
0.791868816074
0.77960432576
0.76732509448
0.75503125573
0.742722943061
0.730400290085
0.718063430487
0.705712498038
0.693347626606
0.680968950166
0.66857660281
0.65617071876
0.643751432375
0.63131887817
0.618873190819
0.606414505169
0.593942956255
0.581458679307
0.568961809763
0.556452483281
0.543930835747
0.531397003289
0.518851122291
0.506293329402
0.49372376155
0.48114255595
0.468549850118
0.455945781886
0.443330489409
0.430704111182
0.41806678605
0.405418653222
0.392759852287
0.380090523223
0.367410806413
0.354720842659
0.342020773197
0.329310739718
0.316590884379
0.303861349827
0.291122279216
0.278373816231
0.265616105117
0.252849290707
0.240073518461
0.227288934509
0.214495685716
0.201693919752
0.188883785194
0.176065431669
0.163239010052
0.150404672769
0.137562574257
0.124712871705
0.11185572629
0.0989913053779
0.0861197866961
0.0732413668854
0.0603562810188
0.0474648539412
0.0345676666088
0.0216663170548
0.00877090307667
0.00423145959304
0.0171121641186
0.030035690315
0.0429684748354
0.055907836643
0.068852987912
0.0818035366662
0.0947592159676
0.107719808294
0.120685118572
0.133654962876
0.146629163103
0.15960754424
0.17258993285
0.185576156192
0.198566041681
0.211559416534
0.224556107544
0.237555940912
0.25055874214
0.263564335944
0.276572546184
0.289583195821
0.30259610687
0.315611100371
0.328627996355
0.341646613821
0.354666770709
0.367688283883
0.380710969111
0.393734641046
0.40675911321
0.419784197975
0.43280970655
0.445835448963
0.458861234047
0.471886869424
0.484912161492
0.49793691541
0.510960935086
0.523984023161
0.537005980992
0.550026608644
0.56304570487
0.576063067106
0.58907849145
0.602091772652
0.615102704101
0.628111077809
0.641116684403
0.654119313104
0.667118751722
0.680114786638
0.693107202795
0.706095783682
0.719080311325
0.732060566269
0.745036327569
0.758007372778
0.770973477934
0.783934417547
0.796889964587
0.809839890475
0.822783965069
0.835721956648
0.848653631908
0.861578755942
0.874497092237
0.88740840266
0.900312447444
0.913208985181
0.926097772804
0.938978565587
0.951851117125
0.964715179329
0.977570502413
0.990416834888
1.00325392355
1.01608151346
1.02889934796
1.04170716864
1.05450471533
1.06729172611
1.08006793729
1.09283308338
1.10558689713
1.11832910949
1.13105944959
1.14377764477
1.15648342053
1.16917650058
1.18185660677
1.19452345913
1.20717677583
1.21981627322
1.23244166576
1.24505266608
1.25764898493
1.27023033121
1.28279641192
1.29534693222
1.30788159535
1.3204001027
1.33290215377
1.34538744616
1.35785567559
1.37030653589
1.382739719
1.39515491497
1.40755181195
1.4199300962
1.4322894521
1.44462956213
1.45695010689
1.46925076509
1.48153121355
1.49379112724
1.50603017922
1.51824804069
1.530444381
1.5426188676
1.55477116613
1.56690094036
1.57900785221
1.59109156177
1.60315172731
1.61518800529
1.62720005034
1.6391875153
1.65115005124
1.66308730744
1.67499893141
1.68688456891
1.69874386397
1.7105764589
1.72238199428
1.73416010902
1.74591044033
1.75763262377
1.76932629326
1.78099108108
1.79262661791
1.80423253286
1.81580845344
1.82735400564
1.83886881393
1.85035250124
1.86180468908
1.87322499746
1.88461304498
1.89596844885
1.90729082489
1.91857978758
1.92983495008
1.94105592426
1.95224232072
1.96339374885
1.97450981683
1.98559013169
1.99663429933
2.00764192453
2.01861261103
2.02954596155
2.04044157781
2.05129906057
2.06211800971
2.07289802422
2.08363870226
2.09433964119
2.10500043765
2.11562068755
2.12619998616
2.1367379281
2.14723410747
2.1576881178
2.16809955217
2.17846800322
2.18879306322
2.19907432411
2.20931137754
2.21950381494
2.22965122756
2.23975320655
2.24980934296
2.25981922785
2.26978245231
2.27969860753
2.28956728487
2.29938807589
2.30916057241
2.31888436661
2.32855905104
2.3381842187
2.34775946312
2.35728437839
2.36675855924
2.37618160111
2.38555310019
2.39487265351
2.40413985898
2.41335431547
2.4225156229
2.43162338225
2.44067719567
2.44967666653
2.45862139952
2.46751100065
2.47634507738
2.48512323868
2.49384509506
2.5025102587
2.51111834347
2.51966896501
2.52816174082
2.53659629032
2.54497223489
2.55328919802
2.56154680528
2.56974468447
2.57788246566
2.58595978124
2.59397626604
2.60193155736
2.60982529505
2.61765712159
2.62542668217
2.63313362473
2.64077760003
2.64835826176
2.65587526657
2.66332827417
2.67071694735
2.6780409521
2.68529995766
2.69249363657
2.69962166475
2.70668372159
2.71367948996
2.72060865632
2.72747091078
2.73426594713
2.74099346295
2.74765315964
2.75424474248
2.7607679207
2.76722240756
2.77360792037
2.77992418056
2.78617091376
2.7923478498
2.79845472285
2.80449127138
2.81045723828
2.81635237088
2.82217642102
2.82792914506
2.83361030398
2.83921966339
2.84475699357
2.85022206955
2.85561467112
2.86093458288
2.8661815943
2.87135549971
2.87645609838
2.88148319456
2.88643659746
2.89131612135
2.89612158554
2.90085281443
2.90550963756
2.91009188958
2.91459941033
2.91903204484
2.92338964333
2.92767206128
2.93187915941
2.93601080372
2.94006686547
2.94404722125
2.94795175293
2.95178034771
2.95553289812
2.95920930204
2.96280946267
2.96633328856
2.96978069363
2.97315159711
2.97644592362
2.97966360309
2.98280457081
2.9858687674
2.98885613882
2.99176663634
2.99460021654
2.99735684129
3.00003647776
3.00263909837
3.00516468082
3.00761320803
3.00998466812
3.01227905443
3.01449636547
3.01663660488
3.01869978143
3.020685909
3.02259500654
3.02442709802
3.02618221244
3.02786038376
3.02946165091
3.0309860577
3.03243365284
3.03380448988
3.03509862715
3.03631612777
3.03745705955
3.03852149501
3.0395095113
3.04042119017
3.04125661791
3.04201588533
3.0426990877
3.04330632471
3.04383770041
3.04429332317
3.04467330563
3.04497776466
3.04520682128
3.04536060066
3.045439232
3.04544284853
3.04537158746
3.04522558988
3.04500500073
3.04470996878
3.0443406465
3.04389719008
3.04337975932
3.04278851761
3.04212363184
3.04138527237
3.04057361295
3.03968883068
3.03873110596
3.03770062238
3.03659756673
3.0354221289
3.03417450183
3.03285488143
3.03146346657
3.03000045898
3.02846606321
3.02686048654
3.02518393897
3.02343663313
3.02161878421
3.01973060992
3.01777233045
3.01574416837
3.01364634859
3.0114790983
3.00924264692
3.00693722604
3.00456306933
3.00212041256
2.99960949344
2.99703055166
2.99438382877
2.99166956813
2.9888880149
2.98603941592
2.98312401973
2.98014207643
2.97709383769
2.97397955669
2.97079948803
2.9675538877
2.96424301305
2.96086712269
2.95742647649
2.95392133549
2.95035196187
2.94671861889
2.94302157084
2.93926108301
2.93543742162
2.9315508538
2.92760164748
2.92359007145
2.9195163952
2.91538088896
2.9111838236
2.90692547063
2.90260610211
2.89822599068
2.89378540942
2.88928463188
2.88472393203
2.8801035842
2.87542386304
2.87068504351
2.8658874008
2.86103121034
2.85611674772
2.85114428868
2.84611410905
2.84102648474
2.83588169171
2.83068000591
2.82542170325
2.82010705958
2.81473635067
2.80930985214
2.80382783948
2.79829058796
2.79269837265
2.78705146837
2.78135014968
2.77559469081
2.76978536569
2.76392244786
2.75800621051
2.7520369264
2.74601486788
2.73994030682
2.73381351463
2.72763476221
2.72140431994
2.71512245764
2.70878944458
2.70240554942
2.69597104023
2.68948618444
2.68295124885
2.67636649958
2.66973220205
2.66304862101
2.65631602047
2.64953466371
2.64270481327
2.6358267309
2.6289006776
2.62192691354
2.61490569809
2.60783728982
2.60072194643
2.59355992479
2.5863514809
2.57909686989
2.571796346
2.56445016259
2.55705857209
2.54962182602
2.542140175
2.53461386867
2.52704315577
2.51942828406
2.51176950035
2.50406705047
2.49632117929
2.48853213069
2.48070014756
2.4728254718
2.46490834432
2.45694900499
2.44894769269
2.4409046453
2.43282009965
2.42469429156
2.41652745582
2.40831982619
2.40007163539
2.39178311511
2.38345449598
2.37508600761
2.36667787856
2.35823033633
2.34974360739
2.34121791714
2.33265348996
2.32405054915
2.31540931697
2.30673001463
2.29801286229
2.28925807905
2.28046588297
2.27163649105
2.26277011925
2.25386698247
2.24492729459
2.23595126842
2.22693911573
2.21789104726
2.2088072727
2.19968800073
2.19053343896
2.18134379398
2.17211927138
2.16286007569
2.15356641045
2.14423847815
2.13487648029
2.12548061736
2.11605108883
2.10658809317
2.09709182788
2.08756248942
2.07800027331
2.06840537405
2.05877798518
2.04911829926
2.03942650789
2.02970280169
2.01994737033
2.01016040255
2.00034208611
1.99049260784
1.98061215365
1.97070090849
1.96075905642
1.95078678056
1.94078426313
1.93075168546
1.92068922794
1.91059707012
1.90047539062
1.89032436722
1.88014417681
1.86993499542
1.85969699822
1.84943035953
1.83913525284
1.82881185078
1.81846032519
1.80808084705
1.79767358655
1.78723871307
1.7767763952
1.76628680072
1.75577009664
1.74522644919
1.73465602385
1.72405898533
1.71343549758
1.70278572383
1.69210982655
1.68140796749
1.67068030771
1.65992700752
1.64914822655
1.63834412373
1.62751485732
1.61666058488
1.60578146333
1.5948776489
1.58394929719
1.57299656316
1.56201960113
1.55101856478
1.5399936072
1.52894488087
1.51787253766
1.50677672885
1.49565760515
1.48451531669
1.47335001304
1.46216184323
1.45095095573
1.43971749848
1.42846161889
1.41718346386
1.40588317977
1.39456091253
1.38321680753
1.3718510097
1.36046366349
1.34905491289
1.33762490144
1.32617377224
1.31470166795
1.30320873082
1.29169510269
1.28016092496
1.26860633868
1.25703148449
1.24543650266
1.23382153309
1.22218671533
1.2105321886
1.19885809174
1.18716456332
1.17545174154
1.16371976432
1.15196876929
1.14019889377
1.12841027483
1.11660304926
1.10477735358
1.09293332408
1.08107109681
1.0691908076
1.05729259204
1.04537658554
1.0334429233
1.02149174035
1.00952317152
0.99753735149
0.985534414788
0.973514495795
0.96147772876
0.949424247807
0.93735418695
0.925267680101
0.913164861081
0.901045863634
0.888910821435
0.876759868101
0.864593137204
0.85241076228
0.840212876842
0.82799961439
0.815771108424
0.803527492453
0.791268900013
0.778995464675
0.766707320052
0.754404599821
0.742087437727
0.729755967603
0.717410323377
0.705050639089
0.692677048903
0.680289687122
0.667888688202
0.655474186764
0.643046317612
0.630605215747
0.618151016386
0.605683854978
0.593203867221
0.580711189078
0.568205956804
0.555688306959
0.543158376437
0.530616302484
0.518062222732
0.50549627522
0.492918598429
0.480329331317
0.46772861335
0.455116584552
0.442493385552
0.429859157637
0.417214042813
0.404558183881
0.391891724516
0.379214809371
0.366527584189
0.353830195948
0.341122793025
0.328405525408
0.315678544942
0.302942005653
0.290196064131
0.277440880039
0.264676616757
0.251903442218
0.239121530013
0.226331060866
0.213532224637
0.200725223098
0.187910273838
0.175087615882
0.162257517991
0.149420291235
0.136576308689
0.123726037399
0.110870092646
0.0980093349785
0.0851450552855
0.0722793576455
0.0594160394945
0.0465629288852
0.0337395478948
0.0210126654623
0.008839104848
0.00697370770014
0.0188017849856
0.0315151356219
0.0443639131391
0.0572606676283
0.0701818139724
0.0831182922631
0.0960658247983
0.109022084386
0.121985660758
0.134955620837
0.147931299646
0.160912192105
0.173897893143
0.186888062715
0.199882404409
0.212880651867
0.225882559873
0.238887898338
0.251896448143
0.264907998197
0.277922343315
0.290939282663
0.30395861859
0.316980155753
0.33000370044
0.343029060044
0.356056042653
0.369084456715
0.382114110782
0.395144813288
0.408176372379
0.421208595759
0.434241290571
0.447274263294
0.460307319656
0.473340264555
0.486372901996
0.499405035033
0.512436465715
0.525466995043
0.538496422932
0.551524548166
0.564551168374
0.577576079994
0.590599078248
0.603619957112
0.616638509291
0.6296545262
0.642667797937
0.655678113269
0.668685259606
0.681689022983
0.694689188046
0.707685538031
0.720677854746
0.733665918557
0.74664950837
0.759628401618
0.772602374246
0.785571200695
0.798534653887
0.811492505211
0.82444452451
0.837390480068
0.850330138596
0.86326326522
0.876189623468
0.889108975257
0.90202108088
0.914925698998
0.92782258662
0.940711499099
0.953592190121
0.966464411689
0.979327914116
0.992182446012
1.00502775427
1.01786358407
1.03068967885
1.04350578031
1.0563116284
1.06910696129
1.08189151541
1.0946650254
1.10742722409
1.12017784255
1.13291661001
1.14564325392
1.15835749989
1.17105907172
1.18374769135
1.19642307892
1.20908495269
1.22173302908
1.23436702265
1.2469866461
1.25959161027
1.27218162411
1.28475639471
1.29731562727
1.3098590251
1.32238628964
1.33489712043
1.34739121511
1.35986826944
1.37232797728
1.38477003059
1.39719411942
1.40959993196
1.42198715445
1.43435547127
1.4467045649
1.45903411591
1.471343803
1.48363330295
1.49590229068
1.50815043921
1.52037741968
1.53258290139
1.54476655171
1.55692803621
1.56906701855
1.58118316058
1.59327612227
1.60534556179
1.61739113546
1.6294124978
1.64140930151
1.6533811975
1.66532783489
1.67724886104
1.68914392152
1.70101266019
1.71285471915
1.72466973879
1.7364573578
1.74821721317
1.75994894023
1.77165217264
1.78332654245
1.79497168008
1.80658721434
1.81817277249
1.8297279802
1.84125246164
1.85274583946
1.8642077348
1.87563776737
1.88703555542
1.8984007158
1.90973286397
1.92103161402
1.93229657873
1.94352736958
1.95472359676
1.96588486925
1.9770107948
1.98810097999
1.99915503027
2.01017254997
2.02115314236
2.03209640967
2.04300195312
2.05386937301
2.06469826866
2.07548823856
2.08623888033
2.09694979081
2.10762056605
2.11825080141
2.12884009159
2.13938803064
2.14989421205
2.16035822875
2.17077967321
2.18115813746
2.19149321312
2.2017844915
2.2120315636
2.22223402019
2.23239145188
2.2425034491
2.25256960225
2.26258950169
2.27256273781
2.28248890111
2.2923675822
2.30219837195
2.31198086145
2.32171464212
2.33139930579
2.34103444471
2.35061965165
2.36015451993
2.36963864353
2.37907161709
2.38845303604
2.39778249662
2.40705959594
2.4162839321
2.4254551042
2.43457271242
2.4436363581
2.45264564382
2.46160017341
2.47049955209
2.4793433865
2.48813128477
2.4968628566
2.50553771333
2.51415546799
2.5227157354
2.53121813222
2.53966227702
2.54804779039
2.55637429493
2.56464141541
2.57284877878
2.58099601427
2.58908275346
2.59710863032
2.60507328133
2.61297634552
2.62081746455
2.62859628277
2.6363124473
2.6439656081
2.65155541804
2.65908153297
2.66654361179
2.67394131649
2.68127431229
2.68854226762
2.69574485425
2.70288174733
2.70995262547
2.71695717079
2.72389506901
2.73076600947
2.73756968524
2.74430579318
2.75097403395
2.75757411213
2.76410573626
2.7705686189
2.77696247667
2.78328703035
2.78954200488
2.79572712948
2.80184213765
2.80788676726
2.81386076056
2.8197638643
2.82559582971
2.83135641259
2.83704537334
2.84266247702
2.84820749337
2.85368019691
2.8590803669
2.86440778746
2.86966224755
2.87484354104
2.87995146676
2.8849858285
2.88994643505
2.89483310027
2.89964564306
2.90438388746
2.90904766262
2.91363680285
2.91815114765
2.92259054172
2.92695483499
2.93124388264
2.93545754511
2.93959568815
2.94365818277
2.94764490532
2.95155573747
2.95539056623
2.95914928394
2.9628317883
2.96643798238
2.9699677746
2.97342107873
2.97679781393
2.98009790471
2.98332128095
2.98646787787
2.98953763607
2.99253050146
2.99544642532
2.99828536422
3.00104728008
3.00373214009
3.00633991674
3.00887058778
3.01132413621
3.01370055029
3.01599982343
3.01822195429
3.02036694665
3.02243480946
3.02442555675
3.02633920765
3.02817578636
3.02993532207
3.031617849
3.03322340629
3.03475203805
3.03620379323
3.03757872568
3.03887689403
3.04009836171
3.04124319686
3.04231147234
3.04330326565
3.0442186589
3.04505773877
3.04582059646
3.04650732763
3.04711803237
3.04765281518
3.04811178484
3.04849505443
3.04880274129
3.04903496688
3.04919185684
3.04927354085
3.04928015262
3.04921182982
3.04906871406
3.04885095076
3.04855868919
3.04819208234
3.04775128687
3.04723646312
3.04664777497
3.04598538981
3.04524947853
3.04444021539
3.043557778
3.04260234725
3.04157410725
3.04047324531
3.0392999518
3.03805442018
3.03673684686
3.03534743121
3.03388637546
3.03235388463
3.03075016652
3.02907543161
3.02732989301
3.02551376639
3.02362726995
3.02167062435
3.01964405262
3.01754778015
3.01538203459
3.01314704582
3.01084304589
3.00847026892
3.00602895112
3.00351933065
3.00094164764
2.99829614405
2.99558306371
2.99280265216
2.98995515669
2.98704082623
2.98405991129
2.98101266396
2.97789933779
2.97472018777
2.97147547028
2.96816544305
2.96479036505
2.96135049651
2.95784609882
2.95427743452
2.95064476719
2.94694836148
2.94318848298
2.93936539825
2.93547937471
2.93153068061
2.92751958502
2.92344635773
2.91931126923
2.91511459068
2.91085659385
2.90653755106
2.90215773518
2.89771741954
2.89321687793
2.88865638453
2.88403621388
2.87935664086
2.8746179406
2.86982038851
2.86496426017
2.86004983136
2.85507737798
2.85004717601
2.84495950153
2.8398146306
2.83461283932
2.82935440373
2.82403959978
2.81866870335
2.81324199015
2.80775973575
2.80222221551
2.79662970457
2.79098247782
2.78528080985
2.77952497495
2.77371524708
2.76785189983
2.76193520638
2.75596543954
2.74994287164
2.74386777456
2.73774041969
2.73156107793
2.72533001962
2.71904751456
2.71271383198
2.70632924049
2.69989400812
2.69340840224
2.68687268957
2.68028713616
2.67365200737
2.66696756786
2.66023408154
2.65345181161
2.64662102049
2.63974196984
2.63281492053
2.62584013262
2.61881786537
2.61174837719
2.60463192568
2.59746876755
2.59025915867
2.58300335402
2.57570160769
2.56835417287
2.56096130185
