metodo_1_dt_1:12
4.36025497048e-05
0.00304319525872
0.00304193113003
0.00304444579094
0.00304707675556
0.00306603522221
0.00307750376678
0.00306965316889
0.00306812087042
0.00306747098083
0.00306911506953
0.00308506140109
0.00309926302329
0.00309725523632
0.00309438539555
0.00309149089062
0.00309907235747
0.00309773356612
0.00311411592759
0.0031253801897
0.00311508476979
0.00311130513868
0.00311584583558
0.00312826616465
0.00313573188949
0.00315042888483
0.00315316299481
0.00313983168402
0.0031413752921
0.00315065366284
0.00316758036906
0.00317531429696
0.0031819299076
0.00318082451788
0.00317999157486
0.00317542641175
0.00319018000277
0.00320732950417
0.00321957495641
0.00321041877578
0.00320708844462
0.00321103850756
0.00322343017602
0.00323161864739
0.00324747039708
0.00325183110386
0.00324926824936
0.00323921848102
0.00325031235356
0.00326812803834
0.00328544956464
0.00329406930955
0.00328533034075
0.00327792313918
0.00328364947794
0.00329935264232
0.00331965111397
0.00332240268839
0.00332501774057
0.00332295723679
0.00332736696858
0.00333103761753
0.00335102921478
0.00335838656743
0.00336615031263
0.00336505761714
0.00336554251058
0.0033657307592
0.00338596240188
0.00340545916024
0.00341663857093
0.00341832897083
0.00339638114243
0.00340405140791
0.00342105482201
0.00344219282668
0.00345764347882
0.00346288279861
0.00344066057373
0.00344424734325
0.00345839897988
0.00347990505275
0.00349911467977
0.00350961293407
0.00350117625716
0.00348787298512
0.00349879509872
0.00351942031886
0.00354150274067
0.00355656633653
0.00354416388268
0.00354502925723
0.0035429966808
0.00356167785367
0.00358548285421
0.00358660871913
0.00359454106767
0.00359617918687
0.00360146995733
0.00361745770437
0.00361206702872
0.00363407025888
0.00364737341483
0.00365129987677
0.00365513740802
0.00364704175666
0.00366941336676
0.00369437306687
0.00371216707752
0.00368851287636
0.00369155069737
0.00370088359543
0.00372143327351
0.00372494834757
0.00374679438586
0.00375845291851
0.00376302091555
0.00374658205655
0.00376361477981
0.00379002405274
0.00379152887612
0.00380779092002
0.00380500630844
0.00381077834999
0.00379979359221
0.00382411235382
0.00385221996488
0.00384795567263
0.00385851929473
0.00386421158687
0.00387551528031
0.00387086994409
0.00389968920426
0.00392566228607
0.00391386333168
0.0039210798496
0.00392999312718
0.00392109813877
0.00394926230416
0.00397854192751
0.00397061851858
0.00398090130935
0.00398892116675
0.00397559281416
0.00400191836766
0.00403328162654
0.00402897511924
0.00404356650216
0.00405229184725
0.00403490930251
0.00405856454253
0.00409063297553
0.00408920123454
0.00410892849548
0.00408869708752
0.00409944591904
0.00412007600352
0.00411909550446
0.0041514616051
0.00417666634892
0.0041587699504
0.00416942580287
0.00415423991047
0.00418268980313
0.00421744082877
0.00421366875832
0.00423271992136
0.00421102405603
0.00422570129267
0.0042176248414
0.00425183688809
0.00428576911114
0.00427534623768
0.0042898497274
0.00426870336205
0.00429079500081
0.00428899828462
0.00433451443377
0.00436413048943
0.0043469309783
0.00436053396912
0.00434392393529
0.0043744897656
0.00437585985144
0.00440990193531
0.00439694357534
0.00441206462224
0.00442936254532
0.00442031451862
0.00445785423727
0.00446728587602
0.00449634937739
0.00447712684735
0.00449340125685
0.00447956393318
0.00451515418808
0.00451682233311
0.00455107339345
0.004535427609
0.00456154904573
0.00454483885513
0.00457759338905
0.00457910406647
0.00461785878325
0.00460652769709
0.00462586281944
0.00461474178545
0.00464424485132
0.00464398222386
0.00464577687998
0.0046802701684
0.00466290658067
0.00468192983378
0.00467656012336
0.00471415361197
0.00471677063881
0.00475569585965
0.00474312386473
0.00476372423761
0.00475476912273
0.00474792767548
0.00479151213429
0.00479260284191
0.00482586843159
0.00480805869828
0.00483940065448
0.00482820848546
0.00482819217724
0.0048739102425
0.0048697874203
0.00490748975619
0.00488689128518
0.00487213134612
0.00491176494561
0.0049154225254
0.00496802270058
0.00495819952553
0.00493894836962
0.00496479430786
0.00496633506536
0.00501312029767
0.00501611377311
0.00501136756081
0.00503912821132
0.00502860870491
0.00501729494057
0.00506195261872
0.00506796544385
0.00512070498185
0.00510782907328
0.00508863968855
0.00512043512093
0.00512562449876
0.00513038414607
0.00517880573014
0.00517073084709
0.00516349520076
0.0051921807932
0.00518454811722
0.00519648079293
0.00524962821073
0.00524653243154
0.00523244136605
0.00526969715647
0.00525958408841
0.00525984473035
0.00527502452259
0.00532364329126
0.00531537075409
0.00529805352374
0.00533949368556
0.00533594651164
0.00534333495456
0.00540510323372
0.00540032295976
0.00538536477109
0.00537922255587
0.00541970734077
0.00542347231097
0.0054411057157
0.00544151235499
0.00547884571539
0.00547077784842
0.0054612130715
0.00546183421496
0.00552721127625
0.00553348122417
0.00552720402765
0.00552077348155
0.00555599578738
0.00555425590903
0.00556977378043
0.00557774098504
0.00563639764237
0.00562429842266
0.00560925081581
0.00561221771992
0.0056167256414
0.00567629442096
0.00569021835502
0.00568253150223
0.00567651726904
0.00571798105307
0.00571891227455
0.00573700172047
0.0057466265564
0.00575252148235
0.00574021624345
0.00577994346071
0.00578534544216
0.00579341008169
0.00581426635701
0.00581693311212
0.0058678886529
0.00585634664126
0.00584959871966
0.0058631289563
0.0058767405398
0.0058925196068
0.00594216602987
0.00593835596037
0.00592869911694
0.00594029732241
0.00595151445298
0.00596258645619
0.00597413483045
0.00601717434681
0.00601608945582
0.00601357693715
0.00603097312802
0.00604616676823
0.00606095508956
0.00605778845691
0.00605504347272
0.00604906092062
0.00611791628582
0.00613176163028
0.00615289307937
0.00615289726735
0.00615192244766
0.00614545460922
0.00615566613218
0.00617030837631
0.00619273318701
0.00620011417511
0.00620260545556
0.00624689102562
0.00625521899758
0.00626535739319
0.00629140360645
0.00630185408651
0.0063108984918
0.00630241219768
0.0063056339224
0.00631421341493
0.00633812290397
0.00636285811582
0.00636706833573
0.00637129963086
0.00636448118262
0.00637730430198
0.00639131290731
0.00641873769153
0.00643642782963
0.00643446843028
0.00643759876944
0.00643658823671
0.00645779006761
0.00647598530481
0.00650053930859
0.00656690406332
0.00656348300436
0.00656792472108
0.00657741299877
0.00660306550099
0.00657575617797
0.00658426518436
0.00659208628978
0.00658716487098
0.00660075567718
0.00662403888235
0.006646311865
0.00666812024208
0.00668043806155
0.00667599343969
0.00668628939088
0.00669822773865
0.00672892191682
0.00675517052824
0.00676483788524
0.00677061132843
0.006778761081
0.00678911447041
0.00681630217088
0.00684792272195
0.00686095510558
0.00687270160826
0.00687806906291
0.00688479269589
0.00685237403453
0.00688538957553
0.00690339573086
0.00692003734172
0.0069287542212
0.00693024991091
0.00695332084908
0.00698384582722
0.00701613043139
0.00702820177155
0.00703984271784
0.0069902527532
0.00700148846095
0.00703235194262
0.00706481409553
0.00709243551752
0.00709823877643
0.00710844670987
0.00712421870626
0.00709191757681
0.00711963781747
0.00714964732278
0.00717082747306
0.00718057386757
0.00718608374917
0.00721014555654
0.00718437052862
0.00722022424097
0.00723919801379
0.00725241777736
0.00726478208409
0.00728266439137
0.00730731602609
0.00728659132174
0.00731623931344
0.00733659345149
0.00734739522025
0.00735679954464
0.00732697403016
0.007362450331
0.00739887670282
0.00742474428134
0.0074304133413
0.00738674832984
0.0074116477823
0.00744560594717
0.00748502581489
0.00750643057536
0.00746710018
0.00748199051408
0.00750089986712
0.00753448902195
0.00757523034614
0.00754215309672
0.00756711384843
0.00758360772092
0.0075999033572
0.00757027762664
0.00761033979437
0.00764821988134
0.00767130129719
0.00763131772112
0.00764621241143
0.00767226092446
0.00771036507413
0.00769067751367
0.00772674273223
0.00775107215555
0.00776902633508
0.00772165070568
0.00775638958595
0.00779970357363
0.00777782214074
0.00780753317426
0.0078276684667
0.00784578990591
0.00781643481441
0.00785847183866
0.00790262469418
0.00787513011351
0.00789904478591
0.00791149059022
0.00787573574462
0.00791510936742
0.00796088582255
0.00800168199816
0.0079673511109
0.00798850633237
0.00801291434647
0.00798802111357
0.00803103986673
0.00807605225148
0.00804973290272
0.00807381648423
0.00809406744992
0.00806508985629
0.00810894256239
0.00809557357803
0.00813313454654
0.00816164592092
0.00812339470048
0.00815193384898
0.00819015948481
0.00817746716645
0.00822263489412
0.0082565728515
0.0082172845255
0.00824345699896
0.00821911949822
0.00826684189113
0.00831313877686
0.00829111985212
0.0083194603302
0.0082831513164
0.00831635351428
0.00835920540343
0.00834836387758
0.00839339817793
0.00836483639513
0.00839085537726
0.00842579873224
0.00840592566607
0.00845712838415
0.00844470298857
0.00848348933435
0.00844754087543
0.00847574067956
0.00851402693083
0.00850159695866
0.00855426941523
0.00853657642098
0.00856672943754
0.00853991223947
0.0085744849584
0.00855916443182
0.00861307523051
0.00866015384313
0.00863575192595
0.00866544671272
0.00863488656205
0.00868551763971
0.00867651654549
0.00873026185249
0.00870875053612
0.00874168813939
0.00870973110269
0.00874921085201
0.00874528933825
0.00880144021712
0.00878533062637
0.008822932976
0.00879127740405
0.00882745610463
0.00882010502511
0.00887690757695
0.00886814103261
0.00891129979825
0.0088789567798
0.00892024667268
0.00890162411969
0.00895737221508
0.00895182654085
0.00893761760824
0.00898216380547
0.00895243943779
0.00899317899523
0.00898022207338
0.00904683046528
0.00903774741096
0.00908027684866
0.00905150586689
0.0090260780343
0.00908276351957
0.0090786712372
0.00913721452964
0.00912190807981
0.00916394574716
0.00913668108055
0.00911888804366
0.00918357161623
0.00918130952303
0.00923524419593
0.00921360359827
0.0092573016536
0.00923579270757
0.00922661089084
0.00929613778475
0.00929122376912
0.00927496036221
0.00931330865714
0.00929358975369
0.00934441754067
0.00934203898846
0.0093479150936
0.00940123902358
0.00937923696338
0.00936134555493
0.00940830242707
0.0094035029444
0.0094754612371
0.00947011022745
0.00945291954308
0.00949986452076
0.00947956174702
0.0094712508223
0.00954344607028
0.00954254746616
0.00953800533333
0.00958048543832
0.00955818744239
0.00955299925211
0.00961667145504
0.00961877623799
0.00961984294921
0.00966658553248
0.00965099000485
0.00963498802862
0.00969591999178
0.00970630738665
0.00970536725393
0.0096998701431
0.00974333830437
0.00973154665236
0.00972409683469
0.00979168796168
0.00980165914517
0.00979473684573
0.00978387740741
0.00982845323861
0.00982402972489
0.00982470427137
0.00989498209875
0.00990051643498
0.00988715135603
0.00987438837718
0.00992453438702
0.00992879679126
0.00993463723842
0.00994493179789
0.0100021701094
0.00999151592743
0.00997439271948
0.00997477322737
0.0100445935429
0.010058144521
0.0100559726556
0.0100492008551
0.0100314482136
0.0100932314722
0.0100981130987
0.0101133238709
0.0101164510815
0.0101147380082
0.0101634360693
0.010156934196
0.0101621413364
0.0101702186889
0.0101845313631
0.0102469428628
0.0102401371871
0.0102250447523
0.0102262855922
0.0102394295652
0.0103180595649
0.0103275316152
0.0103181994343
0.0103100966872
0.0103008509183
0.0103108277015
0.0103943574971
0.0104018603146
0.0104048108109
0.01039166956
0.0103898313346
0.0103959330121
0.0104059749984
0.0104898551455
0.0104985307053
0.0104889591611
0.0104830890346
0.0104783976665
0.0104928710148
0.0105159838887
0.010589238375
0.0105913927231
0.0105863070738
0.0105784226258
0.0105893660662
0.0106095662627
0.0106213142194
0.0106321892168
0.0106297488453
0.0106199473846
0.0106930922456
0.0107117156985
0.0107333297978
0.0107400090059
0.0107447587384
0.010741524487
0.0107380029463
0.010753685272
0.0107765606178
0.0107951968469
0.0107984029784
0.0107967297288
0.0107972941199
0.0108023651928
0.0108910863762
0.0109136542529
0.0109294170898
0.0109242096746
0.010923453803
0.0109314217796
0.0109515444375
0.0109764516104
0.0109910144037
0.0109972847201
0.0109970028101
0.011001596259
0.01101158481
0.0110401283184
0.0110630954145
0.011074918709
0.0110769348188
0.0110725502192
0.0110885221643
0.0111127027487
0.0111390191673
0.0111566115369
0.011162548655
0.0111606979289
0.0111697813318
0.0111912474093
0.011219187427
0.0112452163696
0.0112562649242
0.0112592894278
0.0112586729848
0.0112764822134
0.0113073555819
0.0113344874589
0.0113512726775
0.0113573028857
0.0113649627735
0.0113118285415
0.0113308904761
0.0113606665011
0.0113862454236
0.0113967225173
0.0114013754984
0.0114116979566
0.0114375019806
0.0114681715157
0.0114955532353
0.0115115034191
0.0115212928919
0.0115224977938
0.0115413228628
0.0115038090608
0.0115379951739
0.0115597122751
0.0115699972929
0.0115769629694
0.0115950800294
0.0116223734142
0.0116554017212
0.0116858043551
0.0117010825925
0.0116415357227
0.0116533124869
0.0116802443937
0.011713384747
0.0117450846512
0.0117692177898
0.0117798121079
0.0117222651342
0.0117420520821
0.0117767779555
0.0118114671278
0.0118381580441
0.0118561807418
0.0118659534968
0.0118145271836
0.0118462850965
0.0118821967657
0.0119140219063
0.0119373876211
0.0119554285814
0.0119012447895
0.0119260076846
0.0119645388941
0.0120003091191
0.0120262925384
0.0120443111634
0.0119887812064
0.0120096680096
0.0120460225455
0.0120841350038
0.0121223228678
0.012077210357
0.0120900379998
0.0121076266937
0.0121406418115
0.0121113243577
0.0121508007341
0.0121759565417
0.0121978059928
0.0122165189976
0.0121744076014
0.0122116658991
0.0122545212595
0.0122855374084
0.0122367467964
0.0122614983221
0.0122836156525
0.0123181948775
0.0122945421416
0.0123308108978
0.0123650723132
0.0123813894986
0.0123324678414
0.0123665662654
0.0124075120269
0.0124546192178
0.0124198732578
0.0124392424483
0.0124602243944
0.0124189581041
0.012464465906
0.0125108935669
0.0125468762658
0.0125057443609
0.0125302285079
0.0125537355348
0.0125244836304
0.0125684539643
0.0126191443207
0.0125802667638
0.0126002731446
0.0126246535609
0.0125947681394
0.0126410302601
0.0126855526278
0.0126622517165
0.0126859994163
0.0127063001926
0.0126758005818
0.0127162704683
0.0127660103927
0.0127448129794
0.0127736070263
0.0127981896329
0.0127546992407
0.0128014433459
0.012847996632
0.0128344415013
0.0128689898284
0.0128964066607
0.012857510314
0.0128905610602
0.0128701125505
0.0129247805239
0.0129684489215
0.012928182711
0.0129611180725
0.0129219171744
0.0129735197154
0.0130229414235
0.0130029847429
0.0130432738078
0.0129994863108
0.0130360480647
0.0130741630098
0.0130574274526
0.0131132760578
0.0130874724125
0.0131223207239
0.0131513855333
0.0131231847636
0.0131730218404
0.0131622545105
0.013210852788
0.013175245867
0.0132113761605
0.0132423901385
0.0132262949055
0.0132784219506
0.0132691971352
0.0133081638986
0.013277832561
0.0133067356029
0.0132867267263
0.0133374495923
0.0133314877837
0.0133762399502
0.0133499831624
0.0133784419259
0.0133546839274
0.0134025838994
0.0134671831067
0.0134545435257
0.0134961881565
0.0134633734582
0.0134994118887
0.0134809093019
0.0135387762442
0.0135302405486
0.0135777312872
0.0135480321714
0.0135890656063
0.0135635347259
0.0135532403132
0.0136134197066
0.0136003949536
0.0136478936254
0.013610260732
0.0136569220751
0.0136369179325
0.0137042977022
0.0136960995283
0.0137428538624
0.0137170376476
0.0137580869961
0.0137374899705
0.013731143674
0.0137927856215
0.0137790317899
0.0138264014931
0.0137909305486
0.013842295379
0.0138366339438
0.0138274021647
0.0138918066101
0.013871487256
0.0139162311957
0.0138853413294
0.0139455669119
0.0139459500829
0.0139356076638
0.0139938587646
0.0139686275525
0.0140089130896
0.0139956207584
0.0139908983621
0.0140626544909
0.0140474059836
0.0140995425731
0.0140765350782
0.0140562891112
0.0141151066984
0.0141149484131
0.0141145104702
0.0141720508251
0.0141411763402
0.0141217325851
0.0141796480644
0.0141821221921
0.0142551760424
0.0142391811184
0.0142215552645
0.0142673412698
0.0142550758666
0.0142551922545
0.0143207232493
0.0143199686699
0.0143072201664
0.0143537737229
0.0143382390109
0.0143314533432
0.0144007446543
0.0144045941782
0.0143940912386
0.0143768271512
0.0144290896216
0.0144183198479
0.0144226164796
0.0144994976315
0.0144884774817
0.0144753219502
0.014527333456
0.0145128062949
0.0145141765928
0.0145191959963
0.014593036121
0.0145851349727
0.0145653289495
0.0146213813119
0.0146189589215
0.0146172204053
0.0146252309131
0.014693167841
0.0146765708289
0.0146612797874
0.0146549585716
0.0147274143839
0.014737852627
0.0147414242801
0.0147295423061
0.0147847380613
0.0147749426428
0.0147774635293
0.0147851177314
0.0147935470948
0.0148607346246
0.0148446533226
0.014832604685
0.014831217828
0.0149078258894
0.0149196613907
0.014922586535
0.0149104058897
0.0148977023257
0.0149626549358
0.0149698642347
0.0149799827964
0.0149883078487
0.0149846934305
0.0150461723914
0.0150378940071
0.0150414506603
0.0150548883335
0.0150640902462
0.0150662527974
0.0151279297817
0.0151145645772
0.0151141532685
0.0151257480057
0.0151411799348
0.0151518399738
0.0152180500337
0.0152082039643
0.0152042332203
0.0152092220027
0.0152256115354
0.0152385324643
0.0152461184021
0.0153051546149
0.0152986610657
0.0153032383491
0.0153187616388
0.0153319501144
0.0153453596406
0.0153411097842
0.0153336761102
0.0154013717298
0.015414444035
0.015439320768
0.0154520469779
0.0154492766274
0.0154426670477
0.0154401569278
0.0154559036783
0.0154713191695
0.0154886114644
0.0154950227138
0.0155677995909
0.01555988823
0.0155654694803
0.0155828012275
0.0156093358007
0.0156215429422
0.0156183691125
0.0156136898444
0.0156217705094
0.0156361551262
0.0156578256168
0.0156779252083
0.015683582597
0.0156805245238
0.0156858757537
0.0156964797721
0.0157141009091
0.0157416985902
0.0157531953937
0.0158241864957
0.0158282446438
0.0158314391751
0.0158503777906
0.0158803270848
0.0158974721083
0.0159025496805
0.0159036446325
0.0159069474804
0.0159225139422
0.0159529832514
0.0159749111022
0.0159882689036
0.0159890686361
0.0159901908655
0.0160079495208
0.0160310270381
0.0160624536583
0.0160755248577
0.0160864496206
0.0160161811396
0.0160240133159
0.0160504608403
0.0160773696791
0.0161018962005
0.0161118871303
0.0161198712052
0.0161247614017
0.0161475183939
0.0161742054193
0.0162065033029
0.0162188054491
0.0162298672615
0.0162332220454
0.0162520249105
0.0162768082209
0.0163118001271
0.0163333662543
0.0162745225805
0.0162780643353
0.0162933450518
0.0163149042888
0.0163507406093
0.0163772722884
0.0163984207605
0.0164005283163
0.016413385676
0.0164371766147
0.016465973364
0.0164312222537
0.0164521134137
0.0164675542747
0.0164734419797
0.0164933640701
0.0165221841683
0.0165543415343
0.0165868532267
0.0165301508133
0.0165430882934
0.0165598564915
0.0165825434907
0.0166208588582
0.0166578564651
0.0166745022424
0.0166190995633
0.0166340347616
0.0166527560103
0.016689415867
0.0167294035787
0.0167553803803
0.0167754679205
0.0167191083052
0.016734198314
0.0167678430697
0.016805477458
0.0168366327159
0.0167908970941
0.0168074493482
0.0168259576711
0.0168497294893
0.0168902565029
0.0169313989873
0.0168854006618
0.0169054279822
0.0169227898775
0.0169487167344
0.016909647091
0.0169530064361
0.0169863993642
0.0170112918171
0.0170293090372
0.0169745439808
0.0170093341201
0.0170531263686
0.0170948090296
0.017054047438
0.0170684525777
0.0170889582269
0.0171198304092
0.0171622840283
0.0171358381013
0.0171722308807
0.0171907834657
0.0171394886867
0.0171665800408
0.0172061829272
0.0172526608022
0.0172229901584
0.0172467806105
0.017264724065
0.0172889962791
0.0172534317504
0.017299544556
0.0173454758902
0.0173097223737
0.0173343898185
0.01735719507
0.0173891602149
0.0173557592838
0.0174042542852
0.0174456792181
0.0174035094976
0.0174266245302
0.0174551184982
0.0174244539328
0.017473669151
0.017519997835
0.0174833976167
0.017508669906
0.0175348134348
0.0175717805071
0.0175483495384
0.0175982379022
0.0175674718583
0.0175965878585
0.0176219914251
0.0175835197395
0.017629057624
0.0176807924994
0.0176554412355
0.0176896813594
0.0177161965122
0.0176745984913
0.0177165487831
0.0177682856966
0.0177472932018
0.0177873522015
0.0177451028194
0.0177793960181
0.0178174106194
0.0177956861852
0.0178492535799
0.0178987139193
0.017860825247
0.0178891656389
0.017851879363
0.0178987420852
0.0179534312456
0.017938593456
0.0179779157264
0.0179363685392
0.0179682044749
0.0179395117498
0.0179933658116
0.0180481886641
0.0180275486056
0.0180613298133
0.0180203547328
0.0180594806325
0.0180392213834
0.0180961491323
0.0181529138616
0.0181197842445
0.0181549610404
0.0181190254581
0.0181730184545
0.0181584411038
0.0182138538441
0.0181864472635
0.0182206138429
0.0181886445943
0.0182327045071
0.0182166439227
0.0182752268647
0.018331485788
0.0182979596697
0.0183315954722
0.0183096087949
0.0183625208964
0.0183506145317
0.018406202255
0.0183839308556
0.0184191055408
0.0183847639814
0.0184398617159
0.0184274638126
0.0184871606543
0.0184707062879
0.0185092052919
0.0184770887866
0.0184562959923
0.0185137017086
0.0185038730265
0.0185650604669
0.0185362809423
0.0185729968819
0.0185487249802
0.0186028368115
0.018603113391
0.0186632566457
0.0186400498707
0.018685022348
0.0186525236309
0.0186366282112
0.0186981739584
0.0186897359019
0.0187503717517
0.0187248977941
0.0187697757628
0.0187440925929
0.0187368515942
0.0188021594536
0.0187961304555
0.0188443131362
0.0188182877526
0.0187932517564
0.0188543696095
0.0188474639266
0.018911957411
0.0188997215628
0.0188708157433
0.0189185100447
0.0189072033405
0.0189705473573
0.0189715533252
0.0189591912717
0.0190128084774
0.0189825861655
0.0190362572535
0.0190278777699
0.0190298183359
0.0190946487658
0.0190815910913
0.0190592415836
0.0191045039822
0.0190981301231
0.0190932721523
0.0191677032881
0.0191605106113
0.0191359315844
0.0191861510987
0.0191699937459
0.0191685402701
0.0192449940623
0.019237440795
0.0192237326314
0.0192748536704
0.0192554942084
0.0192504759536
0.0193271137886
0.019324105859
0.0193161220862
0.0193736228757
0.0193487248198
0.0193397125051
0.0194148026816
0.0194148396735
0.0194126458003
0.0194021619842
0.0194493729617
0.0194366471532
0.0194364326537
0.0195159403517
0.0195167040529
0.0195079198034
0.0194903502364
0.0195472453651
0.0195373220049
0.0195475196546
0.0195544997336
0.0196239220988
0.019609716996
0.0195871559021
0.0195828186994
0.0196594889581
0.0196687619142
0.019671456222
0.0196598588145
0.0197161117065
0.0197047206107
0.0197055968373
0.0197153553803
0.0197930486764
0.0197892746952
0.0197755131359
0.0197619714183
0.0197625622238
0.0198434211439
0.0198541876134
0.0198562800502
0.0198407200484
0.0198303245266
0.0198959150977
0.0199015340641
0.0199138744367
0.0199249802915
0.0199204997978
0.0199802577844
0.0199704318064
0.0199759892705
0.0199880387046
0.0199997085508
0.0200010484938
0.0200617648901
0.0200504139046
0.0200483325277
0.0200583883954
0.0200763518068
0.0200833979482
0.0201509205645
0.020139797125
0.0201378502782
0.0201446437615
0.020159718386
0.0201753793482
0.0201758945719
0.0202394596752
0.0202372486904
0.0202437797382
0.0202578165704
0.0202734108646
0.0202797892039
0.0202782181959
0.0202693873315
0.0203410087691
0.0203561369359
0.0203736157557
0.0203854720722
0.020385293348
0.0203811346065
0.0203828278362
0.0203906862491
0.0204081925989
0.0204281974016
0.0204337923746
0.0205014654256
0.0204992073254
0.0205030787585
0.0205246573346
0.0205475856437
0.0205589642092
0.0205583380972
0.0205523347893
0.020556235401
0.0205747377076
0.0205950955275
0.0206152850358
0.0206200862371
0.020615858122
0.0206229236696
0.0206317694982
0.0206513896865
0.0207481980672
0.0207646423199
0.0207639300281
0.0207603891563
0.0207689825918
0.0207920452791
0.020814626992
0.020834575093
0.0208387467666
0.0208416788559
0.0208469737527
0.0208607838971
0.0208894789646
0.0209141098663
0.0209239809797
0.0209294432439
0.020932683577
0.020942525639
0.0209697788101
0.0209976387955
0.021013354883
0.0210229573899
0.0210258143144
0.021031910243
0.0210562818394
0.0210127364625
0.0210395022635
0.0210486154439
0.0210529334715
0.0210619358143
0.0210804567955
0.021111391716
0.0211365097862
0.0211551594416
0.0211647930465
0.0211666128637
0.0211869276744
0.0212100053278
0.021243395225
0.0212677464458
0.0212763080715
0.0212842642147
0.0212953663779
0.0212479445519
0.021279926035
0.0213111969866
0.0213253472241
0.0213392165841
0.0213443101873
0.0213658798479
0.0213967284005
0.0214315161585
0.0214610020351
0.0213963619938
0.0214065097902
0.0214221811934
0.0214523967413
0.0214831868695
0.0215181060363
0.0215315772818
0.0215465822614
0.0214882838366
0.0215090745318
0.0215491983348
0.0215790225815
0.0216077261522
0.0216219778064
0.0216292374458
0.0215825011526
0.0216113232713
0.0216534025541
0.0216841562735
0.0216971376972
0.0217138847763
0.0217328636214
0.0216892102552
0.0217285459323
0.0217643579306
0.0217865406836
0.0218014988132
0.021748573217
0.0217760889991
0.0218088336274
0.0218521316749
0.0218822093635
0.0218987885982
0.0218411049
0.0218684356581
0.0219044748888
0.0219404172545
0.0219066655631
0.0219301913285
0.0219501470038
0.0219648231544
0.0219973443572
0.0219697992633
0.0220099967507
0.0220429899767
0.0220561945086
0.0220052333675
0.0220337401229
0.0220777496633
0.02212106659
0.0221504845771
0.0221041729532
0.0221223525441
0.0221508882902
0.0221882289605
0.0221633789057
0.0222036902918
0.0222265029027
0.0221768247515
0.022198848691
0.0222360758279
0.0222801337234
0.0222550061694
0.0222893477921
0.0223162065625
0.022336978178
0.0222970269722
0.0223388555304
0.0223798923474
0.0223504056201
0.0223783068613
0.0224032996995
0.0223562342515
0.02239839563
0.0224456390654
0.0224942073585
0.0224545012798
0.0224818489881
0.0225058261855
0.022470780918
0.0225167390154
0.022568690574
0.0225348321624
0.0225624571392
0.0225895931814
0.0225469863688
0.0225939162896
0.0226437583615
0.0226189792976
0.0226575047158
0.022685924975
0.0226403217915
0.0226835370575
0.0226598095152
0.0227125889889
0.0227512536731
0.0227094128266
0.0227355482889
0.0227747989346
0.0227547497876
0.0228102230923
0.0227812970552
0.0228173251414
0.0228436715611
0.0228060141082
0.0228503848695
0.0229123973528
0.0228883999132
0.0229300046433
0.0228850240129
0.0229182678366
0.0228853821419
0.0229463676376
0.0229994150283
0.0229735019169
0.0230056405299
0.0229703253378
0.0230068919258
0.0230597057724
0.0230412616398
0.0230999273597
0.0230637076345
0.0230970659283
0.0230570936188
0.0231119465032
0.0230973401378
0.0231510532586
0.0231977720088
0.0231623932374
0.0231977400698
0.0231657608612
0.0232285212227
0.0232117909766
0.0232642905267
0.0232332538981
0.0232684553664
0.0232328023529
0.0232924873852
0.0232769049417
0.0233345508096
0.0233126703798
0.0233458523164
0.0233169255741
0.0233633438302
0.0233508121538
0.0234142635334
0.0233925819113
0.0234349043166
0.0233991394648
0.0234416310239
0.0234324155043
0.0234962276599
0.0234820363349
0.0235273321841
0.0234940907907
0.0235370212903
0.0235205589623
0.0235847710946
0.0235752544282
0.0236262672172
0.0235992288637
0.0236363373848
0.023619613818
0.0236786906088
0.0236761464108
0.0236557020705
0.023706310477
0.0236731699147
0.0237224762509
0.0237088575117
0.0237776161681
0.0237661989298
0.0237447738986
0.0237922326939
0.0237631983231
0.023821258217
0.023814149846
0.0238823722456
0.0238704870242
0.0238381819639
0.023886904339
0.0238655100295
0.0239318109259
0.0239326908784
0.0239171352643
0.0239724733669
0.0239479042075
0.0239929032581
0.0239859917023
0.0239838123765
0.0240505472332
0.0240340715086
0.0240116947001
0.0240580855382
0.0240434767544
0.024117589485
0.02411604207
0.0241035834242
0.0241587105149
0.0241325617749
0.0241178571661
0.0241799224598
0.0241839210166
0.0241825230882
0.0242389920351
0.0242120783905
0.0241942774636
0.0242582921328
0.0242621957415
0.0242613978323
0.0243218133959
0.0243034071167
0.0242800885843
0.0243438798193
0.0243421789261
0.024342361936
0.0244141801473
0.0243964296812
0.0243768632686
0.0243633375408
0.0244321940425
0.0244389758807
0.0244383698005
0.0244980076541
0.0244802899093
0.0244603841839
0.0245291776095
0.0245351031086
0.0245382660977
0.0245356372328
0.0245915160892
0.0245743145212
0.0245654075856
0.0245651474374
0.0246479417134
0.0246508518662
0.0246378980885
0.0246214991368
0.0246830837473
0.0246792592213
0.02468851455
0.0246960443507
0.0247625760684
0.0247487585886
0.024730798377
0.0247267593414
0.0248082572378
0.024815095187
0.0248174313863
0.0248078276137
0.0247895593384
0.0248555691632
0.024860284904
0.0248684414774
0.0248760139478
0.0249455786581
0.024928829226
0.0249182102615
0.0249246939122
0.0249323090791
0.025017768886
0.0250193141903
0.0250058838053
0.0249939344129
0.0249908576611
0.0249962785924
0.0250897189037
0.0250969287451
0.0250882422384
0.0250767536159
0.0250702489149
0.0250778534952
0.0251662686933
0.0251782857181
0.0251752246431
0.0251660446448
0.0251628623919
0.0251609067697
0.025248087199
0.0252634980192
0.0252756297412
0.025266622358
0.0252572356572
0.0252552234266
0.0252675047721
0.025284558026
0.0253704286531
0.0253721552206
0.0253639904585
0.0253589545418
0.0253619332783
0.0253843038252
0.025400524265
0.02540628133
0.0254029357253
0.0254702392941
0.0254785518952
0.0254896208516
0.0255085333786
0.0255255827006
0.0255211996295
0.0255146899631
0.0255194426406
0.0255310747787
0.0255526070964
0.0255690963414
0.0255740270253
0.0256452837992
0.025641981426
0.0256552291644
0.0256740237048
0.0256959304131
0.0257067233719
0.0257114773585
0.0257034716318
0.0257128091128
0.0257290576188
0.0257511619174
0.0257692069832
0.0257789756477
0.0257756748922
0.0257780199789
0.0257906557435
0.0258183781339
0.0258391722123
0.0258508770996
0.0258503144857
0.0258545655271
0.025863189005
0.0258854202919
0.0259091961177
0.0259304890361
0.0259359790313
0.0259345006754
0.0259449679342
0.025962398901
0.0259890794054
0.0260155315188
0.0261395451803
