metodo_1_dt_1:24
3.00653240312e-06
0.012383936912
0.0123926584112
0.0123988235407
0.0124068800422
0.0124147679852
0.012422563565
0.0124328945897
0.0124398189867
0.0124495721497
0.0124586774151
0.0124681480912
0.0124761053385
0.0124835444536
0.0124945937728
0.0125011649515
0.0125096489868
0.0125178549271
0.0125292556707
0.0125395937542
0.0125488546721
0.0125570194492
0.0125640561395
0.0125738060578
0.0125855405333
0.0125932046158
0.0126028888469
0.0126147671865
0.0126213410742
0.0126344437617
0.0126411360194
0.0126546112416
0.0126614396583
0.0126705885044
0.0126821355881
0.0126904609853
0.0127011635219
0.0127134244633
0.0127230948173
0.0127342331381
0.0127416492281
0.0127556638965
0.0127657901052
0.0127717734177
0.0127843364185
0.0127980725255
0.0128064344842
0.0128156606804
0.0128306115628
0.0128396782529
0.0128492499569
0.012857574785
0.0128721623203
0.012879967811
0.0128929987293
0.0129041986282
0.0129141294704
0.0129289588923
0.0129348994739
0.0129445855313
0.0129586794316
0.0129688998191
0.0129831594013
0.0129937623734
0.0130072227627
0.0130164214559
0.0130272534998
0.013039515662
0.0130465511955
0.0130657653273
0.0130735140083
0.0130829053176
0.0131002915442
0.0131032874232
0.0131191135419
0.0131316268764
0.0131417220842
0.0131539260599
0.0131684291735
0.0131829032771
0.0131899612996
0.0132026562523
0.0132120272873
0.0132269279356
0.0132424394646
0.0132455090699
0.0132630630999
0.0132719244397
0.0132792242107
0.0132970131587
0.0133087223656
0.0133229393046
0.0133331931421
0.0133455001085
0.0133587401355
0.0133717998469
0.0133811655412
0.0133949848871
0.013407108563
0.013419109412
0.0134299694579
0.0134432745007
0.013455041929
0.0134687309775
0.013479675189
0.0134920977024
0.0135048184383
0.013519398091
0.0135288536657
0.0135429091835
0.0135572743086
0.0135661647675
0.0135788789632
0.0135940952311
0.0136034948087
0.0136193504078
0.0136292023769
0.0136439021287
0.0136565837196
0.0136672190506
0.0136817452311
0.0136929212053
0.0137073152821
0.0137190308238
0.0137307463577
0.0137447937042
0.0137582964954
0.013770132951
0.0137820975249
0.0137952494415
0.0138081222901
0.013821608449
0.0138334837972
0.0138482171211
0.0138591580945
0.0138733029019
0.0138850975779
0.0138979158352
0.0139114798702
0.0139247599381
0.0139379526099
0.0139501429605
0.0139630918363
0.013976415454
0.0139898774704
0.0140022896727
0.0140154543881
0.0140286481782
0.0140410563705
0.0140547769525
0.0140682103554
0.0140812708654
0.0140935718319
0.0141068468009
0.0141206830349
0.0141340036264
0.0141472700987
0.014159978859
0.0141729415795
0.0141864903082
0.0142000109947
0.0142125939034
0.0142259047838
0.0142392496208
0.01425251893
0.0142658643015
0.0142790979587
0.0142924379849
0.0143059050002
0.0143194173674
0.0143331890977
0.0143474280773
0.0143594512656
0.0143739568697
0.0143864524243
0.014400842588
0.0144141779762
0.0144272788855
0.0144416710497
0.0144559656584
0.0144669534805
0.0144825603122
0.014494751804
0.0145108524856
0.0145233910875
0.014536777432
0.0145505258232
0.0145650804791
0.0145789942347
0.0145936243571
0.0146037581234
0.0146181097035
0.0146333806702
0.0146471545217
0.01466159604
0.0146751795157
0.0146881926122
0.0147053007977
0.0147171266912
0.0147318975166
0.0147454087934
0.0147578289732
0.0147741574188
0.014787213487
0.0148038822342
0.0148184933965
0.0148302267006
0.0148435626421
0.0148596000823
0.0148768743171
0.0148900064472
0.0149045588723
0.0149198327291
0.0149359246836
0.0149461603094
0.0149615270474
0.0149761962784
0.0149901284652
0.0150087169132
0.0150249896748
0.0150388109695
0.0150492425903
0.0150692381741
0.0150849575651
0.0150953790401
0.015113830939
0.0151266312293
0.01514660116
0.0151582465507
0.0151760759676
0.0151921309451
0.015204716688
0.0152222070311
0.0152349587134
0.0152500460158
0.0152672114745
0.0152854920934
0.0153001795897
0.0153161206551
0.015332450911
0.0153461463866
0.0153642230467
0.0153797467053
0.0154001927917
0.0154113737356
0.0154315354192
0.0154474460928
0.0154639632432
0.0154818750882
0.0154995087429
0.0155160485343
0.0155315670506
0.0155495111136
0.0155665246801
0.0155850707895
0.0156003261041
0.0156172351823
0.0156349448786
0.0156526266041
0.0156738537876
0.0156908091949
0.015706334945
0.0157256228571
0.0157428194018
0.0157620691111
0.0157824591738
0.0158012834599
0.0158196994114
0.0158362059091
0.0158570436046
0.015876924686
0.0158938253338
0.0159143887001
0.0159337057331
0.0159520513459
0.0159734239962
0.0159932953782
0.0160120214504
0.016031429476
0.0160535504866
0.0160733822924
0.0160934679474
0.0161129525796
0.0161351085064
0.016156276526
0.016176684008
0.0161985318808
0.016218658523
0.0162403109473
0.0162622269935
0.0162837059499
0.0163060540813
0.0163276032766
0.0163496847339
0.0163716488806
0.0163954088548
0.0164171121539
0.0164401327067
0.0164632981005
0.016486114422
0.0165096355438
0.016533381847
0.0165576444799
0.016581134179
0.0166050168911
0.0166292289248
0.0166536775894
0.0166784821491
0.0167029691692
0.0167277696078
0.0167530113283
0.0167786755796
0.0168034910604
0.0168301695057
0.0168558583898
0.0168819556502
0.0169080462788
0.0169335116091
0.0169609383477
0.0169879359606
0.0170158118445
0.017041614958
0.0170701211517
0.0170974948071
0.0171259539098
0.0171528601708
0.0171803868744
0.0172097643722
0.0172384958325
0.0172667698018
0.0172970504312
0.0173255195827
0.0173557659971
0.0173846662836
0.0174150286559
0.0174472385494
0.0174768704028
0.0175069888642
0.0175379077264
0.017569002883
0.0176005375126
0.0176327473012
0.0176640314405
0.0176945888695
0.0177283233603
0.0177618035118
0.0177924905319
0.0178262646153
0.0178617223403
0.0178949190362
0.0179293308319
0.0179590566212
0.017995656285
0.0180324135764
0.0180630873223
0.0180988377127
0.0181334526414
0.0181720001239
0.0182088522799
0.0182423901649
0.0182778773336
0.0183162926284
0.0183491776571
0.0183898614903
0.0184242850104
0.0184645029579
0.0185041960289
0.018541848012
0.0185774144968
0.0186161594191
0.0186582143032
0.0186952451491
0.0187341343036
0.0187741824467
0.0188139701835
0.0188534545967
0.0188985138119
0.0189344326356
0.0189744575456
0.0190179589548
0.0190566638519
0.0191050422459
0.0191477103869
0.0191921333447
0.0192319468511
0.0192719773541
0.0193187437256
0.01935698112
0.0194019762091
0.0194480134964
0.0194929411396
0.0195379070159
0.0195816240465
0.0196236509739
0.0196688783708
0.0197183604433
0.0197646530159
0.0198082773749
0.0198538898121
0.0199018212715
0.019950689493
0.0199961896296
0.0200473296484
0.0200943799094
0.0201416123484
0.0201886305418
0.0202402003607
0.0202874121827
0.0203383263529
0.0203884007553
0.0204373501066
0.0204896122199
0.0205363727655
0.0205893912359
0.0206418476802
0.0206926286624
0.0207448804122
0.0207958980753
0.0208477366624
0.0208988730128
0.0209541370144
0.0210072003354
0.021058965429
0.021114698261
0.0211677164287
0.0212224056499
0.021277513463
0.0213327697132
0.0213867115476
0.0214425701111
0.0214978058384
0.0215534025992
0.0216109494405
0.0216665532319
0.0217245174039
0.0217813539571
0.0218385978904
0.0218974177765
0.0219549214854
0.0220135165065
0.0220717095099
0.0221305466664
0.0221897759421
0.0222492865008
0.0223099711705
0.0223697393293
0.0224294920211
0.0224901454541
0.0225518916305
0.0226130034323
0.0226748709758
0.0227361419307
0.0227987552664
0.0228606396393
0.0229237394778
0.0229869929469
0.0230498715366
0.023113168356
0.0231767937009
0.0232419103258
0.023306062401
0.0233708514258
0.0234352276784
0.0235015483569
0.0235669155132
0.0236326991656
0.0236986425045
0.0237647847411
0.0238327368506
0.023899397085
0.0239661435098
0.0240348467494
0.0241016805975
0.0241705216957
0.0242394463143
0.0243083669562
0.0243770034788
0.0244454560921
0.0245164778919
0.0245842530843
0.0246557518153
0.0247251367469
0.0247966860293
0.0248676321614
0.0249398753226
0.0250114197414
0.0250821242912
0.0251550709177
0.0252260887426
0.0252993620074
0.0253740300519
0.0254475293805
0.0255178077899
0.0255949352844
0.0256687771524
0.0257400571172
0.0258165122519
0.0258902857909
0.0259643659228
0.0260396646067
0.0261161636534
0.0261920360809
0.0262690513975
0.0263462672069
0.0264236283172
0.0265010699329
0.0265776344653
0.0266532427046
0.0267335881285
0.026812926378
0.0268911399551
0.0269672412925
0.0270471633152
0.02713012006
0.027206309226
0.0272899287091
0.02736557964
0.0274495579345
0.0275291449503
0.0276114933544
0.0276899752944
0.0277760461557
0.0278564164556
0.0279384310588
0.028021211764
0.028104673955
0.0281871449347
0.0282700978282
0.0283526230412
0.0284345849942
0.0285207471428
0.0286061711809
0.0286891614383
0.0287702926961
0.0288553149988
0.0289442071229
0.0290301048281
0.0291181965167
0.0292029311905
0.0292896048041
0.0293717787947
0.0294619900631
0.0295466479913
0.0296392145936
0.0297251302549
0.0298114069669
0.0299045907596
0.029989740066
0.0300808497088
0.0301703043587
0.0302552835312
0.0303452292247
0.0304436875624
0.0305268494553
0.0306156579779
0.0307092989164
0.0307990298048
0.0308918725715
0.0309870223241
0.0310697041649
0.0311670845896
0.0312562081789
0.0313525807704
0.0314390293472
0.0315368198924
0.0316312603316
0.0317270096845
0.0318123768835
0.0319111701717
0.0320119047488
0.0321019764615
0.0322010530918
0.0322963606519
0.0323869578973
0.0324844959894
0.0325805662545
0.0326733713386
0.0327716501305
0.0328652043133
0.0329714172351
0.0330670351199
0.033160153824
0.0332590204055
0.0333539050328
0.0334572947682
0.0335550928194
0.0336597156481
0.0337543973345
0.0338521937641
0.0339516495059
0.0340528014579
0.0341557038419
0.0342559144622
0.0343537324015
0.0344563302017
0.0345568851158
0.0346580787906
0.0347622986203
0.0348650994547
0.0349670704912
0.0350693259956
0.0351720473798
0.0352744723267
0.0353768035536
0.0354819301678
0.0355872582701
0.035691091981
0.0357946454642
0.0359005514847
0.0360055879698
0.0361100360869
0.0362163316568
0.0363215059031
0.0364278590738
0.0365335739757
0.036640816118
0.0367487187421
0.036855719856
0.0369637849813
0.0370705419747
0.0371778168105
0.0372867576113
0.0373955504102
0.0375043672731
0.037613242229
0.0377216764425
0.0378318384885
0.0379418962631
0.0380521239508
0.0381617499791
0.0382729895666
0.0383836818149
0.0384947980536
0.0386062577438
0.0387186760441
0.0388295176178
0.0389426892531
0.039055101409
0.0391670334104
0.0392807391009
0.0393933806685
0.0395072505111
0.0396206498951
0.0397345400545
0.0398494139897
0.0399635859005
0.0400787919954
0.0401937795098
0.0403091375154
0.040424773084
0.0405410151793
0.0406572364292
0.040772546238
0.0408891650342
0.0410074310323
0.0411244348015
0.0412412818371
0.0413595187032
0.0414769987075
0.0415964153109
0.0417144880598
0.041833310915
0.0419528552412
0.042071587868
0.0421908162544
0.0423112347285
0.0424313793776
0.0425509848891
0.0426724550558
0.0427935997239
0.0429143570139
0.0430346565659
0.0431570128514
0.0432790242675
0.0434006259409
0.0435245442133
0.0436452881526
0.0437683618483
0.0438941050204
0.0440165686189
0.0441414133563
0.0442622991504
0.0443900130888
0.0445139790304
0.044636604458
0.0447624694067
0.0448882787161
0.0450131874918
0.0451372865483
0.045265415549
0.0453921245163
0.0455184073996
0.045644334875
0.0457740881437
0.0458977424836
0.0460254847571
0.0461566662161
0.0462827379887
0.0464124745148
0.0465406841482
0.0466682859438
0.046799092713
0.046929457989
0.0470585062035
0.047185363062
0.047316728519
0.0474460282519
0.0475791992926
0.047711250199
0.0478412806618
0.0479745524889
0.0481058467106
0.0482350980737
0.0483677451358
0.0485038983662
0.0486372030977
0.0487683955202
0.0489023059796
0.0490340031206
0.0491676260147
0.049298900934
0.049438906965
0.0495688256736
0.0497083335675
0.0498428400098
0.0499745112672
0.0501134889802
0.0502486897856
0.0503855814486
0.0505175977785
0.050657659056
0.0507925932926
0.0509280946854
0.0510648064729
0.0512026175416
0.0513399449829
0.0514781103636
0.0516169571445
0.0517548871384
0.0518924495607
0.0520294457532
0.05217289648
0.0523075012361
0.0524482201948
0.0525869047539
0.0527314072366
0.0528727823562
0.0530120766148
0.0531483161551
0.0532881952016
0.053432195789
0.0535723558341
0.0537154924792
0.0538535301159
0.0540025197691
0.0541378460274
0.0542829785932
0.0544279412809
0.0545719680274
0.0547075298722
0.0548593582628
0.0549986174402
0.0551382570252
0.0552856456687
0.0554315613152
0.0555750439243
0.0557151410109
0.0558646538023
0.0560088491243
0.0561554091452
0.0562999017415
0.0564449607939
0.0565859416815
0.0567305131559
0.0568776987861
0.0570265293033
0.0571714763312
0.0573207940616
0.0574688957501
0.0576103426194
0.057759264402
0.0579049563946
0.0580542749929
0.0582002774286
0.0583478966813
0.058496990435
0.0586465132911
0.0587917050598
0.0589418520936
0.0590912274135
0.0592372277176
0.0593883976769
0.0595361478963
0.0596853281848
0.0598325521694
0.0599818873593
0.0601331548709
0.0602813658777
0.0604332337442
0.060582877848
0.0607331004137
0.060882839684
0.0610329791554
0.0611815155652
0.0613336462532
0.0614839238656
0.0616342802299
0.0617848471714
0.0619353436311
0.0620867372349
0.0622360187214
0.0623886852109
0.0625390408615
0.062690711789
0.0628425676946
0.0629934869146
0.063145324915
0.0632959995668
0.0634473986987
0.0635994924595
0.0637510001422
0.0639028689854
0.0640548317755
0.0642065971757
0.0643586892894
0.0645108968223
0.0646628564414
0.0648149138351
0.0649668385491
0.0651182465913
0.0652703132225
0.0654226207487
0.0655751236653
0.0657274180962
0.0658796570165
0.0660311552083
0.0661829620643
0.066334914406
0.0664878636896
0.0666399173035
0.0667915074325
0.0669435015797
0.067095746125
0.0672468527245
0.0673986319241
0.067550970498
0.0677023788422
0.0678539646711
0.0680060270119
0.0681575045817
0.068308423889
0.0684606447605
0.0686123406586
0.0687636392911
0.0689143893504
0.0690646544175
0.0692168063339
0.0693661615574
0.0695176045053
0.0696687617211
0.0698196460156
0.069969977553
0.0701204303889
0.0702710003167
0.0704203423229
0.0705709220151
0.0707204297492
0.070869412838
0.071018402329
0.0711679137166
0.0713165757773
0.0714658249513
0.0716142768967
0.0717624076666
0.0719106772889
0.0720576867787
0.0722057037342
0.072352394246
0.0724990733219
0.0726486348263
0.0727946858521
0.0729436092689
0.0730868367208
0.0732337586598
0.0733801687894
0.0735254525708
0.0736689855863
0.0738160056511
0.0739610198656
0.0741042197435
0.0742501625377
0.0743947541985
0.074535569639
0.0746798871255
0.0748255072739
0.0749687270941
0.075107087016
0.0752538548981
0.0753952382639
0.0755327990831
0.0756761377353
0.0758149482289
0.0759591188441
0.0760971718769
0.0762344815133
0.0763767112527
0.0765175537672
0.0766503586499
0.0767940125222
0.0769271587934
0.0770645082477
0.0772038771583
0.0773390511259
0.0774760610641
0.0776141170442
0.077745954045
0.0778849588317
0.0780165688664
0.0781537064707
0.0782895764022
0.0784225389737
0.0785516191281
0.0786847376519
0.0788210262276
0.0789512113394
0.0790832711025
0.0792077538627
0.0793393807326
0.0794705559067
0.0795998414179
0.0797282019895
0.0798564419343
0.0799852478658
0.0801126504877
0.0802387149612
0.0803673123126
0.0804938227256
0.0806158988732
0.0807449607843
0.0808688610251
0.0809928959151
0.0811162760333
0.0812382386426
0.0813598092668
0.0814831891895
0.0816037574951
0.0817262381795
0.0818453773103
0.0819648909025
0.0820848609876
0.0822045009825
0.0823199485342
0.0824376769093
0.0825547087983
0.0826741087109
0.0827913038687
0.0829056673839
0.0830219213101
0.0831349204189
0.0832492646216
0.0833632037884
0.0834778535705
0.083588532932
0.0837014984509
0.0838121083061
0.0839234048068
0.0840347311402
0.0841435095418
0.0842543987878
0.0843642155762
0.0844723750156
0.084578306689
0.0846873874295
0.0847928302635
0.0849007640055
0.0850067188289
0.0851117963556
0.0852167046081
0.0853217884591
0.0854254156055
0.0855293359844
0.0856318460743
0.085733248813
0.0858359087565
0.0859370714215
0.0860390532151
0.0861386252336
0.0862383783585
0.0863379896596
0.0864378216662
0.0865362402511
0.0866346213466
0.0867323430607
0.086829649609
0.086926098535
0.0870223075715
0.087118443569
0.0872138190684
0.0873087658116
0.0874033806622
0.087497752733
0.087590773097
0.0876843814722
0.087777761903
0.087869595592
0.0879623622882
0.0880533319265
0.0881454743377
0.0882352485537
0.0883264089309
0.0884156883859
0.0885060411174
0.08859603285
0.0886849931626
0.0887722516887
0.0888623851046
0.0889506008785
0.0890381342386
0.089124257584
0.0892109875881
0.0892969602389
0.0893833862173
0.0894707479128
0.0895573307897
0.0896404335005
0.0897268321801
0.0898113391844
0.0898956725871
0.0899811335553
0.0900652662344
0.0901502519021
0.0902336154795
0.0903174808839
0.0903993414134
0.0904794484935
0.090563156935
0.0906482104286
0.0907271022533
0.0908114473176
0.090893592468
0.0909718435648
0.0910558280314
0.091135500757
0.0912190439512
0.0912986312033
0.0913818774759
0.0914588228576
0.091539119283
0.0916231560178
0.0917041557546
0.0917822041284
0.0918621495629
0.0919426226486
0.0920246958755
0.0921018925212
0.092183625132
0.0922598453751
0.0923394634452
0.0924182188987
0.0925000699549
0.0925789549394
0.0926605145378
0.0927369310951
0.0928212903073
0.0928999201167
0.0929786664769
0.0930561262069
0.0931392059527
0.0932128295373
0.0932977570187
0.0933717372565
0.0934558832562
0.093533993982
0.0936152744515
0.0936956115654
0.093772350294
0.0938508712183
0.0939372209145
0.0940160154456
0.0940924205646
0.0941726733816
0.0942507594918
0.0943325620622
0.094414294
0.0944954560124
0.0945747720067
0.0946592825404
0.0947417150668
0.0948216654105
0.0948987523345
0.0949854362469
0.0950627691162
0.0951477751999
0.0952298654052
0.0953123588265
0.0953964745721
0.09547667782
0.0955628174836
0.0956435156402
0.0957300654119
0.0958114616174
0.0958969681055
0.0959777033342
0.0960617532944
0.0961503657642
0.0962325546916
0.0963186389148
0.0964039772786
0.0964915407564
0.0965777947041
0.0966655611955
0.096752444565
0.0968373871184
0.0969248459711
0.0970135324277
0.0970996083545
0.097188266317
0.0972782535167
0.0973692545479
0.0974578592624
0.0975480274079
0.097636553085
0.0977282061439
0.0978188525736
0.0979092876838
0.0980012153395
0.0980934621205
0.0981867950821
0.0982800576293
0.0983718127524
0.0984674075226
0.0985603723222
0.0986557102097
0.0987502555135
0.0988449400033
0.0989422955569
0.0990377646407
0.0991339888862
0.0992322746557
0.0993296015377
0.0994273776253
0.0995255129777
0.0996259597518
0.0997244613033
0.099824066934
0.0999247032939
0.100025990827
0.100127396194
0.100229631048
0.100331633945
0.100434344861
0.100538934134
0.100642795521
0.100747192215
0.100852071074
0.100957376981
0.101063571539
0.101170156237
0.101277102414
0.101384944823
0.101493416705
0.101602259346
0.10171163167
0.101821373771
0.101931401311
0.102042731981
0.102154488438
0.102266398812
0.102378488655
0.102492054951
0.102605815785
0.102720838715
0.102835854931
0.102951752368
0.103068274418
0.103184659374
0.10330079521
0.103420720015
0.103538337344
0.103659033324
0.103777157593
0.103898604823
0.1040196967
0.10414190309
0.104263601952
0.104385462797
0.104509488179
0.104633827889
0.104760454471
0.104886561451
0.10501186733
0.105137519573
0.105266888066
0.105393389082
0.105524735776
0.105652112412
0.10578354339
0.105914568589
0.106046081866
0.106177113535
0.106311605254
0.106445660899
0.106578294401
0.106714561179
0.106849387342
0.106982670967
0.107124112509
0.107257745468
0.107399725959
0.107538313253
0.107674239364
0.107817890343
0.107957073921
0.108098336421
0.108240824409
0.108384542256
0.108529479178
0.108673907295
0.108819499802
0.108964516182
0.109109740612
0.109259834183
0.10940928482
0.10955798875
0.109705014782
0.109856093197
0.110010486504
0.110157084928
0.110313677955
0.11046665349
0.110622021565
0.110774310831
0.110928063836
0.111090416697
0.111241389939
0.111399326993
0.111559283483
0.111718900811
0.111878834901
0.112038225875
0.112203777617
0.112361744375
0.112524960826
0.112693437048
0.112856554389
0.113026809207
0.1131900694
0.113352408467
0.113520136124
0.113692432618
0.113854353907
0.114033336664
0.114200323539
0.114368626223
0.114551527111
0.114720022273
0.114887408671
0.115066943085
0.115243741469
0.115417006427
0.11559996056
0.115777766644
0.115949638121
0.116128758074
0.116314293852
0.116491486723
0.116673472612
0.116859423401
0.117042985126
0.117220618471
0.117408215589
0.117593473652
0.117781760044
0.117969226041
0.118155060721
0.118347097207
0.118535976419
0.118725792094
0.118919472263
0.119107544437
0.119298060875
0.119495845356
0.119692895595
0.119884705945
0.12008397987
0.120281891634
0.120476882513
0.120675183714
0.120875036342
0.121077416998
0.121276638747
0.121477794658
0.121684781654
0.1218845091
0.122089389999
0.122294850785
0.122501044604
0.12270907859
0.122916315979
0.123123883176
0.123336106535
0.123544882731
0.123756705894
0.123967685
0.124179978351
0.124394720454
0.124608277536
0.124822856377
0.125039372368
0.12525542168
0.125472736202
0.125693345347
0.125912196731
0.12613157984
0.126351971609
0.126574470982
0.126797254479
0.127020587662
0.127244652451
0.127470591146
0.127695006171
0.127923314449
0.12815061648
0.128378697069
0.1286077526
0.128837991285
0.129068633986
0.129300894754
0.129534007981
0.129767212128
0.130001745334
0.130236856954
0.130473430377
0.130709387741
0.130948168766
0.131186420853
0.131425114074
0.131666441743
0.131906782747
0.132148794334
0.132391545629
0.132635341853
0.132879488938
0.133125031389
0.133371044629
0.133618447097
0.133865795597
0.134114172538
0.134364990849
0.134614591607
0.134866301631
0.135117884163
0.135370435217
0.13562511697
0.135879136195
0.136134818223
0.136390204215
0.136647784885
0.136905046162
0.137164244123
0.137423600839
0.137684841235
0.137946221859
0.138207660841
0.138471118862
0.138734592495
0.139000233243
0.139263803592
0.13953173633
0.139797437099
0.140065428661
0.140335963311
0.140603917212
0.140874290712
0.141147226597
0.141417998694
0.141690722314
0.141965728787
0.142239151231
0.142514236189
0.142792258266
0.143067910428
0.143344922304
0.143626430334
0.143903823694
0.144184116928
0.144467606851
0.144747093574
0.145030035977
0.145315783921
0.145597591603
0.145882438853
0.146170580373
0.14645807556
0.146744041632
0.147034639274
0.147323876419
0.147611761612
0.147903737106
0.148193600277
0.148487809988
0.148780008777
0.149075900977
0.149369856921
0.149667697292
0.149962778072
0.150256769477
0.150559132867
0.150854392021
0.151157420143
0.151453155408
0.15175687573
0.152057786172
0.152362202634
0.152662853101
0.152966994899
0.153273028783
0.153581002335
0.153885792248
0.154193229225
0.154501714363
0.154806680904
0.155119545959
0.155427127302
0.155742659625
0.156053453426
0.156364948881
0.156677823608
0.156990469756
0.15730428259
0.157618385644
0.157938690721
0.158252280764
0.158572621926
0.158885053551
0.159210295953
0.159527951398
0.15984335402
0.160164884077
0.160491074859
0.160808570979
0.161137008927
0.161455507018
0.161778553719
0.162104674397
0.162435020627
0.162760449585
0.163081889817
0.163412566587
0.163738682859
0.164066431449
0.164397993264
0.164727578052
0.165055584848
0.165387085506
0.165721056322
0.166050720409
0.166380967645
0.166719062253
0.16705584068
0.167384838102
0.16772451158
0.168060028987
0.168390429523
0.168728494911
0.169068081445
0.169399758481
0.169741213718
0.170076535085
0.170419627901
0.170759786392
0.171105587534
0.171437764198
0.171777807912
0.172120357085
0.172466164086
0.172808042629
0.1731528894
0.173495463325
0.173839852084
0.174182835216
0.174526555484
0.174871799267
0.175217531423
0.175563656309
0.175910099504
0.176255870395
0.176601867176
0.176947135532
0.177294909828
0.17764401324
0.177993063137
0.17833926581
0.178687498906
0.17903665065
0.179386579896
0.179736199172
0.180083797653
0.18043450204
0.18078558923
0.181135062919
0.181485804242
0.181834864343
0.182185254389
0.182537708043
0.182889136645
0.183238605721
0.183589826233
0.183941627942
0.184292849184
0.184645302751
0.184995526153
0.185348134588
0.18569942523
0.186051712787
0.186402652971
0.18675515551
0.187106969942
0.187458341819
0.187810371131
0.188161887704
0.188513034821
0.188864530408
0.18921611036
0.189567350052
0.189918355163
0.190269897918
0.190620826721
0.190971035835
0.191322018269
0.191672056383
0.192022762141
0.192372394134
0.192721801684
0.193071605089
0.193420201177
0.193769428165
0.194117119819
0.194466074647
0.19481281805
0.195161537887
0.195508613405
0.195854631606
0.196201157435
0.196547970684
0.196893689435
0.197238216958
0.19758349138
0.197927562733
0.198270465283
0.198612109324
0.198954786707
0.199298643709
0.199638981048
0.199980667786
0.200321302698
0.200660772856
0.200999446747
0.201336531467
0.201675601141
0.202010277862
0.202346286975
0.202682070754
0.203016249202
0.203349324281
0.203685347688
0.204015891986
0.204348647264
0.204680503017
0.205007062321
0.20533649688
0.205663559794
0.205993749918
0.206318269841
0.20664502882
0.206969304667
0.207292336778
0.207613541967
0.207937028682
0.208252896385
0.208576627236
0.208892373525
0.20921017591
0.209525370051
0.209842472765
0.210155758359
0.210465369189
0.210776022095
0.211088054703
0.211396169468
0.211704434909
0.212008172541
0.21231742927
0.212621614922
0.212925056224
0.213221832934
0.21352414796
0.213824517833
0.214117486785
0.214414852629
0.214710379622
0.215002514196
0.21529121263
0.21558307391
0.2158699583
0.216159294938
0.216443481104
0.21672927084
0.217014483352
0.217293378863
0.217571413955
0.217848460443
0.218130977178
0.218404194427
0.218673774596
0.218947636228
0.21921676045
0.21948781257
0.219753549233
0.22002067596
0.220279216525
0.220545742789
0.220803557238
0.221058307676
0.221318872843
0.221573443973
0.221827010905
0.222080795684
0.222328053822
0.222574564981
0.222823306804
0.223064332135
0.223306828556
0.223549869388
0.223789216905
0.224027532662
0.224260827575
0.224492505312
0.224727389421
0.224955233746
0.225184672595
0.225411209759
0.225633307516
0.225856416373
0.226075518572
0.226294147701
0.226510591729
0.22672682776
0.226940278846
0.227152075897
0.22736153748
0.227568939136
0.227772717574
0.227976535865
0.228177230998
0.228377396364
0.228577167023
0.228771842045
0.228966663442
0.22915897394
0.229347302698
0.229537341308
0.229724684665
0.229907268073
0.230090264551
0.230270586405
0.230450684258
0.230628686535
0.230804031206
0.230976173993
0.231148235621
0.231318423185
0.231486435727
0.231650803467
0.231816596239
0.23197842126
0.232137821936
0.232297334916
0.232454181391
0.232609741365
0.232763321435
0.232914238581
0.233064337572
0.233212017481
0.233358758334
0.233502574207
0.23364536484
0.233786769556
0.233926163435
0.234063692377
0.234200083117
0.234334194117
0.234466907401
0.23459748306
0.234726956831
0.234854790445
0.234980971419
0.235105680491
0.235228705372
0.235350222059
0.23547001072
0.235588242172
0.235704688775
0.235819412446
0.235933695937
0.236044939382
0.236156817598
0.236265975131
0.236372737516
0.236480599785
0.236585892723
0.236689881662
0.236789930765
0.236891801448
0.236992171223
0.237090711828
0.237186680704
0.237282305681
0.237377113494
0.237469357142
0.237563813788
0.237655434458
0.237742461719
0.237831151804
0.237920391977
0.238004014532
0.238089704512
0.23817414885
0.23825671104
0.238336747749
0.238418682429
0.238497841352
0.238578772099
0.238655687651
0.238734169013
0.238808209051
0.238881747622
0.238956016094
0.239029570348
0.23910184475
0.23917311337
0.239247887053
0.239315350187
0.239386040537
0.239454138171
0.239523556706
0.239589122825
0.239655712135
0.239717919489
0.239785698682
0.239847000327
0.239914484214
0.239973319687
0.24003722677
0.240098792758
0.240162798683
0.240223996506
0.240280105667
0.240344082983
0.240403265912
0.240461953123
0.240520294476
0.24057766252
0.240633400732
0.240693727682
0.240750461667
0.240809928332
0.240865898155
0.240922652199
0.240973767374
0.241029608173
0.24108784968
0.241149076579
0.241198582475
0.24125493202
0.241304647151
0.241366050415
0.241417240829
0.241471010539
0.241526062297
0.241581097931
0.241635618381
0.241689950836
0.241748721612
0.241800497657
0.241857373351
0.241911475903
0.241968835587
0.242023411768
0.242075743444
0.242130045517
0.242187523241
0.242240853225
0.242299987412
0.242355969926
0.242413575315
0.242465841455
0.242524787984
0.24258252028
0.242636762626
0.242695606707
0.242754092284
0.242811953235
0.242874105108
0.24293081345
0.242991211123
0.243050847456
0.243112550388
0.243174828535
0.24323477547
0.243297785274
0.243358972022
0.243422673059
0.243485143315
0.243549635005
0.24361355018
0.243678107075
0.243744914054
0.243810729578
0.24387748818
0.243945890877
0.24401570326
0.244084079576
0.244154563471
0.244222573693
0.244295796283
0.244366336042
