metodo_1_dt_1:4
3.46023857368e-07
0.022938353952
0.023337804007
0.0237379604483
0.0241407462684
0.0245504449333
0.0249695841334
0.0254042208566
0.0258637012892
0.0263560363982
0.0268932024725
0.02749016439
0.0281609640666
0.0289214688055
0.0297884934973
0.0307789298344
0.0319088693457
0.033193242149
0.0346445464849
0.03627394339
0.0380905420506
0.0400995934806
0.0423055176792
0.0447101877771
0.0473144055822
0.0501160606536
0.0531139655375
0.0563045012133
0.0596838509862
0.0632490227164
0.0669952512455
0.070918807573
0.0750159652348
0.0792826678917
0.0837147992553
0.0883091921543
0.0930621657699
0.0979717238587
0.103033825521
0.108247198953
0.113608941982
0.119117314153
0.124770240044
0.130567090248
0.136506185106
0.142585928064
0.148806581848
0.155166791563
0.161666084963
0.168305628457
0.175084477097
0.182002626364
0.189060988851
0.196260619509
0.203601746558
0.211084829864
0.218710402533
0.22648223045
0.234399059673
0.2424635864
0.250677493724
0.259042247423
0.267558688807
0.276230209644
0.285057862295
0.294043473795
0.303188895882
0.312497348837
0.321969184784
0.331606197026
0.341412345105
0.351385460606
0.361529731913
0.371844051738
0.382330011472
0.392987160668
0.403814352385
0.414809294861
0.425971547592
0.437294798504
0.448775661849
0.460406561802
0.472178731594
0.484082025284
0.496102493359
0.508224241087
0.520427497776
0.532688867195
0.544983288396
0.557277685347
0.569536787972
0.581722019876
0.593787577744
0.605686356837
0.617366551834
0.628772308935
0.639848611662
0.650539202467
0.660790442437
0.670550710794
0.67977451401
0.688425775779
0.69647380895
0.703900530104
0.710697402799
0.716867139566
0.722421524979
0.727381245037
0.731775784997
0.735639875396
0.73901299633
0.741936843145
0.744455045418
0.746608555258
0.748440003384
0.749985949212
0.751283647672
0.752364366035
0.753254477845
0.753979767792
0.754560251748
0.755012755745
0.755350849162
0.755587295924
0.755732299884
0.755793352852
0.75577991789
0.755701943411
0.755569275008
0.755391470223
0.755183963184
0.754961969319
0.754742313182
0.754545690318
0.754394217166
0.754312253678
0.754322599234
0.754452198647
0.754726574962
0.755171536503
0.755811425125
0.756670722271
0.757770756771
0.759133040311
0.760775723465
0.762715662561
0.764966948183
0.767541586912
0.770449784591
0.773699130112
0.777295270845
0.78124179623
0.78553890786
0.790187153952
0.795182638966
0.800522004343
0.806196783815
0.812200098538
0.818520004103
0.825145215971
0.83206157198
0.839251621176
0.846697851018
0.854378418474
0.862271986495
0.870351809447
0.878590158434
0.886955889497
0.895414412377
0.903929419869
0.912458740528
0.920958161144
0.929377921888
0.937666692006
0.945764900562
0.953612793306
0.961143523134
0.968286491399
0.974968889167
0.981112093898
0.986639659103
0.991471298229
0.995527918374
0.998734509769
1.0010205461
1.00232277426
1.00258789454
1.00177441274
0.999854746482
0.996814973439
0.99265942432
0.987405612102
0.981087329256
0.973749351206
0.965449967377
0.956253696646
0.946233907389
0.935463455016
0.92402116404
0.911981355207
0.899418747742
0.886401685667
0.872997881921
0.859266256596
0.845263584886
0.831039982407
0.81664099635
0.802106479676
0.787473072694
0.772772080969
0.758029913899
0.743272020653
0.728518930089
0.713788149667
0.699095516809
0.684453723488
0.669873583088
0.65536544969
0.640936775954
0.626594278197
0.612342731602
0.59818690466
0.58413008914
0.570175972529
0.556325494226
0.542581341392
0.528943151254
0.515412883879
0.501990873978
0.48867819051
0.475473672449
0.462378621588
0.449392295429
0.436515899711
0.423748213896
0.411090744991
0.398543722265
0.386108687814
0.373787181325
0.361580551283
0.349493359312
0.337527742338
0.325687823196
0.313981719232
0.302415579851
0.290998402626
0.279742200871
0.268661397672
0.257773520502
0.247098755562
0.236663810661
0.226499785558
0.216643963908
0.207143009965
0.198048541449
0.189427341221
0.181353146987
0.173913165821
0.167203178331
0.161330365999
0.15640644225
0.152543739218
0.149843687815
0.148394118317
0.148251458664
0.149439937813
0.15194554034
0.155715632723
0.160668622894
0.166696317574
0.17367821256
0.181483118943
0.189982271274
0.199048665485
0.20856043836
0.218405013513
0.228479494244
0.238690092518
0.248954374792
0.25920158734
0.269372871812
0.279420053928
0.289306808485
0.299008932736
0.308509800271
0.317804963519
0.326895926068
0.335791596917
0.344506435477
0.353058940134
0.361471865293
0.369768495637
0.377975393748
0.386117485589
0.394220766019
0.402310551569
0.41041128007
0.418546958027
0.426738995229
0.435007140717
0.443370738019
0.45184514827
0.460446590484
0.469188642112
0.478083825926
0.487142213428
0.496373597744
0.50578528094
0.515384098459
0.525176857281
0.535167404087
0.545360484847
0.55575729607
0.566361806329
0.577174400857
0.588196297219
0.599427269499
0.610867607501
0.62251543017
0.634369691731
0.646428617802
0.658689370035
0.671148692705
0.683804600754
0.696651527726
0.709685800603
0.722902292676
0.736295208961
0.749858502771
0.763585151567
0.777467122089
0.791496636564
0.805662475711
0.81995654735
0.834364721574
0.84887494367
0.863471979812
0.878141458754
0.892862487061
0.907617519753
0.922383058939
0.937135481644
0.951844490705
0.966481474286
0.981011657192
0.995396142643
1.00959450815
1.02355831633
1.03723863033
1.05057670867
1.06351274616
1.07598109513
1.08790782428
1.09921767965
1.10982872777
1.1196566885
1.12861201279
1.13660966792
1.14355762415
1.14937343348
1.15397683602
1.15729663351
1.15927283978
1.15985798221
1.15902313012
1.15675272299
1.15305243071
1.14794492017
1.14147076695
1.1336856589
1.12465736803
1.11446510407
1.10319598229
1.09094013481
1.07778930688
1.0638378572
1.04917376564
1.03388519088
1.018051431
1.00174851113
0.985048228184
0.968012703903
0.950701171093
0.933165758821
0.915452718302
0.897605693471
0.879661553608
0.861654396359
0.843612969168
0.825564022525
0.807533060429
0.789539617233
0.771603742007
0.753741920358
0.735970906132
0.718305280659
0.700757908125
0.683342659398
0.666072022331
0.648957455087
0.632012693678
0.615249463578
0.5986804395
0.582320624425
0.566184645206
0.550287664687
0.534647187374
0.519283941975
0.504218721947
0.489474118908
0.475076911274
0.461057757555
0.447449452176
0.434287870681
0.421613747038
0.40947158542
0.397912551185
0.386989781307
0.376762086088
0.367290627698
0.358643513782
0.350887933002
0.344092987828
0.338329310331
0.333662037246
0.330151950357
0.327852165957
0.326805056631
0.327043718096
0.328582499838
0.331424798501
0.33555900922
0.340957833533
0.347581611452
0.355379385997
0.364292620686
0.374253513233
0.385188337185
0.397019892393
0.409667280198
0.423047564852
0.437074456468
0.451658493566
0.466708785337
0.482132769141
0.497833862941
0.513712831456
0.529670424852
0.545604081601
0.561413985806
0.577000412378
0.592267750268
0.607127900537
0.621498442674
0.635309882448
0.648503810789
0.661034259311
0.672870161184
0.683994072425
0.694402218373
0.704102021208
0.71311214233
0.721459667969
0.729177011827
0.736306732124
0.742889547761
0.748969989933
0.754596111912
0.759811563043
0.764660993822
0.769189558195
0.773436333064
0.777440920788
0.781241335531
0.78487093075
0.788362675533
0.791746900286
0.795053417033
0.798306770821
0.801534499057
0.8047588179
0.808002847077
0.811288874722
0.814637707413
0.818067310174
0.821596311815
0.825243836737
0.829024394095
0.832953753386
0.837047565913
0.841317334508
0.845775651082
0.850433784118
0.855300479221
0.860384334378
0.865691064858
0.871226097215
0.87699356583
0.882995508026
0.889233027211
0.89570597525
0.902411072443
0.909344548281
0.916501447465
0.92387412434
0.931455266619
0.939234711531
0.947198752008
0.955335779532
0.96362949287
0.972062341281
0.980614744628
0.989266211264
0.997991069797
1.00676593421
1.01555982207
1.02434257263
1.03307924371
1.04173249015
1.05026069008
1.05862162879
1.06676548
1.07464054449
1.08219017496
1.08935472195
1.09606944661
1.1022657392
1.10787124391
1.11280836418
1.11699987291
1.12036341956
1.12281799189
1.12428126242
1.12467518746
1.12392643088
1.12196693272
1.1187417264
1.11420545947
1.10832900284
1.1010979547
1.09252155067
1.08262088436
1.07144083369
1.05904304302
1.04550281344
1.03091147859
1.01536811439
0.998980689332
0.981859347892
0.96411644611
0.945864164064
0.927208659759
0.908255308551
0.889100866996
0.869837155434
0.850552651311
0.831325481936
0.812232019143
0.793342781576
0.774721393783
0.756432455973
0.738532735402
0.721081205916
0.704130926613
0.687734392588
0.671945251182
0.656814717375
0.642393807831
0.628733197043
0.615883425624
0.603894014033
0.592814864372
0.582692456115
0.573574897116
0.565504117413
0.55852190003
0.552662298631
0.547959541598
0.544438059106
0.542117033839
0.541009860379
0.541122241846
0.542451402751
0.544988034841
0.548716822564
0.55361272935
0.559649862597
0.5667928337
0.575004819609
0.58424345069
0.594465924012
0.605626796729
0.61768127493
0.63058248265
0.644284855493
0.658741947559
0.673911501182
0.689751298838
0.706216163435
0.72326473676
0.740858183258
0.758957445324
0.777524537603
0.796521241443
0.815910512181
0.835644263451
0.855692141317
0.876013308182
0.896565138381
0.917284233667
0.938149517516
0.959081527651
0.980042329522
1.00097085101
1.02178159945
1.04241110258
1.06278989357
1.08281391048
1.10240020221
1.12144682643
1.13984814389
1.15749432
1.1742704704
1.19006260964
1.20475778801
1.21824452342
1.2304238493
1.24120262109
1.25050473106
1.25827096248
1.26445972927
1.26904905795
1.27203871899
1.27344902205
1.27331416172
1.27168969108
1.26864026114
1.26424139523
1.25857656305
1.25173419333
1.24380318756
1.23487335464
1.2250327592
1.21436688022
1.20295668005
1.19087714744
1.17820149569
1.16499473647
1.15132002711
1.13723162583
1.12278291558
1.10801917364
1.0929828997
1.07771337425
1.06224619671
1.04661157579
1.03083795161
1.01495168341
0.998974623252
0.982928516212
0.966831398718
0.95069901112
0.934547618889
0.918388527927
0.902235349938
0.886097237538
0.869983430928
0.853903044453
0.837861029224
0.821865441485
0.805922001077
0.790032985933
0.774204331848
0.758437833747
0.7427367772
0.727102198117
0.711536488516
0.696039586973
0.680612810361
0.665256196739
0.649967196317
0.634747196345
0.619593342181
0.604504054162
0.589478114407
0.574511483473
0.559603511146
0.544748987262
0.529945802358
0.515190849408
0.500480712605
0.485812485879
0.471182553925
0.456589323642
0.442029684564
0.427505859737
0.413016327969
0.398565521741
0.384157727617
0.369803700738
0.355516758276
0.341316199625
0.327230187546
0.313294591133
0.299558607498
0.286083153719
0.272949795819
0.260258863984
0.248132132869
0.236722237278
0.226204337039
0.216780430314
0.208672228511
0.202106430715
0.197300140217
0.194432885314
0.193628179193
0.194926126815
0.198284736892
0.203584270227
0.210642259451
0.219241890098
0.229156317331
0.240160896984
0.252053854598
0.264654584044
0.27781319023
0.291402873573
0.305323376107
0.319492139204
0.333847852167
0.348343633507
0.36294104868
0.377616702608
0.392351788252
0.40713449467
0.421956922271
0.436815886248
0.451709674927
0.466641279552
0.481612266791
0.496625214753
0.511686543015
0.526798515802
0.541967206083
0.557196988199
0.57249204657
0.587857946483
0.603296610559
0.618812661432
0.634408916569
0.650087399785
0.665851844025
0.681702385471
0.697640625524
0.713668335716
0.729783656739
0.745987061169
0.762278484506
0.778654617853
0.795114437331
0.811654002488
0.828271148306
0.844960660606
0.86171817062
0.878536961157
0.895412203951
0.912333641563
0.929296076963
0.946287615557
0.963297450109
0.980313799304
0.997324882043
1.01431325929
1.03126413225
1.0481579386
1.06497563533
1.08169245529
1.09828538406
1.11472583934
1.13098255875
1.14702336226
1.16280868948
1.17830032605
1.1934505357
1.20821225942
1.22253052652
1.23634679918
1.24959735136
1.26221355685
1.27412120333
1.28524151835
1.29549124996
1.30478234882
1.31302433964
1.32012578971
1.32599442699
1.33053928807
1.33367499465
1.33532253672
1.33541373254
1.33389258249
1.33072205471
1.32588115676
1.31937154945
1.31121313393
1.30145240744
1.29015231145
1.27739588334
1.26328397372
1.24792625456
1.23144524816
1.21396649249
1.19561965907
1.1765330724
1.1568319141
1.13663879909
1.11606821908
1.09523005452
1.07422682831
1.05315400384
1.0321002375
1.01115007719
0.990379923984
0.969863916672
0.949668850509
0.929861059409
0.910502088397
0.891652587726
0.873367510445
0.855706292534
0.838720717924
0.822457965093
0.806991082143
0.792352427708
0.778603482597
0.765784635508
0.753954731452
0.743151078769
0.733428532317
0.724829151455
0.717382114738
0.711122162909
0.706089286154
0.702298655651
0.699769380033
0.698524244882
0.698560432092
0.699887040489
0.702478737068
0.706341737769
0.711437843572
0.717761090998
0.72527316747
0.733940047942
0.743723602399
0.754583835673
0.766476768307
0.779358255292
0.793173036415
0.807892220558
0.82345064032
0.839809240304
0.856920280238
0.874727895397
0.893192976303
0.912268164357
0.931895878744
0.952028306059
0.972624504736
0.993634081795
1.01498613838
1.03665365653
1.05855142148
1.08063707654
1.10282694645
1.12507022996
1.1472825652
1.16938315349
1.19128465923
1.21289299144
1.23410697987
1.25480866607
1.27490272194
1.29424876927
1.31273123743
1.33021180124
1.34657165055
1.36167423717
1.37540870414
1.3876533044
1.39831931956
1.40730405261
1.4145639493
1.42004704894
1.42374322836
1.42563521823
1.42575725356
1.42415294926
1.42088278268
1.4160123294
1.40964512737
1.4018556631
1.39274121164
1.38241038297
1.37096119473
1.35848153764
1.34506498545
1.33080579984
1.3157828303
1.30007436
1.28375209527
1.2668814738
1.24952508539
1.23173758937
1.21356999415
1.19506839203
1.17627350802
1.1572246942
1.13795450988
1.11849501599
1.09887399488
1.07911699413
1.05924578462
1.03928279758
1.01924613274
0.999151665193
0.979015985092
0.958853996945
0.938678312716
0.91850024812
0.898332740077
0.878185262042
0.858069452051
0.837994816652
0.817970173707
0.79800630002
0.778113408778
0.758300933745
0.738578695551
0.71896073706
0.699457535948
0.680082067378
0.660850667276
0.641780014158
0.622888074302
0.604196375701
0.585730134439
0.567516749403
0.549588636028
0.531981858434
0.514738340808
0.497907672817
0.481545817793
0.465716105435
0.45049100851
0.435952905265
0.422195581441
0.409319409746
0.39743887917
0.386675409911
0.377155066237
0.369010094746
0.362369079179
0.357351854586
0.354066581014
0.352594450125
0.352993091141
0.355283278556
0.359450102777
0.365440522074
0.373168502911
0.382515239478
0.393339373513
0.405478258188
0.41875758049
0.432995479675
0.448006717533
0.463607887789
0.479622942045
0.495882025823
0.512230546687
0.528527571811
0.544646780211
0.560482230384
0.575946108979
0.590969002801
0.605500021804
0.619505105709
0.632963842216
0.645872078379
0.658236213958
0.670070554362
0.681397953227
0.692246341133
0.702649209673
0.712641139464
0.722258957293
0.731539770662
0.740520558648
0.749238638488
0.757729141418
0.766026226986
0.774163895183
0.782172061957
0.790079714829
0.797915505481
0.805703484798
0.813469589676
0.821234624567
0.829019870617
0.836842076484
0.844720223555
0.852668857238
0.860702511869
0.868831501865
0.877067721377
0.885421089453
0.893897427996
0.902504324854
0.91124687266
0.92012760588
0.929149156064
0.938312889573
0.947617623318
0.9570616634
0.966642372785
0.976355145281
0.986193609846
0.99615123877
1.00621939997
1.01638894824
1.02664772767
1.03698318804
1.04738010855
1.0578253797
1.06829672458
1.07877942056
1.08924819927
1.09968155449
1.11005264181
1.12033366275
1.13049455711
1.14050187331
1.15031840695
1.15990559415
1.16922035854
1.17821631146
1.18684437932
1.1950508309
1.20277688741
1.20996180166
1.2165398821
1.22244058697
1.22759082609
1.23191541857
1.23533371638
1.2377657413
1.23913010416
1.23934782945
1.2383427061
1.23604307658
1.23238574198
1.22731985413
1.22080679166
1.21282367546
1.20336816023
1.19245915205
1.18013414369
1.16645755226
1.15150926098
1.13539095547
1.11822209275
1.10013228252
1.08126217683
1.06175857397
1.04177056115
1.0214471645
1.00093455003
0.980373704642
0.959901168129
0.939644854731
0.91972850507
0.900267557638
0.881369120706
0.863136072807
0.845663562384
0.829043010891
0.813356575828
0.798683814613
0.785097934437
0.772665778129
0.761449460285
0.75150277133
0.742873911076
0.735604457102
0.729726002797
0.72526309322
0.722232488122
0.720639095963
0.720481841069
0.721749524604
0.724423393568
0.728476234188
0.733873283948
0.740576380478
0.748538870738
0.757712872293
0.768045257153
0.779482786025
0.79196832448
0.805445496905
0.819859500533
0.83515507466
0.851277338234
0.868173487568
0.885793005715
0.904087055523
0.923006610453
0.942506529049
0.962546899865
0.98307961869
1.00406467676
1.02546850949
1.04724574272
1.06936541224
1.09177771481
1.11445761457
1.13736048135
1.16045452237
1.18368831261
1.20703349572
1.23044108007
1.25386628791
1.27726087535
1.30057479591
1.32376075274
1.34674417527
1.36947611578
1.39187344435
1.41387589169
1.43539438822
1.4563340472
1.47661590205
1.49613053117
1.51476212863
1.5324140686
1.54895988164
1.5642681929
1.57822455849
1.59070704766
1.60159778055
1.61078598565
1.61817214312
1.62366301796
1.62721061078
1.62875237424
1.62826676818
1.62577707718
1.62129259055
1.61487472976
1.60658725295
1.59653128974
1.58481316302
1.5715400646
1.55684609135
1.54085916365
1.52369784433
1.50548892978
1.48636531769
1.46643488321
1.44581930428
1.42461353298
1.40292577082
1.38083741967
1.35843340519
1.33579231252
1.31299679274
1.29010536059
1.26718077153
1.24429200862
1.22147569818
1.1988039437
1.17630793929
1.15405543684
1.13208387482
1.11043001928
1.08915808534
1.06829438232
1.04790310007
1.02801057286
1.00867233632
0.989935333932
0.971837530691
0.954436945925
0.937783108936
0.921926479068
0.906908856058
0.892781837992
0.879607694311
0.867427838936
0.856304326261
0.846277877373
0.837406386937
0.829717471332
0.82327340749
0.818103849674
0.814253438986
0.811732453867
0.81057410342
0.810805219013
0.812417019716
0.815421991332
0.819816771876
0.82558997487
0.832723435313
0.841182453946
0.850945683786
0.861965685051
0.874209934186
0.887630178309
0.902163838142
0.917753737078
0.934348261209
0.951871743557
0.970254292543
0.989431488482
1.00931448061
1.02980920165
1.05084616425
1.07231972061
1.09411815693
1.11615189524
1.13828481137
1.16040256655
1.18237362231
1.20405903417
1.22530395963
1.24596871607
1.26589110382
1.28492676897
1.30292356927
1.31973813559
1.33523872119
1.34930843892
1.36184778769
1.37277805868
1.38204135078
1.38960710784
1.39546458781
1.39962358633
1.40211923268
1.4029966834
1.40231963952
1.40016081171
1.39659984523
1.39172489535
1.38562217975
1.37838017109
1.37008662757
1.3608255375
1.35067976402
1.33972635149
1.32803677578
1.31568050586
1.30272128319
1.28921679759
1.27522199837
1.26078778974
1.245957887
1.23077726786
1.21528178865
1.19950706077
1.18348557274
1.16724681602
1.15081600009
1.13421842581
1.11747435735
1.1006047088
1.08362762699
1.06655869558
1.04941192064
1.03220053973
1.01493710762
0.997631572577
0.98029371588
0.962931581258
0.94555114522
0.928161166948
0.910764171511
0.893367457521
0.87597379147
0.858586529482
0.841207155296
0.823839331081
0.806483177988
0.789140301911
0.771809230564
0.754491127849
0.737184749115
0.719888680475
0.702602577656
0.685324253356
0.668051886515
0.650783594557
0.633517375837
0.616252494193
0.598988817583
0.581724145267
0.564461005882
0.54720203115
0.529950363915
0.512715487834
0.49550588437
0.478339284363
0.461235005411
0.44422230892
0.427337478979
0.410629131093
0.394157270256
0.378001686763
0.362258363425
0.347044059865
0.332504907159
0.318810746694
0.30615770745
0.294769242281
0.28488459104
0.276749678969
0.270597416278
0.266626243921
0.264980294877
0.265724292956
0.268837682732
0.274217106086
0.281688105868
0.291026880363
0.301985570489
0.314311413546
0.327761264896
0.342116881608
0.357182460189
0.372795102854
0.388816291228
0.405134701288
0.421660990864
0.438324642683
0.455073297959
0.471865022334
0.488671571718
0.505471622083
0.522252022502
0.539005742565
0.55572844696
0.572419127131
0.589078772276
0.605713164673
0.622324510045
0.638920132795
0.655503849779
0.672082700555
0.688662747246
0.705248829247
0.721845842756
0.738459520883
0.7550932904
0.771751145717
0.788436394721
0.805151597632
0.821896940131
0.83867507313
0.855485983544
0.872328776166
0.889202935103
0.90610560615
0.923035224453
0.939987716266
0.956957871136
0.973941934326
0.9909320751
1.00792290932
1.02490506112
1.04186895771
1.0588049078
1.07570152516
1.09254438315
1.10932129462
1.1260140361
1.1426063168
1.15907838725
1.17540855822
1.19157402906
1.20754787594
1.22330369129
1.23880847497
1.25402965424
1.26893003987
1.28346983759
1.29760423001
1.31128485943
1.32446033127
1.33707507686
1.34906803687
1.36037392885
1.37092281167
1.38063945457
1.38944740502
1.39725965612
1.4040041674
1.40957335289
1.41389415111
1.41687536278
1.41842960626
1.41848339309
1.41697263397
1.41382756467
1.40900908765
1.40249052015
1.39427919901
1.38437510032
1.37283233332
1.35971452264
1.3451080771
1.32912754072
1.31189116235
1.293554823
1.27426865421
1.25418429134
1.23346910849
1.21229451493
1.19080956421
1.16917354999
1.14753403989
1.12603084201
1.10479872721
1.08396016994
1.06363388526
1.04392730982
1.02494219029
1.0067739491
0.989509816403
0.973232796782
0.958017476689
0.943934673713
0.931047044961
0.919412034143
0.909080609074
0.900096978367
0.892498126116
0.886313242335
0.881563736852
0.878265419901
0.876423406548
0.876037059074
0.877096770407
0.879585537893
0.883481692361
0.888750068667
0.895362097969
0.903277750147
0.912446074314
0.922826615786
0.934361963029
0.947007120667
0.960709119062
0.975407141626
0.991046955552
1.00758261894
1.02495358677
1.04311543797
1.06201041797
1.08159401273
1.10181312442
1.12261836632
1.14397090495
1.16581840693
1.18812218933
1.210831106
1.23390219958
1.25729611549
1.28096364356
1.30486375256
1.32894528798
1.35316001961
1.37745706011
1.4017909746
1.42610075582
1.45033413024
1.47441376152
1.49828709071
1.52188342869
1.54510847483
1.56789436219
1.59014378887
1.61175852131
1.63264408099
1.6526818646
1.67175373662
1.68973867893
1.7065084484
1.7219423486
1.73590129209
1.74825690645
1.75888587884
1.76768453255
1.77453325823
1.77936770414
1.78210566015
1.7827273188
1.78120911783
1.77757431657
1.77184246598
1.7640875094
1.75439589187
1.74288209057
1.72964659409
1.71483985897
1.69857974312
1.68102687886
1.66230260042
1.64256547518
1.62192996979
1.60053468374
1.57851166141
1.55595595251
1.53298525939
1.5097002462
1.48619480135
1.4625563518
1.43885685095
1.41519242136
1.3916151399
1.36820269897
1.34501937834
1.32211662474
1.29956340566
1.27741651158
1.25573120796
1.23455192151
1.21394181493
1.19395344199
1.17462922487
1.15603068078
1.13819977336
1.12119764913
1.10506559673
1.08986407298
1.07564323407
1.06243249282
1.05030947966
1.03929108713
1.02944141228
1.02080240316
1.01339317507
1.0072688644
1.00245113219
0.998976517838
0.996857271315
0.996099754054
0.996734980999
0.998757995418
1.00217777315
1.00696763243
1.01312452123
1.02063981145
1.02946935384
1.03959336808
1.0509775368
1.0635824105
1.07736442723
1.09227563155
1.10825446911
1.12525520473
1.1432188216
1.16208202975
1.18176827989
1.20220666707
1.22334170516
1.24506355554
1.26731663437
1.28998993554
1.31298582629
1.33619992154
1.35952996044
1.3828459599
1.40601971946
1.42892477335
1.45140670101
1.47331427077
1.49449040726
1.5147742224
1.53400391967
1.5520195698
1.56866713958
1.58379269866
1.59728629637
1.60901629026
1.61890169001
1.62687648565
1.63289913427
1.63694513449
1.63903310513
1.63918595727
1.63745668903
1.6339321531
1.62866795028
1.62177438015
1.61334124169
1.60347892796
1.59227472988
1.57984658851
1.56628625455
1.551688811
1.53614535537
1.51974997334
1.5025667084
1.48467872371
1.46615498582
1.44705192979
1.42744343483
1.40736901155
1.38689173829
1.36603774357
1.34486789758
1.32340878655
1.30170048875
1.27977339605
1.2576579579
1.23538148331
1.21296994996
1.19044770348
1.16783613104
1.14515865185
1.1224337285
1.09968303654
1.07692400492
1.05417697554
1.03145965919
1.00879098654
0.986192194811
0.963680084073
0.941277324683
0.919006894564
0.896889599431
0.874951902141
0.853221864469
0.831726932056
0.81050179096
0.789582202731
0.769005443725
0.748818093455
0.729067760779
0.709809054766
0.691101421104
0.673010862231
0.6556099098
0.638979642855
0.62320638019
0.608384864655
0.594615809265
0.582005196409
0.57066219621
0.560700941459
0.552232312886
0.545364452845
0.540196249226
0.536814979882
0.535290644252
0.535675308231
0.537994329722
0.542246195457
0.548404024696
0.556411840961
0.566187098939
0.57762180442
0.59058544622
0.604928972942
0.620485769653
0.637078780425
0.654519294753
0.672616305081
0.691172466963
0.709995068942
0.728897997376
0.747701833657
0.766243009868
0.784371362817
0.801959320081
0.818895860104
0.835095785533
0.850493396375
0.865043208036
0.878720583656
0.891518638905
0.903443026692
0.914516214807
0.924767080862
0.934234485794
0.942961020594
0.950994943564
0.958386745301
0.965187287084
0.971447113551
0.977217572742
0.982546541982
0.987480235485
0.992064608706
0.996342010297
1.00035081311
1.00412795171
1.00771009574
1.01112680051
1.0144087374
1.01758268845
1.02067434357
1.02370519544
1.02669745636
1.02966789927
1.03263371819
1.03561223752
1.03861441551
1.04165289635
1.04473855628
1.04788027733
1.05108419495
1.05435837587
1.05770622765
1.0611313616
1.06463675834
1.06822091848
1.07188592344
1.075627639
1.07944391265
1.08332927469
1.08727785887
1.09127971325
1.09532731967
1.09940800927
1.10350930686
1.10761564927
1.11170981008
1.11577381434
1.11978637233
1.12372231823
1.12755709728
1.13126203424
1.13480531315
1.13815474939
1.14127133306
1.14411680614
1.14664735854
1.14881658723
1.150575981
1.15187285762
1.15264955334
1.15284921724
1.15240940129
1.15126531021
1.14935200802
1.14660170975
1.14294844295
1.13832608148
1.13267240776
1.12593067102
1.11804966998
1.10898916137
1.09872101683
1.08723338552
1.07453006674
1.06063806148
1.04560305138
1.02949484604
1.01240878765
0.994456286151
0.97577501759
0.956516754988
0.936847262845
0.916942434915
0.896984418312
0.877159841706
0.857650632147
0.838638798467
0.82029826168
0.802791785972
0.786282579489
0.770902990248
0.756799268299
0.744075636669
0.732840859452
0.723187817968
0.715184335389
0.708880409277
0.704327850995
0.701522994585
0.700493056418
0.701200177272
0.703629859852
0.707745171294
0.713467202576
0.720746806662
0.729517400002
0.739677587961
0.75117135741
0.763902414984
0.777783999884
0.792740039753
0.808687531213
0.825556277153
0.843269791281
0.861755316144
0.880944704216
0.90078336849
0.921211278725
0.942172195083
0.963623336607
0.985515867764
1.0078037117
1.03044379234
1.05340543366
1.07665061615
1.10014264493
1.12385692295
1.14775018813
1.17179985096
1.19598397139
1.22025224698
1.24426737756
