metodo_2_dt_1:12
5.24808470314e-07
0.00511404620327
0.00511464106554
0.00511531186146
0.00511594837672
0.00511761688936
0.00511803596481
0.00511943267794
0.00512034998291
0.00512173140703
0.00512170289006
0.00512218978479
0.00512229857617
0.0051228483289
0.00512314872102
0.0051222719354
0.00512304763622
0.00512284611443
0.00512373071728
0.00512345874278
0.00512526979766
0.00512608649258
0.00512757390519
0.0051279001393
0.00512993516499
0.00513026353008
0.00513150441346
0.0051316864933
0.00513181796279
0.00513227309881
0.00513144104903
0.00513114538426
0.00513176236448
0.00513139915716
0.00513172087318
0.00513352082744
0.00513369020055
0.00513527921456
0.00513640103755
0.00513732494131
0.00513857410459
0.00513987564879
0.00514036448879
0.00514098080122
0.00514119337504
0.00514110066027
0.0051407548905
0.00514080074687
0.00514075788443
0.00514074389001
0.00514138091205
0.00514211213739
0.00514291343741
0.00514426693382
0.00514557252964
0.00514622011459
0.00514806889251
0.00514899845841
0.00514955494522
0.00515018978032
0.00515043300135
0.00515032210255
0.00514941310685
0.00514937312718
0.00515028892796
0.00514763598052
0.00514762279952
0.00514662723801
0.00515626215711
0.00515537972693
0.00515442499187
0.00515266548253
0.00516063761684
0.00515827127161
0.00515546798159
0.00516160932623
0.00515740173417
0.00516285677184
0.00515747056862
0.0051618740193
0.00515557245024
0.00515997551457
0.00516382489124
0.00515711166742
0.00516045504953
0.00516383833868
0.00516717857507
0.00516964432648
0.00516183098921
0.00516362084687
0.00516503969408
0.00516532339768
0.0051644807514
0.00517401185251
0.00517261422215
0.00517108882454
0.0051687419293
0.00516642223277
0.00517414110866
0.00517128206016
0.00516929724545
0.00517574351409
0.00517292455309
0.00517911349656
0.00517504826933
0.00518061044334
0.00517494733363
0.00517884969141
0.00518156384126
0.00517482828074
0.00517613442702
0.00517813497733
0.00517924373903
0.00518039931717
0.00518165701986
0.00518214747706
0.00518274486127
0.00518337651399
0.00518307319391
0.00518347634035
0.0051817608517
0.00519054826261
0.00518811103716
0.00518525177332
0.00519101573825
0.00518651262707
0.00519176135277
0.00518597885417
0.005191044917
0.00518427260904
0.00518851062517
0.00519193135108
0.00519545891978
0.0051890639401
0.00519152758564
0.0051938434033
0.00519489046852
0.00519654914431
0.00519679887849
0.00519561400479
0.00519510477769
0.00520321864133
0.00520007784352
0.00519787261944
0.00519457480497
0.00520129055472
0.00519710653272
0.00520296078132
0.0051989754344
0.00520391023728
0.0051988332482
0.00520350426558
0.00520787474208
0.00521078539711
0.00520339499842
0.00520439939106
0.0052061425696
0.00520531560243
0.00520544467824
0.00520428112484
0.00521303167255
0.00521187426734
0.00520968025014
0.00520764112675
0.00521561285746
0.00521252314671
0.00520933441679
0.00521592188162
0.00521111360962
0.00521584451576
0.00522014566472
0.00521416381414
0.00521651530129
0.00521859563853
0.00521917449453
0.00521963657185
0.00522009810582
0.00522062960188
0.00521998261601
0.0052194667132
0.00521780352622
0.00522736054669
0.0052256830715
0.00522248530963
0.00522891727945
0.00522508289383
0.00523076558765
0.00522481682514
0.00522974844595
0.00523171882632
0.00522492648241
0.00522658340745
0.00522820189794
0.0052285414498
0.00522898378448
0.005229577157
0.00522891493973
0.00522962400698
0.00523742913861
0.00523653558921
0.00523395130065
0.00524089840319
0.00523752405057
0.00524228900166
0.00523680998999
0.00524089608397
0.00524334435583
0.00523579733689
0.00523814678788
0.00523910951098
0.0052401748172
0.00524134329226
0.00524120597994
0.00524256359353
0.00524089349612
0.00525037896462
0.00524821833344
0.00524569911794
0.00525119374458
0.00524785161876
0.00525256608699
0.00524558739661
0.00524829939695
0.00525090859078
0.00525345567191
0.0052446757752
0.00524590463351
0.00524727081042
0.00524874212046
0.0052585435235
0.00525682982462
0.00525653920445
0.00525433757958
0.00526164316905
0.00525709745637
0.00526203840768
0.00525675509244
0.00526104842051
0.00526349216562
0.0052560183016
0.00525838601086
0.00525919322396
0.00526011075688
0.00526116468332
0.0052606891337
0.0052602552824
0.00526958488922
0.00526717103514
0.0052644972635
0.0052713128319
0.00526789008172
0.00527220827743
0.00526632534047
0.00526832870026
0.00527015199487
0.00527184210569
0.00527350953151
0.00527353711864
0.00527372062809
0.00527404969137
0.00527269276926
0.00527136945966
0.00527984259636
0.00527651634966
0.00528272328833
0.00527869587529
0.00528235017971
0.00527758515165
0.00527872599654
0.00528134852945
0.00528199022436
0.00528254514217
0.00528311049227
0.00528191382631
0.00528081535554
0.00527806100418
0.00528707946206
0.00528446259062
0.00529154764673
0.00528676217659
0.00529152845931
0.00528612763108
0.00528823745763
0.00528994829564
0.00529133513621
0.00529245469865
0.00529150467143
0.00529041289517
0.00528742609441
0.00529624831801
0.00529350116539
0.00528894253867
0.00529621801677
0.00530158530226
0.00529515893958
0.00530024480482
0.00530306804845
0.00530554680395
0.00530565529065
0.00530540923431
0.00530479594699
0.00530386204737
0.0053008181652
0.00529767966904
0.00530432098384
0.00529926774577
0.00530409342215
0.00530710033628
0.0053024219342
0.00530552257603
0.00530851372683
0.00530930592717
0.00530977032671
0.00530989430557
0.00530957587032
0.00531660979185
0.00531354912538
0.00530814429976
0.00531234197354
0.00531640598634
0.00531070977467
0.00531279998434
0.0053150423493
0.00531737636086
0.00531982461904
0.00532019115847
0.00531838738687
0.00531844279116
0.00532584231148
0.00532309995159
0.0053199928033
0.00532411237491
0.00532787375914
0.00531943959169
0.005322755099
0.00532383859922
0.00532275288138
0.00532389327037
0.0053230065186
0.00532227018722
0.00532919899539
0.00532638673166
0.00533317156329
0.00533004162108
0.00533415710073
0.00533787326487
0.00533143374684
0.00533212501344
0.00533250941407
0.00533261327691
0.00533027755666
0.00533758513323
0.00533517993148
0.00533059984916
0.00533589513675
0.00533154649833
0.0053370504377
0.00534029428482
0.00534344552768
0.00534634570577
0.0053466455718
0.00534655749192
0.00534611564977
0.00534294487143
0.0053394145383
0.00534533083265
0.00534137854376
0.00534472917951
0.00534809725835
0.00533944631576
0.00534065175678
0.0053420397909
0.00534348181325
0.00534254185066
0.00534149957189
0.00534997953943
0.00534842349239
0.00535379363958
0.00534905045038
0.00535123404594
0.00534339042606
0.0053449743051
0.00534636617031
0.00534525902058
0.00534417370932
0.00534320001131
0.00534957214371
0.00534639356035
0.00534331233673
0.00534993312494
0.00535399462491
0.00534811919924
0.00534912547117
0.00534978888939
0.00535004542686
0.00534988377503
0.00534689773111
0.00534366408809
0.00534994543516
0.00534646275214
0.0053501438894
0.00534426022957
0.00534564959899
0.00534719386386
0.0053488024324
0.00535038687014
0.00534934399723
0.00534807081652
0.00534648001461
0.00534193821924
0.00534663174982
0.00534130872258
0.00534533114175
0.00534648450108
0.0053377859342
0.00533608245555
0.0053370324905
0.00533546450461
0.00534102087796
0.00533969229293
0.00533585549359
0.00534167387929
0.00533507297363
0.00533784122366
0.00534031484825
0.00534243891316
0.00534151321655
0.00534014592754
0.00533849319322
0.0053338627092
0.00532910161193
0.00533389460676
0.00532634022135
0.00533125783582
0.00533089002956
0.0053237634769
0.00532360114404
0.00532341614833
0.00532314858986
0.00532952425744
0.00532594983406
0.00532201747311
0.00532448987955
0.00532943534913
0.00531884403928
0.00532038492224
0.00531894641066
0.00531750934153
0.00531610294825
0.00531194305396
0.00530796008443
0.00531368162512
0.00530710731605
0.00531300010511
0.00531588728434
0.00530611157766
0.00530560261735
0.00530474871167
0.00530350464208
0.00530853686604
0.00530370040132
0.00529866499797
0.00530304900309
0.0052948894322
0.00529631402358
0.00529492340839
0.00529372299128
0.00529267741416
0.00529170798628
0.00528779130208
0.00529632591403
0.0052891366526
0.00529415668485
0.00528628990461
0.00528759237802
0.00528554157118
0.00528620925515
0.00528360490175
0.0052778309041
0.0052751157385
0.00527889286336
0.00527330812546
0.0052742972297
0.00526598523272
0.00526733008979
0.00526866914671
0.00526682209786
0.00526473148961
0.00526242349755
0.00525663190764
0.0052599448692
0.0052534341203
0.00525617198732
0.00525550292108
0.00525476089419
0.00525397083256
0.00525006700804
0.00524634523224
0.00524281994329
0.00523627571484
0.00523928056879
0.0052423532106
0.00523590746376
0.00523548863356
0.00523476524459
0.0052337680152
0.00522911786115
0.00522419636162
0.00522839742052
0.00521967145825
0.0052236198156
0.00521151492214
0.00521224476547
0.00520980653781
0.00520758981399
0.00520557295404
0.00521317293552
0.00520801364158
0.00519939959967
0.00520341617012
0.00520378937661
0.00519448452921
0.00519420915011
0.00519021373446
0.00518601054093
0.00519101076166
0.00518655143912
0.00517864425533
0.00518026128581
0.00517858030544
0.00518065059705
0.00517005640984
0.00516549209455
0.00517387822087
0.00516935087665
0.00516467357916
0.00516555820204
0.00515681377284
0.00515710023952
0.00515712472587
0.0051533267041
0.00515300043283
0.0051453997606
0.00514148337343
0.00514341682758
0.00513623065532
0.0051386330621
0.00513765198922
0.00512754671827
0.00512682911657
0.00512242760787
0.00512717898302
0.00512245921235
0.00511745119776
0.00511774004026
0.00511775696418
0.00510832220281
0.00510433594395
0.00510025454298
0.00509626381026
0.00509797078341
0.00509441454605
0.00509662611408
0.0050860378024
0.00508872910081
0.00508773233619
0.00508675858375
0.00508182134865
0.005076649683
0.00507130083399
0.00507490184941
0.00506518368228
0.00506448751692
0.00506367754366
0.00505901057595
0.00505834164575
0.00505002907117
0.00504588113082
0.00504734141844
0.00503990014792
0.00504187718225
0.00503081047652
0.0050329467554
0.00502704924327
0.0050250101112
0.00502784816465
0.00502126971532
0.00501455068994
0.00501279912117
0.00501091123428
0.00500907028432
0.00500737077194
0.00500182527803
0.00499656969541
0.00499166019069
0.00499207656776
0.00498361216376
0.00498445651518
0.0049812262155
0.00498206026911
0.00497857788598
0.00497080139914
0.00496694147442
0.00496782327694
0.0049594941634
0.00495597702746
0.00495252904133
0.00494925648543
0.00494616277431
0.00493920907659
0.00494161344821
0.00493537792122
0.00493417622202
0.0049284234037
0.00492746972144
0.00492219207262
0.00492112706038
0.0049155710967
0.00491447672124
0.00490858761334
0.00490726215808
0.00489689592974
0.00489559148526
0.00489012608657
0.00488495099167
0.00488909230227
0.00488022175919
0.00487170462507
0.00487249753857
0.00487349854817
0.00487016887565
0.0048668164837
0.00486333397749
0.00485979277671
0.00485160551608
0.00485220783619
0.00484816807567
0.00483980717048
0.0048359469854
0.00483231109518
0.00482437092046
0.00482570566414
0.00481861585313
0.00482079862804
0.00480987662294
0.00480802037077
0.00480634285356
0.00480007378274
0.00479838954507
0.00480074076308
0.00478952741054
0.00479170792743
0.00478919010909
0.00477787251145
0.00477078283263
0.00476396711792
0.004766303709
0.00476025587297
0.00475871343626
0.00474879426292
0.00474809699593
0.00474770003195
0.00474262601163
0.00473760366538
0.004741333138
0.0047314481552
0.00473015509725
0.00472012561025
0.00471877154197
0.00471267470956
0.00470675627375
0.00470489504955
0.00469963594805
0.0046985768028
0.00468941660986
0.0046894193548
0.00468481303458
0.00468055601229
0.0046765308416
0.00467620672746
0.00466730866639
0.00466693748297
0.00465799209828
0.00465259591069
0.00464721294593
0.00464195014603
0.00464037888989
0.0046357096158
0.00463497539068
0.00462101302532
0.00462124999635
0.00461692468726
0.00460788687014
0.00461297037662
0.0046045273073
0.00460477370238
0.00459657133735
0.0045916923695
0.00458678582637
0.00458190738584
0.00457714826146
0.00457572355137
0.00456617748105
0.00456537351641
0.00455975981149
0.00456009253424
0.00455028214896
0.00454641330349
0.00453772173663
0.00453779543706
0.00452986111321
0.00453045869508
0.00452574904432
0.00452112705593
0.00451657286543
0.00451496831413
0.00450520445631
0.00450390676768
0.00450301159671
0.00448873604656
0.0044832759355
0.00448670254314
0.00447690889976
0.00446775999308
0.0044675352794
0.00446768238761
0.00446261309789
0.00445779941208
0.00445316786974
0.00444867173797
0.0044468524474
0.0044368901595
0.00442969179321
0.00442842135629
0.00442183881904
0.00441573786901
0.00441259885586
0.00440784123801
0.00440608056109
0.00440497134554
0.0043906311326
0.00438494398473
0.00438774752663
0.00438277678777
0.00438019494936
0.00436979615234
0.00436758028457
0.00436561302068
0.00435794084728
0.00435053916073
0.00435163768866
0.00433940232946
0.00433570323917
0.00433269157556
0.0043305317341
0.00432311056843
0.00431636977095
0.00431020689766
0.00431243031457
0.0043089546631
0.00429788703147
0.00429498883955
0.00429405232526
0.00428547663355
0.00427716419073
0.00427723472658
0.00427150828952
0.00425854788867
0.00425421732865
0.00425839135726
0.004249431824
0.0042412741842
0.00424162216223
0.00423637023164
0.00423170565875
0.00422737063881
0.00422346475915
0.00422115229712
0.00421151065719
0.00420986553317
0.00420854500902
0.00420137150172
0.00419469197651
0.00418875933562
0.00417706995988
0.00417388172701
0.00417158637991
0.00417020506974
0.00416319349962
0.0041567990552
0.00415103222097
0.00415337343022
0.00414208884804
0.00413863722825
0.00413552521596
0.00412620302345
0.00411732826205
0.00411645973213
0.00410871660178
0.00410250786739
0.00410386203965
0.00409274883862
0.00408927806928
0.00408746532051
0.0040791241646
0.00407892106829
0.00407948558691
0.00407380936238
0.00406861287206
0.00406391047982
0.00405279498681
0.00404943516461
0.00404647141359
0.00404418976761
0.00403573123454
0.00402807310828
0.00402129990582
0.00402270170397
0.00401106678937
0.00400768162603
0.00400517389449
0.00399659105481
0.00399584648708
0.00398870687158
0.0039891693124
0.00398313908244
0.00397763841348
0.00397258765902
0.00396807427317
0.00396436279022
0.00396121131534
0.00394487084177
0.00394362311377
0.00393626076633
0.00393010002749
0.00393179275172
0.00392784248343
0.00392442859281
0.00392182762825
0.00391266819826
0.00391154373986
0.00390365860975
0.00390318886814
0.00389649685509
0.00388989508298
0.00388406250766
0.00387907736743
0.00386774926835
0.00387141767735
0.00386222448224
0.0038609645981
0.0038534144217
0.0038469743935
0.00384159061978
0.00384365964812
0.00384019919679
0.00383630130857
0.00383315531072
0.00382301572352
0.00382128876115
0.0038127176421
0.00381133667991
0.00379697180039
0.00379759551598
0.00379184080772
0.00379348268698
0.00378252714279
0.00377287108082
0.00377847486816
0.00376970768994
0.00376981775831
0.00376294989703
0.00375707182367
0.00375811789966
0.00374597615351
0.00374070279682
0.00373625340914
0.00373278364915
0.00372855313018
0.0037272589004
0.0037174402254
0.00371098283203
0.00370392256485
0.00371216402183
0.00369979754162
0.00369683185995
0.00369274124148
0.00368977074943
0.00368772810231
0.00368657314291
0.00367821906707
0.00367080481035
0.00367002476715
0.00366219597347
0.00365538560938
0.00364993510225
0.00364588437679
0.00364886304103
0.00363954479437
0.00363730381762
0.00362838883205
0.00362895537933
0.00362262329562
0.00362285240356
0.00361875628458
0.00361274449287
0.0036076660719
0.00360358156037
0.00360599087809
0.00359572285048
0.00359207603465
0.00358974201251
0.00358041086037
0.00358113709657
0.00357514355178
0.00357065912511
0.00356445464659
0.00355957957831
0.0035562060138
0.00355409487467
0.00355313925784
0.00354971144542
0.00354748941665
0.00354134536853
0.00353277114013
0.00353023569558
0.00352419551077
0.00352445861139
0.0035215100866
0.00351629450166
0.00351293697032
0.0035024516057
0.00350721839773
0.00350014184536
0.00349915958423
0.00349956364234
0.0034924708329
0.00348660609271
0.00348656442818
0.00348325000866
0.00347669328995
0.00347161467023
0.00346795745638
0.00346588691871
0.00346103010506
0.00345355261604
0.00345233700536
0.0034527987042
0.00344623290122
0.00344556736988
0.00344234870892
0.00344490515532
0.00343966711612
0.00343591824342
0.00343339163182
0.00343237167772
0.00342757324842
0.00342421403045
0.00342240640275
0.00341318649263
0.00341503996777
0.00340950316649
0.00340069428578
0.00340300584337
0.00339806789913
0.00339494976736
0.00339356338506
0.00339756656273
0.00339021599232
0.00338799941589
0.00338722480431
0.00337865317174
0.00338427551628
0.00337882393399
0.00336907847957
0.00337055325588
0.00336450423376
0.00336064279372
0.00336206315887
0.00336239109162
0.00335855486561
0.00335671714936
0.00335674960899
0.00335231077374
0.00335590874148
0.00335454979292
0.00334548597768
0.00334743682861
0.00334153065052
0.00333750774352
0.00333793422733
0.00333092889504
0.00333525270989
0.00333237361431
0.00333171627526
0.00332382254058
0.00332083046733
0.00331971762938
0.00332061266896
0.00332357657908
0.00332122292639
0.00331818268138
0.00331918612243
0.00331231152629
0.00331679445343
0.0033136569776
0.00330482588634
0.00330562908522
0.00330111497318
0.00329886919049
0.00329891859796
0.00330328928484
0.00329835650752
0.00329777342805
0.00329913219632
0.00329299511298
0.00329845860724
0.00329791183214
0.00329915420237
0.00329083398857
0.00329593027473
0.00329464736522
0.00329399690652
0.00328730588477
0.00328134208856
0.00328896745757
0.00328095822447
0.0032837397016
0.00327942119621
0.00328829400581
0.0032800914901
0.00328381500824
0.00327983700428
0.00328872049746
0.00328869043401
0.00328208398544
0.0032870724675
0.00328448313543
0.00328491596822
0.00327691901925
0.00328195421743
0.003279656848
0.00327989602216
0.00328288101511
0.00327913592213
0.00327741774981
0.00327867982206
0.00328220663648
0.0032781125699
0.00328642760241
0.00328657015181
0.00327954341522
0.00328419146828
0.00328140631275
0.00328110290792
0.00328291006889
0.00328736116267
0.00328455611012
0.00328462707002
0.00328719850268
0.00328280687239
0.00329081933686
0.00329149073951
0.00329456777131
0.00329015604409
0.00329753508242
0.00329772851785
0.00329966108692
0.00329417821022
0.0033007305794
0.00329939006467
0.00330092290416
0.00329480447701
0.00330129871941
0.00330054642968
0.003302794337
0.00330715788317
0.00330495252867
0.0033145958774
0.00331715108036
0.00331134597815
0.00331848163056
0.00331745738584
0.00331847690287
0.00332195297123
0.00332780764747
0.00332638896075
0.00332636659094
0.00332915775152
0.00332479161734
0.00333318401806
0.00333477897103
0.00333766887876
0.00334352617857
0.00334241732696
0.00334412219187
0.00334814267358
0.00335327516982
0.00335248679239
0.00336237537864
0.00336499635747
0.00335866487942
0.00336619080005
0.00336494240455
0.00336663004223
0.00337092150856
0.00337831433729
0.00337911220815
0.00338091199105
0.00338555449932
0.00339297637857
0.00339354504586
0.00339480468021
0.00340057929185
0.00340681516371
0.00340597262076
0.00340761613305
0.00340941164
0.00341616243977
0.00342315786674
0.00342365872847
0.0034268886509
0.00343075460843
0.00343078931445
0.00344062217275
0.00344399738361
0.00345027061259
0.00344744075303
0.0034591698869
0.00346157136227
0.0034665331141
0.0034740191797
0.00347178129769
0.00347504151306
0.00347794254888
0.00348358373396
0.0034922738843
0.00349465744984
0.00349691478543
0.00350199502046
0.00351059859363
0.00351279363636
0.00351792921171
0.00352257974833
0.00353360174894
0.00353477475924
0.00353857474164
0.00354141521011
0.00355037938792
0.0035584138736
0.00356002212307
0.00356462344755
0.00357189324953
0.00356964991274
0.00357947354979
0.00358339141995
0.00359040330701
0.00360052892886
0.00360103879339
0.00360818402601
0.00361441213122
0.0036233592605
0.00362185744815
0.00363614931355
0.00364031417653
0.00364689664481
0.00364739875354
0.0036555055201
0.00366176711172
0.00366696331172
0.00366652848302
0.00367799753113
0.00368393076064
0.00368877949379
0.00369641324976
0.00371170204475
0.00371201366774
0.0037198457338
0.00372580253953
0.00373048163467
0.00374177886497
0.00374745970779
0.00375092144668
0.00376215040234
0.00376284537875
0.00377528866113
0.00378238385722
0.00377934687887
0.00379302823056
0.00379633018692
0.00381109895524
0.00381234259828
0.00381978831953
0.00383511510111
0.00383980671399
0.00384722914314
0.00385214725708
0.00385668269024
0.00386726352464
0.00387749830595
0.00388035232484
0.00388335913351
0.00389768390481
0.00390172648004
0.00390897894813
0.00391958470392
0.00392501502836
0.00393627877526
0.00394793819627
0.00394893568884
0.00396070090712
0.00396958037166
0.00397884849463
0.00398520365004
0.00398663809394
0.00399882549337
0.00400587786314
0.00401048510189
0.00401820794097
0.00402910013276
0.00403564255324
0.0040451905737
0.00405220149769
0.00406201075839
0.0040749487682
0.00408308211668
0.00409405902433
0.00410175803119
0.00411237939873
0.00411788721589
0.0041264386378
0.00413151515897
0.0041458917711
0.00414962329036
0.00416403114973
0.00416790201475
0.00418146939352
0.00418427087887
0.00419763429087
0.00420687775471
0.00421911744395
0.00422784665515
0.00423202601632
0.00424629175785
0.00425599776847
0.00426868591753
0.00427038081283
0.00428195127924
0.00428946976076
0.0043000527667
0.00431378887538
0.0043169412511
0.00433067865017
0.00434028238401
0.00435324216319
0.00435526582851
0.00437427417855
0.00438241666337
0.00438662773176
0.00440036555763
0.00441704525696
0.00442249185962
0.00443095085976
0.00444204571843
0.00444938369234
0.00445285282451
0.0044732676248
0.00448311208389
0.00448939064197
0.0044988244149
0.00451140541544
0.00452006480113
0.00453195445633
0.00454671403457
0.00455051965183
0.00456399982286
0.00457332851683
0.00458539126887
0.00459385049909
0.00460453758691
0.00461137944845
0.00462146912226
0.00463465902125
0.00465125431738
0.00465707155459
0.00466610007173
0.00467848999697
0.00469391995449
0.00470497328424
0.0047123253359
0.00472293726452
0.00473610179119
0.00475197980567
0.00475685800597
0.00476474248903
0.00477544019008
0.00478902907063
0.00479811255789
0.00481162971631
0.00482696852526
0.00483930621259
0.00484130518778
0.00485996303843
0.00486819935611
0.00487941461358
0.00489351915168
0.00490276419532
0.00491476272361
0.00493118565502
0.00494261331749
0.00494927234548
0.00496646492858
0.00497288938254
0.00498209713937
0.00499459131375
0.00500263362779
0.0050214681415
0.00502981382456
0.00504149881585
0.00505623551558
0.00506583881718
0.00507855933541
0.00509625115608
0.00510085721082
0.00511631893801
0.0051263316678
0.00514160476314
0.00515711387732
0.00516205608145
0.0051779803287
0.00518340715148
0.00519750741647
0.00520921001213
0.00522428695789
0.00523419301286
0.00524999133271
0.00526610570923
0.00527151738737
0.00528786811831
0.00529882588001
0.00530710967462
0.00532342552781
0.00533730247874
0.00534578046763
0.00536510252306
0.00537408015029
0.00538313100981
0.00539824670503
0.00540828615903
0.00541646813584
0.00543270198725
0.00544699768074
0.00545597508757
0.00547591566603
0.00549054421236
0.00550808264171
0.00551465016796
0.00552391880701
0.00554444374058
0.00555411023927
0.00556342075948
0.00557906537772
0.00558934137529
0.00560269808895
0.00561913467714
0.00562534262538
0.00564331408685
0.0056556360704
0.00567109657484
0.00568089388814
0.00569714359275
0.00571243641163
0.00572556465608
0.00573657247231
0.00574648408677
0.00576314145435
0.0057787873956
0.00579237546934
0.00579590667246
0.00581578092756
0.00582552154275
0.00584319097426
0.00585907041689
0.00586492703594
0.00588675296172
0.00589843055306
0.00591285896589
0.00592131859075
0.00594110093288
0.0059548446934
0.00596675895276
0.00597286084919
0.00599045246018
0.00600201988763
0.00601674604026
0.00603012105903
0.00604657066436
0.00605735737461
0.00607141274075
0.00608822464672
0.00610381493258
0.00611325867419
0.00613446052401
0.00614955999722
0.00615422865481
0.0061745272959
0.00618443300418
0.00619723601435
0.00621258022947
0.00622682596258
0.00623929532451
0.00625953195409
0.00627398840248
0.00628258184061
0.00629901115436
0.00631358266728
0.00632720531631
0.00634344145203
0.00636260021965
0.00637148945036
0.00638700465673
0.00640114181011
0.00641788306349
0.00642852133628
0.00643776416514
0.00645397721761
0.00646901693721
0.00648724943181
0.00649952504121
0.00651102491789
0.00652935680658
0.00654704249965
0.00655834879173
0.00657245924206
0.00658950609161
0.00660544971937
0.00661494492651
0.00662701246144
0.00664167067246
0.00665898299887
0.00667534118921
0.00668925098394
0.00670244266224
0.00671841053176
0.00673402442161
0.00674712491201
0.00675962338895
0.00677507974232
0.00679362398297
0.00680558231524
0.00682957514466
0.00684334857612
0.00685078106623
0.00686994008131
0.0068824755758
0.00689419044561
0.00691203705255
0.00692947324115
0.00694040722731
0.00695448462486
0.00696819407602
0.00698808996057
0.00699860778994
0.00702125091312
0.0070377194657
0.00704752491967
0.00706598202124
0.00707804076507
0.00709586564434
0.00710958110371
0.00712929101099
0.00714232960747
0.00715504913435
0.00717032251444
0.0071884785305
0.00720051589745
0.00721219129248
0.00723015207826
0.00724797160462
0.00725939957518
0.00728298066371
0.00729693091125
0.007307471486
0.00732670451841
0.0073393835491
0.00735437373149
0.00737208385537
0.00738938448294
0.0074000390793
0.00741638800013
0.00743261051933
0.0074490457249
0.00746179680882
0.00747483631062
0.00749082474326
0.007509679106
0.0075219626776
0.00754638362713
0.00756124396447
0.00757870142708
0.00758947918813
0.00760256101349
0.00761837214582
0.00763672682938
0.00765494793682
0.00766650269261
0.00768088818974
0.00769818435182
0.00771573714211
0.00772965595225
0.00774364930527
0.00776072575929
0.00778059528928
0.00779110725602
0.00781631531514
0.00783204809589
0.00784106732079
0.00786180462098
0.0078757625446
0.00788952925129
0.00790864845846
0.007927967219
0.00794060147665
0.00795610175871
0.00797208129086
0.00798417835219
0.00800599999708
0.00802138404281
0.00803934263441
0.00804832043658
0.00807183205625
0.00808597455649
0.0081049834111
0.00812195386416
0.00813404460213
0.00814885256407
0.00816371060437
0.00818377771275
0.00819482076151
0.00821825658205
0.00823278933488
0.00824295834158
0.00826331333242
0.00827718644616
0.0082936255119
0.00831291956974
0.00833484018601
0.00834755049079
0.00836276419203
0.00838042256792
0.00840052828682
0.00841357944922
0.00842942244704
0.00844580378175
0.00846477247
0.00847720186824
0.00849253766076
0.00851078749461
0.00852983011784
0.00854211004428
0.00855735953365
0.00857509700357
0.00859561791031
0.00860903969
0.00863253412106
0.00864890703132
0.00865810716074
0.00867939724749
0.00869362647528
0.00870879907593
0.00872846163923
0.00873962630241
0.00876326658207
0.00877998316611
0.00879791177464
0.00881086901536
0.00882490989377
0.00884140013493
0.00886048558169
0.00888229131331
0.00889509891263
0.00891209547262
0.00892956167187
0.00894969921729
0.00896295049477
0.00897863046695
0.00899531191329
0.00901503786409
0.00902948351705
0.0090452836602
0.00906224867557
0.00908367571272
0.00909817389223
0.00911367786783
0.00913172459264
0.00915246208264
0.00916576462832
0.00918976585372
0.00920790452335
0.00921740257098
0.00923912096914
0.0092538167775
0.00927123089614
0.00929010944411
0.00930346259981
0.00931834538708
0.00933590220826
0.00935642982162
0.00936846725578
0.00939432591212
0.00941158184711
0.00942306435946
0.00944523062421
0.00945882075798
0.0094760666879
0.00949595620541
0.0095169687244
0.00953068815076
0.00954731286972
0.00956692615759
0.00957948797092
0.00959352585952
0.00961038610679
0.00963153834312
0.00965407770954
0.00966803552081
0.0096860028962
0.00970514665275
0.00971825643994
0.0097424219359
0.00975903028678
0.00977807163668
0.00978883911053
0.00980327091664
0.00982913530277
0.00983827151803
0.00985997788757
0.00987478852079
0.0098912474317
0.00991181656015
0.00993371384733
0.00994866519365
0.0099659859284
0.00998593758638
0.010008274073
0.0100221201077
0.0100383575344
0.0100581011058
0.0100686431242
0.0100923832151
0.0101092582765
0.0101276876505
0.0101403807461
0.0101548632561
0.0101818976367
0.0101911698129
0.0102138995502
0.0102294265434
0.0102466844312
0.0102662016534
0.0102883042452
0.0103030043019
0.0103191195319
0.0103385514647
0.0103595845973
0.010373436374
0.0103899645598
0.0104094280552
0.0104314849123
0.0104459394326
0.0104640200893
0.0104839773275
0.0104968123801
0.0105220265557
0.0105391700993
0.0105595463687
0.0105718734551
0.0105863701409
0.0106132239962
0.0106226908822
0.0106446151901
0.0106585623968
0.0106759190318
0.010695323049
0.0107176996882
0.0107328689911
0.0107510098525
0.0107710084902
0.0107847455391
0.0108101733019
0.0108282775817
0.0108390197805
0.0108619360724
0.0108767537359
0.0108947044327
0.0109142388635
0.010936450935
0.010951442179
0.0109688744117
0.010989230715
0.0110020031332
0.0110175887363
0.0110366657389
0.0110577121383
0.0110815796204
0.0110975370171
0.0111166666901
0.011137704055
0.0111510884875
0.0111671668259
0.0111854192956
0.0112060400362
0.0112290915044
0.0112446357835
0.0112626680548
0.0112742167304
0.011297937697
0.0113141898362
0.0113336184485
0.0113557611641
0.0113703324976
0.0113874530243
0.0114072298308
0.0114292244421
0.0114439476271
0.0114702662549
0.0114797550028
0.0115011333742
0.0115151464571
0.0115415427476
0.0115511001
0.0115727283312
0.0115877727661
0.0116149780051
0.0116254468089
0.0116484384609
0.0116642181287
0.0116825659837
0.0117033739949
0.0117263322467
0.0117417999692
0.0117597757195
0.0117798786361
0.0118025255462
0.0118177601503
0.0118353782605
0.0118558114243
0.0118689714227
0.011884878369
0.0119035376541
0.0119250166763
0.0119491222288
0.0119660993094
0.0119856641594
0.0120076178618
0.0120221268328
0.0120389592297
0.0120580228711
0.0120794163394
0.0120933123322
0.0121196800276
0.0121287199578
0.0121503919808
0.0121747681081
0.0121920615784
0.0122121439987
0.0122250712889
0.012250522938
0.0122689537829
0.0122897364227
0.012303366523
0.0123191127966
0.0123472392806
0.0123579411331
0.0123808477643
0.0123962479984
0.012414073952
0.0124345468994
0.012457721938
0.012473709719
0.0124925975813
0.012513899628
0.0125286077996
0.0125458178428
0.0125656252755
0.0125881058179
0.0126031996541
0.0126305107752
0.0126404588708
0.0126626711194
0.0126871781038
0.0127042435153
0.0127236946006
0.0127360655435
0.0127608605876
0.0127785436957
0.0127991482941
0.0128124712017
0.0128284905437
0.0128476355132
0.0128693919114
0.0128933680752
0.0129100335247
0.0129292341353
0.0129512483962
0.0129651976188
0.0129916026647
0.0130101325118
0.0130217823889
0.0130458040988
0.0130624240897
0.0130818969562
0.0131044807509
0.0131195649539
0.0131377903557
0.0131588450498
0.0131822777606
0.0131983894784
0.0132171130886
0.0132386278934
0.0132519714984
0.0132780048689
0.0132965106429
0.0133173576835
0.013330781586
0.0133468829294
0.0131331062684
