metodo_2_dt_1:12
4.36025497048e-05
0.00304319525872
0.00304193113003
0.00304444579094
0.00304707675556
0.00306603522221
0.00307750376678
0.00306965316889
0.00306812087042
0.00306747098083
0.00306911506953
0.00308506140109
0.00309926302329
0.00309725523632
0.00309438539555
0.00309149089062
0.00309907235747
0.00309773356612
0.00311411592759
0.0031253801897
0.00311508476979
0.00311130513868
0.00311584583558
0.00312826616465
0.00313573188949
0.00315042888483
0.00315316299481
0.00313983168402
0.0031413752921
0.00315065366284
0.00316758036906
0.00317531429696
0.0031819299076
0.00318082451788
0.00317999157486
0.00317542641175
0.00319018000277
0.00320732950417
0.00321957495641
0.00321041877578
0.00320708844462
0.00321103850756
0.00322343017602
0.00323161864739
0.00324578619324
0.00325183110386
0.00324926824936
0.00323921848102
0.00325031235356
0.00326812803834
0.00328544956464
0.00329406930955
0.00328533034075
0.00327792313918
0.00328364947794
0.00329935264232
0.00331965111397
0.00332240268839
0.00332501774057
0.00332295723679
0.00332736696858
0.00334090919626
0.00335102921478
0.00335838656743
0.00336615031263
0.00336505761714
0.00336554251058
0.0033657307592
0.00338596240188
0.00340545916024
0.00341663857093
0.00340709144453
0.00339638114243
0.00340405140791
0.00342105482201
0.00344219282668
0.00345764347882
0.00346288279861
0.00344066057373
0.00344424734325
0.00345839897988
0.00347990505275
0.00349911467977
0.00350961293407
0.00349615516617
0.00348787298512
0.00349879509872
0.00351942031886
0.00354150274067
0.00355656633653
0.00354416388268
0.00354502925723
0.0035429966808
0.00356167785367
0.00358548285421
0.00358660871913
0.00359454106767
0.00359617918687
0.00360146995733
0.00361745770437
0.00361206702872
0.00363407025888
0.00364737341483
0.00365129987677
0.00363502168651
0.00364704175666
0.00366941336676
0.00369437306687
0.00371216707752
0.00368804575743
0.00369155069737
0.00370088359543
0.00372143327351
0.00372494834757
0.00374679438586
0.00375845291851
0.00376302091555
0.00374658205655
0.00376361477981
0.00379002405274
0.00379152887612
0.00380779092002
0.00380500630844
0.00381077834999
0.00379979359221
0.00382411235382
0.00385221996488
0.00384795567263
0.00385851929473
0.00386421158687
0.00387542729144
0.00387086994409
0.00389968920426
0.00392566228607
0.00391386333168
0.0039210798496
0.00392999312718
0.00392109813877
0.00394926230416
0.00397854192751
0.00397061851858
0.00398090130935
0.00398892116675
0.00397559281416
0.00400191836766
0.00403328162654
0.00402897511924
0.00404356650216
0.00405229184725
0.00403490930251
0.00405856454253
0.00405984920333
0.00408920123454
0.00410892849548
0.00408869708752
0.00409944591904
0.00412007600352
0.00411909550446
0.00415178815733
0.00414470721598
0.0041587699504
0.00416942580287
0.00415423991047
0.00418268980313
0.00418422877721
0.00421366875832
0.00423271992136
0.00421102405603
0.00422570129267
0.0042176248414
0.00425183688809
0.00428576911114
0.00427534623768
0.0042898497274
0.00426870336205
0.00429079500081
0.00428899828462
0.00433451443377
0.00436413048943
0.0043469309783
0.00436053396912
0.00434392393529
0.0043744897656
0.00437585985144
0.00440990193531
0.00439694357534
0.00441206462224
0.00439251003804
0.00442031451862
0.00446706472817
0.00446728587602
0.00449634937739
0.00447712684735
0.00449340125685
0.00447956393318
0.00451515418808
0.00451682233311
0.00455107339345
0.00454463202197
0.00456154904573
0.00454483885513
0.00457759338905
0.00457910406647
0.00461785878325
0.00460652769709
0.00462586281944
0.00461474178545
0.00464424485132
0.00464398222386
0.0046467168607
0.0046802701684
0.00466290658067
0.00468192983378
0.00467656012336
0.00471415361197
0.00471677063881
0.00475569585965
0.00474312386473
0.00476372423761
0.00475476912273
0.00474792767548
0.00479151213429
0.00479260284191
0.00482586843159
0.00480805869828
0.00483940065448
0.00482820848546
0.00482819217724
0.0048739102425
0.0048697874203
0.00490748975619
0.00488689128518
0.00487213134612
0.00491176494561
0.0049154225254
0.00496802270058
0.00495819952553
0.00493894836962
0.00496479430786
0.00496633506536
0.00501312029767
0.00501735850512
0.00501136756081
0.00504797777793
0.00502860870491
0.00501729494057
0.00506325307393
0.00506796544385
0.00507558763013
0.00510782907328
0.00508863968855
0.00512043512093
0.00512562449876
0.00513038414607
0.00517880573014
0.00517951054697
0.00516349520076
0.0051921807932
0.00518454811722
0.00519648079293
0.00524962821073
0.00524653243154
0.00523244136605
0.00522315404489
0.00525958408841
0.00525984473035
0.00527502452259
0.00532364329126
0.00531537075409
0.00530677459912
0.00533949368556
0.00533594651164
0.00534333495456
0.00535732460029
0.00540032295976
0.00538536477109
0.00537922255587
0.00541970734077
0.00542347231097
0.0054411057157
0.00544151235499
0.00547884571539
0.00547077784842
0.0054612130715
0.00546183421496
0.00552721127625
0.00553348122417
0.00552720402765
0.00552077348155
0.00555599578738
0.00556279400551
0.00556977378043
0.00557774098504
0.00563639764237
0.00562429842266
0.00560925081581
0.00561221771992
0.0056167256414
0.00568475825089
0.00569021835502
0.00568253150223
0.00567651726904
0.00566773562196
0.00572735078321
0.00573700172047
0.0057466265564
0.00575252148235
0.00574021624345
0.00578835583642
0.00578534544216
0.00579341008169
0.00581426635701
0.00581693311212
0.00581674307183
0.00585634664126
0.00585798056257
0.0058631289563
0.0058767405398
0.0058925196068
0.00589043571699
0.00593835596037
0.00592869911694
0.00594029732241
0.00595151445298
0.00597092920471
0.00597413483045
0.0059649202332
0.00601608945582
0.00601357693715
0.00603097312802
0.00604616676823
0.00606095508956
0.00605778845691
0.00605504347272
0.00604906092062
0.00606510768286
0.00613176163028
0.00615289307937
0.00615289726735
0.00615192244766
0.00614545460922
0.00615566613218
0.00617030837631
0.00619273318701
0.00620011417511
0.00620260545556
0.00619331135241
0.00625521899758
0.00626535739319
0.00629140360645
0.00630185408651
0.0063108984918
0.00630241219768
0.00630765048981
0.00632236909834
0.00633812290397
0.00636285811582
0.00636706833573
0.00637129963086
0.00636448118262
0.00637730430198
0.00639131290731
0.00641873769153
0.00643642782963
0.00643653514866
0.00643759876944
0.00643868681609
0.00645779006761
0.00648408868155
0.00650053930859
0.00651169379059
0.00650824038882
0.00651265728498
0.00652201391969
0.00654756282114
0.00657575617797
0.00658426518436
0.00659208628978
0.0065952265744
0.00660075567718
0.00662403888235
0.006646311865
0.00666812024208
0.00668043806155
0.00667599343969
0.00668628939088
0.00670622025942
0.00672892191682
0.00675737434714
0.00676483788524
0.00677279876204
0.006778761081
0.00678911447041
0.00681630217088
0.00684792272195
0.00686095510558
0.00687270160826
0.00687806906291
0.00682802723384
0.00685237403453
0.00688538957553
0.00691357612861
0.00692003734172
0.0069287542212
0.00693814450986
0.00695332084908
0.00698384582722
0.00701613043139
0.00702820177155
0.00698251028111
0.00699254394987
0.00700936226027
0.00703235194262
0.00706481409553
0.00709243551752
0.00709823877643
0.00710844670987
0.00706658064439
0.00709191757681
0.00711963781747
0.00714964732278
0.00717082747306
0.0071828983598
0.00718608374917
0.0071521513866
0.00718437052862
0.00722022424097
0.00723919801379
0.00725241777736
0.00726478208409
0.00728266439137
0.00724883078933
0.00728659132174
0.00731623931344
0.00733659345149
0.00734977194106
0.00729824396403
0.00732697403016
0.007362450331
0.00739887670282
0.00742474428134
0.0074304133413
0.00738674832984
0.0074116477823
0.00744560594717
0.00748502581489
0.00751652313517
0.00746710018
0.00748199051408
0.00750335161829
0.00753448902195
0.00751592077093
0.00755229912851
0.00756711384843
0.00758360772092
0.0075430077836
0.00757027762664
0.00761033979437
0.00765070884616
0.00761936310991
0.00763131772112
0.00764869940163
0.00767226092446
0.00765062782977
0.00769320118036
0.00772674273223
0.00775107215555
0.00770914757092
0.00772165070568
0.00775638958595
0.00779970357363
0.00778036586858
0.00780753317426
0.0078276684667
0.00778816748698
0.00781643481441
0.00785847183866
0.00790262469418
0.00787513011351
0.00789904478591
0.00791149059022
0.00787831029815
0.00791510936742
0.00796088582255
0.00794100929257
0.00796991920766
0.00798850633237
0.00795222572738
0.00798802111357
0.00803364308516
0.00801518217187
0.00804973290272
0.00807381648423
0.00803574612778
0.00806508985629
0.00810894256239
0.00809557357803
0.00813574932334
0.00816164592092
0.00812339470048
0.00815193384898
0.00813168087803
0.00817746716645
0.00822263489412
0.0081952428073
0.00821991133357
0.00824345699896
0.00821911949822
0.00826684189113
0.00825431837077
0.00829377361555
0.0083194603302
0.0082831513164
0.00831635351428
0.00830026417382
0.0083510516116
0.00839339817793
0.00836483639513
0.00839085537726
0.00835929584593
0.00840862334961
0.00839535114763
0.00844470298857
0.00848348933435
0.00845022814138
0.00847843154721
0.00845198686741
0.00850159695866
0.00849219472056
0.00853657642098
0.00856942401912
0.0085352599708
0.0085744849584
0.00855916443182
0.00861307523051
0.00860045949376
0.00863847017765
0.00860577418593
0.00863488656205
0.00861578771793
0.00867651654549
0.00866778773035
0.00871149108426
0.00868193366476
0.00870973110269
0.00868666308442
0.00873799928268
0.0087388289892
0.00878809147247
0.0087630178394
0.00879403572541
0.00876750692116
0.00881283551122
0.00881408799259
0.00886814103261
0.00884838999798
0.0088817250266
0.00885280993314
0.00890441831238
0.00889708934769
0.00895182654085
0.00893761760824
0.00897493420897
0.00895243943779
0.0089301820515
0.00898304260357
0.00897926122346
0.00904056000169
0.00901980277195
0.00905150586689
0.0090260780343
0.00907557248399
0.0090786712372
0.0090738778259
0.00912190807981
0.00909610379567
0.00913950312873
0.00912173490701
0.00917925454606
0.00918416335458
0.00917452287296
0.00921643901759
0.00918642517358
0.00923579270757
0.00922661089084
0.00922528821298
0.00929122376912
0.00927496036221
0.00924966041341
0.00928929300761
0.0092834474021
0.00934491753242
0.00934365486743
0.00934024274175
0.00938209964856
0.00935707226088
0.00934735040514
0.00940640067694
0.00940713449747
0.00947299441051
0.00945580308383
0.00943151775046
0.00948245245384
0.0094712508223
0.00947213802837
0.00954254746616
0.00953090169531
0.00951624414821
0.00955818744239
0.00954590904943
0.00955232227765
0.00961877623799
0.00961276442978
0.00960213659193
0.00957964505537
0.00963498802862
0.0096313484887
0.00963482006573
0.00970536725393
0.00969280157275
0.00967881968031
0.00972450205453
0.00972409683469
0.0097269826183
0.00973004811361
0.00979473684573
0.00977682693896
0.00976376878615
0.00975541413434
0.00982767276629
0.00983303240275
0.0098387185923
0.00989009898215
0.00987032010476
0.00986255953479
0.00985994318886
0.00993761468992
0.00994090539598
0.0099400731814
0.00992255339853
0.00997735825317
0.00997076526959
0.0099824065435
0.00998907414736
0.00999398893989
0.0100451880085
0.0100344264808
0.010024052898
0.010033012483
0.0101063705621
0.0101194516586
0.0101107583706
0.0101011569167
0.0100947873235
0.0101582049251
0.0101732364707
0.0101805923317
0.0101845375062
0.0101708763261
0.0101628395309
0.010222364813
0.010235517617
0.0102525045632
0.0102581507905
0.0102558277715
0.0102408706815
0.0103038773869
0.0103069478675
0.0103248163253
0.0103392713178
0.0103353646102
0.0103292182744
0.0103859628895
0.0103920785538
0.0104090337176
0.0104202122202
0.0104289419674
0.0104263253834
0.0104136139167
0.0104158835511
0.0104959290644
0.0105121721526
0.0105263015087
0.0105216244196
0.0105166048935
0.010515648022
0.0105197502203
0.0105399859522
0.0105617124
0.0106283927425
0.0106259417752
0.0106230165428
0.0106231834535
0.0106418389119
0.0106634712787
0.0106800905598
0.0106749480067
0.0106717600344
0.0106751162118
0.0106839590618
0.0107068458586
0.0107945463919
0.0108014879641
0.0107929794215
0.0107935528135
0.0108054698447
0.0108209596054
0.0108466397622
0.0108593181752
0.0108609207385
0.0108533627869
0.0108613523096
0.0108814796507
0.0109095073651
0.0109277388701
0.0109271920776
0.010926923856
0.0109315325299
0.0109514398451
0.0109700456676
0.0109929893995
0.0110047971213
0.011006812467
0.0110123435365
0.0110183999541
0.0110425616421
0.0110688462744
0.0110895552061
0.011095468056
0.0110972605819
0.0110995468824
0.0111209918387
0.011152059617
0.01117491035
0.0111859272726
0.0111889343109
0.0111981941575
0.0112092242424
0.011236918473
0.0112639995754
0.0112807389662
0.0112898888392
0.0112944034568
0.0113082512746
0.0113340584205
0.0113602826858
0.0113159609231
0.0113263907329
0.0113310095637
0.0113444832358
0.0113670859381
0.0113976930971
0.0114281943592
0.0114440711792
0.0114506649126
0.01145851318
0.0114737670562
0.0115034923672
0.0114675913413
0.0114892330695
0.011502648764
0.0115095639077
0.0115244643214
0.0115549033691
0.0115878462277
0.0116149829591
0.0116301857415
0.011574234704
0.0115859572655
0.0116096365071
0.0116459167475
0.0116775124704
0.0116983682734
0.0117088871566
0.011721992187
0.0116746639028
0.0117061014776
0.0117439214904
0.011770497907
0.0117852399024
0.0117981483147
0.0117471117953
0.0117755722145
0.0118146234965
0.0118463257679
0.0118663829143
0.0118809389115
0.0118271044105
0.011858453921
0.0118969129105
0.0119325556954
0.0119584098221
0.0119090337084
0.0119211796366
0.0119419766903
0.011978260478
0.0120162443858
0.0119802771642
0.012002919273
0.0120222827511
0.0120397747717
0.0120727195557
0.0120437212247
0.0120798162512
0.0121080972885
0.0121232373987
0.0120711156123
0.012106716762
0.012143847441
0.0121865885134
0.0121498945476
0.0121689597724
0.012187043301
0.0122156574168
0.0121825226366
0.0122267830931
0.0122628883023
0.01229046805
0.0122389850297
0.012264631673
0.0122986373885
0.0123394356044
0.0123120583737
0.0123453698711
0.0123711744439
0.0123243538009
0.0123510951224
0.0123899139326
0.0124427770969
0.0124107245184
0.0124377465316
0.0124555464248
0.0124176593501
0.0124565483958
0.0125003503769
0.0124765086197
0.0125122863131
0.0125354246857
0.0124885395246
0.0125202595724
0.0125729489198
0.0126172845922
0.0125877194684
0.0126178453212
0.012570060059
0.0126012697341
0.0126415935306
0.0126297317411
0.0126702191353
0.0127021413803
0.0126617785341
0.012689901775
0.0127266992475
0.0127114704763
0.0127597788982
0.0127941333392
0.012759732565
0.0127827641462
0.0127508842973
0.0128019867541
0.012853309415
0.0128317589939
0.0128632365778
0.0128180779962
0.01285375983
0.0128987422952
0.0128796960413
0.0129347234518
0.0129001154642
0.012934586446
0.0129611941815
0.0129341604834
0.0129891234109
0.0129733526527
0.0130191855809
0.0130507023174
0.0130143474332
0.0130516707889
0.0130296007234
0.0130907948358
0.0130674534686
0.0131102290068
0.0130680447324
0.0131085206703
0.0131513849753
0.0131446115342
0.0131942881527
0.0131743373134
0.0132029166453
0.0131729746721
0.013211871271
0.0132037369203
0.0132566354049
0.013242477759
0.0132750978033
0.0132446939192
0.0132798375675
0.0132688696331
0.0133232553519
0.0133143442623
0.0133521901019
0.0133231317278
0.013355418658
0.0133406914588
0.0133981503957
0.0133899381296
0.0134434268158
0.0134076355996
0.0134483366961
0.0134197831142
0.0134817135801
0.0134695723203
0.0135287866234
0.013503973673
0.0135385978861
0.0135163551047
0.0135652712374
0.0135636368861
0.0136243939893
0.0136020162736
0.0135731659345
0.0136172119642
0.0135935386265
0.0136595454419
0.0136585040222
0.013707315772
0.0136855659776
0.0136503613403
0.0137013616814
0.0136926296487
0.0137557632031
0.0137510089759
0.0137997287605
0.0137688917667
0.0137446625064
0.0138045021537
0.0138052055589
0.0138638812148
0.0138528491832
0.0138278768386
0.0138677185597
0.0138547711543
0.0139191810628
0.0139216152576
0.0139065293763
0.0139582207591
0.0139355283577
0.0139155582271
0.0139739099408
0.0139739739266
0.0140427418553
0.0140308614193
0.0140001693021
0.0140499769913
0.0140384789711
0.014041229082
0.0141074552236
0.0140979401909
0.0140805727738
0.0141293088028
0.0141139012799
0.0141079285608
0.0141792383303
0.0141787015683
0.0141661838505
0.0142122284275
0.014196972861
0.0141875146542
0.0142591663842
0.0142632214055
0.0142563285794
0.0143049669666
0.0142876495369
0.0142742131278
0.0142752691749
0.0143516637125
0.0143505156842
0.014334099753
0.0143856413372
0.0143747741757
0.0143729072703
0.0143815510178
0.0144485314636
0.0144373278262
0.0144211337112
0.0144074959209
0.0144710742687
0.014479223881
0.0144873995464
0.0145513110622
0.0145383048067
0.0145232312583
0.0145136496409
0.0145890302409
0.0145996303764
0.0145998557365
0.0145915523912
0.0145768951456
0.0146331666173
0.0146358755889
0.0146471287082
0.014652187891
0.0147188186119
0.014706317465
0.0146944605889
0.0146897665069
0.0146998575304
0.01478124147
0.0147807822895
0.0147721642205
0.0147596267546
0.0147546131774
0.0148279363017
0.0148416218051
0.0148500417035
0.0148430291663
0.0148316335237
0.0148235810272
0.0148967769183
0.0149068231477
0.0149195624709
0.0149217985304
0.0149133354518
0.0149000905722
0.0149756341957
0.0149873545498
0.0149993512017
0.0150073099094
0.0150032857514
0.0149936019017
0.0150558627632
0.015064430057
0.0150871533733
0.0151001277862
0.0150980320548
0.0150902404657
0.0150839054929
0.0150886382112
0.0151703703175
0.0151933101741
0.0152005528341
0.0151963566029
0.0151890160971
0.0151863105341
0.0152057410844
0.015224504987
0.0152372694084
0.0152344769327
0.0152976473348
0.0153014616793
0.0153111087185
0.0153300597837
0.0153438224898
0.0153502398414
0.0153525757651
0.015348220586
0.0153503609258
0.0153677545694
0.0153943717194
0.0154065766079
0.0154068939321
0.0154049714339
0.0154767289415
0.0154911710104
0.0155128573866
0.0155364639961
0.0155385605082
0.0155355206746
0.0155409626114
0.0155516209418
0.0155727630427
0.0155968186249
0.0156082810737
0.0156085773547
0.0156127297138
0.0156194487208
0.0156384060623
0.0156648190009
0.0156819039626
0.0156869375816
0.0156915733618
0.0156949053861
0.0157069173531
0.0157374145072
0.0157592683503
0.0157761024866
0.0157768620462
0.0157779861207
0.0157922447686
0.015815285024
0.0158466945643
0.0158631597671
0.0158678871166
0.015874612676
0.0158824604862
0.0159053664833
0.0159322258286
0.015960218417
0.0159701276898
0.0159018974266
0.0159129507219
0.0159295510712
0.0159587449947
0.0159848028992
0.0160066560065
0.016011497166
0.0160209697195
0.0160336206873
0.0160644918111
0.0160896679742
0.016117240371
0.0161266351242
0.0161362786901
0.016075301291
0.0161029541904
0.0161325594061
0.0161650814457
0.0161763707783
0.0161880209043
0.016200849382
0.0162184677309
0.0162532849326
0.0162131743341
0.0162400329003
0.0162492074562
0.0162611335959
0.0162774142758
0.0163035525778
0.0163416747512
0.0163679041166
0.0163180472025
0.016330888644
0.0163414468861
0.0163701528574
0.0164022227733
0.0164390635736
0.0164651349349
0.016400756433
0.016415607505
0.0164403367462
0.0164707570133
0.0165105866617
0.0165424414667
0.0164859446467
0.0165006417803
0.0165217170339
0.0165491295791
0.0165901506405
0.0166271558208
0.0165759922293
0.0165887718182
0.0166071690806
0.0166368882001
0.0166711547901
0.0166417112504
0.0166728070269
0.0166926426234
0.0167037465602
0.0166592109697
0.0166972587632
0.0167404104791
0.0167710077377
0.016795670829
0.0167431094191
0.0167655376966
0.0167940718697
0.0168376674149
0.016808688618
0.0168389506451
0.0168591880223
0.0168697982102
0.0168300804181
0.0168722651817
0.0169169400166
0.0169530649627
0.0169069480376
0.0169206742471
0.0169475953492
0.0169870096775
0.0169627440401
0.0170041422769
0.0170336896308
0.0169783834791
0.0170023861727
0.0170380515075
0.0170839285128
0.0170590293746
0.0170943609582
0.0171187536533
0.017070831369
0.0171025098515
0.0171463446787
0.0171884800572
0.0171589622877
0.0171879518693
0.0172108100016
0.0171684842222
0.0172090413381
0.017257975158
0.0172333550526
0.0172678810303
0.0172928591521
0.0172481387187
0.0172847734881
0.0173326305807
0.0173115388383
0.0173519062432
0.0173806927315
0.01733514812
0.0173679397913
0.0173426091788
0.0173939052878
0.0174397356624
0.0174029639318
0.0174290622044
0.0174587857482
0.0174297743681
0.0174810777065
0.017531355333
0.0175039356001
0.0175329213615
0.0174902387223
0.0175278766841
0.0175774762005
0.0175659599266
0.0176113131478
0.0175740287334
0.017601923472
0.0176359862786
0.0176117604279
0.0176659624703
0.0176457136424
0.0176845100857
0.0176435595577
0.0176810099248
0.0177236509583
0.0177063465257
0.0177606287682
0.0177345491526
0.0177714871317
0.0177371741786
0.0177758484932
0.0178269328974
0.0178125910079
0.017862818269
0.0178301963596
0.0178673055134
0.0178319811966
0.0178795441533
0.0178655038391
0.0179203378937
0.0178994349678
0.0179367306139
0.0178993859405
0.0179429690229
0.0179334851382
0.0179914665452
0.0179703473286
0.0180081031508
0.0180472148545
0.0180162549472
0.0180686546535
0.0180632309613
0.0181218805231
0.018094106679
0.0180578623856
0.0181009104464
0.0180787005346
0.0181376351403
0.0181318167435
0.0181807057316
0.0181476776427
0.0181893648476
0.0181668579535
0.0182236978898
0.0182202906437
0.018274866788
0.0182464773302
0.018288587924
0.0182588839398
0.0182415261306
0.0183132931908
0.0183018164307
0.0183558929929
0.0183233253221
0.0183622583083
0.0183469012986
0.0184078321049
0.0184057383698
0.0183924916125
0.0184407048109
0.0184080410549
0.0184538073717
0.0184470581226
0.0184407264088
0.018506035733
0.0184861935094
0.01853161939
0.0185033884412
0.0184930043908
0.0185574184566
0.018556111934
0.0186092955159
0.018590412865
0.0185605383959
0.0186170828886
0.0186086932525
0.0186811402349
0.0186690366147
0.0186546408268
0.0186958089331
0.018677777576
0.0186662173268
0.0187395737267
0.0187324869716
0.0187235642722
0.0187726096442
0.0187460750318
0.0187365912935
0.0188030695609
0.0188056576644
0.0188676534653
0.018849272946
0.0188277119968
0.0188793974089
0.0188783171756
0.0188866603311
0.0188793605922
0.0189370042697
0.0189103005181
0.0188936498435
0.0189638493477
0.0189626448993
0.0189658276715
0.0190292182799
0.0190051641017
0.0189902966867
0.0190528154856
0.0190500047348
0.019056217987
0.0190543039045
0.0191153063475
0.0190904754229
0.0190781644192
0.0190783425177
0.0191509764351
0.0191579616087
0.0191494389047
0.019203315189
0.0191822673872
0.0191785804861
0.019189211209
0.019267578506
0.0192589050663
0.0192449569219
0.0192323436754
0.0192958695817
0.0193004672686
0.0193040576935
0.0193107071944
0.0193015308274
0.0193568210293
0.0193457592071
0.0193410225147
0.0193548023606
0.0194336331156
0.0194300347809
0.0194164996239
0.0194070105965
0.019398319176
0.0194782177773
0.0194891600341
0.0194951555694
0.0194856131223
0.0194718053448
0.019536446301
0.0195460889523
0.019552699038
0.0195602604132
0.0195559044512
0.0195471456746
0.0196088262422
0.0196109742193
0.0196232078214
0.0196387668386
0.0196401916248
0.0196307229972
0.0196946212743
0.0196927744792
0.0197030236156
0.0197174301348
0.0197283254106
0.0197233892686
0.0197124516595
0.0197783355108
0.0197890938582
0.0198042880767
0.0198163285337
0.0198206724489
0.0198117586679
0.0198039252154
0.0198069923628
0.0198962458938
0.0199118856113
0.019918272775
0.0199168579596
0.0199081443818
0.0199073141157
0.0199189142225
0.0199402500599
0.0199521063985
0.0200232990188
0.0200252033783
0.0200212089502
0.020029191713
0.02005055079
0.0200668544694
0.0200724114922
0.0200674312626
0.0200653903416
0.0200752707085
0.0200911210066
0.0201141572113
0.0201254731809
0.0201248123097
0.0201226453103
0.0201943462774
0.020212987904
0.0202371349793
0.0202535605357
0.0202582818266
0.0202578237951
0.0202613281657
0.0202702307705
0.0202936548598
0.020313946188
0.0203303650492
0.0203333710279
0.0203298273402
0.020334778576
0.0203617373411
0.0203842295247
0.0204003481114
0.0204081916786
0.0204111551796
0.0204127712124
0.0204303810163
0.0204532213683
0.0204798694207
0.0204933734145
0.0204929387849
0.0204983218481
0.0205119479693
0.0205333578292
0.0205632243142
0.0205825449152
0.0205862014973
0.0205911397324
0.0206009910371
0.0206195277798
0.0206546492556
0.0206754372135
0.0206187030756
0.0206229874467
0.0206261240825
0.0206467259168
0.0206755662061
0.0207063060932
0.0207209974789
0.0207284654941
0.0207360042849
0.0207505793955
0.0207793602688
0.0208067624978
0.0208367942164
0.020845087168
0.0207814128419
0.0207924824832
0.0208120673201
0.0208497976701
0.020875007266
0.0208946918839
0.0209026743998
0.0209134351093
0.0209329217534
0.0209656862581
0.0209228532865
0.0209521919616
0.0209660264881
0.0209740105566
0.0209916390374
0.0210158910311
0.0210560488726
0.0210811537631
0.0210323407595
0.0210375737131
0.0210521060523
0.0210823535233
0.0211127285663
0.0211518449126
0.021170703136
0.0211130830202
0.0211297047672
0.0211462647327
0.021184476512
0.0212167294561
0.0212471491025
0.0211977653642
0.0212047000757
0.0212273078558
0.0212585147896
0.0212955979353
0.0213310551684
0.0212832429974
0.0212958739618
0.021312052465
0.0213432086687
0.0213756052109
0.0213470128615
0.0213766448457
0.0213948439007
0.0214079962856
0.0214313877874
0.0213993385775
0.0214347762513
0.0214738038836
0.0214969251852
0.0214450195552
0.0214651067994
0.021491493661
0.0215368363468
0.021504944658
0.0215375737827
0.0215502354699
0.0215721953511
0.0216004271666
0.0215725225191
0.0216153574198
0.0216441422036
0.0215989929352
0.0216167542195
0.0216450670965
0.0216820230753
0.021658358245
0.0216981165002
0.0217241296668
0.0217434553145
0.0216972559517
0.0217303633135
0.0217778184402
0.0217499235727
0.0217875337277
0.0218101261475
0.0218304413448
0.0217859149376
0.0218272902035
0.0218773357134
0.0218450133185
0.0218761758665
0.0218969274501
0.0218547859031
0.0218927496146
0.0219433164802
0.0219157827689
0.0219525408416
0.0219755786749
0.0219311827932
0.0219651693985
0.022014462247
0.0219902976249
0.0220328788941
0.022059855207
0.022014811974
0.022044963241
0.0220914972572
0.0220689259988
0.0221168673009
0.0221490054834
0.022105139274
0.0221322871466
0.0221751120437
0.0221522543169
0.0222102464146
0.0221763825003
0.0222072749258
0.0222328114341
0.0221998239913
0.0222467924535
0.0223017074152
0.0222734886755
0.0223089171445
0.0222685563365
0.0223037559492
0.0223475189899
0.0223314335441
0.0223800054524
0.0223491067213
0.0223825080234
0.0223434423158
0.0223832263791
0.0224379955173
0.022422269056
0.0224709048579
0.0224342868128
0.0224621857207
0.0224301750529
0.0224784756594
0.0225422989453
0.0225188028036
0.0225589959566
0.0225159646038
0.0225583218743
0.0225312136501
0.0225893159242
0.0225760816148
0.022621963203
0.0225855550702
0.022616331424
0.0226667095373
0.0226473769109
0.0227070840153
0.0226887426334
0.0227284458204
0.0226871766983
0.0227338359515
0.0227153367914
0.0227722946876
0.0227629763186
0.0228041423584
0.0227684194876
0.0228084589122
0.0227860821767
0.0228481066214
0.0228369293097
0.022887822817
0.0228573591523
0.0228943203225
0.0228698135786
0.0229276912798
0.0229148368875
0.0229051915987
0.0229495474716
0.0229170487392
0.022959205329
0.0229435545762
0.0230068966637
0.0229980022861
0.0230480296898
0.0230218087923
0.0230579422283
0.0230421577712
0.0230283024706
0.0230984515446
0.0230823736458
0.0231281956347
0.0230957898761
0.0231442274996
0.0231313758423
0.0231272026257
0.0231883030968
0.0231713267205
0.0232140260366
0.0231857377869
0.0231709673553
0.023236459134
0.0232355369366
0.0232866188042
0.0232643984262
0.0232364509676
0.0232877239
0.0232849825952
0.0233546098179
0.0233433238944
0.0233218010206
0.0233699210877
0.0233457485961
0.0234077210195
0.0234042694713
0.0234036111341
0.0234595608861
0.0234378335573
0.0234073479057
0.0234692639895
0.023470432932
0.0234636509268
0.0235293354331
0.0235074787677
0.0234858402434
0.0235381202832
0.0235327067158
0.0235373718152
0.0236027421814
0.0235859222933
0.0235652953317
0.0236162514365
0.023611077458
0.0236099256743
0.0236814764245
0.0236743004605
0.0236564917213
0.0237056644927
0.0236907277493
0.0236934739481
0.0237678777526
0.023766421089
0.0237490337544
0.0237300891476
0.0237834857872
0.0237791257534
0.0237864730078
0.0238621056188
0.023850109376
0.0238329341679
0.0238174392516
0.0238811786336
0.0238876783925
0.0238893705683
0.0238832128042
0.0239415697304
0.023924935641
0.023912715329
0.0239168155756
0.0239983195346
0.0239976719111
0.0239888875177
0.023972979853
0.0240294522135
0.0240299736534
0.0240397067363
0.0240436573338
0.0241125646126
0.024099157225
0.0240815468565
0.0240780605209
0.0241582989381
0.0241653411752
0.0241679784086
0.0241587123811
0.0241407212064
0.0242055032508
0.0242107034326
0.0242190730199
0.0242269252815
0.0242229320578
0.0242841761631
0.0242740138723
0.0242753854408
0.0242832241554
0.0242951121068
0.0242969164489
0.0243556936991
0.0243441326894
0.0243414984816
0.0243528442495
0.024367135955
0.0243745696139
0.0244419731867
0.0244268546605
0.0244207466486
0.0244326440691
0.0244435283588
0.0244557506398
0.0244566571414
0.0245158672466
0.024513132065
0.0245153374476
0.0245289169258
0.0245405680349
0.0245529668143
0.0245479274021
0.0245348736595
0.0246052985847
0.0246217860212
0.0246350709383
0.0246471207076
0.024652872783
0.0246449175276
0.0246362256995
0.0246433050408
0.0246660195413
0.0247504822158
0.0247562910815
0.0247569613219
0.0247505378456
0.0247496170645
0.0247703792528
0.0247893952349
0.0248009120532
0.0248020900444
0.0247957374719
0.0248008547071
0.0248087337059
0.0248286188741
0.0249229226322
0.0249278403857
0.0249251211928
0.0249219961168
0.024935570864
0.0249544873795
0.0249706757647
0.0249870847226
0.0249862829353
0.0249838834834
0.0249878389264
0.0250098859546
0.025031998057
0.0250499102087
0.0250540535008
0.0250564521337
0.0250571609568
0.025071615521
0.0250938091051
0.0251201775208
0.0251300041492
0.0251310853463
0.0251298361001
0.0251442240858
0.0251704119938
0.0251901131208
0.0252113626572
0.0252149726071
0.0252191399466
0.0252201395084
0.0252432627918
0.0252737894106
0.0252945114186
0.0254257691765
