metodo_2_dt_1:1
3.00653240312e-06
5.61290515298e-05
0.000106804528992
0.000168557162943
0.000222113842752
0.000277059155074
0.000333663727233
0.000391824744578
0.000441869066729
0.000503659929918
0.000557590004921
0.000613535559862
0.000671623865858
0.00073172958012
0.000794494767312
0.000849649323646
0.00090780571314
0.000968297554549
0.00103183221312
0.0010887419709
0.00114878384239
0.00121212442959
0.00126946385661
0.00133051095232
0.00139512349671
0.00145407251948
0.00151769090121
0.00158514301437
0.0016480011769
0.00171367433765
0.00177670647563
0.00177688667295
0.00187539270616
0.002066599514
0.00236333129169
0.00275255759819
0.00325465803985
0.00386161408929
0.00456727718979
0.00538003102475
0.00629298812914
0.00730651256387
0.00842154478771
0.00963834917834
0.0109585662126
0.0123748415098
0.0138883866958
0.0155078576633
0.0172253489088
0.0190361667379
0.0209547355102
0.0229618490018
0.0250710817386
0.0272843058528
0.0295885283222
0.0319976683707
0.0345004354689
0.0370974686524
0.0397962463769
0.0425919601191
0.0454903935729
0.04848245594
0.0515731418109
0.0547587195023
0.0580464894946
0.0614303779405
0.064918357463
0.0684995612492
0.0721811945748
0.0759582458614
0.0798386311209
0.0838221191075
0.0878991438052
0.0920776107688
0.0963573670025
0.100735395036
0.105215228887
0.109796470698
0.114485823012
0.119274699525
0.124157808156
0.129148755111
0.134253475468
0.139450686326
0.144758576744
0.15016698432
0.155684530055
0.161308793458
0.167031493761
0.172876945026
0.178817964605
0.18487164228
0.191036173946
0.197320482999
0.203705102908
0.210206949029
0.2168163283
0.223541366035
0.230389863419
0.237342735393
0.244417232887
0.251612728202
0.258927734257
0.266362081033
0.273914340684
0.28159264059
0.289396504921
0.297315877851
0.305368201068
0.31355193437
0.321858265664
0.330294511199
0.338860726671
0.347564415455
0.35639644521
0.365374108458
0.374477927752
0.383726431418
0.39311818371
0.402652843593
0.412325984277
0.422147361654
0.432116731999
0.442235231907
0.45250434882
0.462927844371
0.473505805778
0.484240887575
0.495135899328
0.506192061364
0.517411398545
0.528796375728
0.540349789456
0.552073079561
0.563969240711
0.576039674681
0.588287366246
0.600714203431
0.613324139771
0.626118136682
0.639098475748
0.652269106684
0.665632620284
0.679190360911
0.692945803864
0.706901623972
0.721059714254
0.735423800471
0.749996052654
0.764779714768
0.779777180635
0.794991040202
0.810423093148
0.826078324754
0.841956998698
0.858062560096
0.874398735258
0.890966561721
0.907768361831
0.92480675598
0.942083727933
0.959602640969
0.977364217208
0.99536963258
1.0136214838
1.03212086975
1.05086838548
1.06986515872
1.08911189462
1.10860891083
1.12835517098
1.14834933048
1.16859274072
1.1890815061
1.20981456237
1.23078863206
1.25200028982
1.27344510731
1.29511842762
1.31701373554
1.3391254336
1.36144526399
1.38396432676
1.40667308201
1.42956058451
1.45261465122
1.47582205079
1.49916814701
1.52263694977
1.54621164611
1.56987350841
1.59360258085
1.61737830353
1.6411783444
1.66497851271
1.68875536886
1.71248225038
1.73613281533
1.75968091672
1.78309815755
1.80635846593
1.82943140823
1.85228947473
1.87490574427
1.89725198297
1.91930280397
1.94103203557
1.96241513478
1.98342885964
2.00405156301
2.02426427569
2.04404662306
2.06338441503
2.08226109537
2.10066507676
2.11858474705
2.13601127589
2.15293707366
2.16935782457
2.18526989991
2.20066941498
2.21555603254
2.22993204857
2.24379688214
2.25715563863
2.27001125756
2.28236767135
2.29423253491
2.305609615
2.31650735909
2.32693208278
2.33689146012
2.34639321322
2.35544522709
2.36405519573
2.37223163012
2.37998250805
2.38731562944
2.39423832159
2.40076082364
2.40688781053
2.41262987628
2.41799592124
2.42298597211
2.42760642921
2.43187246732
2.43578905526
2.43935201239
2.44258218797
2.44547346752
2.44803607833
2.45028081466
2.45219915293
2.45380852546
2.45510871331
2.45609804697
2.45678401497
2.45717354635
2.45726371992
2.4570702968
2.45657982997
2.45580740696
2.45475813511
2.45341747964
2.45179936062
2.44990801784
2.44773796772
2.44530218004
2.44258484676
2.43959860955
2.43634647817
2.43282146543
2.42902587576
2.42496199221
2.42063209593
2.41603781758
2.41118096882
2.40605306792
2.4006553111
2.39499880037
2.38906440737
2.38287280866
2.37640446624
2.36966962311
2.36266830155
2.35540033653
2.34785533698
2.34004462194
2.33195732386
2.32359737566
2.31496140867
2.30604965989
2.29686032405
2.28739235874
2.27764502543
2.26761671323
2.25730539413
2.24671054898
2.23583150276
2.22466512959
2.21321307346
2.20147252458
2.18944304305
2.17712379101
2.16451484844
2.15161471543
2.1384241759
2.12494386332
2.11117336076
2.09711478217
2.08276803287
2.06813575521
2.05322123252
2.03802641704
2.0225567635
2.00681574596
1.99081009979
1.97454716667
1.95803532429
1.94128499953
1.92430799237
1.90711694645
1.88972844468
1.87216025999
1.85443482421
1.83657581887
1.81861084676
1.80057243603
1.7824977792
1.76442685789
1.7464068587
1.72849121489
1.71073967374
1.6932215195
1.67601012791
1.65919129381
1.64286027458
1.62712019454
1.61208581798
1.59788528469
1.58465238108
1.57253811941
1.56169785492
1.55229954724
1.54451462956
1.53851915742
1.5344917379
1.53260338374
1.53301653783
1.53587697055
1.54130824361
1.54940189219
1.56021199993
1.57375238133
1.58998230976
1.60881113787
1.63009407166
1.65363087992
1.6791728371
1.70642396821
1.73505352174
1.76469801082
1.79497800945
1.82550114209
1.85587119804
1.88569843715
1.91460088427
1.94220962493
1.96816853313
1.99213353439
2.01376985664
2.032748773
2.04874077503
2.06140454715
2.07038104148
2.0752791526
2.07565815501
2.07100631139
2.06071139044
2.04401725137
2.01996388316
1.98728302279
1.94423582129
1.88829168313
1.81498404143
3.32873525174
3.83335828979
4.34661141216
4.86577264171
5.38913498952
5.91557063821
6.44433265559
6.97490203116
7.50688829479
8.04000762041
8.57405782587
9.10887752764
9.64433570324
10.1803443663
10.7168134345
11.2536764546
11.7908979754
12.3284188574
12.8662200907
13.4042883216
13.9425337543
14.4809702899
15.0195800737
15.5583716536
16.0973143768
16.6363970938
17.1756101972
17.7148851173
18.2543350234
18.7938936003
19.3335554294
19.8733950926
20.4131887166
20.9531341541
21.493167371
22.033285669
22.5734867067
23.1137067592
23.654067363
24.1945054287
24.7350196688
25.2756089884
25.8162102677
26.3569470441
26.8977565803
27.4386383663
27.9795920027
28.5205545786
29.0616510269
29.602818681
30.1440574798
30.6853045345
31.2266856231
31.7681380348
32.3096619302
32.8511943709
33.3928618191
33.9346014699
34.4764136291
35.0182352672
35.5601934177
36.1022251514
36.6443308695
37.1864474323
37.7287023458
38.271032548
38.8134385007
39.3558569382
39.8984157773
40.4410518139
40.9837016833
41.5264935754
42.0692872913
42.6122371484
43.1552027299
43.698312551
44.2415031549
44.7847750648
45.3280646479
45.8715007084
46.4150196476
46.958557733
47.5022439657
48.0460146426
48.5898702818
49.13374702
49.6777740986
50.2218876785
50.7660882665
51.3103118719
51.8546879541
52.3991525426
52.9436415535
53.4882845973
54.0329412979
54.577764774
55.1226144846
55.6676202359
56.2127178336
56.7578429847
57.3031256174
57.8485014516
58.3939709281
58.9394696399
59.4851276777
60.0308806457
60.5766640539
61.1226081075
61.6686483263
62.2147851099
62.7609538613
63.3072849289
63.853637758
64.4000996222
64.9467249884
65.4934491888
66.0402074726
66.587130386
67.1341531844
67.6812762057
68.228434601
68.7757590381
69.3231846735
69.8706465872
70.4182755334
70.9660065967
71.5137747879
72.0616352088
72.6096743579
73.157816761
73.7059973391
74.2543470338
74.8028007694
75.3512933971
75.8999559427
76.4487232604
76.9975301426
77.546507677
78.0955906588
78.6447793007
79.1940083132
79.7433333229
80.292840159
80.8423879079
81.3921078137
81.9419345289
82.4918026462
83.0418434725
83.5919916017
84.1422471866
84.6925447447
85.2430156626
85.7935944589
86.3442155963
86.8949351127
87.4458382943
87.9967841337
88.5479041302
89.0991326935
89.6504041813
90.2018501454
90.7534049437
91.3050686539
91.8567755663
92.4086573003
92.9606481409
93.5126823399
94.064816282
94.6171347735
95.1694967204
95.7220338376
96.2746803179
96.8273703082
97.3802355682
97.933210244
98.4862284368
99.0394219498
99.5927248833
100.146137228
100.699517853
101.253148972
101.806889444
102.360673268
102.914632343
103.468700666
104.022812194
104.577098864
105.131494631
105.685933412
106.240547178
106.795194755
107.349960206
107.904900442
108.459949335
109.015106792
109.570306647
110.125680946
110.681163512
111.236688131
111.792386888
112.348193566
112.904041915
113.459989042
114.016118715
114.572289633
115.128633941
115.685085348
116.241577533
116.798242667
117.355014425
117.91182645
118.46881094
119.025901537
119.582956907
120.140259163
120.697666963
121.255180112
121.812732174
122.370455406
122.928283369
123.486149596
124.04418636
124.602327201
125.160505617
125.718779023
126.277230688
126.835719195
127.394376862
127.953137159
128.511933525
129.070898298
129.629964915
130.189066789
130.748336274
131.307706778
131.867336175
132.426608536
132.985981084
133.546201696
134.105707322
134.666126665
135.225896838
135.785699294
136.346414408
136.906479512
137.467323799
138.027583862
138.587940914
139.149076011
139.709625977
140.271019599
140.831694661
141.392531349
141.954210498
142.515170079
143.076290182
143.638251515
144.199492227
144.761639752
145.323132363
145.884650692
146.447074552
147.008842378
147.571381971
148.133331203
148.695370521
149.258246698
149.820398413
150.383386056
150.945914266
151.508530389
152.071316317
152.634106842
153.196983918
153.760694062
154.323077966
154.886958731
155.450177241
156.013479856
156.577613024
157.140417579
157.704716524
158.26835079
158.832066728
159.395945606
159.959823293
160.52452783
161.08856526
161.652016546
162.216958141
162.781231007
163.346328005
163.910755147
164.474593374
165.039919221
165.60457357
166.169302529
166.734186842
167.299063247
167.864759041
168.429780559
168.994208457
169.560119187
170.125353871
170.69140493
171.256113271
171.821555604
172.387812412
172.953390051
173.519780808
174.084825739
174.650601589
175.217188522
175.78309315
176.348395777
176.915172956
177.481265842
178.048166489
178.613716034
179.179991056
179.747071751
180.313464792
180.880662023
181.446504582
182.013069238
182.580435921
183.147111321
183.713921785
184.280705117
184.847541209
185.415175686
185.981449667
186.549186017
187.116225845
187.683314694
188.25119816
188.817717147
189.38494837
189.952971852
190.520294034
191.087741255
191.655151245
192.22260382
192.790844552
193.35771442
193.926036404
194.493651321
195.061304727
195.629076671
196.196804513
196.765314645
197.333113545
197.900946571
198.468893809
199.036792593
199.604722987
200.173430372
200.740755663
201.309521749
201.877569294
202.445643863
203.013825576
203.58195151
204.150848094
204.719021526
205.287217389
205.855515756
206.423753455
206.992757252
207.561033008
208.128661037
208.697717534
209.266043158
209.834383345
210.402818532
210.971185086
211.540309841
212.108698607
212.676431817
213.245585555
213.814000138
214.383167974
214.951594695
215.519360739
216.088542068
216.656979102
217.226164183
217.79393775
218.362375542
218.931558376
219.499991374
220.068502305
220.636926278
221.205343989
221.774501349
222.342903469
222.910631215
223.479760199
224.048130494
224.617235068
225.184913884
225.753242374
226.322301828
226.890596796
227.458955808
228.027212726
228.595448946
229.164410396
229.731937059
230.30085137
230.868992985
231.437108042
232.005942768
232.573336829
233.14136523
233.710109778
234.278074572
234.846088845
235.413985179
235.98184557
236.550416218
237.117536793
237.686029538
238.253733983
238.821396344
239.389763143
239.956673924
240.524950748
241.092433017
241.659867271
242.227336067
242.794670487
243.361953162
243.929930822
244.496442601
245.064310696
245.631374295
246.198379949
246.766074528
247.332297175
247.899870042
248.466631984
249.033329898
249.600047344
250.166613574
250.733860328
251.300289989
251.865986082
252.43302246
252.999237898
253.565379544
254.131531288
254.697521536
255.264182817
255.830016815
256.395770845
256.961529351
257.527119865
258.093375427
258.65879755
259.22347087
259.78946854
260.354629067
260.920448868
261.484766309
262.049654492
262.615198424
263.179899182
263.744504347
264.309099333
264.873510087
265.43857085
266.002782389
266.56623033
267.130987337
267.694891596
268.259440406
268.822472024
269.386058859
269.950287009
270.51365674
271.077003559
271.640151722
272.203187482
272.766859386
273.329667184
273.892447184
274.455022932
275.017480965
275.580570053
276.142128168
276.704227251
277.266954495
277.828809296
278.390628936
278.95223562
279.513716785
280.075821571
280.63704894
281.19823679
281.759206829
282.320046731
282.881505877
283.441421922
284.002616838
284.562927981
285.123104828
285.683236026
286.243141958
286.802911225
287.363293543
287.922126499
288.482231897
289.041447169
289.6005222
290.160206822
290.71833855
291.277739423
291.836246595
292.39461021
292.952920049
293.510994917
294.069675321
294.62745901
295.1844361
295.742677582
296.300020713
296.857215995
297.415014161
297.971252345
298.528752695
299.08535241
299.641802128
300.198192916
300.754341864
301.311091161
301.866937889
302.421973319
302.97826832
303.533659806
304.089650591
304.644077898
305.199012189
305.754545355
306.309174028
306.863649766
307.41806464
307.972234116
308.527002245
309.080865296
309.633915819
310.188224394
310.741627838
311.29563011
311.848068264
312.401012703
312.954556304
313.507195193
314.059774777
314.612108893
315.164290897
315.717073236
316.268951834
316.820020205
317.372348678
317.923774211
318.475801655
319.026268064
319.577243605
320.128822302
320.679499761
321.230122849
321.780504193
322.330738072
322.881577673
323.431518416
323.981407587
324.531057301
325.080562459
325.630676285
326.179235776
326.728310822
327.277996726
327.826788414
328.375534239
328.924045532
329.472417619
330.021404303
330.568842484
331.117555018
331.665378566
332.213067038
332.761374457
333.308137563
333.856179269
334.403336429
334.950362959
335.497355345
336.044123682
336.590764444
337.138031774
337.68376259
338.230779883
338.776920276
339.322938209
339.869588155
340.414707012
340.961117604
341.506656748
342.052079066
342.597481649
343.142673628
343.688505821
344.233472235
344.777670335
345.323169609
345.867806844
346.412336718
346.956856962
347.501176139
348.046145438
348.590258866
349.134271388
349.678280978
350.222095658
350.766567156
351.310189355
351.853060148
352.397248925
352.940592415
353.484599498
354.027106945
354.570183982
355.113928948
355.656835336
356.199658496
356.742496925
357.285157897
357.828493849
358.370998306
358.912769858
359.455877525
359.998157969
360.541120708
361.082602222
361.62467166
362.167427783
362.709363817
363.251332656
363.793141143
364.334888115
364.877329001
365.418957146
365.959871482
366.502140881
367.043601927
367.585764426
368.12646477
368.66777197
369.209784998
369.750997066
370.292261223
370.833383915
371.374464221
371.916257673
372.45725741
372.99831671
373.539241881
374.080131853
374.621742377
375.16190996
375.702703285
376.244221534
376.784957747
377.325765155
377.86644989
378.407111072
378.948504455
379.488466278
380.029819631
380.570400939
381.110965734
381.652269756
382.192149349
382.733427575
383.273940621
383.814444208
384.355037525
384.89552633
385.436009801
385.977243635
386.517063984
387.058293862
387.598769549
388.139246718
388.679824284
389.220308186
389.761551795
390.302047764
390.842551722
391.383162664
391.923686538
392.464976437
393.005525207
393.545431865
394.086764887
394.627360558
395.167974424
395.708705215
396.24935894
396.790788673
397.331487261
397.872209982
398.413055677
398.953830419
399.495387023
400.036218347
400.576423096
401.118069928
401.658994869
402.200707443
402.741043858
403.28207258
403.823892249
404.364995759
404.90548149
405.447418096
405.988641723
406.530661706
407.071970765
407.612667354
408.154820135
408.696265107
409.238511474
409.779395409
410.320985401
410.863379741
411.405071354
411.946912468
412.488709554
413.030560814
413.573221223
414.115183624
414.656546087
415.199377243
415.741513292
416.284462851
416.826062082
417.368379737
417.911513489
418.453956489
418.9965604
419.539132182
420.081769616
420.62522734
421.167341521
421.710934551
422.253842643
422.796820458
423.340622387
423.883084605
424.426275885
424.970293644
425.513631032
426.057139078
426.600625541
427.144187524
427.688579447
428.231637504
428.776184021
429.320055244
429.864005478
430.40813171
430.952241899
431.4971866
432.041459394
432.585814336
433.130348214
433.674869392
434.219474677
434.764917982
435.309035546
435.854649848
436.39959698
436.944631016
437.489848419
438.035057868
438.581109199
439.126496209
439.671972854
440.217635181
440.763292373
441.309793977
441.855633773
442.400907891
442.947685421
443.493802734
444.04001339
444.586413301
445.132812142
445.680058785
446.226647414
446.772673819
447.320207058
447.867083555
448.414809879
448.961880341
449.508390309
450.056409119
450.603773231
451.151988869
451.698892449
452.246553347
452.795066885
453.34292738
453.89023006
454.439044377
454.987206645
455.536222965
456.084588003
456.632396555
457.181718154
457.73038929
458.279915858
458.828134168
459.377113864
459.926949699
460.476136351
461.025521143
461.574915662
462.124414535
462.674770452
463.223819997
463.773632943
464.324303482
464.87432673
465.425208044
465.974783845
466.525123987
467.076322581
467.626874889
468.177627225
468.728392143
469.279263702
469.830994278
470.381420575
470.933364929
471.484663912
472.036070071
472.587677017
473.139297861
473.691026104
474.243614144
474.795557626
475.347702067
475.899860926
476.452127627
477.00525445
477.557078011
478.110420639
478.663119233
479.215925831
479.76893355
480.321956407
480.875839374
481.429078447
481.982425687
482.535974
483.089537538
483.643209235
484.197741075
484.750969799
485.305717727
485.859821815
486.414034011
486.968446677
487.522874719
488.078162546
488.632806324
489.186898509
489.742509609
490.297476514
490.853302723
491.408484684
491.963114648
492.519262997
493.074766875
493.630377946
494.18618804
494.742012928
495.298696202
495.854734603
496.410219853
496.96722267
497.523580271
498.080795454
498.6367054
499.193380938
499.750913559
500.307800226
500.864792255
501.421981173
501.979183378
502.537241809
503.094653562
503.65150985
504.209881594
504.767606056
505.326185767
505.883457816
506.441493228
507.000383205
507.558624844
508.1177205
508.675507511
509.234056766
509.793459284
510.352212425
510.910407128
511.470114296
512.029171363
512.589080414
513.147678641
513.707037251
514.26724691
514.826805238
515.386553732
515.946310467
516.506166083
517.06687114
517.626923378
518.187164261
518.747411927
519.307756842
519.868949617
520.428827752
520.989462409
521.55094388
522.111770079
522.672781893
523.233798081
523.794908776
524.356864517
524.917502648
525.479645441
526.041130503
526.602708134
527.165128788
527.726230048
528.28883397
528.850778189
529.412813058
529.97502836
530.537243265
531.099547571
531.662691601
532.224512771
532.787833334
533.350490895
533.913235747
534.476817922
535.039075072
535.602829441
536.165918515
536.729092508
537.292440833
537.855783209
538.419959616
538.983468449
539.546399048
540.110822879
540.674577666
541.238413502
541.802419385
542.366415539
542.931241588
543.495396111
544.05962892
544.624029097
545.188417039
545.753632061
546.318172808
546.882128296
547.447570079
548.012335915
548.577926032
549.142178164
549.707163909
550.272972152
550.838101629
551.402640966
551.968661968
552.534002406
553.100162199
553.665640133
554.230524868
554.796888231
555.362567785
555.929063564
556.49421332
557.0600887
557.626778322
558.192780965
558.758935469
559.325062684
559.891251174
560.458250565
561.024559529
561.590266554
562.157443501
562.723927926
563.291219641
563.857156324
564.423809853
564.991268412
565.558030919
566.12493593
566.691804511
567.258725008
567.826446846
568.392807763
568.960629602
569.527750108
570.094918752
570.662884772
571.229485895
571.796793992
572.364897062
572.932294052
573.499823226
574.067305987
574.634830296
575.203145533
575.770089403
576.338483686
576.906166084
577.473885885
578.041731183
578.6095232
579.178100152
579.745960972
580.313854767
580.88186959
581.449826873
582.01781445
582.586581609
583.15396593
583.722789334
584.290889251
584.859014948
585.427254423
585.995428871
586.564376404
587.132595825
587.700836371
588.269185805
588.837465499
589.406513542
589.974828563
590.542498519
591.11159513
591.679955747
592.248329569
592.816804475
593.385201754
593.954359271
594.522775798
595.090539278
595.659721158
596.228158944
596.797351884
597.365798703
597.933587128
598.502788781
599.071241125
599.639693107
600.208232681
600.776680925
601.345875744
601.914315768
602.482088885
603.05126664
603.619686221
604.188846968
604.757247452
605.324975435
605.894102416
606.462465679
607.031564587
607.599236283
608.167552208
608.736600371
609.304879016
609.872476168
610.44146324
611.009677305
611.578617775
612.146121867
612.71426093
613.283122826
613.851205887
614.42000957
614.987370905
615.555361182
616.124068455
616.691990976
617.259967011
617.827816838
618.395628607
618.964151319
619.531222144
620.098912276
620.667309728
621.234912612
621.802559503
622.370070399
622.937533349
623.50569761
624.073061202
624.64046268
625.207721855
625.774926997
626.3428274
626.909259908
627.477046029
628.044022771
628.610939221
629.17788389
629.744676271
630.311404639
630.878818361
631.444754355
632.012034107
632.578494342
633.144884438
633.711953812
634.277539203
634.844462085
635.410559286
635.97658024
636.542613538
637.108478115
637.675013417
638.240716768
638.805677039
639.371965038
639.937417392
640.502783639
641.068813298
641.633343227
642.199194681
642.764204467
643.329122199
643.894036829
644.458766697
645.024151694
645.588689099
646.15246795
646.717558912
647.281798747
647.846687869
648.410063072
648.973994943
649.538572712
650.102293507
650.665907107
651.229503102
651.792899002
652.356935364
652.920109223
653.482510063
654.046208428
654.609041027
655.172508713
655.734448235
656.296929995
656.860043912
657.422286665
657.984499371
658.546499173
659.108375894
659.670879784
660.232507582
660.793349495
661.355475762
661.916723073
662.478592995
663.038922052
663.599780632
664.161259194
664.721854204
665.282407514
665.842735569
666.402928959
666.963738077
667.52365953
668.082784096
668.643181954
669.20268981
669.762809719
670.321378443
670.880466104
671.440163758
671.998967901
672.557720966
673.116238855
673.674612774
674.233593511
674.791017862
675.349707641
675.907499601
676.46514462
677.023393865
677.58008416
678.137285607
678.695089902
679.251993321
679.808839351
680.365443092
680.921896402
681.478950721
682.034442711
682.591194449
683.147042772
683.702739005
684.258375412
684.813766886
685.369757535
685.924843373
686.479776114
687.034648287
687.58927443
688.143747083
688.698818077
689.252324393
689.807088111
690.360946178
690.914650598
691.468294111
692.021691136
692.575686661
693.128776598
693.681713132
694.23458941
694.787219651
695.340448965
695.892773444
696.444286471
696.997058264
697.548925894
698.100641767
698.652299518
699.203712841
699.755727592
700.306839811
700.857143084
701.408707872
701.959371324
702.510638266
703.061004708
703.610564631
704.161388515
704.711313346
705.261844401
705.810818946
706.360307218
706.910403565
707.459603878
708.008002604
708.557670037
709.10644345
709.655828495
710.203662292
710.752015323
711.300982313
711.849058965
712.397751151
712.944896177
713.492564539
714.040850974
714.588251369
715.135613334
715.682749493
716.229754934
716.777383224
717.323471798
717.870090959
718.417335997
718.963702748
719.510697402
720.056157427
720.602153347
721.148780434
721.694534493
722.240263733
722.785780573
723.331180402
723.877217203
724.421728481
724.967537319
725.512481199
726.057314091
726.602131874
727.14674651
727.691253879
728.236408139
728.780704786
729.324992668
729.869083816
730.413074051
730.957717629
731.500852026
732.045300648
732.588900802
733.132406788
733.675914865
734.219236624
734.762468323
735.306364281
735.848762051
736.392484871
736.935370268
737.478172668
738.021646315
738.563628764
739.106943484
739.649427786
740.19183616
740.73426508
741.276526015
741.81946831
742.36158746
742.90298006
743.445716365
743.987633889
744.529487128
745.072030679
745.613101851
746.155524136
746.697135033
747.238688935
747.78028258
748.321727144
748.863872232
749.405213216
749.94584679
750.487843348
751.029040146
751.570944942
752.111395211
752.652461095
753.194239405
753.735225368
754.276173642
754.817180855
755.358057936
755.899654855
756.44046665
756.980590169
757.522095714
758.062820476
758.604272273
759.144288433
759.684939225
760.226321293
760.766929815
761.307614814
761.848186828
762.388742707
762.93003703
763.470564931
764.010423049
764.551681591
765.092177881
765.633419505
766.173243777
766.713720872
767.254947406
767.79541845
768.33598393
768.876454458
769.416926627
769.958155014
770.498634656
771.0392153
771.579707525
772.120208031
772.661471356
773.201334508
773.741867573
774.283167285
774.823728413
775.364400842
775.904995114
776.445607712
776.986993102
777.526988378
778.068416739
778.609115124
779.149837967
779.691339684
780.231457189
780.77301364
781.31384609
781.854708916
782.395698451
782.936625234
783.477585797
784.019334254
784.559707677
785.101529161
785.642635562
786.183781168
786.72506233
787.266289616
787.808312338
788.34962538
788.890982966
789.43248122
789.973930742
790.515427859
791.057726519
791.598663712
792.141062359
792.682759452
793.224508899
793.766406889
794.308264094
794.850929541
795.392898102
795.934265832
796.477102598
797.019245139
797.562200499
798.104463553
798.646130113
799.189270033
799.731720242
800.274234466
800.816908626
801.359553494
801.347413653
