metodo_2_dt_1:12
2.15492411701e-06
0.00722626986265
0.00722527727168
0.00722696459037
0.00722553625947
0.00722645459963
0.00722959316417
0.00722918642994
0.00722844896668
0.00722938403637
0.00723043472655
0.00723183458984
0.00723182469035
0.00723480108265
0.00723404981906
0.00723522127754
0.00723494283086
0.00723563025052
0.00723535188068
0.00723699386696
0.00723902099265
0.00723885297152
0.00723916145381
0.00723885751335
0.0072387443608
0.00723997444104
0.0072407848016
0.00724293262333
0.00724386340441
0.00724315452041
0.00724469436348
0.00724393570675
0.00724500930981
0.00724546825249
0.00724721902484
0.0072474108798
0.00724803725887
0.00724735553768
0.00724772993303
0.00724755002144
0.00724796306453
0.00724956453192
0.00725108260176
0.00725179272746
0.00725102002223
0.00725222601006
0.00725268303122
0.00725358164321
0.00725508060821
0.00725640037941
0.00725659846896
0.0072560071813
0.00725616064237
0.00725624614018
0.00725583815455
0.00725787964484
0.00725803716324
0.00725905786464
0.00725827960184
0.00725926519647
0.00725909814558
0.00726036785073
0.00726092525232
0.0072624835768
0.0072636227007
0.00726269029622
0.00726396738105
0.00726374538327
0.00726406114157
0.00726405736051
0.00726505898709
0.00726573848243
0.00726518494309
0.00726591545526
0.00726622967664
0.00726600915503
0.0072665707441
0.00726823259676
0.0072692208144
0.00726913165679
0.00726993136048
0.00727072694246
0.0072700463035
0.00727136132033
0.00727197874984
0.00727264789994
0.00727277304183
0.00727247389465
0.00727200702014
0.00727276451804
0.00727236480182
0.00727347119551
0.0072741827186
0.00727492782227
0.00727500285552
0.00727544238773
0.00727622030959
0.00727667141318
0.00727785215517
0.007277837008
0.00727870797339
0.00727880682767
0.00727813796604
0.00727809126325
0.00727807853855
0.00727938175216
0.00727958436132
0.00728019399462
0.0072795072536
0.0072797219673
0.00728030866316
0.00728035367645
0.00728170857666
0.00728262886008
0.00728341780571
0.00728325300334
0.00728336893145
0.00728344571162
0.00728309460341
0.00728393013347
0.00728423541616
0.00728470341838
0.00728415175548
0.00728398896222
0.00728405076515
0.00728402152618
0.00728485636623
0.00728572820923
0.00728677358218
0.00728678481567
0.00728702864374
0.00728706819423
0.0072871209585
0.00728779174736
0.00728867928978
0.00728884385925
0.00728855819506
0.00728832036869
0.00728750077163
0.0072875965165
0.00728791150061
0.00728812015672
0.0072892448552
0.00728902363107
0.00728982411864
0.0072896620299
0.00728933702321
0.00728979471759
0.00729117909831
0.0072921947544
0.00729162974974
0.00729148397009
0.00729125579034
0.00729077744511
0.00729049256985
0.00729058828514
0.00729200325346
0.00729099335067
0.00729164112418
0.00729124474232
0.00729129108338
0.00729160703505
0.00729204425848
0.00729290382965
0.0072932608233
0.0072934288172
0.00729323342259
0.00729256634559
0.00729275041708
0.0072929766796
0.00729293770679
0.00729348056065
0.00729310136785
0.00729244372003
0.00729237450195
0.00729154983042
0.00729289100955
0.00729343743087
0.0072937228075
0.00729418095271
0.00729384853759
0.00729415821037
0.00729389644585
0.0072945444616
0.00729440519107
0.00729463715244
0.00729458963849
0.00729408531635
0.00729297115447
0.00729197610332
0.00729217905759
0.00729310265128
0.00729244911381
0.00729286213245
0.00729292470093
0.00729311096462
0.00729253567629
0.00729262723257
0.00729342562466
0.00729508761875
0.00729473011176
0.00729382804497
0.00729347580589
0.00729222445721
0.00729148298376
0.00729237018151
0.00729235611493
0.00729213852666
0.00729255969061
0.00729147828205
0.00729158560738
0.00729094622164
0.00729196782549
0.00729299591674
0.00729248050488
0.0072924727175
0.00729242796564
0.00729137469278
0.0072910973421
0.00729022762587
0.00729139028967
0.00729081535848
0.00729072154402
0.00728956623712
0.00728957000594
0.00728803306185
0.00728815371068
0.00728925670917
0.00728874329962
0.0072896354875
0.0072901790015
0.00728850941379
0.00728794208182
0.00728784258848
0.00728943322876
0.00728792386374
0.00728890640019
0.007286989908
0.00728611205366
0.00728609968199
0.00728434404277
0.00728568236597
0.00728504281037
0.00728560161234
0.00728453724648
0.00728454404622
0.00728363861118
0.00728467294102
0.00728468587674
0.00728891928567
0.00728607408378
0.00727882178539
0.00728085892823
0.00727854618813
0.00728456920808
0.00727901863927
0.0072792997506
0.00727895993083
0.00728412061151
0.00727740218935
0.00727761116399
0.0072763084801
0.00728301914949
0.00727581625447
0.00727762681181
0.00727478480524
0.00727950216084
0.00727917844163
0.00727874311622
0.00727440776508
0.00727754593537
0.00727795034871
0.00727540207369
0.00727054135175
0.0072704172214
0.00727030483739
0.00727603185403
0.00726979954602
0.00727053482597
0.00726652152845
0.00727161286153
0.00727128668556
0.00726883793355
0.00727360955321
0.0072663385965
0.00726564278821
0.00726983850798
0.0072731386313
0.00727089017632
0.00726637541386
0.00726708458115
0.00726776144021
0.00726518850169
0.00726761092203
0.0072671311627
0.00726306542922
0.00726625794306
0.00726457264127
0.00726282041169
0.00726521547728
0.00726459585787
0.00726066471985
0.00726278659449
0.00726196677023
0.00725814770383
0.0072598913536
0.00725800759833
0.00725327034438
0.00725494862147
0.00725312502547
0.00725578187191
0.00724786112491
0.00725514476763
0.00724894022421
0.00724952563919
0.00724640967366
0.00724940364734
0.00724651361285
0.007252357014
0.00724379952239
0.00725085430856
0.00724514377139
0.00724532805991
0.0072420412987
0.00724235584103
0.0072395043978
0.00724633717826
0.00723739973862
0.00724487203361
0.00723627606091
0.00723630090233
0.00724183731349
0.00724156651474
0.007238494216
0.00724126296989
0.00724070980585
0.00723594622184
0.00723733911605
0.00723176431324
0.00723497699458
0.00723276517267
0.00722693846631
0.00722750448387
0.00723361225193
0.00722408586727
0.00722214729019
0.00722641363854
0.0072248469106
0.00722928331126
0.00722043246829
0.00722651259196
0.00721929678078
0.00722638223407
0.0072174764745
0.00721461457686
0.00722051900035
0.00722000433579
0.00721523980268
0.0072165489581
0.00722253177718
0.0072125058972
0.00722069993097
0.00721314279103
0.00722360658317
0.00721738962646
0.00722656723255
0.00722092168248
0.00722086291984
0.00722619946557
0.00722522579166
0.00723239517202
0.00723240635921
0.00722846896241
0.00722897388322
0.00723786100904
0.00723673511225
0.00723520050052
0.00723892405138
0.00724805050077
0.00725019015509
0.00725007790559
0.00725224321357
0.00725930492823
0.00726288762263
0.00726176986588
0.00726587249981
0.00727510736184
0.00727616681516
0.00727555783576
0.00727971251082
0.00728698501201
0.00728955905669
0.00729754141349
0.00730407550515
0.00730263179414
0.00730286839391
0.00731072958253
0.00731500731267
0.00732387998073
0.00732540145017
0.00733464651486
0.00734525268584
0.00735059908308
0.00735383739747
0.00735967507214
0.00736998665672
0.00737605410073
0.00737720112447
0.00737989285677
0.00738989081993
0.00739474988529
0.0074020564103
0.00741699887245
0.00741499857967
0.00742994795281
0.00743687862802
0.00744753461932
0.00745276045234
0.0074536428495
0.00746827379837
0.00747838932991
0.00748311138791
0.00749254433931
0.00750233942865
0.00750998983087
0.0075226481301
0.00752705328133
0.00753968750479
0.00754366109015
0.00755242805365
0.00756779243529
0.00757441350239
0.00758552141839
0.00759147519914
0.00760202330313
0.00761632907757
0.00762580440277
0.00763834727494
0.00764531616483
0.00765648270282
0.00766873846687
0.00767941904042
0.0076939710068
0.0077004989219
0.00771346751
0.00772696035786
0.00773826977732
0.00775060768012
0.00776108786137
0.00777189390892
0.00778712054937
0.00779914996107
0.00781136907343
0.00781758447176
0.00783753716931
0.00784261463135
0.00786082171091
0.00787403841758
0.0078842284442
0.00790403853709
0.00791773959274
0.00792306264892
0.00793560053828
0.00795185540849
0.00797230614567
0.00798620994681
0.00799403710115
0.00801408889007
0.00802892453553
0.00804369834868
0.00805615273266
0.00807249045424
0.00809177812237
0.00810144444056
0.00811727301245
0.00812802637634
0.00814800619104
0.00816589658202
0.00817816628776
0.00819004048237
0.00820844488938
0.00822931884785
0.00824130269996
0.00825974819284
0.00828179046474
0.0082942828287
0.00831329885916
0.00832572555063
0.0083462003164
0.00836470339364
0.00837677376032
0.00838899129838
0.00840803245278
0.00843034221511
0.00845537098165
0.00846974952842
0.0084820146277
0.00850634620066
0.00852133137989
0.00854274454309
0.00855799480581
0.00857559851563
0.00859516797154
0.00861798930743
0.00863044718855
0.00864988814451
0.00867207946123
0.00868830676579
0.00870683171862
0.0087274613586
0.00875124890195
0.00876832164362
0.00878877625818
0.00881540696746
0.00883245275058
0.00885151205278
0.00887255437554
0.00889978047883
0.00891647700671
0.00893617755884
0.00896178473998
0.00897775369076
0.00899926225965
0.0090190864511
0.0090450122493
0.00906046762823
0.00908259065988
0.009107044289
0.00913487340877
0.00915156106125
0.00917395904065
0.00919834481817
0.00921579760073
0.00924519261498
0.0092672283983
0.00928686368287
0.00931365648732
0.00933303386741
0.00935774704178
0.00938111956251
0.00940142979411
0.00942930005529
0.00945480698399
0.00946904897634
0.00949833269995
0.0095197620518
0.00954360368161
0.0095696279983
0.00959758454601
0.00961910501804
0.009645953054
0.00967081478872
0.00969661542983
0.00971917275251
0.00973975748015
0.00976602131259
0.00979491946266
0.00982550209653
0.00984873706213
0.00987287509223
0.00989932297258
0.0099182558789
0.00994838582432
0.00997551774871
0.0100005214625
0.0100310617467
0.0100529356137
0.0100821929697
0.0101073645964
0.0101342987627
0.0101632113185
0.0101884796589
0.0102206634659
0.0102480082136
0.0102734584115
0.0102948278226
0.0103273263979
0.0103485823675
0.0103756463078
0.010408139965
0.0104371551407
0.010467908341
0.0104943228168
0.0105185151798
0.01054799685
0.0105792671526
0.0106117481477
0.0106353132037
0.0106603465194
0.0106901182342
0.010717650879
0.0107503585675
0.010785083396
0.0108118893926
0.0108391372294
0.0108677080784
0.0109010080181
0.0109319137161
0.0109585399349
0.0109962202126
0.0110216610192
0.011055392919
0.0110859689117
0.0111078973439
0.0111443328393
0.0111682228921
0.0112072015022
0.0112379128529
0.0112640363541
0.0112959806564
0.011328535881
0.0113573596084
0.0113867232478
0.0114271054735
0.0114590770601
0.0114824057976
0.0115192133381
0.0115564213065
0.0115813507336
0.0116105674258
0.0116455537507
0.0116769285796
0.0117088273571
0.0117448883667
0.0117723530466
0.0118097631014
0.0118424898387
0.0118727400765
0.0119077130281
0.0119391913217
0.0119746214504
0.0120055762914
0.0120419204914
0.0120733837335
0.0121151852531
0.0121482279272
0.0121818073131
0.0122057413783
0.0122432705459
0.0122810366305
0.0123097864189
0.0123487275313
0.0123790626606
0.0124143652254
0.0124490447581
0.0124841601735
0.0125193057132
0.0125587210349
0.0125856383842
0.0126261303175
0.012658136711
0.0126934548728
0.0127336559414
0.0127687706863
0.0128037575905
0.0128391626319
0.0128702083103
0.0129108076057
0.012946138004
0.0129814007514
0.0130119044018
0.0130557468712
0.013090813458
0.0131262723607
0.0131621608904
0.013201341914
0.0132405096408
0.013269906921
0.0133080521491
0.0133502613719
0.0133793510733
0.013417474436
0.0134590227703
0.0134914932612
0.0135275016163
0.013563420695
0.0136033135137
0.013639174466
0.0136796961
0.0137192359267
0.0137540415045
0.0137967121828
0.0138391208325
0.0138716893413
0.0139044524469
0.0139504508917
0.0139864519988
0.0140218241287
0.0140604739233
0.0140987639856
0.0141359031534
0.0141733216485
0.0142150864607
0.0142560478584
0.0142963073279
0.0143310964501
0.0143743439445
0.0144073699245
0.01444936774
0.0144866119833
0.014531830817
0.01457166445
0.0146143340292
0.0146520320932
0.0146880539601
0.0147286400602
0.014768567822
0.0148078076027
0.0148457882727
0.0148871957853
0.014927855061
0.0149715242084
0.015010397558
0.0150531766773
0.0150912600435
0.0151318711089
0.0151758106353
0.0152098222511
0.0152553817051
0.0152916267333
0.0153355677603
0.0153748351039
0.0154210489764
0.0154571743545
0.0155055363545
0.015543287481
0.015580419503
0.0156252650255
0.0156656950192
0.015709019801
0.0157462684291
0.0157955105588
0.0158388675041
0.015876335379
0.0159173068408
0.0159624546832
0.0160005190868
0.0160419903124
0.0160864591917
0.0161289405136
0.0161700766495
0.0162099113216
0.0162540604456
0.0162960637491
0.0163416650256
0.0163853237661
0.0164270969361
0.0164721317184
0.0165157501496
0.0165585888641
0.0166039825047
0.0166478349392
0.0166856519837
0.0167300709127
0.0167723579218
0.0168180599216
0.0168628354319
0.0169102873418
0.016951217785
0.0169912027082
0.017032924743
0.0170773754157
0.0171253739415
0.0171723347425
0.0172169955418
0.0172599514245
0.0172967389871
0.0173451737922
0.0173907955388
0.0174346715191
0.0174821957991
0.0175273719927
0.0175706227641
0.0176162619693
0.0176599371779
0.0177057966356
0.0177414707018
0.0177893198518
0.0178350675688
0.0178788233519
0.0179250082948
0.0179691548482
0.0180237183573
0.0180678722183
0.0181100775208
0.0181552629679
0.0182032993465
0.0182431658024
0.0182912602882
0.0183306409447
0.0183817066632
0.0184274652114
0.0184712452961
0.0185126197036
0.0185649236331
0.0186118680271
0.018650027396
0.0187050517237
0.0187439595615
0.0187999069762
0.0188393272305
0.0188895368196
0.0189341118596
0.0189833131961
0.0190216245848
0.0190709543335
0.0191236895473
0.0191681047177
0.0192121123468
0.0192618907244
0.0193080427294
0.0193570499131
0.0194032507458
0.0194475859288
0.0194996508064
0.0195434566626
0.019589766189
0.0196377669426
0.0196827482059
0.0197300064198
0.0197751936787
0.0198252719764
0.0198696539167
0.0199163931008
0.0199677717839
0.0200132267712
0.0200637500757
0.0201040447777
0.0201547438353
0.0202082445547
0.02025020257
0.0203023886399
0.0203510524938
0.0203962257602
0.0204447074043
0.0204950902498
0.020542519625
0.0205918980985
0.0206376472241
0.020685149307
0.020729076206
0.0207844701708
0.0208280833702
0.0208745051119
0.0209254397476
0.0209704767082
0.0210196241521
0.0210708306235
0.0211169529897
0.0211675315396
0.0212150333238
0.0212642191111
0.0213155943002
0.021362468935
0.0214112140425
0.0214569768806
0.021512875213
0.0215575004907
0.0216038585635
0.0216607451492
0.0217049773046
0.0217535272676
0.0218024589978
0.0218500562141
0.0219060051179
0.0219519404988
0.0220060892555
0.0220553165283
0.0221005031889
0.0221478753303
0.0221973688781
0.0222432560889
0.0222987196501
0.0223485486877
0.0224013826949
0.0224422013972
0.0224990024968
0.0225463760557
0.0225939739849
0.0226453274623
0.0226931885008
0.0227418867167
0.0227923678243
0.0228465037675
0.0228950337194
0.0229454786672
0.0229994350443
0.0230416617936
0.0230985307777
0.0231431248305
0.02319104709
0.0232414452569
0.0232937108214
0.023341745926
0.0233920375069
0.0234432863415
0.0234979930623
0.0235461151736
0.0235906776102
0.0236447037529
0.0237004822971
0.0237442621866
0.0237967285274
0.0238505127265
0.023899118223
0.0239501100665
0.0240025379802
0.024050683314
0.0241023269694
0.0241534760888
0.0242076065404
0.0242487246798
0.0243063148524
0.0243591131784
0.0244076584645
0.0244640953893
0.0245155020376
0.0245617482213
0.0246086397208
0.0246577450957
0.0247156852352
0.0247615001332
0.0248164405769
0.0248664346299
0.024909665484
0.0249612908984
0.0250151136508
0.0250715570872
0.0251223416479
0.0251682177697
0.0252219932272
0.0252778958304
0.0253280732715
0.0253725047047
0.025425609235
0.0254805269173
0.02553011966
0.0255812590518
0.0256329161708
0.0256863042219
0.0257337603786
0.0257899055642
0.0258403446003
0.025893033901
0.0259475563689
0.0259962042075
0.0260455214191
0.0260963107255
0.0261482279711
0.0261954007302
0.0262509683983
0.0263007610627
0.0263583286327
0.02640992959
0.0264625180076
0.0265161633504
0.0265648302443
0.0266142976679
0.026665642383
0.0267182482885
0.0267706572957
0.0268248714104
0.0268663321317
0.0269233014499
0.0269745248819
0.0270276077745
0.0270809095391
0.0271356384968
0.027183384507
0.0272396450471
0.0272896181258
0.0273410415148
0.0273941353608
0.0274474325277
0.0275013914843
0.0275489528133
0.0275978339237
0.027647797942
0.0277059853242
0.0277592071192
0.0278054744163
0.0278597401962
0.0279140183297
0.0279628040964
0.0280190588729
0.028069328111
0.0281214882371
0.0281733990634
0.0282263534293
0.02827900559
0.0283328614961
0.0283800819983
0.0284358893089
0.0284857922203
0.0285389984206
0.0285887882109
0.0286434425062
0.028698652588
0.0287450671743
0.0287988866128
0.0288516606782
0.0289036217783
0.0289624519997
0.02901147114
0.0290600932713
0.0291153284079
0.0291693510496
0.0292163558583
0.029269180566
0.0293217501951
0.0293717922024
0.0294292408296
0.0294784115395
0.0295349858825
0.0295830315266
0.0296383809884
0.0296918983815
0.029744835208
0.0297963459126
0.0298463782339
0.0298965004952
0.0299525005022
0.0300017284678
0.0300566731961
0.0301096951748
0.0301618353365
0.030213286767
0.0302649436474
0.030315435471
0.0303726783409
0.0304216807734
0.0304772542
0.0305309711167
0.0305769382131
0.030629825872
0.0306881083229
0.0307398264183
0.0307899581076
0.0308458501016
0.0308940443506
0.03094757951
0.031000989256
0.0310528392927
0.0311051955661
0.0311568060916
0.0312075487173
0.0312634953959
0.031311887498
0.0313668637163
0.03142015773
0.0314737988833
0.0315272091294
0.0315789560968
0.0316286030951
0.0316780897183
0.0317337741046
0.0317808653462
0.0318349724793
0.0318888876141
0.0319413300712
0.0319923132262
0.0320426346845
0.0320990649902
0.0321485051473
0.0322041298682
0.0322588477723
0.0323061640666
0.0323591184914
0.0324105173888
0.0324683057571
0.0325182294527
0.0325672597747
0.0326226757935
0.0326714437991
0.0327241774643
0.032776910811
0.0328277883846
0.032879161932
0.0329361509965
0.0329865248085
0.0330355759209
0.0330906884484
0.0331442820101
0.033197249601
0.0332498484096
0.0333010516233
0.033352105752
0.0334031071331
0.0334584009808
0.0335062475601
0.0335597419927
0.0336121884893
0.0336645270396
0.0337161966553
0.0337679408364
0.0338176365882
0.0338736659638
0.0339223508868
0.0339764956208
0.0340302345018
0.0340768962406
0.0341298163468
0.0341869458703
0.0342379800532
0.0342870548391
0.0343421463453
0.0343893294031
0.0344430232693
0.0344965155253
0.0345487222341
0.0345997483882
0.0346504240733
0.0347001198002
0.0347552807619
0.0348042251674
0.034859225311
0.0349065649521
0.0349595026239
0.0350109716517
0.0350619566344
0.0351179638942
0.0351677763182
0.0352169989743
0.0352713493886
0.0353248243424
0.0353708219341
0.0354226545133
0.0354732590152
0.0355241630391
0.0355809518502
0.0356307054133
0.0356795594303
0.0357335159177
0.0357869271239
0.0358389631947
0.0358850044081
0.0359365782482
0.0359936594513
0.0360432999138
0.0360918704893
0.0361460393043
0.0361924022115
0.0362456238722
0.0362980897673
0.0363500182911
0.0364012429722
0.0364513899466
0.0365006431542
0.0365551495043
0.0366034066152
0.0366575887982
0.0367051730606
0.0367577672984
0.0368091049176
0.036859176433
0.0369090732584
0.0369576633912
0.0370128155618
0.0370615340123
0.0371143765185
0.0371669391658
0.0372130584014
0.0372635838744
0.0373142829943
0.037364859112
0.0374209821052
0.0374700180007
0.0375187270234
0.0375725176348
0.0376187251395
0.0376705188419
0.0377219893474
0.0377737484491
0.0378233879162
0.0378726939766
0.0379210325334
0.0379745022455
0.0380217043115
0.0380746013528
0.0381220988886
0.0381742258503
0.0382253003271
0.0382760821333
0.0383253696396
0.0383746372315
0.0384285844109
0.0384776939112
0.0385246959959
0.0385777420761
0.0386294472505
0.0386747211882
0.0387246027208
0.0387742668184
0.0388240610735
0.0388728027093
0.0389276244225
0.0389747101202
0.0390277186123
0.0390737667112
0.0391260938093
0.0391775044054
0.0392230446041
0.039273522021
0.0393233167476
0.0393715434741
0.0394245104551
0.0394723385352
0.0395198707424
0.0395720666138
0.0396235023791
0.0396688278766
0.0397191135899
0.0397685320433
0.0398177145271
0.0398673160136
0.0399162546591
0.0399650788383
0.0400179899736
0.04006541749
0.0401108584406
0.0401620969192
0.0402125491177
0.0402631348583
0.0403078992606
0.0403566986444
0.0404054699559
0.0404530866121
0.0405056315136
0.0405528147672
0.0405996359211
0.0406522968302
0.0406983223044
0.040749626029
0.040798889125
0.0408428757112
0.0408919667353
0.0409414436274
0.0409901875579
0.0410384136022
0.0410907296138
0.0411372856229
0.0411828922187
0.0412334504551
0.0412792952563
0.0413297230775
0.0413798865012
0.041424406142
0.0414722860991
0.0415207446649
0.0415687653903
0.0416173483706
0.0416650240534
0.0417123485688
0.0417641470941
0.041809564229
0.0418595020732
0.0419044316336
0.0419541724315
0.0419986148268
0.0420513626163
0.0420949162486
0.042144311913
0.0421912764987
0.042235988252
0.0422879886321
0.0423289309556
0.0423764329592
0.0424297313131
0.0424770620785
0.042524909518
0.0425668541749
0.0426107262672
0.0426653687843
0.0427095011452
0.0427542330203
0.0428015337403
0.0428543033252
0.0428961695312
0.0429450614743
0.0429914117547
0.0430358496828
0.0430909520721
0.0431302280698
0.0431747604859
0.043230267565
0.0432704521428
0.0433214713627
0.043365363369
0.0434110883981
0.0434580424279
0.0435063444692
0.0435520538723
0.0435957253959
0.0436455200878
0.0436931619563
0.0437378516512
0.0437803404112
0.0438278451703
0.0438728213035
0.0439155438463
0.043969327679
0.0440158913565
0.0440593551146
0.0441052302605
0.0441510475803
0.0441988785559
0.0442392670871
0.0442820817433
0.0443309616797
0.0443720665407
0.0444242559962
0.0444640174158
0.044509749577
0.0445613982668
0.0446022712233
0.0446491557352
0.0446930920992
0.0447432527939
0.0447808428883
0.0448328528205
0.0448729987202
0.0449242601639
0.0449678685449
0.0450084704622
0.045059780829
0.0451026195457
0.0451424564798
0.045183639748
0.0452269109428
0.0452805330236
0.0453180668382
0.0453662649881
0.0454107721679
0.0454562929315
0.0454941144304
0.0455472672701
0.0455883708068
0.045630805104
0.0456747610684
0.0457237549821
0.0457605290768
0.0458111374621
0.0458507809112
0.0458958851176
0.045938294925
0.045986490459
0.0460312850997
0.0460726020743
0.0461102118239
0.0461543800085
0.0461951279899
0.0462463564314
0.0462898564309
0.046329900651
0.0463749330922
0.0464203617344
0.046458862636
0.0465026424607
0.04654365037
0.0465944203854
0.0466376566031
0.0466770152507
0.0467168807414
0.0467586894474
0.0468102309473
0.0468458840596
0.0468868806945
0.0469379742917
0.0469806084739
0.0470235047991
0.0470591314152
0.0471042714785
0.0471510868783
0.047189499499
0.0472294898364
0.0472783066668
0.0473189452392
0.0473606606945
0.047394731256
0.04743905086
0.0474843914226
0.0475310869237
0.0475692484035
0.0476076398398
0.0476473133246
0.0476965943895
0.0477385471123
0.0477806924869
0.0478157028726
0.0478591833047
0.0479075718281
0.047939062823
0.0479891410996
0.048022900038
0.0480618208638
0.0481109212583
0.0481515247197
0.0481923108453
0.048233988693
0.0482764349009
0.0483113850152
0.0483554610022
0.0483924616106
0.0484338694096
0.0484751745936
0.0485170084271
0.0485594373421
0.0486031171346
0.0486429437825
0.0486835717982
0.048724832779
0.0487620869292
0.0488038743052
0.0488424301532
0.0488811156679
0.0489211984999
0.0489580143093
0.048999520306
0.0490459129638
0.0490784233632
0.0491165412048
0.0491595366748
0.0491986755233
0.0492433131011
0.049283620843
0.0493196879412
0.0493598471878
0.0493966390146
0.0494383367045
0.0494763819802
0.0495161163649
0.0495556122882
0.0495999470415
0.0496354683359
0.0496712385336
0.0497116809333
0.0497536976939
0.0497954673224
0.0498294030583
0.0498679421981
0.0499049732035
0.0499436627101
0.0499869503133
0.0500211249865
0.0500657679425
0.0500975061151
0.0501430563061
0.0501744169907
0.0502111249826
0.0502524223721
0.0502900205319
0.0503324162463
0.0503710692778
0.0504104783733
0.0504483045679
0.0504819090433
0.0505163177373
0.0505596173891
0.0505947574428
0.0506298519855
0.050674952639
0.0507094089769
0.0507451897621
0.0507855748321
0.0508221611378
0.0508541552356
0.0508918205211
0.0509338294308
0.0509707833076
0.0510122445185
0.0510489603933
0.051078051774
0.0511149417712
0.0511573858842
0.0511913497028
0.0512295434677
0.0512662700847
0.0513041347133
0.0513378734652
0.0513760593157
0.0514107391849
0.0514497511926
0.0514839683371
0.0515222696212
0.0515559389277
0.0515944222557
0.0516245529293
0.0516635462844
0.0517033126012
0.0517415315795
0.0517708624612
0.0518140250247
0.0518433239148
0.0518769378399
0.0519160388894
0.0519502606677
0.0519890392913
0.0520189650475
0.0520569564801
0.0520961546592
0.052133761101
0.0521640931094
0.0521987438633
0.0522378807481
0.0522710745458
0.0523088494564
0.0523415214751
0.0523784743011
0.0524111423063
0.052445026227
0.0524742118236
0.0525099617535
0.0525472440824
0.0525793986394
0.0526160734364
0.0526483730017
0.052685257686
0.0527267356502
0.0527589776257
0.0527896486922
0.0528209830845
0.0528566936312
0.0528907147979
0.0529261511836
0.0529660418265
0.0529966852595
0.0530256430955
0.0530583747195
0.053092566441
0.0531249601999
0.0531591192181
0.0531977981269
0.0532305152549
0.0532583340275
0.0532991711398
0.0533320862462
0.0533627636637
0.0533951803118
0.0534348835988
0.053465489775
0.0535002203589
0.0535291236285
0.0535594744797
0.0535967008938
0.0536265698426
0.0536543880094
0.053692153707
0.0537246971486
0.0537514992456
0.0537921775756
0.053817837647
0.0538549096344
0.0538897022884
0.0539157196256
0.05395489203
0.0539787385325
0.0540162170923
0.0540477337244
0.0540812901934
0.0541124222717
0.0541444304972
0.054170743196
0.0542006868068
0.0542349308003
0.0542726961327
0.0543032237497
0.0543284274447
0.0543604004232
0.0543929796981
0.054429119966
0.0544570413136
0.054491029897
0.0545203202637
0.0545506906416
0.0545850213843
0.0546131086768
0.054644869133
0.0546683448347
0.0547073752575
0.0547295815707
0.0547652001014
0.0547956790928
0.0548292859214
0.0548572160425
0.054886177449
0.0549211367444
0.0549484094735
0.0549795001112
0.0550147597656
0.0550407075765
0.055073007856
0.0550966358085
0.0551330004934
0.0551642149448
0.0551898918991
0.0552173250181
0.0552502830099
0.0552750535916
0.055312702582
0.0553348686492
0.0553679664398
0.0553981511016
0.0554300426789
0.0554552064351
0.055484059787
0.0555159741393
0.0555391952812
0.0555780995236
0.055599406492
0.0556344658373
0.0556602813387
0.055692455256
0.0557156960414
0.0557450646937
0.0557729198047
0.0558074016881
0.0558366928117
0.0558663463653
0.0558902284799
0.0559169733063
0.055947203125
0.0559780402793
0.0560057929698
0.0560351381173
0.056057816298
0.0560935481359
0.0561201237904
0.0561407834986
0.0561739630869
0.0562017662296
0.0562241620296
0.05625677649
0.0562834898459
0.0563130090932
0.0563366067098
0.0563724485043
0.0563908766585
0.0564226253247
0.0564479515801
0.0564765457623
0.0565054055459
0.0565282263651
0.0565535505344
0.0565828780589
0.0566136348668
0.0566406019765
0.0566685209129
0.0566993072474
0.0567217989738
0.0567468029257
0.0567780990027
0.0567988616536
0.0568254246749
0.0568526835707
0.0568849569564
0.0569064148568
0.0569323799111
0.0569598225033
0.056983382845
0.0570178200459
0.0570433520856
0.0570645279918
0.0570963263048
0.0571209556069
0.0571471448329
0.0571694111447
0.0571933145324
0.0572199961405
0.0572496527925
0.0572706284608
0.0573034040234
0.0573300443026
0.0573502403676
0.0573816145276
0.0574059244292
0.0574332435855
0.0574539273486
0.0574748104269
0.0574990279819
0.0575264380346
0.0575557409738
0.0575780962627
0.0576036545142
0.0576320589371
0.0576533387015
0.0576851424002
0.0577103778376
0.0577278292788
0.0577593182771
0.0577822050167
0.0578055308335
0.0578333967299
0.0578523697032
0.0578743159339
0.0579002265091
0.0579265198087
0.0579561357354
0.0579787330965
0.0580019992842
0.058027903481
0.0580472627238
0.0580704600614
0.0580940915178
0.0581208557866
0.0581499271827
0.0581720309108
0.0581943400556
0.0582194947813
0.0582462858881
0.0582659795941
0.0582888360138
0.0583139955884
0.0583400597358
0.0583586905185
0.0583803348968
0.0584036625256
0.0584316226007
0.0584588301554
0.0584806278279
0.0585033245805
0.0585278505651
0.0585436621271
0.0585742509727
0.0585959461762
0.0586186345625
0.0586434755694
0.0586616026949
0.0586910353547
0.0587118957104
0.0587359595908
0.0587533789421
0.0587814860131
0.0588022771363
0.0588260731021
0.0588514824895
0.058868254624
0.0588956440429
0.0589182148242
0.058941599742
0.0589652739441
0.0589840013615
0.059002309266
0.0590329427335
0.0590548002789
0.0590701849941
0.0590978501744
0.0591164831686
0.0591380133543
0.0591611671238
0.0591852218547
0.0592022225606
0.0592303210022
0.0592530397884
0.0592763096873
0.0592908537358
0.0593164689648
0.0593348658894
0.0593555005575
0.0593775798853
0.0594019696304
0.0594270519708
0.0594451732977
0.0594649704487
0.0594854741016
0.0595082259056
0.0595344181833
0.0595515186306
0.0595712611112
0.0596031400365
0.0596157307593
0.0596383815693
0.0596646910852
0.0596829304401
0.05970314652
0.0597242627444
0.0597476421194
0.0597711440435
0.0597870532682
0.0598049271835
0.0598261585512
0.0598478343332
0.0598706645305
0.0598974355763
0.0599133338898
0.0599327750909
0.05995240541
0.0599751969132
0.0599983288341
0.0600144608202
0.0600405645009
0.0600607456236
0.0600792045077
0.0601010581631
0.0601243021939
0.0601383364052
0.060164808116
0.060183672154
0.0602033226013
0.0602245388299
0.0602379996397
0.0602624157021
0.0602792735819
0.060306938107
0.0603267506907
0.0603473883755
0.0603707874853
0.0603831118398
0.0604076163451
0.0604245160879
0.060444036466
0.0604637958312
0.060484558136
0.0605081249832
0.0605208096366
0.0605471840764
0.0605646787079
0.0605832648196
0.0606036970116
0.0606267480569
0.0606397149948
0.0606640766602
0.0606793314657
0.060706461018
0.0607247523761
0.0607462598319
0.0607576459456
0.0610483273778
