metodo_1_dt_1:4
2.15492411701e-06
0.00591097676785
0.00591168535834
0.00591072058565
0.00591194094622
0.0059118868407
0.00591242104297
0.00591364708548
0.00591292406221
0.00591387746616
0.00591395691042
0.00591537897798
0.00591539967413
0.00591589481523
0.00591768851814
0.00591790065055
0.0059176562451
0.00591740033878
0.00591717748267
0.00591645051699
0.00591752423072
0.00591841315066
0.00591780640313
0.00591758693757
0.00591789685443
0.00591785794667
0.00591872811223
0.00591995649007
0.0059200066114
0.00592164639476
0.00592100441579
0.00592161911842
0.00592176584501
0.00592232663851
0.00592293668286
0.00592343312364
0.00592201275966
0.00592141618623
0.00592191338936
0.00592186879985
0.00592250548824
0.00592311736328
0.00592374557442
0.00592359894074
0.00592297292574
0.00592434506015
0.0059238953088
0.0059249051511
0.00592553352681
0.00592603612704
0.00592644525295
0.00592594243649
0.00592622881275
0.00592544087928
0.0059261862439
0.00592643267309
0.00592584752414
0.00592698718872
0.00592635930835
0.0059265350624
0.00592658363644
0.00592693345763
0.00592848424739
0.00592851799064
0.00592886639725
0.00592884316113
0.00592855572011
0.00592846269745
0.00592875506577
0.00592893720886
0.00592940257969
0.00592939861563
0.00592898614356
0.00592888137131
0.00592841535513
0.00592844922673
0.00592878923526
0.00593012468196
0.00593030325568
0.00593046862083
0.00593055756421
0.00593045430453
0.00593054404135
0.00593068020073
0.005931554709
0.00593187202623
0.00593079777772
0.00593065117804
0.00592993664735
0.00592940935972
0.00592930824976
0.0059307912438
0.00593067593585
0.00593066002329
0.00593101206505
0.00593079819666
0.00593068835134
0.00593059995993
0.00593202431701
0.00593232731849
0.00593268767334
0.00593183516016
0.00593136846644
0.00593056959508
0.00593087112511
0.00593055082349
0.00593120532912
0.00593104509672
0.00593062605783
0.00593038407389
0.00593033831212
0.00593025821659
0.00593121828689
0.00593174133419
0.00593222821396
0.00593191799592
0.00593151659241
0.00593112961049
0.00593074878157
0.00593090207268
0.00593104036616
0.00593102047211
0.00593039890956
0.00592990563241
0.00592929075002
0.00592904026882
0.00592934194609
0.00593016795368
0.00593079324828
0.0059301743761
0.00593025866348
0.00592980809628
0.00592986001191
0.00593009947223
0.00593046686704
0.00593021279435
0.00592918571457
0.0059292830531
0.00592785568617
0.00592743885229
0.00592729763003
0.00592775210691
0.00592822814136
0.00592745427435
0.0059277808776
0.00592779399133
0.0059273880094
0.00592719552108
0.00592806576378
0.00592798084874
0.00592810361862
0.0059272763245
0.0059264464873
0.00592645634855
0.005926028756
0.00592503203365
0.00592575575568
0.00592517977339
0.00592433896034
0.00592454332708
0.0059238185984
0.00592342920246
0.0059232947808
0.00592469331867
0.00592473417928
0.00592417627602
0.00592431476892
0.00592413214289
0.0059218894251
0.00592277811054
0.00592201072207
0.0059220051025
0.00592212013141
0.00592000373354
0.0059196220496
0.00591903648771
0.00591874377515
0.00591877412096
0.00591970170804
0.00591951675031
0.0059188842766
0.00591861255834
0.00591786258311
0.00591813666026
0.00591843558254
0.00591834339436
0.00591773727246
0.00591680026549
0.00591607489202
0.00591353331763
0.00591434227838
0.00591391492057
0.00591461800635
0.00591471634436
0.00591321568015
0.00591413022765
0.00591301008254
0.00591265744007
0.00591315245033
0.00591321436966
0.00591222058656
0.00591232598116
0.00591157706208
0.00590852042727
0.00590948664045
0.00590776193882
0.00590821529125
0.00590758082086
0.00590673838541
0.00590647178738
0.00590491344933
0.00590467239742
0.00590426092072
0.00590502259295
0.00590543066396
0.00590473439255
0.00590490573671
0.00590447023766
0.0059021264682
0.00590220334018
0.00590337463059
0.00590227658624
0.0059008129683
0.00590035973265
0.00589738036522
0.00589792842406
0.00589744129789
0.00589711330708
0.00589731283683
0.00589709374835
0.00589568037677
0.00589640327642
0.0058953554713
0.0058949371495
0.00589537049355
0.00589316370844
0.00589428587912
0.00589290100008
0.00589171388502
0.00589046081126
0.00588788099799
0.00588925356464
0.00588811653898
0.00588732193696
0.00588701617815
0.00588695677982
0.00588530702711
0.00588553440631
0.00588608643494
0.00588808720233
0.00588617061052
0.00587926593189
0.00588245564852
0.00588063537295
0.00587744587604
0.00588244864973
0.00587549809665
0.00587390558119
0.00588178380477
0.00587576636446
0.00587665388866
0.00587379500062
0.005871662045
0.00587711047969
0.00587779151979
0.00587568711905
0.00587147874738
0.00587376612474
0.00587190634037
0.00587054393795
0.00587422387822
0.00586567290829
0.00586406993026
0.00586738814489
0.00586047555454
0.00585900742918
0.00586513354667
0.00585978624257
0.00586140185349
0.00586035688626
0.00586390383516
0.00585715904534
0.00585537710686
0.00586080019288
0.00585468186662
0.00585235072159
0.00585963584246
0.00585189945907
0.00585035609713
0.00585627047078
0.00585015226802
0.00585193240669
0.00584779729636
0.00585357025388
0.00585374983273
0.00585061365726
0.00584509384059
0.00584355452941
0.00584315526051
0.00584598512039
0.00584608812399
0.00584308015567
0.00583662101288
0.0058368939246
0.00584084504952
0.00583649636141
0.00583522933691
0.00583138852759
0.00583391527307
0.00583323499276
0.00582960887499
0.00582956310707
0.00582764902985
0.00583497459285
0.0058364519661
0.00583125192605
0.00582593623768
0.00582663544684
0.00582105671783
0.00582276693528
0.00582092159675
0.00582575920041
0.00581756412799
0.00582508114689
0.0058161997387
0.00581719057534
0.0058126546108
0.00581417802577
0.00581296488939
0.00581747589091
0.00581885554957
0.00581279361166
0.00581298573497
0.00581407357444
0.00580820959281
0.00580867415789
0.00580522104607
0.00580438236914
0.0058028051171
0.00580387596083
0.00580580414531
0.00580092062064
0.00580235570661
0.00579999720262
0.00580024865045
0.0057997413825
0.00579240133729
0.00579500487555
0.00579069186017
0.00579232204573
0.00578994236104
0.00579352403055
0.00579239528876
0.00578407061924
0.00578540207323
0.00577980472219
0.00577998493062
0.00577628178737
0.00577857662986
0.00577624291138
0.00577974635685
0.00577586831288
0.00577289054507
0.00577158081161
0.00577555632881
0.00577079807951
0.00577564700415
0.00576359593355
0.00576990314434
0.00576395352311
0.00575920601748
0.00576371531916
0.00576057507356
0.00576182204511
0.00575926707471
0.005752688982
0.00575236301007
0.005757180129
0.00575826747915
0.00575150349043
0.00575327482998
0.0057468186106
0.00574508950744
0.00574935653978
0.00574020387631
0.00574532167277
0.00574635317855
0.00574267198753
0.00574368953137
0.00573594215486
0.00573845686731
0.0057323736039
0.00573163539751
0.00573580429797
0.00572651745564
0.00573074934938
0.0057304001973
0.00572685831073
0.00572781061883
0.00572055995765
0.00572222380655
0.00572388751623
0.00572062614229
0.00571699724801
0.00571437261737
0.00571609591566
0.00571404110381
0.00571636691803
0.00571445443918
0.00571191662343
0.00570921286183
0.00571185364048
0.00570540917083
0.00570864167382
0.00570254106483
0.00570106048376
0.00570308338275
0.00570012522231
0.00569783504444
0.00569035551109
0.00569233137363
0.00568940150658
0.00569111179254
0.00568736413257
0.00568277116178
0.00568758208105
0.00568316546335
0.00567953467371
0.00568377632381
0.00567519529778
0.00568337529277
0.00567298644837
0.00567549402899
0.00567343197193
0.00567572484815
0.00567291148428
0.00566587480452
0.00567043443894
0.00566495815318
0.00565951866958
0.00565835909721
0.00565645225588
0.00565458708653
0.00565730202631
0.00565792804854
0.00565354206791
0.00564906599888
0.00565240517824
0.00564241052936
0.00564966214846
0.00564745201581
0.00564793411911
0.00564313877165
0.00564132579943
0.00563504689938
0.00563236569131
0.00563323431851
0.00562968318009
0.00562897497861
0.0056316082034
0.00562857899608
0.00562449504165
0.00562061268269
0.00562032071018
0.00562390787942
0.00561649584597
0.00561743408841
0.00562076892667
0.00561420153722
0.00561599951818
0.00560740238089
0.00560771461082
0.00560544111941
0.00560305558151
0.00559752568342
0.0056013400416
0.00559428036739
0.00559624209
0.00559613331218
0.00559614092847
0.00559338066785
0.00558434194165
0.00559276391999
0.00558160266757
0.00558208373649
0.00558272106038
0.00558070617945
0.00557837497412
0.0055805595344
0.0055695330262
0.00557490173731
0.00556974308308
0.00556738186627
0.00556563179897
0.00556874994238
0.00555734108584
0.00556297928174
0.00555708739304
0.0055543718982
0.00555985415448
0.00555445904988
0.00555677587104
0.00554681532634
0.00554760729651
0.00554822458874
0.00553787502988
0.00554370264657
0.00553872021619
0.00554147821738
0.00553795832963
0.00553100641669
0.00553220059049
0.00553038899405
0.00552853416032
0.00552984014451
0.00552683326133
0.00552341613318
0.00552191211909
0.00552240600195
0.00551140031162
0.00550816166634
0.00550789101373
0.00550909397103
0.00550399149122
0.00550846357864
0.00549915932655
0.00550020063143
0.00549512528083
0.00549918987526
0.00549861660464
0.00549183817336
0.00548633003071
0.005488959437
0.00548739795937
0.00548572187496
0.00548046928391
0.00548267203357
0.00548015456652
0.00547688701718
0.00547551195035
0.00547588553777
0.00546376586787
0.00546824694131
0.0054663654613
0.00545837915979
0.00545882594918
0.00545980433899
0.00545591778511
0.00545351708013
0.00545966533344
0.00545299591797
0.00545410723894
0.00544904331074
0.00544437678497
0.00544841396656
0.00543971321906
0.00543931910525
0.00543266037739
0.00543500164392
0.00542994932729
0.00543308681091
0.00542309505536
0.00542212574341
0.00542175596709
0.00542282145143
0.00541851603169
0.00542074742969
0.005416796696
0.00541337629691
0.00541116119752
0.00541003844835
0.00540277530257
0.00540395094251
0.00540421876722
0.00539898914979
0.00539346867055
0.00539667150483
0.00539341676842
0.00539170415896
0.00539093486168
0.00538272013363
0.00538278651803
0.00538248846198
0.0053764602203
0.00537768816859
0.00537344785336
0.00536928359051
0.00536489448426
0.00536830296017
0.00536405089804
0.00536112837422
0.00535844346962
0.00535688133605
0.005355902475
0.00535491083184
0.0053542854229
0.00535368752468
0.00534671685802
0.00533972673427
0.00534104767425
0.00533562927217
0.00533705866562
0.00533121300412
0.00533225460382
0.00532662368507
0.00532771164752
0.00532291649008
0.00532531548589
0.00532068939643
0.0053227819508
0.00531773532986
0.00531306197762
0.00530802608119
0.00531123708355
0.00530750595968
0.00531080172609
0.00530640124021
0.00530170719172
0.00529692498917
0.00529866078615
0.00529387586221
0.00528918210796
0.00528449681826
0.00528565219263
0.00528691542259
0.00528065340706
0.0052810466806
0.00527523339562
0.00527610280091
0.00527030548297
0.00526331804295
0.00526337433568
0.00526284745853
0.00526151770344
0.00526031756454
0.00525870482073
0.00525768999961
0.00524770062496
0.00525131313346
0.00524727744719
0.00524238766192
0.00523816029727
0.00524027669811
0.00523492271392
0.00522888460029
0.00523653299834
0.00522897787222
0.00522813371298
0.00522679178154
0.00522502873803
0.00522304720131
0.0052127188263
0.00521573738731
0.00521071110843
0.00521116304303
0.00520410940805
0.00520417296576
0.00520390248877
0.00520187001116
0.00519905444579
0.00518823734975
0.00519061987928
0.00518539802909
0.0051861287862
0.00518002073891
0.00517986763273
0.00518500590108
0.00518191140417
0.00517767258095
0.00516536103566
0.00516644419171
0.00516669308875
0.00515884112942
0.0051637350053
0.00516040051268
0.00515431018381
0.00515572696605
0.00514873336586
0.00514871984098
0.00514710439233
0.00514402884198
0.00513889056833
0.0051403375833
0.00513336358431
0.00513165188089
0.00513656498215
0.00512573792487
0.00512095485692
0.00512791682566
0.0051193018583
0.00511610625653
0.0051119613858
0.00511238220823
0.00511334010184
0.0051063524503
0.00510319721903
0.00509841497387
0.00509902508369
0.00509850250045
0.00509039763262
0.00509476022014
0.00509083670934
0.00509043067659
0.00508212665993
0.00508480817746
0.00508015917823
0.00507354998027
0.0050736370435
0.00507689437404
0.00507215635584
0.00506528540995
0.00506374233214
0.00506057189562
0.00505538017058
0.00505703312847
0.00505022105172
0.00504678419104
0.00504908045301
0.00504830242847
0.00503975954823
0.00504273220549
0.00504412250856
0.00503683549853
0.00503272696894
0.00502862755707
0.00502705361539
0.00502594349143
0.00501963587317
0.00501470899631
0.00501508951414
0.00501863414923
0.0050137808664
0.00500593367754
0.00500909053479
0.00500424042736
0.00499760229605
0.00499603689582
0.00499191677547
0.00499823514355
0.00499612733244
0.00499080805127
0.00498280167735
0.00498140737013
0.00497675027649
0.00497811769857
0.0049761186899
0.00497118833369
0.00497133586442
0.00496874907026
0.00496403037441
0.00496451923725
0.00496223485051
0.00495621525909
0.00495564817736
0.00495109302235
0.0049435403791
0.0049421039941
0.0049459498923
0.0049382540945
0.00493544294253
0.00493826889876
0.00492833376061
0.00493280736268
0.0049259648684
0.00491967222447
0.00491524840307
0.00491564531664
0.0049128540624
0.00491428594492
0.00491246797661
0.00490749531758
0.00490796048568
0.00490498313841
0.00489797357623
0.004896440158
0.00489025992643
0.00489432693792
0.00489034313084
0.00488328346535
0.00488153406849
0.00488470728871
0.00487568826888
0.0048707446756
0.00487113759966
0.00487242044627
0.00486588792004
0.00486429379615
0.00485858948301
0.0048626223741
0.00485712766679
0.00485675120724
0.00485686621815
0.00484938348467
0.00484680421405
0.00484473959049
0.00484344750664
0.00484174158011
0.00483168754815
0.00483079588509
0.00483576659081
0.00482304003719
0.0048286110446
0.00483003940328
0.00482213312745
0.00481412274268
0.00481956955644
0.00481266686194
0.00481022647786
0.00480859981601
0.00480691310145
0.00480038551556
0.00479842597726
0.00479598093951
0.00479520522442
0.00478981522321
0.00478954968024
0.00478474718679
0.00478829695263
0.00478282155127
0.00477237167727
0.00478060755129
0.00477074036327
0.00476983554328
0.00476926044588
0.00476784077705
0.00476119230708
0.0047548022628
0.00475781088561
0.0047559816145
0.00475005359254
0.0047484122594
0.00475137661472
0.00474888021664
0.00474122928638
0.00473873058233
0.00473119897103
0.00473228478056
0.00473359345104
0.00473016310751
0.0047245463118
0.00471920761264
0.00472239832852
0.00471696111557
0.00471071752323
0.00470849111113
0.00471103397506
0.00470765133228
0.00470832723821
0.00470431283652
0.00469532756497
0.00470041241356
0.00469061814026
0.00469485417583
0.0046868449746
0.00468861691375
0.00468856949726
0.00468004808393
0.00467936600346
0.00466973596635
0.00466815023848
0.00466968461437
0.00466572496524
0.00466579579848
0.00466097152551
0.0046605580165
0.00465458497319
0.00465645899086
0.00464868912765
0.00464468558409
0.00464739134885
0.00464499924127
0.00464349796128
0.00463934434637
0.00463960653933
0.00463333734529
0.00463074567024
0.00463152055698
0.0046273355834
0.00462712654941
0.00462429860611
0.00462295249601
0.00461524192786
0.00461407194005
0.00461599862405
0.00460996748258
0.00461042303893
0.00460512493628
0.00460388083154
0.00459611957331
0.00459446423259
0.00459283718243
0.00459560686098
0.00458532420653
0.00458594137741
0.00458361097395
0.00458202189088
0.00457681513055
0.00457439735318
0.00457635840083
0.00457202617917
0.00457168220375
0.00456788830392
0.00456494798391
0.00456754804528
0.00456046349101
0.00455987674289
0.00455266942507
0.00454692486439
0.00454705317484
0.00455077313419
0.00454776249326
0.00453994045859
0.00454350610337
0.00453079950192
0.00453410576569
0.00453100287123
0.00452940510458
0.00453283167214
0.00452895212406
0.00451889864761
0.00452152401996
0.00452025420429
0.00451981385234
0.00451334162973
0.00451150739756
0.00451210459622
0.00450423755533
0.00450141881486
0.00450237935205
0.00449653731768
0.00449466660934
0.00449729881731
0.00449074124229
0.00448726730031
0.00448863420715
0.00448367889242
0.0044814206301
0.00448294895004
0.00447691879324
0.00447330912297
0.00447232409048
0.00447425867651
0.00447139753108
0.00446954052254
0.00446340256635
0.004459645663
0.00445852224407
0.00445986158984
0.00445438649427
0.00445210901924
0.00445249397419
0.00444827136028
0.00444627306513
0.00444527514214
0.00444773348626
0.00444316380421
0.00444138685824
0.00443222481676
0.00443652765763
0.00443457190796
0.00442395339957
0.00442642118699
0.0044220019753
0.0044203121064
0.00442004445377
0.00441581891117
0.00441275110366
0.00441226127126
0.00441449633273
0.00440850524234
0.00440597309267
0.00440591195802
0.00440783197077
0.00440322736036
0.0044020803738
0.00440123937238
0.00439330311426
0.00438854621258
0.00438548035637
0.00438633760257
0.00438979506121
0.00438580941545
0.00438315791507
0.00438328662391
0.00437624979765
0.00437095385394
0.00437896592218
0.00436881105799
0.00437160668131
0.00436552365917
0.00436191588504
0.00436069047015
0.00436132619573
0.00435931480494
0.00435767668394
0.00435630963834
0.00435365528816
0.00435103067667
0.0043491383481
0.00434732303591
0.00434509449978
0.004343684023
0.00434376412606
0.00434098887503
0.00433924275834
0.00433658022124
0.00433495233903
0.00433267527264
0.00433119455374
0.00432992641908
0.00432669450894
0.00432462789941
0.00432209340298
0.00432096090628
0.00431847999048
0.00431693970625
0.00431630255022
0.00431418550159
0.00431257066643
0.00431041767261
0.0043093475315
0.0043065489239
0.00430546322728
0.00430399461022
0.00430287981428
0.00430008601273
0.00429760382991
0.00429624550335
0.00429303652585
0.00429161794616
0.0042909133228
0.00428967693708
0.00428777335473
0.00428609742683
0.00428448592821
0.00428269663672
0.00428142329776
0.00427961834309
0.0042794164951
0.00427689857354
0.00427529262671
0.00427357264558
0.00427041934231
0.00426860497604
0.00426731499081
0.00426684938195
0.00426503093108
0.00426275733788
0.00426124129248
0.00425947002946
0.00425821438788
0.00425745299751
0.00425647216161
0.0042548275718
0.00425353350896
0.00425139727596
0.00424997802161
0.00424747866586
0.00424638048516
0.00424591487691
0.00424385941689
0.00424229598649
0.00424051073553
0.00423887537685
0.0042368572092
0.00423541844295
0.00423583084532
0.00423446937245
0.00423343552793
0.00423197186631
0.00423037743075
0.00422899829647
0.00422688891217
0.00422633108929
0.00422609107446
0.00422479208697
0.00422288009515
0.00421974227493
0.00421876559565
0.00421609025379
0.00421639514654
0.00421566047354
0.00421409041797
0.00421284672857
0.00421169340943
0.00421106544709
0.00420946537259
0.00420971101032
0.00420766550205
0.00420639796495
0.00420678770286
0.00420388582744
0.00420177450246
0.00420117571146
0.00420084766177
0.00419929787712
0.00419751631778
0.00419768354828
0.0041971001466
0.00419378702814
0.00419281158188
0.00419292808368
0.00419363110453
0.00419287766647
0.00419113945317
0.00419009034666
0.00418774193299
0.00418665846191
0.00418636808194
0.00418675694172
0.00418453709526
0.00418451128031
0.00418289502642
0.00418079727558
0.00417981218359
0.00417951276787
0.00417995564096
0.00417816378478
0.00417865448989
0.00417724506389
0.00417523458577
0.00417649958919
0.00417586282731
0.0041736414928
0.00417352208823
0.00417356688189
0.00417132516272
0.00417115019375
0.00416941636291
0.00416813007658
0.00416814516691
0.00416792154078
0.0041681905258
0.00416618219426
0.0041663653601
0.00416472843228
0.00416622401243
0.00416614012759
0.00416627365743
0.00416558376051
0.00416281147853
0.00416324527789
0.00416289093057
0.0041608054245
0.00415974309049
0.00415910827299
0.00415877677283
0.00415817028502
0.00415823716759
0.00415830081524
0.00415650083191
0.00415873278521
0.00415733466022
0.00415707832356
0.00415716136422
0.00415588902011
0.00415599303287
0.00415606920077
0.00415463569365
0.00415576289489
0.00415380486297
0.00415631618411
0.00415534053305
0.0041546342945
0.00415403490057
0.00415175064121
0.00415238459896
0.00415508281654
0.00415356415757
0.00415276396172
0.00415439962204
0.00415431493961
0.00415458117729
0.00415166338455
0.00415310379237
0.00415357554142
0.00415204701117
0.00415286964805
0.00415180745821
0.0041509793968
0.00415080739225
0.00415147699719
0.00415222497031
0.00415379504779
0.00415106880232
0.00415294087943
0.00415182361686
0.00415525338196
0.00415529290312
0.00415520473701
0.00415568447537
0.00415629298018
0.00415252523268
0.00415422206911
0.00415176835719
0.00415468879392
0.00415357840658
0.00415401775601
0.00415284444622
0.0041531592707
0.00415388218158
0.00415558814362
0.00415751459244
0.00415612311958
0.00415939385079
0.00415838030998
0.0041575699879
0.00415672780743
0.00416115920605
0.00415763109921
0.00415944953298
0.00416065329069
0.00416200107302
0.00415992285465
0.00416229485411
0.00416213764504
0.0041618836857
0.00416275083362
0.00416376214441
0.00416406310727
0.00416600259088
0.0041675739895
0.00416535588554
0.0041683030943
0.00416751765616
0.00417130137658
0.00417050206835
0.00417016679008
0.00416935219942
0.00417122200948
0.00417186254438
0.00417458932476
0.0041722043852
0.00417519986286
0.00417356058522
0.00417722011907
0.00417752689386
0.00417730653325
0.00417813425792
0.00417926914301
0.00418079039435
0.00418220021458
0.00418371425948
0.00418660287989
0.0041837597386
0.00418805129815
0.00418739414493
0.00418654282198
0.00419164268651
0.00419167458407
0.00419211611523
0.00419380912406
0.0041965403503
0.00419398482154
0.00419746908577
0.00419958836055
0.00419539956447
0.00420414660954
0.00419765134998
0.00419862022147
0.00420339654103
0.00421001206025
0.00420601954377
0.00420871990112
0.00421040579617
0.00421095725288
0.0042132503911
0.00421134638952
0.00421116271464
0.00421429801789
0.00421820525562
0.00421826674885
0.00421949218714
0.00421952656142
0.0042258492351
0.00422307268301
0.0042258363475
0.00422684340801
0.00422614968676
0.00423245416207
0.00423754321916
0.00423503424914
0.00423767388465
0.0042398967322
0.00424646493498
0.00424506383097
0.00424266508298
0.00424671426308
0.00425517410675
0.00425641225197
0.00425512508955
0.00425358073022
0.00425587190832
0.00425711119477
0.00425667547988
0.00426246101948
0.00426081501238
0.00426318861087
0.00426515437703
0.00427108935281
0.00426977511199
0.00426670270715
0.00427625670621
0.00427807968535
0.00427768413873
0.00428283462425
0.00428527299201
0.00428657143257
0.00428579034489
0.00429104047809
0.00428812477978
0.00429722520427
0.00429665435321
0.00430091166561
0.0042974544155
0.00430607700583
0.00430671028014
0.00430569230983
0.0043096010172
0.00431195968528
0.00431151683998
0.00432387508443
0.00431985402826
0.00432169091479
0.00432881487731
0.00432685199712
0.00432967484414
0.00432961825813
0.0043352789667
0.00433868373999
0.00434072951197
0.00434098879716
0.00434676069776
0.00435009372497
0.00435085162694
0.00434983623608
0.00436081086421
0.0043561827138
0.00436343851663
0.0043621542174
0.00436514535015
0.00437240175854
0.00437042732835
0.00438024742735
0.00438127462943
0.00437993006863
0.00438421763375
0.00438580833651
0.00439206647796
0.00439574015604
0.00439728109301
0.00439723003821
0.00440163491502
0.00440481690186
0.00441199877367
0.00441653631887
0.00441843632471
0.00441809714573
0.00441507828657
0.00442360690004
0.00442412433193
0.00442848953529
0.00443694705692
0.00443506049045
0.00443861943372
0.00444025366684
0.00444609328118
0.00444962847764
0.00445157892956
0.00445766831335
0.00445954183352
0.0044669603007
0.00446445642187
0.00447352628716
0.00448104171596
0.00447811355901
0.00448677219097
0.00448434007733
0.00448759123506
0.00448695551573
0.00449802183107
0.00449346158737
0.00450674164525
0.00450369328056
0.00451135918176
0.00450921846765
0.00451067991436
0.00451773234814
0.00452115760353
0.00453004394928
0.00452855938297
0.00453746767789
0.00453624713398
0.00454616421473
0.0045457621243
0.00454923930573
0.00455252988683
0.00455733585648
0.00456667102585
0.00456588448123
0.00457037219437
0.00457054044768
0.00458243882485
0.00458417951543
0.00459162674959
0.00459315409177
0.00460052150934
0.00459663071462
0.00460440141678
0.00460704191284
0.00461587880775
0.00461392630758
0.00462237503462
0.00462015780279
0.00462878845318
0.00463531745056
0.00463091070634
0.00463868157008
0.00464950234705
0.00464869276829
0.00465367887779
0.00466105674388
0.00465781236895
0.00466540570989
0.004671211614
0.00467967884489
0.00468485133871
0.00468716177625
0.00468320295959
0.00469070979138
0.00469516487283
0.00469801678671
0.00470351657124
0.0047060888107
0.00471950440492
0.00472143275702
0.00472621202213
0.00472786845559
0.00473299240563
0.00473534177981
0.00474847942405
0.00474968625161
0.00475285503233
0.00476205174452
0.00475932381665
0.00476850583512
0.00477120827867
0.00477995199181
0.00477664153213
0.00478902790154
0.00479394870181
0.00480063005933
0.00479683011214
0.00480394168985
0.00481337318831
0.00481920646076
0.00482219297728
0.00482701588256
0.00483325927378
0.00483740934513
0.00483877712633
0.0048512199112
0.00485569436255
0.00485740364123
0.00486502398011
0.00486527154962
0.0048768654143
0.00487700271079
0.00488388131389
0.00489605668607
0.00489216958974
0.00489854272564
0.00490628005438
0.00491154188492
0.00491856291194
0.00492324779514
0.00492839648888
0.00493980377426
0.00494312085521
0.00494343683861
0.00495440048756
0.00495389066876
0.00496451996952
0.00496242623801
0.00497102618193
0.00498044212711
0.00498705412512
0.00499080286251
0.00499631633621
0.00500363591306
0.00500724238745
0.00501208896622
0.00502247720475
0.00502480687284
0.00503306206711
0.00503375514246
0.00504523840741
0.00505321721904
0.00504925075469
0.00505489949594
0.00506174325592
0.00507453303313
0.00507977892602
0.00508271349489
0.00508614088271
0.00509969504244
0.00510037357986
0.00510755302145
0.00511478363885
0.00512341333454
0.00512946943015
0.0051359659811
0.00514299237917
0.00514289513768
0.00514722727504
0.00515723690457
0.00515932645149
0.00516828242402
0.00517794577628
0.00518455600612
0.0051912479083
0.00519861664309
0.00520217266599
0.00520686809859
0.00521822142959
0.00522074973481
0.00522932864619
0.005237799565
0.00524662315693
0.00524211079749
0.00525746068845
0.00526060821057
0.00526456157944
0.00527784497274
0.00527851680871
0.00528896744524
0.00529569975422
0.00530318731324
0.00531093665954
0.00531638871786
0.0053213245181
0.00533263125799
0.0053342439881
0.00534453343023
0.00535214881406
0.00535975403068
0.00536518164591
0.00536993598597
0.00537463198157
0.00538576978947
0.00538661789527
0.00539437840632
0.00540214277128
0.00541071342953
0.00541573070581
0.00542065944931
0.00543458498565
0.00543532273756
0.00544529433352
0.00545226617538
0.00545977995531
0.0054662372576
0.00547951879979
0.00548226919384
0.00549135472706
0.00549265231024
0.00549828087742
0.00550698462438
0.00552194261288
0.00552461477604
0.00552873054561
0.00553938666873
0.00554661134957
0.00555572293252
0.00556031834754
0.00556611597022
0.005578851525
0.00559022868547
0.00558874865612
0.00559555764273
0.00560176728877
0.00561554869421
0.00561857930986
0.00563092870244
0.00563978648928
0.0056479792656
0.00565453497194
0.00565837606207
0.00567179452001
0.00567441668919
0.00568404704652
0.00569207953565
0.00569720958273
0.00571203957235
0.00571223921397
0.00572358049822
0.00573199426614
0.00573950369898
0.00574541040441
0.00575842475349
0.00575948392849
0.00576770795597
0.00577518973302
0.00578189044709
0.00579737470419
0.00579962486776
0.00581072720451
0.00581769137481
0.00582351649062
0.00583794304371
0.00584159976055
0.00585203140225
0.00586073448484
0.00586824955331
0.0058716748425
0.00588373954395
0.0058944000467
0.00590285644238
0.00590984012398
0.00591526494438
0.00592787172824
0.00592811348351
0.00593678349292
0.00595219199984
0.00595830339907
0.00596967973545
0.00597079438658
0.00598876400722
0.00599419779462
0.00599782699265
0.00600807027852
0.00601755418228
0.00602507521744
0.00602982750875
0.00604286458555
0.00605350072937
0.00606222629851
0.00606768047891
0.00607234247729
0.00608478927387
0.00609451326276
0.00610222402827
0.00611736634934
0.00611915200695
0.00612843803553
0.0061366633079
0.00614252706031
0.00615574179752
0.00616678587883
0.00617553126028
0.00618177977051
0.00619467114255
0.00619654203501
0.00620522814817
0.00622315716837
0.00622793175908
0.00624043583491
0.00624928930678
0.00625548312608
0.00626019270399
0.006272333462
0.00628265420352
0.00628960691533
0.00630432793751
0.0063053047733
0.006314225408
0.0063308604553
0.00633454400629
0.00634707874098
0.0063564079452
0.00636373458838
0.00637778849723
0.0063791098047
0.00638791494605
0.00640422738651
0.00640851156565
0.00641939673645
0.00642812908304
0.00644325231531
0.00644546935763
0.0064549336054
0.0064719751917
0.00647690493285
0.00648895421673
0.00649870199513
0.00650517441233
0.00651855092538
0.00652910179703
0.0065375751698
0.00654349803128
0.00655643977131
0.00656702370848
0.00657395520956
0.00658765761453
0.00659826463329
0.00660642977778
0.00661186219574
0.00662435226051
0.006634523858
0.00664090650847
0.00665432188791
0.00666449137501
0.00667243484322
0.00667767433832
0.00669001136657
0.00670007242735
0.00671638604977
0.00671950216289
0.00672895320454
0.00674610270414
0.00675014421382
0.00676113846434
0.00676948498587
0.00678404039873
0.0067954576673
0.00680303894445
0.00680827341346
0.006820601538
0.00682982115252
0.00684665509289
0.00684996807231
0.00685988649731
0.00687613842327
0.00687956727099
0.00688989256605
0.00690724453318
0.00691194352931
0.00692261266458
0.00693998680841
0.00694309184777
0.00695351177355
0.00697080145622
0.00697470912269
0.00698594988087
0.0069939003273
0.00700812819335
0.00701872473907
0.00702601542767
0.00704023039834
0.00705156346464
0.00705944655226
0.00707469024319
0.00708522372692
0.00709197368199
0.00710556784793
0.00711598258382
0.00712261419579
0.00713626884572
0.00714601357386
0.00716238438624
0.00716526221795
0.00718403786771
0.00718990087531
0.00720277156742
0.00721189251423
0.00722800243448
0.00723984869976
0.00724821334599
0.00725199637762
0.0072626883423
0.00728004825364
0.00729429931298
0.00730449609539
0.00731122338477
0.00732350853561
0.00733187017489
0.00734629500403
0.00735850460539
0.0073656069529
0.00738087039412
0.0073917426232
0.00739837258911
0.00741074651
0.00742040927287
0.00743525719791
0.00744704947917
0.00745574632517
0.00747096777752
0.00748056733738
0.00749544199478
0.00749772285042
0.00751605059508
0.00752023900669
0.00753126100469
0.00754904854207
0.00756131282775
0.00757020426222
0.0075852316824
0.00759634169403
0.00760324977927
0.00761823283805
0.00762722340026
0.00764324155792
0.00765409920723
0.00766098605219
0.00767343248513
0.0076914328546
0.00769757029235
0.00770755647551
0.0077247126402
0.00773663335454
0.00774472060608
0.0077599322208
0.00776940342053
0.00777691586484
0.00779000222274
0.00780699819288
0.00782191588412
0.00783113954866
0.00784547611971
0.00785724674569
0.00786323756239
0.00787646753677
0.00788525060211
0.00789829203837
0.00791707228205
0.00792300848469
0.00793281685309
0.00795016547896
0.00796347412514
0.00797242520367
0.00798570968643
0.00799483187781
0.00801071852235
0.00802047180257
0.00803745603655
0.0093975979219
