metodo_2_dt_1:4
1.40069205966e-06
0.00281290315237
0.00281129090064
0.00281322870655
0.00281160974287
0.00281350930472
0.00281093923855
0.00281275728408
0.0028102944541
0.00281298966282
0.00281069972104
0.00281223789014
0.00281019009208
0.00281153891177
0.00281352701811
0.00281094073468
0.00281267406751
0.00281050135521
0.00281095675766
0.00281294866394
0.00281045237179
0.00281211855142
0.00281022906084
0.00281054037627
0.00281228066186
0.0028102875332
0.00281064420109
0.00281238190669
0.00280943941099
0.00281076646849
0.0028114325574
0.0028097095267
0.00280995399998
0.0028114947381
0.00281230819239
0.00280930181496
0.00281067804311
0.00281129472991
0.00281212905251
0.00281013738807
0.0028105406679
0.00281113269082
0.00281188887958
0.00280924854253
0.0028095850684
0.00281006194533
0.00281067027913
0.00281138899027
0.002812210246
0.00280927362374
0.00280970374954
0.00281022060958
0.00281080897791
0.00281146413842
0.00281216882868
0.00281192067544
0.00280910583647
0.00280954514667
0.00281002302591
0.0028095384163
0.00281007694154
0.0028106393563
0.00281022009733
0.00281081677837
0.00281042862498
0.00281104392011
0.00281166538671
0.00281128503464
0.00281090228395
0.0028115167166
0.0028111233828
0.00281172494126
0.00281131750878
0.00281090323537
0.00281148480201
0.00281106002874
0.00281063287302
0.00281120518241
0.002810784713
0.00281036889865
0.00280996506891
0.00280958048248
0.0028092106638
0.00280986360772
0.00280954697066
0.00280927057809
0.0028090368156
0.00281170186359
0.00281114368234
0.00281063270349
0.00281018200343
0.00280979684902
0.00280949155459
0.00280927818125
0.00281093787364
0.00281032414195
0.00280981587739
0.00280942751971
0.00280917690965
0.00280807414007
0.00281033749163
0.00280980523436
0.00280944579069
0.00280827681863
0.00281079848224
0.00281018101859
0.00280878455926
0.00280862847492
0.00281107830707
0.00280947751934
0.0028091541589
0.00280813163728
0.00281021959238
0.00280877329566
0.00280867155557
0.00280992268196
0.00280941211824
0.00280829636361
0.00280954440675
0.00280904233455
0.00280799265673
0.00280908726991
0.00280869144452
0.00281034444753
0.00280861641595
0.00280843093034
0.00280968968171
0.00280822263817
0.00280985177626
0.00280912493695
0.0028080477198
0.0028090807568
0.00280781241807
0.00280905196455
0.0028076267196
0.00280899901352
0.00280745558437
0.00280890231219
0.00280728433466
0.00280874072416
0.00280709643691
0.00280851372058
0.00280689825909
0.00280823279024
0.0028067139135
0.0028079200357
0.00280655736951
0.0028076005924
0.00280645876417
0.00280730155118
0.00280545494689
0.00280606700956
0.00280727460838
0.00280594723881
0.00280586336077
0.00280500293425
0.00280560550953
0.00280670082918
0.00280457876633
0.00280531474228
0.00280648801205
0.00280423646976
0.00280501573403
0.00280617327598
0.00280395171076
0.0028046889897
0.0028047569874
0.00280372519838
0.00280435489309
0.00280427248721
0.00280545012361
0.0028030751892
0.00280379300278
0.00280373376524
0.00280295825843
0.00280244235628
0.00280311891777
0.0028029723189
0.00280298010215
0.00280178505164
0.00280133645399
0.002802019649
0.00280183429678
0.00280176653245
0.00280068417337
0.0028002176242
0.00279985095597
0.00280057030807
0.002800365259
0.0028002187752
0.00279945437862
0.00279896928339
0.00279853862974
0.0027981548413
0.00279880415657
0.00279848048683
0.00279817585326
0.00279788294619
0.00279859472838
0.00279830568152
0.00279801000628
0.00279770558572
0.00279591025909
0.00279647063953
0.00279604353781
0.00279562673099
0.00279521859103
0.00279481807621
0.00279442472953
0.00279403867704
0.00279366062612
0.00279429185926
0.00279393424676
0.00279359022605
0.0027943578487
0.002793847732
0.00279333574647
0.00279282663625
0.00279232571391
0.0027918388588
0.00279137069525
0.00279113149919
0.00279072513487
0.00279035990481
0.00279014517111
0.002789890879
0.0027902202392
0.0027896005628
0.00278904633135
0.00278847340807
0.00278809290801
0.00278781830192
0.0027882546879
0.0027874557325
0.00278688151957
0.00278644631492
0.00278606651813
0.00278648618755
0.00278565902258
0.00278501327907
0.00278466774354
0.00278443975541
0.00278425540409
0.00278367791201
0.00278324827781
0.00278309080482
0.00278271491574
0.00278213412933
0.00278185587022
0.0027817379819
0.00278106423209
0.00278069696463
0.00278067893855
0.00277989289405
0.00277951236693
0.00277943214284
0.00277866117458
0.00277825110409
0.00277795973404
0.00277729486731
0.00277715394562
0.00277651876364
0.00277607551191
0.0027758664546
0.00277514751202
0.00277506137748
0.0027742136347
0.00277391937224
0.00277342502403
0.00277295678833
0.00277264545644
0.00277204014624
0.00277184500052
0.00277104546169
0.0027706043831
0.00276995732864
0.00276991375853
0.00276927285192
0.00276917222108
0.00276859594941
0.00276839107422
0.00276793982278
0.00276658358213
0.00276631570289
0.00276576430291
0.00276574990478
0.00276497274709
0.00276528700434
0.00276425566498
0.00276381131877
0.00276367129461
0.00276291451402
0.0027632850454
0.00276219991431
0.00276060347073
0.00276074874108
0.00275978190166
0.0027592465058
0.00275930796279
0.00275837074084
0.0027578125409
0.00275794849454
0.00275696415014
0.00275630666439
0.00275668314838
0.00275558374437
0.00275476829281
0.00275421481613
0.00275432047183
0.00275330843683
0.00275252231374
0.00275194254661
0.00275208622268
0.00275105039072
0.00275019205157
0.00274949406284
0.0027500216088
0.00274888893297
0.00274789482557
0.00274702453312
0.00274626387336
0.0027480526572
0.00274689599086
0.00274583479286
0.00274485721387
0.00274395163972
0.00274310735643
0.00274231410178
0.00274320312859
0.00274309635194
0.00274204050884
0.00274102738656
0.00274004906476
0.00273909912614
0.00273817141945
0.00273826029281
0.00273736137332
0.00273646929235
0.00273558072222
0.00273469247127
0.00273480241734
0.00273390646082
0.00273299630771
0.00273207038082
0.0027321297156
0.00273117429495
0.002730206369
0.00273022877068
0.0027292430322
0.00272825327302
0.00272826416764
0.00272727897711
0.0027263037449
0.00272634499215
0.00272540796359
0.00272550124558
0.00272463135436
0.00272480718533
0.00272403977561
0.00272333682928
0.00272371006916
0.00272011087146
0.0027201454163
0.00271924354792
0.00271941881391
0.00271868180145
0.00271904676945
0.00271952506536
0.00271565115744
0.00271571080552
0.00271490439508
0.00271524454057
0.00271575044985
0.00271190894842
0.00271196968454
0.00271222299319
0.00271168588414
0.002712379273
0.00270907551288
0.00270832812066
0.00270884764609
0.00270965500849
0.00270619813909
0.00270657824541
0.00270628901477
0.0027031695806
0.00270345754507
0.00270412185585
0.00270115569537
0.00270141260072
0.00270110087713
0.00269811417418
0.00269842340571
0.00269921756488
0.00269605555354
0.00269651144552
0.00269751756325
0.00269404074302
0.00269475667213
0.00269172852834
0.0026921745699
0.00269328121668
0.00268972221083
0.00269063903589
0.00268736500614
0.00268812528525
0.00268506317649
0.00268670320435
0.00268378510495
0.00268434858339
0.00268150673896
0.00268204053111
0.00268022100544
0.00268077683027
0.00267792611531
0.00267856196195
0.00267662247212
0.00267740001517
0.00267433074135
0.00267531823122
0.00267307682194
0.00267053927436
0.00267189578958
0.00266910518512
0.00266983113938
0.00266775913177
0.00266527828801
0.00266656762633
0.0026637439793
0.00266559656524
0.00266241862698
0.00266072699582
0.00266139352911
0.00265930592012
0.00265764758734
0.00265539172916
0.00265619124644
0.00265448253605
0.0026521248416
0.00265308355984
0.00265126109104
0.00264973938605
0.00264750191963
0.00264807195534
0.00264634720988
0.00264486574079
0.00264361060326
0.00264409333968
0.0026413439298
0.00263977694769
0.00263837889856
0.00263713631585
0.0026372456296
0.00263551233095
0.00263389985173
0.0026324027851
0.00263199521787
0.00263067333003
0.00262941204694
0.00262862901298
0.00262691108454
0.00262525397621
0.00262463967399
0.002623069924
0.00262152231091
0.00261999883598
0.00261947810544
0.0026179635681
0.00261744098147
0.00261589663978
0.00261433618482
0.00261374030204
0.0026121166309
0.00261145315183
0.0026097394834
0.00260898416653
0.00260717846659
0.00260631176709
0.00260539643936
0.00260342500808
0.00260239564306
0.00260130165696
0.0026001605178
0.00259796710243
0.00259672221169
0.00259542088452
0.00259408208368
0.00259270173364
0.00259128420027
0.00258983447635
0.00259195437523
0.00259012690119
0.00258826591446
0.00258637039488
0.00258444843208
0.00258250876228
0.00258056077179
0.00258322612443
0.0025807723603
0.00257931158136
0.00257685910424
0.00257442588594
0.00257762552435
0.00257560029703
0.00257261986026
0.00257068568081
0.00257447460274
0.00257090956815
0.00256840865702
0.0025659933148
0.00256992664608
0.00256684446601
0.00256287699961
0.00256003825881
0.00255976164746
0.00256221783345
0.00255487697336
0.00256586043257
0.00255784894204
0.00255002291407
0.00256110062569
0.00255259389885
0.0025645100846
0.00255533093238
0.0025464351717
0.00255812128775
0.00254856033985
0.00254928036162
0.00255061524385
0.00254075765594
0.00255246688755
0.00254199338232
0.00255404386004
0.00254296805776
0.0025552357865
0.00254358885374
0.00254611789025
0.00254377280886
0.00254637716429
0.00254348758908
0.00254605931485
0.00254267133087
0.00254514831323
0.00254128690466
0.00254359809992
0.00253929347406
0.00254138679832
0.00253670245057
0.00253850227532
0.0025509047918
0.00253494211434
0.00254694300908
0.00253071365667
0.00254226546082
0.00254464144426
0.00253689378967
0.00253872610539
0.00253087550319
0.00253211009118
0.00254365924052
0.00252483941523
0.00253574670155
0.00253728835997
0.00254894132327
0.00252800972287
0.00253892171884
0.00254042691549
0.00252831153039
0.00253872075057
0.00253966994297
0.00255053731842
0.00252690986332
0.00253692223743
0.00253742485723
0.00254773520491
0.00253221546932
0.00253192976512
0.00254143509039
0.00254136650564
0.00255096443898
0.00256055979457
0.00253214776039
0.00254082134623
0.00254945432003
0.00254846482511
0.00255698036387
0.00255588698937
0.00256420883096
0.00254177615862
0.00253958357163
0.00254682629746
0.00255391685631
0.00255135413089
0.00255811662063
0.00256468486574
0.00256161999028
0.00256778064158
0.00257371125007
0.0025700295211
0.00257548481598
0.00258068013628
0.00258560736904
0.00258095001362
0.00258533500116
0.00258943152982
0.00258396055933
0.00258747064777
0.00259069638206
0.00259358753104
0.00258692694572
0.00258918727621
0.0025911232993
0.00259273224966
0.00258479830507
0.00258577233087
0.00258638925467
0.00262719500645
0.00262710945255
0.00261759907638
0.00261682051845
0.00261566147764
0.00261414881973
0.00260320890823
0.00264427654692
0.00264154178853
0.00263844938048
0.00263502847898
0.00263123315533
0.00261810380914
0.00265866917235
0.002653533004
0.00264804634116
0.00264224189352
0.0026827480469
0.00267586866582
0.00265987204971
0.00265228984007
0.00269251327205
0.00268382816444
0.00267483690316
0.00271504046861
0.00270488318784
0.00269442332759
0.00268361856959
0.0027141994883
0.00270218772337
0.00268989886336
0.00272865632087
0.00271517654786
0.00275421428405
0.00273950348732
0.00272453749896
0.00276274626006
0.00274657286835
0.00273013897828
0.00276739867498
0.00274975886432
0.00278690945926
0.00276806207949
0.00280503957932
0.0027849563697
0.00282164645149
0.00280038765361
0.00283667957604
0.00281421637229
0.002791554671
0.00282642745069
0.00286175673776
0.00283689389907
0.00287166980261
0.00284561529142
0.00287971579177
0.00285247670629
0.00288590456645
0.00285749086046
0.00289016180217
0.00286847822668
0.00290021375665
0.00293215613453
0.00290047334864
0.00293152339195
0.00289870630414
0.00292884290725
0.00295905716541
0.00292415073291
0.00296098413147
0.00299015664208
0.00295325950251
0.00298140661047
0.00300949831371
0.00297054798936
0.00300498621603
0.00303180186424
0.00305847516454
0.00301658589817
0.00304210193505
0.00307465413484
0.00303084973587
0.00305489839081
0.00307870988356
0.00310225974049
0.00306272097309
0.00308497305256
0.00310695709328
0.00312868693093
0.00315705463225
0.00310676162196
0.00312683984292
0.00314658477883
0.00317289293222
0.00319189952008
0.00321049351271
0.00323545694909
0.00317991266683
0.00319678741696
0.00321999138588
0.00323594148007
0.00325145408688
0.00327319870994
0.00328775505514
0.00330184135945
0.00332200926707
0.00333507969493
0.00334764996268
0.00336616565511
0.00330143690896
0.00331859672528
0.00332872971141
0.0033383032671
0.00335379269237
0.00336226203526
0.00337654880518
0.00338392800955
0.0033907178027
0.00348148252268
0.00348735270321
0.00349878120016
0.00350346346535
0.00351366024485
0.00351714113153
0.00352609725013
0.00352836591396
0.00353608386006
0.00353714768001
0.00354363078605
0.003543516414
0.00362938663109
0.00362818317558
0.00363213735612
0.00362968853576
0.00363241366285
0.00362867601368
0.00363013259597
0.00371283587724
0.00370729021739
0.00370679795978
0.00370001055878
0.0036981976827
0.00377854222964
0.00376988687967
0.00376611929297
0.00375613027824
0.00383460434745
0.00382880278531
0.00381691047918
0.00380975740431
0.00388609222887
0.00387224207219
0.00386307442662
0.00393792359788
0.00392210388583
0.00391084556227
0.0039841450314
0.00396634699458
0.00395307141787
0.00402476573604
0.00401009533058
0.00398965763794
0.00405969995739
0.00404297986327
0.00411200693526
0.00408890697495
0.00407011789833
0.0041373715189
0.00411714228173
0.00418327534616
0.0041567311147
0.0042217995379
0.00419867740995
0.00417491357946
0.0042380364874
0.00420805914224
0.0042700795102
0.00424344761722
0.0043042793841
0.00427623569942
0.00433586787027
0.00430641888381
0.00436487886876
0.00441833590686
0.00438668476191
0.00444349666104
0.00441042926255
0.00446599021818
0.00443148023462
0.00448569943738
0.00453940239524
0.00450264981756
0.00455506313294
0.00451686842308
0.00456790751954
0.00461840057635
0.0045780011262
0.00462713892177
0.00467571334807
0.00463307327884
0.00468027664039
0.00472690127502
0.00468202198412
0.0047272615982
0.00477190882211
0.00481599601586
0.00476806644399
0.00481079420655
0.00485289700401
0.00480687806242
0.00484757291405
0.00488767082311
0.0049272033905
0.00496609134435
0.00491235568584
0.0049498591672
0.00499064508749
0.00502687623498
0.00506252023568
0.00500507547104
0.00503932092263
0.00507293489596
0.00510961959896
0.00514192744861
0.00517355672532
0.00520457499113
0.00514559943188
0.00517512257179
0.00520397246021
0.00523211114362
0.0052632136165
0.00529001185398
0.00531609808583
0.00534154599361
0.00536982866164
0.00539386313945
0.0054172594611
0.0053497918263
0.00537172388945
0.00539294702937
0.0054169916073
0.00543688674102
0.00545611189722
0.00547807002915
0.00549589710702
0.00551646439849
0.00553293620897
0.00554870370542
0.0055670948412
0.00558143446962
0.00559837476768
0.00561128970162
0.00562346536859
0.00563823977604
0.00564903351094
0.00566236903398
0.00567174707844
0.00568364902233
0.00569161560278
0.00579680799126
0.00580342275915
0.00581247621462
0.00581768657145
0.00582532177206
0.00582913272577
0.00583535331065
0.00583778571001
0.00584255468258
0.00584659619383
0.00584681989591
0.00584940481439
0.00594335438838
0.00594447483916
0.00594486637681
0.00594154789763
0.00594047906695
0.00593567094819
0.00593314070728
0.006025241681
0.00601832327425
0.00601358922727
0.00600812493994
0.00599901662878
0.00599208779824
0.00607995255413
0.00606864415387
0.00605955802134
0.00604971622367
0.00603915867139
0.00612069195597
0.00610868071602
0.00609599391465
0.006082551353
0.00606551994473
0.00614644833304
0.00613083441775
0.00611454604853
0.0060946624101
0.00617280046969
0.00615429847941
0.00613512280149
0.00611519103737
0.0061904912954
0.0061663279232
0.00614426398649
0.00621744875135
0.00619392285529
0.00616963012451
0.00614465417164
0.0062149419837
0.00618848707491
0.00615855985104
0.00622671702606
0.00619804078549
0.00616863443443
0.00623461339144
0.00620371612143
0.00617208643856
0.00623587413545
0.00620274774675
0.00616888669937
0.00623051441588
0.00619510688305
0.00625528757696
0.00621841825565
0.00618081521118
0.006238769949
0.00619973842148
0.00616000887774
0.0062159005552
0.00617473488978
0.00622923416236
0.00618920426961
0.0062422701844
0.00619821331262
0.00615344206507
0.0062043400227
0.00615809786952
0.0062075623339
0.00615983930255
0.00621043612835
0.00616123492143
0.00620776899699
0.00615706723825
0.0062021324001
0.00614992421172
0.00619609607134
0.00614245380431
0.00618463743689
0.00612954834312
0.00617285387502
0.00611632672937
0.0061556421489
0.00609770871137
0.00613812428392
0.00607869354327
0.00611511517147
0.00605421776292
0.00609172030237
0.00602936623752
0.00606292098463
0.0060982339732
0.00603365746078
0.00606498088126
0.00600150031302
0.00603133337245
0.00596634065107
0.00599469112122
0.00602239977741
0.00595517506341
0.00598135240271
0.00591274089995
0.00593744390972
0.00596145408187
0.0058906294827
0.00591317003917
0.00593755530129
0.00586199242074
0.00588486685554
0.00590459567172
0.00582935425476
0.00584762417226
0.00586761945627
0.00578778514043
0.00580633724422
0.00582175585587
0.00574218355861
0.00575612060341
0.00577175993862
0.00569006538375
0.00570172441028
0.00571521143262
0.00572543173249
0.0056407625362
0.00565202864494
0.00566001420882
0.00566980484527
0.00557969592283
0.00558793075771
0.00559548602406
0.00559983353858
0.0055091605529
0.00551447250709
0.00551903674247
0.00552031369146
0.00542674931414
0.00542910085577
0.00542825585808
0.00542912186189
0.0054293431688
0.0053322515334
0.00532853429875
0.00532660299146
0.00532388061443
0.00532050743514
0.00531641082272
0.00521252423992
0.00520697405283
0.00520069545768
0.00519368671048
0.00518594607179
0.00517747180692
0.0051681867309
0.00505922590286
0.00504854078951
0.00503711723777
0.00502496648354
0.0050120905361
0.00499848903258
0.00498416161804
0.00496910794576
0.00495332767759
0.00493690194212
0.00482329316259
0.004805336501
0.00478665257655
0.00476724111274
0.00474710184499
0.00472623452126
0.00470463890261
0.00468231476388
0.00465935078317
0.00463556971297
0.00461105956064
0.00458582016478
0.0045598509133
0.00453324164233
0.00450580739433
0.00447764118608
0.00445133707119
0.00442180925205
0.00439145680107
0.00436037637305
0.00432856898077
0.00429613624377
0.00426551571477
0.0042315395223
0.00419694495287
0.00416152656238
0.00412549481537
0.00409132437184
0.00405375814028
0.00411131613112
0.0040722888361
0.00403532832945
0.00399488211435
0.00395383079044
0.00391194827121
0.00387207123291
0.00382888043336
0.0037848574356
0.00374301718
0.00379302997659
0.00374682986774
0.00370280172758
0.00365519144055
0.00360700100392
0.00356079697042
0.00351121400695
0.00355873767283
0.00350756620304
0.00345583004624
0.00340612479931
0.0033530172922
0.00330214483462
0.00334225209067
0.00328975204423
0.00323381716485
0.00318015859282
0.0031227196925
0.00316190297848
0.00310316953832
0.00304678569949
0.00298658778865
0.00292899413441
0.00296130997151
0.00290229186836
0.00283959318182
0.00277926048491
0.00281164633096
0.00274697995472
0.00268493165599
0.0027119471218
0.00264854106532
0.00258466819993
0.00251700305614
0.00254418377144
0.00247845598411
0.00240865268312
0.00243349332312
0.00236594223724
0.00229800118822
0.00222612196484
0.00224775768145
0.00217818900903
0.00210490858578
0.00212421034308
0.00205318757119
0.00207098807448
0.0019989248726
0.00192289128674
0.00193836663336
0.00186518694627
0.00179208004967
0.00180517054976
0.0017316515963
0.00173917505124
0.00166456938367
0.0015903816807
0.00159955727342
0.00152502190748
0.00153302065044
0.00145836010621
0.00138476810872
0.00138992061931
0.00131717394908
0.00132080357452
0.00124342374102
0.00124605863141
0.00117484960758
0.00110652665812
0.001106817193
0.00104126931115
0.00103966744857
0.000984397459564
0.00098145619742
0.000925745497036
0.000921721416148
0.000872208981274
0.000867986914818
0.000827237386578
0.000822516529293
0.000792714498551
0.000787912639818
0.000771258685881
0.000773374645191
0.000768175068024
0.000768139836335
0.000764056810824
0.000780353513544
0.00077793947915
0.000816076083893
0.000816377629737
0.000862964635186
0.000865591455804
0.000872989189964
0.00093513469978
0.00094078082978
0.00101369525961
0.00102570492684
0.00103452032817
0.00111828837329
0.00113285371942
0.00122457589671
0.00123812158562
0.00125474299409
0.00135405126217
0.00137055719997
0.00139019251565
0.00149542983965
0.00151681584421
0.00153690903934
0.00164800627292
0.00167180637042
0.00169466683761
0.00181156254742
0.00183631126565
0.0018632327352
0.00198313534364
0.00201172552313
0.00203993023863
0.0020700106644
0.00219467558392
0.00222639873553
0.00225800535603
0.0023869215192
0.00242028118033
0.0024551226134
0.00249070172897
0.00262290874354
0.00266008781721
0.00269752193376
0.00273620560408
0.00277563036056
0.00291258768799
0.00295359339912
0.00299533423354
0.00303755129822
0.0031783947302
0.00322263334752
0.00326739397338
0.00331275618309
0.00335900954394
0.00340599961349
0.00355177739063
0.0036004566108
0.00364972106387
0.00369972303916
0.00375046304787
0.00380220446148
0.00395281355391
0.00400582114973
0.00405956761469
0.00411422459475
0.00416944826356
0.00422541244245
0.00428250647301
0.00433997039869
0.00449685026915
0.00455598073327
0.00461569432071
0.00467630319171
0.00473749848056
0.00479943550382
0.00486226311497
0.00492568205804
0.00498998864619
0.00505488970775
0.00512067555543
0.00518705896695
0.00525432438594
0.00532219041315
0.00539093574605
0.00546028469037
0.00562949833982
0.00570034301615
0.00577205849556
0.00584451383213
0.00591705686111
0.00599098428183
0.0060655309905
0.00614094834921
0.00621711194936
0.00629390212424
0.00627187948954
0.0063502718867
0.00642929662583
0.00650919453602
0.00658984642511
0.00667061632389
0.00675265355676
0.00683556426152
0.00691923381101
0.00700299547697
0.00708806478014
0.00717400188678
0.00725996697278
0.00734731811306
0.00743538297603
0.00742416630303
0.0075136571928
0.00760387308282
0.00769408371434
0.007785750037
0.00787741036947
0.00797054189482
0.00806441668451
0.0081582780338
0.00815442664304
0.00824976402708
0.00834662691774
0.00844346573611
0.00854184539448
0.00864020016849
0.00864088383389
0.00874075448821
0.0088421626424
0.00894348228119
0.00904634198553
0.00904986930483
0.00915335016752
0.00925838939644
0.00936332097218
0.00946982063909
0.00947696070265
0.00958415541208
0.00969284765969
0.00980141290305
0.00981145789305
0.00992235181736
0.0100331056429
0.0101446780035
0.0101585315056
0.0102714813027
0.010385167764
0.0104996742882
0.0105164803103
0.0106323761256
0.0107490113057
0.0107672085751
0.0108853136229
0.0110050742514
0.0111247325901
0.0111457886056
0.0112669121209
0.0113886919041
0.0114119438156
0.011536204887
0.0116601806556
0.0116857084676
0.0118111436826
0.0118380560529
0.0119650244556
0.012092647652
0.0121218188428
0.0122508972116
0.0123807880658
0.0124120885233
0.0125434561049
0.0125762381007
0.0127090841242
0.0128426716517
0.0128776755869
0.01301274405
0.0130492339206
0.0131857849789
0.0133230794602
0.0133607933041
0.013499572449
0.0135398425309
0.0136800389935
0.013721800377
0.0138635537499
0.0139057183122
0.014048960949
0.0140936991965
0.0142383386709
0.0142845215899
0.0144296343533
0.0144772538921
0.0146248391383
0.0146738412121
0.0148218303542
0.0148723425898
0.0150228216012
0.015073738605
0.0152256694486
0.0152790258996
0.0154313595329
0.0154862360762
0.0156410830389
0.0156963632577
0.0158526731672
0.0159094148658
0.0159679561796
0.0161264682628
0.0161854210671
0.0163454239848
0.0164058642082
0.0165673557274
0.016629279376
0.0166930261716
0.0168556585215
0.0169208855765
0.0169857653822
0.0171516970159
0.0172180483213
0.0173843605047
0.0174532712413
0.0175218220955
0.0176914842329
0.0177614964959
0.0178322378095
0.0180040321672
0.0180762290068
0.0181491528906
0.018323195209
0.0183975874437
0.0184727142931
0.0186489066516
0.0187255591883
0.0188028898773
0.0188809549694
0.019060088549
0.0191396781424
0.019219946401
0.0194001585224
0.0194819480311
0.0195644166137
0.0196487531077
0.0198319502535
0.0199166207649
0.0200020250285
0.0200882168345
0.0202742918007
0.0203619489026
0.0204502925357
0.020539429964
0.020729600072
0.0208202166116
0.0209115190882
0.0210035597123
0.0210963901916
0.0212891501324
0.0213833989711
0.0214784352142
0.0215741546007
0.0216694986537
0.0217666834866
0.0219638439154
0.0220624919627
0.0221619226901
0.0222620844509
0.022362926065
0.0224645481315
0.0225669018499
0.0227679635178
0.0228718087158
0.0229763999753
0.0230816849601
0.02318776023
0.0232933931425
0.0234009385408
0.0235091671892
0.0236181746786
0.0237267217007
0.023936352716
0.0240474784809
0.0241581844417
0.0242707904046
0.0243841095622
0.0244969474295
0.0246116818263
0.0247270735514
0.024842018638
0.0249588648153
0.0250764715643
0.0251936455734
0.0253127850448
0.0254314847744
0.0255521472943
0.0256723630045
0.0257945389064
0.0259162608645
0.0260399404889
0.0261631589698
0.0262883326646
0.0264130379508
0.0265396960714
0.0266658784531
0.0267927960183
0.0269216611375
0.0270500412225
0.0271803666806
0.0273101995957
0.0274407558593
0.0275732566224
0.0276061602083
0.0277388919447
0.027873577924
0.0280077650252
0.0281426811896
0.0282795567534
0.0284159773955
0.0285530852738
0.0286909254725
0.0288294988017
0.0288709451698
0.029010986278
0.0291517630166
0.0292932761997
0.0294355699535
0.0295797978327
0.0297235251285
0.0297689042923
0.0299141099036
0.0300600461463
0.0302067544373
0.0303541497682
0.0305023179847
0.030552047079
0.0307016348196
0.0308519968735
0.0310030491836
0.0311548766627
0.0312082727539
0.0313615677874
0.0315155556465
0.0316703205662
0.0317266618288
0.0318828988702
0.0320398313377
0.0321975427656
0.0322568385625
0.0324147620483
0.0325746472101
0.0327353079829
0.0327975914729
0.0329596775461
0.0331225368753
0.0332848596258
0.0333500329574
0.0335150863588
0.0336808702837
0.0337469665465
0.033914210009
0.0340821826536
0.0341504663426
0.0343198958644
0.0344900532298
0.0345618412758
0.0347321319909
0.0349044700867
0.0349771564113
0.0351509459694
0.0353254226361
0.0354002967171
0.0355762867792
0.035751729676
0.0358301069909
0.0360070274237
0.0360868891719
0.0362652511435
0.0364456852888
0.0365264846396
0.0367084062132
0.0367906948047
0.0369741067506
0.0371569690207
0.0372427928015
0.0374271470348
0.0375131695733
0.0377003193597
0.0377878414626
0.0379751898569
0.0380655127613
0.0382543275684
0.0384438601451
0.0385363403369
0.0387273072414
0.0388199215878
0.0390136349353
0.0391077300071
0.0393015774577
0.039397079918
0.0395923736227
0.0396906376738
0.0398873798974
0.0399858219967
0.0401840173863
0.0402838780566
0.040384469242
0.0405848501606
0.0406882595626
0.040890101359
0.0409936209677
0.0411969334266
0.0413019666685
0.0415067561412
0.04161323102
0.0417204827376
0.0419274870188
0.0420361807582
0.0422446983758
0.0423548705902
0.0424657835542
0.0426765161239
0.0427889077962
0.0429997861678
0.0431136544182
0.0432282993554
0.0434426894876
0.0435587777957
0.0436756427598
0.0438922485899
0.044009251312
0.0442273158637
0.044347098599
0.0444675703575
0.0446864945911
0.0448084501338
0.0449311003678
0.0450545173134
0.0452763140787
0.0454011941654
0.0455268113623
0.0457508094777
0.0458779007491
0.0460056999349
0.0462319502277
0.0463612691093
0.0464899492909
0.0466207637479
0.0468513482237
0.04698230993
0.0471153399014
0.0472477626128
0.0474812675054
0.0476150776018
0.0477509958719
0.0478862751339
0.048122649007
0.0482593756102
0.0483981586332
0.048536346163
0.0486752687144
0.0489153013487
0.0490557035073
0.0491968503623
0.0493401117344
0.0494827247372
0.0496261257304
0.0498706552569
0.0500155745654
0.0501612579355
0.0503090750431
0.0504562466256
0.0506041366624
0.050851741874
0.0510024426125
0.0511524891816
0.051303255093
0.0514547405703
0.051606945837
0.051759871117
0.0519148974143
0.0520692642422
0.0523233379184
0.0524791779549
0.052635706406
0.05279295621
0.0529509275912
0.0531096207743
0.0532690359839
0.0534291734448
0.053590069071
0.0537516812359
0.0539140457723
0.0540771613977
0.0542410268295
0.0544056729678
0.0545710341188
0.0547371412287
0.0549039930154
0.0550702237244
0.0552385599006
0.055407636897
0.0555774853193
0.055748040062
0.0559193317788
0.0560899896443
0.0562627502803
0.0564362440349
0.0566105012627
0.05678405318
0.056959769807
0.057136190233
0.0573119407921
0.057489863376
0.0576684898217
0.0578464745407
0.0580265691446
0.0582074291109
0.0583875813749
0.0585699068946
0.0587515230866
0.0588363641488
0.0590208561049
0.0592046951709
0.0593906485952
0.0595759472129
0.0597633913371
0.0599501168538
0.0601390189837
0.0603272006731
0.0604172011908
0.0606082982919
0.0607986809042
0.060991252468
0.0611831380934
0.0613757286511
0.061471574914
0.0616656650914
0.0618604893075
0.0620574429092
0.0622537336433
0.0624507569395
0.0625510133555
0.0627494696954
0.0629486874941
0.0631486359112
0.0633507456508
0.063453231927
0.0636553389813
0.0638582048854
0.0640618009276
0.0641672210827
0.0643723044392
0.0645795677765
0.0647861348815
0.0648945277673
0.0651025720652
0.0653113227376
0.0655208378038
0.0656321755329
0.065843154886
0.0660548639277
0.0661683943272
0.0663815579915
0.0665954464881
0.0668100581924
0.0669264886413
0.0671425420831
0.0673593433048
0.0674764821663
0.0676946884351
0.0679136307173
0.0680344158813
0.0682548384394
0.06847600131
0.0685975565979
0.0688202007155
0.0689447238727
0.0691688503719
0.0693922609473
0.0695189812242
0.0697453324293
0.0699724545869
0.0700999440735
0.0703285218008
0.070458959892
0.0706875888884
0.0709183950053
0.0710495997302
0.0712819213183
0.0714160790137
0.0716483801169
0.0717840028695
0.072017790677
0.07215487406
0.072390117123
0.0726275289111
0.0727653256268
0.0730042190046
0.0731434681312
0.073383811843
0.0735245107671
0.0737647987635
0.0739084482925
0.0741501795552
0.0742937973235
0.0745384473393
0.0746835070037
0.0749281174765
0.0750760958428
0.0753221458372
0.075470118275
0.0757191835361
0.0758686359251
0.0761177190696
0.0762686678749
0.0764203900273
0.0766731903312
0.076826366694
0.0770791546594
0.0772338015395
0.077488053613
0.0776441884932
0.0778010227546
0.0780589427541
0.0782172508618
0.0784751167075
0.0786348313174
0.0787952879859
0.0790552910569
0.0792171718982
0.0794786094044
0.0796419959646
0.0798061374037
0.0800698611279
0.0802340037313
0.080400366991
0.0806663322139
0.0808342131499
0.0810028374349
0.0812710263502
0.08144112925
0.0816104632423
0.0818808586913
0.0820531373922
0.0822261752307
0.0824987595875
0.0826717433395
0.0828469611897
0.0830229032116
0.0832968679562
0.0834742533172
0.0836523653569
0.0839285009608
0.0841080668675
0.0843529141473
