metodo_1_dt_1:1
1.16440452895e-06
0.000141468969103
0.000289190684619
0.000432851159184
0.000572948699077
0.000719529509272
0.000862775311145
0.00101264337959
0.0011590363216
0.00130177898053
0.00145067388197
0.00159550333529
0.0017360434414
0.00188204062354
0.00203321764868
0.00217934094519
0.00233007773986
0.00247509556718
0.00262409947372
0.00277663711962
0.0029223660301
0.0030793972827
0.00323473880815
0.00339220389198
0.00355366919092
0.00371689865543
0.00388441336111
0.00405622471729
0.00423221871015
0.00441273511886
0.00459771934116
0.00478843701337
0.00498317261725
0.00518342389433
0.00538813506824
0.00559755459922
0.00581066549842
0.00602733585038
0.00624872483685
0.00647339211068
0.00670102100173
0.00693273609189
0.00716735406868
0.00740505903033
0.00764684634211
0.00789186064939
0.00814070548951
0.00839472062665
0.00865208945016
0.0089145521491
0.00918158289215
0.00945427714191
0.0097325643741
0.0100174252416
0.010308709332
0.0106078509445
0.010912786049
0.0112273246016
0.0115491228681
0.011880299298
0.0122202838027
0.0125679862499
0.0129243437351
0.0132895058682
0.0136628346131
0.0140435100857
0.0144327729983
0.0148290838784
0.0152322941821
0.0156435549795
0.0160626533913
0.0164893238478
0.0169218644926
0.017363503996
0.0178138843567
0.018270521931
0.018737313212
0.0192122893381
0.0196964366598
0.0201900969668
0.0206939587917
0.0212082886665
0.0217344103214
0.0222711029935
0.022820927476
0.0233825131591
0.023957568377
0.0245450500415
0.0251471039041
0.0257623082163
0.0263907372101
0.0270319764263
0.0276871856188
0.0283566481436
0.0290416762473
0.029733918815
0.0304420666182
0.031166850189
0.0319003123372
0.0326423558321
0.033402221321
0.034171564909
0.0349595293341
0.0357575909794
0.0365749753172
0.0373939878487
0.0382418252098
0.0390916638548
0.0399617248483
0.0408522314977
0.0417542546922
0.0426767258968
0.0436196816311
0.0445735177623
0.0455478039473
0.0465416177217
0.0475549124512
0.0485860802516
0.0496349851214
0.0506996752331
0.0517888774382
0.0528998676585
0.0540256411743
0.0551706045976
0.0563328520714
0.0575136490672
0.05871159655
0.0599286619888
0.0611636198891
0.0624172262004
0.0636889524128
0.0649789996923
0.0662875566591
0.0676156165794
0.0689625508266
0.0703293480927
0.0717170233588
0.0731240147729
0.0745530048816
0.0760023198921
0.0774747115154
0.0789690323875
0.0804852749743
0.0820258775264
0.083588412609
0.0851752146144
0.0867855057462
0.0884183000615
0.090074488665
0.0917538703692
0.0934561683349
0.0951810944479
0.0969273235759
0.0986955176551
0.100486324106
0.102298445703
0.104132527734
0.105987198309
0.107865147942
0.109763000707
0.111683579434
0.113626244015
0.115590002853
0.117576476417
0.119585455998
0.121616570906
0.123671957676
0.125750827145
0.127852546897
0.12997932281
0.132130964581
0.134307223128
0.136508210604
0.138734394544
0.140985174198
0.143261465653
0.145562124918
0.147887484639
0.1502358738
0.152609907618
0.155006187927
0.157425808411
0.159867108214
0.162332190977
0.164819495945
0.167329361117
0.169858842887
0.172416666472
0.17498846368
0.17758407219
0.180204023124
0.182843244022
0.185507820681
0.18818845291
0.1908988066
0.193625211675
0.19637925746
0.199153940593
0.201950862299
0.204775300969
0.207616142796
0.210490355366
0.213380442908
0.216297680009
0.219235760269
0.222200185557
0.225184154228
0.228193202552
0.231220285238
0.234270889224
0.237337700557
0.240433679691
0.243543313047
0.246674250836
0.249823779617
0.252992033051
0.256177697303
0.259386830533
0.262612272601
0.265859572916
0.269120087052
0.272401566352
0.275702379247
0.279021569427
0.282359383346
0.285714150335
0.289092850615
0.29248685792
0.295902454312
0.299338890471
0.302794684908
0.306268216623
0.309765758626
0.313278085383
0.316810866916
0.320354002899
0.323921182441
0.327504726136
0.331104371834
0.334720739905
0.338351748107
0.34199939217
0.34566068291
0.349337159424
0.353028164808
0.356732521286
0.360450550519
0.364182056226
0.367926538453
0.371684850209
0.375455394311
0.379240442227
0.38303758933
0.3868488722
0.390675071638
0.394514010766
0.398367294369
0.40223568446
0.406117436687
0.410012901547
0.413922352596
0.417845169615
0.421781305847
0.425729724455
0.429690743876
0.433663110384
0.437646818845
0.441640754849
0.445646023678
0.449660336178
0.453685736822
0.457719013078
0.461761147136
0.465812055115
0.469870686505
0.473937071843
0.478010098379
0.482091890948
0.486180371074
0.490275742747
0.494378157606
0.498490030354
0.502607909218
0.506735791051
0.510870430437
0.515014960792
0.519165590805
0.523325886944
0.527495407447
0.531670208941
0.535853277448
0.540044733643
0.544241194971
0.54844600974
0.552658323373
0.556874378646
0.56109487208
0.565322719212
0.569553810783
0.573788867948
0.578025811263
0.582269098663
0.586512280329
0.590759979178
0.595010330695
0.599262450596
0.603516459213
0.607768142321
0.612026531091
0.616286376813
0.620549103185
0.624814541998
0.629082933986
0.633354445379
0.637629145407
0.641906991316
0.646187708083
0.650476731054
0.654762529629
0.65905030667
0.663345322461
0.667641390952
0.671937581767
0.676234565506
0.680535785104
0.684836123937
0.689140783327
0.693442030875
0.697739221179
0.702037814474
0.706338153651
0.710639110254
0.714933132819
0.719225420982
0.723516348847
0.727804945045
0.732098498089
0.736381197492
0.740668019878
0.744950636769
0.749228849167
0.753517063173
0.757791911889
0.762076397022
0.766353978168
0.770639309249
0.774915325612
0.779197923692
0.78347746279
0.78775199332
0.792030203835
0.796309688644
0.800580260716
0.80485048237
0.809126231577
0.813389511291
0.817655555961
0.821914169268
0.826172710742
0.830429966071
0.834675055255
0.838924054586
0.843167346225
0.847402676455
0.851634603489
0.855861787286
0.860085476017
0.864305707804
0.868521233011
0.872734350493
0.876945003227
0.881151554273
0.885356666674
0.889559326301
0.893759132794
0.897957512623
0.90215312043
0.906346478214
0.910536510763
0.91472509823
0.918909392936
0.923092056595
0.927270191875
0.931445304286
0.935617261386
0.939783770167
0.943946416365
0.948102945539
0.952255029769
0.956401418134
0.960542988439
0.9646773949
0.968807770607
0.97293134891
0.97705049387
0.981163918665
0.985273417764
0.989378479608
0.993479387234
0.997577441075
1.00167040006
1.00575988699
1.00984819264
1.01393266513
1.01801321131
1.02209296552
1.02616746634
1.03024125473
1.03431029512
1.03837868911
1.04244279691
1.04650111633
1.05055722954
1.0546109589
1.05865868083
1.06270078828
1.06673678352
1.07077101696
1.07479958942
1.07881820725
1.08283485623
1.08684740803
1.09085059435
1.09485061352
1.09884592512
1.10283858157
1.10682476911
1.11080862271
1.11478607338
1.11876233729
1.1227393137
1.12671075239
1.13067643781
1.13464379567
1.13860628452
1.14257014151
1.14652956778
1.15048450352
1.15444102544
1.15839297511
1.16233995595
1.16628818822
1.17023091889
1.17416759441
1.17810462817
1.18203475402
1.18596479048
1.18988703962
1.1938019026
1.19771562666
1.20162177878
1.20552691414
1.20942379462
1.21332047504
1.21721678598
1.22110512811
1.22499251671
1.22887986487
1.23275799967
1.2366357681
1.24052057394
1.2443956879
1.24826886546
1.25214911181
1.25601745287
1.25989143055
1.26376148434
1.26763553614
1.2715037174
1.27537474861
1.27923794848
1.28310108668
1.28696327434
1.29082354312
1.29467980677
1.29853188045
1.30237782812
1.3062266599
1.31006757236
1.31389983175
1.31774160846
1.32157256632
1.32540189628
1.32922838415
1.33306103882
1.33687935756
1.34071140465
1.34452694288
1.34835233638
1.35217478655
1.35599570909
1.35981696523
1.36363821491
1.36746013965
1.37128205849
1.37510458196
1.37892596764
1.382748425
1.38657016502
1.39039222467
1.39421255554
1.39803205616
1.40184965147
1.405666193
1.40947973514
1.41329127256
1.41710000285
1.42090722422
1.42471207978
1.42851592414
1.43231703013
1.43611661878
1.43991623087
1.44371393681
1.44751128954
1.45130711312
1.45510487644
1.45890239179
1.46270223883
1.4664975122
1.47029983318
1.47409814033
1.47789840378
1.48170238876
1.48550468246
1.4893097029
1.4931167205
1.49692197937
1.50072704578
1.50453490558
1.50833701292
1.51214257639
1.51594812908
1.51975185516
1.52355163582
1.52735052492
1.5311454664
1.53494171358
1.53873973041
1.54252988494
1.54632238298
1.55011373042
1.5539041514
1.55769988121
1.56149015787
1.56528112082
1.56907383879
1.57286213968
1.57665906133
1.58045259702
1.584250112
1.58804483198
1.59184348316
1.59564676364
1.59944805624
1.6032468375
1.60704965569
1.61084993362
1.61465447727
1.61845559045
1.62226051297
1.62606137579
1.62985775539
1.63365748958
1.63745247625
1.64125073342
1.64503579193
1.64883242111
1.6526240819
1.65641064579
1.66019192733
1.6639851996
1.6677646462
1.67155570859
1.67534149099
1.67912152885
1.68290439663
1.68669061003
1.6904789298
1.69426046905
1.69805340546
1.70183814127
1.7056325112
1.70941788841
1.71321136447
1.71700274155
1.72079109141
1.72457483962
1.72836288653
1.73215374493
1.73593673102
1.73971055431
1.74349377212
1.74727532371
1.75104446983
1.75481997177
1.75858086968
1.76235582046
1.76611422066
1.76987495916
1.77363681606
1.77739896502
1.78115031304
1.78489982117
1.78865652633
1.79240929068
1.79615707708
1.79990871011
1.80365294736
1.80740841444
1.81115364361
1.81489710324
1.81864798212
1.82239260038
1.82613606706
1.8298783001
1.83361743363
1.83735361714
1.84108766494
1.84481658968
1.84854275027
1.85226478749
1.85598317039
1.85969604707
1.86340544958
1.86711077192
1.87081087773
1.87450645002
1.87819856644
1.88188543928
1.88556846019
1.88924810441
1.89292319897
1.89659552091
1.90026424933
1.90393075052
1.90759360874
1.91125363083
1.91491137497
1.91856740374
1.92222221085
1.92587128933
1.92951466819
1.93315756872
1.9367959285
1.94042811468
1.94405592453
1.94767867485
1.95129160098
1.95490564095
1.95850942582
1.96210381232
1.9656951736
1.96927764797
1.97285795417
1.97642427686
1.9799885258
1.98354610843
1.98709053572
1.99063529257
1.99416772013
1.9976953189
2.00121940186
2.00473250814
2.00824250547
2.01175129794
2.01525036747
2.01874047353
2.02223008866
2.02571871181
2.02919088946
2.03266173823
2.03612413428
2.03958542405
2.04302875228
2.04647097444
2.04990291151
2.05332527771
2.05673671797
2.06014668367
2.06353698696
2.06692538805
2.07029359746
2.07365966425
2.07701438208
2.08035774824
2.08368961056
2.08700988767
2.09032787516
2.09362498874
2.09691988675
2.10020323986
2.10347512543
2.10674503342
2.11000335543
2.11324994777
2.11648421585
2.1197156173
2.12293360636
2.12613764565
2.12933663914
2.13252956019
2.13570575337
2.13887432046
2.14203436002
2.14517491764
2.14830510131
2.15142387436
2.15452050586
2.15761395994
2.16069324209
2.16375765075
2.16680625338
2.16983822391
2.17286275813
2.17586908135
2.17886646401
2.1818442152
2.18480161558
2.18775809114
2.19069300813
2.19361571065
2.19652558815
2.19942188556
2.20231352943
2.20517984888
2.20803955284
2.21088129943
2.21371389566
2.21653570554
2.21933559294
2.22212187153
2.22489321062
2.2276483139
2.23038515994
2.23311231721
2.23581882855
2.23850319933
2.24118297551
2.24382800389
2.24646591209
2.24908569189
2.25167654479
2.25425576442
2.25682296574
2.25936678481
2.26188677102
2.26439084181
2.26687856555
2.26934827422
2.27179914201
2.27423033622
2.27664975076
2.27904793076
2.28142949298
2.28379303688
2.2861385703
2.2884663897
2.29077533866
2.29306392957
2.29533397595
2.2975839515
2.29981397199
2.30202374664
2.30420746215
2.30637728391
2.30852155768
2.31063925263
2.31273828756
2.31481883503
2.31686760467
2.31889884301
2.32090602139
2.32289010638
2.32485213344
2.32678525532
2.3286970311
2.33058868586
2.33246144401
2.33430759219
2.33612934626
2.33793403267
2.33970632435
2.34146317279
2.34319677096
2.34491574316
2.3466032591
2.34826893829
2.34990314986
2.35152399778
2.35311402174
2.35468193695
2.35622810308
2.35774367978
2.35922882373
2.36069249707
2.36212570845
2.36353714426
2.36491869759
2.36627021881
2.3675916636
2.36888390177
2.37015624667
2.37139978881
2.37260585724
2.37379367496
2.37495461338
2.37607916165
2.37718709278
2.37825995359
2.37930700156
2.38032887118
2.38132524434
2.38228712958
2.38323338569
2.38414463396
2.38503049289
2.38588084317
2.38671492905
2.38751333206
2.38827522566
2.38901038519
2.38971853067
2.39039909717
2.39104200033
2.39165668761
2.39224287316
2.3927902816
2.39330864098
2.39379781803
2.39424776179
2.39466846851
2.39505002107
2.39541252345
2.39573608398
2.39603078865
2.39628669432
2.39651377997
2.39671199475
2.39688111202
2.39702091883
2.39712122584
2.39720136461
2.39724121244
2.39725015256
2.39722772771
2.39717310875
2.3970955535
2.39697484949
2.39682027433
2.39663080712
2.39641575815
2.39615459991
2.39586605437
2.39554941115
2.39518489663
2.39479059419
2.39435681213
2.39389208016
2.39338703919
2.39285064961
2.39227312874
2.39166414435
2.39102286044
2.39034000218
2.38963417765
2.3888857235
2.38810438381
2.38728900989
2.38643925337
2.385563533
2.3846437824
2.38369610481
2.38271219998
2.38169003975
2.38063858182
2.37954762186
2.37842545997
2.37727076887
2.37607399873
2.374843239
2.37357711269
2.37228277581
2.37094289711
2.36956542666
2.36814852493
2.36670061682
2.3652123272
2.36368346954
2.36212133693
2.36052568779
2.35888845261
2.35721748243
2.35551187515
2.35377212544
2.35199654635
2.35019154921
2.34834482558
2.3464671353
2.34455295136
2.34260748437
2.34062387408
2.33861396077
2.33656476764
2.33447512156
2.33235702263
2.33020947624
2.32801952222
2.32579688504
2.32353697838
2.32124698912
2.31891680488
2.3165464258
2.31414567563
2.31170665699
2.30923066401
2.30672663017
2.30417839554
2.30159645006
2.29898203639
2.29632688353
2.29364171017
2.29092776059
2.28817696479
2.28539035839
2.28257867735
2.27973358442
2.2768465362
2.27393731716
2.27099737386
2.26801824578
2.26501956068
2.26197375384
2.25891010763
2.25581018792
2.25267428635
2.24951313501
2.24631725892
2.24308713507
2.23983344407
2.23653677827
2.23321738499
2.22985635796
2.22646396063
2.22304123333
2.21958905319
2.21610840867
2.21259039167
2.20904613163
2.20546676843
2.20186329458
2.19822677949
2.1945681993
2.1908784912
2.18715853478
2.18340918433
2.17964120509
2.17583537643
2.17201231514
2.16815272331
2.16427714135
2.16037616213
2.15644012903
2.15247938966
2.14849430486
2.14448520434
2.14045221835
2.13638580133
2.13230567869
2.12818277142
2.1240467765
2.11987813839
2.11567765036
2.11145509968
2.107211674
2.10293772237
2.09863471459
2.09431215007
2.08997144685
2.08560300219
2.08120824338
2.07679675026
2.07235987625
2.06789814752
2.06342127284
2.05892047276
2.05440521445
2.0498667543
2.04530537103
2.04073025276
2.03612368282
2.03151226949
2.026869606
2.0222130234
2.01753398583
2.01284012727
2.00812358512
2.00338344354
1.99862871959
1.9938501471
1.98905675747
1.9842401432
1.97940023158
1.97454551151
1.9696686144
1.96477674192
1.95986336937
1.9549361807
1.94999501343
1.94503361713
1.94005867632
1.93506339558
1.93005557567
1.92503490203
1.91999478641
1.91494196045
1.90988419613
1.90480592093
1.89970907196
1.89460547719
1.88948849873
1.88435809901
1.87921419806
1.87405510752
1.86888069504
1.86369753877
1.85849218705
1.85327629165
1.8480496783
1.84280683936
1.83754643063
1.83227492832
1.82699166144
1.82169274298
1.81638109469
1.81105878682
1.80572443327
1.80037474933
1.79501845002
1.78965127545
1.78427272756
1.77888320764
1.77348312324
1.76807581277
1.76265757887
1.75723241029
1.75179679805
1.74635347607
1.74090231248
1.73544216145
1.72997371235
1.72449572333
1.71900608884
1.71350734281
1.70800182552
1.7024837849
1.69695518583
1.69141638687
1.68586718871
1.68030692946
1.67473943977
1.66916021323
1.66357141271
1.65797335958
1.65236785349
1.64675164909
1.6411257352
1.63549849166
1.62986137085
1.62421574454
1.61856296699
1.6129044106
1.60724130921
1.6015649548
1.59588646188
1.59019695148
1.58450742264
1.57881872986
1.57311167479
1.5674068711
1.56168493547
1.55596639066
1.55023178816
1.54449170703
1.53874682234
1.53298797284
1.52722592475
1.52145137381
1.51566558293
1.50987906873
1.50408296566
1.4982685307
1.49245621103
1.48663747608
1.48081318051
1.47497446285
1.46913208629
1.46327746691
1.45742100168
1.45156364951
1.44569653085
1.43982094715
1.43394661779
1.42806522981
1.42217686082
1.41628250815
1.41038234049
1.40447637098
1.39856488184
1.39264810432
1.38671678938
1.38078888672
1.37484706273
1.36889983497
1.36293923233
1.35697326667
1.35099466376
1.34501234474
1.33902639539
1.33302835589
1.3270195454
1.32100760945
1.31498589667
1.30895471945
1.30291379972
1.29687210341
1.29082275644
1.28476541019
1.27870023955
1.27263646659
1.26655776299
1.26048042398
1.25438950021
1.24829999765
1.24220434709
1.23610238607
1.22999397352
1.22387861451
1.21775597276
1.21162571051
1.20548746843
1.19934099264
1.19318607215
1.18702249757
1.18085031704
1.17467609125
1.16848651674
1.16228869885
1.15608821264
1.14987297583
1.14365541394
1.13742450173
1.13119078594
1.12495035931
1.1187073297
1.11245146601
1.10619421145
1.09993043243
1.09365996337
1.0873825825
1.08110412709
1.07482481489
1.06853372681
1.06224560417
1.05594449586
1.04964221463
1.0433359819
1.03702562706
1.03070737365
1.02438413122
1.01805157427
1.01171774378
1.0053742243
0.999025674694
0.992675544548
0.986316198104
0.979951297718
0.973585116178
0.967213450571
0.960836983273
0.954456462398
0.948075102665
0.941690231769
0.935304968855
0.928916892783
0.922532913841
0.916143786331
0.909759104693
0.903376485874
0.896995516936
0.890614140097
0.884237951357
0.877866084769
0.871494033394
0.865126753423
0.858762192289
0.852400785738
0.84604467406
0.839693162477
0.833343874868
0.827000239892
0.82066187803
0.814331037987
0.808004364151
0.80168773778
0.795378940953
0.78907956252
0.782789776543
0.776512924784
0.770249171761
0.763998625382
0.757763683929
0.751545718928
0.745345146221
0.739165070345
0.733002724997
0.726870460502
0.720755582998
0.714669944525
0.708605804418
0.702565217508
0.696560281267
0.690583033151
0.684635576872
0.678720032397
0.672838598185
0.666993544142
0.661187258215
0.655412239114
0.649671082309
0.643976510137
0.638331331219
0.632728494737
0.627170989664
0.621661973379
0.616204691592
0.610812458651
0.605468706959
0.600187031012
0.594971095736
0.589824556504
0.584741249147
0.579734963169
0.574799389291
0.5699482818
0.56517530544
0.560493985961
0.55589781762
0.551390347279
0.546975013019
0.542665302139
0.538444721108
0.534336829665
0.530325293238
0.526423774296
0.522646061145
0.518976041984
0.515427612739
0.511994785436
0.508701573119
0.505532107896
0.502490447846
0.499600738672
0.496847070055
0.494233569374
0.491774306717
0.489463296319
0.487314497949
0.485321751698
0.483498751078
0.481838950148
0.480345554074
0.479031465756
0.477879210162
0.476921052847
0.476128888586
0.475524373618
0.475098967266
0.474853848108
0.474799880033
0.474918023037
0.475228805969
0.475722750955
0.476409937992
0.477270488409
0.478324473933
0.479561414704
0.480980944645
0.482582431697
0.484365035187
0.486337653122
0.488489197876
0.490818318029
0.493323453151
0.496012770478
0.498874501746
0.501906576904
0.505106654727
0.508482066378
0.512020123518
0.515717782304
0.519581567083
0.523597917485
0.52776335799
0.532083826018
0.536545654134
0.541154735158
0.545897667064
0.550780632696
0.555789688953
0.560931564594
0.566192442286
0.571578729925
0.577087159392
0.582714078567
0.588446855016
0.594291479686
0.600245187046
0.606304814362
0.612457290842
0.618719485443
0.625078421433
0.631521378481
0.638065101509
0.644696892202
0.651413768249
0.658212917674
0.665100553705
0.672064384906
0.679100697823
0.686216154989
0.693397654438
0.700651696779
0.707975301356
0.715355390789
0.722789195176
0.730293312791
0.737845595687
0.745463084978
0.753123610814
0.760834585543
0.768603373797
0.776408520644
0.784267085898
0.792167284245
0.800117128859
0.808104620235
0.816127841763
0.824194961052
0.832294085158
0.840443235674
0.848620849823
0.856834883309
0.865073498996
0.873354734408
0.881666419942
0.890006605701
0.898372906807
0.906773162428
0.91518501465
0.923636042574
0.932104082923
0.940586903775
0.94909244647
0.957618702037
0.96616371528
0.974725690266
0.983302840117
0.991893469941
1.00049592433
1.00910859877
1.01774013391
1.02637875189
1.03503292851
1.04369180995
1.05236358058
1.06104765027
1.06974129702
1.07843486386
1.08714523388
1.09586197739
1.10458494221
1.11331912911
1.12205669838
1.13079352472
1.139541172
1.14829044344
1.15704310223
1.16579668736
1.17455031035
1.18330513179
1.19205861825
1.20080915311
1.20955814266
1.21830082896
1.22704143345
1.23577836576
1.24450876212
1.25323759307
1.26195564785
1.27067102367
1.27937899911
1.2880824593
1.29677741972
1.30546800743
1.31415013457
1.32282375443
1.33149328354
1.34015525289
1.34880856647
1.35745392029
1.36609398796
1.37472157045
1.38334320277
1.39195118269
1.40055232612
1.40913940713
1.41771781297
1.42628088936
1.43483074957
1.44336700213
1.45188625581
1.46039112497
1.46888228423
1.47735958513
1.48581775615
1.49426090488
1.50268539409
1.51109477028
1.51948447668
1.52786087217
1.53621682991
1.54455980853
1.55288342444
1.561187746
1.56947886127
1.57775089951
1.5860045696
1.59424519515
1.60246639049
1.61067501464
1.61885703621
1.62702493732
1.63517321237
1.64329904409
1.65141018764
1.65949244864
1.66755904422
1.67560190635
1.68362128672
1.69161676331
1.69959457799
1.70754125045
1.71546980784
1.7233733891
1.73125179201
1.73910485906
1.74693248123
1.75473460234
1.76251128343
1.77027044148
1.77799638112
1.78570525666
1.79338917866
1.80104819763
1.80868235353
1.81629145118
1.82387528077
1.83144182839
1.83897394134
1.84648793948
1.85397485476
1.86143396015
1.86887342582
1.87627533722
1.88365633277
1.89100704075
1.89832687302
1.90561571431
1.91288159105
1.92011509242
1.92732486665
1.93449231971
1.94163571468
1.94875403586
1.95582931276
1.96287941071
1.96990424219
1.97689436999
1.98384969064
1.99077929095
1.99768387011
2.00455356557
2.01138791997
2.01820617773
2.02497920774
2.03173538439
2.03845460481
2.04514612962
2.05179928156
2.05843302338
2.06502686173
2.07158978709
2.07812121884
2.08461017093
2.09107593551
2.097507612
2.10389487957
2.11025655872
2.11658223442
2.1228711621
2.12912285601
2.13533666056
2.14152204963
2.14765867794
2.15376597011
2.15984369357
2.16588148237
2.1718791302
2.177846411
2.18377312584
2.18966899834
2.19552367722
2.20135667031
2.20714742636
2.21289518262
2.21861913149
2.22429834875
2.22994194214
2.23554905523
2.24112853597
2.24665952558
2.25215110741
2.25761203683
2.26303174628
2.26840914136
2.27374348172
2.27904348628
2.28429864847
2.28951790111
2.29469090887
2.29982642078
2.30492392959
2.30997312032
2.31498306113
2.31995347453
2.32488478121
2.32976432386
2.33461309408
2.33942149662
2.3441859994
2.34891324364
2.35360164451
2.35825216934
2.36285313881
2.36742063969
2.37194089547
2.37642644226
2.38086814756
2.38526469051
2.38961566808
2.3939292332
2.39819557269
2.40241853189
2.40659750664
2.41073195267
2.41481628305
2.41886354568
2.42285946144
2.42680891861
2.43070913642
2.43456783729
2.43837652789
2.44214865522
2.44587027626
2.44954025479
2.45317122703
2.45675651361
2.46029221686
2.46378990046
2.4672383772
2.47064442641
2.47400036384
2.47732046059
2.48058493484
2.48380655954
2.48698561337
2.49011532638
2.49319571439
2.49623399998
2.49922248487
2.50216190538
2.50505097229
2.50789798162
2.51068809107
2.5134359283
2.51612709006
2.5187688153
2.52136146802
2.52390548836
2.52640079818
2.52884049756
2.53124080428
2.53357850158
2.5358782854
2.53812437992
2.54031680046
2.54246563585
2.54457044376
2.54662316432
2.54862457978
2.55058311163
2.55249026821
2.55434612395
2.55615071549
2.55791301139
2.5596237198
2.56128327657
2.56289165406
2.56444801459
2.5659535577
2.56741632275
2.56881825817
2.57016894787
2.57146772094
2.57271538972
2.57391144772
2.57505649814
2.57615058045
2.57719444083
2.57817896555
2.57911396088
2.58000002602
2.58082830906
2.58161848179
2.58235165694
2.58302822444
2.58366810893
2.58425204516
2.58478019545
2.58527254781
2.58570913994
2.58608998382
2.58642522854
2.58671456371
2.58694811106
2.58712573915
2.58726717463
2.58734243994
2.58738129975
2.58735366391
2.58728934427
2.58715822855
2.58698021913
2.58675528715
2.58647348953
2.58614497983
2.58576001753
2.58532893826
2.58484214934
2.58431007954
2.58372321133
2.58308194634
2.58239664645
2.5816676208
2.58088506782
2.58004946584
2.57917072099
2.57824886679
2.57727403739
2.57624620726
2.57517529895
2.57406073138
2.57289297522
2.571681364
2.57041594667
2.5691064244
2.56775223583
2.56634346161
2.56488939658
2.5633804922
2.56182603113
2.56022542745
2.55857846695
2.55687604329
2.55512762255
2.55333297212
2.55148346601
2.54959785975
2.54765807559
2.54567319043
2.54364385354
2.5415702649
2.53945256913
2.53729085358
2.53507635181
2.53282669036
2.53053293796
2.52819547408
2.5258136395
2.5233957159
2.52092439907
2.51841688137
2.51586438761
2.51326604731
2.51063024931
2.50793967059
2.50521940291
2.50245157567
2.49963704545
2.49678207968
2.49387971935
2.49093684464
2.48795319275
2.48492179875
2.48185706636
2.47873750941
2.47558550999
2.47239310909
2.46916182286
2.46588405719
2.46257393867
2.45921829267
2.45583009577
2.45240235104
2.44894299996
2.44543719733
2.44189930657
2.43832180435
2.43471063501
2.43105915026
2.42737464871
2.42365494944
2.41989524478
2.41609928535
2.41226475745
2.40839212851
2.40449282518
2.40054781473
2.39656805847
2.39254850261
2.38849830239
2.38440085402
2.38027435386
2.3761157912
2.37191703097
2.36768319501
2.36341545236
2.35911923912
2.35478630065
2.35042646087
2.34603133865
2.34159776576
2.33713415779
2.33264294879
2.32812286179
2.32357081417
2.31899070317
2.31437838654
2.30972843252
2.30505992388
2.30035416787
2.29562135176
2.29085243894
2.28605786503
2.28122774288
2.27637282114
2.2714839168
2.26657097465
2.26161550546
2.25663748566
2.25161832328
2.24657852563
2.24150947057
2.2364021954
2.23127763396
2.22611693935
2.22093131124
2.21572154701
2.2104787983
2.20521368575
2.19991722145
2.19460011683
2.18925315604
2.18388697533
2.17849220713
2.17306943848
2.16762915902
2.16215181161
2.15665780787
2.15113744376
2.14559098223
2.14001864698
2.134420728
2.12878740434
2.12313879359
2.11746530732
2.11175724183
2.10602506649
2.10026913089
2.0944803161
2.08866900774
2.08283609595
2.07698213052
2.07109828045
2.06518534534
2.05925356185
2.05329384992
2.04731676102
2.04131293212
2.03529277791
2.02924687478
2.02317566559
2.017089345
2.0109783907
2.00484306788
1.99868391977
1.99251007395
1.98631216323
1.98009016948
1.97384402569
1.96757363637
1.96127931309
1.95496922951
1.94863458656
1.94226643798
1.92860750439
