metodo_3_dt_1:24
1.51723922767e-07
0.0163395974049
0.0327096765234
0.0491413094828
0.0656615952191
0.0822912361547
0.099042923261
0.115920750206
0.13292052739
0.150030731523
0.167233824978
0.184507745855
0.201827438981
0.219166338379
0.236497725249
0.253795891031
0.271037050552
0.288199981738
0.305266409742
0.322221192419
0.339052390758
0.355751318251
0.372312658326
0.388734720974
0.405019877476
0.421175159551
0.43721292783
0.453151403684
0.469014742877
0.484832276858
0.500636655067
0.516460942879
0.532335170869
0.548283140636
0.564320241136
0.580452632641
0.59667767325
0.612985163121
0.629358942723
0.64577851093
0.662220494675
0.678659923764
0.695071323381
0.71142964839
0.727711072841
0.743893635638
0.759957740878
0.775886521602
0.791666094454
0.807285753067
0.822738163032
0.838019626041
0.853130470665
0.868075596056
0.882865133354
0.897515089089
0.912047701076
0.926491114685
0.940877976642
0.955242766716
0.96961816531
0.984031277054
0.998500729023
1.01303533711
1.02763439119
1.04228907535
1.05698436967
1.07170091986
1.08641661145
1.10110779216
1.11575020004
1.13031969013
1.14479284163
1.15914749856
1.17336326689
1.18742197132
1.20130806756
1.21500901243
1.22851560862
1.24182235653
1.25492785482
1.26783528307
1.28055296658
1.2930949523
1.3054814152
1.31773858428
1.32989779499
1.34199335627
1.354059264
1.3661253324
1.37821374252
1.39033696417
1.4024974538
1.4146888373
1.42689788591
1.43910660644
1.45129402446
1.46343751728
1.47551373714
1.48749924413
1.49937097818
1.51110667475
1.52268529259
1.53408748573
1.54529612119
1.55629682443
1.56707852727
1.57763399849
1.58796034925
1.59805951539
1.60793871316
1.61761083269
1.62709466763
1.63641478768
1.64560077938
1.65468558324
1.66370283129
1.67268345989
1.68165229691
1.69062551163
1.69960956695
1.70860173982
1.7175917442
1.72656378326
1.73549847859
1.74437438708
1.75316905198
1.76185967332
1.77042353555
1.77883832977
1.78708248411
1.79513558183
1.80297890893
1.81059613273
1.8179740753
1.82510351556
1.83197994049
1.83860416958
1.84498279279
1.85112837531
1.85705937876
1.86279972122
1.86837786177
1.87382528556
1.879174335
1.88445551271
1.88969463554
1.89491041511
1.90011302033
1.9053038947
1.91047669544
1.91561891759
1.92071369512
1.92574139713
1.93068083593
1.9355100733
1.94020691213
1.94474920184
1.94911509118
1.95328334892
1.95723384849
1.96094827567
1.96441106508
1.96761050206
1.97053985584
1.97319835997
1.9755918513
1.9777329271
1.97964056181
1.98133920352
1.98285741773
1.98422615911
1.98547675755
1.98663873711
1.98773765624
1.98879323678
1.98981807502
1.9908171489
1.99178815683
1.99272252102
1.99360675471
1.99442387723
1.99515464177
1.99577846166
1.99627402931
1.99661969597
1.99679372012
1.99677451021
1.99654099086
1.99607321139
1.99535328108
1.99436664362
1.9931035868
1.99156074483
1.98974224541
1.98766015472
1.98533401559
1.98278950909
1.98005648522
1.97716670741
1.97415162117
1.97104035252
1.96785804203
1.96462456796
1.96135370073
1.95805272704
1.95472255595
1.95135826224
1.94794995523
1.94448381341
1.940943119
1.93730916156
1.93356193914
1.92968064904
1.92564401401
1.92143053069
1.91701875731
1.91238777787
1.90751798398
1.90239228254
1.8969977409
1.89132750347
1.88538258852
1.87917301172
1.87271773239
1.86604324066
1.85918106267
1.85216479366
1.84502729968
1.83779850524
1.83050389207
1.8231636284
1.81579217244
1.8083982104
1.80098483958
1.79354994834
1.78608676023
1.77858450128
1.7710291328
1.76340408023
1.75569089365
1.74786979669
1.73992011427
1.73182060892
1.7235497957
1.71508634426
1.70640970783
1.69750112923
1.68834513431
1.67893149334
1.66925739108
1.65932925229
1.64916349899
1.63878568606
1.62822801032
1.61752582878
1.60671413545
1.59582477067
1.58488468057
1.57391513209
1.56293158949
1.55194395231
1.54095694336
1.52997053716
1.51898039429
1.5079783063
1.49695266512
1.48588896121
1.47477029925
1.46357790835
1.45229162431
1.44089033596
1.4293524154
1.41765618881
1.40578054419
1.39370580382
1.38141499133
1.36889556057
1.3561414862
1.34315534109
1.32994969889
1.31654712446
1.30297835733
1.28927898629
1.27548553927
1.26163204149
1.24774770155
1.23385582115
1.21997363644
1.20611268554
1.19227936963
1.17847550679
1.16469879578
1.15094318477
1.13719918118
1.1234541511
1.10969265122
1.09589681945
1.0820468318
1.06812142045
1.05409844741
1.03995554309
1.02567084635
1.01122391404
0.996596886064
0.981775971649
0.966753230213
0.951528437551
0.936110586928
0.920518405473
0.904779362198
0.888927099611
0.872997848818
0.857026786065
0.841045193767
0.825078822847
0.809147362559
0.793264654327
0.777439256604
0.761675071114
0.74597187201
0.73032568522
0.714729034289
0.699171107739
0.683637919922
0.668112537794
0.652575433115
0.637004996678
0.621378224838
0.605671567553
0.589861919122
0.573927739373
0.557850305969
0.54161509922
0.525213285237
0.508643173233
0.491911386964
0.475033367344
0.4580328206
0.440939937701
0.423788605945
0.406613214221
0.389445779626
0.372313922678
0.355239844314
0.338240135415
0.321326100716
0.304504288343
0.287777006021
0.271142707873
0.25459621988
0.238128832382
0.221728329792
0.205379055763
0.189062126101
0.17275589707
0.156436769781
0.140080366171
0.123663067764
0.107163902937
0.090566873721
0.0738642244754
0.0570626796785
0.0402019243719
0.0234485115606
0.0083731156609
0.0137111594688
0.0301864942932
0.04736541949
0.0646846678821
0.0820260513707
0.0993358496861
0.116580602934
0.133737283081
0.15079002254
0.167728554305
0.184547270275
0.2012446287
0.217822834632
0.234287747786
0.250648956232
0.266919922332
0.283118069701
0.299264648391
0.315384209462
0.331503562531
0.347650192448
0.363850256141
0.380126416614
0.396495837347
0.41296862763
0.429546922098
0.446224654681
0.46298799771
0.479816390999
0.496684059479
0.51356188256
0.530419427572
0.547226917341
0.563956903554
0.580585480639
0.597092982677
0.613464217719
0.629688371765
0.645758743147
0.661672454549
0.677430252244
0.69303645572
0.708499072105
0.723830037613
0.739045488133
0.754165894141
0.769215836733
0.784223187779
0.799217535692
0.814227893861
0.829279996013
0.844393696183
0.859581016058
0.874845188279
0.890180740433
0.905574413875
0.921006607703
0.936453066211
0.951886613887
0.967278819323
0.982601511256
0.997828083678
1.01293453437
1.02790020019
1.04270818736
1.05734553678
1.0718032006
1.08607592537
1.10016213757
1.1140639113
1.12778706906
1.14134142578
1.1547411295
1.16800497578
1.18115648048
1.19422341638
1.20723651518
1.22022718785
1.23322445167
1.24625165532
1.25932381931
1.27244625658
1.28561466972
1.29881642856
1.31203248156
1.32523939144
1.33841117819
1.35152085121
1.36454163787
1.37744796343
1.39021623481
1.40282545861
1.415257705
1.42749842386
1.43953662865
1.45136498016
1.46297981974
1.4743812105
1.48557304261
1.49656324003
1.50736406827
1.5179924794
1.52847033977
1.53882427758
1.54908480854
1.55928443718
1.5694546878
1.57962248755
1.5898067848
1.60001638572
1.61024956567
1.62049531155
1.63073553392
1.64094749772
1.65110595495
1.661184775
1.67115809455
1.68100111043
1.690690651
1.70020562946
1.70952743861
1.71864030867
1.72753162645
1.73619220698
1.74461651506
1.75280284863
1.76075350978
1.76847499391
1.7759782153
1.78327875043
1.79039701424
1.79735819109
1.80419164499
1.81092949374
1.81760414669
1.82424494993
1.83087458003
1.83750618252
1.84414212957
1.85077465094
1.85738787312
1.86396043512
1.87046794628
1.87688489327
1.88318592859
1.88934666199
1.8953441349
1.90115714164
1.90676651497
1.91215544234
1.91730983555
1.92221874231
1.92687476815
1.9312744713
1.93541869996
1.93931285588
1.94296707932
1.94639634706
1.94962044784
1.95266374529
1.95555456828
1.95832401715
1.96100400215
1.96362450759
1.96621041085
1.96877854883
1.97133585718
1.97387912177
1.97639629025
1.97886876139
1.98127389842
1.98358719348
1.98578383155
1.98783966737
1.98973176681
1.99143869811
1.99294073517
1.99422009225
1.99526126217
1.99605148469
1.99658132789
1.99684532653
1.99684259372
1.99657731281
1.99605902746
1.99530267359
1.99432832191
1.99316060916
1.99182782341
1.99036058703
1.98879008232
1.98714583007
1.98545318496
1.98373091669
1.98198939213
1.98022982525
1.97844477736
1.97661969866
1.97473501811
1.97276824523
1.97069570706
1.96849377163
1.96613959298
1.96361151095
1.96088926679
1.95795418309
1.95478942763
1.95138044407
1.94771558751
1.94378694584
1.93959126055
1.93513079439
1.93041395313
1.92545547757
1.92027608807
1.91490156539
1.90936134722
1.90368677414
1.89790912676
1.89205758426
1.88615723858
1.88022733354
1.87427994224
1.86831929887
1.86234191837
1.85633747552
1.85029023712
1.84418073208
1.83798734768
1.83168763663
1.8252592502
1.81868052454
1.81193081702
1.80499071953
1.79784227977
1.79046935095
1.78285816691
1.77499819604
1.76688325365
1.75851274358
1.74989277687
1.74103683027
1.73196562849
1.72270609541
1.71328947193
1.70374892376
1.69411705156
1.68442365172
1.67469392941
1.6649472297
1.65519627817
1.6454469039
1.63569821923
1.62594321806
1.61616971725
1.60636151823
1.59649963507
1.58656343952
1.57653161465
1.56638286921
1.55609642735
1.54565235699
1.53503183308
1.52421745026
1.51319370483
1.50194775387
1.49047051503
1.47875807351
1.46681320386
1.45464662511
1.44227748523
1.42973264633
1.41704467178
1.40424887257
1.39138009189
1.37846990748
1.36554465819
1.35262436093
1.33972235587
1.32684544757
1.31399434751
1.30116429662
1.28834580509
1.27552547394
1.26268686298
1.24981135837
1.23687898563
1.22386911998
1.21076106768
1.19753452357
1.18416994516
1.1706489167
1.15695460281
1.14307240668
1.12899093869
1.11470334782
1.1002089414
1.08551481117
1.07063695094
1.05560024274
1.04043688722
1.02518338558
1.00987678026
0.994551131781
0.979234984792
0.963950071298
0.948711058871
0.933525960289
0.918396846982
0.903320632433
0.88828981731
0.873293173531
0.858316385051
0.843342670155
0.828353398265
0.813328697308
0.798248036428
0.783090769316
0.767836637513
0.752466257808
0.736961648054
0.721306873664
0.705488911629
0.689498812312
0.673333165332
0.65699572026
0.640498784658
0.62386381257
0.607120590164
0.59030478366
0.573454260132
0.556605140836
0.539788606707
0.523029033283
0.506343443611
0.489741886903
0.473228272306
0.4568013011
0.440455304882
0.424180929948
0.407965687773
0.391794426324
0.375649781366
0.359512653665
0.34336273657
0.327179097604
0.310940804422
0.29462758496
0.2782205245
0.261702824399
0.245060668562
0.228284249191
0.211368972958
0.194316781913
0.177137374678
0.159848942061
0.142477948032
0.125057644744
0.107625479255
0.0902202042207
0.0728801833431
0.0556456660514
0.0385744108531
0.0218349378693
0.0071872435224
0.0141724576122
0.0302116178286
0.046653344292
0.0631100635856
0.0795255368678
0.0958940025082
0.112224813597
0.128533888966
0.144840583867
0.161165985357
0.177531604
0.193958156655
0.210464353523
0.227065672352
0.243773124612
0.26059203794
0.277520924535
0.294550588431
0.31166372748
0.328835347428
0.346034235628
0.363225484445
0.380373676978
0.397446054696
0.414414980519
0.431259307195
0.447964667836
0.464522998234
0.480931686618
0.497192675117
0.513311706097
0.529297785987
0.545162854732
0.560921597913
0.576591310117
0.592191704517
0.607744563985
0.623273146732
0.638801298055
0.654352276187
0.669947362367
0.685604374495
0.701336225603
0.717149662402
0.733044301009
0.749012067342
0.765037156974
0.781096636195
0.797161772569
0.81320007237
0.829177819654
0.845062729669
0.860826254941
0.876445178436
0.891902354313
0.907186697435
0.922292674041
0.937219576584
0.951970809237
0.966553320514
0.980977234176
0.995255663244
1.00940464298
1.02344308068
1.03739259058
1.05127706776
1.06512187004
1.07895253811
1.09279309505
1.1066641016
1.12058075206
1.13455132328
1.14857621981
1.16264772794
1.17675046355
1.1908624189
1.20495648487
1.21900231567
1.23296838344
1.24682403367
1.260541325
1.274096453
1.28747063212
1.30065042407
1.31362761015
1.32639877279
1.33896476398
1.35133020755
1.36350313017
1.37549475932
1.3873194738
1.39899484105
1.41054162436
1.4219835922
1.43334692963
1.44465906829
1.45594685698
1.46723419976
1.4785395351
1.48987369329
1.50123862778
1.51262726433
1.52402438386
1.53540822058
1.54675239897
1.55802791126
1.56920495913
1.58025457748
1.59115000182
1.60186775001
1.61238839069
1.62269698538
1.63278322301
1.64264130477
1.65226966776
1.66167064867
1.67085017987
1.6798175849
1.68858550412
1.69716993574
1.70559032242
1.71386954701
1.72203363033
1.73011087627
1.73813024119
1.74611887996
1.7540991509
1.76208572447
1.77008359644
1.7780875753
1.7860832879
1.79404924648
1.80195931954
1.80978506442
1.81749763979
1.82506924639
1.83247417066
1.83968953591
1.84669584356
1.85347734962
1.8600222939
1.8663229902
1.87237579379
1.87818097887
1.88374257417
1.88906821059
1.89416902683
1.89905965519
1.90375826894
1.90828661351
1.91266986724
1.91693609643
1.92111502618
1.92523591687
1.92932459539
1.9334001239
1.93747199118
1.94153874854
1.94558853015
1.94960115888
1.95355102836
1.9574099271
1.96114929231
1.96474175815
1.96816210732
1.97138782127
1.9743994084
1.97718063259
1.97971870417
1.98200444945
1.98403244868
1.98580112574
1.98731278053
1.98857357055
1.98959346173
1.99038617186
1.99096911599
1.9913633277
1.99159327228
1.99168639406
1.99167217307
1.99158045665
1.99143895714
1.99127012169
1.99108801538
1.990896155
1.99068707752
1.99044379198
1.99014253174
1.9897558711
1.98925542349
1.9886137551
1.98780552173
1.9868080331
1.98560148647
1.984169066
1.98249703433
1.98057487778
1.97839551568
1.97595554939
1.97325550744
1.97030003971
1.96709802309
1.96366255754
1.96001084541
1.95616394683
1.95214638354
1.94798552202
1.94371061685
1.93935136761
1.93493588515
1.93048812624
1.92602514124
1.92155477483
1.91707454787
1.91257215821
1.90802746336
1.90341529187
1.89870827951
1.89387914799
1.88890221127
1.88375418789
1.87841453526
1.87286553601
1.86709231944
1.86108293848
1.85482856322
1.84832380149
1.84156711295
1.83456124734
1.82731361387
1.81983648412
1.81214694729
1.8042665689
1.79622073824
1.78803771019
1.77974734788
1.77137956325
1.7629624604
1.75452024467
1.74607108285
1.73762525415
1.72918402744
1.72073962663
1.71227637327
1.70377273467
1.69520375393
1.68654332125
1.67776593082
1.66884781545
1.65976754319
1.65050625253
1.6410477144
1.6313783792
1.62148752168
1.61136754951
1.6010144913
1.59042862452
1.57961514206
1.56858470073
1.55735366488
1.5459438776
1.5343818681
1.52269751573
1.51092229684
1.49908730033
1.48722120101
1.47534835215
1.46348713642
1.45164871649
1.43983633887
1.42804532585
1.41626380631
1.40447409282
1.39265446507
1.38078104038
1.36882943841
1.35677605674
1.34459891034
1.33227809811
1.31979602064
1.30713749092
1.29428986959
1.28124333123
1.26799133385
1.25453131413
1.24086555883
1.2270021069
1.2129554353
1.19874662029
1.18440270562
1.16995517873
1.15543771067
1.14088353673
1.12632293109
1.11178113843
1.09727694519
1.08282190914
1.06842017591
1.05406879153
1.03975842843
1.02547444378
1.01119816826
0.996908294228
0.982582217755
0.968197205796
0.953731307322
0.939163989798
0.924476540802
0.909652316385
0.894676939901
0.879538560482
0.864228271756
0.848740765899
0.833075245252
0.817236519861
0.801236081146
0.785092791157
0.76883274762
0.752487987824
0.736094022944
0.719686628339
0.70329860538
0.686957194555
0.670682506287
0.654486964567
0.638375521361
0.622346344231
0.606391742213
0.590499189732
0.574652380707
0.55883227875
0.543018133434
0.527188424548
0.5113216928
0.495397225
0.47939558479
0.463299010258
0.447091730017
0.430760273559
0.414293866262
0.397684999745
0.380930245479
0.364031317849
0.34699627491
0.329840571371
0.312587502395
0.295267525449
0.277916166637
0.260570718554
0.243266474948
0.226033458784
0.208894333982
0.191863661027
0.174948215051
0.15814791759
0.141456998121
0.124865163769
0.1083587155
0.0919216819693
0.075537207426
0.0591898795855
0.042871654628
0.0266069483883
0.0107016587127
0.00785257547709
0.0235729698407
0.0400632394517
0.0567448668392
0.0735648573014
0.0905114001731
0.107577643467
0.124753811216
0.142024253919
0.159366205523
0.176749897996
0.194140177243
0.211499523531
0.228791848454
0.245986059818
0.263058493033
0.279993844768
0.296784829543
0.31343108633
0.329937849042
0.346314713155
0.362574636036
0.378733174427
0.394807896099
0.410817884531
0.426783265042
0.442724703418
0.458662853958
0.474617755842
0.490608188986
0.506651000427
0.522760400699
0.53894721285
0.555218045618
0.571574371604
0.58801153799
0.604517834155
0.621073880664
0.637652735998
0.65422113106
0.670742013889
0.68717811193
0.703495719532
0.719667743831
0.735675353162
0.751508157065
0.767163325632
0.782644216848
0.797958974959
0.813119356526
0.828139859492
0.843037118
0.857829474174
0.872536625699
0.887179257181
0.901778584547
0.916355770261
0.930931198779
0.94552363084
0.960149275078
0.974820822075
0.989546481362
1.00432905627
1.01916510092
1.03404424269
1.04894882531
1.06385410782
1.07872928461
1.09353949137
1.10824869211
1.12282298074
1.13723358353
1.15145890426
1.16548530836
1.1793067798
1.19292386647
1.20634237422
1.21957214839
1.23262611344
1.24551960352
1.25826993147
1.27089610181
1.28341855764
1.29585885253
1.3082391525
1.32058150348
1.33290684639
1.34523382196
1.35757746535
1.36994792954
1.38234938347
1.39477920879
1.40722758676
1.41967754552
1.43210553501
1.44448259477
1.45677614049
1.46895228779
1.48097846523
1.49282591685
1.50447165629
1.51589956489
1.5271005741
1.53807211503
1.54881714985
1.55934309835
1.56966088367
1.57978420814
1.58972907465
1.59951350299
1.60915734938
1.6186821115
1.62811058724
1.63746625785
1.64677229882
1.65605019687
1.66531806696
1.67458889052
1.68386898045
1.6931569712
1.70244352512
1.71171178941
1.72093850271
1.73009558348
1.73915202759
1.74807596029
1.75683669116
1.76540660223
1.7737626854
1.78188757026
1.78976996251
1.79740452717
1.80479135381
1.81193519625
1.81884467514
1.82553158394
1.83201037339
1.83829782628
1.8444128804
1.85037651259
1.85621155664
1.86194229441
1.86759364777
1.87318983747
1.87875249419
1.88429841193
1.88983736064
1.89537049925
1.90088983588
1.90637888004
1.9118142768
1.91716799343
1.92240961852
1.92750846886
1.93243536301
1.93716403255
1.94167218517
1.94594223374
1.9499616963
1.953723278
1.95722467097
1.96046814191
1.96346000193
1.96621005962
1.96873114168
1.97103873388
1.97315075382
1.9750874214
1.97687114317
1.97852627317
1.9800785628
1.98155408998
1.98297751039
1.98436965331
1.98574479551
1.98710827214
1.98845519425
1.98977076452
1.99103211115
1.99221104225
1.99327695573
1.99419933044
1.99494955761
1.9955021396
1.99583540894
1.99593193029
1.99577870158
1.99536721579
1.99469340626
1.99375748388
1.99256367983
1.99111992225
1.98943748901
1.98753068162
1.98541655512
1.98311471267
1.98064713457
1.97803795953
1.97531307536
1.97249932118
1.96962308678
1.96670817857
1.96377306481
1.96082799904
1.95787286781
1.95489661129
1.95187856376
1.94879130035
1.94560405939
1.94228582745
1.93880757815
1.93514360203
1.93127213244
1.92717554169
1.92284033394
1.91825707595
1.91342032925
1.90832859316
1.90298424015
1.89739341793
1.89156590113
1.88551489091
1.87925677422
1.87281085761
1.86619907763
1.85944565889
1.85257664344
1.84561916067
1.83860026612
1.83154519268
1.82447498534
1.81740376884
1.81033626222
1.80326638616
1.79617763485
1.78904526059
1.7818396001
1.77452953305
1.76708526241
1.75948008635
1.75169125239
1.74370018527
1.73549239303
1.72705727792
1.71838798328
1.70948132897
1.70033783226
1.69096177672
1.68136127507
1.67154827057
1.66153843268
1.65135092102
1.64100800732
1.63053455046
1.61995730649
1.60930402766
1.59860227285
1.58787784423
1.57715281876
1.56644329232
1.55575718899
1.54509271181
1.5344380417
1.52377259276
1.5130695882
1.50229924807
1.49143176837
1.48043953307
1.46929840381
1.45798824048
1.4464929335
1.43480021815
1.42290146725
1.41079157642
1.39846898709
1.38593583873
1.37319820053
1.36026630176
1.34715466218
1.3338820243
1.32047101053
1.30694746656
1.29333949316
1.27967619957
1.2659862223
1.25229605403
1.2386282389
1.22499953978
1.21141927753
1.19788814927
1.18439787555
1.17093192055
1.15746726162
1.14397686228
1.130432302
1.11680604411
1.103073038
1.08921161248
1.07520380497
1.06103534616
1.04669551002
1.03217698812
1.01747588747
1.00259189507
0.987528600677
0.972293916503
0.956900480099
0.941365882783
0.925712549419
0.909967126521
0.894159320648
0.878320247527
0.86248046115
0.846667889684
0.830905899577
0.815211664709
0.799594972183
0.784057571996
0.768593163191
0.753188070518
0.737822577105
0.722472751129
0.707112490039
0.691715465218
0.676256708023
0.660713705816
0.645067015222
0.629300500233
0.613401347829
0.597360013219
0.581170220201
0.564829104506
0.548337544404
0.531700670046
0.514928475086
0.498036371709
0.481045451331
0.463982178735
0.446877308087
0.429763987511
0.412675266956
0.395641428031
0.378687605948
0.361832054689
0.345085200419
0.328449447169
0.311919604493
0.29548379098
0.279124684836
0.262821003913
0.246549090316
0.230284462065
0.214003198234
0.197683057492
0.181304289043
0.16485016324
0.148307310614
0.131666008351
0.114920608078
0.0980704102543
0.0811216198497
0.0640921828177
0.0470263798209
0.030057111264
0.0139178409682
0.00946942959887
0.0243922601554
0.0413382513949
0.058530118617
0.0757359186971
0.0928771251945
0.109915294465
0.126830702114
0.14361586506
0.160272461632
0.17680923883
0.193240320425
0.209583746453
0.225860173085
0.242091696565
0.258300791828
0.274509378546
0.290738036746
0.307005386954
0.323327628783
0.339718204837
0.356187532151
0.372742727649
0.389387251382
0.406120405898
0.422936669187
0.439824912883
0.456767673883
0.473740791742
0.490713833691
0.507651687713
0.524517406558
0.541275876161
0.557897432849
0.574360499024
0.59065271971
0.606770676415
0.622718661968
0.638507076228
0.65415084911
0.66966808604
0.685078970297
0.70040487413
0.715667609506
0.730888762882
0.746089084152
0.761287922984
0.776502717647
0.791748539604
0.80703768392
0.822379276692
0.837778853953
0.853237860205
0.868753028496
0.884315649164
0.899910822554
0.915516923227
0.931105647007
0.946643076897
0.96209205433
0.977415706543
0.992581407883
1.00756411685
1.02234823186
1.03692774019
1.05130506036
1.06548925258
1.07949418237
1.09333696801
1.10703680647
1.12061412868
1.13408997846
1.14748550736
1.16082150206
1.17411789418
1.18739323389
1.20066413238
1.2139446902
1.22724592657
1.24057521366
1.25393570499
1.26732574152
1.28073823431
1.29416007215
1.30757169218
1.32094706699
1.33425445203
1.34745820256
1.36052171395
1.37341107784
1.3860986079
1.39856530281
1.41080170842
1.42280727112
1.43458873854
1.44615826192
1.45753167446
1.46872716134
1.47976433645
1.4906636333
1.50144588308
1.51213195867
1.52274238827
1.53329687531
1.54381369736
1.55430899253
1.56479597129
1.57528410928
1.58577837892
1.59627856796
1.60677872283
1.61726675908
1.62772431209
1.63812695775
1.64844498949
1.65864494139
1.66869193215
1.67855264536
1.68819844125
1.69760790433
1.70676824217
1.71567534258
1.72433274131
1.73275000876
1.74094105825
1.74892270631
1.75671361391
1.76433358913
1.77180315326
1.77914324447
1.78637493453
1.79351904959
1.80059561386
1.80762307476
1.81461732259
1.82159057863
1.82855027974
1.83549811412
1.84242935256
1.84933257749
1.85618986117
1.86297740999
1.86966668062
1.87622597046
1.88262245168
1.88882452912
1.8948042668
1.90053951004
1.90601532163
1.91122449547
1.91616716104
1.92084972412
1.92528349968
1.9294833636
1.93346663387
1.93725226069
1.94086030391
1.94431161383
1.94762760132
1.95082997051
1.95394028856
1.95697928388
1.95996580977
1.96291549294
1.96583920195
1.96874158687
1.97162000416
1.97446410065
1.97725619016
1.97997237313
1.98258420945
1.98506070437
1.98737039427
1.98948337148
1.99137312065
1.99301804216
1.99440253454
1.99551753334
1.99636047478
1.99693475364
1.99724883401
1.99731521443
1.99714943207
1.99676923297
1.99619396189
1.99544415921
1.99454130144
1.99350758435
1.99236562049
1.9911379058
1.98984591589
1.98850874436
1.98714131851
1.98575242114
1.98434294994
1.98290493796
1.9814217282
1.97986935755
1.97821882901
1.9764387422
1.97449778679
1.97236679803
1.97002028293
1.96743745693
1.96460287212
1.96150670376
1.9581447367
1.95451808352
1.95063267921
1.94649862115
1.94212944293
1.93754141211
1.93275292358
1.92778402603
1.92265607763
1.91739148396
1.91201342899
1.90654547017
1.90101083831
1.89543128235
1.8898253644
1.88420628319
1.87857958022
1.87294136224
1.86727774637
1.86156593524
1.8557767427
1.84987786527
1.843837052
1.83762457924
1.83121483946
1.82458715927
1.8177260856
1.81062136391
1.80326775771
1.795664783
1.78781638035
1.77973052658
1.77141879013
1.76289584815
1.75417899619
1.74528768501
1.7362431082
1.72706784031
1.7177854889
1.70842028142
1.69899646278
1.68953734759
1.68006387906
1.67059263974
1.66113348017
1.65168725697
1.64224444745
1.63278537262
1.62328226448
1.61370267397
1.60401321711
1.5941827105
1.58418421433
1.57399600171
1.56360175742
1.55299035645
1.54215548945
1.53109528697
1.51981199919
1.50831172803
1.49660417958
1.48470240014
1.47262246949
1.46038314206
1.44800544082
1.43551221346
1.42292764957
1.41027673189
1.39758455741
1.38487542676
1.37217158266
1.35949151358
1.34684786726
1.33424525937
1.32167855066
1.30913231832
1.29658203967
1.28399691023
1.27134355236
1.25858958225
1.24570624854
1.23266988202
1.21946234
1.20607082111
1.19248740701
1.17870857509
1.16473480658
1.1505703244
1.1362229379
1.121703941
1.10702799892
1.09221296248
1.07727956415
1.0622509707
1.04715218568
1.03200930346
1.01684860942
1.00169550295
0.986573202416
0.971501199659
0.956493493852
0.941556770048
0.926688876971
0.911878109794
0.89710376921
0.882338150158
0.867549607514
0.852705941966
0.837777305622
0.822738137837
0.807568068231
0.792252027574
0.776779909265
0.761146079595
0.745348932972
0.72939058839
0.713276747363
0.697016680898
0.680623277496
0.664113061572
0.64750608308
0.630825587972
0.614097407008
0.597349042648
0.580608478342
0.563902767796
0.547256477161
0.53069005796
0.514218242348
0.497848594644
0.481580424615
0.465404334183
0.449302662634
0.43325095377
0.417220300033
0.401180136259
0.385100918125
0.368956209156
0.352723952324
0.33638697138
0.319932917853
0.303353925912
0.286646197542
0.269809666795
0.252847818623
0.235767677072
0.218579927794
0.201299096051
0.183943662703
0.166535974443
0.149101805457
0.131669470959
0.114268481826
0.0969278460789
0.0796742374758
0.0625303649591
0.0455141664862
0.0286413157125
0.0119593576442
0.00513574578229
