metodo_1_dt_1:4
1.16440452895e-06
0.0127081649103
0.0127061302852
0.01270448323
0.0127015251428
0.0127002769754
0.0126978566615
0.0126955439109
0.0126931427965
0.01269065086
0.012688176647
0.0126859882966
0.0126830925326
0.0126815842136
0.0126801346299
0.0126786815464
0.0126783974824
0.0126794147672
0.0126809310686
0.0126840167938
0.012689176168
0.0126936662907
0.0127004423401
0.0127083737848
0.0127185898271
0.0127301674569
0.0127430691583
0.0127572123209
0.0127730839081
0.0127898210105
0.012807394976
0.0128247825124
0.0128418287558
0.0128584763843
0.012875139867
0.0128909327856
0.0129055255196
0.0129200675598
0.0129333041624
0.0129453927713
0.0129581516129
0.0129704732002
0.012981724474
0.0129946643948
0.0130078163983
0.0130203382192
0.0130349486779
0.0130507820459
0.0130690670631
0.0130881935684
0.0131085644338
0.0131313216239
0.0131568336422
0.0131846113198
0.0132150584405
0.0132489246162
0.0132842705943
0.0133246323691
0.0133670354658
0.0134120032335
0.0134598819546
0.0135112131913
0.0135645552219
0.0136199661733
0.0136765831271
0.0137350543189
0.0137956342907
0.0138576804601
0.0139208607139
0.0139867213928
0.0140539971577
0.0141234144807
0.0141948334108
0.0142699784082
0.0143471686283
0.0144272527517
0.0145117572926
0.0145993717072
0.0146902241637
0.0147862520955
0.0148863769257
0.0149914984641
0.0151003519882
0.0152156811658
0.0153351170511
0.0154602119051
0.0155913861324
0.0157268987361
0.0158669571871
0.0160116974855
0.0161610477286
0.0163138550723
0.0164714902876
0.0166314468664
0.0167944670943
0.0169611817507
0.0171309988968
0.0173034383119
0.0174796926661
0.0176583686562
0.0178434105341
0.0180275988331
0.0182189560648
0.0184139236173
0.018612810311
0.0188158636588
0.019023261994
0.0192353651873
0.0194521790403
0.0196740012669
0.0199063702313
0.0201390295468
0.0203814423378
0.020629914192
0.0208846646425
0.0211455409816
0.021413926205
0.0216885181302
0.0219690180882
0.0222553487666
0.0225471442618
0.0228433831666
0.0231451657909
0.0234507441367
0.0237612809292
0.0240764605653
0.0243960839896
0.0247190158614
0.025046647503
0.0253783720247
0.0257155950985
0.0260559289998
0.0264024957664
0.0267528367404
0.0271084546882
0.0274701364919
0.0278375501487
0.0282109637354
0.0285900108214
0.0289761003898
0.0293692582801
0.0297698902799
0.0301777500894
0.0305926092334
0.031014844458
0.0314449194393
0.0318825877812
0.032326795981
0.0327783510446
0.0332360119649
0.0336988755523
0.0341692036071
0.0346431846047
0.0351240492146
0.0356089505442
0.0360999643473
0.0365953843238
0.0370962753945
0.0376017245124
0.0381118051919
0.0386275858645
0.0391481400803
0.0396744878157
0.0402057889225
0.0407430044436
0.0412862326578
0.0418364849312
0.0423937563665
0.0429580039242
0.0435290619545
0.0441077084767
0.0446946201974
0.0452894780053
0.0458924904393
0.0465030593259
0.047121343052
0.0477463897988
0.0483795015206
0.0490192011846
0.0496647322073
0.0503171127944
0.0509749048727
0.0516393115911
0.0523090916847
0.0529835625908
0.053663373546
0.0543488021605
0.0550388831383
0.055735967862
0.0564339723134
0.0571400199596
0.0578508775879
0.0585668883166
0.0592882578067
0.0600153135553
0.0607485393953
0.061488213203
0.0622395276186
0.0629929795568
0.0637535547804
0.0645262786925
0.0653005840908
0.0660867142696
0.0668793791137
0.0676772734914
0.0684856370213
0.0693010288312
0.0701207143374
0.0709479090471
0.0717808646655
0.0726187423961
0.0734618664982
0.0743108511594
0.0751645646781
0.076022846382
0.0768860340855
0.0777531536736
0.0786246050875
0.079500188982
0.0803802451909
0.0812646424933
0.0821540439362
0.0830475027682
0.0839465382412
0.084850365671
0.08576093486
0.0866777611951
0.0876004408972
0.088529482843
0.0894653012762
0.0904078888709
0.0913563766194
0.0923127770505
0.0932743749684
0.0942424869241
0.0952160985518
0.0961958929211
0.0971803514833
0.0981696784136
0.0991635994719
0.100162319534
0.101164598072
0.102171188968
0.103181185537
0.104194095552
0.105210219149
0.106229765319
0.107252712488
0.108277437652
0.109305942547
0.110337724575
0.111372325736
0.112411049255
0.113453516145
0.114500271344
0.115552581357
0.116609837706
0.117670991816
0.118738311995
0.11981143943
0.120888449477
0.121972031273
0.123059699929
0.124151221773
0.12524807427
0.12634876543
0.127453742074
0.128562451371
0.129673291062
0.13078869033
0.131905932138
0.133025554034
0.134147772309
0.135270743668
0.136397139896
0.137523786324
0.138654075698
0.139783616239
0.140914391989
0.142049113927
0.143183044465
0.144319948079
0.145461308663
0.146603622603
0.14775014175
0.148898146609
0.150053206395
0.151209859841
0.152371221961
0.153533756895
0.154704232329
0.155875601458
0.15705103774
0.158230342723
0.159409147262
0.160595065708
0.161779382393
0.162969793147
0.164157635169
0.165351567645
0.166544367881
0.167737659882
0.168929522604
0.170124193061
0.171321820673
0.172515293739
0.17371005308
0.17490541113
0.176100708738
0.177302160415
0.178495533652
0.179697736861
0.180898791007
0.182101780789
0.183307252759
0.184515671825
0.185726045101
0.186939287611
0.188154948331
0.189373868482
0.19059471794
0.191818240565
0.193044496473
0.194271933531
0.195501294877
0.196732445915
0.19796518228
0.199198027814
0.200432116677
0.201667357396
0.202902040654
0.204136931194
0.205370352773
0.206604553541
0.207837577065
0.209070235657
0.210302440756
0.211534111821
0.212766449179
0.213998626084
0.21523152234
0.216465588479
0.217700328401
0.218937896422
0.22017706588
0.221417182676
0.222660768486
0.223905714817
0.225152787619
0.226402188545
0.227654056589
0.228907473396
0.230162495694
0.23141873418
0.232677179019
0.233935388162
0.235195487542
0.236455674547
0.237715908758
0.238976675062
0.240236656129
0.241496350084
0.242754846431
0.244013420883
0.245270258219
0.2465278911
0.247783799899
0.249040412258
0.250296407849
0.251554069846
0.252812151776
0.254071079784
0.25533264595
0.256594462669
0.2578591404
0.259126902299
0.260395431404
0.261666786724
0.262939923005
0.264215205692
0.265493915976
0.266773523795
0.26805480094
0.269338635843
0.270622940284
0.271908185557
0.273195830411
0.274483566725
0.2757709791
0.277057783889
0.278343787058
0.279632012218
0.280919365463
0.282205775839
0.283491270179
0.284775829258
0.286063582501
0.287350891441
0.288637658498
0.289928555552
0.291219385909
0.29251388767
0.293808309797
0.295102361542
0.296405059154
0.297707062312
0.29901149243
0.300319766993
0.301636302656
0.302948594813
0.30426236727
0.305582083534
0.306907225959
0.30823084363
0.309558155921
0.310884851033
0.312213749095
0.313543824693
0.314874649172
0.316205915639
0.317537345821
0.318869440267
0.320202034825
0.321535795351
0.322869244639
0.324204457369
0.325540810769
0.326879614463
0.328219455128
0.329562514986
0.330907955248
0.332256254044
0.333607503659
0.334962926866
0.33632113588
0.33768242295
0.339048352912
0.340418487664
0.341791828247
0.343168266811
0.344549310647
0.345933765383
0.347321197904
0.348711552047
0.350105096491
0.351499942544
0.352897247104
0.354296175435
0.355696450437
0.357098321996
0.358500923344
0.359905307938
0.361311045982
0.362719558938
0.364129526844
0.365541349344
0.366956416337
0.368374103973
0.369794254406
0.371218489459
0.372646945751
0.374079055101
0.375515550584
0.376955226009
0.378400640874
0.379850239639
0.38130449372
0.382763784137
0.384228363596
0.385696424433
0.387170073126
0.388647218446
0.39012854618
0.391613331745
0.393102043863
0.394592519522
0.396086708429
0.397581485945
0.399078993168
0.400579589237
0.402082028794
0.403587271209
0.405094896931
0.406605104516
0.408118135863
0.409635796829
0.411154999818
0.412680339518
0.41420695284
0.41574111574
0.417277030198
0.418818022859
0.420364427223
0.421916494252
0.423474567325
0.425038607099
0.426604692023
0.428180908062
0.429759056657
0.431341518874
0.43292975389
0.434527139549
0.436124151713
0.437723882943
0.439330850767
0.440940057032
0.442550708905
0.444167767568
0.445784203601
0.447400080917
0.44902607105
0.450651209235
0.452279427878
0.453910963672
0.455547181761
0.457186755661
0.458829773348
0.460477553383
0.462130115939
0.463787386175
0.465448576601
0.467116357402
0.468788405837
0.470466695029
0.47215009886
0.473839670124
0.475534986944
0.477235925241
0.478941443018
0.480653374983
0.482369191375
0.484089911519
0.485814007498
0.48754271853
0.489274113854
0.491008354728
0.492745492411
0.494485650842
0.496228547772
0.497974822052
0.499723300966
0.501475081971
0.50323037116
0.504988082551
0.506749733292
0.508514575115
0.510283404904
0.512056423115
0.513835035537
0.515616858302
0.517403906776
0.519196203809
0.52099367115
0.522795705524
0.524604225914
0.526417492869
0.528236996963
0.530060971608
0.531889646766
0.533722895853
0.535559693343
0.537401118563
0.53924484338
0.541091944847
0.54294232818
0.544793997054
0.546648981236
0.548506330809
0.5503651511
0.552227482708
0.554091806073
0.555956759361
0.557826408633
0.559697331867
0.561572914133
0.563450084849
0.565329906982
0.567214412291
0.569102203341
0.570995700278
0.572893201265
0.574792337936
0.576699124745
0.578610276179
0.580526740856
0.582444489965
0.584370585174
0.586298180166
0.588230230417
0.590166474964
0.592102797949
0.594042610906
0.595985696433
0.597931762566
0.599880714576
0.601827632799
0.603776681022
0.605732255356
0.607685616318
0.609639695042
0.611595841623
0.613551987714
0.615508594366
0.617471873909
0.619435038769
0.621403710272
0.623366195124
0.625338963037
0.627310822533
0.629293405013
0.631273187517
0.633255951626
0.635247785227
0.637240957219
0.639235706806
0.641235157399
0.643238780482
0.645244615368
0.647252767865
0.649263176466
0.651276762718
0.653290608873
0.655305727657
0.657323389206
0.659341069447
0.661359415288
0.66337875114
0.665398619878
0.667418591338
0.669439629039
0.671461828088
0.673483427043
0.675507196519
0.677531502966
0.679556536286
0.681583847617
0.683612800712
0.685644856504
0.687678882977
0.689716688363
0.691757362916
0.69380023268
0.695847328045
0.697896781128
0.699949179855
0.702004135641
0.704060769386
0.706120502651
0.708180664371
0.710243146569
0.71230643379
0.714370984023
0.716436295509
0.718501031062
0.720567523167
0.722633446835
0.724699218193
0.726764412631
0.728830673502
0.730896522475
0.732962563138
0.735028523337
0.737095065938
0.739162965044
0.741231072493
0.743301145012
0.745373386114
0.747446793716
0.749523658402
0.751602623796
0.753684334326
0.755768032896
0.757856597351
0.759945128364
0.762037322784
0.764131767897
0.766226439926
0.76832504454
0.770423175188
0.772520699137
0.774622342815
0.776720771855
0.778823179446
0.7809223238
0.783026380159
0.785125377133
0.787225630974
0.789325727444
0.791427894405
0.793524619595
0.795624140259
0.7977270569
0.799824626899
0.801926203713
0.804032404573
0.806133670821
0.808240002289
0.810351944372
0.812464001123
0.814576195731
0.816693239017
0.818814892997
0.82093514953
0.823059618379
0.825181060304
0.827311541645
0.829443813127
0.831570844116
0.833704456908
0.835836873912
0.837968920099
0.840104774071
0.842244041379
0.844378289042
0.846507364584
0.848644005017
0.850780345891
0.852914474206
0.855047042984
0.857182782449
0.85931462151
0.861448777139
0.863584296721
0.86572514776
0.867864848746
0.870006374128
0.87215013113
0.87429759377
0.876446780607
0.878599684301
0.880754490717
0.88291254526
0.885072870045
0.887236211008
0.889400639282
0.891568095606
0.893737085565
0.895907720747
0.898080225418
0.900252380338
0.902426932796
0.904601545854
0.906776454414
0.908952255974
0.911127236139
0.913303347027
0.915479303837
0.917655767245
0.919831827008
0.92200871432
0.924186670052
0.926365772825
0.928546539441
0.930729792097
0.932915126312
0.935102941245
0.937294766134
0.93948891095
0.941685525319
0.943886850093
0.946089817619
0.948296507508
0.950505835424
0.95271771306
0.954931969365
0.95714841306
0.95936777348
0.961587804136
0.963809841131
0.966033035884
0.968257199877
0.970483306803
0.972709807023
0.974935445766
0.97716204681
0.979389713846
0.981615533556
0.983845049297
0.986074004831
0.988305110281
0.990536087292
0.992770085377
0.995005555674
0.997245001883
0.999487475982
1.00172949641
1.00397717693
1.00622896322
1.00848297878
1.01074191908
1.01300385998
1.01526607126
1.01753253088
1.01980304622
1.02207748057
1.02435121114
1.02662888718
1.02891050526
1.03119057546
1.03346856927
1.03574976145
1.03803395969
1.04032125687
1.04260554275
1.04488656037
1.04717028475
1.04945700727
1.05174711662
1.05403318917
1.0563228265
1.05861592242
1.06090609023
1.06320616022
1.0655018185
1.06780827911
1.07010986647
1.07242129615
1.07473455203
1.07704881072
1.07936379224
1.08168574183
1.08400649134
1.08633291134
1.08866455784
1.09099970172
1.09332932325
1.09566811325
1.09800693293
1.10034478529
1.10267909364
1.10501807413
1.10735992271
1.10969493737
1.11203866254
1.11437834539
1.11671901531
1.11905997606
1.121401889
1.1237444842
1.12608931368
1.1284354372
1.13078360626
1.13313463588
1.13548670006
1.13784203375
1.14020020353
1.14256081944
1.14492424127
1.14729001069
1.14965950981
1.15203020084
1.15440365513
1.15677992916
1.15915711677
1.16153686412
1.16391645192
1.16629808298
1.16868006675
1.17106166593
1.17344303346
1.17582350924
1.17820356662
1.18058362873
1.18296220656
1.18534185052
1.18772011326
1.190098613
1.19247786976
1.19485731559
1.19723759296
1.19961893716
1.2020019416
1.20438581272
1.2067707823
1.20915816894
1.21154709945
1.21393781558
1.21632984255
1.21872419673
1.22111950167
1.22351423883
1.22591502355
1.2283115428
1.23071244081
1.23311178903
1.23551225109
1.23791180939
1.24030847856
1.24270882025
1.24510121543
1.24749450595
1.24988477974
1.25227758519
1.25466801465
1.25705332282
1.25944151817
1.26182497603
1.2642097018
1.26659434983
1.26897635616
1.2713604248
1.27374115795
1.2761251675
1.27851352804
1.28089428829
1.28327920692
1.28566919495
1.28805155418
1.29043922376
1.29282560058
1.29521058521
1.29760078983
1.29998209177
1.30236789939
1.3047507513
1.30713743359
1.30951222075
1.31189029628
1.31426285968
1.31663820297
1.31900670727
1.32136951243
1.32373340023
1.3260903277
1.32844784261
1.33080599864
1.3331557657
1.33551390343
1.33786221094
1.34020944909
1.34255479697
1.34490623767
1.34724562616
1.34958926296
1.35193710182
1.35427893104
1.35662219369
1.35895713865
1.36130042724
1.36364132804
1.36597884749
1.36831553862
1.3706504862
1.37298298262
1.37531263544
1.37763866798
1.37996197093
1.38228156418
1.38459672689
1.38690810109
1.38921605037
1.39151974203
1.3938204545
1.39611702369
1.39841070624
1.40070157712
1.40298859443
1.40527379252
1.4075561713
1.40983567232
1.41211417476
1.41438948221
1.41666438351
1.4189375885
1.42120870223
1.42347919871
1.42574856952
1.42801600774
1.43028181558
1.43254601491
1.4348076258
1.43706741845
1.43932423655
1.44157807611
1.44382760952
1.44607343658
1.44831562067
1.45055311154
1.45278683849
1.45501581722
1.45724004274
1.45946140344
1.4616779493
1.46389124806
1.46610057155
1.46830652513
1.47051033034
1.47270775517
1.47490629851
1.4771026976
1.47929404922
1.48148428188
1.48367583925
1.48586359627
1.48804774375
1.49023529357
1.49242142386
1.49459987605
1.49678299615
1.49895971461
1.50113614328
1.50331133173
1.50547991076
1.50764220689
1.50980489298
1.51196719788
1.51412416321
1.516274783
1.51842035874
1.52056071489
1.52270281717
1.5248333226
1.52696663234
1.52909588618
1.53122145476
1.53334353353
1.53546237923
1.53757823527
1.5396913827
1.54180184492
1.54391789271
1.54602348809
1.5481348933
1.55024327503
1.55234862719
1.55445065597
1.55655646571
1.55866627125
1.56076163153
1.56286753138
1.56496580476
1.56705510107
1.56915213276
1.57123817107
1.57333056135
1.575409434
1.57749237886
1.57956902129
1.58163849461
1.58370899513
1.58576991482
1.58783937813
1.58989686956
1.59195100535
1.59401000411
1.5960635665
1.59811019217
1.60016037347
1.60220920144
1.60425615575
1.6063028204
1.60834884037
1.61039537701
1.61244064589
1.61448668664
1.61653243517
1.61857671532
1.62062025909
1.62266270016
1.62470469971
1.62674387259
1.62878182392
1.63081714257
1.63284944984
1.63488028151
1.63690823669
1.63893394672
1.64095608237
1.64297620904
1.64499386305
1.64700884951
1.64902171479
1.65103216274
1.65304071201
1.65504729065
1.65705340859
1.65905783877
1.66106155499
1.66306595269
1.66507062745
1.66707505787
1.66907984904
1.67108611212
1.67309197136
1.67509789826
1.67710437934
1.67911114934
1.68111695728
1.68312184407
1.68512542203
1.68712949004
1.6891304821
1.69112819988
1.69312604226
1.69512152003
1.69712018481
1.69911066036
1.70110023292
1.70308951359
1.70507269159
1.70705676059
1.70904253471
1.71101882102
1.71299737124
1.7149807945
1.71695733413
1.71893310653
1.72090884575
1.72289345521
1.72487261944
1.72684790224
1.72883271662
1.73081322463
1.73279790086
1.73477800898
1.73676143948
1.73874882036
1.7407317353
1.74271002257
1.74469176529
1.74667672633
1.74864874685
1.75063171414
1.75260941509
1.75458143573
1.75655596862
1.75852434918
1.76049493438
1.76245896911
1.7644248331
1.76638374762
1.76834437418
1.77030663223
1.77226109086
1.77422652661
1.77618388459
1.77814284007
1.78010232413
1.78205336291
1.78401358486
1.78598242403
1.78794020535
1.78990515669
1.79186614785
1.79382262099
1.79579211271
1.79775449242
1.79970843802
1.80167211494
1.80363431367
1.80558407666
1.80753945452
1.80949913541
1.81145172636
1.81339595485
1.81534030928
1.81728319752
1.81922338486
1.82116942937
1.82310013005
1.82503404673
1.82696996051
1.82889664547
1.83082983317
1.83275925308
1.83468759106
1.83661541547
1.83854314214
1.84047119626
1.84239876016
1.84432574629
1.84625339632
1.84818043783
1.85010593176
1.85203058667
1.85395520407
1.85587642466
1.85779713513
1.85971488402
1.86163128808
1.86354432688
1.86545409169
1.86736047175
1.86926406307
1.87116357147
1.8730596338
1.87495196943
1.87684126942
1.87872585368
1.88060797926
1.88248656268
1.8843623065
1.88623559473
1.88810624614
1.88997535791
1.8918439549
1.89370937328
1.8955741571
1.89743675015
1.8992977406
1.90115571042
1.90301577429
1.90487173614
1.90672521802
1.90857539423
1.91042310255
1.91226918013
1.91410816213
1.91594694423
1.91777831532
1.91960283538
1.92142859222
1.92324892613
1.92505683022
1.92686766246
1.92866750493
1.93046361969
1.93225841906
1.93404347078
1.93582857482
1.93760589411
1.93937759093
1.94114263728
1.94291109566
1.94467529992
1.9464277607
1.94818475281
1.94993983871
1.95168335471
1.95343353151
1.95517268249
1.95691051264
1.95864618927
1.96037153435
1.96209472079
1.96381619873
1.9655266394
1.96723479813
1.96894049773
1.97063426878
1.9723249604
1.97400302321
1.97568681179
1.97734809616
1.97901489459
1.98066829026
1.98230802521
1.98395354218
1.98558539408
1.9872132206
1.98883726611
1.99044723104
1.99205291682
1.9936637299
1.99525992764
1.99685071066
1.99844548117
2.00002385915
2.0016048559
2.00317782384
2.00474201056
2.00630630687
2.0078598537
2.00941156783
2.0109502704
2.01248481663
2.01401394835
2.01553633408
2.01705064607
2.01855546802
2.02004946581
2.02154127032
2.02301972458
2.02448354799
2.02595168471
2.02740322085
2.02884701448
2.03028215249
2.03170754464
2.03313203092
2.03454437514
2.03595371521
2.03735433088
2.03874748549
2.04013404063
2.04151514466
2.04288884649
2.04425654433
2.04561767623
2.04697128249
2.04831853554
2.04965906401
2.05099314589
2.05231895139
2.05363686817
2.05494774145
2.05624956093
2.05754300339
2.05882689977
2.0601023616
2.0613683485
2.06262374055
2.06387008179
2.06510669443
2.06633391294
2.06755214051
2.06876145899
2.06996311446
2.07115595849
2.07234134076
2.07351915285
2.07468986935
2.07585262766
2.07700853306
2.07815789318
2.07930032236
2.08043808174
2.08156638225
2.08268441358
2.08380077198
2.08490817243
2.08600848971
2.08710157891
2.08818923023
2.08927189915
2.09034269725
2.09140178955
2.09245056249
2.09349634688
2.09453320672
2.09555376915
2.09656580401
2.09757220227
2.09857273277
2.09956059304
2.10053741369
2.10151176588
2.10247701793
2.10343379961
2.10438317455
2.10532615942
2.10625452675
2.10718713355
2.10810642973
2.10902278942
2.10993658947
2.11083903662
2.11173057463
2.11263069614
2.11351112667
2.11439122517
2.11526147892
2.1161315684
2.11699184119
2.11784217487
2.11868238247
2.11952213731
2.12035146656
2.12117025936
2.12197843481
2.12277605567
2.12357312125
2.12435983608
2.12513634573
2.12591267883
2.12667895697
2.12743524666
2.12818150215
2.12892765122
2.12966355492
2.13039908179
2.13112394462
2.13184786699
2.13256042145
2.13327129626
2.13397974935
2.13467544467
2.13537721492
2.13606452632
2.13675634611
2.13744157175
2.13810927115
2.13878776898
2.13944625367
2.14010336525
2.1407572157
2.14139708199
2.14204114635
2.14266873841
2.14328856406
2.14390890429
2.14451020083
2.1451187102
2.14570647167
2.14629977678
2.1468790127
2.14746162322
2.14803451364
2.14860182378
2.14916490895
2.1497236981
2.15027759945
2.15082868756
2.15137539189
2.1519177638
2.15245709664
2.1529923323
2.15352368292
2.15405125791
2.15457527552
2.15509402448
2.15560815606
2.15611683934
2.1566204749
2.15711829715
2.15760995877
2.15809529292
2.15857493395
2.15904729342
2.15951442439
2.15997557111
2.1604306566
2.16088026365
2.1613242652
2.16176263972
2.16219655343
2.16262581591
2.16305082122
2.16347209697
2.16388913672
2.1643018112
2.16471143113
2.16511858273
2.16551902555
2.16591793359
2.16631779933
2.16670973255
2.16710406154
2.16749311551
2.16787733231
2.1682490645
2.16862619798
2.16899204258
2.16935648586
2.16971084093
2.17006559878
2.1704120543
2.1707511133
2.17108403993
2.17141112412
2.17173367597
2.17205266403
2.17235941602
2.17266442746
2.17296862763
2.17326295251
2.17355821264
2.17384545376
2.17412540686
2.17440863086
2.17468595436
2.1749578032
2.17522491995
2.17548737879
2.17575554848
2.17600941811
2.17626885917
2.1765137208
2.17676367852
2.17700842396
2.17723759021
2.17747080601
2.1776977032
2.17791791554
2.17813108296
2.17833687538
2.17853489455
2.17873490294
2.17891655396
2.17909937551
2.17927323349
2.17943765603
2.17960211867
2.17975656253
2.17991021264
2.18005306724
2.18019422925
2.18033342382
2.1804605001
2.18058430559
2.18070444369
2.18082046507
2.18094030177
2.18104460123
2.18115068913
2.18124779395
2.18134450429
2.18142969615
2.1815110372
2.1815868999
2.18165654303
2.18171753632
2.18176922825
2.18181891145
2.18185621093
2.18188831861
2.18191411952
2.18193257082
2.18194215773
2.18193750948
2.18193043806
2.18191467034
2.18189250533
2.18186158861
2.18182417417
2.18178010764
2.18172861781
2.18167030944
2.18160648553
2.18153691486
2.18146112367
2.18137867642
2.18129168282
2.18119718226
2.18109628642
2.18098797585
2.18087320476
2.18075009664
2.18061958585
2.1804790056
2.18033021606
2.18017241482
2.18000527397
2.17982831694
2.17964220548
2.17944611855
2.179239322
2.17902270339
2.17879662414
2.17856026346
2.17831435969
2.17805857177
2.17779281055
2.17751797843
2.17723495419
2.17694234606
2.17664236001
2.17632792643
2.17600892115
2.17568688922
2.17534452748
2.17500120675
2.17465805084
2.1742970551
2.17392807812
2.1735419882
2.1731589321
2.17275044763
2.17234588134
2.17192681303
2.17149337649
2.17104659891
2.17058646552
2.17012382242
2.16963937708
2.16914341373
2.16863656181
2.16811944836
2.16759260588
2.16704681248
2.16649257277
2.16593054977
2.16535136276
2.1647556656
2.16415408733
2.16354718012
2.16292545107
2.16228932249
2.16163908686
2.16098493016
2.16031678804
2.15964454817
2.15895799625
2.15825681837
2.15755056779
2.15681904585
2.15609144947
2.15533773719
2.15457717002
2.15379942264
2.15301379241
2.15221003634
2.15138772894
2.15055601315
2.14971445276
2.14885260696
2.14798007997
2.14708689836
2.14618205798
2.14526504567
2.14432646326
2.14338482326
2.14242080219
2.14145265547
2.14046203549
2.13946603659
2.13844686826
2.1374216299
2.13638971367
2.13534075555
2.13427414217
2.13320680115
2.13211966144
2.13101201225
2.12989917863
2.12877233495
2.127621318
2.12647015537
2.12529244578
2.12410452496
2.12290410346
2.12168183063
2.12044583966
2.11919391629
2.11792519648
2.11664617794
2.11534804505
2.11403164539
2.11270137139
2.1113579695
2.10999339307
2.10861990076
2.10723226609
2.10582970473
2.10441359188
2.10298365051
2.10154122958
2.10008482514
2.09861580186
2.09713319809
2.09563721584
2.09412775568
2.09260326631
2.09106523844
2.08951308851
2.08794686078
2.08636488166
2.08476904692
2.0831567453
2.08152936286
2.07988692937
2.07822816774
2.07655442372
2.07486397733
2.07315796565
2.07143559366
2.06969886364
2.067945988
2.06617908894
2.06439710299
2.0626017868
2.06079514452
2.05896670822
2.05713013311
2.05528693458
2.05342857153
2.05155655811
2.04967210165
2.0477665
2.04586068567
2.04393580167
2.04200284802
2.04005283405
2.03808672929
2.03611523138
2.03412931745
2.03212977867
2.03010740607
2.02808300666
2.02603726774
2.02398097113
2.02190488168
2.01981981139
2.01772658984
2.01560618586
2.01347962
2.01133804463
2.00918254616
2.00702409164
2.00484405733
2.00265333238
2.00045274471
1.99824317667
1.99601563509
1.99379029017
1.99153845688
1.98928979363
1.98702558208
1.98475522585
1.98246998821
1.98017928283
1.97787412933
1.97556369575
1.97323882223
1.97089955295
1.96855519117
1.96619643476
1.96383237121
1.96145368449
1.95906035708
1.95666135182
1.95424761342
1.95182805289
1.94938512631
1.94694548223
1.94448315199
1.94201587602
1.93954371214
1.93705887282
1.93456139923
1.93205950884
1.92955337538
1.92703501652
1.92451218007
1.92198425102
1.91944455749
1.91689917356
1.91434792131
1.91178369712
1.90922017255
1.90665009149
1.90407249765
1.90147922729
1.8988850533
1.89628791075
1.89367416397
1.89105653452
1.88843512574
1.88580057635
1.88316056624
1.8805076016
1.87784707528
1.87518562178
1.87251016847
1.86982693299
1.86714092289
1.86444718481
1.86174507175
1.85904007446
1.85633111489
1.85361457295
1.85089293901
1.84816765941
1.84544227958
1.84270699723
1.83997078644
1.83723207322
1.83448691045
1.83173906765
1.82898866797
1.8262325518
1.82347160537
1.82070769765
1.81793727964
1.81516375328
1.81238442433
1.80959884045
1.80680906902
1.80401250945
1.80121130213
1.79840446457
1.79559159391
1.79277406432
1.78995089112
1.78712427035
1.78429343116
1.7814585243
1.77862048169
1.77578046493
1.77293729946
1.77009186793
1.76724390911
1.76439334054
1.76154174414
1.75868869817
1.75583480778
1.75297454238
1.75011529641
1.74725841421
1.74439511234
1.74152663914
1.73865403253
1.73578837912
1.73291078109
1.73003213361
1.7271535475
1.72426588909
1.7213705322
1.71847821503
1.71558042547
1.71267809579
1.7097729578
1.70685648148
1.70394911113
1.70102355261
1.69810975583
1.69518993455
1.69226513135
1.68933628161
1.68641432153
1.68348074919
1.68055579072
1.67762129995
1.67468720424
1.67175468548
1.66882369081
1.66588615807
1.66294196548
1.66001005935
1.65706302674
1.6541196069
1.65117030363
1.6482246305
1.6452731276
1.6423166537
1.63935510245
1.63400603302
