metodo_3_dt_1:24
1.40069205966e-06
0.00374887191061
0.00749755350397
0.0112462332872
0.014994911817
0.0187435897032
0.0224922675654
0.0262409460272
0.029989625714
0.0337383072532
0.0374869912735
0.0412356784049
0.0449843692789
0.0487330645282
0.0524817647869
0.0562304706902
0.0599791828749
0.0637279019789
0.0674766286414
0.071225363503
0.0749741072055
0.0787228591421
0.082471610995
0.0862203615078
0.0899691111627
0.0937178604426
0.0974666098313
0.101215359813
0.104964110873
0.108712863498
0.112461618174
0.116210375388
0.119959135629
0.123707899385
0.127456667147
0.131205439404
0.134954216649
0.138702999371
0.142451788065
0.146200583224
0.149949385342
0.153698194348
0.157447006455
0.161195820672
0.164944636763
0.168693454491
0.172442273619
0.176191093912
0.179939915132
0.183688737042
0.187437559405
0.191186381986
0.194935204547
0.198684026851
0.202432848662
0.206181669742
0.209930489855
0.213679308764
0.217428126233
0.221176942023
0.224925755899
0.228674568485
0.232423385729
0.236172208713
0.239921037322
0.243669871442
0.247418710958
0.251167555756
0.254916405722
0.258665260741
0.262414120702
0.26616298549
0.269911854992
0.273660729096
0.277409607689
0.28115849066
0.284907377895
0.288656269284
0.292405164715
0.296154064076
0.299902967258
0.303651873515
0.307400778352
0.311149681119
0.314898582066
0.318647481444
0.322396379506
0.326145276504
0.329894172692
0.333643068322
0.337391963649
0.341140858928
0.344889754413
0.348638650361
0.352387547028
0.35613644467
0.359885343545
0.363634243909
0.367383146023
0.371132050143
0.37488095653
0.378629865221
0.382378774801
0.386127684978
0.389876595755
0.393625507139
0.397374419133
0.401123331742
0.40487224497
0.408621158823
0.412370073305
0.41611898842
0.419867904172
0.423616820567
0.427365737607
0.431114655299
0.434863573645
0.438612492649
0.442361412317
0.446110332652
0.449859253659
0.453608175511
0.457357099329
0.461106025089
0.464854952511
0.468603881318
0.472352811234
0.47610174198
0.47985067328
0.483599604859
0.487348536439
0.491097467746
0.494846398503
0.498595328437
0.502344257272
0.506093184733
0.509842110547
0.51359103444
0.517339956139
0.52108887537
0.52483779186
0.528586705844
0.532335620732
0.536084537154
0.539833455045
0.54358237434
0.547331294975
0.551080216884
0.554829140004
0.558578064271
0.562326989623
0.566075915995
0.569824843327
0.573573771556
0.57732270062
0.581071630459
0.584820561011
0.588569492217
0.592318424015
0.596067356348
0.599816289155
0.603565222522
0.607314157244
0.61106309299
0.614812029201
0.618560965319
0.622309900782
0.626058835031
0.629807767504
0.633556697638
0.637305624869
0.641054548634
0.644803468368
0.648552383504
0.652301293475
0.656050197715
0.659799095654
0.663547986724
0.667296870355
0.671045745974
0.674794613012
0.67854347267
0.682292336972
0.686041207664
0.689790084001
0.69353896524
0.697287850633
0.701036739434
0.704785630892
0.708534524259
0.712283418783
0.716032313711
0.719781208289
0.723530101763
0.727278993375
0.731027882368
0.734776767984
0.738525649461
0.742274526039
0.746023396954
0.749772261443
0.753521119624
0.757269977237
0.761018835317
0.764767693695
0.7685165522
0.772265410662
0.77601426891
0.779763126773
0.783511984081
0.78726084066
0.791009696341
0.794758550949
0.798507404312
0.802256256259
0.806005106614
0.809753955206
0.813502801859
0.817251646401
0.821000488656
0.824749328449
0.828498165282
0.832246996847
0.835995823003
0.839744644088
0.84349346044
0.847242272395
0.850991080291
0.854739884466
0.858488685256
0.862237483
0.865986278033
0.869735070694
0.873483861319
0.877232650245
0.88098143781
0.88473022435
0.888479010202
0.892227795704
0.895976581191
0.899725367001
0.903474153042
0.907222936413
0.910971716354
0.914720492679
0.918469265199
0.922218033728
0.925966798075
0.929715558053
0.933464313472
0.937213064143
0.940961809875
0.944710550478
0.94845928576
0.95220801553
0.955956739596
0.959705457766
0.963454169847
0.967202875645
0.970951574967
0.974700267618
0.978448953952
0.982197637739
0.985946319728
0.989694999909
0.993443678275
0.997192354819
1.00094102953
1.00468970241
1.00843837344
1.01218704262
1.01593570994
1.0196843754
1.02343303899
1.02718170069
1.03093036052
1.03467901845
1.03842767449
1.04217632862
1.04592498085
1.04967363116
1.05342227904
1.05717092089
1.06091955616
1.06466818506
1.06841680779
1.07216542455
1.07591403552
1.07966264092
1.08341124094
1.08715983577
1.09090842563
1.0946570107
1.09840559119
1.10215416729
1.1059027392
1.10965130713
1.11339987127
1.11714843182
1.12089698898
1.12464554296
1.1283940935
1.13214263764
1.1358911749
1.13963970544
1.14338822938
1.14713674687
1.15088525805
1.15463376306
1.15838226204
1.16213075514
1.16587924247
1.1696277242
1.17337620045
1.17712467136
1.18087313707
1.18462159772
1.18837005345
1.19211850438
1.19586695066
1.19961539243
1.20336382966
1.20711226147
1.21086068775
1.21460910863
1.21835752421
1.22210593461
1.22585433994
1.22960274032
1.23335113586
1.23709952668
1.24084791289
1.2445962946
1.24834467192
1.25209304499
1.25584141389
1.25958977877
1.26333813972
1.26708649687
1.27083485032
1.2745832002
1.27833154558
1.28207987941
1.28582820103
1.28957651126
1.29332481094
1.29707310088
1.30082138193
1.30456965491
1.30831792066
1.31206618001
1.31581443381
1.31956268288
1.32331092807
1.32705917022
1.33080741017
1.33455564877
1.33830388686
1.34205212528
1.34580036488
1.34954860652
1.35329684939
1.35704508239
1.36079330356
1.36454151325
1.36828971178
1.37203789948
1.37578607669
1.37953424373
1.38328240095
1.38703054867
1.39077868723
1.39452681697
1.39827493822
1.40202305132
1.4057711566
1.40951925441
1.41326734509
1.41701542897
1.42076350639
1.4245115777
1.42825964324
1.43200770328
1.43575575757
1.43950380585
1.44325184785
1.44699988328
1.45074791188
1.45449593337
1.45824394747
1.46199195392
1.46573995243
1.46948794274
1.47323592457
1.47698389764
1.48073186169
1.48447981645
1.48822776163
1.49197569696
1.49572362218
1.49947153701
1.50321944194
1.50696734217
1.51071523849
1.51446313063
1.51821101832
1.5219589013
1.52570677928
1.529454652
1.53320251918
1.53695038057
1.54069823588
1.54444608484
1.5481939272
1.55194176266
1.55568959098
1.55943741187
1.56318522508
1.56693303032
1.57068082733
1.57442861584
1.57817639544
1.58192416486
1.58567192398
1.58941967288
1.59316741165
1.5969151404
1.60066285921
1.60441056818
1.60815826739
1.61190595695
1.61565363695
1.61940130748
1.62314896863
1.6268966205
1.63064426318
1.63439189677
1.63813952136
1.64188713704
1.64563474391
1.64938234206
1.65312993193
1.65687751577
1.66062509367
1.66437266519
1.66812022992
1.67186778742
1.67561533727
1.67936287905
1.68311041233
1.68685793668
1.69060545167
1.69435295688
1.69810045187
1.70184793621
1.70559540948
1.70934287124
1.71309032107
1.71683775852
1.72058518316
1.72433259457
1.72807999304
1.73182738346
1.73557476665
1.73932214242
1.74306951055
1.74681687085
1.75056422312
1.75431156716
1.75805890277
1.76180622975
1.7655535479
1.76930085702
1.77304815692
1.77679544739
1.78054272823
1.78428999926
1.78803726026
1.79178451105
1.79553175142
1.79927898117
1.80302620037
1.80677341064
1.81052061221
1.81426780494
1.81801498871
1.82176216339
1.82550932886
1.82925648499
1.83300363166
1.83675076873
1.84049789607
1.84424501358
1.8479921211
1.85173921853
1.85548630573
1.85923338259
1.86298044896
1.86672750472
1.87047454976
1.87422158394
1.87796860745
1.88171562222
1.88546262816
1.88920962472
1.89295661135
1.89670358749
1.90045055259
1.90419750611
1.90794444747
1.91169137614
1.91543829155
1.91918519315
1.92293208038
1.92667895268
1.93042580948
1.93417265024
1.93791947438
1.94166628135
1.94541307059
1.94915984152
1.95290659549
1.95665334542
1.96040009315
1.96414683788
1.96789357879
1.97164031506
1.97538704588
1.97913377042
1.98288048787
1.9866271974
1.99037389819
1.99412058942
1.99786727026
2.00161393989
2.00536059747
2.00910724218
2.01285387319
2.01660048967
2.02034709078
2.02409367569
2.02784024408
2.03158679913
2.03533334169
2.03907987192
2.04282638997
2.04657289601
2.05031939021
2.05406587273
2.05781234373
2.06155880338
2.06530525184
2.06905168927
2.07279811583
2.07654453169
2.08029093702
2.08403733197
2.08778371672
2.09153009141
2.09527645622
2.09902281131
2.10276915616
2.10651548616
2.11026180071
2.11400810014
2.1177543848
2.12150065504
2.12524691119
2.1289931536
2.13273938262
2.13648559858
2.14023180183
2.14397799271
2.14772417156
2.15147033873
2.15521649456
2.15896263938
2.16270877355
2.1664548974
2.17020101127
2.17394711551
2.17769320973
2.18143928913
2.1851853528
2.18893140085
2.19267743338
2.19642345048
2.20016945226
2.20391543882
2.20766141026
2.21140736666
2.21515330815
2.21889923481
2.22264514674
2.22639104405
2.23013692682
2.23388279518
2.2376286492
2.241374489
2.24512031467
2.24886612631
2.2526119241
2.2563577087
2.26010348042
2.26384923948
2.26759498611
2.27134072051
2.27508644292
2.27883215354
2.28257785261
2.28632354034
2.29006921694
2.29381488266
2.2975605377
2.3013061823
2.30505181666
2.30879744103
2.31254305562
2.31628866066
2.32003425638
2.32377984299
2.32752541948
2.33127097718
2.33501651474
2.33876203257
2.34250753108
2.34625301066
2.34999847174
2.35374391471
2.35748933999
2.36123474798
2.36498013911
2.36872551377
2.37247087238
2.37621621535
2.3799615431
2.38370685603
2.38745215456
2.3911974391
2.39494271007
2.39868796788
2.40243321283
2.40617844434
2.40992366219
2.41366886628
2.41741405653
2.42115923282
2.42490439508
2.4286495432
2.4323946771
2.43613979668
2.43988490184
2.44362999248
2.44737506851
2.45112012984
2.45486517636
2.45861020799
2.46235522461
2.46610022614
2.46984521247
2.4735901835
2.47733513894
2.4810800773
2.48482499851
2.4885699028
2.49231479041
2.49605966155
2.49980451647
2.5035493554
2.50729417857
2.51103898621
2.51478377856
2.51852855585
2.52227331832
2.5260180662
2.52976279973
2.53350751915
2.53725222469
2.54099691659
2.54474159509
2.54848626043
2.55223091189
2.55597554312
2.55972015353
2.5634647439
2.56720931499
2.57095386759
2.57469840247
2.57844292041
2.58218742218
2.58593190857
2.58967638035
2.59342083831
2.59716528324
2.60090971591
2.6046541371
2.60839854762
2.61214294824
2.61588733975
2.61963172295
2.62337609861
2.62712046577
2.63086481233
2.63460913606
2.63835343718
2.64209771591
2.64584197246
2.64958620707
2.65333041995
2.65707461133
2.66081878143
2.66456293046
2.66830705867
2.67205116626
2.67579525347
2.67953932052
2.68328336764
2.68702739505
2.69077140299
2.69451539167
2.69825936133
2.70200331305
2.7057472529
2.70949118155
2.71323509849
2.71697900316
2.72072289503
2.72446677357
2.72821063822
2.73195448846
2.73569832375
2.73944214354
2.7431859473
2.74692973448
2.75067350455
2.75441725697
2.7581609912
2.7619047067
2.76564840292
2.76939207933
2.77313573539
2.77687937122
2.78062299109
2.78436659558
2.78811018433
2.791853757
2.79559731323
2.79934085267
2.80308437497
2.80682787979
2.81057136677
2.81431483557
2.81805828583
2.8218017172
2.82554512934
2.8292885219
2.83303189452
2.83677524686
2.84051857856
2.84426188929
2.84800517869
2.85174844715
2.85549169961
2.85923493677
2.86297815833
2.86672136396
2.87046455335
2.87420772618
2.87795088213
2.88169402087
2.88543714209
2.88918024547
2.89292333068
2.8966663974
2.90040944532
2.90415247409
2.90789548341
2.91163847295
2.91538144237
2.91912439136
2.92286731959
2.92661022741
2.93035311928
2.93409599557
2.93783885565
2.94158169892
2.94532452475
2.94906733254
2.95281012166
2.95655289149
2.96029564142
2.96403837083
2.96778107909
2.97152376559
2.97526642971
2.97900907081
2.98275168828
2.9864942815
2.99023684983
2.99397939265
2.99772190933
3.00146440051
3.00520687468
3.00894933349
3.01269177685
3.01643420467
3.02017661688
3.02391901338
3.02766139409
3.03140375892
3.0351461078
3.03888844063
3.04263075734
3.04637305783
3.05011534202
3.05385760982
3.05759986116
3.06134209595
3.06508431409
3.06882651552
3.07256870014
3.07631086716
3.08005301159
3.0837951325
3.08753722998
3.09127930413
3.09502135503
3.09876338275
3.10250538739
3.10624736903
3.10998932776
3.11373126365
3.11747317681
3.12121506731
3.12495693523
3.12869878068
3.13244060372
3.13618240445
3.13992418295
3.14366593932
3.14740767363
3.15114938663
3.15489108281
3.15863276256
3.16237442533
3.16611607055
3.16985769768
3.17359930614
3.17734089538
3.18108246485
3.18482401396
3.18856554217
3.19230704891
3.19604853362
3.19978999572
3.20353143465
3.20727284985
3.21101424075
3.21475560677
3.21849694734
3.2222382619
3.22597955118
3.22972082385
3.23346208107
3.23720332221
3.24094454659
3.24468575356
3.24842694246
3.25216811263
3.25590926342
3.25965039415
3.26339150418
3.26713259284
3.27087365946
3.27461470338
3.27835572394
3.28209672047
3.2858376923
3.28957863877
3.29331955921
3.29706045295
3.30080131988
3.30454216363
3.30828298527
3.31202378516
3.31576456363
3.31950532105
3.32324605777
3.32698677412
3.33072747047
3.33446814716
3.33820880454
3.34194944296
3.34569006277
3.34943066432
3.35317124797
3.35691181406
3.36065236293
3.36439289496
3.36813341047
3.37187390983
3.37561439195
3.37935484704
3.38309527351
3.38683567174
3.39057604214
3.39431638511
3.39805670104
3.40179699033
3.40553725338
3.40927749059
3.41301770234
3.41675788905
3.42049805111
3.42423818891
3.42797830286
3.43171839335
3.43545846078
3.43919850555
3.44293852804
3.44667852867
3.45041850741
3.45415846161
3.45789839104
3.46163829608
3.46537817709
3.46911803442
3.47285786846
3.47659767956
3.4803374681
3.48407723444
3.48781697894
3.49155670198
3.49529640392
3.49903608513
3.50277574599
3.50651538686
3.5102550081
3.51399461011
3.51773419323
3.52147375785
3.52521330311
3.52895282083
3.53269230985
3.53643177075
3.54017120411
3.54391061049
3.54764999048
3.55138934464
3.55512867356
3.5588679778
3.56260725796
3.56634651461
3.57008574832
3.57382495969
3.5775641493
3.58130331772
3.58504246555
3.58878159337
3.59252070177
3.59625979133
3.59999886137
3.60373790332
3.60747691585
3.61121589942
3.6149548545
3.61869378154
3.622432681
3.62617155335
3.62991039905
3.63364921856
3.63738801234
3.64112678085
3.64486552457
3.64860424396
3.65234293948
3.65608161159
3.65982026077
3.66355888748
3.66729749218
3.67103607535
3.67477463726
3.67851317667
3.68225169291
3.68599018559
3.68972865427
3.69346709855
3.697205518
3.70094391221
3.70468228075
3.70842062321
3.71215893916
3.71589722819
3.71963548988
3.72337372379
3.72711192952
3.73085010665
3.73458825473
3.73832637337
3.74206446212
3.74580252057
3.74954054904
3.75327855263
3.75701653246
3.76075448868
3.76449242141
3.76823033077
3.77196821691
3.77570607994
3.77944391999
3.78318173721
3.78691953171
3.79065730364
3.79439505311
3.79813278027
3.80187048525
3.80560816817
3.80934582917
3.81308346839
3.81682108596
3.82055868202
3.82429625557
3.82803379894
3.83177131104
3.83550879236
3.83924624342
3.8429836647
3.8467210567
3.85045841993
3.85419575488
3.85793306207
3.86167034198
3.86540759513
3.86914482201
3.87288202314
3.87661919901
3.88035635014
3.88409347703
3.88783058018
3.89156766012
3.89530471733
3.89904175158
3.9027787578
3.90651573496
3.9102526831
3.91398960224
3.91772649239
3.92146335359
3.92520018586
3.92893698922
3.9326737637
3.93641050933
3.94014722612
3.94388391411
3.94762057331
3.95135720376
3.95509380549
3.9588303785
3.96256692285
3.96630343854
3.9700399256
3.97377638494
3.97751282247
3.98124923878
3.98498563317
3.98872200496
3.99245835347
3.99619467803
3.99993097794
4.00366725253
4.00740350111
4.011139723
4.01487591752
4.01861208398
4.0223482217
4.02608433
4.02982040819
4.03355645559
4.03729247152
4.04102845529
4.04476440621
4.0485003246
4.05223621692
4.05597208428
4.05970792637
4.06344374294
4.0671795337
4.07091529838
4.07465103669
4.07838674835
4.0821224331
4.08585809065
4.08959372073
4.09332932305
4.09706489734
4.10080044332
4.10453596072
4.10827144925
4.11200690863
4.1157423386
4.11947773887
4.12321310991
4.12694845663
4.13068377937
4.13441907741
4.13815435001
4.14188959646
4.14562481601
4.14936000795
4.15309517153
4.15683030603
4.16056541071
4.16430048485
4.16803552769
4.17177053851
4.17550551657
4.17924046112
4.18297537144
4.18671024677
4.19044508638
4.19417988952
4.1979146571
4.20164940022
4.2053841205
4.20911881727
4.21285348985
4.21658813757
4.22032275976
4.22405735573
4.2277919248
4.2315264663
4.23526097954
4.23899546384
4.24272991852
4.2464643429
4.25019873629
4.253933098
4.25766742734
4.26140172364
4.2651359862
4.26887021433
4.27260440825
4.27633857396
4.2800727127
4.28380682446
4.28754090924
4.29127496703
4.29500899783
4.29874300164
4.30247697844
4.30621092825
4.30994485104
4.31367874683
4.3174126156
4.32114645735
4.32488027207
4.32861405977
4.33234782044
4.33608155407
4.33981526066
4.3435489402
4.34728259169
4.35101620807
4.35474978833
4.35848333291
4.36221684223
4.36595031672
4.3696837568
4.37341716291
4.37715053547
4.38088387491
4.38461718165
4.38835045614
4.39208369878
4.39581691003
4.3995500903
4.40328324002
4.40701635963
4.41074944956
4.41448251023
4.41821554208
4.42194854566
4.42568152193
4.42941447061
4.43314739123
4.4368802833
4.44061314634
4.44434597987
4.44807878339
4.45181155642
4.45554429848
4.45927700908
4.46300968773
4.46674233393
4.47047494721
4.47420752708
4.47794007303
4.48167258458
4.48540506124
4.48913750252
4.49286990792
4.49660227776
4.50033461758
4.50406692834
4.5077992099
4.51153146211
4.51526368481
4.51899587785
4.52272804108
4.52646017435
4.53019227751
4.53392435039
4.53765639286
4.54138840475
4.54512038592
4.54885233621
4.55258425547
4.55631614354
4.56004800028
4.56377982553
4.56751161913
4.57124338065
4.57497510803
4.57870680126
4.58243846077
4.58617008698
4.58990168032
4.59363324121
4.59736477008
4.60109626735
4.60482773346
4.60855916882
4.61229057386
4.61602194901
4.61975329469
4.62348461133
4.62721589937
4.63094715921
4.6346783913
4.63840959606
4.64214077392
4.64587192382
4.64960303574
4.65333410808
4.65706514133
4.66079613598
4.66452709249
4.66825801135
4.67198889305
4.67571973805
4.67945054685
4.68318131993
4.68691205776
4.69064276083
4.69437342962
4.69810406462
4.70183466629
4.70556523513
4.70929577162
4.71302627624
4.71675674948
4.72048719143
4.72421759986
4.72794797457
4.73167831591
4.7354086242
4.73913889979
4.742869143
4.74659935417
4.75032953364
4.75405968175
4.75778979883
4.76151988522
4.76524994125
4.76897996728
4.77270996363
4.77643993064
4.78016986866
4.78389977802
4.78762965907
4.79135951214
4.79508933588
4.79881911865
4.80254885893
4.80627855762
4.81000821561
4.81373783378
4.81746741304
4.82119695428
4.82492645839
4.82865592627
4.83238535883
4.83611475697
4.83984412158
4.84357345358
4.84730275386
4.85103202334
4.85476126292
4.85849047351
4.86221965602
4.86594881137
4.86967793922
4.87340703134
4.87713608618
4.88086510391
4.88459408469
4.8883230287
4.89205193609
4.89578080704
4.8995096417
4.90323844026
4.90696720286
4.91069592969
4.9144246209
4.91815327667
4.92188189716
4.92561048255
4.929339033
4.93306754868
4.93679602977
4.94052447642
4.94425288906
4.94798126938
4.95170961721
4.95543793198
4.95916621312
4.96289446009
4.96662267231
4.97035084922
4.97407899027
4.97780709488
4.98153516249
4.98526319254
4.98899118447
4.99271913771
4.99644705169
5.00017492585
5.00390275963
5.00763055246
5.01135830377
5.015086013
5.01881368094
5.02254131686
5.02626892247
5.02999649762
5.03372404215
5.0374515559
5.04117903872
5.04490649045
5.04863391093
5.05236130001
5.05608865752
5.05981598332
5.06354327724
5.06727053912
5.07099776882
5.07472496617
5.07845213102
5.08217926322
5.0859063626
5.089633429
5.09336046133
5.09708745275
5.10081440223
5.10454131008
5.10826817662
5.11199500216
5.11572178703
5.11944853154
5.12317523601
5.12690190076
5.1306285261
5.13435511237
5.13808165987
5.14180816892
5.14553463986
5.14926107299
5.15298746865
5.15671382714
5.1604401488
5.16416643395
5.16789268323
5.17161889907
5.17534508153
5.17907123021
5.18279734468
5.18652342452
5.19024946931
5.19397547865
5.19770145209
5.20142738923
5.20515328964
5.2088791529
5.21260497859
5.21633076629
5.22005651557
5.22378222601
5.22750789719
5.23123352869
5.23495912007
5.23868467091
5.2424101817
5.24613565838
5.24986110164
5.25358651093
5.25731188567
5.26103722528
5.2647625292
5.26848779686
5.27221302768
5.2759382211
5.27966337655
5.28338849344
5.28711357122
5.29083860931
5.29456360713
5.29828856412
5.3020134797
5.30573835331
5.30946318437
5.3131879723
5.31691271773
5.32063742865
5.32436210635
5.32808675047
5.33181136067
5.33553593657
5.33926047783
5.34298498408
5.34670945497
5.35043389013
5.3541582892
5.35788265184
5.36160697767
5.36533126633
5.36905551747
5.37277973073
5.37650390574
5.38022804214
5.38395213957
5.38767619767
5.39140021662
5.39512419976
5.39884814707
5.40257205775
5.40629593101
5.41001976604
5.41374356205
5.41746731822
5.42119103376
5.42491470786
5.42863833971
5.43236192851
5.43608547346
5.43980897373
5.44353242852
5.44725583703
5.45097919843
5.45470251191
5.45842577667
5.46214899187
5.46587215904
5.46959529393
5.47331839912
5.47704147394
5.48076451772
5.48448752978
5.48821050945
5.49193345607
5.49565636895
5.49937924742
5.50310209082
5.50682489845
5.51054766964
5.51427040371
5.51799309999
5.5217157578
5.52543837644
5.52916095525
5.53288349353
5.5366059906
5.54032844559
5.54405085689
5.54777322462
5.55149554923
5.55521783118
5.55894007091
5.56266226886
5.56638442549
5.57010654125
5.57382861659
5.57755065195
5.5812726478
5.58499460457
5.58871652272
5.5924384027
5.59616024497
5.59988204997
5.60360381816
5.60732554999
5.61104724592
5.61476890518
5.61849051956
5.62221208799
5.62593361105
5.62965508939
5.63337652361
5.63709791433
5.64081926218
5.64454056776
5.64826183169
5.6519830546
5.6557042371
5.65942537982
5.66314648337
5.66686754837
5.67058857544
5.67430956521
5.67803051829
5.6817514353
5.68547231687
5.68919316279
5.69291396757
5.69663472989
5.70035544958
5.70407612641
5.70779676021
5.71151735078
5.71523789791
5.7189584014
5.72267886107
5.72639927671
5.73011964813
5.73383997512
5.73756025749
5.74128049504
5.74500068757
5.74872083488
5.75244093677
5.75616099304
5.7598810035
5.76360096867
5.76732089366
5.77104077959
5.77476062663
5.77848043491
5.78220020458
5.78591993578
5.78963962866
5.79335928336
5.79707890002
5.8007984788
5.80451801984
5.80823752328
5.81195698928
5.81567641797
5.8193958095
5.82311516403
5.8268344817
5.83055376265
5.83427300705
5.83799221363
5.84171137278
5.84543048301
5.84914954484
5.85286855873
5.8565875252
5.86030644472
5.86402531779
5.8677441449
5.87146292655
5.87518166322
5.87890035542
5.88261900364
5.88633760836
5.89005617009
5.89377468933
5.89749316655
5.90121160227
5.90492999698
5.90864835117
5.91236666474
5.91608493382
5.91980315785
5.92352133714
5.92723947197
5.93095756264
5.93467560943
5.93839361263
5.94211157253
5.94582948944
5.94954736362
5.95326519539
5.95698298502
5.96070073282
5.96441843906
5.96813610404
5.97185372805
5.97557131139
5.97928885434
5.98300635719
5.98672381944
5.99044123569
5.99415860521
5.99787592841
6.00159320568
6.00531043742
6.00902762403
6.01274476591
6.01646186347
6.02017891711
6.02389592724
6.02761289425
6.03132981855
6.03504670055
6.03876354065
6.04248033926
6.04619709679
6.04991381365
6.05363049025
6.05734712699
6.06106372289
6.06478026864
6.06849676323
6.07221320761
6.07592960274
6.07964594959
6.08336224913
6.08707850232
6.09079471012
6.0945108735
6.09822699344
6.1019430709
6.10565910685
6.10937510227
6.11309105813
6.11680697541
6.12052285509
6.12423869814
6.12795450553
6.13167027826
6.13538601574
6.13910170735
6.14281735079
6.14653294587
6.15024849241
6.15396399024
6.15767943918
6.16139483904
6.16511018965
6.16882549082
6.17254074238
6.17625594415
6.17997109595
6.1836861976
6.18740124892
6.19111624973
6.19483119985
6.19854609911
6.20226094732
6.20597574431
6.20969049159
6.21340520086
6.21711987364
6.22083450904
6.22454910619
6.22826366421
6.23197818221
6.23569265932
6.23940709465
6.24312148731
6.24683583642
6.25055014109
6.25426440045
6.2579786136
6.26169277967
6.26540689775
6.26912096696
6.27283498642
6.27654895524
6.28026287252
6.28397673872
6.28769056264
6.29140434565
6.29511808729
6.29883178709
6.30254544459
6.30625905931
6.30997263078
6.31368615855
6.31739964214
6.32111308107
6.32482647489
6.32853982311
6.33225312528
6.33596638093
6.33967958957
6.34339275074
6.34710586398
6.35081892881
6.35453194475
6.3582449116
6.36195783087
6.36567070289
6.36938352768
6.37309630525
6.3768090356
6.38052171875
6.3842343547
6.38794694345
6.39165948503
6.39537197944
6.39908442668
6.40279682676
6.4065091797
6.41022148549
6.41393374415
6.41764595568
6.4213581201
6.42507023739
6.42878230759
6.43249433119
6.43620631162
6.43991824895
6.44363014252
6.44734199167
6.45105379573
6.45476555402
6.45847726589
6.46218893065
6.46590054764
6.4696121162
6.47332363564
6.4770351053
6.48074652451
6.48445789258
6.48816920886
6.49188047265
6.4955916833
6.49930284011
6.50301394243
6.50672499084
6.51043599395
6.51414695334
6.5178578688
6.52156874012
6.52527956712
6.52899034958
6.53270108731
6.53641178011
6.54012242778
6.54383303011
6.54754358692
6.55125409799
6.55496456312
6.55867498213
6.5623853548
6.56609568094
6.56980596034
6.57351619282
6.57722637816
6.58093651618
6.58464660672
6.58835664954
6.59206664438
6.595776591
6.59948648914
6.60319633855
6.60690613897
6.61061589016
6.61432559185
6.61803524379
6.62174484574
6.62545439743
6.62916389861
6.63287334902
6.63658274841
6.64029209653
6.64400139311
6.64771063791
6.65141983066
6.65512897203
6.65883806824
6.66254711987
6.66625612621
6.66996508652
6.6736740001
6.6773828662
6.6810916841
6.68480045308
6.68850917241
6.69221784135
6.69592645917
6.69963502515
6.70334353854
6.70705199863
6.71076040466
6.7144687559
6.71817705163
6.72188529109
6.72559347356
6.72930160012
6.73300968316
6.73671772463
6.7404257239
6.74413368036
6.7478415934
6.75154946239
6.75525728672
6.75896506577
6.76267279891
6.76638048552
6.77008812499
6.77379571669
6.77750325999
6.78121075428
6.78491819892
6.7886255933
6.79233293678
6.79604022873
6.79974746854
6.80345465511
6.80716178514
6.81086885881
6.81457587704
6.81828284073
6.82198975079
