metodo_2_dt_1:4
2.05249846306e-09
4.67401274407e-06
4.68076478526e-06
4.6808429539e-06
4.67421371628e-06
4.68033051663e-06
4.67968607102e-06
4.68199738854e-06
4.67749191911e-06
4.67589595564e-06
4.67498824449e-06
4.67917168679e-06
4.68405781336e-06
4.68423573283e-06
4.68514597552e-06
4.679205597e-06
4.68597696448e-06
4.68804844819e-06
4.68122827469e-06
4.68514103902e-06
4.68445227657e-06
4.68689210044e-06
4.69250903768e-06
4.68952188881e-06
4.69184408226e-06
4.69546117377e-06
4.69265302957e-06
4.69325008334e-06
4.69728706034e-06
4.69498609818e-06
4.69617902076e-06
4.70089060968e-06
4.69742478696e-06
4.69942375613e-06
4.7049935529e-06
4.70246188588e-06
4.70538420766e-06
4.70024381769e-06
4.70856725349e-06
4.702624677e-06
4.70834678887e-06
4.70785411708e-06
4.70285889986e-06
4.70957600853e-06
4.71005000109e-06
4.70593590305e-06
4.7037066541e-06
4.70505173752e-06
4.7017083092e-06
4.7002648915e-06
4.70393544493e-06
4.69963565036e-06
4.70037503953e-06
4.69313762325e-06
4.69085725096e-06
4.6919695328e-06
4.68656238729e-06
4.68449745675e-06
4.67585727765e-06
4.67194049653e-06
4.66983148769e-06
4.672364932e-06
4.66677885604e-06
4.65583229112e-06
4.65789952484e-06
4.6544888619e-06
4.64283583542e-06
4.64542652095e-06
4.64104521728e-06
4.63955806649e-06
4.63100918683e-06
4.62658060334e-06
4.62489834602e-06
4.62590834672e-06
4.61964605219e-06
4.61728513738e-06
4.61613094675e-06
4.62007430568e-06
4.62509766395e-06
4.63245857618e-06
4.63349097341e-06
4.63672092708e-06
4.6420751736e-06
4.64948106059e-06
4.66016815098e-06
4.67144826995e-06
4.67592171625e-06
4.68212239213e-06
4.69988958405e-06
4.69937879862e-06
4.71027629196e-06
4.71265490041e-06
4.72743601439e-06
4.72353856641e-06
4.73067939169e-06
4.73884601012e-06
4.73903509738e-06
4.73903239029e-06
4.74077717168e-06
4.73414145808e-06
4.72713769546e-06
4.72151862839e-06
4.71631404807e-06
4.71226754098e-06
4.6985218158e-06
4.68575624493e-06
4.68311970613e-06
4.67063908772e-06
4.65896425682e-06
4.64804591253e-06
4.64711113966e-06
4.64615238936e-06
4.64514072505e-06
4.65402677514e-06
4.65217626484e-06
0.0837502548733
0.083750228448
0.0837501639268
0.0837500580027
0.0837500039492
0.0837499560415
0.0837499123005
0.083749873653
0.0837498410243
0.0837496799759
0.0837496139224
0.08374959519
0.0837495398682
0.0837494883807
0.0837494416434
0.0837493996017
0.0837492297462
0.0837491969276
0.0837491262201
0.0837491023947
0.0837490395937
0.0837489821109
0.0837489289169
0.0837488375366
0.0837487927383
0.0837487510771
0.0837486720158
0.0837485969383
0.0837485248137
0.0837484575193
0.0837483940244
0.0837483332985
0.0837482772191
0.0837481813721
0.0837481324648
0.0837480436691
0.083747958309
0.0837479673334
0.0837478886664
0.0837478132578
0.083747699604
0.083747720577
0.0837476121816
0.0837475492293
0.0837475368737
0.0837474383649
0.0837473417479
0.0837473379762
0.0837472469172
0.08374720618
0.0837471204618
0.0837470849573
0.0837470043639
0.083746973876
0.0837469458149
0.0837468300863
0.0837468067125
0.0837467855976
0.0837467232994
0.0837467065262
0.0837465593785
0.0837465467
0.0837464935558
0.0837464422917
0.0837463918665
0.0837463441441
0.0837462980776
0.0837462526179
0.0837461672068
0.0837461256218
0.0837460419806
0.0837460930087
0.0837460127497
0.0837459326128
0.0837458544672
0.0837458663505
0.0837457900691
0.0837457136777
0.0837456867028
0.0837456119313
0.083745586532
0.0837455133094
0.0837454894483
0.0837453753523
0.0837453530483
0.0837452405351
0.0837452188782
0.0837451990295
0.0837450890347
0.0837450699656
0.0837450103629
0.0837449931446
0.0837448444371
0.0837448301444
0.0837447734848
0.0837447178692
0.0837446633238
0.0837446108441
0.0837445585172
0.0837445073383
0.0837444149175
0.0837443661118
0.0837442761157
0.0837442307559
0.0837441432883
0.0837440571243
0.083744014706
0.0837439312289
0.0837438491356
0.0837437684537
0.0837437792493
0.0837436590579
0.0837435827781
0.0837435080233
0.0837434824449
0.0837433684121
0.0837432984094
0.0837432767045
0.0837431676062
0.0837431502533
0.0837430446009
0.0837429407194
0.0837429286795
0.0837428274682
0.0837427767171
0.0837426802464
0.0837426333332
0.0837425397983
0.0837424968575
0.0837424559534
0.0837423270817
0.0837422893832
0.0837421647538
0.0837421313644
0.0837421011487
0.083741983132
0.0837419140365
0.0837418906277
0.0837418261642
0.0837417174099
0.0837416576973
0.0837416013709
0.0837415465179
0.0837414050627
0.0837413551643
0.0837413077734
0.0837412638757
0.0837412215461
0.0837411393467
0.0837410130494
0.0837409359589
0.0837408614216
0.0837408318478
0.0837407633607
0.0837406964229
0.0837406319831
0.0837405700172
0.0837404680803
0.0837404109783
0.0837403562636
0.0837402624582
0.0837402124316
0.0837401222939
0.0837400344439
0.0837399488688
0.0837398655627
0.0837397835576
0.0837397048005
0.0837396283376
0.0837395541903
0.0837395300048
0.0837394605736
0.0837393511322
0.0837392855843
0.0837391810698
0.083739079076
0.0837390687088
0.0837389718692
0.0837388776608
0.0837387427296
0.0837386538834
0.0837386568317
0.0837385310475
0.0837384080423
0.0837383292884
0.0837383009748
0.0837381864333
0.0837380737782
0.0837380549986
0.0837379056739
0.083737801658
0.0837377491261
0.0837376509093
0.0837376032158
0.0837374683927
0.0837373788961
0.0837373408919
0.0837372147837
0.0837371391902
0.0837370188702
0.0837369914701
0.0837368344876
0.0837368128247
0.0837366615569
0.0837366031641
0.0837365475952
0.0837364038285
0.0837363538592
0.0837362166269
0.0837361721857
0.0837360870894
0.0837360480956
0.0837358793358
0.0837358447308
0.0837357713178
0.0837356104859
0.0837355413122
0.0837354756713
0.0837353691756
0.083735308575
0.0837352070593
0.0837350603709
0.0837349646775
0.0837348703906
0.0837347784444
0.0837346897713
0.0837346023947
0.0837345172442
0.0837344342786
0.0837343110337
0.0837341898852
0.0837342032432
0.0837340861434
0.0837339709906
0.0837338577293
0.0837337463011
0.0837336842581
0.0837335763053
0.0837334275656
0.0837333228075
0.0837332661756
0.0837331218751
0.0837330689205
0.0837329261794
0.0837328755668
0.083732734975
0.0837326438927
0.08373259509
0.0837324155277
0.0837323256648
0.0837322373131
0.0837321484484
0.0837319699258
0.0837318827145
0.083731752355
0.0837316646065
0.0837315345769
0.0837314480406
0.0837314082156
0.0837312783945
0.0837311485888
0.0837310187777
0.0837309789784
0.0837308066806
0.0837306767496
0.0837305943596
0.0837304218476
0.672660572582
0.672660890784
0.672660244413
0.672660538784
0.672660823816
0.672660450574
0.672660711869
0.672660963871
0.672660251392
0.672660481448
0.672661005101
0.672660259769
0.672660457018
0.672660641661
0.672660169865
0.672660334448
0.672660486476
0.672660933914
0.672660114185
0.672660233752
0.672660342536
0.672660748504
0.672660835775
0.67266091232
0.672660332605
0.672660389454
0.672660433933
0.672660774011
0.672660798912
0.672660811502
0.672661119748
0.672661111175
0.672661093751
0.672661370339
0.672661330164
0.67266158574
0.672661526289
0.672661454675
0.672661678861
0.67266158637
0.67266179141
0.672661678102
0.672661860652
0.67266172658
0.672661583844
0.672661735298
0.672661570162
0.672662652734
0.672662466928
0.672662578743
0.672662372289
0.67266246176
0.672663186469
0.672663255303
0.672663009273
0.672663057464
0.672662789086
0.672663768425
0.67266378563
0.672663486256
0.67266443629
0.672664116241
0.672664092099
0.672664703184
0.67266465839
0.672664603289
0.672665185158
0.672665109508
0.672665669187
0.672665573118
0.672665466907
0.672665996161
0.672665869821
0.672666379063
0.672666234529
0.672667030241
0.672666558113
0.672667334289
0.672668100778
0.672667905826
0.672668346836
0.672668132724
0.672668860883
0.672668321492
0.672669030657
0.672669730347
0.67266947047
0.672669844992
0.672670516295
0.672671178134
0.672670878702
0.672671521593
0.672671848755
0.672672472655
0.672672135234
0.672672740082
0.672673335377
0.6726739211
0.672674190991
0.672673805705
0.672674362585
0.672674909805
0.672675447341
0.672675975168
0.672676493262
0.672677001594
0.67267750014
0.672677988872
0.672678467762
0.672678936782
0.6726784441
0.672678893293
0.672679332529
0.672679761776
0.672681132808
0.672681541989
0.672681941088
0.672682330076
0.672682708918
0.672683077584
0.672683436038
0.672683784249
0.672684120481
0.672684754342
0.672685071614
0.672685378504
0.672686626777
0.672686912793
0.672687188317
0.672687759552
0.672688013978
0.6726892096
0.672689442775
0.672689665265
0.672690183269
0.672690382566
0.672691524556
0.672691703893
0.672692178577
0.672693287885
0.672693434409
0.67269387615
0.672694000578
0.672695065692
0.672695472389
0.67269556334
0.672696594848
0.672696969511
0.672697978406
0.672698024139
0.672698364723
0.672699337742
0.672699655463
0.67270060728
0.672700595828
0.672701830954
0.672701796572
0.672703007089
0.672702949837
0.672703187438
0.672704059236
0.672705225965
0.672705123375
0.672706265907
0.672706140912
0.672707262831
0.672707421858
0.672708215384
0.672708350643
0.672709122166
0.672710188981
0.672710293061
0.672711031776
0.672712064141
0.67271182927
0.672712841573
0.67271289121
0.672713573833
0.672714553553
0.672715522422
0.672715528647
0.672716167873
0.672717104213
0.672717077919
0.672717992592
0.672718588483
0.672719481507
0.672719411918
0.672720283318
0.672721142216
0.672721685765
0.672722524787
0.672722401239
0.672723217028
0.672724023769
0.672724819774
0.672725298802
0.672726071684
0.672725883782
0.672726637007
0.672727377882
0.672728109827
0.672728831162
0.67272954191
0.672730240392
0.672730930033
0.672731609157
0.67273227609
0.672732934257
0.672733581985
0.672734219301
0.672734844535
0.672735461114
0.672735115573
0.672735709832
0.672736295524
0.672736870982
0.672737742504
0.672739247679
0.672739792617
0.672740327446
0.672740850495
0.672741365196
0.67274186988
0.67274267085
0.672743155594
0.672740719978
0.672738276198
0.672736127174
0.672734615545
0.672732448659
0.672729964033
0.672728729488
0.672726225472
0.672723713505
0.672722448333
0.672719917176
0.672717681129
0.672716082706
0.672713827727
0.67271125869
0.672709936748
0.67270765378
0.672706008684
0.6727037074
0.672701092385
0.672699724884
0.672697398494
0.672695707007
0.672693363262
0.672691654625
0.672689293971
0.672687875077
0.672685191514
0.672683756367
0.672681361519
0.672679912225
0.67267719525
0.672675730472
0.67267330466
0.672671824725
0.672669077402
0.672667582585
0.672665127016
0.672663615878
0.672662099201
0.672659621943
0.672657784415
0.672655292943
0.672653746139
0.672652194032
0.672649681579
0.672648115605
0.672646541062
0.672644007988
0.672642421496
0.672640826545
0.672638274862
0.672636666474
0.672635051413
0.672632479721
0.672630851408
0.67262921651
0.672626625068
0.672624977081
0.672623322584
0.672621663291
0.672619044181
0.672617371983
0.672615691674
0.67261400496
0.672612313546
0.672609662416
0.672608263296
0.672606552812
0.672604834306
0.672603109476
0.672600428371
0.672598997659
0.672597253905
0.672595503849
0.672593749178
0.672592293291
0.672590524338
0.672588750765
0.672586017566
0.672584536475
0.672582743949
0.672580943399
0.672579443312
0.672577630045
0.672575812076
0.672574292852
0.67257246037
0.672570929969
0.672569084563
0.672567539513
0.67256568107
0.672563817743
0.672562253014
0.672560374773
0.672558796757
0.672556906826
0.67255531538
0.672553717168
0.672551805234
0.672550195067
0.672548269422
0.672546643822
0.672545011318
0.672543064936
0.672542371829
0.672540411567
0.672538751342
0.672537084203
0.672535104853
0.672533423929
0.67253173615
0.672530041543
0.672528984668
0.672527278145
0.672525563185
0.672523841481
0.672521806002
0.672520070838
0.672519282172
0.672517533557
0.672515778205
0.672514016102
0.672512247226
0.67251111599
0.67250933516
0.672507545797
0.672505749541
0.672504897879
0.672503087724
0.672501270557
0.672499448013
0.672498568208
0.672496729744
0.672494884089
0.672493031197
0.672492122524
0.672490256686
0.672488381793
0.672487450967
0.672485868368
0.672483971043
0.672483017632
0.672481105103
0.672479184901
0.672478210135
0.672476274438
0.672474638179
0.672473638283
0.672471678994
0.672469711743
0.672468995241
0.672467011933
0.672465022196
0.672463974104
0.672462273666
0.672461209143
0.672459184876
0.672457459615
0.672456370107
0.672454320727
0.672453521691
0.672451455351
0.672449689505
0.672448557476
0.67244646537
0.672445623418
0.672443513924
0.67244265451
0.672440527459
0.672439650413
0.672437505639
0.672436610796
0.672434448131
0.672433535325
0.672431354604
0.672430423671
0.672428532203
0.672427277171
0.672425367335
0.672424399664
0.672422163805
0.672421177524
0.672419230488
0.672417917932
0.672416903468
0.672414928159
0.672413587211
0.672411592913
0.672410540482
0.672408527138
0.672407148063
0.672406067027
0.672404025099
0.672402925049
0.672401815529
0.672399745215
0.672398616883
0.672396220228
0.672395073283
0.672393917124
0.672391800459
0.672390626062
0.672389442638
0.672387298902
0.672386097606
0.672383936114
0.67238271716
0.672381489448
0.672379301686
0.672378056583
0.672377110568
0.672374896897
0.672373625977
0.67237234651
0.672370107202
0.672368810722
0.672367505774
0.672365241071
0.672364227055
0.672362896863
0.672361558304
0.672359260101
0.672357904888
0.672356849214
0.672355475802
0.672353144522
0.672352064186
0.672350667833
0.672349263337
0.672347207323
0.672345786649
0.67234435793
0.672343229099
0.672340833129
0.672339688409
0.67233822788
4.17821057719
4.17821526013
4.17821060831
4.17821203566
4.1782168187
4.17822160962
4.17821691327
4.17821844833
4.17822318652
4.17821858964
4.17822341941
4.17822818066
4.17822975422
4.17822511164
4.17822997175
4.17823476316
4.17822694777
4.17823183018
4.17823664379
4.17824154087
4.17823367867
4.17823859027
4.17824350906
4.17823893981
4.17824060155
4.17824546554
4.17825041274
4.17824587174
4.17824756166
4.1782525298
4.17824800963
4.17825299157
4.17825463297
4.17825020952
4.17825521193
4.17826014494
4.17826188968
4.17825741703
4.1782624463
4.17826740604
4.17825975829
4.17826480733
4.17826978669
4.17827484865
4.17826715061
4.17827222524
4.1782773061
4.1782728978
4.1782747198
4.17827974265
4.17828484751
4.17828046283
4.17828230812
4.17828742997
4.17828306197
4.17828819468
4.17828998557
4.1782857096
4.17829085796
4.17829593522
4.17829782275
4.17829349079
4.17829865909
4.17830375607
4.17829624396
4.17830142669
4.17830653801
4.17830231097
4.17830416084
4.17830936235
4.17831449233
4.17830701305
4.17831222838
4.17831737212
4.17831317732
4.1783150594
4.1783202929
4.17832545475
4.17832127798
4.17832325426
4.17832842956
4.1783242662
4.17832945042
4.17833144459
4.17832729456
4.17833249212
4.17833777025
4.17833970605
4.17833557374
4.17834078901
4.17834608484
4.17833869522
4.17834392377
4.17834923288
4.17834505096
4.17834709841
4.17835234469
4.17835767156
4.17835358354
4.17835557268
4.17836091293
4.17835676216
4.17835884092
4.1783641185
4.17836005736
4.17836542012
4.17836744087
4.17837281273
4.17836869365
4.17837407469
4.17837611383
4.17837208472
4.17837747968
4.17838280317
4.17837551778
4.17838085072
4.17838626457
4.17838218766
4.17838434082
4.17838976914
4.17839512621
4.17838787463
4.17839324157
4.17839868962
4.1783946471
4.17839683497
4.17840229814
4.1783982708
4.17840374416
4.17840587633
4.17841135995
4.1784073531
4.17841284698
4.17841499971
4.17841108432
4.17841659348
4.17841876145
4.17841486115
4.17842030917
4.17842583823
4.17841860645
4.17842414519
4.1784296887
4.17843516082
4.17842802421
4.17843350568
4.17843906792
4.17843513911
4.17843744056
4.17844301658
4.17843910151
4.1784414167
4.17844693029
4.17844310502
4.17844862772
4.17845096119
4.17845649304
4.17845268601
4.17845830313
4.17846057882
4.17845678555
4.17846234033
4.17846470598
4.1784608504
4.17846649515
4.17847214453
4.178465033
4.17847069166
4.17847627885
4.1784725272
4.17847485389
4.17848053116
4.17848613697
4.17847913419
4.17848482544
4.17849044524
4.17848672619
4.17848908559
4.1784947955
4.1784910143
4.17849346382
4.17849911158
4.17849542044
4.17850115359
4.1785035456
4.17849986836
4.17850553928
4.17851129093
4.17851370145
4.17851004263
4.17851573196
4.1785182324
4.1785145873
4.17852029035
4.17852607405
4.17851909693
4.1785248897
4.17853061088
4.17852372345
4.17852945364
4.17853526443
4.17853165998
4.17853413409
4.17853995828
4.17853629108
4.17853885468
4.17854461607
4.17855045799
4.17854680846
4.17854938974
4.17855524484
4.17855160845
4.17855420286
4.17855999492
4.17855644764
4.17856224831
4.17856485996
4.17856124936
4.17856713881
4.17856968695
4.17856616486
4.17857206656
4.17857789611
4.17857111653
4.17857695375
4.17858287076
4.17857602618
4.17858195029
4.17858780171
4.17858431273
4.1785869775
4.17859283856
4.17858935892
4.17859195671
4.17859790271
4.1786037754
4.17859703786
4.17860291593
4.1786088727
4.17860533607
4.17860802868
4.17861399291
4.17861046359
4.17861316341
4.17861905859
4.17861561228
4.17862151196
4.17862422079
4.17862070495
4.17862668718
4.1786293263
4.1786258928
4.17863188119
4.1786345264
4.17863109885
4.17863701702
4.17864301318
4.17863624617
4.17864224604
4.17864817164
4.17864148618
4.17864741532
4.17865342229
4.17864666597
4.17865267633
4.17865868836
4.17865520603
4.17865795235
4.17866389317
4.17866049172
4.17866316674
4.17866918834
4.17866571545
4.17866847117
4.17867442125
4.17867102896
4.17867698201
4.17867974372
4.1786857758
4.1786823133
4.17868507941
4.17869103978
4.17868765771
4.17869035212
4.17869639292
4.17869293912
4.178695714
4.1787016831
4.17869830978
4.17870428185
4.1787070627
4.17870369387
4.17870967049
4.17871245596
4.1787090157
4.17871507311
4.17871778731
4.17871442798
4.17872041424
4.17872320954
4.1787197792
4.17872584669
4.17872857116
4.17872522218
4.17873121896
4.17873729363
4.1787306814
4.17873668366
4.17874276381
4.17873608099
4.17874216476
4.17874817424
4.17874157284
4.17874758578
4.17875367647
4.17874700405
4.17875309799
4.17875911744
4.17875252582
4.17875854831
4.17876464836
4.17875798516
4.17876408814
4.17877019256
4.17876353373
4.17876964105
4.17877567377
4.17877236395
4.1787751311
4.17878124436
4.178777863
4.17878071084
4.17877733263
4.1787834522
4.17878622886
4.17878293166
4.17878898022
4.17879183812
4.17878847012
4.17879460012
4.17879738746
4.1787941011
4.17880016074
4.17880302997
4.17879974954
4.17880581522
4.17880869063
4.1788053404
4.17881148852
4.17881429439
4.17881102682
4.17881710561
4.17881999439
4.17881665769
4.17882281959
4.1788256395
4.17882238612
4.17882847935
4.17883138282
4.17882806098
4.17883423797
4.17883707321
4.17883383533
4.17883994427
4.17884286371
4.17883955798
4.1788457513
4.17884867917
4.17884538196
4.1788515839
4.17885444445
4.1788512321
4.1788573669
4.17886031253
4.17885703323
4.17886325328
4.17885671197
4.17886293831
4.17886909181
4.17886263614
4.17886879612
4.17887503544
4.1788685136
4.17887475959
4.17888093291
4.17887449728
4.17888067745
4.17888693713
4.17888043585
4.17888670252
4.17888962853
4.17888648202
4.17889268325
4.17889569594
4.178892484
4.17889877187
4.17890171909
4.17889859367
4.1789048159
4.17890784945
4.17890465811
4.17891096634
4.17890451336
4.1789108279
4.17891706944
4.17891070165
4.17891702511
4.17892327535
4.17891691607
4.17892317177
4.17892623812
4.17892307876
4.17892941825
4.17893241616
4.17892934026
4.17893561101
4.17893869214
4.17893554724
4.17894190093
4.17894491284
4.17894185065
4.17894813488
4.17895122929
4.17894809741
4.17895119595
4.1789480681
4.17895443857
4.17895746699
4.17895442094
4.17896072103
4.17896383102
4.17896071433
4.17896709572
4.17897013484
4.17896709918
4.17897014151
4.17897652929
4.17897342218
4.17897654498
4.17898286103
4.17897983407
4.17898288485
4.17897986039
4.17898618142
4.17898931174
4.17898621459
4.17898934698
4.17899567214
4.17899265385
4.1789957129
4.17900211659
4.1789990246
4.17900216185
4.1790084915
4.17900220953
4.17900854022
4.17901494736
4.17900859068
4.17901499851
4.1790119102
4.17901505072
4.17902138315
4.17901510353
4.17902143609
4.17902784466
4.17902148899
4.17902789738
4.17903422958
4.17902794944
4.17903428116
4.17903742085
4.17903433148
4.17904073813
4.17904380059
4.17904078587
4.1790438473
4.17904083143
4.17904715933
4.17905029485
4.17904720088
4.17905352654
4.17905665965
4.17905356308
4.17905669426
4.17906301603
4.1790599922
4.17906304387
4.17906943784
4.17906306625
4.17906945718
4.17906634998
4.17906946978
4.1790757793
4.17906947473
4.1790757801
4.17908215924
4.17907577197
4.17908214636
4.17908844224
4.17908212346
4.17908841409
4.1790915104
4.17908837505
4.17909473333
4.17908832464
4.17909467708
4.17909768294
4.17909460887
4.17910087622
4.17910394889
4.17910078952
4.17910385591
4.17911011067
4.17910701773
4.17910999848
4.17910689903
4.17910987325
4.17911611172
4.17911300237
4.17911596665
4.17912227112
4.17911580822
4.17912210596
4.17912505682
4.1791219273
4.17912813889
4.17913115557
4.17912793986
4.17913094974
4.17912772721
4.17913399778
4.17913692145
4.1791337647
4.17913668158
4.17914293855
4.17913969562
4.17914267835
4.17914884919
4.17914240468
4.17914856882
4.17914211764
4.17914827514
4.17915442935
4.17914796828
4.17915411595
4.17915706894
4.17915378963
4.17916000365
4.1791628711
4.1791596583
4.17916251952
4.17916872109
4.17916215567
4.17916835121
4.17916504725
4.17916796949
4.17917408027
4.17916757625
4.1791736814
4.17917659239
4.17917327152
4.17917936855
4.17918227157
4.17917894287
4.17918184081
4.17917850711
4.17918140016
4.1791874822
4.1791842173
4.1791870273
4.17919317835
4.17918656321
4.17919270971
4.17919551063
4.17919223204
4.17919829577
4.17919174528
4.17919780443
4.17920059391
4.17919730378
4.17920008855
4.17920621422
4.17919957359
4.1792056944
4.17921173679
4.17920516478
4.17921120224
4.1792140459
4.17921065783
4.17921349659
4.17921010364
4.17921620484
4.17921896039
4.17921556025
4.17921838705
4.17922440285
4.17921780445
4.1792238157
4.17922663342
4.17922321964
4.17922603302
4.17922261495
4.17922869136
4.17923142248
4.17922807419
4.17923080129
4.17923679368
4.17923017223
4.17923616078
4.17923895618
4.17923552039
4.17924157937
4.17923487274
4.17924092818
4.17924363869
4.17924027006
4.17924297719
4.17924902585
4.17924230907
4.17924827852
4.17925105515
4.17924760082
4.17925037434
4.17925633758
4.17925295464
4.1792556477
4.1792522618
4.17925495195
4.17926098381
4.17925425047
4.17926020356
4.17926296405
4.17925949373
4.17926225149
4.17926819913
4.17926153357
4.17926747856
4.17926081039
4.17926675279
4.17927276986
4.1792660219
4.1792719605
4.17927470666
4.17927122213
4.17927396584
4.17927989954
4.17927322018
4.17927915149
4.17928189045
4.17927839874
4.17928113536
4.17927764133
4.17928029971
4.17928629999
4.17927953538
4.17928553335
4.17928818709
4.179284762
4.17928741333
4.17929340645
4.17928663456
4.1792925491
4.17928911749
4.17929176207
4.17929774814
4.17929096888
4.17929695163
4.17929958957
4.17929614797
4.17929878208
4.17930468122
4.1792979664
4.17930386121
4.17930656261
4.17930303208
4.17930572872
4.1793021933
4.17930488493
4.17931076509
4.17930395486
4.17930990564
4.1793125107
4.17930903528
4.17931163477
4.17931757439
4.17931074744
4.17931668126
4.17931926915
4.17931570036
4.17931835818
4.1793147833
4.17931743496
4.17932327458
4.17931649924
4.1793223325
4.17932497146
4.17932137752
4.179323934
4.17932983009
4.17932295917
4.17932884852
4.17933139152
4.17932785327
4.17933038933
4.17932684408
4.17932937309
4.17933516552
4.17932834255
4.17933412774
4.17933671821
4.17932980833
4.17933565837
4.17933816177
4.17933450763
4.17933707939
4.17934283837
4.17933598172
4.17934173299
4.17934428934
4.17934061206
4.17934316057
4.17933947541
4.17934194009
4.17934774366
4.17934077961
4.17934657519
4.17934902388
4.17934539065
4.17934783128
4.17935353481
4.17934662251
4.17935231795
4.17935481831
4.17934781795
4.17935357715
4.17935598946
4.1793523198
4.17935472403
4.17936039115
4.17935344248
4.17935910155
4.17935214484
4.17935779588
4.17936025191
4.17935647414
4.17935884621
4.17936455707
4.17935750026
4.17935993607
4.17936555875
4.17935856551
4.17936417982
4.179366523
4.17936278389
4.17936511839
4.17937079128
4.1793636961
4.17936935996
4.17937167644
4.17936783438
4.17937021744
4.17937251988
4.17936873955
4.17937103246
4.17937666333
4.17936952582
4.17937507113
4.17936799985
4.17937353548
4.17937587531
4.17937198046
4.17937431062
4.17937656005
4.17937265072
4.17937496644
4.17938046831
4.17937335366
4.17937884601
4.17938114266
4.17937720473
4.17937941605
4.1793816986
4.1793777466
4.17938001982
4.17938547935
4.17937832253
4.17938377286
4.17938595179
4.17937878126
4.17938421795
4.17938645921
4.17938246609
4.1793846225
4.1793901172
4.17938284393
4.1793883298
4.17939046858
4.17938325809
4.17938865499
4.17939078078
4.17938682416
4.17938894138
4.17939439707
4.179387085
4.17938926546
4.17939463264
4.17938730804
4.17939274283
4.17939483081
4.17939083656
4.17939291639
4.17939499219
4.17939098581
4.17939305359
4.17939846008
4.17939109911
4.17939323096
4.1793985498
4.17939117715
4.17939656417
4.1793986047
4.17939456327
4.17939659625
4.1793987014
4.17939457286
4.17939659472
4.17940195557
4.17939454929
4.17939663613
4.17940191024
4.17939449317
4.17939983602
4.17940183267
4.17939774754
4.17939973705
4.17940179887
4.17939762708
4.17939960577
4.17940492341
4.17939747384
4.17939951724
4.17940474766
4.17939728659
4.17940258502
4.17940453681
4.17939713951
4.17940234976
4.17940436493
4.17940014579
4.17940207644
4.17940407858
4.17940926712
4.17940183945
4.17940701897
4.1794089272
4.17940148584
4.17940665156
4.17940862178
4.17940435728
4.17940624223
4.17940819831
4.17940391959
4.17940586612
4.17941099868
4.17940351469
4.17940537084
4.17941048881
4.17940299016
4.17940809829
4.17941001062
4.17941184209
4.17940751436
4.17940941164
4.17941449468
4.17940696089
4.17940876699
4.17941383462
4.17940628533
4.17940807584
4.17941320364
4.1794055627
4.17941067986
4.17941244911
4.17940479206
4.17940989302
4.17941164595
4.17941346923
4.17940905688
4.17941079316
4.17941586636
4.17940817045
4.1794099656
4.17941494582
4.17940723269
4.17941227718
4.17941397327
4.17940631843
4.17941126937
4.17941302353
4.17941469583
4.17941020784
4.17941194387
4.17941359793
4.17940916745
4.17941080917
4.17941571134
4.17940799554
4.17940961852
4.17941457769
4.17941618802
4.17940837106
4.17941331112
4.17941490225
4.17941040851
4.1794119867
4.17941355838
4.17940904511
4.17941060367
4.1794122315
4.17941704346
4.17940916119
4.17941076897
4.17941556075
4.17940773399
4.17941251205
4.17941409235
4.17941558976
4.17941092575
4.17941248467
4.17941396043
4.17940935034
4.17941081119
4.17941226445
4.17940763157
4.17940906935
4.17941057511
4.1794152637
4.17940725671
4.17941200502
4.17941340271
4.17940544709
4.17941009491
4.17941146779
4.17941290817
4.17940810998
4.17940953353
4.17941087278
4.17940604922
4.17940744732
4.17940876105
4.17941340868
4.17940528436
4.17940657241
4.17941119431
4.17941246516
4.1794043823
4.17940890254
4.17941014755
4.17940203882
4.17940653318
4.17940782814
4.17940903863
4.17940416198
4.17940535522
4.17940980643
4.17940163731
4.17940280469
4.1794073059
4.17940845608
4.17940017672
4.17940465218
4.17940577663
4.17940696838
4.17940192141
4.17940302028
4.17940418648
4.17939911402
4.17940026329
4.17940132831
4.1794056515
4.1793973546
4.1793984703
