metodo_1_dt_1:24
4.36025497048e-05
0.00317829629621
0.00317441102207
0.00317956142768
0.00319186261236
0.00319873242106
0.00321272412765
0.00321447049333
0.00320329756024
0.00320264184534
0.00321160524882
0.00322999597173
0.00323454600889
0.00323982683898
0.00323932531017
0.00323641963323
0.0032343353481
0.00324867616711
0.00326471341193
0.00327592918084
0.00326566142416
0.00326168475306
0.00326573715692
0.0032774990665
0.00328447122605
0.00329898217021
0.00330167481106
0.0032979712021
0.00328930288703
0.00329786966037
0.00331413302989
0.00333132609958
0.0033378115014
0.00332589863633
0.00332504171729
0.0033302371275
0.00334495434657
0.00336394192407
0.00336455558476
0.00336521128879
0.0033618201466
0.00336571665965
0.00336817199467
0.00338616506063
0.00340204401192
0.00340638802631
0.00340376270949
0.00340511140398
0.0034045959131
0.00342230105991
0.00343502266917
0.00344492257756
0.00344417370042
0.00343213757923
0.00343770506827
0.00345472673449
0.00347353122245
0.00348612100341
0.00348868708397
0.00347808080401
0.00348090493353
0.00349423077397
0.00350703420966
0.00352310776519
0.00352953219707
0.0035184608657
0.00351874991811
0.003529811518
0.00354864404512
0.0035680086813
0.00356876838682
0.00357119767957
0.00356026278269
0.00356653730693
0.00358326916719
0.00360421578444
0.00362067037662
0.00361371849177
0.00361281131593
0.00361611628573
0.00362107614217
0.00364229884899
0.00366135433615
0.00365711967239
0.00365784231626
0.00366009636522
0.0036705947513
0.00369083953564
0.00370285043445
0.0037014279977
0.00370513627067
0.00370659291909
0.00371394989151
0.00373216829435
0.00373877671761
0.00375670664407
0.0037644782168
0.00376661880283
0.00377145550528
0.00376898019429
0.00378195397396
0.00380370234285
0.0038162502676
0.00382059575755
0.00380476871728
0.00381625159875
0.0038381138946
0.00386271601161
0.00385991096871
0.00386663372977
0.00386930091638
0.00387859818927
0.00387733957147
0.00390259279608
0.00392413872073
0.00393554256538
0.00391781433576
0.00391402464484
0.00393042319294
0.00395638866726
0.00395853377619
0.00397454222924
0.00398112218605
0.00396306581524
0.00397578718702
0.00399944215965
0.00402704484013
0.00402356187027
0.00403380906828
0.00403901789094
0.00402477121353
0.00404551517611
0.00407372778577
0.00407350283722
0.00408830580801
0.00409508648289
0.00407743775927
0.00409484505334
0.00412230453021
0.00412420221373
0.00414395728813
0.00415383598312
0.00413417522742
0.00414833243266
0.00417386899084
0.00417645711377
0.00420106562899
0.00421526858348
0.004194956398
0.00420645679882
0.00423877790367
0.00424056734002
0.00426938034544
0.00428867682922
0.00426921062291
0.00427918243816
0.00426895113393
0.00429829699527
0.00433032445228
0.00432408556721
0.00433765583035
0.00434758966031
0.00433279003523
0.00436026181531
0.00436234406636
0.00439123279427
0.00437812478487
0.00439827686903
0.00441201350064
0.00440428401347
0.00443754777532
0.00443796091573
0.00446123685293
0.00447510967133
0.00445451734357
0.00447552625192
0.0044741087912
0.00450946572642
0.00451391495618
0.00453151219867
0.00451049432683
0.0045280859979
0.00455801276263
0.00455989042084
0.00459321376288
0.00458109582468
0.00460482779975
0.00458578507414
0.00461170879386
0.00461233572616
0.00464898274462
0.00464141469813
0.00465895791577
0.00463826814774
0.00467006844891
0.0046680019724
0.00470665314349
0.00470335155054
0.00472596607952
0.0047051691869
0.00473415057499
0.00472837286314
0.00476756016177
0.00476770315578
0.00479495190211
0.00477556433661
0.00480286170845
0.00479282193893
0.00483112111252
0.00483425639814
0.00486704134052
0.00485965068315
0.0048776095713
0.00486343192097
0.00489970777386
0.00490276057312
0.00490139516552
0.00493801891068
0.00491801815619
0.0049399888024
0.00493333631591
0.004984779996
0.00498647388701
0.00501889141577
0.00500073569639
0.00498231143502
0.00502087952366
0.00502108916436
0.00506565484823
0.00506224283777
0.00505701297303
0.00507890391291
0.00506438335093
0.00510255584041
0.00511558939576
0.00511644170447
0.0051479725705
0.00513031252229
0.00516384069706
0.00515661604471
0.00515951964974
0.00520547748495
0.00520918103836
0.0051945005321
0.00521800339934
0.00520682791348
0.0052589281397
0.00526399984395
0.00526451748175
0.00530473593468
0.00528603342028
0.00527146252268
0.00532038354355
0.00532655078595
0.00532975533823
0.00536639104248
0.00535847743648
0.00534159940365
0.0053793718285
0.00539152703715
0.00539726090885
0.00543949263864
0.00543608968574
0.00541839626576
0.00545182299412
0.00546092408898
0.00546890478811
0.0055163702391
0.00551606773957
0.00549919426538
0.00548493202118
0.0055369141901
0.00554289512411
0.00554859124665
0.00559928861566
0.00558615863414
0.00557006433439
0.00557142500397
0.00562274220695
0.00563918239274
0.00564010267015
0.00562974360353
0.00567002166597
0.00565891296644
0.00565944335345
0.00567640699403
0.00572985498657
0.00573282005469
0.00571819178031
0.00570603029485
0.00575844382673
0.00576539587448
0.00578378641035
0.00578325926675
0.00581938670883
0.00581315890238
0.00580731960787
0.00582035960946
0.00583017035344
0.00588399302202
0.00588538816647
0.00587113203707
0.00587076466754
0.00587158603228
0.00593823663863
0.00594796125587
0.00595443849406
0.00594247048416
0.00593147659158
0.005985689444
0.00599360800271
0.00601455397017
0.00601760089553
0.0060179241045
0.00600649669115
0.00605739148462
0.00606230999568
0.00608424587222
0.00609191733045
0.00609694410638
0.006086787907
0.00613535511586
0.00613816606945
0.00615770782965
0.00616892364599
0.00617229850864
0.00617185609297
0.00616920628648
0.00616812396386
0.00623574413796
0.00625075755091
0.00626595681637
0.00626121417865
0.00626040357521
0.00625419763831
0.00626811407883
0.00628351620012
0.0063541684024
0.00635622422036
0.00635555238488
0.00634700173929
0.00635876613641
0.00637114806045
0.00639553284549
0.00640957020483
0.00640582628738
0.00640486874072
0.00640265874766
0.00642253269963
0.00643817643923
0.00651089477393
0.00651001067626
0.00651169091911
0.00651478348908
0.00652089568262
0.00654653357232
0.00656109267438
0.00657567126915
0.00657812850722
0.0065729682968
0.00658343923981
0.00659894067472
0.00662429888837
0.00664228618004
0.00664236199131
0.00664347232518
0.00664395990608
0.00666272218961
0.00669083504003
0.00670519106479
0.00671857587413
0.00672126082142
0.00671917301707
0.00673411490041
0.00675313966417
0.00677922035704
0.00679802136736
0.00679568434295
0.00680069792232
0.00681177223622
0.0068284877381
0.00685649704543
0.00688047859337
0.00688267645794
0.00688824621362
0.00689606194883
0.00690942567443
0.00693765521497
0.00696598474146
0.00697350860296
0.00698138012926
0.00698711600316
0.00700478211705
0.00702348209165
0.00705483744252
0.00702120049201
0.00702472786707
0.00702989243445
0.00704379927382
0.00705955623624
0.00709215357291
0.00711814059314
0.00713476074321
0.00713518654755
0.00714422576551
0.00716658921848
0.00719672655307
0.0071652905547
0.00718522284708
0.00719664619804
0.00720411976408
0.00721448257899
0.00724252087134
0.00727690196923
0.00730439558478
0.00731010563484
0.00726415045758
0.00727696445935
0.00730388291155
0.00733088160239
0.00736082608593
0.0073819046532
0.00739156993354
0.00734820704312
0.00736109030476
0.0073950006778
0.00743047453172
0.00745489895546
0.00747028046572
0.00747204088771
0.00743496256553
0.00746633998743
0.00750132848743
0.00753313318961
0.00754319312358
0.00755599189079
0.00751555073802
0.00754118594294
0.007578400762
0.00761445530916
0.00763790172213
0.00758839309881
0.00760062927747
0.00762465822596
0.0076602566903
0.00769689606773
0.00767078491514
0.00769025875489
0.00769448240428
0.00771501688865
0.00769031650126
0.00772783021024
0.00776385686954
0.0077862846227
0.00780234403399
0.00776264429076
0.00778130118672
0.00782056267369
0.00786044791961
0.00783060907701
0.00784987443632
0.00786658998737
0.0078893977113
0.0078684790152
0.00791039719619
0.00794375867771
0.00796777132541
0.00792692188083
0.00793854559776
0.00797229137376
0.00795646566009
0.00799660977447
0.00802363613009
0.00804330586841
0.00800463227065
0.00803207260371
0.00807318539882
0.00805808090904
0.00809063081473
0.00811414350535
0.00813344044835
0.00810091399578
0.00813685196692
0.0081818356318
0.00816311428721
0.00818924161699
0.00820979621236
0.00817422634861
0.00820893539571
0.00825120056752
0.00823635308359
0.0082704860097
0.00829405299787
0.00825434892536
0.0082852159388
0.00832802492467
0.00831305238961
0.00835275582456
0.00832145633962
0.0083434308204
0.00836849509587
0.00834869388909
0.00839622519299
0.00844079944509
0.00841207714261
0.00843612553407
0.00846135304997
0.00843746078696
0.00849176049783
0.00847761901659
0.00851656849402
0.0085443346557
0.00850878217207
0.00853834914199
0.00852268994181
0.00857257940162
0.00861700802749
0.00858951421411
0.00861228165689
0.00858122107639
0.00862951751383
0.00861949952924
0.00866560326118
0.00870385350811
0.00867149997171
0.0086987119636
0.00867533006942
0.00872124015802
0.00872011388132
0.00876387808621
0.00879610045142
0.00876263751668
0.00879603588354
0.00877848643082
0.00883139063559
0.00882716525685
0.0088645698313
0.00883266532988
0.00886082530784
0.00884200273568
0.00889424949114
0.00889375096895
0.0089368192419
0.00890812082262
0.00893507004038
0.00891227940708
0.00896981992456
0.00896392425507
0.00901247650841
0.00898829264794
0.00901839233217
0.00899708516161
0.00904381554165
0.00903820467822
0.00909143442298
0.00907255881162
0.00911253116081
0.00908403326421
0.00912438939078
0.00911730920307
0.00918132778863
0.00916795646295
0.00920449659258
0.00917526495366
0.00922209510875
0.00921213848869
0.00920613022188
0.00925939680574
0.00924687220321
0.00928042982297
0.00925527950297
0.00931072895947
0.00930691244565
0.00930271068992
0.00934997630778
0.00933226937759
0.00936461798625
0.00934693999134
0.00941043462288
0.00940860808566
0.00939967281345
0.00944816679226
0.00942146378831
0.00946226018262
0.00946051336897
0.00945948003919
0.00951730439301
0.00950912622409
0.00954380596713
0.0095200071993
0.00951438194241
0.00957444534493
0.00957363461155
0.00957111168482
0.00961205917089
0.00958734535831
0.00964015851494
0.00963539868686
0.00964375480397
0.00970155814892
0.00968501481924
0.00966848051867
0.00971085045653
0.00970982323996
0.00971086359375
0.00977309432151
0.00976937875398
0.00974539342968
0.00979329417828
0.00978095703268
0.00978028121513
0.00985281420813
0.00984737885952
0.00983752109013
0.00987805900186
0.00986929916039
0.00986557199891
0.00993212388219
0.00993889189599
0.00992689845876
0.00991349797762
0.00995770518238
0.00995737344438
0.00996026191191
0.010033962361
0.0100275733445
0.0100173668575
0.00999739453674
0.0100562306263
0.0100567921922
0.0100695479227
0.0100686565208
0.0101262726068
0.0101067300537
0.0100990849139
0.0101595913554
0.0101726420716
0.0101762687954
0.0101761389036
0.0101589493567
0.0102152419294
0.0102084361715
0.0102201630556
0.0102270149145
0.0102960189813
0.0102826532318
0.0102722009042
0.0102688370232
0.0103341838176
0.0103496304759
0.0103530864418
0.0103519920568
0.010335610747
0.0103929778987
0.0103981161606
0.010406072405
0.010420787153
0.0104181679166
0.0104757829936
0.0104678000943
0.0104646605789
0.010477780635
0.0104878726293
0.0104979552888
0.0105600688604
0.0105451080222
0.0105427521802
0.010552613149
0.010563443627
0.0105783164851
0.0106388349998
0.0106329593497
0.0106309909337
0.010629826866
0.0106467342687
0.0106650899991
0.0106672045356
0.0107292252137
0.0107234917102
0.0107184543222
0.0107327824002
0.0107529499913
0.0107703868224
0.0107659726271
0.010761192232
0.0108244801069
0.0108281482721
0.0108483152197
0.0108671999858
0.0108683958437
0.010869157648
0.0108662294989
0.0108730205267
0.0108844291765
0.0109061958753
0.0109847301467
0.0109867992514
0.0109795079015
0.010982629095
0.0109980623673
0.0110209173234
0.0110327939978
0.0110401398026
0.0110386646295
0.0110420120225
0.0110465787695
0.011068722151
0.0110914404536
0.011104495476
0.0111063828187
0.011101494145
0.0111091794298
0.0111290197416
0.0112188457745
0.0112373688893
0.011236957622
0.0112396622904
0.0112440164536
0.0112604397338
0.0112857129778
0.0113088429638
0.01131399047
0.0113190923437
0.0113213201358
0.0113338026034
0.0113576937084
0.011384026766
0.0114048231621
0.0114040000426
0.0114057303476
0.0114144583999
0.0114355378151
0.0114663052878
0.0114893603676
0.011500651912
0.0115037076731
0.0115025875976
0.0114575405655
0.0114849414375
0.011512059717
0.0115290323105
0.0115381215291
0.0115424297026
0.0115558174442
0.0115812091629
0.0116138559246
0.0116364209676
0.0116470586245
0.0116516106229
0.011661525349
0.0116797534309
0.0117101571294
0.0117375792599
0.0117536934877
0.0116976287898
0.0117051421829
0.0117233798339
0.011752680803
0.0117865958282
0.0118084350517
0.0118187817059
0.0118255148566
0.0118429606088
0.0118697436343
0.0118366557599
0.0118668673021
0.0118821740692
0.0118898864288
0.0119012168255
0.0119274108732
0.0119601547313
0.0119917685685
0.0119537146802
0.0119672123979
0.0119767368777
0.0119959290297
0.0120299571784
0.0120644095756
0.0120911174061
0.0120398862828
0.0120523427111
0.0120679154117
0.0120958440133
0.0121344149401
0.0121661551702
0.0121201657187
0.0121412459229
0.0121541937925
0.0121783005737
0.0122161425918
0.0122516957584
0.012211367605
0.0122260023853
0.0122408937702
0.0122611328583
0.0123004502948
0.0122749034934
0.0123062914428
0.0123257517494
0.0123413375796
0.0123583299173
0.0123278014663
0.01236885355
0.0124048826403
0.0124299873973
0.0124480972363
0.0123965168143
0.0124284076097
0.0124680929989
0.0125073593925
0.0124716547043
0.0124937895061
0.0125150996425
0.0125395791853
0.0125067798649
0.0125474000537
0.0125865536084
0.0126176710636
0.0125669572123
0.0125885504223
0.0126186078025
0.0126656795733
0.0126421900212
0.0126722297091
0.0126944364926
0.0126516358467
0.0126776994412
0.0127189984927
0.0127616915719
0.0127373043073
0.0127640938803
0.0127815838982
0.0127473172438
0.0127822015745
0.0128255421479
0.0128023062481
0.012838265977
0.0128610055872
0.0128145257874
0.0128522730587
0.0128976066676
0.0129416742106
0.0129195522047
0.0129430097912
0.0129627293649
0.0129327875904
0.0129723964267
0.0129543154601
0.0130014211901
0.0130330697979
0.0129935442598
0.0130176932579
0.0130568439678
0.0130421898677
0.013090054958
0.013124335257
0.013090668707
0.0131131517999
0.0131519752701
0.01313184555
0.0131794445454
0.0131620520117
0.013190056302
0.0132224331816
0.0131836844922
0.0132343780423
0.0132157549722
0.0132607088401
0.0133040327029
0.0132610786915
0.0132968632488
0.0132666020749
0.0133242338417
0.0133730534521
0.0133547545679
0.0133826910436
0.0133500798897
0.0133832244665
0.0133679934387
0.0134219964944
0.0134735043743
0.0134419980044
0.0134743902727
0.0134400305203
0.0134886913789
0.0134755475472
0.013531570857
0.0135057339534
0.013540652328
0.013571842656
0.0135489901982
0.0136018931116
0.0135934530456
0.0136409219453
0.0136124023601
0.013643259906
0.0136166726168
0.0136733016767
0.0136595381158
0.013718842282
0.013688904491
0.0137279217892
0.0136985024025
0.0137447398616
0.0137370775341
0.0137937979072
0.0137762193701
0.0138185132691
0.0137810508123
0.0138300252536
0.0138135515107
0.0138793649719
0.0138673355712
0.0139077406327
0.0138804376172
0.0139228707499
0.0139062119283
0.0139015909484
0.0139653536426
0.013940260746
0.0139830745012
0.0139553555199
0.0140026790793
0.0139967672897
0.0140640330354
0.0140478574797
0.0140914551291
0.0140661738462
0.0140385675176
0.0141011239307
0.0140988439555
0.014162635969
0.0141366683215
0.0141126085114
0.0141597391928
0.0141408283611
0.0142096402328
0.0142063948652
0.0142640865362
0.0142330781918
0.0142105366597
0.0142655358523
0.0142611317513
0.0142638656384
0.014317401497
0.0143006439738
0.0143431190102
0.0143263785573
0.0143154803517
0.0143840284653
0.0143841781285
0.0143696442655
0.0144172451748
0.0143914457486
0.0144482501797
0.0144508749521
0.0144514711555
0.014514223968
0.014497192687
0.0144671883977
0.0145233560837
0.0145202663722
0.0145260909403
0.0145943468839
0.0145789894321
0.0145595903355
0.0146125732081
0.0145993955825
0.0146053479468
0.0146749198748
0.0146684374011
0.014651650794
0.0146995367324
0.0146921219191
0.014696451909
0.0147006043168
0.0147683460222
0.0147459639047
0.0147283659104
0.0147858016049
0.0147838496831
0.0147924623039
0.0147969003236
0.0148548731736
0.0148388271836
0.0148249928917
0.0148878473554
0.014895829885
0.0149041801334
0.0148994005011
0.0149553337002
0.0149401773583
0.0149304757022
0.0149362761355
0.0150156117341
0.0150163693397
0.0150083874273
0.0149937707069
0.0150493881607
0.0150517422447
0.015062876459
0.0150683655249
0.0150659910166
0.0151224103384
0.0151070956187
0.0151055120325
0.0151153515569
0.0151929550104
0.0151963071708
0.0151879373576
0.0151785326505
0.0151731561209
0.015249028232
0.0152626512419
0.0152680313235
0.0152648274489
0.0152534922548
0.0152418686353
0.0153140590627
0.0153274055894
0.0153434341213
0.0153459876354
0.0153376968104
0.0153967044703
0.0153927487583
0.0154041323815
0.015419635604
0.0154310057184
0.0154272316979
0.0154174985449
0.0154822906848
0.0154871448036
0.0155034565628
0.0155230347604
0.0155247394916
0.0155137208695
0.015507109464
0.0155804275368
0.015598847649
0.0156155929288
0.0156230992517
0.0156190739942
0.0156147038314
0.0156150852873
0.0156278570967
0.0156465117333
0.0157252886916
0.0157326529635
0.0157260767643
0.0157232945653
0.0157291497207
0.0157542498218
0.0157716404334
0.0157783040925
0.0157775933697
0.0157729671568
0.0157781583113
0.015864400714
0.0158911177577
0.0159002043942
0.0159006768812
0.0159023012738
0.0159038340003
0.0159144696062
0.0159423371764
0.0159598594325
0.0159657069053
0.015969046335
0.0159645838201
0.015974714595
0.016001893
0.0160232954834
0.0160380160304
0.0160383979804
0.0160360856761
0.0160486798804
0.0160671632908
0.016087440284
0.0161110537188
0.0161162419388
0.0161209374455
0.0161238086527
0.0161418768963
0.0161658703634
0.0161877588134
0.0162049565819
0.0162057061054
0.0162128494575
0.0162205677807
0.0162495370126
0.0162746603881
0.0162912700522
0.0163024492712
0.0162994070605
0.016313078291
0.0163328376566
0.0163657984911
0.0163876869369
0.0164040835785
0.0164024315706
0.0164132099901
0.0164292388066
0.016461823942
0.0164878656371
0.0165100487996
0.0165115696271
0.0165208851158
0.0165393019941
0.016493877539
0.0165287876334
0.0165502787322
0.0165660884868
0.0165659903752
0.0165809218874
0.0166018362121
0.0166374654987
0.0166701889273
0.0166852182679
0.0166969695144
0.0166998749161
0.016653468366
0.0166879744148
0.0167178719134
0.0167450339257
0.0167542523614
0.0167660541671
0.0167821628796
0.0168077533092
0.0168458011894
0.0168085700534
0.016822841037
0.0168356912689
0.0168520673951
0.0168740196898
0.0169120020011
0.0169455957747
0.0168957795747
0.016911490586
0.0169261169035
0.0169440896288
0.0169802949434
0.0170201123445
0.0169823346976
0.0169961176032
0.017007342422
0.017028008933
0.0170548108466
0.0170956722445
0.0170628968186
0.0170884227227
0.0170985549304
0.0171166391722
0.0171458857536
0.0171859564454
0.0171506275181
0.0171785938012
0.0171985810883
0.0172156039934
0.01717094749
0.0172022871552
0.0172453476404
0.0172822608157
0.0173071473034
0.0172548705733
0.0172706147908
0.0173047715707
0.0173481202339
0.0173896577476
0.0173501011925
0.0173670101979
0.0173807801973
0.0174109947476
0.0173827089488
0.017427351636
0.0174636983565
0.0174881962264
0.017437750136
0.0174641961878
0.0174968739661
0.0175429311433
0.0175143097233
0.0175440723427
0.0175652969899
0.0175187936834
0.0175539285137
0.0175994714031
0.0176451324443
0.0176105020161
0.0176349728142
0.017657286292
0.0176182982828
0.0176616813633
0.0177063418729
0.0177413803053
0.017700266059
0.0177229901942
0.0177508020821
0.0177205728575
0.0177692368181
0.0178153131766
0.0177797690511
0.0178047428746
0.0178302798194
0.0177960844571
0.0178435354663
0.0178992607309
0.0178695240082
0.0178984037409
0.0179232863777
0.0178852362693
0.0179299833807
0.0179811806832
0.0179567693761
0.0179908060915
0.0179465083839
0.0179757734464
0.0180168767235
0.0179974886911
0.0180477608053
0.0180876056621
0.018052437546
0.0180800901047
0.0180468161367
0.018095917114
0.0181489700886
0.0181240656607
0.0181575946219
0.0181853985652
0.0181546720396
0.01820064299
0.0181875709692
0.0182381146399
0.0182771707898
0.0182363542396
0.018273633893
0.0182452124922
0.0182982644971
0.0182820237769
0.0183268651237
0.0183664625331
0.018326010403
0.0183642167121
0.0183442438097
0.0184005257581
0.0183865292135
0.0184248562444
0.0183852769448
0.0184202466684
0.0184734990607
0.0184593099177
0.018514244722
0.0184876727546
0.0185275432228
0.018493450573
0.0185365230536
0.0185269178525
0.018584866179
0.0185640840864
0.0186020113627
0.0185704310677
0.0186098066092
0.0185910141384
0.0186563874117
0.0186407693491
0.0186840579968
0.0186540816311
0.0186907331967
0.0186715619628
0.0187363346756
0.0187246546261
0.0187799440122
0.0187471376298
0.0187825577185
0.0187621103373
0.0188184985095
0.0188090908804
0.0188700210293
0.0188419363882
0.0188840900781
0.0188575096447
0.0189166761609
0.0189076958954
0.0188964267499
0.0189508906627
0.0189184575958
0.0189631935045
0.0189414183107
0.0190080908524
0.0190035658955
0.0190639028339
0.0190354249409
0.019008823049
0.0190540627476
0.0190409505329
0.0191115280946
0.0191001555774
0.0190830562897
0.019132031919
0.0191034966273
0.0191636650205
0.019156909034
0.0192268131805
0.0192092960893
0.0191870342024
0.0192278463314
0.0192165921101
0.0192078651884
0.019280348495
0.019268538426
0.0193217731866
0.0192979743779
0.0192735930433
0.0193421298041
0.0193383398687
0.0193375888742
0.019396315129
0.0193684507755
0.0194187534032
0.019402767319
0.0194075395489
0.0194813581722
0.0194688024516
0.0194507967321
0.0195002477921
0.0194803719839
0.0194790622168
0.0195582555772
0.0195511484071
0.0195381560484
0.019588607702
0.0195655780778
0.019560636829
0.0196398772538
0.0196433021769
0.0196299208769
0.0196121141046
0.0196644532266
0.0196528891146
0.0196558355917
0.0197332900807
0.0197317554751
0.019712155266
0.019764455481
0.0197553061705
0.0197551442415
0.019756505821
0.0198312215107
0.0198230892012
0.0198094697885
0.0198653584085
0.0198552123642
0.0198618971444
0.0198693127318
0.0199382151751
0.0199280294824
0.0199054814551
0.0198974934558
0.0199730469654
0.0199861119481
0.0199893542355
0.0199805405474
0.020029895804
0.0200185427858
0.0200228757428
0.0200327820517
0.0200406861782
0.0201087622515
0.0200954243481
0.0200854998924
0.0200823596544
0.0201560257416
0.0201670963067
0.0201697126057
0.0201639838952
0.0201501425387
0.0202145284961
0.0202200686161
0.0202360827542
0.0202439663548
0.0202399956478
0.0202275820308
0.0202925909078
0.0202943598345
0.020306430445
0.0203184193919
0.0203202493533
0.0203858849996
0.0203746184656
0.0203723949687
0.0203823560256
0.0204003479466
0.0204078252869
0.0204032352544
0.0204636861612
0.0204614817186
0.0204681001393
0.0204832083332
0.0204955233371
0.0204999996303
0.0204912544233
0.0205546263947
0.0205572804533
0.0205747382124
0.0205965679093
0.0206033465315
0.0206019612256
0.0205931834703
0.020591992956
0.0206747234247
0.0206957737116
0.020707949037
0.0207081369367
0.0207064998918
0.020705747826
0.020713343652
0.020730757562
0.0207508163907
0.0207567671969
0.0207580526238
0.0208235728492
0.0208306820622
0.0208462534072
0.0208655683076
0.0208868044201
0.02088646277
0.0208804833653
0.0208804524904
0.0208963876419
0.0209226925415
0.02093940443
0.0209480401976
0.0209439269795
0.0209473503343
0.0209558472632
0.0209787931713
0.0209992456583
0.0210162065403
0.0210192127614
0.0210871759635
0.0210977596487
0.0211182539172
0.0211407729404
0.0211572374489
0.021171174102
0.0211683189505
0.0211696381155
0.0211890583343
0.0212153125902
0.0212363458175
0.0212524471417
0.0212557424431
0.0212610850305
0.0212705062264
0.0212952003138
0.021325320617
0.0213412170925
0.0213487227149
0.0213537670409
0.0212877523727
0.0213154749767
0.0213408702032
0.0213679561096
0.0213807776937
0.0213813658788
0.0213902578823
0.0214081511035
0.0214389864838
0.0214640728645
0.0214887140897
0.0214926204637
0.0215001825598
0.0215140999173
0.02154272284
0.0215701830909
0.0215944647561
0.0216090967996
0.0216146791346
0.0215558329062
0.0215810377345
0.0216125491173
0.0216440239869
0.0216582663095
0.0216721453701
0.0216768632217
0.0216981089086
0.021728360717
0.0217632204814
0.0217114714467
0.0217293093912
0.0217394026896
0.0217543853533
0.0217842831404
0.0218147715865
0.0218497425682
0.0218692105484
0.0218745901204
0.021820690086
0.0218408759635
0.0218806402446
0.0219162890091
0.0219355611677
0.021953488674
0.0219663088646
0.0219141768242
0.0219484113712
0.0219867190934
0.0220152569948
0.0220341467236
0.0220471102819
0.0219913902622
0.0220223782006
0.0220650842009
0.0221009818088
0.0221194151751
0.0221379380317
0.0220821155076
0.0221127427137
0.0221449253127
0.0221844683382
0.0222182662982
0.0221649667363
0.0221777646904
0.02220092951
0.0222365322612
0.0222815779289
0.0222393429367
0.0222665564561
0.0222826889319
0.0223062476361
0.0223382615452
0.0223018269103
0.0223455725355
0.0223749610058
0.0223974203531
0.02234352454
0.0223715016389
0.022414912559
0.0224521287738
0.0224188293225
0.0224419937404
0.0224635084366
0.0224878232484
0.0224525611902
0.022500415075
0.0225407017255
0.0225669081208
0.0225144699864
0.0225396272083
0.0225725455212
0.0226197385498
0.0225918272904
0.0226262020185
0.0226528498857
0.0226011582714
0.0226336708621
0.0226749467432
0.022724966629
0.0226928189612
0.0227242736631
0.0227452798649
0.0226987647478
0.0227401433351
0.0227869507274
0.0228352290403
0.0227966019762
0.0228236271245
0.0228471271751
0.0228123694678
0.0228577651994
0.0229092955763
0.0228764699775
0.0229039848712
0.0229305897133
0.0228884316049
0.0229345567505
0.0229898895902
0.0229659212249
0.022998674179
0.0230266588009
0.0229815562495
0.0230239138856
0.0230007174838
0.0230530903711
0.0230916590407
0.0230564659777
0.0230820901141
0.0231204648782
0.0230951556111
0.0231500865206
0.0231220837411
0.0231637178551
0.0231896493082
0.0231522463193
0.0231958609851
0.0232515192617
0.0232342470175
0.0232719675036
0.0232313392245
0.0232602221227
0.0232312249106
0.0232880191537
0.0233442803507
0.0233155263235
0.0233510052958
0.0233127303554
0.0233521107661
0.0234004101424
0.0233920131366
0.0234410122562
0.0234092469337
0.0234420209074
0.0234083009174
0.0234564998388
0.0234385539029
0.0235013945459
0.023544143389
0.0235074222129
0.0235442661601
0.0235161103958
0.0235686802363
0.02356201019
0.0236104827212
0.0235840573627
0.0236149520811
0.0235831488736
0.0236384367571
0.0236268901283
0.0236804126373
0.0236594114185
0.0236921274152
0.0236635890403
0.0237090895921
0.0237025852571
0.0237634984582
0.0237388306804
0.0237845904175
0.0237454707067
0.0237965285231
0.0237780930463
0.0238470017089
0.0238278627655
0.0238785385501
0.0238401350547
0.0238879206067
0.0238659229776
0.0239350869244
0.0239241312389
0.0239769061873
0.0239446497845
0.0239868303852
0.0239644046664
0.0240284503149
0.0240264467945
0.0240066789579
0.0240569310411
0.0240240075724
0.0240725724227
0.0240588855574
0.0241271170433
0.0241220033859
0.0240956010928
0.0241425284153
0.0241098897823
0.0241707514084
0.0241695302988
0.0242315248529
0.0242203568995
0.0241944484505
0.024236560219
0.0242172768883
0.0242864114135
0.0242818532484
0.0242727279606
0.02432765497
0.0242940313321
0.0243474818091
0.0243406387
0.0243388752851
0.0244048661874
0.0243892051884
0.0243673342684
0.0244090143317
0.0243981982927
0.0244713836053
0.0244704071161
0.0244583499473
0.0245093673999
0.0244872679985
0.0244726066886
0.0245393997324
0.0245378444365
0.0245333691923
0.0245931443852
0.0245722322541
0.0245509017219
0.0246117558093
0.0246121747625
0.0246155831685
0.0246811322563
0.024659574966
0.0246401954519
0.024693424417
0.0246955158396
0.0247016049912
0.0247692671291
0.0247558013836
0.0247328766047
0.0247919991503
0.0247908425681
0.0247941494489
0.0247977582712
0.0248530116844
0.024835644022
0.0248195616091
0.024883565644
0.0248895102398
0.0248967617924
0.0248910015169
0.0249500151185
0.024929329268
0.0249203177737
0.0249964780708
0.0250020297271
0.0250053664923
0.0249966445408
0.0250495854583
0.0250373233144
0.0250334889962
0.0250427706189
0.025123371869
0.0251167039831
0.0251031980378
0.0250890293905
0.0250811800101
0.0251615419772
0.025178155737
0.0251772656624
0.025168035986
0.025226418936
0.0252148199469
0.0252193488659
0.0252276920708
0.0252355833258
0.0253044924985
0.0252938985626
0.0252831819437
0.0252838453431
0.0252915110487
0.0253761215926
0.0253780380769
0.0253650247023
0.0253588728078
0.0253555541002
0.0254337417969
0.0254477856858
0.0254553005659
0.0254528816658
0.0254414728108
0.0254347640756
0.0255094996399
0.0255297392204
0.0255419604761
0.0255393665121
0.0255303522889
0.0255272668221
0.0255251441719
0.025611062932
0.0256265473492
0.0256355501172
0.0256305551432
0.0256211250496
0.0256209700237
0.0256311622857
0.0257210345034
0.0257353180934
0.0257355251096
0.0257274087176
0.0257242794933
0.0257306789351
0.0257472798952
0.0257657271411
0.0257717297609
0.0258396546956
0.0258386164452
0.0258373507846
0.0258576711542
0.0258765306306
0.0258845592433
0.0258899312996
0.0258833490342
0.0258843339824
0.0258955552867
0.0259209213271
0.0260068091588
0.0260119250631
0.0260132102371
0.0260096268589
0.0260190123583
0.0260374782611
0.0260633713004
0.0260706698014
0.026075736796
0.026071325872
0.0260768045478
0.0260926211825
0.0261203206524
0.0261366984822
0.0261431608389
0.0261455394922
0.0261457353038
0.0261600000916
0.0261818522884
0.0262083936755
0.0262184618086
0.0262200040555
0.0262241666721
0.0262322708995
0.0262544333345
0.0262780431399
0.0262996285867
0.0263091833208
0.0263038239411
0.0263140269498
0.0263366981527
0.0263613365947
0.026384324156
0.0263992910298
