metodo_1_dt_1:4
2.05249846306e-09
4.67401215196e-06
4.68076419701e-06
4.68084236766e-06
4.68169853756e-06
4.67808613668e-06
4.67745251849e-06
4.67977395731e-06
4.68283764685e-06
4.68125452916e-06
4.68040390686e-06
4.68246563613e-06
4.67976856679e-06
4.68761109704e-06
4.68858590564e-06
4.68269441051e-06
4.68952638812e-06
4.68953842615e-06
4.68275625352e-06
4.68680909857e-06
4.68615358183e-06
4.68666287724e-06
4.69231420299e-06
4.68944371237e-06
4.68986174672e-06
4.69361131957e-06
4.69278059537e-06
4.69346426449e-06
4.69574574844e-06
4.69351996655e-06
4.69478818565e-06
4.69957517508e-06
4.6962882573e-06
4.69834148514e-06
4.70396659801e-06
4.70159798277e-06
4.70455919058e-06
4.7094219201e-06
4.7080644323e-06
4.71199158498e-06
4.71788272113e-06
4.71916155461e-06
4.72242672257e-06
4.71944332362e-06
4.72164068755e-06
4.72585454404e-06
4.73520181785e-06
4.7366964693e-06
4.73337835852e-06
4.7419782008e-06
4.74569921699e-06
4.74156389475e-06
4.7522579793e-06
4.7565086176e-06
4.75289371365e-06
4.76400157519e-06
4.75868435235e-06
4.76663841772e-06
4.7680217976e-06
4.77272111518e-06
4.7819855677e-06
4.78329910002e-06
4.78908536732e-06
4.79682156029e-06
4.79900528761e-06
4.8042958802e-06
4.80272996499e-06
4.81414059123e-06
4.81862864088e-06
4.81724031415e-06
4.82762606475e-06
4.83201756615e-06
4.83923593506e-06
4.83929349978e-06
4.85205261603e-06
4.85851410722e-06
4.85671897273e-06
4.86840298996e-06
4.87266211828e-06
4.87941083778e-06
4.87945046308e-06
4.89100895724e-06
4.89570334777e-06
4.90263562244e-06
4.90177752412e-06
4.91302702494e-06
4.91699894956e-06
4.92292100513e-06
4.93072896679e-06
4.93037382715e-06
4.94225127327e-06
4.94575658652e-06
4.95080118178e-06
4.95731299135e-06
4.95557316635e-06
4.96476024945e-06
4.96573452067e-06
4.96749301533e-06
4.97028128973e-06
4.97417460881e-06
4.96889030222e-06
4.97443125255e-06
4.97059221507e-06
4.96740888351e-06
4.97472474702e-06
4.97260397762e-06
4.97085596884e-06
4.95953524283e-06
4.95863122037e-06
4.9578615803e-06
4.94742421092e-06
4.94730684672e-06
4.93712653977e-06
4.93718132638e-06
4.92748054433e-06
4.92799972649e-06
4.91821599335e-06
4.90857205977e-06
4.8990550189e-06
4.89898820669e-06
4.88896417101e-06
4.87894163645e-06
4.87887211489e-06
4.86801382302e-06
4.86698727343e-06
4.8550033566e-06
4.85272946316e-06
4.8401939823e-06
4.83728854801e-06
4.83401369441e-06
4.82938492536e-06
4.82425693547e-06
4.81759995839e-06
4.8113219188e-06
4.80338421806e-06
4.80467617429e-06
4.79418411247e-06
4.79388589755e-06
4.79161283606e-06
4.78840231564e-06
4.78304088686e-06
4.77779976832e-06
4.78020249273e-06
4.77152142487e-06
4.7715636106e-06
4.76907558274e-06
4.76656338804e-06
4.7713016889e-06
4.76471403955e-06
4.76657886526e-06
4.76553476658e-06
4.76290858266e-06
4.76011540367e-06
4.75423049168e-06
4.75502170792e-06
4.75555962981e-06
4.75432974799e-06
4.7516697491e-06
4.75007669575e-06
4.74852684782e-06
4.74698622204e-06
4.74370743405e-06
4.74303671609e-06
4.74050192799e-06
4.73876593545e-06
4.7358260525e-06
4.73459898718e-06
4.73210293033e-06
4.72932517669e-06
4.72710193382e-06
4.72446100331e-06
4.72034965531e-06
4.71766797953e-06
4.71441573257e-06
4.71153191933e-06
4.70799702495e-06
4.70572026091e-06
4.69949505706e-06
4.69662290614e-06
4.69157750733e-06
4.68556306545e-06
4.68187085549e-06
4.67669184555e-06
4.66939607899e-06
4.6628333269e-06
4.65597099437e-06
4.64875112658e-06
4.63849652423e-06
4.6293864465e-06
4.62072803287e-06
4.6087756153e-06
4.59796874813e-06
4.58751121251e-06
4.57355965727e-06
4.56178557684e-06
4.5454702239e-06
4.53236757234e-06
4.5156147049e-06
4.50121605376e-06
4.48312320134e-06
4.46844520645e-06
4.44909289687e-06
4.42913446606e-06
4.41274699653e-06
4.39167352515e-06
4.37427736879e-06
4.35313487345e-06
4.33482351689e-06
4.31516239767e-06
4.29268856579e-06
4.27319170305e-06
4.25429158718e-06
4.2307071323e-06
4.21022277768e-06
4.18946180384e-06
4.168445515e-06
4.14813462659e-06
4.12667712893e-06
4.10597436783e-06
4.08417723302e-06
4.06225189072e-06
4.04465168899e-06
4.02255099702e-06
4.0004127352e-06
3.98174444379e-06
3.96309442066e-06
3.94101991705e-06
3.92250149627e-06
3.90409891322e-06
3.88490903895e-06
3.86684882434e-06
3.84807984117e-06
3.83296420465e-06
3.81476055077e-06
3.79931819166e-06
3.7809146848e-06
3.76625797986e-06
3.75205353716e-06
3.73740222699e-06
3.72329762161e-06
3.70979159701e-06
3.69913128502e-06
3.68599056012e-06
3.67573105676e-06
3.66316662337e-06
3.65446329743e-06
3.64564677747e-06
3.63676643495e-06
3.62883125593e-06
3.62189722757e-06
3.61687190223e-06
3.61108778009e-06
3.60721833995e-06
3.60445932322e-06
3.60285738878e-06
3.60052360193e-06
3.59943184517e-06
3.59865614891e-06
3.60160117961e-06
3.60248028365e-06
3.60607483537e-06
3.61001174843e-06
3.6143080632e-06
3.61995507518e-06
3.62598949734e-06
3.63241770509e-06
3.63924152757e-06
3.64941034046e-06
3.65889503671e-06
3.66773341935e-06
3.67877351337e-06
3.68906886278e-06
3.70154421794e-06
3.71322654774e-06
3.72678434152e-06
3.73971915951e-06
3.75179671467e-06
3.76657664284e-06
3.78139832259e-06
3.7962602488e-06
3.80964287654e-06
3.82464052559e-06
3.84118935824e-06
3.85734155875e-06
3.87264959107e-06
3.89052091733e-06
3.90718930112e-06
3.92546266461e-06
3.94266792621e-06
3.96150429531e-06
3.98067062224e-06
4.00119653199e-06
4.02113001802e-06
4.04270585661e-06
4.06449722518e-06
4.08695841627e-06
4.10970906537e-06
4.1331350211e-06
4.15592265657e-06
4.18135991691e-06
4.20631986347e-06
4.23180158972e-06
4.25780559138e-06
4.28542017871e-06
4.31235208001e-06
4.33959622952e-06
4.36832300723e-06
4.39635216872e-06
4.42574197982e-06
4.45549713855e-06
4.48440355192e-06
4.51473263779e-06
4.54537643643e-06
4.5762164037e-06
4.60732986319e-06
4.63859703227e-06
4.67009258197e-06
4.70179341276e-06
4.73367400847e-06
4.76692278978e-06
4.7990509453e-06
4.83132072305e-06
4.86369076268e-06
4.89742811215e-06
4.92995636195e-06
4.96393154384e-06
4.99662066919e-06
5.03066150262e-06
5.06339287734e-06
5.09758138315e-06
5.13033261224e-06
5.16455075648e-06
5.19719830804e-06
5.2315237462e-06
5.26413929321e-06
5.29835191627e-06
5.33080813665e-06
5.36508051132e-06
5.39783748105e-06
5.43194574462e-06
5.46379142822e-06
5.49520942416e-06
5.5291949582e-06
5.56165194067e-06
5.59475675134e-06
5.62712948002e-06
5.65791714475e-06
5.69135736781e-06
5.72280530551e-06
5.75352265792e-06
5.78443413987e-06
5.81452416561e-06
5.84733897305e-06
5.87666921082e-06
5.90695494157e-06
5.93621281938e-06
5.96438782884e-06
5.99037848592e-06
6.01804753674e-06
6.04634880909e-06
6.07331379806e-06
6.09982758512e-06
6.12251303616e-06
6.1478509166e-06
6.17003098995e-06
6.19394708828e-06
6.21351102801e-06
6.23306112285e-06
6.25537041565e-06
6.27298605425e-06
6.28955589705e-06
6.30598132205e-06
6.3213289897e-06
6.3355905464e-06
6.34967102449e-06
6.36265797791e-06
6.37545509886e-06
6.38272373846e-06
6.39416105862e-06
6.40451430372e-06
6.41001006843e-06
6.41989462496e-06
6.42476274318e-06
6.42840342804e-06
6.43664206513e-06
6.43963173579e-06
6.44224829468e-06
6.44448467337e-06
6.44632802084e-06
6.44692058381e-06
6.44794870735e-06
6.44309987827e-06
6.44318832157e-06
6.44282893659e-06
6.43716792794e-06
6.43660525485e-06
6.42893454182e-06
6.42809584538e-06
6.41999061374e-06
6.41200838806e-06
6.40412436371e-06
6.40083289573e-06
6.39234379167e-06
6.3830925688e-06
6.3730723306e-06
6.36303920646e-06
6.35296929385e-06
6.33635294988e-06
6.32531068783e-06
6.31416116315e-06
6.30213639934e-06
6.28399029983e-06
6.2715835118e-06
6.25288886274e-06
6.24000813585e-06
6.21995395882e-06
6.20651576479e-06
6.18646249321e-06
6.16528527218e-06
6.15082068885e-06
6.12951139765e-06
6.10772816058e-06
6.08545386164e-06
6.06267243544e-06
6.03936886987e-06
6.02362780443e-06
5.99994067335e-06
5.97567937755e-06
5.95148443371e-06
5.92732886326e-06
5.90190016213e-06
5.87647880395e-06
5.85103890507e-06
5.8249274092e-06
5.79875712029e-06
5.77250252286e-06
5.74552522672e-06
5.71781337842e-06
5.68259837903e-06
5.65453061176e-06
5.62626185374e-06
5.59716973127e-06
5.56781923075e-06
5.53875358515e-06
5.50876463962e-06
5.47839309916e-06
5.44702228957e-06
5.41573903643e-06
5.3839142762e-06
5.35093300315e-06
5.31784492862e-06
5.28402658562e-06
5.25727383027e-06
5.22182746897e-06
5.18545587175e-06
5.14809917121e-06
5.1097027491e-06
5.07926994472e-06
5.03867203802e-06
4.99742086446e-06
4.96356522637e-06
4.91990737384e-06
4.88415362858e-06
4.83852639289e-06
4.80031829572e-06
4.76138526945e-06
4.72123190372e-06
4.67163524656e-06
4.6295412563e-06
4.58625882032e-06
4.54228923254e-06
4.49764819929e-06
4.45187338417e-06
4.41423714196e-06
4.3667519404e-06
4.31869095761e-06
4.27885272651e-06
4.2292518005e-06
4.18793339433e-06
4.14616571854e-06
4.10350158145e-06
4.06095240607e-06
4.01759113518e-06
3.97345971835e-06
3.93827449287e-06
3.89372281982e-06
3.85769146027e-06
3.81295517743e-06
3.776300514e-06
3.7401886001e-06
3.70365554759e-06
3.67575527171e-06
3.63905791037e-06
3.61159986263e-06
3.57558223472e-06
3.54833169832e-06
3.52155936193e-06
3.50351267847e-06
3.47731646538e-06
3.45988591885e-06
3.43518342885e-06
3.42052524701e-06
3.40303392791e-06
3.38833183246e-06
3.38424671397e-06
3.36903836588e-06
3.36443215275e-06
3.36294670447e-06
3.35791708715e-06
3.36335144438e-06
3.36489032407e-06
3.36989599146e-06
3.37823040804e-06
3.39002922476e-06
3.40543227806e-06
3.4170772185e-06
3.43133631844e-06
3.456660085e-06
3.47792742654e-06
3.50280060587e-06
3.52347730166e-06
3.55382142687e-06
3.58766272948e-06
3.62505409819e-06
3.65789683456e-06
3.68604674263e-06
3.73150975081e-06
3.77206364339e-06
3.81591081193e-06
3.85466455202e-06
3.90200035136e-06
3.94704043471e-06
4.00048984658e-06
4.04839425532e-06
4.09915781932e-06
4.14931117184e-06
4.20208133751e-06
4.25739281141e-06
4.31516904022e-06
4.36671064562e-06
4.42557622225e-06
4.48157729263e-06
4.53606549656e-06
4.59758138785e-06
4.64736617237e-06
4.71269167566e-06
4.76255350575e-06
4.82282248715e-06
4.8761813897e-06
4.93122474215e-06
4.99298271109e-06
5.04776413516e-06
5.10415507192e-06
5.16725138153e-06
5.21819493834e-06
5.27583562348e-06
5.33499473327e-06
5.39235673641e-06
5.45445256532e-06
5.50627292522e-06
5.5680027151e-06
5.62265846941e-06
5.6840681365e-06
5.73299221701e-06
5.78866599382e-06
5.84560600061e-06
5.90374288517e-06
5.96033898899e-06
6.01812302655e-06
6.07701382156e-06
6.12875048445e-06
6.18729398449e-06
6.2410014093e-06
6.29335895893e-06
6.35466748237e-06
6.40670607309e-06
6.46156186301e-06
6.51521894291e-06
6.56958888031e-06
6.6245749255e-06
6.67853029222e-06
6.73309491457e-06
6.78816366361e-06
6.83597124057e-06
6.88416724328e-06
6.93918500954e-06
6.9944917923e-06
7.04251310697e-06
7.09741941389e-06
7.14573268715e-06
7.19351959877e-06
7.24137135046e-06
7.28917533373e-06
7.34382363403e-06
7.39123824672e-06
7.43849800093e-06
7.48548805293e-06
7.53209739385e-06
7.57866964821e-06
7.62487113421e-06
7.67058492349e-06
7.71653077502e-06
7.75446789155e-06
7.79929454497e-06
7.84341524788e-06
7.88806160438e-06
7.92425025311e-06
7.96734972128e-06
8.00952651674e-06
8.0525388078e-06
8.08664740031e-06
8.12768427778e-06
8.16757894354e-06
8.20862984004e-06
8.24032783207e-06
8.27895788124e-06
8.31621284288e-06
8.35196434869e-06
8.38918628594e-06
8.42491141456e-06
8.45899748464e-06
8.48622524497e-06
8.52036787268e-06
8.55270930447e-06
8.58309051071e-06
8.61135105392e-06
8.64159787002e-06
8.6741868079e-06
8.69984531111e-06
8.71870008409e-06
8.74836120952e-06
8.77118533876e-06
8.7953068843e-06
8.81247520474e-06
8.83210060509e-06
8.85255026423e-06
8.86622302983e-06
8.87676739539e-06
8.89347259753e-06
8.9068749605e-06
8.92634843741e-06
8.92981812485e-06
8.9423247324e-06
8.94836026541e-06
8.957799415e-06
8.95674603945e-06
8.96161964915e-06
8.96037313134e-06
8.96520890644e-06
8.96633402457e-06
8.96365358482e-06
8.95707561262e-06
8.95464050397e-06
8.95000341917e-06
8.93977006656e-06
8.93546928915e-06
8.92714797687e-06
8.91472179917e-06
8.90706916251e-06
8.8863205223e-06
8.87045614917e-06
8.8604103593e-06
8.84614875934e-06
8.8275945059e-06
8.80467595618e-06
8.78720105361e-06
8.76546542774e-06
8.73930001744e-06
8.70875807256e-06
8.68375896879e-06
8.66423389254e-06
8.63016043167e-06
8.60143506447e-06
8.56891313002e-06
8.54082935001e-06
8.50908172922e-06
8.47272860282e-06
8.44162656545e-06
8.40580586715e-06
8.36522886835e-06
8.32969470648e-06
8.29119280957e-06
8.24602450761e-06
8.20784735913e-06
8.16265537619e-06
8.11484186179e-06
8.07192676142e-06
8.02415487428e-06
7.97152058194e-06
7.92358820044e-06
7.87372602802e-06
7.82552582778e-06
7.77557022719e-06
7.7174740343e-06
7.66724940426e-06
7.60858539652e-06
7.55789128392e-06
7.49310086631e-06
7.44190648564e-06
7.37668339861e-06
7.31575179824e-06
7.25899246837e-06
7.19282490496e-06
7.13536901612e-06
7.06416157414e-06
7.001779479e-06
6.93861981451e-06
6.87561009985e-06
6.80802158758e-06
6.73067364563e-06
6.67089452792e-06
6.59809230636e-06
6.52913670969e-06
6.45565493615e-06
6.38585467743e-06
6.31150400336e-06
6.24064731547e-06
6.16520279758e-06
6.09304277978e-06
6.01623962775e-06
5.94129972475e-06
5.86305103974e-06
5.78763019472e-06
5.71421439853e-06
5.62946359114e-06
5.55425264099e-06
5.46746796712e-06
5.39021483671e-06
5.30117022923e-06
5.22165457577e-06
5.14427866306e-06
5.04820512386e-06
4.96819472695e-06
4.87734577688e-06
4.79466280511e-06
4.70749300738e-06
4.61599970536e-06
4.52614067612e-06
4.43206131863e-06
4.33945990554e-06
4.25121276789e-06
4.15593413211e-06
4.06176401294e-06
3.9722885159e-06
3.870403918e-06
3.78303881657e-06
3.67853581576e-06
3.5840210442e-06
3.48121947742e-06
3.38421799576e-06
3.28794811889e-06
3.19215856408e-06
3.09330282831e-06
2.9917376723e-06
2.89070000391e-06
2.78992209203e-06
2.68676283088e-06
2.58379859834e-06
2.48872209623e-06
2.38404417546e-06
2.27799598909e-06
2.1821178562e-06
2.08624499869e-06
1.9798464361e-06
1.88356101465e-06
1.78771558538e-06
1.69231591469e-06
1.597160383e-06
1.50408093395e-06
1.41198447167e-06
1.32409562239e-06
1.23856534138e-06
1.16918671858e-06
1.0953403958e-06
1.0345832366e-06
9.79198360736e-07
9.39034877775e-07
9.07381484822e-07
8.94500371363e-07
8.90778317916e-07
9.1170454978e-07
9.42982335276e-07
9.93653190702e-07
1.05297930798e-06
1.11562103066e-06
1.1878985895e-06
1.26836017913e-06
1.36568966742e-06
1.45172303476e-06
1.5539248781e-06
1.65033467427e-06
1.75438426046e-06
1.85926012774e-06
1.96203401056e-06
2.07338796989e-06
2.18530546721e-06
2.2933891562e-06
2.40147692325e-06
2.50978365275e-06
2.62208554979e-06
2.73449836388e-06
2.85027205573e-06
2.96606947814e-06
3.08209804834e-06
3.19118097907e-06
3.30034058725e-06
3.41961398407e-06
3.53130959915e-06
3.64330999717e-06
3.75583144145e-06
3.8701575134e-06
3.97507311531e-06
4.09138010048e-06
4.19829308049e-06
4.30597562093e-06
4.42463977301e-06
4.53445775279e-06
4.64510262907e-06
4.74697623778e-06
4.85971115709e-06
4.96370253038e-06
5.0782307701e-06
5.18405937306e-06
5.29017399044e-06
5.39888746452e-06
5.50789605324e-06
5.61689755221e-06
5.71750530189e-06
5.82957684192e-06
5.93358827625e-06
6.0373432516e-06
6.14287223946e-06
6.24784925507e-06
6.35458211536e-06
6.45356894288e-06
6.56421510643e-06
6.66444188177e-06
6.76359547265e-06
6.86789631028e-06
6.97109269723e-06
7.06354532722e-06
7.17101412209e-06
7.26779570479e-06
7.37221300944e-06
7.46950188488e-06
7.56903188862e-06
7.66183670265e-06
7.76185171584e-06
7.86416011124e-06
7.95538657031e-06
8.04897203607e-06
8.14500637465e-06
8.24357819177e-06
8.33975505796e-06
8.42470431316e-06
8.52588604309e-06
8.61592040002e-06
8.70315402022e-06
8.79290097808e-06
8.8852391784e-06
8.98024217903e-06
9.0640251483e-06
9.15860065319e-06
9.24184724711e-06
9.32779627827e-06
9.4165143503e-06
9.50174678564e-06
9.58202672873e-06
9.67283368192e-06
9.75237388855e-06
9.84222700178e-06
9.92073686149e-06
1.00016701991e-05
1.00791099016e-05
1.0166357727e-05
1.0242462238e-05
1.03213477611e-05
1.04034278192e-05
1.04739257033e-05
1.05547353122e-05
1.06310907873e-05
1.07038973674e-05
1.07785978662e-05
1.08498402057e-05
1.09241460886e-05
1.0999779238e-05
1.10721357593e-05
1.11415079639e-05
1.12117817851e-05
1.12767139111e-05
1.13469076691e-05
1.1411804004e-05
1.14766594238e-05
1.15471111385e-05
1.16034140705e-05
1.16708562892e-05
1.17273186465e-05
1.17915248268e-05
1.18447096418e-05
1.19053237208e-05
1.19549111735e-05
1.20159847287e-05
1.20618594774e-05
1.21192576921e-05
1.21702406617e-05
1.22146893395e-05
1.22616314125e-05
1.23071707384e-05
1.23592869425e-05
1.24009819473e-05
1.24360731539e-05
1.24831968063e-05
1.25236867178e-05
1.25607320304e-05
1.25938718372e-05
1.26329770889e-05
1.26652404804e-05
1.27001559845e-05
1.27349893295e-05
1.27657267845e-05
1.27965654932e-05
1.28230038858e-05
1.28497287588e-05
1.2879289746e-05
1.290403335e-05
1.29293632356e-05
1.29476922952e-05
1.29687973388e-05
1.29926899257e-05
1.30094992276e-05
1.30290651072e-05
1.30513961546e-05
1.30653010087e-05
1.30833200339e-05
1.3094136223e-05
1.31076734141e-05
1.31230686702e-05
1.31321719877e-05
1.31439802816e-05
1.31579355595e-05
1.31652557403e-05
1.31749135923e-05
1.31777131673e-05
1.31831907856e-05
1.31912950454e-05
1.31922279047e-05
1.31959826746e-05
1.320235829e-05
1.3201757247e-05
1.32035808125e-05
1.31986366188e-05
1.31959284698e-05
1.31966362106e-05
1.31894213318e-05
1.31849043231e-05
1.3184104512e-05
1.31751395623e-05
1.31688957813e-05
1.31666720233e-05
1.31560673919e-05
1.31482150219e-05
1.31332474729e-05
1.31325937543e-05
1.31232887155e-05
1.31069604788e-05
1.30934751499e-05
1.30828381725e-05
1.30750595735e-05
1.30581924854e-05
1.30463364332e-05
1.30276778055e-05
1.30119721706e-05
1.29966827662e-05
1.29867965743e-05
1.29675231023e-05
1.29538460757e-05
1.29402584758e-05
1.29198921613e-05
1.29023172786e-05
1.28875049767e-05
1.2865938459e-05
1.28471007263e-05
1.28290608766e-05
1.28064704501e-05
1.2787971591e-05
1.27656455022e-05
1.27465750533e-05
1.27234656594e-05
1.26998949999e-05
1.26767648312e-05
1.26522185009e-05
1.2628997565e-05
1.26002093327e-05
1.25758803171e-05
1.25467455495e-05
1.25169572028e-05
1.2491863356e-05
1.24626608399e-05
1.24282477301e-05
1.23977467136e-05
1.23684303514e-05
1.23337368476e-05
1.22983586424e-05
1.22640606961e-05
1.22291189629e-05
1.21944226015e-05
1.21599926324e-05
1.21206275404e-05
1.2081431328e-05
1.20477765199e-05
1.20090466396e-05
1.19650681175e-05
1.19267576666e-05
1.18887212243e-05
1.184613233e-05
1.18037260156e-05
1.17615245397e-05
1.1720359651e-05
1.16794344671e-05
1.16336016419e-05
1.15939523965e-05
1.15485123598e-05
1.15040622596e-05
1.14606117396e-05
1.1411918071e-05
1.13696599081e-05
1.13220763659e-05
1.12746609135e-05
1.12289618929e-05
1.11834568527e-05
1.11389232928e-05
1.10887540665e-05
1.10468837264e-05
1.0998546683e-05
1.09511192624e-05
1.09046092736e-05
1.08529008998e-05
1.08082062081e-05
1.0758233476e-05
1.07091200581e-05
1.06615887625e-05
1.06149311943e-05
1.05620417833e-05
1.05171266925e-05
1.04666159157e-05
1.04176292372e-05
1.03694844081e-05
1.03221969979e-05
1.02764627528e-05
1.02248855171e-05
1.01747962215e-05
1.01255398703e-05
1.00777974736e-05
1.00309244287e-05
9.98625000936e-06
9.93486355257e-06
9.8856256017e-06
9.83726044154e-06
9.79043061515e-06
9.74578526301e-06
9.70207077363e-06
9.65275046308e-06
9.6121724361e-06
9.56593711186e-06
9.52123549151e-06
9.47013580853e-06
9.42906579772e-06
9.38949837907e-06
9.34339150015e-06
9.29926981124e-06
9.25649719724e-06
9.21502920326e-06
9.17539866325e-06
9.13753892546e-06
9.09261759148e-06
9.0492790972e-06
9.00688532695e-06
8.96593675721e-06
8.92636520083e-06
8.88810093317e-06
8.85052976903e-06
8.80575546701e-06
8.76259010561e-06
8.72834150287e-06
8.6861027317e-06
8.64530752703e-06
8.59684160334e-06
8.5576943683e-06
8.51931790181e-06
8.47305775999e-06
8.42743349104e-06
8.3915765246e-06
8.34713593053e-06
8.3037114703e-06
8.25201911828e-06
8.20950455966e-06
8.16788625969e-06
8.11781246534e-06
8.07690014607e-06
8.02787532887e-06
7.97908136506e-06
7.93093602723e-06
7.88295411998e-06
7.83554691783e-06
7.78823759421e-06
7.73238223338e-06
7.68558573009e-06
7.63962908098e-06
7.58410615726e-06
7.52929192684e-06
7.48350526195e-06
7.42879342384e-06
7.37387981457e-06
7.319503928e-06
7.26485497488e-06
7.21028378977e-06
7.15575140553e-06
7.09188006666e-06
7.03693144576e-06
6.98226509643e-06
6.91773966806e-06
6.86279009947e-06
6.79820926694e-06
6.74253647013e-06
6.67728707566e-06
6.62124340975e-06
6.55535037238e-06
6.48912066769e-06
6.42245705634e-06
6.36497222717e-06
6.29745481358e-06
6.22946805432e-06
6.16097895989e-06
6.09195932583e-06
6.02240443635e-06
5.95223750246e-06
5.88148205791e-06
5.81011305049e-06
5.73810934808e-06
5.66544176897e-06
5.59210546797e-06
5.51808915476e-06
5.44336060391e-06
5.36794083334e-06
5.29182142918e-06
5.21499321014e-06
5.13744112624e-06
5.05919722406e-06
4.98023197143e-06
4.90058548132e-06
4.82024405499e-06
4.73923003752e-06
4.6575347442e-06
4.57517523943e-06
4.50204853446e-06
4.4183237541e-06
4.33404668483e-06
4.24887771097e-06
4.17310929213e-06
4.08662232204e-06
3.99930009905e-06
3.92115703503e-06
3.83216875191e-06
3.75226974939e-06
3.66152169934e-06
3.57965299133e-06
3.49667566082e-06
3.41263004054e-06
3.32746133263e-06
3.23106701704e-06
3.14340331641e-06
3.05438647302e-06
2.97402028818e-06
2.8823405257e-06
2.78919583127e-06
2.69463887493e-06
2.60853039522e-06
2.5110035756e-06
2.42189267853e-06
2.33130511379e-06
2.2391616583e-06
2.13566666887e-06
2.0405130573e-06
1.94392860195e-06
1.85590676465e-06
1.7566155978e-06
1.65598583104e-06
1.56400854404e-06
1.46112492564e-06
1.36733193026e-06
1.27280919052e-06
1.17807484846e-06
1.0833983593e-06
9.89681274854e-07
8.97604558549e-07
8.17945711182e-07
7.33885460625e-07
6.66168363169e-07
6.09335431272e-07
5.61360962633e-07
5.39961507615e-07
5.44662107953e-07
5.70294737012e-07
6.18059433118e-07
6.81355213134e-07
7.61909016862e-07
8.49890033473e-07
9.4533751391e-07
1.04683159849e-06
1.15412723831e-06
1.25910872543e-06
1.37480444123e-06
1.48687101546e-06
1.60233349685e-06
1.72745615853e-06
1.84065563562e-06
1.96396670101e-06
2.09013300298e-06
2.21032802312e-06
2.34058313457e-06
2.46604698088e-06
2.59340902486e-06
2.72263700512e-06
2.85369322148e-06
2.97978431702e-06
3.11575362677e-06
3.24538802864e-06
3.37743313868e-06
3.51118801796e-06
3.64730000243e-06
3.78505814131e-06
3.91716927643e-06
4.05091619496e-06
4.19412051564e-06
4.33166278682e-06
4.46361688318e-06
4.60413845168e-06
4.74675003176e-06
4.88374067674e-06
5.02207362063e-06
5.16240766984e-06
5.30320045991e-06
5.44584010537e-06
5.58950483865e-06
5.7275264757e-06
5.8672863568e-06
6.01364122568e-06
6.15506117563e-06
6.29091338486e-06
6.43382625092e-06
6.57117465491e-06
6.71610271002e-06
6.85470317487e-06
6.9946887409e-06
7.13440502386e-06
7.27542138392e-06
7.41116887279e-06
7.54748367664e-06
7.68989250264e-06
7.82798738277e-06
7.96570447704e-06
8.09851735968e-06
8.23796286877e-06
8.37260160396e-06
8.51193380264e-06
8.64739819437e-06
8.78326270911e-06
8.91860524356e-06
9.05039541759e-06
9.18727592925e-06
9.31981798761e-06
9.45718913657e-06
9.59030114651e-06
9.72366969211e-06
9.85303256324e-06
9.98686397644e-06
1.01167690881e-05
1.02508635233e-05
1.03811093612e-05
1.05114950091e-05
1.06419712129e-05
1.07724809414e-05
1.09029747073e-05
1.1030940145e-05
1.11580300297e-05
1.1288340896e-05
1.14153011895e-05
1.15421663045e-05
1.16688775014e-05
1.17925463985e-05
1.19188865556e-05
1.20422685284e-05
1.21680259611e-05
1.22909055663e-05
1.24135027056e-05
1.25357641606e-05
1.26576372381e-05
1.27790698093e-05
1.28980407463e-05
1.30185322324e-05
1.31366524511e-05
1.32543221904e-05
1.33740563065e-05
1.3491568421e-05
1.36061108959e-05
1.37195024755e-05
1.38302123372e-05
1.3948121579e-05
1.40622778154e-05
1.41747037324e-05
1.42834720838e-05
1.43995012997e-05
1.45028032088e-05
1.46132863778e-05
1.47209313143e-05
1.48257014107e-05
1.49375503251e-05
1.50463614273e-05
1.51523662093e-05
1.52553430658e-05
1.53554656732e-05
1.54626786711e-05
1.55565447691e-05
1.56577282495e-05
1.57558852527e-05
1.58609472038e-05
1.59529126971e-05
1.60516728874e-05
1.61472016356e-05
1.62504851446e-05
1.63394578689e-05
1.64349237158e-05
1.65282940872e-05
1.66167621641e-05
1.67114421319e-05
1.68040744445e-05
1.68930701894e-05
1.69764397192e-05
1.70578517372e-05
1.71451966755e-05
1.72263837404e-05
1.73056969253e-05
1.73809719097e-05
1.7461841206e-05
1.75385416507e-05
1.76110436574e-05
1.76889123236e-05
1.7762477203e-05
1.78317196687e-05
1.78966238597e-05
1.79698596549e-05
1.80355632776e-05
1.80968376927e-05
1.81537028209e-05
1.82190508648e-05
1.8276400196e-05
1.83330655842e-05
1.8390745582e-05
1.84438879811e-05
1.84965553724e-05
1.85406932716e-05
1.85936319185e-05
1.86378126491e-05
1.8681859321e-05
1.87304433469e-05
1.87699538314e-05
1.88095681593e-05
1.8853543743e-05
1.88881582437e-05
1.89231005594e-05
1.89622286025e-05
1.89882909492e-05
1.90217542244e-05
1.90473601243e-05
1.90769542061e-05
1.91020385736e-05
1.91309713724e-05
1.91553642868e-05
1.91752533825e-05
1.9190677491e-05
1.92097481377e-05
1.92243197564e-05
1.92423979332e-05
1.92497975543e-05
1.92649875663e-05
1.92773831791e-05
1.92852681002e-05
1.92886845751e-05
1.92952874357e-05
1.92974124708e-05
1.93025732276e-05
1.9295849312e-05
1.9299479042e-05
1.92913460458e-05
1.92861049658e-05
1.9283631033e-05
1.92767306389e-05
1.92655837374e-05
1.92570777785e-05
1.92442201657e-05
1.92270880904e-05
1.92124849367e-05
1.92010948721e-05
1.91847309743e-05
1.91641500373e-05
1.91394473067e-05
1.91247971177e-05
1.90984319417e-05
1.90743238783e-05
1.90462077609e-05
1.90221163403e-05
1.89923635577e-05
1.89587732876e-05
1.89354198889e-05
1.89002577236e-05
1.88671623432e-05
1.88386114609e-05
1.88038426856e-05
1.87654216958e-05
1.8731828699e-05
1.86917799365e-05
1.86481879678e-05
1.86148764571e-05
1.85695332197e-05
1.85343985714e-05
1.84871216258e-05
1.84499638841e-05
1.84005470502e-05
1.83611513973e-05
1.83093808904e-05
1.82675347998e-05
1.82132091837e-05
1.81687165544e-05
1.81116521511e-05
1.80643411995e-05
1.8013440404e-05
1.79499460644e-05
1.78961739817e-05
1.78429283972e-05
1.7786137908e-05
1.77205272647e-05
1.76605999496e-05
1.76009738154e-05
1.75378852996e-05
1.74749928113e-05
1.74121782102e-05
1.73425129041e-05
1.72763003051e-05
1.72067125434e-05
1.71338562447e-05
1.70609319505e-05
1.6987836435e-05
1.69115046818e-05
1.68349247689e-05
1.67647969932e-05
1.66847727515e-05
1.66043204586e-05
1.65304405544e-05
1.64439311118e-05
1.63666854711e-05
1.62792211274e-05
1.61985647572e-05
1.61173539844e-05
1.60257131844e-05
1.59410031352e-05
1.58536032777e-05
1.57674493962e-05
1.56785516716e-05
1.55870274358e-05
1.5494703437e-05
1.54014898492e-05
1.53155962902e-05
1.52189107937e-05
1.51296819829e-05
1.50309654349e-05
1.49383812021e-05
1.48361296042e-05
1.47414418972e-05
1.46445117879e-05
1.45475404483e-05
1.44473190195e-05
1.43469169675e-05
1.42443573719e-05
1.41505241893e-05
1.40446720999e-05
1.39475526663e-05
1.38391424802e-05
1.37387778377e-05
1.36371099792e-05
1.35340867647e-05
1.34292477129e-05
1.33230739945e-05
1.32255079549e-05
1.3116282832e-05
1.30156999571e-05
1.29037377745e-05
1.28002687735e-05
1.26954753815e-05
1.25893389996e-05
1.24918746173e-05
1.2383147018e-05
1.22731465944e-05
1.2172013678e-05
1.2069698019e-05
1.19661981014e-05
1.18617700872e-05
1.17562363782e-05
1.16595948634e-05
1.15518542071e-05
1.14533621646e-05
1.13538028933e-05
1.12535747645e-05
1.11518434249e-05
1.1059888692e-05
1.09563683357e-05
1.08621694386e-05
1.07662640399e-05
1.06701772504e-05
1.05722873616e-05
1.04836281152e-05
1.03936192578e-05
1.0292834014e-05
1.02099720666e-05
1.01162696213e-05
1.00216871783e-05
9.93490495318e-06
9.84718403115e-06
9.75784855852e-06
9.66686553064e-06
9.58485603153e-06
9.50113835108e-06
9.41570198375e-06
9.32918570285e-06
9.24089556514e-06
9.16078432272e-06
9.07885704413e-06
8.99577109296e-06
8.91081531713e-06
8.83397573873e-06
8.75525255965e-06
8.67526263194e-06
8.59334751637e-06
8.51947805778e-06
8.44427226276e-06
8.36650155212e-06
8.2873523536e-06
8.21673507752e-06
8.14357590896e-06
8.06891977623e-06
7.99224954419e-06
7.92351652318e-06
7.85318731612e-06
7.78077879985e-06
7.71628295349e-06
7.64005064878e-06
7.57138077571e-06
7.51093046173e-06
7.43834549016e-06
7.37385591806e-06
7.31718937906e-06
7.24836139909e-06
7.18737527197e-06
7.12425259958e-06
7.05898540647e-06
7.00154920702e-06
6.94193962924e-06
6.88997110355e-06
6.82580679741e-06
6.76942702497e-06
6.71089740958e-06
6.6597878075e-06
6.60689098724e-06
6.55092923083e-06
6.50323439457e-06
6.45278520462e-06
6.40083357703e-06
6.35528869708e-06
6.29837977319e-06
6.25846977508e-06
6.20742983239e-06
6.16233759832e-06
6.11624634681e-06
6.07695214951e-06
6.03566671178e-06
5.99248341225e-06
5.95743137804e-06
5.91906855791e-06
5.87897627835e-06
5.84706965083e-06
5.81172413604e-06
5.78460065279e-06
5.74619355974e-06
5.71613088815e-06
5.69230318516e-06
5.66941616816e-06
5.64059648176e-06
5.62251180392e-06
5.60070633021e-06
5.58034853832e-06
5.56294983278e-06
5.54714082125e-06
5.53667367603e-06
5.51544467109e-06
5.51187759867e-06
5.49765928737e-06
5.48822745271e-06
5.48675719959e-06
5.48025660983e-06
5.47592676066e-06
5.47575947334e-06
5.47403757482e-06
5.47092487626e-06
5.47143938698e-06
5.47034446556e-06
5.47683450015e-06
5.47750602812e-06
5.48102769984e-06
5.48757239145e-06
5.48799456852e-06
5.50045269485e-06
5.50672925271e-06
5.51158755688e-06
5.51874898675e-06
5.52958258429e-06
5.54267908994e-06
5.54917630238e-06
5.55964888314e-06
5.57209651845e-06
5.58330801173e-06
5.60179507841e-06
5.61359859836e-06
5.63253623188e-06
5.65044673742e-06
5.66747144295e-06
5.68581620088e-06
5.70333465447e-06
5.7219015567e-06
5.74740974547e-06
5.76844066805e-06
5.79269936345e-06
5.81316796482e-06
5.84258295572e-06
5.86822179208e-06
5.89063642954e-06
5.92228864047e-06
5.95004704367e-06
5.9744603655e-06
6.00842895775e-06
6.03836937774e-06
6.07185759581e-06
6.10824260166e-06
6.14050939924e-06
6.17640477899e-06
6.21532474891e-06
6.2579706226e-06
6.29645770232e-06
6.33803966643e-06
6.37533401393e-06
6.42393740619e-06
6.46896957298e-06
6.50968249145e-06
6.56128670529e-06
6.60923110939e-06
6.66057171069e-06
6.70755608027e-06
6.76642565213e-06
6.81376579508e-06
6.8718467979e-06
6.92682241171e-06
6.99276019311e-06
7.04699536294e-06
7.11352017348e-06
7.1757434651e-06
7.24172230888e-06
7.3039046324e-06
7.37866761204e-06
7.44909635661e-06
7.51513892848e-06
7.59387397952e-06
7.66821815155e-06
7.74702051726e-06
7.82131977248e-06
7.89947401497e-06
7.98198953019e-06
8.06881212579e-06
8.15095455413e-06
8.23729869926e-06
8.31879424533e-06
8.41230066157e-06
8.50131898715e-06
8.59376753295e-06
8.68154401751e-06
8.7725649466e-06
8.86732935384e-06
8.96575901849e-06
9.05819407953e-06
9.15417822455e-06
9.25368315826e-06
9.34752497868e-06
9.44479799609e-06
9.54493782351e-06
9.63929609064e-06
9.73698448933e-06
9.83746405104e-06
9.94118398833e-06
1.00390287712e-05
1.01401006524e-05
1.02352417522e-05
1.03416425628e-05
1.04426006383e-05
1.05461695581e-05
1.064426866e-05
1.07449421447e-05
1.08481794129e-05
1.09544416619e-05
1.1055195542e-05
1.1157915553e-05
1.12636146525e-05
1.13637565331e-05
1.14663207824e-05
1.15712759002e-05
1.16791343204e-05
1.17808570027e-05
1.18848988949e-05
1.19917616735e-05
1.20924534323e-05
1.2195930627e-05
1.23016192786e-05
1.24094948246e-05
1.25116908329e-05
1.2616018241e-05
1.27229902051e-05
1.28237078884e-05
1.29270339216e-05
1.30318232575e-05
1.3139705917e-05
1.32407204951e-05
1.33447980932e-05
1.34501912907e-05
1.35580000827e-05
1.36600534923e-05
1.37639113085e-05
1.38695158824e-05
1.39774360292e-05
1.40789879344e-05
1.41828001821e-05
1.4288262698e-05
1.43879290973e-05
1.44892138152e-05
1.45926700372e-05
1.4697663104e-05
1.47968711665e-05
1.49054236858e-05
1.50081995232e-05
1.51046146648e-05
1.52108610797e-05
1.53113797404e-05
1.54126295358e-05
1.55165110315e-05
1.56140605816e-05
1.57129610961e-05
1.58138177349e-05
1.59166158049e-05
1.60131429099e-05
1.61190828602e-05
1.62187555707e-05
1.63128920263e-05
1.64162846821e-05
1.6513461724e-05
1.66117380744e-05
1.67124449677e-05
1.68134427928e-05
1.69095516307e-05
1.7006557392e-05
1.71050792109e-05
1.71972449331e-05
1.72978273934e-05
1.73919387235e-05
1.74879724141e-05
1.75836440887e-05
1.76741993458e-05
1.77649920738e-05
1.78566709808e-05
1.79483995989e-05
1.80408023121e-05
1.81272053915e-05
1.82134513888e-05
1.83002242796e-05
1.83874370089e-05
1.84686172009e-05
1.85557635658e-05
1.86368268421e-05
1.87173555583e-05
1.87918569959e-05
1.88727148346e-05
1.89475310337e-05
1.90216363744e-05
1.90965525834e-05
1.91647165925e-05
1.92381016929e-05
1.93056662121e-05
1.93729584915e-05
1.94398288673e-05
1.95006579279e-05
1.9566729274e-05
1.96267498876e-05
1.96863122325e-05
1.97452671939e-05
1.97983793664e-05
1.98563389176e-05
1.99082952867e-05
1.99596996594e-05
2.00104089896e-05
2.00553275168e-05
2.01046557222e-05
2.01482418466e-05
2.0191097891e-05
2.02331500932e-05
2.02743601728e-05
2.0310119283e-05
2.034958013e-05
2.03835190207e-05
2.04166307579e-05
2.04487726413e-05
2.0479983186e-05
2.05058445534e-05
2.22058457963e-05
