metodo_2_dt_1:4
4.75419473464e-07
0.0152486883319
0.0152469095203
0.015245236555
0.0152439158072
0.0152428262013
0.0152418990438
0.0152410741345
0.0152404544907
0.0152398127426
0.0152388595947
0.0152383774066
0.0152382751478
0.0152370826659
0.0152357915083
0.0152342082123
0.0152325109808
0.0152299108852
0.0152268424516
0.0152229788208
0.0152190763927
0.0152133267341
0.0152072911251
0.0151998676909
0.0151909631711
0.0151821070073
0.0151702463284
0.0151582811392
0.0151446705077
0.0151284925185
0.0151116071996
0.0150926380577
0.0150720377842
0.0150501867617
0.0150261533968
0.0149999581319
0.0149720222889
0.0149420630107
0.0149112982423
0.0148773205878
0.0148422310695
0.0148053261482
0.0147667053676
0.0147259904553
0.0146850031286
0.0146421447596
0.0145989245577
0.0145548124264
0.0145102293742
0.014465808522
0.0144209809746
0.0143775449265
0.0143347099871
0.0142933710498
0.0142553786064
0.0142201119927
0.0141876739324
0.0141605967949
0.0141384077165
0.0141217098812
0.0141128473481
0.0141118782323
0.0141204791119
0.0141386506574
0.0141689295694
0.0142120008467
0.0142686936307
0.0143407506691
0.0144301415374
0.0145367969732
0.014663079954
0.0148102978504
0.014978794145
0.0151697355857
0.0153862438012
0.0156273060188
0.0158945604515
0.0161892481591
0.0165119581331
0.0168637778121
0.0172441996087
0.0176548199031
0.0180956052919
0.018567190083
0.0190692102417
0.0196027815672
0.0201672158762
0.0207633924592
0.0213903030428
0.0220479942761
0.0227374788208
0.0234583224231
0.0242093604579
0.0249915826318
0.0258045535695
0.0266479623916
0.0275205904713
0.0284247789907
0.0293583362784
0.0303214682483
0.0313137598146
0.0323363672832
0.0333878824723
0.0344684542669
0.035578704916
0.0367163876252
0.0378833033725
0.0390786891958
0.0403026734586
0.0415546334644
0.0428340916291
0.0441421740855
0.0454771368528
0.0468403883049
0.0482309165494
0.0496465746113
0.0510861041068
0.0525516416125
0.0540443120945
0.0555663828374
0.0571186587908
0.0587040165697
0.0603237416676
0.0619786720874
0.0636715143447
0.0654025146
0.0671724174226
0.068982932543
0.070832800387
0.0727245081576
0.0746565645112
0.0766289067343
0.0786406356426
0.0806921392993
0.0827814127207
0.0849076414814
0.0870689745417
0.0892637118913
0.0914911455853
0.0937469111506
0.0960294888997
0.0983368731747
0.10066605212
0.103014870401
0.105379276726
0.107756399715
0.110143509618
0.112537149762
0.114932912841
0.117329367533
0.119721324041
0.122106505023
0.124479718522
0.126839045423
0.12918049044
0.131499161715
0.133793943667
0.136058310201
0.138290916012
0.140488500303
0.142645675638
0.144760802357
0.146830202461
0.148850302931
0.150818431766
0.152731221849
0.154585840163
0.15637965797
0.158109851264
0.159773810548
0.161368510791
0.16289288403
0.164343859866
0.165719445316
0.167016648344
0.168235158147
0.169372309588
0.170427127646
0.17139825992
0.172282921858
0.173081008698
0.17379188752
0.174412504533
0.174945330306
0.175386515501
0.175737281916
0.17599670979
0.176164453668
0.176239394259
0.176223092392
0.176114922802
0.175915097723
0.17562279628
0.17523972401
0.17476563713
0.174201141576
0.173547567378
0.172805196154
0.171974690228
0.171056582273
0.170053069334
0.168965039651
0.167793916014
0.166539801518
0.165205531288
0.163791789395
0.162301105708
0.160734251366
0.159093859498
0.157380836563
0.155598233297
0.153747346459
0.151830650723
0.149850714499
0.147810446014
0.145710906946
0.143555983856
0.141347757973
0.139089558107
0.136783862381
0.134434309973
0.132044412446
0.129616980371
0.127155478119
0.124664811444
0.122148483397
0.11961081512
0.117055512631
0.114489182998
0.111915073118
0.109339525706
0.106768391363
0.104206458105
0.101662356479
0.0991421331282
0.0966519843727
0.0942012393432
0.091798109695
0.0894510826672
0.0871704258817
0.0849653096423
0.0828473674693
0.0808263459272
0.078915110164
0.0771252150162
0.0754681234033
0.0739558355146
0.0726005100675
0.0714132949781
0.0704049208922
0.0695837068759
0.0689572484966
0.0685326458372
0.0683118488978
0.0682974319916
0.0684877369747
0.0688806152762
0.069471429106
0.0702499797471
0.0712105085718
0.0723408180296
0.073630481506
0.075067675651
0.0766396517342
0.0783339027739
0.0801377519627
0.0820397334229
0.0840277595232
0.0860911416211
0.0882187592812
0.0904018982078
0.0926294408367
0.0948927552498
0.0971846858602
0.0994965930003
0.101822223768
0.104153737229
0.106484675732
0.108809895542
0.111124569429
0.113422101681
0.115698168233
0.117948634923
0.120168548879
0.122354117489
0.124502681686
0.126608232972
0.128669185646
0.130681727527
0.132642774864
0.134549535268
0.136399046549
0.138188772045
0.139916081416
0.141578715121
0.143174064309
0.144700307736
0.146155049985
0.147536577334
0.148842375416
0.150071246121
0.15122133129
0.15229038558
0.153278232825
0.154181689897
0.154999682823
0.155732318056
0.156377886003
0.156933443559
0.15739981878
0.157775855238
0.15805938731
0.158250975654
0.158349878727
0.158354603338
0.158265741898
0.158081238359
0.157802988227
0.157428828479
0.156959404669
0.156394755995
0.155735730225
0.154981812049
0.154133712601
0.153192208974
0.152157504446
0.151031570243
0.14981430426
0.148508193442
0.147114029646
0.145633466482
0.144068999371
0.14242157228
0.140695272899
0.138892968375
0.137017664071
0.135071558848
0.133059310988
0.130985231315
0.128854072433
0.126671498047
0.124443033686
0.122174882493
0.11987339518
0.11754733782
0.115204998215
0.112855281432
0.110509039468
0.108176356144
0.105870279469
0.103602993397
0.101389734574
0.0992452563946
0.0971844719074
0.0952277555463
0.0933910356864
0.0916940129402
0.0901557673573
0.0887953745818
0.0876331450545
0.0866863047916
0.0859720956207
0.0855054559481
0.0852980276516
0.0853601009479
0.085697291198
0.086312941191
0.0872051901573
0.0883689177368
0.0897979955561
0.0914792122093
0.0934009291933
0.0955483599515
0.0979047614403
0.100452763462
0.10317649412
0.106058123288
0.109079166202
0.112224484636
0.115477366521
0.118822709729
0.122245723855
0.125624944891
0.128320321514
0.130302089199
0.131605391803
0.132265054558
0.132314493937
0.131786807802
0.130715511544
0.129134446092
0.127079363656
0.12458790211
0.121700935801
0.118463867615
0.114928023128
0.111152100124
0.107205229824
0.103168675697
0.099140051314
0.0952351751278
0.0915935037267
0.0883737051423
0.0857591749913
0.0839439853769
0.0831205288599
0.0834600585694
0.0850848227441
0.0880551858409
0.0923684922704
0.0979652220171
0.104747603886
0.11260189109
0.121412255881
0.131070157863
0.141475968505
0.152547280948
0.16421122368
0.176407131796
0.189082766492
0.20219564216
0.215706882824
0.229584820704
0.243800639994
0.258328313847
0.273147761533
0.288237859313
0.303580711762
0.319158395837
0.334956070318
0.350960523478
0.367156327873
0.383531388666
0.400072664667
0.416770029651
0.433610945413
0.450584029089
0.467679460823
0.484887541444
0.502196135284
0.519598420966
0.53708137469
0.554638622118
0.572258714313
0.589932669528
0.607653469768
0.625410140289
0.643194136748
0.660997741888
0.678811770264
0.696627754128
0.714437478268
0.732232834171
0.75000500501
0.767746974357
0.785448944804
0.803104240319
0.820704322998
0.838241728854
0.855708864778
0.873097539297
0.890400426467
0.907610425999
0.924718409624
0.941718435417
0.958602544927
0.975363990265
0.991995937585
1.00848977486
1.02483884224
1.04103676164
1.05707611966
1.07295047455
1.08865266369
1.1041753875
1.11951377965
1.13465948877
1.14960702636
1.16434932628
1.17887973195
1.19319345062
1.20728312274
1.22114296279
1.23476762114
1.24814899958
1.26128365942
1.2741646845
1.28678581771
1.29914181709
1.31122845317
1.3230383021
1.33456715968
1.34580901399
1.35675861425
1.36741139605
1.37776214286
1.3878064048
1.39753823504
1.40695317441
1.41604680364
1.42481373407
1.4332513988
1.44135285879
1.44911541651
1.45653430407
1.46360455932
1.47032340481
1.47668696474
1.482690457
1.48832931226
1.49360258128
1.49850432928
1.50303131813
1.50717981234
1.5109475677
1.51433123016
1.51732769982
1.51993267397
1.52214474715
1.523959011
1.52537522205
1.52639008179
1.52700014591
1.52720342985
1.52699775288
1.52637996798
1.52534933638
1.52390258106
1.52203777935
1.51975449226
1.51704998759
1.51392320807
1.51037169261
1.5063949408
1.50199044015
1.4971581954
1.49189749151
1.48620550827
1.48008429114
1.47353008328
1.46654477089
1.45912651857
1.45127442264
1.44299109761
1.4342735911
1.42512316074
1.4155405953
1.40552642213
1.39507967953
1.38420255505
1.37289559718
1.3611607671
1.34899789238
1.33640963362
1.32339694745
1.30996359358
1.2961097948
1.28184092125
1.26715707486
1.25206259487
1.23656122933
1.220657832
1.2043564251
1.18766188457
1.17057955263
1.15311630914
1.13527810005
1.11707457982
1.09851205458
1.0796014531
1.06035247068
1.04077810667
1.02089140564
1.00070724904
0.980242418635
0.959515749579
0.938550265411
0.917368497764
0.895999784466
0.874474496479
0.852829365629
0.831107074977
0.809353409114
0.787623097739
0.765979702103
0.744495433542
0.723253905552
0.702351764402
0.681901252819
0.662029486909
0.642884511204
0.624635386074
0.60747392607
0.591616539792
0.57730366151
0.564799804532
0.554389466599
0.546371742271
0.541051478609
0.538727689136
0.539679247089
0.544149474774
0.552322883789
0.564284385175
0.579912256174
0.598480615727
0.616538895781
0.600123737032
1.5434421333
3.75628469373
6.00477160459
8.26001378936
10.5178402673
12.7770203208
15.0370784845
17.2978346173
19.558991177
21.8207645461
24.0829071977
26.3454799851
28.608537548
30.87186862
33.1357517691
35.3999839343
37.6646409916
39.9297935192
42.1952440029
44.4612794432
46.7276874048
48.9945569213
51.261958369
53.5296946812
55.7980482577
58.0668408889
60.3361075907
62.605870602
64.8761432031
67.1469947127
69.4182931085
71.690117424
73.9624656166
76.2353718605
78.5088577158
80.7828123096
83.0573124466
85.33235438
87.6079468345
89.8840853167
92.1608448018
94.438111848
96.715904879
98.9942533406
101.27315078
103.55266981
105.832601388
108.113218974
110.394315662
112.675976414
114.958157897
117.240873986
119.524194056
121.807976304
124.092280483
126.377107306
128.662445501
130.948385421
133.234666661
135.52158076
137.808915717
140.096728554
142.385224789
144.674118242
146.962833262
149.252922357
151.542752246
153.833683872
156.12433186
158.415415455
160.707569903
163.000110482
165.291650489
167.584952484
169.878582872
172.171878878
174.465474308
176.760085927
179.054325443
181.349527586
183.644303618
185.939392591
188.235380697
190.530929541
192.826671209
195.123320984
197.419489112
199.716508838
202.012990064
204.309647775
206.607136247
208.904720552
211.201033402
213.498810877
215.796662431
218.093899358
220.391853889
222.689135301
224.986481934
227.284477646
229.582456911
231.879029134
234.176930408
236.474770241
238.771860388
241.06883057
243.36642023
245.663193047
247.960504178
250.256963551
252.553288535
254.850108951
257.146737668
259.441785319
261.738012525
264.033984026
266.329036825
268.623800881
270.918995895
273.213233813
275.50784772
277.801449743
280.094761219
282.388435907
284.681743538
286.973320533
289.265907157
291.557444943
293.849268312
296.140694901
298.430339476
300.720966895
303.011146319
305.30022012
307.588820415
309.877674182
312.165398307
314.453329203
316.740084164
319.026415423
321.3129102
323.598913911
325.883045465
328.168050715
330.452549318
332.735865425
335.018633699
337.301610382
339.583370588
341.865277114
344.145951821
346.426130098
348.70644823
350.986233738
353.264110231
355.542828143
357.821035
360.098013993
362.374425986
364.651010453
366.926393544
369.201918585
371.476212284
373.750016311
376.023993285
378.297429764
380.569682261
382.841390972
385.112629564
387.384038878
389.654953862
391.924004877
394.193971955
396.463439903
398.731768539
400.99960022
403.267682718
405.53464867
407.801846509
410.0679094
412.333610045
414.599546098
416.865080263
419.128847114
421.39360747
423.657996507
425.92135517
428.18432876
430.44766969
432.710014349
434.972667853
437.234313348
439.495936247
441.757719698
444.019238508
446.279130501
448.540391211
450.801195326
453.061118632
455.320808664
457.58102096
459.840626352
462.100514687
464.360262644
466.618509616
468.878020686
471.137667396
473.396331222
475.654892609
477.913438666
480.17285003
482.432008318
484.689785552
486.94894725
489.208133487
491.466921982
493.725497424
495.984848597
498.243615507
500.503152426
502.762331441
505.021444684
507.281372851
509.541461123
511.800349078
514.061033668
516.321689816
518.581894311
520.842295194
523.103879815
525.364822313
527.626707898
529.888174903
532.149977391
534.412994732
536.67610525
538.938883862
541.201977086
543.466137513
545.730233998
547.995152842
550.259762417
552.524813831
554.791184498
557.057749787
559.323376752
561.590824838
563.858728005
566.126657287
568.394791174
570.664109932
572.933245959
575.203546553
577.473205774
579.744515056
582.016337721
584.288009022
586.56016964
588.833796094
591.107052501
593.381515662
595.655813944
597.930921791
600.207012606
602.483650554
604.759462157
607.037198571
609.315717942
611.593884936
613.872568279
616.152505851
618.432321409
620.713586988
622.995164959
625.27591033
627.558570246
629.841998837
632.125056563
634.408608749
636.693388747
638.978016375
641.264060136
643.549674085
645.835822143
648.123134908
650.41093447
652.698070773
654.986821003
657.276034351
659.565031265
661.854440423
664.145222342
666.435527234
668.726919464
671.017342662
673.309768759
675.602346747
677.894626795
680.187235337
682.480897588
684.774458774
687.06878372
689.362717206
691.65698329
693.952207052
696.247936535
698.542318284
700.83832122
703.134556377
705.430570979
707.727228281
710.02337126
712.319722199
714.616904843
716.914465707
719.210550119
721.508125791
723.805802647
726.102894494
728.400256979
730.698147037
732.995406757
735.293363325
737.590626455
739.888150074
742.186092801
744.484000701
746.780483592
749.078509047
751.376222434
753.673170066
755.969975469
758.267360864
760.564168851
762.861262745
765.156814256
767.45355955
769.750109499
772.046011439
774.341425353
776.637307093
778.932268276
781.227870166
783.52296444
785.81639553
788.110901374
790.405094662
792.698524702
794.991353252
797.284538516
799.576694267
801.869151577
804.160756865
806.451773163
808.743060269
811.033937645
813.323020812
815.613283267
817.902876884
820.191354682
822.479345917
824.767813016
827.054909288
829.342201465
831.628307752
833.913960113
836.20002183
838.485352451
840.768803845
843.053121633
845.336926317
847.619775471
849.901837925
852.184081168
854.465127311
856.746547208
859.025828903
861.305953258
863.585543921
865.863929647
868.142683106
870.419964852
872.696746467
874.973664877
877.250050871
879.524763042
881.800089444
884.074889461
886.348495594
888.621546803
890.895018205
893.167074394
895.439292402
897.710301791
899.981079459
902.251802133
904.522037626
906.790417059
909.059697316
911.328742419
913.596425243
915.863620882
918.131077268
920.397427695
922.664253244
924.929723425
927.194819872
929.460187317
931.725397923
933.988622466
936.252853973
938.516728231
940.779586441
943.042307122
945.305177789
947.567067586
949.829328639
952.090633536
954.351861946
956.613302651
958.873825992
961.134785129
963.394818508
965.654912631
967.915251407
970.175411301
972.434031469
974.694108736
976.953817889
979.212736009
981.471512349
983.730902282
985.989778034
988.249029605
990.507529355
992.766032962
995.025190081
997.284578448
999.542373465
1001.80157282
1004.06081668
1006.3194504
1008.57835608
1010.83782454
1013.09672822
1015.35642184
1017.61577776
1019.8750864
1022.13522949
1024.39555181
1026.65469282
1028.91564939
1031.17659578
1033.43710859
1035.69854149
1037.95953317
1040.2210699
1042.4833347
1044.74523326
1047.0074132
1049.27085985
1051.53374545
1053.79765451
1056.06122384
1058.32520501
1060.59047671
1062.85591477
1065.12038735
1067.38665469
1069.65335174
1071.92005061
1074.18693056
1076.45497288
1078.72281107
1080.99179342
1083.26078531
1085.53006865
1087.80051831
1090.07147076
1092.34178978
1094.61376594
1096.88626217
1099.15861322
1101.43145915
1103.70577605
1105.97972732
1108.25488919
1110.52988947
1112.8054697
1115.08250011
1117.35984665
1119.63707261
1121.91481442
1124.19404386
1126.47292029
1128.75301616
1131.03295526
1133.31347477
1135.59544124
1137.87704607
1140.15915504
1142.44250346
1144.72571239
1147.01035095
1149.29457419
1151.57934815
1153.86530359
1156.15176404
1158.43758068
1160.72503145
1163.01296676
1165.30070844
1167.58911772
1169.87845942
1172.16758239
1174.45781865
1176.74778378
1179.03843886
1181.32994533
1183.62185476
1185.91278137
1188.20546415
1190.49874929
1192.79148935
1195.08524627
1197.37863287
1199.67260734
1201.96732882
1204.26234629
1206.5562716
1208.85184144
1211.14789979
1213.4432971
1215.73888907
1218.03539958
1220.33143936
1222.62856798
1224.92493082
1227.22148372
1229.51884906
1231.81567056
1234.11280297
1236.41050417
1238.70761659
1241.00546662
1243.30289656
1245.60016419
1247.898124
1250.19609009
1252.49267228
1254.79083803
1257.08873224
1259.38590165
1261.68296839
1263.98065551
1266.27780558
1268.5752804
1270.87192275
1273.16845609
1275.46573558
1277.76261135
1280.05863106
1282.35441779
1284.65069583
1286.94630893
1289.24212021
1291.53697381
1293.83159484
1296.12660747
1298.42156087
1300.71460281
1303.00870377
1305.30247684
1307.59523981
1309.88785059
1312.18057161
1314.47224948
1316.76421495
1319.05531514
1321.34581382
1323.63657052
1325.92623486
1328.21543454
1330.50513185
1332.79347874
1335.08204078
1337.36943531
1339.65639375
1341.9437781
1344.23044663
1346.51525052
1348.8009342
1351.08634957
1353.3703565
1355.65381897
1357.9374716
1360.21993551
1362.50278044
1364.7848682
1367.06505341
1369.34608396
1371.62658291
1373.90611079
1376.18483779
1378.46373471
1380.74142623
1383.01925314
1385.2960732
1387.57216192
1389.84838879
1392.12408525
1394.39811071
1396.67275315
1398.94687276
1401.21980266
1403.49218213
1405.76498712
1408.03638235
1410.30794544
1412.57830655
1414.84821093
1417.11853238
1419.38747223
1421.65308523
1423.92457733
1426.19517395
1428.45870883
1430.72885138
1432.99084084
1435.26012553
1437.52217745
1439.78997081
1442.05803817
1444.31866955
1446.58530526
1448.84542842
1451.11201537
1453.37758968
1455.63645262
1457.90204653
1460.15984525
1462.42483698
1464.68249587
1466.94626559
1469.21068113
1471.46757027
1473.73060998
1475.98705265
1478.25034331
1480.50595713
1482.76888457
1485.03165174
1487.28655236
1489.54904232
1491.80459734
1494.0668687
1496.3240121
1498.58143472
1500.84573216
1503.10270436
1505.36000107
1507.61693471
1509.88092259
1512.13141163
1514.39545218
1516.65954186
1518.90994585
1521.17417936
1523.4316894
1525.68942775
1527.95399013
1530.21164154
1532.46979833
1534.72800572
1536.99321466
1539.24487173
1541.51049111
1543.77656958
1546.02890611
1548.29524686
1550.55480545
1552.81499573
1555.07536294
1557.34285517
1559.60396772
1561.86506317
1564.13355353
1566.38888368
1568.65809978
1570.92064647
1573.18393365
1575.45455576
1577.71830847
1579.98283274
1582.24744081
1584.51954013
1586.77857344
1589.05158381
1591.32506247
1593.58526772
1595.85970669
1598.12782092
1600.39654807
1602.66543246
1604.94187596
1607.21213422
1609.48279975
1611.76080715
1614.0255954
1616.30466793
1618.58451113
1620.85091304
1623.13160839
1625.40580205
1627.68088876
1629.95641177
1632.23929937
1634.51603461
1636.79297518
1639.07751257
1641.34908148
1643.63471471
1645.91384649
1648.19386522
1650.48135992
1652.76211256
1655.04374215
1657.32555806
1659.61494555
1661.89133606
1664.18175859
1666.47269027
1668.75037512
1671.04230625
1673.32791365
1675.61411256
1677.90044409
1680.19428785
1682.48188529
1684.769823
1687.06501362
1689.34688469
1691.64292613
1693.93961047
1696.222712
1698.51995236
1700.81052529
1703.101805
1705.39333157
1707.69201331
1709.98432048
1712.2766054
1714.57624049
1716.86265032
1719.1628565
1721.45628337
1723.75030184
1726.05149625
1728.34563748
1730.64032827
1732.9348754
1735.23664868
1737.5250713
1739.82716361
1742.12268793
1744.41799555
1746.72045554
1749.0094906
1751.31212085
1753.60776894
1755.90380358
1758.20657597
1760.50255333
1762.79863924
1765.09437276
1767.39712269
1769.69335631
1771.98895975
1774.29153461
1776.580271
1778.88265466
1781.1781083
1783.47353653
1785.77552345
1788.07030432
1790.36524947
1792.65989812
1794.96115599
1797.24844654
1799.54925691
1801.85005592
1804.13661504
1806.43665455
1808.72936604
1811.0221226
1813.31446384
1815.61329848
1817.90509703
1820.19621216
1822.49401886
1824.77794271
1827.07500889
1829.36464327
1831.65422284
1833.95010119
1836.23875071
1838.52708497
1840.81464424
1843.10880791
1845.39605007
1847.68225995
1849.97505105
1852.25361951
1854.5454595
1856.83000002
1859.11415961
1861.40452607
1863.68734346
1865.96999707
1868.25202811
1870.54035796
1872.81441795
1875.10170563
1877.38846761
1879.66118337
1881.94688672
1884.22501038
1886.5029452
1888.78023319
1891.06380134
1893.34013177
1895.61558199
1897.89754579
1900.16545843
1902.44635725
1904.71967796
1906.99281701
1909.27213323
1911.54411151
1913.81568526
1916.08639767
1918.36364807
1920.63392338
1922.90311825
1925.17886627
1927.44037413
1929.71514862
1931.98262934
1934.24975492
1936.52311861
1938.7889775
1941.05473676
1943.31994084
1945.59153082
1947.84894861
1950.11970397
1952.39005621
1954.64649748
1956.91607347
1959.1782273
1961.44036844
1963.70204227
1965.97019395
1968.23131759
1970.49177599
1972.75898052
1975.01237615
1977.27901074
1979.53832959
1981.79774546
1984.06362203
1986.32245509
1988.58119327
1990.83938295
1993.10443818
1995.36285568
1997.6205345
1999.88512186
2002.13583226
2004.40018039
2006.65761346
2008.9150817
2011.17918218
2013.43617995
2015.69349061
2017.95066118
2020.21464222
2022.46488143
2024.72889387
2026.99294484
2029.24353222
2031.50770584
2033.76491347
2036.02257047
2038.28022407
2040.54482425
2042.80286857
2045.06072161
2047.32579807
2049.57754532
2051.8430122
2054.10164596
2056.3608603
2058.62701934
2060.88661977
2063.14660923
2065.40653454
2067.67380801
2069.93492531
2072.19578479
2074.46403031
2076.71887479
2078.98782957
2081.2503399
2083.51334993
2085.78345493
2088.04691605
2090.31114132
2092.57567649
2094.84746348
2097.10594557
2099.37863114
2101.65177916
2103.9118809
2106.18597832
2108.45351333
2110.72188915
2112.99065029
2115.26673367
2117.53662803
2119.80669317
2122.08432954
2124.34897646
2126.62767217
2128.89985546
2131.17292405
2133.45323618
2135.72727754
2138.00197859
2140.27688183
2142.55938197
2144.83596253
2147.1125151
2149.39666515
2151.66761481
2153.95286234
2156.23184199
2158.51147842
2160.79835957
2163.07873308
2165.35998708
2167.64166185
2169.93067913
2172.20647031
2174.4965298
2176.78710244
2179.06466533
2181.35624633
2183.6412752
2185.9271347
2188.21336356
2190.50687828
2192.7941534
2195.08154093
2197.37642112
2199.65822123
2201.95396588
2204.2430819
2206.53294742
2208.82991318
2211.12045124
2213.41147311
2215.70251582
2218.0009555
2220.2932628
2222.58532231
2224.88474174
2227.17071257
2229.47072151
2231.76419239
2234.05803359
2236.35882689
2238.65280859
2240.94735162
2243.24199185
2245.54363658
2247.83170846
2250.13369278
2252.43582494
2254.72457279
2257.02695615
2259.32239724
2261.61826755
2263.91410259
2266.21680858
2268.51285296
2270.8085841
2273.11137336
2275.40064264
2277.7034117
2279.99910248
2282.29508645
2284.59771214
2286.89344712
2289.18919799
2291.48450039
2293.78672638
2296.08234392
2298.37723664
2300.67900971
2302.96685319
2305.2682533
2307.56263286
2309.85690028
2312.15763757
2314.45108118
2316.74460554
2319.03774699
2321.33741539
2323.62303476
2325.92209327
2328.22082878
2330.50571198
2332.80376671
2335.09441795
2337.38504335
2339.67518019
2341.97174179
2344.26120063
2346.54990812
2348.84524402
2351.12663516
2353.4211082
2355.70809037
2357.99496349
2360.28808024
2362.57391539
2364.85938727
2367.14403466
2369.43524182
2371.71948533
2374.0026538
2376.29236565
2378.56781879
2380.85650928
2383.13786805
2385.41881835
2387.7059478
2389.98550317
2392.26487447
2394.54360229
2396.82861258
2399.09933879
2401.38328052
2403.66668712
2405.93604086
2408.21837749
2410.49313201
2412.76769963
2415.04162241
2417.32183148
2419.59481173
2421.86692136
2424.14555827
2426.41016005
2428.68776595
2430.95781407
2433.2277047
2435.50379752
2437.77258022
2440.04098965
2442.30856983
2444.58272355
2446.8499403
2449.11611581
2451.38888694
2453.64746267
2455.91935155
2458.18399557
2460.44833604
2462.71896758
2464.98214965
2467.24528997
2469.50793435
2471.77702614
2474.03200944
2476.30039547
2478.56844563
2480.82265416
2483.09006796
2485.35013222
2487.61025806
2489.86999247
2492.13628197
2494.39562237
2496.65437798
2498.91996132
2501.17181908
2503.43699991
2505.69495077
2507.95308512
2510.21776798
2512.47549649
2514.73321947
2516.99048499
2519.25470725
2521.51238392
2523.76941524
2526.0334483
2528.28369861
2530.54768102
2532.80484372
2535.06213617
2537.32615657
2539.58317033
2541.84059205
2544.09797021
2546.36225407
2548.61289184
2550.87739807
2553.14203792
2555.39330911
2557.65826063
2559.91634042
2562.17496197
2564.43367348
2566.69942284
2568.95870693
2571.21789065
2573.48438638
2575.73764111
2578.00470223
2580.26501645
2582.52599484
2584.79400145
2587.0555317
2589.31753029
2591.5795443
2593.84898307
2596.10529167
2598.37551502
2600.64614673
2602.90344745
2605.17492643
2607.4400275
2609.70569137
2611.97851249
2614.24474989
2616.51180812
2618.77923234
2621.05396083
2623.31543505
2625.59116085
2627.86739481
2630.13062579
2632.40789306
2634.67863643
2636.95025543
2639.22229336
2641.50168338
2643.77491164
2646.04833615
2648.32935367
2650.59740115
2652.87951396
2655.15512842
2657.43163869
2659.71540093
2661.99289804
2664.27105698
2666.54941825
2668.83537316
2671.10812241
2673.39539542
2675.67627183
2677.95733834
2680.24598327
2682.5216381
2684.81133203
2687.10154297
2689.37851568
2691.66974352
2693.95465625
2696.24017272
2698.5258303
2700.81901233
2703.10596103
2705.39325996
2707.6878256
2709.96908512
2712.26452856
2714.55358262
2716.84316174
2719.13984807
2721.42988127
2723.72063987
2726.01165905
2728.30985133
2730.59464134
2732.89351645
2735.19271452
2737.47870575
2739.77851152
2742.07155543
2744.36521289
2746.65878529
2748.95988027
2751.25426877
2753.54853067
2755.85004029
2758.13821996
2760.44008959
2762.74211737
2765.03053873
2767.33283858
2769.62843876
2771.92424724
2774.21979728
2775.95516682
