metodo_1_dt_1:1
2.05249846306e-09
7.82649482917e-09
7.75794810049e-09
1.47773303275e-08
1.95485740965e-08
2.72106336899e-08
3.22893324826e-08
3.76755607055e-08
4.01041734245e-08
4.2853781244e-08
4.55355214636e-08
5.79115315159e-08
5.80579103352e-08
5.81199308e-08
6.7762024593e-08
7.73399751863e-08
7.453330278e-08
8.12678874524e-08
8.79351666598e-08
9.17400625914e-08
9.54836704666e-08
9.90846023516e-08
1.00043471621e-07
1.10683775479e-07
1.11326606602e-07
1.21641569193e-07
1.19826243407e-07
1.27719662316e-07
1.23597604416e-07
1.29324966698e-07
1.35071075666e-07
1.40976566679e-07
1.35129560767e-07
1.39325936673e-07
1.41503437464e-07
1.4412895294e-07
1.47204895265e-07
1.50989146405e-07
1.5289680085e-07
1.55671082882e-07
1.56473893421e-07
1.58271292204e-07
1.61191455884e-07
1.62212078657e-07
1.73989732217e-07
1.77592687962e-07
1.69982826582e-07
1.77145167541e-07
1.78417463041e-07
1.85583989715e-07
1.90663732475e-07
1.93468413135e-07
1.93965167415e-07
2.01144398004e-07
2.05862595154e-07
2.09247314033e-07
2.18861327244e-07
2.22752815386e-07
2.23999523934e-07
2.28121435327e-07
2.3528423823e-07
2.39472705069e-07
2.46698960981e-07
2.5704701073e-07
2.70626578084e-07
2.73435850229e-07
2.79657407011e-07
2.96609329938e-07
3.02777643051e-07
3.12338500162e-07
3.25337647006e-07
3.34948633152e-07
3.47691149845e-07
3.57129933868e-07
3.76797819739e-07
3.85823255486e-07
3.91722988325e-07
4.07737498446e-07
4.27239992061e-07
4.36127915021e-07
4.56188729366e-07
4.720466616e-07
4.91350803772e-07
5.06347449688e-07
5.18403730558e-07
5.47924075902e-07
5.66725294656e-07
5.8117637223e-07
6.00194896827e-07
6.21208441615e-07
6.39029754652e-07
6.6002414905e-07
6.84151182572e-07
7.04798022713e-07
7.27501727966e-07
7.54050427819e-07
7.76034828253e-07
8.00895348126e-07
8.21724558278e-07
8.37973310904e-07
8.7109505699e-07
8.8567483445e-07
9.16881782501e-07
9.36406993429e-07
9.58354523703e-07
9.8269567744e-07
1.0094167166e-06
1.03096006878e-06
1.05587118112e-06
1.08195665435e-06
1.10248114607e-06
1.12672723255e-06
1.15154702587e-06
1.17244819115e-06
1.19565081138e-06
1.21301605627e-06
1.24647870011e-06
1.26821954236e-06
1.29218848947e-06
1.31000799862e-06
1.33844163085e-06
1.3606357355e-06
1.38501974817e-06
1.40296395246e-06
1.4317294701e-06
1.45398096363e-06
1.47838597596e-06
1.49610043045e-06
1.52481515128e-06
1.5512171625e-06
1.57519479122e-06
1.6013065351e-06
1.62048417375e-06
1.64174162517e-06
1.67822976272e-06
1.69442024863e-06
1.72190712658e-06
1.74591707931e-06
1.76822968081e-06
1.79611659413e-06
1.82254435263e-06
1.85437436615e-06
1.87867327652e-06
1.90486977062e-06
1.93298423216e-06
1.95345474171e-06
1.98542992337e-06
2.0097439135e-06
2.03853647027e-06
2.06664579654e-06
2.08934835752e-06
2.12354345227e-06
2.14979224829e-06
2.17783777425e-06
2.20769964381e-06
2.22958682272e-06
2.26485186477e-06
2.2908301346e-06
2.31937833784e-06
2.34982293249e-06
2.37224569536e-06
2.40669193686e-06
2.43304384409e-06
2.46123194525e-06
2.49141290673e-06
2.5233880424e-06
2.55722081742e-06
2.5829104892e-06
2.61035724634e-06
2.63962590521e-06
2.67064970305e-06
2.70340457078e-06
2.73787909175e-06
2.76408215012e-06
2.79195171133e-06
2.83150917465e-06
2.86268584334e-06
2.8855248222e-06
2.91994806328e-06
2.95586096243e-06
2.98349509124e-06
3.02249333619e-06
3.05294784139e-06
3.08501875009e-06
3.11838986806e-06
3.15315880299e-06
3.17928363015e-06
3.21654209719e-06
3.25504073982e-06
3.2847588825e-06
3.31540421541e-06
3.34713034847e-06
3.37988708252e-06
3.41306423437e-06
3.44739944856e-06
3.48197107882e-06
3.51728826454e-06
3.54388046849e-06
3.58026100041e-06
3.60756257962e-06
3.63513875897e-06
3.67252986698e-06
3.70043018669e-06
3.72885080996e-06
3.75777524547e-06
3.78631420171e-06
3.81528626549e-06
3.84422637809e-06
3.86434781326e-06
3.89316823799e-06
3.92182929454e-06
3.94179965594e-06
3.97066641811e-06
3.99041272714e-06
4.01885080656e-06
4.03883754956e-06
4.05808964737e-06
4.08571453334e-06
4.10508859076e-06
4.12361683281e-06
4.15019504686e-06
4.16809105733e-06
4.18635017892e-06
4.20431742711e-06
4.22128253013e-06
4.23789930904e-06
4.25486268662e-06
4.27074715836e-06
4.2862417965e-06
4.30133560355e-06
4.31601747506e-06
4.32951389928e-06
4.34333932954e-06
4.35594492037e-06
4.36809143625e-06
4.37977662454e-06
4.39099914171e-06
4.40739019447e-06
4.41671116473e-06
4.42555005641e-06
4.43391059526e-06
4.44179788343e-06
4.44834872024e-06
4.45442432344e-06
4.46003467668e-06
4.46519126223e-06
4.46900592949e-06
4.47237975129e-06
4.47936083291e-06
4.48082340078e-06
4.48188495049e-06
4.48163353991e-06
4.48441568965e-06
4.48329004648e-06
4.48398338657e-06
4.48112935626e-06
4.47980845064e-06
4.47532243678e-06
4.47305993866e-06
4.46932769979e-06
4.46303183953e-06
4.45759445957e-06
4.4517730693e-06
4.44463068116e-06
4.43719968577e-06
4.42854588952e-06
4.41971701322e-06
4.41168029205e-06
4.40151780107e-06
4.39137682352e-06
4.38071323459e-06
4.36965005315e-06
4.35886206914e-06
4.34704041555e-06
4.33525722139e-06
4.3225828466e-06
4.31008967925e-06
4.29784535391e-06
4.28492248463e-06
4.27218363494e-06
4.25854220579e-06
4.24653367307e-06
4.23238293181e-06
4.21943574604e-06
4.2057665411e-06
4.1914210047e-06
4.17839448079e-06
4.16222336215e-06
4.14981066287e-06
4.13398939978e-06
4.12045119989e-06
4.10514858208e-06
4.09008287696e-06
4.07436431193e-06
4.05899453549e-06
4.04004176237e-06
4.02532879765e-06
4.01112900041e-06
3.99297253692e-06
3.97420114524e-06
3.95664445029e-06
3.93861812891e-06
3.92190947194e-06
3.90496706457e-06
3.88314412516e-06
3.86737899325e-06
3.84643856162e-06
3.82587843784e-06
3.81211525452e-06
3.79286952589e-06
3.76763598813e-06
3.74965228895e-06
3.73242765032e-06
3.70901397893e-06
3.69356259461e-06
3.67168024773e-06
3.65066311282e-06
3.63051108558e-06
3.61128344369e-06
3.58511333409e-06
3.56791016627e-06
3.5518773139e-06
3.52867398783e-06
3.50649054848e-06
3.48544198615e-06
3.46554437381e-06
3.44691042353e-06
3.42959823353e-06
3.4136223136e-06
3.38983230647e-06
3.36732034115e-06
3.35558396755e-06
3.33587098624e-06
3.31762854667e-06
3.30085045932e-06
3.28560895742e-06
3.26214134707e-06
3.24994266134e-06
3.22965192036e-06
3.22072828135e-06
3.20362826586e-06
3.18814461155e-06
3.17431844206e-06
3.16217157163e-06
3.15172311959e-06
3.13301356099e-06
3.1260159138e-06
3.12073842187e-06
3.10714621356e-06
3.09548646741e-06
3.08562837896e-06
3.07730511575e-06
3.070703013e-06
3.06611710516e-06
3.0629045108e-06
3.06131747218e-06
3.052185592e-06
3.05384291485e-06
3.04813623001e-06
3.04415792415e-06
3.05037515942e-06
3.04953863654e-06
3.05028153932e-06
3.05254519932e-06
3.04788734987e-06
3.05320255784e-06
3.05986626608e-06
3.06071176907e-06
3.07010247245e-06
3.07401136767e-06
3.08587451003e-06
3.09259957652e-06
3.10075908451e-06
3.11028497984e-06
3.12194711229e-06
3.13400175836e-06
3.14806829597e-06
3.16233230187e-06
3.17846947757e-06
3.19146809494e-06
3.20960319988e-06
3.22847247333e-06
3.2456794884e-06
3.26601346088e-06
3.28505768379e-06
3.30502016214e-06
3.32581096199e-06
3.35019862591e-06
3.37307330369e-06
3.39650908263e-06
3.42040847456e-06
3.44567881841e-06
3.47125017066e-06
3.49770562766e-06
3.52386104723e-06
3.55206780161e-06
3.57923977028e-06
3.60797841352e-06
3.63709905629e-06
3.6659712333e-06
3.69589223229e-06
3.72688323166e-06
3.75603361694e-06
3.78770714914e-06
3.8179405952e-06
3.85002133157e-06
3.88184280513e-06
3.91525474105e-06
3.94515880054e-06
3.97753446708e-06
4.01129234208e-06
4.04449621042e-06
4.07710305868e-06
4.11090033474e-06
4.14399944675e-06
4.17726530425e-06
4.21064490622e-06
4.24320993325e-06
4.27667542339e-06
4.31435156557e-06
4.3470248067e-06
4.38043382903e-06
4.41285294254e-06
4.45080854768e-06
4.48297653924e-06
4.51489553306e-06
4.55267401041e-06
4.58491378452e-06
4.61603008696e-06
4.65331543181e-06
4.68455412341e-06
4.72214249087e-06
4.75262362797e-06
4.78965066092e-06
4.81929739273e-06
4.8563669416e-06
4.89311919399e-06
4.92208462908e-06
4.95868966496e-06
4.99425792879e-06
5.02294672559e-06
5.05882857923e-06
5.09423556369e-06
5.12112825029e-06
5.15659832301e-06
5.19091074606e-06
5.22519241253e-06
5.25937717082e-06
5.28497142767e-06
5.31816303881e-06
5.35056702135e-06
5.38314485351e-06
5.41481588782e-06
5.44554499873e-06
5.47622397536e-06
5.50585060687e-06
5.53483796124e-06
5.56312964448e-06
5.59067450152e-06
5.61742823332e-06
5.64296551447e-06
5.66804281089e-06
5.6918700224e-06
5.71516745472e-06
5.73720397899e-06
5.76809040914e-06
5.78833583884e-06
5.8079678898e-06
5.82665898614e-06
5.84441159895e-06
5.87084597566e-06
5.88703012484e-06
5.9020270351e-06
5.92605570975e-06
5.9394876647e-06
5.96198229717e-06
5.97382922309e-06
5.98477533362e-06
6.0046576573e-06
6.0238808488e-06
6.03256721382e-06
6.05025236535e-06
6.0572204142e-06
6.07338528444e-06
6.08885818782e-06
6.09358968387e-06
6.10754691445e-06
6.12071374111e-06
6.13319254773e-06
6.13501212444e-06
6.14602914001e-06
6.15641786505e-06
6.16601447873e-06
6.17498037542e-06
6.18326254733e-06
6.19084364683e-06
6.19777489809e-06
6.20402990705e-06
6.21962761031e-06
6.22458859066e-06
6.22887465206e-06
6.23250582042e-06
6.2456883525e-06
6.24816953015e-06
6.25985046539e-06
6.2612482549e-06
6.27184261224e-06
6.27230276511e-06
6.28195750775e-06
6.29077124438e-06
6.28961330536e-06
6.29759346096e-06
6.30470162873e-06
6.31194699094e-06
6.31834831697e-06
6.32386883825e-06
6.32968189466e-06
6.33591462798e-06
6.34996749353e-06
6.35456304084e-06
6.35832989681e-06
6.37258880747e-06
6.37617003814e-06
6.38883323955e-06
6.39237832834e-06
6.40504763104e-06
6.41695025682e-06
6.42977286911e-06
6.44188486535e-06
6.45327589881e-06
6.46574066622e-06
6.47753255443e-06
6.48863590623e-06
6.51075653685e-06
6.52239442177e-06
6.54314547792e-06
6.55336919336e-06
6.57465600884e-06
6.59519074668e-06
6.61701020558e-06
6.63590963435e-06
6.65603275573e-06
6.6774013073e-06
6.69561872999e-06
6.7149985838e-06
6.74530042436e-06
6.76245226799e-06
6.79043067476e-06
6.81715680571e-06
6.84256857068e-06
6.86903229091e-06
6.89413113302e-06
6.91781396203e-06
6.9400362831e-06
6.97297763433e-06
6.9947659723e-06
7.02469412304e-06
7.05306473902e-06
7.08252132633e-06
7.11042533327e-06
7.13675032843e-06
7.17385023561e-06
7.19976993265e-06
7.23368942491e-06
7.25639989107e-06
7.28704742307e-06
7.31895174769e-06
7.34922301281e-06
7.38737918747e-06
7.41733372994e-06
7.45210996317e-06
7.47872175806e-06
7.51314926542e-06
7.54584796938e-06
7.58945690752e-06
7.6218624905e-06
7.65252873833e-06
7.6908730121e-06
7.7274043173e-06
7.76544281854e-06
7.80167949646e-06
7.84548319148e-06
7.87801861319e-06
7.9215256534e-06
7.95964077154e-06
7.99933803654e-06
8.03710461151e-06
8.07291079771e-06
8.11969114154e-06
8.16449522802e-06
8.20356143157e-06
8.24428343428e-06
8.28674126043e-06
8.33256625559e-06
8.37089565557e-06
8.41242431261e-06
8.46487466154e-06
8.50594852449e-06
8.54885126857e-06
8.59466297817e-06
8.64229199182e-06
8.68767877652e-06
8.73987345678e-06
8.7897355837e-06
8.82819758615e-06
8.87333703813e-06
8.92942524957e-06
8.9741448538e-06
9.02545801253e-06
9.07434247726e-06
9.12077943021e-06
9.17821568034e-06
9.22860054623e-06
9.27224999014e-06
9.33112999026e-06
9.37868099249e-06
9.43251569302e-06
9.4837973145e-06
9.53739694159e-06
9.58357838669e-06
9.64081869181e-06
9.69549074382e-06
9.74757608523e-06
9.80563901419e-06
9.86618406445e-06
9.91887675716e-06
9.97408461145e-06
1.00297213928e-05
1.00878191458e-05
1.01430468631e-05
1.01953468009e-05
1.02529830363e-05
1.0313088555e-05
1.03644626304e-05
1.04264990726e-05
1.04852503355e-05
1.05348347808e-05
1.05948699445e-05
1.06513653017e-05
1.07102628106e-05
1.07595958024e-05
1.08131762236e-05
1.08691349424e-05
1.09213958858e-05
1.09714154449e-05
1.10238309543e-05
1.1072397018e-05
1.11247273456e-05
1.11796238765e-05
1.12240773125e-05
1.12720252956e-05
1.13226153634e-05
1.13766126972e-05
1.14124256959e-05
1.14583290679e-05
1.1507388544e-05
1.15451952862e-05
1.15860733162e-05
1.16370009303e-05
1.16766573043e-05
1.17194016142e-05
1.17508028794e-05
1.17922164289e-05
1.18362192121e-05
1.18619103145e-05
1.18975580035e-05
1.19355647381e-05
1.19705848692e-05
1.20002913932e-05
1.20321272632e-05
1.20675490314e-05
1.20909827839e-05
1.21242717163e-05
1.21534125966e-05
1.21703972162e-05
1.21971858849e-05
1.22198308008e-05
1.22440877822e-05
1.22724287928e-05
1.22939780706e-05
1.2305834714e-05
1.23329002491e-05
1.23420305821e-05
1.23608930432e-05
1.23808961718e-05
1.23881801174e-05
1.2399995331e-05
1.24127679445e-05
1.24214941645e-05
1.24398050417e-05
1.24453111808e-05
1.24468504301e-05
1.24579413122e-05
1.24606058277e-05
1.24682467666e-05
1.24629757946e-05
1.24671179126e-05
1.24674231148e-05
1.24639955392e-05
1.24608474401e-05
1.24578282034e-05
1.24510575277e-05
1.24499624193e-05
1.24396317738e-05
1.24351139028e-05
1.24211899146e-05
1.24165180856e-05
1.24051728013e-05
1.23874058106e-05
1.23727082529e-05
1.23578966201e-05
1.23428418946e-05
1.23342669477e-05
1.23157849933e-05
1.22942668847e-05
1.22795309657e-05
1.22547630572e-05
1.22392082839e-05
1.22208080173e-05
1.21899051312e-05
1.2168168283e-05
1.21456778386e-05
1.21204059244e-05
1.20924519173e-05
1.20734443133e-05
1.20434984423e-05
1.20107961328e-05
1.1985341655e-05
1.19586567274e-05
1.19206347749e-05
1.1889840642e-05
1.18564712315e-05
1.1821555202e-05
1.17849249161e-05
1.17456972035e-05
1.17046233318e-05
1.16710028981e-05
1.16250058528e-05
1.15874074232e-05
1.15370773407e-05
1.14947168748e-05
1.1450180473e-05
1.13933243574e-05
1.13443200245e-05
1.13028414566e-05
1.12491680946e-05
1.11934538172e-05
1.11353066926e-05
1.1085222266e-05
1.10226468459e-05
1.09673962094e-05
1.09103089199e-05
1.08405570747e-05
1.07790560428e-05
1.07147754999e-05
1.06588393372e-05
1.05901450145e-05
1.0520029011e-05
1.04470266334e-05
1.03808648569e-05
1.031337385e-05
1.02349144867e-05
1.01612466497e-05
1.00885050326e-05
1.00104913446e-05
9.93375438145e-06
9.85151551717e-06
9.76839678491e-06
9.69423075596e-06
9.6071586249e-06
9.52634958018e-06
9.44493786847e-06
9.35056856397e-06
9.26533534721e-06
9.17666664062e-06
9.08446176499e-06
9.0014013037e-06
8.90534133603e-06
8.80917817321e-06
8.71877713881e-06
8.61909861302e-06
8.5251055357e-06
8.43129576525e-06
8.33385279861e-06
8.23269036897e-06
8.13189720332e-06
8.02739593487e-06
7.91911072554e-06
7.81139566924e-06
7.71336092967e-06
7.60270614204e-06
7.49716627492e-06
7.39252595475e-06
7.28412945073e-06
7.17192951645e-06
7.06088284182e-06
6.95118909397e-06
6.8327336812e-06
6.7157257517e-06
6.60884665348e-06
6.4899231703e-06
6.37585076494e-06
6.2636616017e-06
6.13967747165e-06
6.02618178107e-06
5.90930775567e-06
5.7890483027e-06
5.67123936964e-06
5.55821975469e-06
5.43975056955e-06
5.31808410009e-06
5.20113065761e-06
5.07907490864e-06
4.96170221525e-06
4.84727665944e-06
4.72963081806e-06
4.60099821295e-06
4.48323166521e-06
4.36223704304e-06
4.24559813611e-06
4.12453207359e-06
4.00023507807e-06
3.88678948917e-06
3.76259631085e-06
3.64264314431e-06
3.51866214433e-06
3.39890328194e-06
3.28265925385e-06
3.163237208e-06
3.04065297355e-06
2.91493397723e-06
2.79290032601e-06
2.67461490798e-06
2.55385320706e-06
2.42962564213e-06
2.31661043505e-06
2.18675146426e-06
2.0749778682e-06
1.95400100233e-06
1.83728174906e-06
1.71839065625e-06
1.60396378422e-06
1.4878192458e-06
1.37047479007e-06
1.25260508683e-06
1.1487750136e-06
1.04288365086e-06
9.43097327937e-07
8.4744705013e-07
7.63705088244e-07
6.93548384605e-07
6.38658492728e-07
6.05315731058e-07
5.95286608327e-07
6.12105247292e-07
6.55524262729e-07
7.145695535e-07
7.9522664547e-07
8.77073819077e-07
9.72479760169e-07
1.07473943098e-06
1.18622512441e-06
1.29431579189e-06
1.39819109624e-06
1.51682104349e-06
1.63040356465e-06
1.7483811263e-06
1.86072318011e-06
1.97707602032e-06
2.09686988963e-06
2.22078285168e-06
2.33796327021e-06
2.45918479111e-06
2.57345620748e-06
2.69111758888e-06
2.81273098784e-06
2.93707968974e-06
3.05480786839e-06
3.17578655568e-06
3.29006192478e-06
3.40700426035e-06
3.52762973738e-06
3.65136198434e-06
3.76823574954e-06
3.88777405048e-06
4.00075059912e-06
4.126346168e-06
4.24496601447e-06
4.35672937274e-06
4.48108816219e-06
4.59828965324e-06
4.70825812825e-06
4.83083736053e-06
4.94603783761e-06
5.06372718758e-06
5.17386625042e-06
5.28634120876e-06
5.40142266298e-06
5.51839663615e-06
5.62751088957e-06
5.73923219156e-06
5.84247832297e-06
5.95829848492e-06
6.06617665057e-06
6.17517685541e-06
6.27691875408e-06
6.38055533941e-06
6.48603512613e-06
6.59333524199e-06
6.69250034922e-06
6.79343026525e-06
6.89609606522e-06
6.99058611343e-06
7.08677594941e-06
7.18617563761e-06
7.27590171357e-06
7.37711671885e-06
7.47184046357e-06
7.55666225228e-06
7.65477761606e-06
7.74282695484e-06
7.83444332365e-06
7.91795421467e-06
8.01073451489e-06
8.09746895467e-06
8.18582142055e-06
8.26605694913e-06
8.34789326659e-06
8.42883908854e-06
8.51374750331e-06
8.59053930447e-06
8.67151827231e-06
8.75143694681e-06
8.83285712951e-06
8.90617039623e-06
8.98098250699e-06
9.05726675654e-06
9.1380043977e-06
9.20772241812e-06
9.27890000885e-06
9.35467342677e-06
9.42876093702e-06
9.49807697514e-06
9.56560387388e-06
9.63791574982e-06
9.70234089252e-06
9.7741870252e-06
9.84157330438e-06
9.90689404978e-06
9.96790432476e-06
1.00397308076e-05
1.01037472676e-05
1.01600032486e-05
1.02232260572e-05
1.02916985131e-05
1.03524521202e-05
1.04147240629e-05
1.04693486677e-05
1.05346810276e-05
1.05924063614e-05
1.06516969448e-05
1.07125564502e-05
1.07659168531e-05
1.08299679413e-05
1.08908268468e-05
1.09491132935e-05
1.1000053041e-05
1.10616927785e-05
1.11160499137e-05
1.11765844321e-05
1.12344703644e-05
1.12852007281e-05
1.13511949763e-05
1.14055796185e-05
1.14617967457e-05
1.15244804071e-05
1.15755458845e-05
1.16284639218e-05
1.1696751799e-05
1.17445361942e-05
1.18077004544e-05
1.18678468358e-05
1.1925802954e-05
1.19814988034e-05
1.20419979578e-05
1.20983334753e-05
1.21585758781e-05
1.2214509553e-05
1.22743288189e-05
1.23347623761e-05
1.2389814248e-05
1.24496080939e-05
1.2503912261e-05
1.25638266981e-05
1.2622501552e-05
1.26764011851e-05
1.27350985049e-05
1.27933828811e-05
1.28467797252e-05
1.29042002997e-05
1.29620480511e-05
1.3014077641e-05
1.30719090598e-05
1.31293320773e-05
1.3180869748e-05
1.32374666026e-05
1.32945095131e-05
1.33464451026e-05
1.34027063921e-05
1.34594338998e-05
1.35166292618e-05
1.3567816144e-05
1.36242961622e-05
1.36812657272e-05
1.37321788922e-05
1.37893003937e-05
1.38461113479e-05
1.39034361367e-05
1.39546393503e-05
1.40121662259e-05
1.40694108043e-05
1.41212949795e-05
1.41795837344e-05
1.42376047317e-05
1.42961678011e-05
1.43484939868e-05
1.44081255412e-05
1.4466708079e-05
1.45205961977e-05
1.45802630212e-05
1.46404843051e-05
1.46943608592e-05
1.47556716173e-05
1.48106003504e-05
1.48722140427e-05
1.49335992676e-05
1.49901167406e-05
1.50525979874e-05
1.51156389618e-05
1.51729654829e-05
1.52371019936e-05
1.52947086291e-05
1.53599426624e-05
1.54186112936e-05
1.54849456569e-05
1.55446819647e-05
1.56113559553e-05
1.56721683385e-05
1.57407311278e-05
1.58026337038e-05
1.58715724946e-05
1.59345890887e-05
1.59989209288e-05
1.60696079452e-05
1.61350923388e-05
1.62069942858e-05
1.6273669099e-05
1.63409421306e-05
1.64088223838e-05
1.6483989636e-05
1.65531286591e-05
1.66228945091e-05
1.66940258946e-05
1.67725309272e-05
1.68449119895e-05
1.69178884181e-05
1.69921692399e-05
1.70669891563e-05
1.71423093274e-05
1.72188109954e-05
1.72957124224e-05
1.73729551391e-05
1.74504745029e-05
1.75289209282e-05
1.76082180193e-05
1.76868640373e-05
1.77669247753e-05
1.78461974468e-05
1.79260316265e-05
1.80063567043e-05
1.8086405609e-05
1.81596391388e-05
1.82396381272e-05
1.83198911329e-05
1.8392395646e-05
1.8472290912e-05
1.85516131139e-05
1.86236632004e-05
1.8703057904e-05
1.87817688073e-05
1.88530105204e-05
1.8931572535e-05
1.9001873267e-05
1.90719769449e-05
1.91493920896e-05
1.92190325303e-05
1.92877296301e-05
1.93637401312e-05
1.94318051134e-05
1.94994965551e-05
1.95661500956e-05
1.96407581494e-05
1.97065651942e-05
1.97718961334e-05
1.98367247336e-05
1.99010251689e-05
1.99647708997e-05
2.00279391447e-05
2.00905030603e-05
2.01524406481e-05
2.02137259292e-05
2.02743366517e-05
2.03261871979e-05
2.03853514958e-05
2.04437739914e-05
2.0493284022e-05
2.05507067551e-05
2.06067444652e-05
2.06542912955e-05
2.07086287628e-05
2.07543738677e-05
2.08080488131e-05
2.08519136937e-05
2.09037213984e-05
2.09461844746e-05
2.09875809824e-05
2.10367776009e-05
2.10766094155e-05
2.1115595554e-05
2.11536671577e-05
2.11908653739e-05
2.12271770477e-05
2.12625905459e-05
2.12971488267e-05
2.13307922475e-05
2.13635151617e-05
2.13954121564e-05
2.14263816457e-05
2.14565207986e-05
2.14857925095e-05
2.1505412594e-05
2.1532980607e-05
2.15597357218e-05
2.15768386791e-05
2.16020044084e-05
2.16175235949e-05
2.16411838069e-05
2.16551891428e-05
2.16775068712e-05
2.16901227738e-05
2.17021513539e-05
2.17225684037e-05
2.17333637855e-05
2.17435735379e-05
2.17532068725e-05
2.17623067175e-05
2.17708277575e-05
2.17786396321e-05
2.17860466516e-05
2.17929020211e-05
2.17991735786e-05
2.18048247878e-05
2.18098152952e-05
2.18141026155e-05
2.18083556207e-05
2.18110853433e-05
2.18129790919e-05
2.18046585296e-05
2.1804740756e-05
2.17945003897e-05
2.17929708823e-05
2.17806740368e-05
2.17770547638e-05
2.1762929753e-05
2.17571247929e-05
2.17407480651e-05
2.17235375573e-05
2.17051546642e-05
2.16950927344e-05
2.16746658483e-05
2.16530430419e-05
2.16302233876e-05
2.16065041946e-05
2.1581584951e-05
2.15554707535e-05
2.15284514993e-05
2.15002437408e-05
2.14711326393e-05
2.14312219462e-05
2.14000276418e-05
2.13679389673e-05
2.13346983447e-05
2.12906568136e-05
2.1255402668e-05
2.12096050477e-05
2.11723820238e-05
2.11343219094e-05
2.10857251113e-05
2.10360591424e-05
2.09953045683e-05
2.09440321083e-05
2.09017142866e-05
2.08486697488e-05
2.0794878072e-05
2.07501175659e-05
2.06948920253e-05
2.06387639153e-05
2.0582180585e-05
2.05247434866e-05
2.04668912589e-05
2.04180344174e-05
2.03588185146e-05
2.02990609164e-05
2.0238790227e-05
2.01780359515e-05
2.01170194946e-05
2.0045570113e-05
1.99835533076e-05
1.992118754e-05
1.9858692986e-05
1.97959235363e-05
1.97327409388e-05
1.96597105386e-05
1.9596374505e-05
1.95331196334e-05
1.94696446314e-05
1.93965068767e-05
1.93332807537e-05
1.92701800429e-05
1.91975907303e-05
1.91351053543e-05
1.90630937812e-05
1.90015037473e-05
1.89403892139e-05
1.8869979189e-05
1.88102316558e-05
1.87413587793e-05
1.86833216522e-05
1.86163369899e-05
1.85603643873e-05
1.84956220129e-05
1.84420609236e-05
1.83798968999e-05
1.83192260996e-05
1.82697739213e-05
1.82121038764e-05
1.81659377328e-05
1.8111470851e-05
1.80587535917e-05
1.80176326832e-05
1.796829486e-05
1.7930575625e-05
1.78848584033e-05
1.78407664623e-05
1.78082937205e-05
1.77678442716e-05
1.77292219744e-05
1.77022093316e-05
1.76670321132e-05
1.76436681791e-05
1.76121551309e-05
1.75824851901e-05
1.75644140128e-05
1.75384478117e-05
1.75143513528e-05
1.75016284433e-05
1.74812933374e-05
1.74725708837e-05
1.74560454415e-05
1.74511384891e-05
1.74382179636e-05
1.74371656468e-05
1.74283862975e-05
1.74218330027e-05
1.7426641484e-05
1.74334094076e-05
1.74327863266e-05
1.74434975723e-05
1.74468493179e-05
1.74617888824e-05
1.74691165008e-05
1.74882929075e-05
1.75091423423e-05
1.75226898368e-05
1.75480444108e-05
1.75750344827e-05
1.76042505996e-05
1.76258732955e-05
1.7659211857e-05
1.76941046639e-05
1.77314850898e-05
1.77703688674e-05
1.78113774667e-05
1.78544911919e-05
1.78990140228e-05
1.79459226279e-05
1.79941702072e-05
1.80447501311e-05
1.80965927763e-05
1.81503539508e-05
1.8215343191e-05
1.82724682289e-05
1.83306791843e-05
1.84006890274e-05
1.84616409551e-05
1.85357756688e-05
1.86007849293e-05
1.86789202539e-05
1.87440685427e-05
1.88222297185e-05
1.89041426276e-05
1.89767244787e-05
1.9058362704e-05
1.91397589728e-05
1.92247750041e-05
1.93134093248e-05
1.93977271547e-05
1.94855848174e-05
1.95769785748e-05
1.9667886877e-05
1.97582582441e-05
1.98612339587e-05
1.99544562924e-05
2.00561519558e-05
2.01521091169e-05
2.02564645606e-05
2.03509313772e-05
2.04578201674e-05
2.05679935723e-05
2.06640321296e-05
2.07723627264e-05
2.08838342544e-05
2.09942316472e-05
2.11125588331e-05
2.12247269091e-05
2.13355646604e-05
2.14449739167e-05
2.15661140774e-05
2.16765331498e-05
2.17984661871e-05
2.1909457388e-05
2.2027569103e-05
2.21477798704e-05
2.22699690247e-05
2.2385718918e-05
2.25073897605e-05
2.26224351902e-05
2.27390539126e-05
2.28621307391e-05
2.29774809053e-05
2.30991367746e-05
2.32128741083e-05
2.33327759516e-05
2.34537265752e-05
2.35675435101e-05
2.36862791843e-05
2.37978049462e-05
2.39140812924e-05
2.40230505203e-05
2.41326377216e-05
2.42519464982e-05
2.43546976667e-05
2.44709683012e-05
2.45798145844e-05
2.46928441985e-05
2.47983896502e-05
2.49041405625e-05
2.50099815381e-05
2.51120976361e-05
2.52197340244e-05
2.53180501053e-05
2.54218354547e-05
2.5516162249e-05
2.56159112038e-05
2.57117827726e-05
2.58073545022e-05
2.59025439165e-05
2.60031115662e-05
2.60903273421e-05
2.61864017694e-05
2.62690808501e-05
2.63605344847e-05
2.64479062381e-05
2.65312320016e-05
2.66171590143e-05
2.66956304762e-05
2.67732818714e-05
2.68562604537e-05
2.6938347313e-05
2.70099867316e-05
2.70837656172e-05
2.71596692867e-05
2.72282946374e-05
2.72988907613e-05
2.73717861502e-05
2.74340042227e-05
2.75045776208e-05
2.75709699e-05
2.76361103714e-05
2.76970606495e-05
2.77538822504e-05
2.7809405688e-05
2.78704141434e-05
2.79204987481e-05
2.79788133508e-05
2.80303618674e-05
2.80832333295e-05
2.81320779371e-05
2.81769303052e-05
2.82301004751e-05
2.82696983821e-05
2.83151231678e-05
2.83617280241e-05
2.84020903232e-05
2.84435835156e-05
2.84789768106e-05
2.85228400721e-05
2.85557166539e-05
2.85947560644e-05
2.86325291109e-05
2.86667839633e-05
2.8697577702e-05
2.87270949444e-05
2.87650706395e-05
2.87995644884e-05
2.88228878059e-05
2.88524880534e-05
2.88883815566e-05
2.89129968816e-05
2.89360402668e-05
2.89652980705e-05
2.89929051579e-05
2.90168737413e-05
2.90372241752e-05
2.90558113543e-05
2.90725441655e-05
2.90954417101e-05
2.91164225961e-05
2.91337254748e-05
2.91473650511e-05
2.91607104133e-05
2.9168698843e-05
2.91845473264e-05
2.91983522383e-05
2.9208506295e-05
2.92165995458e-05
2.9221058101e-05
2.92333128379e-05
2.92321046452e-05
2.92386871813e-05
2.92417155837e-05
2.92426509178e-05
2.9240086907e-05
2.92453256864e-05
2.92484438793e-05
2.92382047784e-05
2.92443983666e-05
2.92385899422e-05
2.92306882905e-05
2.92293648334e-05
2.92247707894e-05
2.9208178793e-05
2.92093889179e-05
2.91974538112e-05
2.91933958257e-05
2.91762587157e-05
2.91670368011e-05
2.9154724229e-05
2.91503598393e-05
2.91340648543e-05
2.9124691871e-05
2.911235512e-05
2.90980956834e-05
2.90819031449e-05
2.90628153764e-05
2.90517966395e-05
2.90379612164e-05
2.90222688304e-05
2.90038253166e-05
2.89835652525e-05
2.89705817864e-05
2.89558271024e-05
2.89393255825e-05
2.89202224913e-05
2.89085521392e-05
2.88860603769e-05
2.88702397613e-05
2.8853615796e-05
2.88345834848e-05
2.88231576652e-05
2.88102107578e-05
2.87858051763e-05
2.87791008937e-05
2.87602590299e-05
2.87408139039e-05
2.87292614222e-05
2.87156627014e-05
2.87008640378e-05
2.86948752656e-05
2.86770541481e-05
2.86674038995e-05
2.86575273392e-05
2.86452167426e-05
2.86427700569e-05
2.86387637141e-05
2.86232947772e-05
2.8627052138e-05
2.8620198817e-05
2.86227008211e-05
2.86131135326e-05
2.86136934825e-05
2.86229143038e-05
2.86216105245e-05
2.86289325482e-05
2.86356756808e-05
2.86410459048e-05
2.8645772353e-05
2.86590260406e-05
2.86723877839e-05
2.86834140515e-05
2.86944844796e-05
2.87139091541e-05
2.87316749367e-05
2.87485643023e-05
2.876454625e-05
2.87887337389e-05
2.88019666962e-05
2.88241778384e-05
2.88544711661e-05
2.88737246326e-05
2.89010079722e-05
2.89271738135e-05
2.89513445356e-05
2.89752051654e-05
2.90060802572e-05
2.90366362178e-05
2.90650519455e-05
2.91012846696e-05
2.91262668851e-05
2.91598941206e-05
2.92021450531e-05
2.92321710117e-05
2.92698527521e-05
2.93061197867e-05
2.93409653922e-05
2.93743345177e-05
2.94152614807e-05
2.94546737569e-05
2.94915928342e-05
2.95369123104e-05
2.95797090344e-05
2.96218060842e-05
2.96603576496e-05
2.97081258702e-05
2.97432944547e-05
2.97866737978e-05
2.983726065e-05
2.98761065636e-05
2.99221107906e-05
2.9977161982e-05
3.00184560047e-05
3.00687203205e-05
3.01160612956e-05
3.0161427165e-05
3.02038039592e-05
3.02540631936e-05
3.03022536646e-05
3.03573124347e-05
3.04002738473e-05
3.04510274283e-05
3.04985922082e-05
3.05538915739e-05
3.06059475366e-05
3.06557326161e-05
3.0703205632e-05
3.07573298822e-05
3.08090968447e-05
3.0858485221e-05
3.09054769226e-05
3.0959060507e-05
3.10092440832e-05
3.10579647735e-05
3.11122785833e-05
3.11650990703e-05
3.12145136189e-05
3.1271430954e-05
3.13159465322e-05
3.13670400708e-05
3.14256566152e-05
3.1481838215e-05
3.15346802655e-05
3.15851250115e-05
3.16322439904e-05
3.16869403136e-05
3.17392735458e-05
3.17991711554e-05
3.1855766859e-05
3.19099508649e-05
3.19608025848e-05
3.20191612211e-05
3.20750298236e-05
3.21283617773e-05
3.21881652426e-05
3.2245315996e-05
3.22988750281e-05
3.23596334867e-05
3.24175554255e-05
3.24725977532e-05
3.25337722865e-05
3.25819644878e-05
3.26470061981e-05
3.26980972929e-05
3.27559718102e-05
3.28097473296e-05
3.28611121292e-05
3.29182633604e-05
3.29712196462e-05
3.3031569219e-05
3.30776793492e-05
3.31394356944e-05
3.31885466528e-05
3.32432752893e-05
3.32936445587e-05
3.33412349523e-05
3.33943915773e-05
3.3443931395e-05
3.3489039001e-05
3.35412361289e-05
3.3588217886e-05
3.36422433335e-05
3.36818353349e-05
3.37276820842e-05
3.3779776748e-05
3.38273905683e-05
3.38712663816e-05
3.3911385538e-05
3.3957712722e-05
3.39995596344e-05
3.40376354483e-05
3.40812210809e-05
3.41210289838e-05
3.41670408336e-05
3.42092708217e-05
3.42480444856e-05
3.42880307995e-05
3.43272331534e-05
3.43666546389e-05
3.44046401835e-05
3.44428578687e-05
3.44806667917e-05
3.4518356763e-05
3.45556566083e-05
3.45915912531e-05
3.46284161918e-05
3.46648980694e-05
3.47006686914e-05
3.47361317148e-05
3.47715300228e-05
3.48066476804e-05
3.48415120318e-05
3.48763568084e-05
3.49119855947e-05
3.49460351583e-05
3.49815214534e-05
3.50158769028e-05
3.50507299508e-05
3.5086107036e-05
3.51214510479e-05
3.51563924026e-05
3.51919725542e-05
3.52282330475e-05
3.52636276402e-05
3.53007943531e-05
3.5337793344e-05
3.53756772219e-05
3.54139052299e-05
3.54531380924e-05
3.54924421242e-05
3.5533268265e-05
3.55749053642e-05
3.56171899882e-05
3.56601713749e-05
3.57051516745e-05
3.5750930908e-05
3.57981790885e-05
3.58462920599e-05
3.58955822601e-05
3.59467763813e-05
3.59985340251e-05
3.60521920591e-05
3.61080727082e-05
3.61638377599e-05
3.62214518843e-05
3.62802597837e-05
3.63408711048e-05
3.64019508836e-05
3.64654739191e-05
3.65304230919e-05
3.65960631343e-05
3.66620829582e-05
3.67304610099e-05
3.67994511916e-05
3.6869762937e-05
3.69423816368e-05
3.70153033057e-05
3.70895170456e-05
3.71652500531e-05
3.72422506062e-05
3.73205138199e-05
3.73992563363e-05
3.74800278871e-05
3.75622581301e-05
3.76439345967e-05
3.77286343807e-05
3.78137623707e-05
3.79011083249e-05
3.79886763388e-05
3.80784572676e-05
3.81686252577e-05
3.82609897341e-05
3.83535534268e-05
3.84474661679e-05
3.85433987237e-05
3.86406603929e-05
3.8739086755e-05
3.8838670527e-05
3.89395401813e-05
3.90415425489e-05
3.91446672372e-05
3.92498998306e-05
3.93553604383e-05
3.94627765943e-05
3.9571384341e-05
3.96810450917e-05
3.97918568358e-05
3.99045696446e-05
4.00173991358e-05
4.01322059785e-05
4.02480817383e-05
4.03657873953e-05
4.04835226836e-05
4.06031520563e-05
4.07246532347e-05
4.08461150402e-05
4.09692985039e-05
4.10933914881e-05
4.12192626095e-05
4.13450005625e-05
4.14723633737e-05
4.16015389281e-05
4.17304052782e-05
4.18619275562e-05
4.19932073354e-05
4.2125989054e-05
4.226048135e-05
4.2395553426e-05
4.25311870966e-05
4.26674919445e-05
4.28053278336e-05
4.29455405123e-05
4.3084541662e-05
4.3225897845e-05
4.33677439769e-05
4.35112237648e-05
4.36551905192e-05
4.38006354883e-05
4.3945733465e-05
4.40931269926e-05
4.42421632185e-05
4.43906633698e-05
4.45416001139e-05
4.46921684785e-05
4.48459137354e-05
4.49992363591e-05
4.51538732536e-05
4.53087714622e-05
4.54658587836e-05
4.56223340416e-05
4.57808656327e-05
4.59393747022e-05
4.60987684187e-05
4.62589520592e-05
4.641915318e-05
4.65799766022e-05
4.67403292348e-05
4.69021108643e-05
4.70642279381e-05
4.72249800472e-05
4.73869115194e-05
4.75485154657e-05
4.77099649348e-05
4.78709157045e-05
4.8032702535e-05
4.81927339797e-05
4.83534763218e-05
4.85138543276e-05
4.86727941211e-05
4.88317784639e-05
4.89906376521e-05
4.91484374722e-05
4.93055503598e-05
4.94619081019e-05
4.96171006042e-05
4.97727673386e-05
4.99261794687e-05
5.00794152187e-05
5.02316116591e-05
5.03829062073e-05
5.05330223263e-05
5.06823493337e-05
5.08303216561e-05
5.09772937987e-05
5.11231059336e-05
5.12677012825e-05
5.1411044833e-05
5.15531545464e-05
5.16939473827e-05
5.18334419416e-05
5.19714852769e-05
5.21082674663e-05
5.22435061589e-05
5.23773626461e-05
5.25097321155e-05
5.2640607742e-05
5.27698855539e-05
5.28974903804e-05
5.91150829611e-05
