metodo_2_dt_1:24
3.46023857368e-07
0.0292414152876
0.0296546241392
0.0300582605854
0.030448413423
0.0308169574386
0.031159187203
0.0314678910373
0.0317356289433
0.0319558665606
0.0321205403322
0.0322229261617
0.0322579879613
0.0322218470358
0.0321100758682
0.0319217962571
0.0316565704322
0.031315946439
0.0309028488686
0.0304215030783
0.0298771163087
0.0292738988499
0.0286210808159
0.0279229544887
0.0271877203167
0.0264208970238
0.0256300630761
0.0248209514251
0.0239999470066
0.0231750621681
0.0223505516465
0.0215339542509
0.0207323492572
0.0199525717379
0.019202018046
0.0184893498731
0.0178230666853
0.0172141622408
0.0166718876624
0.016208214568
0.0158327682244
0.0155568998637
0.0153902284879
0.0153414412972
0.015414538357
0.0156127372095
0.0159373150881
0.016384484038
0.0169486014314
0.0176244774367
0.0184044893905
0.0192803432503
0.0202448438133
0.0212921784095
0.0224145173034
0.0236079572242
0.0248655169659
0.0261853696346
0.0275633987627
0.02899606053
0.0304820306842
0.0320195949402
0.0336068867
0.0352439308243
0.036929166993
0.0386637714981
0.040446887082
0.0422787531661
0.044159289043
0.0460891380018
0.048069836863
0.0501013923803
0.052185552704
0.0543222237149
0.0565111381599
0.058755141993
0.0610531979174
0.0634055959534
0.0658139074161
0.0682751074292
0.0707911973483
0.0733585276886
0.0759753602582
0.0786387236406
0.0813440258152
0.0840855241631
0.0868562890682
0.0896471164689
0.0924475348358
0.0952442841503
0.0980235651155
0.100769669068
0.103462232934
0.106084415252
0.108615867351
0.111036014794
0.113326006737
0.115470591776
0.117454409369
0.119267949628
0.120905147602
0.122365279055
0.123652325352
0.124775280091
0.125745189159
0.126580735752
0.127299603293
0.12792156034
0.128469193669
0.128964128082
0.12942665022
0.129877281665
0.130335330545
0.130817309273
0.131339560808
0.131915989506
0.132559384602
0.133280470436
0.134089113025
0.134993069078
0.136000765012
0.137117939951
0.138348681254
0.139699129429
0.141171595205
0.142771165962
0.144498001349
0.146356974452
0.148348727092
0.150474944579
0.152737519794
0.155137535536
0.157676493538
0.160354555072
0.163173426893
0.166135341083
0.169239559599
0.17248796369
0.175882319805
0.179423317405
0.183112532875
0.186951680696
0.190942249612
0.195085918258
0.199384805172
0.203840459625
0.2084554069
0.213230825293
0.218169631436
0.223274278835
0.228545128687
0.233984715496
0.239595371038
0.245376935561
0.251331102079
0.257457715826
0.263755126926
0.270221730621
0.276855267688
0.283649599767
0.290598784063
0.297693152783
0.304920828583
0.312266828325
0.319712284998
0.327234054092
0.334804899128
0.342393022472
0.349960667357
0.357465845746
0.364863874698
0.372105018342
0.379135945232
0.385904546873
0.39235961096
0.398448376255
0.404128065226
0.409357441221
0.414105085906
0.418346135725
0.422065020417
0.425253931232
0.427913768355
0.430051256072
0.431682176714
0.432824982449
0.43350750548
0.433759566654
0.433615068907
0.43311457297
0.432298639819
0.431213717121
0.429905885132
0.428422914274
0.426814189676
0.425127281056
0.423408202397
0.421702802743
0.420052281975
0.418495797992
0.417069449833
0.415805006122
0.414732103298
0.413876433618
0.413261840833
0.412907281748
0.412829906193
0.413046468201
0.413568799129
0.414407419795
0.415571234116
0.41706926958
0.418906905566
0.421088631627
0.423619402885
0.4265008991
0.429735684328
0.433324655028
0.437268043925
0.441565083067
0.446215015009
0.451215398611
0.456563370997
0.462254565575
0.468284875877
0.474648831576
0.481337777667
0.48834473668
0.495657174968
0.503264959961
0.511151706795
0.519300439157
0.52769048415
0.536296745538
0.545090631217
0.55403899237
0.563103188587
0.572238460969
0.581394959825
0.590514775381
0.599536949868
0.608393229731
0.617011420852
0.625317973436
0.633237493576
0.640698661939
0.647635553705
0.653990792296
0.659719974037
0.664794244848
0.669198422935
0.672937295217
0.676030432026
0.678513397506
0.680431825171
0.68184322347
0.682808036283
0.68339305127
0.683661012564
0.683675260326
0.683494287916
0.683168657716
0.682742438308
0.682254392109
0.681734069261
0.681200839262
0.680668514267
0.680144484527
0.679628352217
0.679115810012
0.678595736017
0.678058358169
0.677486738664
0.6768704784
0.676195888592
0.675455448208
0.674646330761
0.673767805805
0.672829606051
0.671844821037
0.670834754002
0.669822445782
0.668840728032
0.667919695161
0.667096487401
0.6664059857
0.665883422434
0.665563026923
0.665474046156
0.665644894053
0.666099115576
0.666854880238
0.66792554124
0.669319739785
0.671040734689
0.673083108324
0.675439745781
0.678093788528
0.681021266078
0.684193292739
0.687572321855
0.691113037348
0.694762285
0.698458179033
0.702130192411
0.705701921271
0.709087047689
0.712192339605
0.714920823535
0.717173745978
0.718850413966
0.719857100426
0.720105894107
0.719523706419
0.718055705168
0.715664908985
0.712342440148
0.708098063031
0.702970014737
0.697012371898
0.690298183018
0.682914184307
0.674951233493
0.666505971325
0.657672625968
0.64854438514
0.63920642217
0.629738045022
0.620211932495
0.610692424876
0.601235922375
0.59189215903
0.582704520497
0.573709387038
0.564938685837
0.556420064343
0.548175785717
0.540224575903
0.532582713163
0.525261631628
0.518272550617
0.511620944466
0.505313913328
0.499351886057
0.493737063833
0.488466706229
0.483536551435
0.478940963738
0.47467087311
0.470713777083
0.467056313079
0.463681245344
0.460567466717
0.457690513853
0.455024587313
0.452536114065
0.450190115031
0.447949005567
0.44576908199
0.443603099378
0.441401666065
0.439110024406
0.436673595781
0.434033030892
0.431129852543
0.427902207172
0.424290801495
0.420234265171
0.415674732024
0.410557326639
0.404830182636
0.39844828791
0.391378727109
0.383596934647
0.3750944483
0.365881242665
0.355983460806
0.345449091916
0.334342842811
0.322744507067
0.310745058734
0.298442811835
0.285939116454
0.273333113629
0.260720949026
0.248191472796
0.235829447489
0.22371417098
0.211920605593
0.200521625001
0.189592008102
0.179209296045
0.169455762657
0.160423535357
0.152214624678
0.144937577201
0.138711542795
0.133655230071
0.129880193793
0.127482699057
0.126525531944
0.127033180821
0.12898662343
0.132325981078
0.136961399594
0.142781701947
0.149670571725
0.15751228501
0.166201836716
0.175646153384
0.185764953726
0.196491479039
0.207769163219
0.219553520334
0.231806558644
0.244495550644
0.257594309662
0.271077231658
0.284920021174
0.299097846519
0.313582833373
0.328342147327
0.343337130789
0.358520109121
0.373833078261
0.389206269654
0.404556258443
0.419785769916
0.434784537258
0.449430651683
0.463594739456
0.477146989717
0.48996356629
0.501932707223
0.512965712406
0.52300328295
0.532014560308
0.540003987317
0.547003641789
0.55307238221
0.558284433003
0.562728770618
0.566498325287
0.569686897795
0.572384791913
0.574673577908
0.576629906058
0.578320735894
0.579802702531
0.581129776681
0.582344871629
0.583489989241
0.58460326613
0.585718167461
0.586869920955
0.588092574293
0.589417515127
0.590877010216
0.592502651125
0.594323422635
0.596364693194
0.598648572419
0.601193578379
0.604009255927
0.607101577372
0.610466472904
0.614092061308
0.617956026928
0.622025437363
0.626255493307
0.630589251008
0.63495400352
0.639263004209
0.643413872407
0.647287432294
0.650746033261
0.653637186903
0.655796037926
0.657043455383
0.657200197866
0.656088667933
0.653547530381
0.649441985105
0.643674806167
0.636198413299
0.627018906724
0.616196461307
0.603840898959
0.59010125614
0.575149687397
0.559173059072
0.542357312313
0.524880161335
0.506903826137
0.488571822838
0.470008681044
0.451319643028
0.432592365901
0.413900335183
0.395304547717
0.376855176837
0.358595811566
0.340567653601
0.32280652411
0.30535212978
0.288247112979
0.271541363554
0.255297837609
0.239594380538
0.224533311171
0.210246695015
0.196904300524
0.184722859397
0.173969581179
0.164963068678
0.158057012277
0.153604598537
0.151909224634
0.153158090708
0.157383228559
0.164454305238
0.174113085394
0.186022576144
0.199814050962
0.21511859787
0.231576513092
0.248841849485
0.266582442453
0.284476855104
0.302224868713
0.319551557386
0.336223206556
0.352056167879
0.366925737416
0.380766183026
0.393567550128
0.405367909661
0.416235452931
0.426268117284
0.435572998129
0.444264633035
0.452456002794
0.460255298194
0.467765021508
0.475078020351
0.482275977776
0.48943458557
0.496615588695
0.503870499372
0.511240350158
0.518755272665
0.526432181925
0.534273872583
0.542272814525
0.550403363769
0.558625840516
0.566879935595
0.575089665131
0.58315121178
0.590941654391
0.598306291884
0.605062675028
0.610996131572
0.615860192836
0.619379644763
0.621259538879
0.621196571414
0.618898195469
0.614112780244
0.606653501127
0.59643204656
0.583473273805
0.567920638589
0.55002289391
0.530107747436
0.508547155197
0.485728176553
0.462032282674
0.4378145953
0.413405562685
0.389112053755
0.365227062555
0.342042478954
0.319865556448
0.299032248041
0.279929228147
0.262998861906
0.248738881892
0.237685697569
0.230357285108
0.227182000421
0.228403760787
0.234036156103
0.243852351092
0.257447484386
0.274314044362
0.293912259914
0.31571097413
0.339196030409
0.363865338768
0.38921123085
0.414702587183
0.43977407915
0.463827773335
0.486256801803
0.506484243646
0.524016430879
0.538498122968
0.549743400491
0.557744621319
0.562646793168
0.564708553444
0.564249067438
0.561615736214
0.55714299547
0.551140512767
0.543874849251
0.535572106773
0.526409680435
0.516523472814
0.506007681583
0.494917005396
0.483268104556
0.471043542231
0.458187349565
0.44461451521
0.430202410136
0.414803465664
0.39824424305
0.380340349786
0.360920586315
0.339861593879
0.317148619557
0.292956900586
0.267759823505
0.242450003343
0.218449146869
0.197753000382
0.182781689696
0.175825344849
0.178102862893
0.189135736679
0.207156453006
0.23007757527
0.256144328731
0.284094418512
0.31307194194
0.34249903027
0.371961968607
0.401136343
0.429728236101
0.45742961837
0.483884482249
0.508654636135
0.531191464854
0.550807317728
0.566665208058
0.577794598129
0.583159781471
0.581803358078
0.573058098297
0.556783499186
0.533514922884
0.504451730777
0.471297988379
0.43606300897
0.400923260798
0.368193049673
0.340340395535
0.319919991257
0.30925534995
0.309846431159
0.321815764132
0.343872403969
0.37380121566
0.409027621706
0.446888977201
0.484640809958
0.519351658822
0.547901607682
0.567258166612
0.575056374619
0.570225964692
0.553246983281
0.525854889137
0.490505495191
0.449988719662
0.40738230653
0.366338651557
0.331567308194
0.308999919639
0.304531241352
0.32077125507
0.354477630856
0.397510939339
0.439552238723
0.470747508906
0.484313929511
0.47793557531
0.452969096634
0.412880859806
0.362890134143
0.31203188202
0.277750066221
0.283349831401
0.329372994981
0.380288955518
0.398123361236
0.365849540141
0.298032917019
0.311959414535
0.268255640024
0.235511551282
0.228975852834
0.250130529983
0.421763383449
1.1474189076
1.90204847174
2.66230488708
3.42565448175
4.19158579801
4.96005052447
5.73109355904
6.5047774898
7.28116250005
8.06028427785
8.84213424698
9.62668619531
10.4138737431
11.2036243755
11.9958395577
12.7904311302
13.5871668345
14.3860900272
15.1869762381
15.9896176971
16.7940287004
17.6000277636
18.4073883899
19.2161449333
20.0260169639
20.8370473453
21.6490444248
22.461821194
23.2753739455
24.0895655608
24.9044010969
25.7197107138
26.5353283973
27.351330932
28.1674793412
28.9838567414
29.8001697471
30.6166272115
31.4329403994
32.249202333
33.0652681115
33.8809944143
34.6964792467
35.5114419915
36.3261027714
37.1401827597
37.9537836126
38.7666879688
39.5789986138
40.3904385213
41.2012301969
42.0110971291
42.8201426566
43.6281486229
44.435218931
45.2411558903
46.0459395661
46.8496128681
47.6519565765
48.4530724952
49.2527399692
50.0510025922
50.8477578306
51.6430494535
52.4366580174
53.228689199
54.0189266166
54.8074209481
55.5940802147
56.3789632256
57.1618701498
57.9429318931
58.7219655356
59.4990637698
60.2741844065
61.0474504428
61.8187371834
62.5882658126
63.3559586388
64.1220304815
64.8865771344
65.6498750617
66.4119681834
67.1732565519
67.9338463089
68.6941377325
69.454402591
70.2150767174
70.9763367017
71.7386793813
72.502205729
73.2674936187
74.0345913108
74.8038917459
75.5754220653
76.3494906958
77.1259788712
77.9052260498
78.6870331573
79.4715499979
80.2585722613
81.0481358895
81.8401105434
82.6344969559
83.4310198762
84.2297203217
85.0302514436
85.8327639753
86.6369080839
87.4427175923
88.2499046444
89.0585072188
89.8681858067
90.6791038035
91.490929005
92.3037159785
93.1172000377
93.9313842289
94.7461310423
95.561451398
96.3770966444
97.1931438379
98.0092924583
98.8256632794
99.6422025578
100.458677087
101.275177629
102.091474471
102.90760405
103.723458268
104.539076084
105.354233922
106.169032711
106.983191782
107.796930947
108.609971649
109.422416673
110.234046359
111.044905872
111.854893709
112.664054524
113.472168657
114.279340031
115.085289606
115.890237792
116.693905773
117.496395657
118.297486193
119.09728009
119.895497215
120.692357704
121.487582185
122.281194406
123.073218722
123.86338011
124.651502237
125.438530095
126.223692022
127.006141773
127.787409597
128.565972768
129.343383349
130.118025759
130.891540251
131.662287275
132.432065774
133.200092571
133.965670211
134.730562964
135.493266034
136.255724346
137.016498568
137.777479277
138.53734213
139.29796725
140.058183359
140.819890212
141.582610783
142.345855411
143.111482973
143.878255972
144.647965453
145.419178265
146.193657649
146.969884649
147.749478404
148.530957301
149.315867772
150.103357923
150.892551184
151.684920095
152.478862712
153.275824872
154.074067962
154.87508438
155.677069884
156.48163024
157.286962857
158.094558614
158.903486613
159.71276064
160.523999928
161.335418257
162.148524381
162.96160036
163.776104153
164.590443021
165.406083382
166.222129989
167.037691089
167.854243089
168.670210454
169.487074619
170.30314746
171.119915675
171.935577622
172.752447581
173.567668008
174.383968483
175.19930107
176.013386332
176.828368066
177.641393573
178.454608141
179.266926558
180.078729028
180.889518258
181.699676004
182.508116231
183.316985001
184.124239976
184.930190138
185.735217009
186.538233245
187.341383877
188.14181674
188.941677006
189.739875606
190.536795773
191.331935429
192.125680946
192.917754129
193.707878051
194.496446484
195.28237974
196.067839721
196.849998055
197.631616955
198.409884512
199.18699746
199.961927879
200.735144209
201.507048516
202.27572166
203.043456059
203.809331394
204.573941319
205.336427046
206.099202646
206.859717956
207.62103501
208.381470017
209.141116483
209.90251315
210.663205806
211.425733162
212.189380476
212.954892122
213.722084045
214.491632189
215.26268785
216.037598549
216.814481344
217.593169652
218.375888286
219.159830367
219.947744733
220.736771248
221.529027636
222.323380989
223.120162172
223.918806303
224.719632036
225.522289447
226.326428778
227.132365857
227.938945269
228.748249819
229.557367857
230.368977722
231.18017565
231.99305948
232.806498558
233.620834949
234.435753599
235.250944331
236.066760138
236.882676868
237.69905468
238.514787399
239.332004786
240.147841197
240.964431612
241.780679294
242.596957552
243.413570295
244.228469175
245.043796421
245.858462961
246.672848578
247.48645292
248.299658109
249.111376569
249.923754684
250.733941297
251.544083763
252.353902928
253.161356116
253.969178017
254.774517092
255.579519156
256.383095439
257.185628924
257.98602946
258.786442866
259.584825961
260.381484603
261.176803852
261.969695396
262.762307855
263.551794671
264.340897107
265.126775224
265.911591432
266.694276981
267.475248733
268.254263679
269.031090587
269.80618174
270.579111778
271.350368849
272.118982858
272.88724694
273.652484637
274.417047721
275.180078877
275.94223596
276.704122815
277.464029509
278.224459768
278.984698819
279.74552749
280.506248615
281.269401343
282.032512257
282.798667857
283.565339653
284.33495954
285.107487519
285.881081878
286.658632097
287.437401923
288.219614411
289.004221902
289.791625523
290.58072418
291.373636285
292.167467031
292.964895252
293.763816774
294.563884581
295.367175976
296.17077022
296.976745778
297.783946955
298.592694472
299.402427522
300.213473816
301.024692458
301.838182642
302.651857925
303.465399115
304.280916673
305.095528084
305.911938797
306.727272362
307.543653774
308.35997596
309.176605278
309.993028416
310.80961635
311.626079897
312.442132461
313.258150437
314.07304111
314.888946832
315.703014343
316.517975648
317.330978244
318.144168573
318.956458008
319.768230005
320.579205887
321.38910592
322.198314135
323.006330085
323.813537792
324.618848217
325.424407049
326.227363198
327.029862062
327.831621772
328.630599854
329.429528599
330.225556205
331.020829877
331.81425993
332.606234865
333.396255924
334.184716988
334.970538137
335.755882607
336.538731272
337.318832212
338.098371259
338.874549383
339.650164178
340.42244611
341.193643106
341.962785068
342.730408015
343.49559527
344.260698666
345.023914472
345.785815866
346.54709348
347.306986098
348.067998129
348.827658063
349.58909
350.349839408
351.11244491
351.876190149
352.641816566
353.409362968
354.178829827
354.950846774
355.725106237
356.502150613
357.281001365
358.063880618
358.847980346
359.635460291
360.425219115
361.217613695
362.012905756
362.808999049
363.607980647
364.408688123
365.211440992
366.015079872
366.821683058
367.628333433
368.437704213
369.246879174
370.057951663
370.870589704
371.682703581
372.496983641
373.310542206
374.125484646
374.940693327
375.756524077
376.571863429
377.388836092
378.204574912
379.021792081
379.838434241
380.654210076
381.471256416
382.286714382
383.102726956
383.918195206
384.733502173
385.548144149
386.362503377
387.175492936
387.989253157
388.801744539
389.612687238
390.424228016
391.233516278
392.043288933
392.850689679
393.657867908
394.463733956
395.268672503
396.072180303
396.874644623
397.675778171
398.475301627
399.273599862
400.069582038
400.865394677
401.658190806
402.450700737
403.240081189
404.028486472
404.815646295
405.599535667
406.382326647
407.162952367
407.941843152
408.718544996
409.493511324
410.265732123
411.037458087
411.805956459
412.573525301
413.340058214
414.103720809
414.867484049
415.628770886
416.390025278
417.150489851
417.91091218
418.671164416
419.432027438
420.192807502
420.956036786
421.720053236
422.484926002
423.253121806
424.022071972
424.794752194
425.568502746
426.34562627
427.125143181
427.907515616
428.691693166
429.479838016
430.269892334
431.062134068
431.856905595
432.653061082
433.452684917
434.252862248
435.055665087
435.859936797
436.665994915
437.473270475
438.28208588
439.092103627
439.90298204
440.715057399
441.527780021
442.341491502
443.155066064
443.970609368
444.785241616
445.601081229
446.417014459
447.233404194
448.050541675
448.866363119
449.683004089
450.499364157
451.315818229
452.131269623
452.947861414
453.762732255
454.578615132
455.392656472
456.207001053
457.021367613
457.833716365
458.646188188
459.457696732
460.268627256
461.078477908
461.887634127
462.695009398
463.502744679
464.307991662
465.11348346
465.917177657
466.718792456
467.520476077
468.319371002
469.117625683
469.914148953
470.709327247
471.50265763
472.294532195
473.08385928
473.872795949
474.659312523
475.443143694
476.226458827
477.006440596
477.785856677
478.561911095
479.336816552
480.109563545
480.880642159
481.649087219
482.417189181
483.183087211
483.947292104
484.710431712
485.471685293
486.233506048
486.993371301
487.754375905
488.514048729
489.274928688
490.036319399
490.799002858
491.563066096
492.328580276
493.096252604
493.865857648
494.638022286
495.411852288
496.189640795
496.968650796
497.751102297
498.53594408
499.323578123
500.114291975
500.906016826
501.700854534
502.497659065
503.296754537
504.096986203
504.900426242
505.704157348
506.510844869
507.318381193
508.126422506
508.937058825
509.747378225
510.560065653
511.372222935
512.185953448
513.000128561
513.815101002
514.629744285
515.446179825
516.262341057
517.078513301
517.895062831
518.710887102
519.528113492
520.343882421
521.160330972
521.976362168
522.792354776
523.607804711
524.423087783
525.237923855
526.052030768
526.865792548
527.678119261
528.491160115
529.302058837
530.113552183
530.922789654
531.731918188
532.539848125
533.346967882
534.153577829
534.957638557
535.761295981
536.563458864
537.364512231
538.163367368
538.96216428
539.758054341
540.553770911
541.346464339
542.138284
542.928955901
543.716440956
544.50290034
545.287259304
546.06992826
546.850432879
547.629204159
548.405197145
549.180627691
549.952728255
550.72374817
551.493529944
552.260185595
553.026620534
553.790195293
554.553296881
555.315105644
556.076314834
556.83675515
557.597169711
558.356848778
559.118331536
559.879973272
560.641884345
561.406580619
562.17156426
562.939885777
563.708973887
564.481212559
565.255706341
566.032988151
566.812078597
567.595196703
568.38034053
569.16782574
569.958030101
570.749826012
571.545317873
572.341599422
573.14075464
573.941625948
574.744533598
575.548899106
576.355043431
577.162619615
577.971283944
578.781363092
579.592301345
580.404427623
581.216607623
582.030944974
582.84454986
583.659533788
584.474778531
585.290636103
586.107391284
586.922980841
587.739532784
588.555941636
589.372581878
590.188347065
591.005377155
591.820813627
592.637384082
593.45223292
594.267505963
595.082914555
595.896417945
596.710161717
597.523055657
598.335485156
599.146950394
599.957831729
600.767042445
601.576729427
602.384042038
603.191713793
603.997705641
604.801730517
605.60593703
606.407473419
607.20848525
608.007880784
608.806048316
609.602477613
610.397558232
611.190200457
611.982553618
612.772581395
613.560012758
614.347000572
615.130713753
615.913908589
616.693765525
617.472474968
618.24899229
619.023775054
619.795815076
620.567362263
621.336501383
622.103689954
622.869489748
623.633020679
624.396670723
625.157863063
625.919636161
626.679477394
627.439888708
628.200970738
628.961075319
629.72274522
630.485277991
631.249438758
632.015064977
632.782864156
633.552022226
634.32492187
635.098904723
635.876269434
636.656836759
637.438639562
638.224449224
639.011425301
639.801701538
640.59415822
641.389131395
642.185477016
642.98527904
643.785619707
644.589163375
645.393802152
646.199181302
647.00738459
647.815498562
648.626197586
649.436575646
650.248730978
651.061521012
651.875291489
652.688913595
653.504499048
654.319974925
655.135622587
655.951797693
656.767391903
657.584533372
658.400355411
659.216991167
660.03334239
660.849779699
661.665795572
662.481769486
663.297416102
664.112451207
664.927260642
665.740747358
666.55505972
667.367346429
668.180340976
668.991192722
669.802051414
670.61182176
671.420892791
672.229570603
673.035813579
673.841768131
674.646346125
675.44992753
676.25142368
677.052980058
677.85174476
678.650452898
679.446247552
680.241278294
681.03526472
681.826168283
682.616140709
683.404101499
684.190444339
684.974684045
685.757231531
686.537026678
687.316257368
688.092128849
688.866849715
689.640224758
690.410316877
691.179985446
691.946531692
692.712285112
693.476358286
694.239384613
695.001132776
695.762297778
696.522123402
697.283120616
698.043623958
698.803746545
699.566031095
700.328016446
701.092808757
701.857908297
702.625771543
703.395586015
704.167974283
704.942035321
705.720063769
706.500128465
707.282598265
708.067900828
708.854954134
709.645891409
710.437830116
711.232873838
712.029870023
712.829145429
713.630128735
714.433137649
715.237821613
716.043834296
716.851491001
717.660228265
718.47037339
719.280780947
720.093546631
720.90577559
721.719566185
722.533792416
723.348805405
724.164880113
724.979947336
725.796132194
726.612317985
727.428874868
728.244697153
729.061918095
729.877675661
730.694696954
731.510118076
732.326082446
733.14230463
733.956739479
734.771533928
735.585590762
736.399297616
737.212150899
738.024536451
738.835364357
739.646784334
740.455940397
741.264982296
742.073629123
742.879839308
743.686346014
744.490300732
745.293843814
746.095886406
746.896813962
747.69612126
748.49419405
749.289943667
750.08551129
750.878859654
751.669709941
752.460213875
753.247528869
754.034402925
754.817996989
755.600484225
756.380804708
757.159387688
757.935195033
758.710444085
759.483173138
760.253793491
761.0228204
761.789314553
762.555603525
763.31905077
764.082040765
764.843759874
765.60490397
766.365303848
767.12570999
767.886224064
768.646951118
769.408678124
770.171288105
770.935541913
771.700694607
772.469209902
773.238507078
774.010968782
774.786502364
775.563213401
776.343940905
777.125905956
777.9112861
778.699001417
779.489425131
780.281433633
781.077127491
781.873602514
782.673523355
783.474784283
784.277034819
785.082352589
785.887819044
786.695518105
787.504291286
788.314468924
789.125492427
789.937697227
790.749946275
791.564346452
792.378812097
793.193617202
794.009116848
794.824193426
795.640972201
796.456575724
797.273135129
798.08954468
798.90617698
799.722517742
800.538946434
801.355169153
802.170901843
802.986525822
803.800947577
804.616311286
805.429767308
806.244042644
807.056288841
807.868652499
808.680043543
809.490848458
810.300789342
811.109579781
811.917609024
812.724373333
813.530258854
814.334174508
815.13826892
815.93968479
816.741157093
817.539833949
818.33786108
819.134956352
819.929081357
820.722378512
821.513762295
822.303625082
823.091470262
823.87769743
824.661235332
825.444248946
826.223922341
827.002444167
827.779586262
828.553375942
829.326634374
830.09661058
830.865582025
831.632610211
832.398265061
833.161666779
833.925209138
834.686312756
835.448021775
836.208633049
836.968226924
837.729332004
838.489493724
839.25183522
840.013897316
840.77819865
841.543993443
842.311982849
843.081351839
843.854473467
844.629497659
845.406873883
846.187094646
846.969136205
847.755183583
848.542388484
849.332885583
850.125550856
850.920724983
851.717846867
852.517243097
853.318559282
854.121447739
854.926226199
855.731736133
856.540061639
857.348284133
858.159081075
858.969546925
859.781777629
860.594636231
861.408469362
862.223538764
863.037771169
863.853282388
864.668954846
865.485150596
866.300761189
867.117909551
867.933732091
868.750949106
869.56669874
870.383118504
871.19992279
872.015058584
872.830670764
873.64566572
874.46042713
875.274449994
876.088122292
876.900347767
877.713275782
878.524055772
879.334834747
880.145331907
880.953508841
881.762093558
882.568238047
