metodo_1_dt_1:12
3.96786040843e-05
0.00290496172871
0.00285829045187
0.00289564137056
0.00284874617422
0.00288515009971
0.00292176326174
0.00287465746138
0.00291205460567
0.00286542009587
0.0029023246225
0.00285488804971
0.00289143207421
0.00284449072961
0.00288187114614
0.00291941723315
0.00287208795817
0.00290880409905
0.00286125229963
0.00289855306477
0.00285181028247
0.00288937962535
0.00284196109448
0.00287877100301
0.00283120848475
0.00292270479291
0.00287655186427
0.00291337793884
0.00295003694064
0.00290259796302
0.00293930973766
0.0028925580949
0.00293009428389
0.00288325253689
0.00292019044226
0.00287256484039
0.00290970008675
0.00286276926871
0.00290078684476
0.00290779212888
0.00294419043911
0.00289685800589
0.00293363688091
0.00288697817024
0.00292458783648
0.0028776177571
0.00291463499365
0.00286696743064
0.00295798198179
0.0029115425466
0.00294884521403
0.00290191010578
0.0029386612056
0.0028911685011
0.00292865379869
0.00288189898827
0.00288981382069
0.00292629500867
0.00287902506724
0.00291550793734
0.00286855968024
0.00290631676292
0.00285960996614
0.00295063487619
0.00290330644086
0.00293989339136
0.00289301756807
0.00293096908586
0.00288420336842
0.0028914676109
0.00292752416884
0.00288030468877
0.00291761997905
0.00287108835562
0.00296255646407
0.00291543113826
0.00295195750984
0.00290471234678
0.00285797824707
0.00294978539129
0.00290314719998
0.00293972348451
0.00289227585923
0.00292967799786
0.00293675730486
0.0028903499734
0.00292739573372
0.00288012431865
0.00297086730159
0.00292379972315
0.0029611925886
0.00291469630182
0.00286785041077
0.00295861744106
0.00291121657034
0.00294845066996
0.00290184101546
0.00290951590985
0.00294630414032
0.00289895881133
0.00298974422543
0.00294276657264
0.00289622563163
0.00293390241856
0.00294113338927
0.00297741188136
0.00293006877172
0.0028831781887
0.00297474117487
0.00292816347736
0.00288113042163
0.00297195800114
0.00292459686051
0.00296188846454
0.00291546937822
0.00292289609313
0.00295965417663
0.00291227462752
0.00291931818756
0.0029561508795
0.00290970597408
0.00291762963775
0.0029539152266
0.00290648762968
0.00299733951548
0.00295058115851
0.00290411066356
0.00299548865678
0.00294823932544
0.00290079093209
0.0029917076235
0.00294498876096
0.00289851352239
0.00298980359926
0.00294250765072
0.00289508861871
0.00298599906823
0.00293936377928
0.00294750527495
0.00298406060122
0.00293678359564
0.00294373032495
0.0029803224516
0.00293383949934
0.00294135729499
0.0029784387011
0.00298510049986
0.00293751908071
0.0028904333464
0.00298195240129
0.00293533637182
0.00294308777748
0.00297897381768
0.00293165437016
0.00293888784819
0.00297624468931
0.00298366371434
0.00293642977935
0.00288892977054
0.00297960159241
0.00293276121635
0.00294055954035
0.00297766854278
0.0029846193201
0.00293693725904
0.00288955893062
0.00298072816716
0.00293426285799
0.0029416936326
0.00297851509386
0.00298482295699
0.00293742496654
0.00294514941185
0.00298220410226
0.00298956630867
0.00294205483584
0.00294934673969
0.00298526595908
0.0029386775805
0.00294596293154
0.00289900999295
0.00298968309814
0.00294227565484
0.00294905427115
0.0029021793561
0.00299361186248
0.00294679923944
0.0029533392852
0.00290566932116
0.00299651327201
0.00295002175307
0.0029572413433
0.00291016294135
0.00300070916302
0.00300740084008
0.00295998571247
0.00296786613772
0.00300476683295
0.00301163638407
0.00296398881579
0.00297073380824
0.00292333044284
0.00301465377644
0.00296809989303
0.00297480405015
0.00292718157468
0.00293378731944
0.00302468459219
0.00297792541616
0.00298534198294
0.00293780564022
0.00294456220208
0.00298098805713
0.00298769015502
0.00299537659232
0.00294811155366
0.00295525337028
0.0029912867261
0.00299762797915
0.0030050606011
0.00295790884721
0.00296544572442
0.00300179085333
0.00300782730045
0.00301471867481
0.00296739218491
0.0029749947031
0.00292763869993
0.00301812697884
0.00302455917983
0.00297696675234
0.00298419049351
0.00293728656234
0.00294422809609
0.00303458867411
0.0029870104085
0.00299341759403
0.0030007823017
0.00295368954383
0.00296066723526
0.00305084476894
0.00300316520332
0.00300971707622
0.00301710156761
0.00296988526927
0.0029767881311
0.00298362518152
0.00301931283454
0.00302581784675
0.00303307654849
0.00298597235794
0.00299256475916
0.00299918210773
0.00295098103521
0.00295785401363
0.00304882263523
0.0030020384301
0.00300826301213
0.00301451521738
0.00302115555001
0.00297339351771
0.00298065454674
0.00298801001377
0.00293977849637
0.00302994960324
0.00303618410656
0.00304322616663
0.00299601459149
0.003002803592
0.00300941048926
0.00296119468445
0.00296745578948
0.00297449820463
0.00298194735591
0.00301834236579
0.00302425934114
0.00303019691516
0.00303669023629
0.00298945678266
0.00299625572467
0.00300297919873
0.00300935464783
0.00296109887732
0.00296737619469
0.00297429697084
0.00298154562425
0.00307165733695
0.00302394931076
0.00302968519399
0.00303601223305
0.00304287474945
0.00304991509499
0.0030021307499
0.00300801532935
0.00301406748656
0.00302060598583
0.00302773070423
0.00297994526828
0.00298630030297
0.00299229968367
0.00299844514633
0.0030051876504
0.00295728143159
0.00296402355137
0.00297032852075
0.00306004410957
0.0030659673927
0.0030724903375
0.00302549618661
0.00303192612598
0.00303788609653
0.00304364970586
0.00304959348643
0.00305613158682
0.0030629534114
0.00301545369803
0.00302130893258
0.00302700444957
0.00303292231836
0.00303942430309
0.00304613931767
0.00305267505518
0.00305868739157
0.00301017882821
0.00301604584475
0.00302248125229
0.00302905723196
0.00303539089706
0.00304120035042
0.00304693072735
0.00305301101167
0.00305951849139
0.00306620670967
0.00301811496406
0.00302379188382
0.00302933740098
0.00303533195285
0.00304172568363
0.00304822905179
0.00305432727015
0.0030599245564
0.00306555577969
0.00307154680938
0.00307801605724
0.00308440916712
0.00309041276895
0.0030959961475
0.00304782219848
0.00305383466012
0.0029758300623
0.00298216763566
0.00298803159565
0.002993455684
0.00299903803132
0.00300502487806
0.00301140907683
0.00301764307523
0.0030233248613
0.00302873286271
0.0030343029658
0.00304029330675
0.00304663332618
0.00305276389071
0.00305833605049
0.00306369147505
0.00306921491156
0.00307528808091
0.00299774022183
0.00300365328839
0.00300912779717
0.00301438097926
0.00301985671867
0.00302588528408
0.00303210209907
0.00303794934363
0.00304337747993
0.00304866025565
0.00305423093316
0.00306035283847
0.00306660922577
0.00298810529568
0.00304827240311
0.00305324731169
0.00305861395296
0.00306439869688
0.00307032821043
0.0030758784183
0.00308100461338
0.00308606827815
0.0030916450325
0.00301386815223
0.00301966773549
0.00302513202131
0.003030222173
0.00303539578097
0.00304100796966
0.0031010526626
0.00310677786621
0.00311209241482
0.00303350809721
0.00303839257069
0.00304381518074
0.00304966243517
0.00305538599641
0.00306076693595
0.00311979949324
0.00304164066547
0.00304674733337
0.00305231610712
0.00305778427213
0.00306285435793
0.00306774601432
0.0030729075913
0.00313239776233
0.00305478650368
0.00305996139755
0.00306475738519
0.00306938768362
0.00307449435065
0.00308023177212
0.00305671801158
0.00306164865754
0.0030661670846
0.00307073440911
0.00307579249573
0.00308149876022
0.00305795618425
0.00306271541067
0.00306710581254
0.00307163930688
0.00307674062905
0.00308250191759
0.00305848409126
0.0030631685312
0.00306760597792
0.00307215609108
0.00307741393217
0.00305349591039
0.0030584220507
0.00306315220887
0.00306770475258
0.00312654058976
0.00313129319179
0.00305292196564
0.00305802778511
0.00306294808831
0.00312150318972
0.00312587787175
0.00304706647636
0.00305232244767
0.00311185720845
0.00311627107138
0.00303691945367
0.0030411516933
0.00310059570278
0.00310547875893
0.00311052048146
0.00303118718672
0.00308998848426
0.00309401949063
0.00309892548466
0.00302021956095
0.00307965365488
0.00308366764473
0.00308785418496
0.00314641103565
0.00306767007344
0.00307244797259
0.00307736493933
0.00313561790894
0.00305592774291
0.00306016468029
0.00311933803322
0.00312409884719
0.0030449305396
0.00310367439202
0.00310719771265
0.00311160386714
0.00308749118951
0.00309166505542
0.00309598054778
0.00315426515663
0.003074552164
0.00307855605071
0.00313773276252
0.0031421918413
0.00306272688396
0.00312113372987
0.00312459690466
0.00304514286483
0.00310448853884
0.00310863957893
0.00311297256469
0.00308742590111
0.00309072825156
0.00309518187066
0.00307046909313
0.00307446537872
0.00313293370211
0.00313624006046
0.00305623696968
0.00311486399291
0.00311917373848
0.00309491713017
0.00309788439454
0.00310132652644
0.00315917993073
0.00307970088488
0.00313867475573
0.00314245595514
0.003062387903
0.00312018300579
0.00312370294455
0.00309898564921
0.00310261186893
0.0031068257595
0.00308095025471
0.00308398283905
0.00314187950441
0.00306223747794
0.00312101183047
0.00312443649982
0.00309933959053
0.00310161966475
0.00310525557439
0.00308009574355
0.00308378921121
0.00314176355866
0.00306125853166
0.00311888040242
0.00312213338938
0.0030973395411
0.00310061759626
0.0031585279283
0.0030778628795
0.00313546052987
0.00313853754106
0.00311378069962
0.00311684823873
0.00317458902604
0.00309377946707
0.00315126597612
0.00315439167624
0.00312936876166
0.00313244989486
0.00310707900061
0.00310902565703
0.00316640986853
0.0030860445187
0.00314418729414
0.00314752537787
0.00312143002711
0.00312382737249
0.00309777380627
0.00310059538793
0.00315845081825
0.00307820048445
0.00313533122994
0.00319228737561
0.00311132953794
0.00316907806184
0.00308878914117
0.00314637474369
0.00314902531272
0.0031222075667
0.00312494144124
0.00309878164484
0.0031565925442
0.00315938756758
0.00313277934944
0.00313491581651
0.00310848284389
0.00316608168603
0.00316892900105
0.00314269066609
0.00314487311163
0.00311792618965
0.00317499136562
0.00309426413027
0.00315174242123
0.00315432493071
0.00312721002854
0.00318376535978
0.00310254252189
0.00315994684192
0.00307916263941
0.00313593913372
0.00319239504577
0.00311081581834
0.00316764048242
0.00314190107359
0.0031440971047
0.00311734894353
0.00317370648412
0.00309181844054
0.00314862512143
0.00320583389695
0.00312466431651
0.00318108510583
0.00315437906051
0.00315557284496
0.00312906547815
0.00318607530376
0.00310462083452
0.0031609410384
0.00313418071183
0.00313517591969
0.00319183099583
0.00316547621844
0.00316760928355
0.00313995300872
0.00319586633555
0.00311404171985
0.00317063268528
0.00314407825104
0.00320044609335
0.00311828901408
0.00317401361599
0.00314703574114
0.00314892495293
0.0031219006065
0.00317808696926
0.00315086007478
0.00315167344857
0.00312410053935
0.00318056803292
0.00315412721723
0.0031552257666
0.0031272648022
0.00318282122053
0.00315584279083
0.00315729829313
0.00313002166103
0.00318588501069
0.00315829316456
0.00315902671939
0.00313121774717
0.00318750585148
0.00316046671187
0.00321604891632
0.00313315632308
0.0031886060834
0.00316101394916
0.00321712556469
0.0031351683957
0.00319079078866
0.00316222945593
0.0031344654413
0.00319000283868
0.00316333962573
0.00316376352368
0.00313562766118
0.00319060412818
0.0031626383137
0.00321817851983
0.00313598635488
0.00319173909459
0.00316321848358
0.00321811876384
0.0031898989754
0.00316267704562
0.00316342174632
0.00313518433839
0.00319015675756
0.00316146695029
0.00321648467459
0.00318883569145
0.00316160618353
0.00316160015979
0.00313273598304
0.00318741441996
0.00315903875001
0.00321434475471
0.0031865636043
0.00315863319191
0.0032128372308
0.00312916038935
0.00318415093036
0.00315593282642
0.00321131513745
0.00318260596871
0.00315385667254
0.00320807109963
0.0031797307935
0.00323470053371
0.00320675379022
0.00312299040503
0.00317736982812
0.00314816553215
0.00320298365487
0.00317456474512
0.00314623199527
0.00320046156145
0.0031712717223
0.00322539067001
0.00319670292296
0.00316859151145
0.00322301013827
0.00319404309921
0.00324767990665
0.00321865196804
0.00319027899235
0.00324454031562
0.00321605065375
0.00313163087135
0.00318550458241
0.00315601906408
0.00321080986603
0.00318188220352
0.00315268889266
0.00320668892206
0.00317681933692
0.00314739549458
0.00320181752849
0.00317285649983
0.00314364524231
0.00319732204271
0.00316731543678
0.00322142335349
0.00319219119393
0.00316310206816
0.00321717268815
0.00318709149291
0.0031570531697
0.00321112466129
0.00318177485382
0.00315239433401
0.00326080780189
0.00323091307975
0.00320109655427
0.00325423571021
0.00322499703269
0.00319582272345
0.00324889855803
0.00321871004622
0.00318864850615
0.00324202417764
0.00321252677521
0.00318301297485
0.00323628813338
0.00320579988508
0.00317548979294
0.00322929231968
0.0031995249736
0.00322471475884
0.00319464417354
0.00324670624538
0.00321639378798
0.00318657300914
0.00323991818481
0.00320994578232
0.0031793906802
0.00323212875849
0.00320157311763
0.00322661415917
0.00319690291662
0.00324935381655
0.00321870396329
0.00318787153736
0.00324047865929
0.00321023559503
0.00318019922142
0.00320538162137
0.0032569230205
0.00322593063796
0.00319528582274
0.00324818501255
0.00321797250535
0.0031873477541
0.00321170238077
0.00326304056098
0.003232273404
0.00320191678945
0.00317154442051
0.00322404198611
0.0032476602792
0.00321637061212
0.00326826634179
0.00323777056881
0.0032071937813
0.00317613881994
0.00328261469858
0.00325119072134
0.00322020963551
0.00318956641601
0.00324236206722
0.00326554680358
0.00323385945115
0.0032022987307
0.00325457416605
0.00327853946523
0.00324748487816
0.00321592017779
0.00318404558838
0.00323570848208
0.00325937565768
0.00322835412822
0.00319707987806
0.00324862352813
0.00327139342317
0.00323954573702
0.00320818232861
0.00317702041354
0.00328363117993
0.00325159300385
0.00321937743469
0.00318748467237
0.0032940509655
0.00326269720443
0.00323100836018
0.00319885809867
0.00322182717102
0.00327255583647
0.00324106582438
0.0032646642422
0.00323258801232
0.00320007647027
0.0032509663873
0.00327343181862
0.00324167493572
0.00320997234298
0.00323333155178
0.00328324071833
0.00325069784803
0.00327351043844
0.00324150242218
0.00320950036014
0.00323284190661
0.00328221301518
0.00324956908199
0.00327246438906
0.00324023830634
0.00320797371583
0.00331332757887
0.00328022674226
0.00324745149437
0.00327018593271
0.00323779445277
0.00320532563595
0.0033104060608
0.00327716827935
0.00324434516904
0.00326669458721
0.00323421155547
0.00320161987568
0.00322374121719
0.00327323956317
0.00329497658474
0.00326213764924
0.00322965980447
0.00325193077225
0.00321845226353
0.00324059712185
0.00328947932344
0.00325679138104
0.00327901157709
0.00324583052206
0.00326762136574
0.00323352619118
0.00320008471458
0.00330502831495
0.00327221349912
0.00329380537507
0.00325995653007
0.00328140113391
0.0032475060388
0.00321429318359
0.00323651906106
0.00328579903111
0.0033064966227
0.00327252307531
0.00329393050237
0.00326044924406
0.00328257999697
0.00324835704191
0.00321402513205
0.00323496872536
0.00328435058078
0.00330547548852
0.00327203732716
0.00329286387129
0.00325838625732
0.00327904312968
0.00324507131955
0.00326665323831
0.00323255059224
0.00325369146751
0.00321860306728
0.00332195761038
0.00328809885992
0.00330914411886
0.00327518158666
0.00329555885947
0.00326060909942
0.00328110333963
0.00324676957277
0.00326787599352
0.0032334660376
0.00325379287236
0.00321859185364
0.00323898634202
0.00334240840859
0.00330819981533
0.00332865551207
0.00329357163213
0.00331334040789
0.00327833681076
0.00329892769869
0.00326446990544
0.00328468110191
0.00330477306436
0.0032689363168
0.00328920858196
0.00325413108593
0.00327484086734
0.00323941724666
0.00325912179061
0.00327909711967
0.00324325790268
0.00326389043443
0.00331164103059
0.00333100819018
0.00335042623539
0.00331452804083
0.0033342512632
0.00329933544753
0.00331912485863
0.00333866386821
0.00330254901329
0.00332161532716
0.00328630527257
0.00330593388547
0.00332579270958
0.00328976525387
0.00330857199871
0.00332771747843
0.00329189089678
0.00331153498332
0.0032760701083
0.00329473083691
0.00331346975212
0.00327720619765
0.00329638583642
0.00331590766324
0.0032800536961
0.00329851615728
0.0033170773936
0.00328073386784
0.00329966429641
0.00331904958747
0.00328289377253
0.00330116322018
0.00331935643959
0.00333814870737
0.00330182990279
0.00332077946359
0.00333960992249
0.00330253333198
0.00332049639893
0.0033389744229
0.00330280476686
0.00332144851861
0.00333970454911
0.00335773768208
0.00332060805214
0.00333861932844
0.00335725224956
0.00337595953148
0.0032560305339
0.00327389675217
0.0032918856853
0.003254291114
0.00327278222786
0.00329126380399
0.00330924219273
0.00327124399744
0.00328863601991
0.00330666183467
0.00332508036978
0.00334340152493
0.00330537021893
0.00332256656352
0.00333997658123
0.00335780214552
0.00332079062649
0.00333849298705
0.00335563397461
0.00329045534421
0.00330793189129
0.0032695982784
0.00328739796563
0.00330505652932
0.00332223193365
0.00333909117538
0.00330056106899
0.00331801642301
0.00333565359177
0.00335287150619
0.00336970695907
0.00333133086322
0.00326521641551
0.00328249157737
0.00329998243491
0.00331709779235
0.0033337249515
0.00329444564927
0.00331112680371
0.00332824361491
0.0033453950119
0.00336212282875
0.00337827931987
0.00331257771218
0.00327309379654
0.00329004218395
0.00330695355058
0.00332329277501
0.00333929684284
0.00335530706185
0.00337173161933
0.00338851288136
0.00326703389741
0.00328317841413
0.00329891561031
0.00331471986522
0.00333095832246
0.0033475085549
0.00336377828521
0.00337963571909
0.00339512760688
0.00332882132631
0.00328888484106
0.00330520964648
0.00332129999155
0.0033368641095
0.00335201141151
0.00336745873127
0.00330085936521
0.00331693022885
0.00333270942559
0.00334795692805
0.00336294554625
0.00337817826429
0.00339386600292
0.00332763155874
0.00334305514077
0.00335795347664
0.00337265191532
0.0033322470196
0.00334783996023
0.00328057327211
0.00329577989053
0.00331049155101
0.00332508442625
0.00334003451623
0.00335542382732
0.00337085721489
0.00330296313033
0.00331737960525
0.00333174966432
0.00334652453575
0.00336172118266
0.00329412145534
0.00330869890666
0.00332285490185
0.00333693133549
0.00335156742911
0.00336660243144
0.00329857994486
0.00331289943648
0.0033268516005
0.00334102659406
0.00341068107629
0.00334346894801
0.00335770651605
0.0033714810183
0.00338493934375
0.00339858019389
0.00333063738261
0.00334486691257
0.00335894335186
0.003372565297
0.0033859456297
0.00331706144093
0.00333095545956
0.00334515865773
0.00335916916491
0.00337274635544
0.00330307167017
0.00337225226115
0.00338578417496
0.00339969860705
0.00333117712437
0.0033440048293
0.00335674547717
0.00336990227763
0.00338363512019
0.00331468172771
0.0033280392915
0.0033964154863
0.0034088580344
0.0033397802117
0.00335289519428
0.00336620893241
0.00337925561879
0.00330923229121
0.00332165110961
0.00339008920919
0.00340314131117
0.00333411053855
0.003346503705
0.00335863383612
0.00337095554215
0.00335733402652
0.00336984277723
0.00338236599758
0.00339461492894
0.00332418587428
0.00333605152507
0.00340424845921
0.00341676185373
0.0033471324673
0.00335886851363
0.0033704879006
0.00338249302495
0.00336813800537
0.00338014909379
0.0033922272712
0.00340406598901
0.00333300123072
0.00340026320981
0.00341198898887
0.00334191765527
0.00335367699318
0.00336534932461
0.00343178627921
0.0033608555912
0.00337255822387
0.00338467214536
0.00336986998693
0.00338039879246
0.00339120071181
0.00340255597177
0.00338752883221
0.00339871779557
0.00341003932273
0.00333839050605
0.00340484181814
0.00341552061679
0.00334457570306
0.00335584291647
0.00342254816595
0.00335082291089
0.0033608178392
0.00337166029305
0.00343825830496
0.00336704339386
0.00337759274631
0.00344342579409
0.00337130159829
0.00338157614456
0.00339286825176
0.00337685473095
0.00338688738246
0.00339692374329
0.00338025976797
0.00339020360129
0.00340094168722
0.00338500963159
0.00339453855334
0.00340416318917
0.00338760669311
0.0033971253915
0.00340756003615
0.00339148284043
0.00340054109176
0.00341003071401
0.00339302899844
0.00340239677482
0.00341279759409
0.00339602072588
0.00340501350229
0.00341431410991
0.00339668618219
0.00340619557902
0.00339017941471
0.00339895999146
0.00340784412043
0.00339049129826
0.00339885964287
0.00340858681645
0.00339147771891
0.00340040681582
0.00346467955719
0.00339084298951
0.00339971670508
0.00338255320127
0.00339140734527
0.00345592469719
0.00338205916837
0.00339016536762
0.00345432417978
0.00338097349845
0.00344571848915
0.00337189177994
0.00343588458791
0.00344337043183
0.00336953772798
0.00343398113021
0.00336030540764
0.00342433033149
0.00343176381861
0.00341343806547
0.00342095403361
0.00340381303561
0.00341117320519
0.00341919691389
0.00339990601835
0.00340731296967
0.00338901995376
0.00339674010911
0.00346042509146
0.00338556858447
0.0034484474301
0.00337348144114
0.00343688487787
0.0034447584844
0.00342599397518
0.00343285413224
0.00341359266365
0.00342005710031
0.00340161270205
0.00340854759305
0.00347159129769
0.00339616748836
0.0034583335373
0.00338290958537
0.00344590119046
0.00337090167303
0.00343364595013
0.00344010771423
0.00341977115232
0.00342645750314
0.00340673134361
0.00346960246251
0.00339392306488
0.00345572850142
0.00337942445738
0.00344155415828
0.00344826242496
0.0034283915007
0.00343471647645
0.0034139376037
0.00347533517114
0.00339914622314
0.00346138734189
0.00338541325384
0.00344706163489
0.00337031884073
0.00343149506554
0.00349298955676
0.00341699532901
0.0034787738396
0.00340220006424
0.00346290243058
0.00344212366763
0.00344738557319
0.00342704704785
0.00343261897531
0.0034112662106
0.00347183582282
0.00339456299751
0.00345555390293
0.00343545045754
0.00344015243813
0.00341890713287
0.00347917352634
0.00340137300983
0.00346225320022
0.00338536628552
0.00344609469223
0.00342473229447
0.00342833420051
0.00340653854171
0.00346715612288
0.00338991064045
0.00345027968613
0.00342859751277
0.00343188437313
0.00340982950798
0.00347017757791
0.00339265366132
0.00345266214962
0.00343047932881
0.00348967201244
0.00341126145742
0.00347135125627
0.00344998292118
0.00345331665987
0.00343047417962
0.00348952667859
0.00341109670933
0.00347095348281
0.00344869415506
0.00350792234067
0.00342879857284
0.00348764263583
0.00346498719816
0.00344334931266
0.00344596821641
0.00342308940083
0.00348148597718
0.00345876188979
0.00346107604052
0.00343844730492
0.00349732093829
0.00347443890773
0.00347622723146
0.00345246594477
0.0034297214111
0.0034884907639
0.00340902840662
0.00346717181904
0.00344330774173
0.00350119893124
0.00342172980558
0.00348045606519
0.00345678323164
0.0034330894936
0.00349039605887
0.00341006016848
0.00346828723326
0.00344474849327
0.00350263397754
0.00347847331027
0.00347978314302
0.00345502663404
0.00343113147513
0.00348903428008
0.00346502506944
0.0035218895336
0.00344087384356
0.00341638281171
0.00347396413239
0.00344993360991
0.00350697439968
0.00348215992798
0.00348276281675
0.00345754563988
0.00343305814197
0.0034903012498
0.0034653959767
0.00352161074005
0.00349633194331
0.0034717701931
0.00347226029416
0.00344722012581
0.00350370255351
0.00347780672574
0.00345225492529
0.00350849992421
0.00348370773926
0.00354002708242
0.00351468042045
0.00343208632345
0.00348794357697
0.00346221432582
0.00343698368778
0.00349302684546
0.00346701161512
0.00352230495366
0.00349612028554
0.00347059341447
0.00352633607392
0.00350067368328
0.00347467844102
0.00347285805163
0.00344615344077
0.003501965458
0.00347578932378
0.00344944202235
0.00350444841959
0.00347729655459
0.00345058813389
0.00350580270779
0.00347965364302
0.00345313095177
0.00350735112626
0.00348006559762
0.00353457651542
0.0035080572017
0.00348155934042
0.00353594940202
0.00350840620922
0.00348102680453
0.0035351194726
0.00350824016018
0.00348155551957
0.00353545580234
0.00350757469977
0.00347976806952
0.00353368820134
0.0035064982749
0.00347928675179
0.00353295087903
0.0035046753755
0.0034765188714
0.00353013842139
0.0035027062637
0.00347503978215
0.00352834876136
0.00349977342477
0.00347123306322
0.00352483139538
0.00349698543975
0.00346882589123
0.00344018160449
0.00349305191656
0.00346411403115
0.00349281035483
0.00354555615363
0.00351716165058
0.00348839358809
0.00354026789898
0.00351117346697
0.00348267901663
0.00353567706873
0.00350686123805
0.0034774049558
0.00344775166855
0.00350027057935
0.00352772018473
0.00349908805771
0.00355088659776
0.00352108350772
0.00349126656701
0.00346164319676
0.00351397628324
0.003484691791
0.00345511309137
0.0035628434937
0.00353269922132
0.00350278206095
0.00347325365886
0.00352513264621
0.00349501116749
0.00346455808401
0.00357186320603
0.00354176967664
0.00351189546999
0.00348205222469
0.00353303766394
0.00350220603579
0.00352803469479
0.00349766715531
0.00354846490063
0.00351820822945
0.00348729075026
0.00345611581304
0.00356285560353
0.00353217186378
0.00350161741816
0.00347096791696
0.0035212107029
0.00354616689572
0.00351474000901
0.00348361416674
0.00353417938352
0.00350301674021
0.00352814171706
0.00349605522161
0.00354549919751
0.00351426227479
0.00353989104872
0.00350835597287
0.00355725687208
0.00352503385237
0.00349295224038
0.00351816120223
0.00356773658463
0.00353575373471
0.00350339712202
0.00352750126127
0.00349498418864
0.0035443994981
0.0035690902444
0.00353669114572
0.00350380310834
0.00355225440704
0.00357608533688
0.00354380859222
0.00351139411576
0.00347867521257
0.00358336962743
0.00354995946793
0.00351710963187
0.00354153045396
0.0035085919663
0.00355662985371
0.00357972401553
0.00354587193954
0.00351261620002
0.00347973463238
0.00358445429751
0.00355087564801
0.00351696363445
0.00353983448238
0.00350605690991
0.00355433987746
0.00357722515749
0.00354317652299
0.00350871959822
0.00353139339155
0.00349740719437
0.00354526752266
0.00356762422838
0.00353315530294
0.003555577909
0.00352075770936
0.00356771327263
0.00359030547537
0.00355591503265
0.00352109965454
0.00354275558784
0.00350769966909
0.00361118455673
0.00357675188504
0.00354206816574
0.00356349838936
0.00352785392309
0.00349266376725
0.00359579014746
0.00356118069577
0.00358266584492
0.00354673472423
0.00356809423461
0.00353228424304
0.0034970468479
0.0035998035228
0.00356424124157
0.00358481797409
0.00354848934908
0.00351274785521
0.00353411632167
0.00349842613832
0.0036002570335
0.00356383522114
0.0035840546289
0.00354784365895
0.00356897038639
0.0035327255064
0.00355362756401
0.00359719485495
0.00356062665884
0.00358061320636
0.00354456505907
0.00356486422099
0.0035278845328
0.00354751659454
0.00351013853829
0.00361126404885
0.00357476757697
0.00359453055104
0.00355720231112
0.00357628217041
0.00353870092372
0.00355854844492
0.00352144633017
0.00354126601732
0.0035845397188
0.00360294194823
0.00356529680972
0.00358446127478
0.00354726578172
0.00356623547213
0.00358521116654
0.00354634250292
0.00356545412242
0.00352722776153
0.00362732397925
0.00358927549725
0.00360727508927
0.00356854955591
0.00358675394233
0.00354874284578
0.00356730660369
0.00358600383835
0.00354653003751
0.00356448399104
0.00352532688572
0.00354395563065
0.00358656966951
0.00360393989221
0.0036212603538
0.00358171191629
0.00359934337146
0.00356059901981
0.00357831333842
0.00359587793125
0.00355580561606
0.0035728946166
0.00353328242917
0.0035509415031
0.00356873392288
0.0035283206421
0.00354505607982
0.00364246835327
0.00360283453048
0.0036199707484
0.00358035388323
0.0035965139952
0.00361264582642
0.0035721131962
0.00358868113168
0.00360583661807
0.00356539242266
0.00358134511122
0.00359728574244
0.00355610007484
0.00357264395786
0.00358939710096
0.00354825948183
0.00356388597396
0.00357952535845
0.00353798451393
0.00355409806501
0.00357047423836
0.00352879673672
0.00354399767321
0.00363995302264
0.00365529358646
0.00361414016368
0.00362963233041
0.003644977922
0.00360291880262
0.003617313474
0.00363222913933
0.00364780222192
0.00360606098088
0.00362067783997
0.00363511587575
0.00359258324543
0.00360701271969
0.00362189930393
0.00363691670502
0.00359431573466
0.00360799354513
0.00362198203774
0.00363634576619
0.00359403470138
0.0036083777041
0.00362213902517
0.00363561552231
0.00364943423203
0.0036062539545
0.00362034564825
0.00363440367345
0.00364784572992
0.00360391282175
0.00361710136207
0.00363064536285
0.00364443735721
0.00365811768576
0.00361406717766
0.00362669107987
0.00363945265645
0.00365269394177
0.00366625153957
0.00362245514248
0.00363487492258
0.00356628404216
0.00357890448068
0.00359212246201
0.00360529038572
0.00356017204791
0.0035721763947
0.00358420275184
0.00359642215644
0.00360906051432
0.00362186694819
0.0035764220592
0.00358807120616
0.003599502202
0.00361145180031
0.00362363529223
0.00363591210865
0.00364755715622
0.00365887893603
0.0036126722133
0.0036242042905
0.00363592741082
0.00364767151051
0.00365875239823
0.00366954813882
0.00360006568092
0.00361138277688
0.00362284031652
0.00357627076296
0.00358688058001
0.00359724649283
0.00360755977159
0.00361844009755
0.00362940906597
0.00364026486404
0.00365041400051
0.00366036147388
0.00367046002168
0.00368083365486
0.003691533897
0.00356382084622
0.00357362848895
0.00358299277489
0.00359271542108
0.00360285779706
0.00361297390111
0.00362286570898
0.00363205390789
0.00364116013735
0.00365052770597
0.00366015846344
0.00367000014357
0.00359892306667
0.00360760160911
0.00361625700942
0.00362506752671
0.00363442284643
0.00364378215736
0.0036525328403
0.00366091940573
0.00366920696141
0.00367769947355
0.00360633080348
0.00361518267915
0.00362339385967
0.00363127634185
0.00363912809693
0.00364737006953
0.00365581010003
0.00366428731743
0.00367225680329
0.00359905499123
0.00360648948825
0.00361434746841
0.00362252182851
0.00363037996414
0.00363787224062
0.00364499482469
0.00365209240482
0.00363689220734
0.00364440665732
0.0036517052315
0.00365833019599
0.00366478771732
0.00367143437378
0.00367855322498
0.00368591200312
0.00361232312842
0.00361868361767
0.0036248005391
0.00363118209748
0.00363805210217
0.00370211669915
0.00370853072612
0.00363437548811
0.00363985797324
0.00364566907195
0.00365182387184
0.00365828624166
0.00366441878595
0.003589263529
0.00365253503452
0.00365779758592
0.003663405164
0.00366927659439
0.00367479363109
0.00367989930882
0.00360415930809
0.00366729199045
0.00367253724133
0.00367785141534
0.00368264416139
0.00368722719617
0.00361116015603
0.00361598072718
0.00367877091379
0.00368357971237
0.00368801260956
0.00361173483992
0.00361564893374
0.0036779874932
0.0036823729758
0.00368674631554
0.00369059688162
0.00361373539023
0.00361735494622
0.00367903832965
0.00368311185326
0.00368713819678
0.00361022132134
0.00367137731527
0.0036741707059
0.00367760954446
0.00368147275981
0.00360458575117
0.00366549637947
0.00366775162447
0.00367044720822
0.00367382181642
0.00365497528089
0.00365746185745
0.00365965113482
0.00366186344577
0.00372185341241
0.0036446135989
0.00364717835642
0.00364962904758
0.00370921917189
0.00371079566393
0.00363256239174
0.00363507309595
0.0036951613378
0.0036969627973
0.00369857219117
0.00367751176694
0.0036786538437
0.00368052943477
0.00368272025184
0.00396100545429
