metodo_3_dt_1:12
3.46023857368e-07
0.0305032061793
0.0613960724272
0.0926169839639
0.124094725069
0.155748067807
0.187485765818
0.219206967
0.250802124664
0.282154459464
0.313141980578
0.343640016957
0.373524144656
0.402673335296
0.430973106017
0.458318434291
0.484616217452
0.509787105482
0.533766607279
0.556505451362
0.577969256817
0.598137627468
0.61700281563
0.634568111135
0.650846100939
0.665856921205
0.679626594161
0.692185511895
0.703567102421
0.71380669172
0.722940559624
0.731005176899
0.738036604782
0.744070035497
0.749139451881
0.753277385391
0.756514753706
0.758880761525
0.760402850608
0.761106687417
0.761016178854
0.760153508427
0.758539186761
0.756192111672
0.753129634148
0.749367627396
0.74492055689
0.739801549861
0.734022463136
0.727593948601
0.720525515774
0.712825591266
0.704501574984
0.695559893137
0.686006048144
0.67584466566
0.66507953899
0.653713671213
0.641749315396
0.629188013342
0.61603063334
0.602277407474
0.5879279691
0.572981391174
0.557436226233
0.541290548888
0.524542001888
0.507187846894
0.489225021337
0.470650202925
0.451459883606
0.4316504551
0.411218308425
0.390159950231
0.36847213917
0.346152045982
0.323197441491
0.299606917183
0.275380143538
0.250518171736
0.225023784605
0.198901902831
0.172160052106
0.144808896198
0.116862839631
0.088340702458
0.0592664739099
0.029670231686
0.000464178663756
0.0309371009097
0.061849045168
0.0930881428671
0.124582725655
0.156251247576
0.188002168843
0.219734363617
0.251338041301
0.282696222558
0.313686775115
0.344184957835
0.374066357107
0.403210038932
0.431501696169
0.458836554227
0.485121815999
0.510278476283
0.534242408083
0.556964703966
0.578411330097
0.59856220718
0.617409865197
0.634957827557
0.651218869436
0.666213271427
0.679967159944
0.692510995761
0.703878245343
0.714104248205
0.723225277809
0.731277783149
0.738297792203
0.744320455732
0.749379709605
0.753508034945
0.756736297416
0.759093649299
0.760607480471
0.761303406731
0.761205285993
0.760335254752
0.758713778754
0.756359713143
0.753290368431
0.749521579493
0.745067775518
0.739942049376
0.734156225332
0.727720924358
0.720645626569
0.712938730534
0.704607609348
0.6956586635
0.686097370669
0.67592833263
0.665155319573
0.65378131214
0.641808541569
0.629238528381
0.616072120092
0.602309528492
0.587950367119
0.5729936896
0.557438029659
0.541281443675
0.524521556826
0.507155613975
0.489180536691
0.470592987946
0.451389446333
0.43156629191
0.411119906117
0.390046788587
0.368343694102
0.346007793383
0.323036861931
0.299429501617
0.275185400214
0.250305634513
0.224793022943
0.198652533756
0.171891754581
0.144521428642
0.116556062259
0.0880146097147
0.058921260844
0.0293065912015
0.000869514923797
0.031339967211
0.0622684665727
0.0935233885592
0.125032496456
0.156713900325
0.188475756669
0.220216660378
0.251826573607
0.283188315333
0.314179611798
0.344675653644
0.37455204156
0.403687942136
0.431969232363
0.459291395991
0.485561953466
0.510702257456
0.534648558576
0.55735232676
0.578779887811
0.59891149062
0.617739952534
0.635269038404
0.651511717567
0.66648841908
0.680225375787
0.692753117765
0.704105149143
0.714316820989
0.723424397436
0.731464301992
0.738472525082
0.744484171302
0.749533124574
0.753651810568
0.756871037755
0.759219900848
0.760725732784
0.761414093779
0.761308788018
0.760431900444
0.75880384761
0.756443437912
0.75336793756
0.749593139516
0.745133433359
0.740001874527
0.734210251897
0.727769152951
0.720688026062
0.712975239654
0.704638138135
0.695683094623
0.686115560607
0.675940112741
0.665160497046
0.65377967085
0.641799842846
0.629222511707
0.61604850374
0.602278010124
0.587910624361
0.572945380613
0.557380793734
0.541214901872
0.524445312688
0.507069254365
0.489083632769
0.470485096357
0.451270110652
0.43143504441
0.410976269937
0.3898902804
0.368173827368
0.34582408233
0.322838826393
0.299216672886
0.274957328095
0.250061895776
0.224533231413
0.198376352295
0.171598909305
0.144211725875
0.116229409304
0.0876710427419
0.0585609949593
0.0289302219515
0.00125799964698
0.0317491902048
0.0626917275793
0.0939597033343
0.125480445655
0.157171747566
0.188941472908
0.220687945525
0.252300889261
0.283662932361
0.31465167311
0.345142250113
0.375010296987
0.404135101452
0.432402746344
0.45970899575
0.485961709021
0.511082616534
0.535008364127
0.557690813986
0.579096663435
0.599206498399
0.618013429533
0.635521466445
0.651743773661
0.666700927837
0.680419265848
0.692929383499
0.704264818136
0.714460927328
0.72355396045
0.73158030989
0.738575922832
0.744575852073
0.74961392409
0.753722503797
0.75693233741
0.759272457264
0.760770134826
0.761450870469
0.761338410671
0.760454785107
0.758820357687
0.756453886854
0.753372591548
0.749592220084
0.745127119904
0.739990306699
0.734193531835
0.727747347365
0.720661168157
0.712943330898
0.704601149871
0.695640969535
0.686068214052
0.675887433947
0.665102350198
0.653715896069
0.641730257078
0.629146909531
0.615966658114
0.60218967309
0.587815527713
0.572843236569
0.557271295612
0.541097724817
0.524320114467
0.50693567627
0.48894130067
0.470333621948
0.451109092947
0.431264071557
0.410794921426
0.38969812974
0.367970445356
0.345609041015
0.32261170387
0.298977059076
0.274704831677
0.249796152452
0.224253913695
0.198083181015
0.171291667031
0.143890272385
0.115893699242
0.0873211455511
0.0581971176856
0.028552745883
0.00163183821674
0.0321519966004
0.0631058836619
0.0943839380281
0.125913241647
0.157611315625
0.189385752935
0.221134622516
0.252747424802
0.284106612312
0.315089670802
0.345571702587
0.375428389916
0.404539156855
0.432790306303
0.460077895448
0.486310133502
0.511409137449
0.535311955108
0.557970845567
0.579352880363
0.599438983402
0.618222558108
0.635707857082
0.651908237318
0.666844419611
0.680542840891
0.693034158361
0.704351938043
0.714531539369
0.723609192307
0.73162125353
0.738603622493
0.744591295846
0.749618038454
0.75371615049
0.756916312143
0.759247489823
0.760736890203
0.76140995073
0.761290357319
0.760400081763
0.758759432946
0.756387117203
0.753300304272
0.749514696097
0.745044596473
0.739902980023
0.734101559472
0.727650850496
0.72056023368
0.712838013361
0.70449147324
0.695526928821
0.685949776782
0.675764541517
0.664974919096
0.653583819
0.64159340399
0.629005128565
0.615819776494
0.602037497965
0.587657846975
0.572679819662
0.557101894365
0.540922074315
0.524137934002
0.506746670393
0.488745160402
0.470130026175
0.450897710072
0.431044561459
0.4105669378
0.389461322909
0.367724465642
0.345353542781
0.322346350365
0.298701528208
0.274418822868
0.249499394728
0.223946175162
0.19776427983
0.170961483902
0.143548764423
0.11554091436
0.0869572345032
0.0578223304886
0.0281673067258
0.0020053023764
0.0325544279369
0.0635163696669
0.0948009258908
0.126335095077
0.158036172602
0.189811508193
0.221558939591
0.253167767061
0.284520290935
0.315493908117
0.345963707878
0.375805443151
0.404898694406
0.433130001948
0.460395730149
0.486604448576
0.511678667696
0.53555584075
0.558188624138
0.579544461511
0.599604610727
0.618362762592
0.635823406469
0.652000085174
0.666913656923
0.680590652144
0.693061783222
0.70436063907
0.714522575684
0.72358379883
0.731580625162
0.738548902573
0.744523568177
0.749538322235
0.75362539757
0.756815406067
0.759137246243
0.760618058292
0.761283215303
0.761156341435
0.760259349622
0.75861249294
0.75623442502
0.753142265962
0.749351671062
0.744876900317
0.739730887251
0.733925306016
0.727470636054
0.720376223878
0.712650341723
0.704300242991
0.69533221452
0.685751625805
0.675562975394
0.664769934736
0.653375389792
0.641381480824
0.628789640775
0.615600632734
0.601814587048
0.587431038691
0.572448965585
0.556866828679
0.540682614682
0.523893882496
0.506497814539
0.48849127434
0.469870872023
0.450633039499
0.430774117562
0.410290457331
0.389178538946
0.367435110781
0.345057352974
0.322043069503
0.298390913597
0.274100651739
0.249173471929
0.223612342193
0.197422425347
0.170611555784
0.14319078334
0.115174988426
0.0865835733391
0.0574412511361
0.027779171536
0.00238895565203
0.0329532377843
0.0639196126488
0.0952071617939
0.126742739724
0.158443415133
0.190216303607
0.221959023259
0.253560685898
0.284903450376
0.315864633684
0.346319318677
0.37614333299
0.405216414795
0.433425340545
0.460666778339
0.486849652985
0.511896862282
0.535746258348
0.558350888521
0.579678562823
0.599710868251
0.618441779261
0.635876019352
0.652027315554
0.666916662758
0.680570684831
0.693020149755
0.704298670048
0.714441599125
0.723485119393
0.731465508238
0.73841856255
0.744379160233
0.749380937004
0.753456058106
0.756635066603
0.758946792316
0.760418307883
0.761074920697
0.760940191583
0.760035972824
0.7583824597
0.755998250982
0.752900414851
0.749104557559
0.744624892849
0.739474310662
0.733664444102
0.72720573396
0.720107490347
0.712377951207
0.704024337619
0.695052905927
0.685468996836
0.675277081685
0.664480806176
0.653083031885
0.64108587595
0.628490749371
0.615298394409
0.601508921642
0.587121847297
0.572136131567
0.556550218691
0.540362079732
0.523569259076
0.50616892586
0.488157931714
0.469532876434
0.450290183433
0.430426187133
0.409937234807
0.388819805739
0.367070651015
0.344686957731
0.321666541891
0.298008074789
0.273711348146
0.248777583714
0.223209793352
0.197013195653
0.170195695012
0.142768428549
0.114746386184
0.0861491131281
0.0570015392329
0.0273354061462
0.00284960537077
0.0334068266465
0.0643743918971
0.0956620161958
0.127196029594
0.158893187219
0.190660338313
0.222394867872
0.25398569576
0.285314843297
0.316259558081
0.346694933173
0.376496893073
0.405545360552
0.43372737872
0.46093995217
0.487092394509
0.512108023764
0.535925121876
0.558497155104
0.579792324145
0.599792565392
0.618492153077
0.635896056984
0.652018196848
0.666879709504
0.680507314767
0.692931836454
0.704186909108
0.714307880559
0.723330905821
0.731292218213
0.738227558344
0.74417173934
0.749158326686
0.753219412361
0.756385465031
0.758685240423
0.76014573845
0.76079219592
0.760648105727
0.759735255218
0.758073777912
0.755682214076
0.752577576631
0.748775419749
0.744289908164
0.73913388574
0.733318942279
0.726855477881
0.71975276441
0.712019003838
0.703661383385
0.694686127492
0.685098546779
0.674903084173
0.664103358523
0.652702205996
0.640701719678
0.628103287785
0.614907631004
0.601114839506
0.586724410251
0.571735285295
0.556145891905
0.539954185372
0.523157695598
0.505753578637
0.4877386746
0.469109573527
0.449862691107
0.429994356406
0.409500914108
0.388378844176
0.366624902255
0.34423628461
0.321210821909
0.29754720666
0.273245259634
0.248306241034
0.222733212521
0.196531456411
0.169708958442
0.142276960892
0.114250595594
0.0856496222627
0.0564994018934
0.0268334368998
0.003398495694
0.0339213808465
0.0648862188821
0.0961708250737
0.127700306433
0.159390949905
0.191149285063
0.222872442246
0.254449141724
0.285761267575
0.316686003869
0.347098464148
0.376874683675
0.40589478661
0.434046101627
0.461225990011
0.487344174803
0.512324414521
0.536105440124
0.558641154343
0.579900164063
0.599864768311
0.618529551985
0.635899739727
0.651989450398
0.666819967234
0.68041810875
0.692814755899
0.704043565353
0.714139878512
0.723139821391
0.731079581094
0.737994839392
0.743920341812
0.748889580622
0.752934571487
0.756085705615
0.758371661629
0.759819363792
0.760453975514
0.760298919083
0.759375914371
0.75770503076
0.755304747785
0.752192021041
0.748382350712
0.743889850769
0.738727317399
0.732906295657
0.726437143658
0.719329093872
0.711590311299
0.703227948448
0.694248197155
0.68465633739
0.674456783264
0.663653126507
0.652248177773
0.640244006136
0.627641977234
0.614442790549
0.600646516378
0.586252633122
0.571260065597
0.55566722517
0.539472052643
0.522672064917
0.505264406667
0.487245908419
0.468613152642
0.44936254975
0.429490426178
0.408993127062
0.387867136432
0.366109218259
0.343716582187
0.320687078278
0.297019425633
0.272713480284
0.247770548233
0.222193749993
0.195988443388
0.169162712147
0.141727930034
0.113699419236
0.0850972634482
0.0559475915147
0.026287581089
0.00402414747588
0.0344857753079
0.0654430014285
0.0967209050067
0.128242405614
0.159923110522
0.19166916319
0.223377418923
0.254936397718
0.286227856084
0.317128930343
0.347514773952
0.377261554217
0.406249618341
0.434366601303
0.461510239866
0.487590682564
0.512532141289
0.536273805565
0.558770020942
0.579989803981
0.599915817434
0.618542956077
0.635876697273
0.651931355963
0.666728358224
0.680294617487
0.692661068053
0.703861385068
0.713930900075
0.722905706939
0.730821943682
0.737715230665
0.743620243509
0.748570399215
0.752597635306
0.755732263908
0.758002885096
0.759436346204
0.760057736105
0.759890405475
0.758956005829
0.757274541635
0.754864431027
0.751742571702
0.747924409378
0.743424006875
0.738254112403
0.732426226053
0.725950663824
0.718836618738
0.711092218857
0.702724582086
0.693739867845
0.684143325725
0.673939341361
0.663131479793
0.651722526662
0.639714527613
0.62710882637
0.613906101951
0.600106405607
0.585709198087
0.570713387963
0.555117371794
0.538919077069
0.522116008969
0.504705302176
0.486683779124
0.468048016327
0.448794420669
0.428919317847
0.408419055501
0.387290123966
0.365529298001
0.343133803369
0.320101512631
0.296431175093
0.272122686409
0.247177403936
0.221598514563
0.195391462662
0.168564447693
0.141129006583
0.113100716255
0.08450014052
0.0553546793799
0.0257081835294
0.00472166522531
0.035095107606
0.066039342621
0.0973069032117
0.128817234015
0.160484967488
0.192215760073
0.223906150888
0.255444441988
0.286712255354
0.317586677988
0.347942904499
0.377657236961
0.406610249063
0.434689885857
0.461794263461
0.487833959816
0.51273364415
0.536432968597
0.558886725708
0.580064346051
0.599948860595
0.618535478603
0.635829934817
0.651846744881
0.666607482222
0.680139159496
0.692472768388
0.703642006236
0.713682198094
0.722629408674
0.730519729546
0.737388721931
0.743270993482
0.748199887556
0.752207264867
0.755323359533
0.757576693914
0.758994039027
0.759600409622
0.75941908498
0.758471648306
0.756778039029
0.754356613611
0.751224211438
0.747396223225
0.742886660003
0.737708221279
0.731872361395
0.725389353393
0.718268349999
0.710517441469
0.702143710261
0.693153282557
0.683551376794
0.673342349412
0.662529738105
0.651116302919
0.639104065577
0.626494347475
0.613287806854
0.599484475703
0.585083797014
0.570084663112
0.554485455863
0.538284089674
0.521478058366
0.504064487113
0.486040190887
0.467401741021
0.448145541807
0.428267919326
0.407765225054
0.386633957209
0.364870903231
0.342473307285
0.319439067247
0.295766966185
0.271456944026
0.246510415791
0.220930643774
0.194723172599
0.167896339867
0.140461885921
0.112435724273
0.0838390978662
0.0547013274098
0.0250769763507
0.00550542458284
0.0357723391444
0.0666984858742
0.0979524798769
0.129448920942
0.16110113411
0.192814169332
0.224484197052
0.255999275596
0.287240879108
0.318086038472
0.348409986396
0.378089158978
0.407004357236
0.435043838307
0.462106100664
0.488102155546
0.512957134248
0.536611157047
0.559019469757
0.580151923845
0.599991925856
0.618535007193
0.635787167716
0.651763131403
0.666484626354
0.679978771301
0.692276621561
0.70341190221
0.713419936588
0.722336764238
0.730198433466
0.737040448764
0.742897351498
0.74780241239
0.75178741575
0.754882517573
0.757116161946
0.758515042659
0.75910409916
0.758906537981
0.757943872547
0.756235975751
0.753801140899
0.75065614765
0.746816330398
0.742295647184
0.737106747742
0.731261039724
0.724768752415
0.717638997549
0.709879827011
0.701498287342
0.69250047112
0.68289156535
0.672675897087
0.661856976578
0.650437538259
0.63841958
0.625804401037
0.612592639104
0.598784307304
0.58437883137
0.569375088014
0.553771445188
0.537565805174
0.520755651572
0.50333810141
0.485309963804
0.466667806798
0.44740803432
0.427526975437
0.407020988522
0.385886583279
0.364120564077
0.341720198542
0.318683415933
0.295009040469
0.270697065513
0.245748975448
0.220168123472
0.193960176142
0.167133641872
0.139700518953
0.11167716237
0.083085741268
0.0539583022731
0.0243653841648
0.00639745121912
0.0365508719888
0.0674546990484
0.098692550885
0.130172897038
0.16180741121
0.19350040349
0.225147612716
0.256636821599
0.287849341822
0.318662145201
0.348950508584
0.378591015512
0.407464713761
0.435460196649
0.462476372325
0.488424714395
0.513230845617
0.536835382881
0.559194051764
0.580277148438
0.600068475678
0.618563904342
0.635769713426
0.65170084616
0.666379193447
0.679831985804
0.692090345864
0.703188028469
0.713160355973
0.722043342486
0.729872992055
0.736684750941
0.742513092389
0.747391212446
0.751350816894
0.754421981452
0.75663306981
0.758010696474
0.758579723605
0.758363283082
0.757382816735
0.755658129178
0.753207448895
0.750047494222
0.746193541708
0.741659494946
0.73645795252
0.730600274093
0.724096643981
0.716956131823
0.709186750128
0.700795508639
0.691788465574
0.682170775887
0.67194673677
0.661119830695
0.649692766316
0.637667517641
0.625045361909
0.611826916679
0.598012176692
0.583600551128
0.568590901999
0.552981584467
0.536770490032
0.519955093663
0.502532506087
0.484499532693
0.465852740681
0.446588536395
0.426703255077
0.406193265627
0.385055093393
0.363285564463
0.340881975479
0.317842293612
0.294165392036
0.269851327107
0.244901664679
0.219319864924
0.193111739041
0.166286001135
0.138854967238
0.110835552375
0.0822511405215
0.0531374809378
0.023587919377
0.0073812324337
0.0374188690973
0.0682958814025
0.0995146761913
0.130976432826
0.162590846716
0.194261364964
0.225883242027
0.257343963074
0.288524671614
0.319302284407
0.349552132743
0.379150961963
0.407980083338
0.435928444083
0.462895379532
0.488792842032
0.513546960366
0.537098860382
0.559404757435
0.580435400148
0.600174993255
0.618619751105
0.635776234527
0.651659607697
0.666291925304
0.67970053017
0.691916612456
0.702973956829
0.712907884622
0.721754384448
0.729549416021
0.736328367307
0.742125643365
0.746974365518
0.750906160962
0.753951025081
0.756137241102
0.75749134416
0.75803811903
0.757800622822
0.756800225634
0.75505666365
0.752588100361
0.749411192597
0.745541158863
0.740991848099
0.735775807524
0.729904348594
0.723387610438
0.716234620383
0.708453351354
0.7000507761
0.691032918295
0.681404900681
0.671170990454
0.660334642211
0.648898538763
0.636864630249
0.624234171962
0.61100776141
0.597185375176
0.5827664062
0.56774970222
0.55213360617
0.535915999491
0.519094349423
0.50166576151
0.483627038769
0.464974749185
0.445705303475
0.42581504537
0.405300357042
0.384157782731
0.362384174089
0.339976861361
0.316933855151
0.293254084335
0.268937676719
0.243986290585
0.218403507971
0.192195306305
0.165370639408
0.137942200946
0.109927587967
0.0813517048958
0.052255078615
0.0227620220274
0.00843391652341
0.0383605029191
0.0692073659354
0.10040492796
0.131846279557
0.163438875614
0.195085194866
0.226679959294
0.25811033398
0.289257285092
0.319997673072
0.350206887424
0.379761842335
0.408544121626
0.436443036502
0.463358359833
0.489202532728
0.513902199273
0.537399002576
0.559649654999
0.580625363792
0.600310740865
0.618702348447
0.635807032901
0.651640182501
0.666224018443
0.679585998223
0.691757381648
0.702771985096
0.712665130599
0.721472782835
0.729230858619
0.735974688937
0.74173861187
0.746555675128
0.750457428343
0.753473787504
0.755632956246
0.756961391136
0.757483800315
0.757223166823
0.756200789692
0.754436337307
0.751947908779
0.748752100026
0.744864072099
0.740297619875
0.735065239803
0.729178195743
0.722646582269
0.715479385054
0.707684538128
0.699268977973
0.690238694493
0.680598779035
0.670353469673
0.659506194055
0.648059610144
0.636015645259
0.623375533869
0.610139854624
0.596308567212
0.58188104967
0.56685613687
0.55123216101
0.53500699504
0.518178100119
0.500742578339
0.48269723217
0.464038632304
0.444763195862
0.424867277229
0.404347274188
0.38319975242
0.361421591998
0.339010160049
0.315963514515
0.292280644829
0.267961756579
0.243008609198
0.217424919356
0.191216850686
0.164393630597
0.136968393748
0.108959554662
0.0803938909044
0.0513179961327
0.0218976497999
0.00954950318306
0.0393701939319
0.0701839510686
0.101358376553
0.132777817141
0.164347243358
0.195968062399
0.227534413503
0.258933114471
0.290044938136
0.320746678492
0.350913776357
0.380423309734
0.409157131144
0.437004912799
0.463866862931
0.489655910106
0.514299213405
0.537738934022
0.559932283365
0.58085093059
0.600479899241
0.61881610493
0.63586668592
0.651647261589
0.666180227056
0.679493162098
0.69161740375
0.702586807501
0.712436703148
0.72120303806
0.728921692264
0.735627945301
0.741356073222
0.746139054457
0.750008364819
0.752993844075
0.755123618899
0.756424069435
0.756919828876
0.756633807489
0.755587234173
0.753799710147
0.751289270503
0.748072450389
0.744164353341
0.739578719952
0.734327995543
0.7284233959
0.721874970469
0.714691662614
0.706881366754
0.698450982329
0.68940646466
0.67975287285
0.66949441498
0.658634490861
0.647175732708
0.635120044128
0.622468637868
0.609222072837
0.59538029097
0.580942654563
0.565907984828
0.550274602473
0.534040371268
0.517202745675
0.499758823807
0.481705407173
0.463039068901
0.443756232416
0.423853262876
0.403326574054
0.382172753802
0.360388711773
0.337971853708
0.314920287378
0.29123306631
0.266910478914
0.241954393078
0.216368671034
0.19015967981
0.163336949432
0.135914109792
0.107910509872
0.0793551139879
0.0503018041045
0.0209693840335
0.0107367054289
0.0404710018327
0.0712520410408
0.102403530309
0.133801288462
0.165347742433
0.196943177613
0.228481114043
0.259847994559
0.290924376904
0.3215869716
0.351711258141
0.381174470083
0.409858724839
0.437654056245
0.464461112727
0.49019331895
0.514778360867
0.538158932141
0.560292759347
0.581151990645
0.600722078572
0.619000309146
0.635994128741
0.651719402885
0.666198714283
0.679459777151
0.691534016385
0.702455335733
0.712259080514
0.720981187292
0.728657504697
0.735323265269
0.741012686676
0.745758681067
0.74959265291
0.752544367803
0.754641877192
0.755911486262
0.756377754522
0.756063520548
0.754989944059
0.753176559933
0.750641339973
0.747400759194
0.743469864192
0.738862341788
0.73359058664
0.727665766895
0.721097887279
0.713895849245
0.706067507998
0.697619726338
0.688558425417
0.678888632541
0.668614526268
0.657739479087
0.646266098023
0.634196263581
0.621531167465
0.608271349589
0.594416734958
0.579966671049
0.564919966435
0.549274931477
0.533029422039
0.51618088732
0.498726423067
0.480662831646
0.461986690673
0.442694432205
0.422782434821
0.402247131306
0.381085135149
0.359293389583
0.336869343622
0.313811160353
0.290117963979
0.265790133814
0.240829656477
0.215240553494
0.189029414952
0.162206104459
0.134784802579
0.106785910839
0.0782409022688
0.0492122653651
0.0199858806836
0.0119872871333
0.0416541198203
0.0724031302941
0.103531625249
0.134907466567
0.166430574834
0.198000106369
0.229508953841
0.260843181217
0.291883131697
0.322505436801
0.352585622433
0.382001088003
0.410634227893
0.438375450641
0.465125858197
0.490799384235
0.515324253563
0.53864370304
0.560715983724
0.58151373067
0.601022832
0.61924094961
0.636175842545
0.651843626346
0.666267074646
0.679474039087
0.691496035152
0.702367017399
0.712122349095
0.720797958305
0.728429664468
0.73505265521
0.740701091769
0.745407821823
0.749204180141
0.752119859641
0.754182837847
0.755419346131
0.755853871301
0.755509181077
0.754406366691
0.752564897252
0.750002681734
0.746736135379
0.742780248109
0.738148653167
0.732853694669
0.726906493184
0.72031700873
0.713094100814
0.705245585354
0.696778288417
0.687698096874
0.678010006109
0.667718165042
0.656825918732
0.645335848939
0.633249813024
0.620568981656
0.60729387583
0.593424403772
0.578959898384
0.563899155951
0.548240476959
0.531981709979
0.515120299714
0.497653340488
0.479577636667
0.460889771724
0.441586187977
0.421663279348
0.401117499912
0.37994549148
0.358144234061
0.335711223748
0.312644683554
0.288943814011
0.264609092455
0.239642633516
0.214048630707
0.187833915788
0.161008715978
0.13358781763
0.105592795529
0.077057972493
0.0480559172022
0.0189572215759
0.0132964311082
0.0429131193651
0.0736317621951
0.104737902286
0.136092209947
0.167592189918
0.19913587877
0.230615538243
0.261916849411
0.29291993932
0.323501361978
0.353536694275
0.382903508794
0.411484486422
0.439170421477
0.465862881349
0.491476320846
0.515939515404
0.539196256114
0.561205328574
0.581939863712
0.601386193133
0.619542361511
0.636416446575
0.65202481914
0.666390448394
0.679541327506
0.691509066222
0.702327673229
0.712032532751
0.720659567116
0.728244569098
0.734822683738
0.740428017992
0.745093357049
0.748849967813
0.751727472212
0.753753775417
0.75495503644
0.755355670733
0.754978376418
0.753844177412
0.751972478155
0.749381125827
0.746086476882
0.742103465516
0.737445672296
0.732125391682
0.726153697535
0.719540506022
0.712294635569
0.704423863677
0.695934980566
0.686833839738
0.677125405601
0.666813798416
0.655902336847
0.644393578472
0.632289358659
0.619590828266
0.60629849067
0.592412238718
0.577931392232
0.56285473682
0.547180564831
0.530906719412
0.514030642787
0.496549430035
0.478459889864
0.459758614125
0.440442058106
0.420506633977
0.399948820213
0.378765290288
0.35695306457
0.334509690118
0.31143345412
0.287723638196
0.263380823198
0.238407258441
0.212807318176
0.186588088525
0.159760181298
0.132339029355
0.104347476996
0.075822994173
0.0468496602648
0.0179032463178
0.0146430849603
0.0442258675173
0.0749161959252
0.106000600922
0.137333637837
0.168810596199
0.200328454268
0.231778870273
0.263047159097
0.294013244032
0.324553611471
0.35454389701
0.383861851784
0.412390445976
0.44002085976
0.46665512341
0.492208207969
0.516609432779
0.539803135241
0.561748627061
0.582419526748
0.601802601798
0.619896273179
0.636708932198
0.652257201337
0.66656424323
0.679658191866
0.691570751803
0.702335987463
0.711989306501
0.720566628647
0.728103723642
0.734635697906
0.740196608265
0.744819181662
0.748534621369
0.751372482484
0.75336060186
0.754525070015
0.754890234728
0.754478727991
0.753311509664
0.751407922555
0.748785754872
0.745461306884
0.741449459454
0.736763742672
0.731416403343
0.72541847043
0.718779817889
0.711509224527
0.703614430728
0.695102192009
0.685978329486
0.676247777428
0.66591462813
0.6549821744
0.643452950034
0.631328768659
0.618610761426
0.605299414054
0.591394603814
0.576895637104
0.561801288357
0.546109841128
0.52981913234
0.512926600783
0.495429341201
0.477324165429
0.458607672377
0.439276328898
0.419326563962
0.398754878988
0.377557977691
0.355732919473
0.333277301187
0.310189473257
0.286468797789
0.26211595904
0.237133341649
0.211525502486
0.185299786257
0.158467198613
0.131043840911
0.103053888382
0.0745381805577
0.0455935843401
0.0168246096168
0.0160231802465
0.0455916465227
0.0762585389413
0.107324078226
0.13863814499
0.170094116041
0.201587998387
0.233010871966
0.264247688148
0.295178159888
0.325678695721
0.355624978924
0.384894929086
0.413371797632
0.440947145299
0.467523463093
0.493016239393
0.517355341665
0.540485660637
0.562367043486
0.582973607488
0.602292568482
0.62032273694
0.637072831232
0.652559738861
0.66680682882
0.679842388141
0.69169822755
0.702408477611
0.712008578808
0.720534456666
0.728021865319
0.734505879072
0.7400205103
0.744598432605
0.748270789858
0.75106707395
0.753015056509
0.754140762186
0.7544684733
0.754020757582
0.752818512384
0.750881020171
0.748226011226
0.744869730486
0.740827006148
0.736111318343
0.730734866596
0.724708635235
0.718042456153
0.7107450686
0.702824175813
0.694286498502
0.685137825229
0.675383059891
0.665026266529
0.654070711768
0.642518905244
0.630372638443
0.617633022378
0.604300524662
0.590375006537
0.575855760516
0.560741549402
0.54503064752
0.528720885138
0.51180969722
