metodo_2_dt_1:1
1.40069205966e-06
4.73404004959e-05
3.30305355267e-06
4.68459100708e-05
2.38625734435e-06
5.08214783374e-05
1.47960260016e-06
4.56217660301e-05
8.06710048026e-06
3.75426144056e-05
1.76000499237e-05
2.65564257344e-05
3.00549355682e-05
1.26424380987e-05
5.45532410398e-05
4.32755039033e-06
3.61822252285e-05
2.41608816329e-05
1.48020587853e-05
5.29785210402e-05
9.67738684104e-06
2.70480625253e-05
3.70286288479e-05
2.27617615684e-06
3.27199103165e-05
3.35140914428e-05
1.22955535342e-06
3.19282951425e-05
3.6505820184e-05
5.67168442772e-06
2.46283198332e-05
5.40453786277e-05
1.73381608821e-05
1.08608829063e-05
3.79622740154e-05
6.44715750572e-05
9.98739826605e-06
1.52756268227e-05
3.95479467645e-05
6.30669842701e-05
1.42885136708e-05
8.17561987766e-06
2.92639055663e-05
4.97935882376e-05
3.0417771003e-05
1.13403627851e-05
7.32433010961e-06
2.48534859656e-05
4.1785094554e-05
5.79821928315e-05
2.65986377362e-05
1.20042965579e-05
3.2122642343e-06
1.56633808236e-05
2.81829026377e-05
3.99863812499e-05
5.10979390323e-05
6.14952894396e-05
2.89773910533e-05
2.00391846938e-05
1.20659755506e-05
5.14553551659e-06
3.37714950267e-06
9.02436275056e-06
1.41039499238e-05
1.85317358966e-05
2.22665172837e-05
2.52702740339e-05
2.75424099726e-05
2.91588454469e-05
2.99614262149e-05
2.99941901999e-05
2.93867808825e-05
2.79616757851e-05
2.57653325754e-05
2.29512825647e-05
1.93170883196e-05
1.51151011191e-05
1.00763543035e-05
4.91352267413e-06
4.96050774974e-06
1.13610391735e-05
1.92248540504e-05
2.78117603452e-05
3.73224105028e-05
4.75624822965e-05
5.84966599104e-05
3.02548175217e-05
1.80940602656e-05
6.4210158663e-06
1.06662881829e-05
2.46009356947e-05
3.96233589829e-05
5.56408998243e-05
7.23724554987e-05
1.13275289182e-05
9.28612833379e-06
2.73440845621e-05
4.68627941233e-05
6.72185880232e-05
1.28406780162e-05
1.12976266401e-05
3.31347113514e-05
5.63569929222e-05
8.04924933842e-05
7.89148295878e-06
3.12891924372e-05
5.73803686293e-05
8.43433370273e-05
1.3339556721e-05
4.09416185942e-05
7.00321645015e-05
9.99764980435e-05
3.13461719865e-05
6.244470958e-05
9.45551399365e-05
2.81196981873e-05
6.13713819972e-05
9.5750398457e-05
3.15869795486e-05
6.69927280995e-05
0.00010348054291
4.12845815071e-05
7.91417227866e-05
0.000117823420468
5.76751370717e-05
9.77993005625e-05
0.000138692134191
8.06230277653e-05
0.000123008809968
6.64904786002e-05
0.000110182315558
0.000154814559185
0.000100369235574
0.000146379339768
9.35035736771e-05
0.000140951578724
8.95887377896e-05
0.00013847969161
8.86265240267e-05
0.000138967279075
0.000190182987842
0.000142401219351
0.00019505974774
0.0001487308217
0.00020284047227
0.000157962209388
0.000213534153046
0.000170106574334
0.000127498380554
0.000185176125618
0.000144001443733
0.000203183181138
0.000163450373109
0.000224139573871
0.000185858245777
0.000148376045621
0.000211236203528
0.000175197569495
0.000239652292741
0.000205015252365
0.000171213185369
0.000237878914756
0.000205463911585
0.000273643617372
0.000242742230678
0.000212595262436
0.000282886487563
0.000254165679894
0.000226187867482
0.000298724946166
0.000272103447905
0.000246274014701
0.000221177973817
0.000296567145196
0.0002728655435
0.000249894478221
0.000327372382592
0.000305782973741
0.000284912902464
0.000264753670563
0.000345101323594
0.000326394651406
0.000308464527298
0.000291297420454
0.000374723059231
0.00035906851936
0.000344126227862
0.000329995831516
0.000316610030439
0.000303985459565
0.0003919217842
0.000380771924518
0.000370353867615
0.000360739771481
0.000351794029797
0.000343587905643
0.000435936465245
0.000429162022012
0.000423117005802
0.0004177795812
0.000413168542116
0.000409283589972
0.000406147900356
0.000403740045377
0.000402129673106
0.000401205884161
0.000401007556866
0.000401553848024
0.000502665970187
0.000504729018329
0.000507465467403
0.000510942758904
0.000515142098163
0.000520123047989
0.000525790735773
0.000532178618411
0.000539303634158
0.000547196781872
0.00055576644592
0.000565069838476
0.000575144085215
0.000486048643642
0.000497538984083
0.00050982367907
0.000522788483934
0.000536490437447
0.000550981115548
0.000566155103118
0.000582116929486
0.00059876115161
0.000616192186265
0.000634306813312
0.000653158040046
0.00057292566447
0.000593236527569
0.000614334109585
0.000636114064773
0.000658677793086
0.000681926234725
0.000606090147924
0.000630794530662
0.000656293020371
0.000682529618421
0.000709455872447
0.000637300951413
0.000665690995509
0.000694869501756
0.000724781603867
0.000755378647925
0.000686879234025
0.00071898090547
0.000751762145284
0.00078532187291
0.000719732840731
0.000754688642591
0.000790421087004
0.000727004902853
0.000764125780569
0.000802020937229
0.000840637759757
0.000780094485372
0.000820114229961
0.000860927428594
0.000802598710131
0.000844889426241
0.000887923415612
0.000831768863455
0.000876286103012
0.000821667977474
0.000867667525998
0.00091441349261
0.000862024236524
0.000910254300846
0.000859362362244
0.000909030107606
0.000959499356311
0.000910836892486
0.000962796923298
0.00091562237498
0.000969082923214
0.000923402146175
0.000978332505382
0.000934100214131
0.000990466871097
0.000947686688693
0.00100549796339
0.000964162895356
0.00102342003034
0.00098352291426
0.001044234583
0.00100583306273
0.00106799055307
0.00103098706561
0.00109459437218
0.00105903731462
0.00112409579835
0.00108998581893
0.00115649057799
0.0011238815321
0.00109194817601
0.0011606338581
0.00113016901238
0.00120034813825
0.00117141686684
0.00114319167326
0.00121559270217
0.00118884815821
0.00116288669349
0.00123751212581
0.00121298432649
0.00118923604691
0.0012660707801
0.00124374360927
0.00122215631753
0.00130123351539
0.00128110796292
0.0012617603027
0.00134298174267
0.00132504229666
0.00130787119629
0.00129138642338
0.00137557243586
0.00136054851844
0.00134626429833
0.00133276215468
0.00141983863809
0.00140780476352
0.00139646283051
0.00138589928713
0.00137603132549
0.00146684092878
0.00145844744295
0.00145083314477
0.00144391650632
0.00143778491376
0.00143239347656
0.00152758584778
0.00152367159918
0.00152045340298
0.00151802113553
0.00151632673093
0.00151529768212
0.00151501989956
0.00151541205553
0.00151656646774
0.0016183361585
0.00162088740029
0.00162420925466
0.00162826134833
0.00163304714804
0.00163852517922
0.00164478853621
0.00165179604176
0.0016595511733
0.0016680121847
0.00167727286322
0.00168729164971
0.00169807203573
0.00170961751675
0.00172188649414
0.00173496546534
0.00174876094263
0.00176326463299
0.00177847821031
0.00179440535903
0.00181104358597
0.00182839673061
0.00184642252789
0.00186521073337
0.00188471893933
0.00180504868646
0.00182600067842
0.00184767767893
0.00187008138938
0.00189321466424
0.00191707665513
0.00194167046148
0.00196699869706
0.00199306098525
0.00191995600104
0.00194749209272
0.00197576226995
0.00200476774762
0.00203450762416
0.00206502654444
0.00199633291254
0.0020282788208
0.00206096135129
0.00209438181062
0.00202863515699
0.00206357393889
0.00209920693728
0.00213557944919
0.00207278862669
0.00211068320913
0.00214927564805
0.00218861000058
0.00212882426512
0.00216963985402
0.00221119864461
0.0021536430363
0.00219667581896
0.00224047767588
0.00218506659932
0.00223033205194
0.00227628351221
0.00222310961656
0.0022705222105
0.0023187134765
0.00226775726294
0.00231736853619
0.00236776024557
0.0023189651975
0.00237082611681
0.00232355378797
0.0023769012389
0.00233106276485
0.00238588577991
0.00234157613642
0.00239787574811
0.00245491413524
0.0024127920291
0.00247128948677
0.00243068041833
0.00249066061585
0.00245152013566
0.00251295991017
0.00247528776952
0.00243835527244
0.0025020159998
0.00246655331708
0.00253167605394
0.00249768274846
0.00256426708854
0.00253178327776
0.00259987860078
0.00256886863739
0.00253864777472
0.00260888371533
0.00258013963631
0.00255214584703
0.00262463560869
0.00259814380916
0.00257246428944
0.00264718073061
0.00262294309073
0.00259957434597
0.00267649852901
0.00265456305815
0.00263336650007
0.00271254675905
0.00269289085524
0.00267392697699
0.0027553358092
0.00273790972804
0.00272120475978
0.00270526270903
0.00269003364055
0.00277509940671
0.00276134121752
0.00274837501542
0.00273615855303
0.0028240354081
0.00281338691806
0.00280339869135
0.00279426195987
0.00278582288409
0.00277809383066
0.00287047625822
0.00286432830196
0.00285904636857
0.00285441224469
0.00285053320498
0.00284752762617
0.0028452820124
0.00284360846432
0.00284287784908
0.00284290571476
0.00294282365305
0.00294433075401
0.00294659221421
0.00294972745247
0.002953461363
0.00295806910722
0.00296341285477
0.0029694914746
0.0029763699349
0.00298406805482
0.00299234729371
0.00300151488674
0.00301132348771
0.00302195585109
0.00303331993559
0.00304548287855
0.00305830680806
0.00297366377698
0.00298823653307
0.00300328385545
0.00301931205556
0.00303599524075
0.00305328742376
0.0030714355489
0.00309058983106
0.00311021449388
0.00313064328685
0.00305431478958
0.00307623712646
0.00309909008775
0.00312258743622
0.00314687553093
0.00317187576687
0.00310030058591
0.00312766096947
0.00315344437871
0.0031822070223
0.00311475203116
0.00314257452932
0.00317348150625
0.00320508261973
0.00314087605787
0.0031713690866
0.00320511895883
0.00323960991446
0.00317867069628
0.00321192989208
0.00324872193854
0.0031902576539
0.00322843638886
0.00326732532809
0.00321136638221
0.00324882598077
0.00328983296299
0.00323622185634
0.00327862257616
0.00332170636919
0.00327055616427
0.00331499593452
0.0032654038724
0.00331117322839
0.00335769353144
0.00331036403687
0.00335811941881
0.00331251079914
0.00336160489121
0.00331761412794
0.00336803419395
0.00341913742966
0.00337737633331
0.00342979383282
0.00338960075555
0.00344681824189
0.00340825221164
0.00346325034514
0.00342621124163
0.00339009101017
0.00344696185742
0.00341612652949
0.00347433871766
0.00344116626488
0.00350064113031
0.00347292840439
0.00344216558451
0.0035034254774
0.00347418856452
0.0035407035625
0.00351293969832
0.00348592654329
0.00355430169077
0.00352882529839
0.00350846364029
0.0035743803013
0.00355113619743
0.00353309174598
0.00360069110681
0.00358404047906
0.0035638285415
0.00363754119553
0.00361865075848
0.00360511938302
0.00367598396056
0.00366376222507
0.00364786678754
0.00363735408424
0.00371029464419
0.00370106019644
0.00369268875048
0.00368040593815
0.0036736687423
0.00375394574947
0.00374354496805
0.0037389583477
0.00373507245932
0.00372699546044
0.00372465056344
0.00380794422155
0.00380176390723
0.00380133801491
0.00380179406128
0.00380288976831
0.0038048514628
0.0038020280562
0.00380540225105
0.00389244802235
0.00389692284985
0.00390210478597
0.00390786676269
0.00391444161545
0.00391610790639
0.00392388599009
0.00393246016391
0.00394170265422
0.00395160717856
0.00396204378503
0.00397325366337
0.00398510767135
0.00399760017096
0.00401072570917
0.00402447902605
0.00403885506232
0.00405372272286
0.00407536194451
0.00409156641887
0.00410833639008
0.00412566794486
0.00406612309189
0.00408473292964
0.00410401527951
0.00413002585967
0.00415027103706
0.00417104913068
0.00419235780872
0.00422058770195
0.00416785174042
0.00419097776629
0.00421448465222
0.00424506639861
0.00426960476136
0.00429478564916
0.00425352856361
0.00427963449667
0.00431310303611
0.00434021761974
0.00436783764515
0.0043308122227
0.00435942100688
0.00439552083149
0.00442511220706
0.00439137204665
0.00442188106961
0.00445998560874
0.00442165854623
0.00446073400306
0.00449305937475
0.00453307024235
0.00449761144849
0.00453838987129
0.00457976597695
0.00454650802311
0.00458874144103
0.00456438928323
0.00460009499315
0.00464359499009
0.00462142768091
0.00465815656148
0.00470289450987
0.00468265164913
0.00472814156184
0.00470197945371
0.00474821354016
0.00473108491963
0.00477802900734
0.00482543868325
0.00481004701524
0.00485051890674
0.00483647854683
0.00488529336406
0.00487262869465
0.00492211966101
0.00491077595352
0.00496093528595
0.00495085631735
0.00500179158258
0.00499287082652
0.00498496155474
0.00503644687035
0.00502976408168
0.00508184245239
0.00507605374418
0.00512888168206
0.00512409804675
0.00512833629301
0.00518181179032
0.00517892891039
0.00523288000394
0.0052310545205
0.00522991100878
0.00529288177254
0.00529264312596
0.00529334004594
0.00534879815658
0.00535843677832
0.0053606909531
0.00541660348038
0.0054278774154
0.00543151568471
0.00543565314414
0.00550066883213
0.00550560821711
0.00551947890644
0.00552566511714
0.00558283521699
0.00559808162435
0.00560527311017
0.00562173784982
0.00567948969507
0.00569649153309
0.00570547989348
0.00572360148121
0.00574227737833
0.00580060798658
0.00581976186281
0.00583076926158
0.00585093294201
0.00587159474018
0.0058839891925
0.00590557877881
0.005973274701
0.00598654274635
0.00600898462087
0.00603185789997
0.00605530300932
0.00607016399208
0.00609423968984
0.00611870094867
0.00614353700743
0.00616889079862
0.00618551816739
0.00621140159298
0.00623777494407
0.00626432171622
0.00629118615271
0.00631850758342
0.0063459693905
0.00637387253705
0.00640190214678
0.00643036002268
0.00645893180301
0.00648792001946
0.0065170108968
0.00654650759476
0.00657609698424
0.0066060827626
0.00663630657068
0.00666661033615
0.00669729856182
0.0067001383906
0.00673124851708
0.00676272315054
0.0067944051938
0.00682613795782
0.00686742838331
0.00689973052703
0.0068969640485
0.00692971890879
0.00697192150066
0.00700490500504
0.00703823175225
0.00708100510879
0.00708086480706
0.00711472832187
0.00715807067935
0.00719228385207
0.00720330621212
0.00723780323577
0.00728180828683
0.00731663690169
0.00732929394124
0.0073645064901
0.00740909805278
0.00744447739676
0.0074585290722
0.0074941097113
0.00753926521868
0.00755470654229
0.00759064527742
0.00763618189353
0.00765272098275
0.00768898558866
0.00770635698303
0.00775237736536
0.00778894296609
0.00780719076049
0.00785350616801
0.00789983493218
0.00790952224878
0.00795596165421
0.00797590288195
0.00802242957475
0.00804308416703
0.0080896831831
0.00811099565933
0.00815766969679
0.00819515401376
0.00821696395714
0.00826393337116
0.00828631870733
0.00833352876537
0.0083562903719
0.00840358465578
0.00842698882541
0.00846060582715
0.00850782404068
0.00853210831757
0.00857940516756
0.00860422517923
0.0086516046552
0.00867677310013
0.008702433741
0.00875936667988
0.00878533303704
0.00883270813917
0.00885892724937
0.00889522974454
0.00894247841208
0.0089693171051
0.00900621571384
0.00905334139116
0.00908071943119
0.0091181345509
0.00916514767254
0.00920284396719
0.00923100582937
0.00927792151373
0.00931587534951
0.0093444080772
0.00940110605313
0.00942970452775
0.00946827623734
0.00949752300988
0.00955381513752
0.00959266790882
0.00962217504935
0.00966148686954
0.00969141607356
0.00974733028244
0.00978701089685
0.00981697530143
0.00985701851799
0.00989707696465
0.00993744526735
0.00998306675508
0.0100233842193
0.0100636865616
0.0101042689899
0.0101449700273
0.0101758444122
0.0102167524578
0.0102716496137
0.0103124685457
0.0103532220532
0.0103942081488
0.0104352789874
0.0104764297041
0.0105176534668
0.0105587920045
0.0106001424725
0.0106415470888
0.0106830000651
0.0107244958591
0.0107660291685
0.0108075949254
0.0108491882904
0.010900625392
0.0109422620275
0.0109839129647
0.0110255742288
0.0110672420464
0.0111187413022
0.0111605637327
0.0112022315744
0.0112438935914
0.0112953863099
0.0113273456593
0.0113690656329
0.0114207661422
0.0114624576483
0.011513977436
0.0115557853109
0.0116072697357
0.0116488889331
0.0116821604303
0.0117336024846
0.0117751630927
0.0118266998213
0.0118780585568
0.011919684805
0.0119633377297
0.0120048788898
0.0120560975188
0.0121074331369
0.0121487266305
0.012192973433
0.012244151906
0.0122852770016
0.0123363787284
0.0123809658741
0.0124317661907
0.0124728080104
0.0125177376635
0.0125683274086
0.012619027234
0.0126642219741
0.0127147331625
0.0127553322741
0.0128005643637
0.0128508363756
0.0129010733193
0.0129465744586
0.0129965985432
0.0130465911435
0.0130921492471
0.0131419241271
0.0131876885375
0.0132372421379
0.0132966571951
0.0133423900109
0.013391699197
0.0134375642149
0.0134866463544
0.013532761252
0.0135914997339
0.0136403467338
0.0136861630546
0.0137347839574
0.0137906771076
0.0138390714291
0.0138849474919
0.0139430051479
0.0139890231694
0.0140351090021
0.0140927008626
0.0141388778018
0.014196225704
0.0142423168277
0.014289534447
0.0143452680561
0.0143923992402
0.0144480175087
0.0145039154904
0.0145505591695
0.0146061690432
0.0146525961652
0.014708052923
0.0147637543863
0.0148095662922
0.0148650928299
0.0149206973936
0.0149661988594
0.0150214634486
0.0150769333095
0.0151318856264
0.0151770976004
0.015232381736
0.0152876913663
0.0153419253978
0.0153969838256
0.0154520523721
0.0155058557866
0.0155605161482
0.0156153179123
0.0156701092534
0.0157248838288
0.0157777533488
0.0158322433363
0.0158867047927
0.0159411320183
0.0159955194827
0.0160476447554
0.0161017322405
0.0161557703013
0.0162097538977
0.0162636773226
0.0163274259883
0.016378324406
0.0164320093557
0.0164854760431
0.0165487551005
0.0166020604228
0.0166554230595
0.0167184403428
0.0167714731829
0.0168245516758
0.0168872727039
0.0169401436781
0.0169987619925
0.0170511528094
0.0171134665743
0.0171656347827
0.0172277194561
0.0172796538977
0.017341499157
0.0173931925413
0.0174547943271
0.0175063847168
0.0175675928354
0.0176288163005
0.0176800242252
0.0177458509849
0.0178067348599
0.0178674810548
0.0179180631009
0.0179785311306
0.018038858672
0.0180990449973
0.0181589469775
0.0182089668681
0.0182687262293
0.018328342413
0.0183937062416
0.0184530390889
0.018512223464
0.0185712538016
0.01863012925
0.0186888501525
0.0187538040762
0.0188121967557
0.018870432776
0.0189285128075
0.0189864375952
0.019050979838
0.0191184313323
0.0191758526821
0.0192331190699
0.0192974775413
0.0193543823915
0.0194210055204
0.0194776027743
0.0195414179801
0.0196076552509
0.0196637287874
0.0197196515968
0.0197930037936
0.0198485423047
0.019903929451
0.019976978627
0.0200319743985
0.0200968310472
0.0201595275552
0.0202239854931
0.0202865602379
0.0203506146632
0.0204143857081
0.0204766925239
0.0205400578963
0.0205935593777
0.0206651515234
0.02072811183
0.0207897849524
0.0208521964674
0.0209235169104
0.0209856599247
0.0210468891804
0.0211084814502
0.0211793215198
0.0212406439499
0.0213018436591
0.0213719918492
0.0214327853746
0.0214929349638
0.0215629387315
0.0216230337655
0.0216927309306
0.0217524204858
0.0218217990206
0.0218810855561
0.0219599853266
0.0220188738104
0.0220875797263
0.0221562346876
0.0222144276187
0.0222827241641
0.0223405245851
0.0224183032008
0.0224861584468
0.022543412539
0.0226108868925
0.022688118569
0.0227445538226
0.0228115455128
0.0228884191143
0.0229441811114
0.0230106662396
0.0230870204581
0.0231421176188
0.0232179160253
0.0232838895048
0.0233481739389
0.0234137204869
0.023488837867
0.0235539811962
0.023617462427
0.0236920071109
0.0237567092631
0.0238311011944
0.0239052030376
0.0239576395578
0.0240312931123
0.0241049245284
0.0241783924315
0.0242417253733
0.0243028104991
0.0243756521596
0.0244481831718
0.0245206753742
0.02459298831
0.0246651191093
0.0247271015473
0.0247864609056
0.0248579359606
0.0249292215678
0.0250003159472
0.0250712213882
0.0251417994481
0.0252221456747
0.0252924721358
0.0253626015479
0.0254325318743
0.0255022611663
0.0255717875615
0.0256509283724
0.025720043021
0.0257889497176
0.0258577833856
0.0259360862054
0.0260043595367
0.0260724192534
0.0261500792876
0.0262177076673
0.0262852551708
0.026362262309
0.026429236167
0.0265058052362
0.0265724778882
0.026648608278
0.0267147055507
0.0267905313828
0.0268561875474
0.0269452635998
0.0270204260015
0.0270854206334
0.0271601346093
0.0272344886562
0.0272989459102
0.0273728514787
0.0274608104358
0.0275342497213
0.0275977941621
0.0276707814624
0.0277436788834
0.0278163513781
0.0279030140705
0.0279752030762
0.0280471651412
0.0281089630082
0.0281950264199
0.0282662674968
0.0283371472508
0.0284079366535
0.0285030075569
0.0285732964827
0.028643360677
0.0287130663224
0.028797503571
0.0288668375185
0.0289359490168
0.029029595139
0.0290981971023
0.029166578333
0.0292498184917
0.029327478506
0.0293951288294
0.0294777331524
0.0295546601415
0.0296369091733
0.0297035288326
0.0297797241727
0.0298614331573
0.0299371091212
0.0300182985136
0.0300934535373
0.0301586130749
0.0302490124609
0.0303234398273
0.0304035055876
0.0304774119949
0.0305571897507
0.0306305749757
0.0307195675971
0.0307925676181
0.030871335208
0.0309436812696
0.0310319125466
0.0311037442712
0.0311817385974
0.0312530557327
0.0313403641125
0.0314111709271
0.0314980056463
0.0315845513684
0.0316546591481
0.0317408523584
0.0318103213681
0.0318960229677
0.0319649898358
0.032050194521
0.0321352233008
0.0322034988623
0.0322976597167
0.0323819952452
0.0324494527411
0.0325332732029
0.0326167683369
0.0326931801747
0.0327762831694
0.0328591866257
0.0329347898559
0.0330171621456
0.033099328379
0.0331741308007
0.0332557606867
0.0333469434192
0.0334281445932
0.0334920661275
0.0335824903474
0.0336726911225
0.0337529046294
0.0338426528773
0.0339051566387
0.033994355918
0.0340833227643
0.0341622961476
0.0342509247674
0.0343217920165
0.0343999724556
0.0344876732401
0.0345751315826
0.0346624777015
0.0347494459151
0.0348088703942
0.0348954120922
0.0349815734035
0.0350674848239
0.0351532767162
0.0352386840569
0.0353239690897
0.0354088670428
0.0354936401184
0.0355780237868
0.0356622802127
0.0357283024617
0.0358217511433
0.0359050547014
0.0359882289267
0.0360710099197
0.0361536598165
0.036245796497
0.0363277870523
0.0364096442202
0.0364912359667
0.0365823102434
0.0366632377503
0.0367537775018
0.0368524837148
0.0369327534057
0.0370223643921
0.0371020930087
0.0371912932325
0.0372704796925
0.0373591372699
0.037447523384
0.0375258951192
0.0376137363966
0.0376915615807
0.0377973151622
0.0378843256364
0.0379710617305
0.0380477845398
0.0381339722537
0.0382198863666
0.0383055272182
0.038399759345
0.0384848307339
0.0385696284135
0.0386541528674
0.0387385351042
0.0388412334822
0.0389249091346
0.0390083122219
0.0390915737751
0.0391932595147
0.039275809514
0.0393582174297
0.0394402232328
0.0395505917653
0.0396321413135
0.0397132896753
0.0398131665626
0.0398938547107
0.0399838738775
0.0400640240649
0.0401627987689
0.040252086571
0.0403503899077
0.0404293547334
0.0405177815369
0.0406152747018
0.0407031054786
0.040780815919
0.0408873398108
0.0409645857595
0.0410704750634
0.0411471258408
0.0412332415009
0.0413286868462
0.0414140768147
0.0415187233943
0.0415939245228
0.0416980416403
0.041782240908
0.0418663169703
0.0419695537297
0.042043313863
0.0421460069315
0.0422288971872
0.0423310380949
0.0424133377661
0.0425149210932
0.0426162865945
0.042697652113
0.0427984506971
0.0428792279661
0.0429794556842
0.0430596477538
0.0431593010142
0.043238910195
0.0433381140416
0.0434369527999
0.0435253522083
0.0436236033107
0.0437017107045
0.0437995019922
0.0439066320283
0.0439838210676
0.0440806414468
0.0441870515127
0.0442633259904
0.0443691350922
0.0444648450588
0.0445499231333
0.044645155633
0.044749709085
0.0448242999398
0.0449282441985
0.0450223388399
0.0451257463569
0.0452088069845
0.0453018893812
0.0454045379809
0.0455067829924
0.0455789028882
0.0456806588943
0.0457820083069
0.0458832062513
0.0459841229208
0.0460545575873
0.0461548532055
0.0462548650079
0.046354463531
0.0464539037953
0.0465326345023
0.0466314505676
0.0467299783057
0.04682821656
0.0469260361952
0.0470333949202
0.0471307572673
0.0472278258453
0.0473040484097
0.0474004912346
0.0474966390051
0.0476021935702
0.047697748
0.0477930048736
0.0478976644776
0.0479923234183
0.0480866826193
0.0481904410665
0.0482841983626
0.0483874805477
0.0484806336257
0.0485831822812
0.0486757293882
0.0487776708385
0.0488697379279
0.0489710705513
0.0490720981978
0.049163123427
0.0492636677152
0.0493637787812
0.0494635838547
0.0495535130713
0.0496527055471
0.0497517188441
0.0498502982513
0.0499696314154
0.0500675906914
0.0501555483593
0.0502530186069
0.0503501808725
0.0504469080814
0.0505434546512
0.0506395666976
0.0507565343477
0.0508617067898
0.0509570069152
0.0510519993113
0.0511465572659
0.0512409350536
0.0513561020776
0.0514594055546
0.0515528384111
0.0516459643758
0.0517696429334
0.0518621271831
0.0519541779264
0.0520557401606
0.0521685259186
0.0522694409595
0.0523603624602
0.0524606690999
0.0525722296098
0.052671886815
0.0527615520947
0.0528819026342
0.0529709186444
0.0530693192883
0.0531887576735
0.0532768206579
0.0533742689144
0.0534927843273
0.0535895810483
0.0536860792199
0.0537939744914
0.0538898199102
0.0539854948743
0.0541021331671
0.0541970307072
0.0543130732128
0.054407445749
0.054522887314
0.0546164822989
0.0547099104442
0.0548243870504
0.0549170384626
0.0550310287481
0.055132714109
0.0552459589919
0.0553374387299
0.055450062273
0.0555505765907
0.0556625726912
0.0557527583788
0.0558738061111
0.0559633475043
0.0560740800305
0.0561726592163
0.056282879978
0.0563806921564
0.0564902723531
0.0566091269598
0.056696382327
0.0568147171621
0.0569110162292
0.0570188963159
0.057136294397
0.0572315958169
0.0573386617878
0.0574332053431
0.0575492957207
0.057665091306
0.0577490912431
0.0578642293194
0.0579790690894
0.0580717606345
0.0581858129728
0.0582996893207
0.0583913993652
0.0585046112966
0.0586175186933
0.0587301201668
0.0588204930613
0.0589324265048
0.059044176554
0.0591554912573
0.0592542107554
0.0593648537051
0.0594751844615
0.0595852019053
0.0596826022456
0.0597920715843
0.0599011004373
0.0600194869741
0.0601278814855
0.0602237443526
0.0603314640593
0.0604485393814
0.0605557450045
0.0606721780247
0.060778616057
0.0608945287065
0.0609782448804
0.0610934838315
0.0612082732726
0.0613130645995
0.0614273285822
0.0615411412733
0.061654751934
0.0617583639313
0.0618711946364
0.0619838216986
0.0620959949937
0.0621858183672
0.062297319236
0.0624086157652
0.0625195827695
0.0626300951595
0.0627404020876
0.0628503784956
0.0629600240959
0.0630692139491
0.0631781971649
0.0632868488146
0.0634048401752
0.0635128280384
0.063642591271
0.0637499144422
0.0638665724533
0.0639732287532
0.0640795514734
0.0641952091743
0.064300864703
0.0644158555616
0.0645208439042
0.064635168095
0.0647394894182
0.064875450616
0.0649790937529
0.0650920699899
0.0652047127865
0.0653073541068
0.0654194545295
0.0655310980742
0.0656550741802
0.0657660314015
0.0658766560177
0.0659870725442
0.0660970328797
0.0662290229781
0.0663286279769
0.0664376910288
0.0665462985496
0.0666769725179
0.0667850128222
0.066892598097
0.0669998528983
0.0671389810767
0.0672455437709
0.0673519006589
0.0674578042756
0.0675859164211
0.067691126143
0.0678057974706
0.0679327872794
0.06803709703
0.0681506212088
0.0682767277311
0.0683800142869
0.0684925164043
0.0686176082422
0.0687295380081
0.0688538557705
0.0689650890921
0.069066334783
0.0691994127963
0.0693095044832
0.0694322575922
0.0695417774744
0.0696509778461
0.0697726918123
0.0698810743564
0.0700117834609
0.0701195976445
0.0702496341108
0.0703470933352
0.0704764556991
0.0705828866774
0.0707115701637
0.0708173111797
0.0709453128953
0.071050364771
0.0711776819765
0.0712820456709
0.0714183375914
0.0715220157822
0.0716479549113
0.0717510706805
0.0718763180189
0.0720109099109
0.0721128419297
0.0722370757677
0.0723384483516
0.0724716471389
0.0725948624996
0.0727047197265
0.0728273581246
0.0729365404775
0.073058353986
0.0731896261258
0.0732880971857
0.0734186656083
0.0735391203943
0.0736462059552
0.073775738182
0.073895154362
0.0740013201612
0.0741296885369
0.0742578450505
0.0743855424983
0.0744806347822
0.0746077442983
0.0747343927806
0.0748608261287
0.0749640512543
0.0750897730955
0.0752151553253
0.0753400742165
0.0754420278219
0.0755663569811
0.0756903443119
0.0758235257444
0.0759468266291
0.0760470259175
0.0761696130725
0.0762918558222
0.076423290387
0.0765448419106
0.0766660471714
0.0767737979585
0.076894288465
0.0770240922102
0.0771438875743
0.0772729942005
0.077392092002
0.0775204994224
0.0776388977939
0.0777666043391
0.0778939597643
0.0779885150154
0.0781151587615
0.0782414512574
0.0783578545622
0.0784834438054
0.0786086809656
0.0787335658065
0.078858098109
0.0789824001608
0.0790965671036
0.0792200406367
0.0793431609047
0.0794660502229
0.0795884636006
0.0797201835419
0.0798420129238
0.0799633665727
0.0800843668491
0.0802279590951
0.080348246598
0.0804779600508
0.0805975392711
0.0807168866006
0.0808357574526
0.0809640552675
0.0810822182017
0.081209808838
0.0813272642226
0.0814673261825
0.0815938405128
0.0817198791685
0.0818360281746
0.0819613600346
0.0820768017438
0.0822243997803
0.0823487739028
0.0824630145745
0.0825866821096
0.0827099970875
0.0828558166406
0.0829686234235
0.0830908571396
0.0832127390395
0.0833342695178
0.0834782931474
0.0835990940355
0.0837195440835
0.0838396437358
0.0839822346013
0.0841016040465
0.0842206238378
0.0843621536625
0.0844804427288
0.0846080418252
0.0847485020084
0.0848657112267
0.0849825721957
0.0851316147452
0.0852477447105
0.0853635275432
0.0855114883228
0.0856266622676
0.0857510277102
0.085888242704
0.0860118774637
0.0861483876292
0.0862714135595
0.0863843167943
0.0865293898528
0.086651344517
0.0867860473498
0.0869071512428
0.0870509192455
0.0871712957149
0.0872817958629
0.087424337087
0.0875436475518
0.087685589667
0.0878041744949
0.0879453936313
0.088063253579
0.0882037476449
0.0883210051145
0.0884606506046
0.0886000785671
0.088716101637
0.0888547990745
0.0889798802512
0.0891177229589
0.0892324260159
0.0893696565185
0.0894931781025
0.0896296725273
0.0897658206615
0.0898883573408
0.0900236468742
0.0901454708618
0.0902801438026
0.0904241254994
0.0905351911751
0.0906784337902
0.0908116659352
0.0909312933007
0.0910733213944
0.0912054585046
0.0913239928309
0.0914650460785
0.0916057432969
0.0917135298965
0.0918534844545
0.0919930815338
0.0921324416135
0.0922484162637
0.0923869104317
0.0925250441547
0.092662816646
0.0927773238768
0.0929143488778
0.0930511327981
0.0931874328806
0.0933101393332
0.0934456915359
0.0935810013343
0.0937158261283
0.0938599449507
0.0939941611653
0.0941049942108
0.0942480019413
0.0943811053565
0.0945233811486
0.0946556315883
0.0947972951131
0.094905934671
0.0950468536363
0.0951776236272
0.095317806438
0.0954478400192
0.0955872854275
0.0957262408044
0.0958649477129
0.0959936259925
0.0961314728464
0.0962690706372
0.0964061775316
0.0965430350381
0.0966795222016
0.0967926539407
0.096928399451
0.0970637749618
0.0971987803947
0.0973332949175
0.0974675600165
0.0976014548761
0.0977349794016
0.0978909848113
0.0980334224623
0.0981657086699
0.0982977439413
0.101502021413
