metodo_1_dt_1:24
5.24808470314e-07
0.00534620070243
0.00534780034045
0.005348317759
0.00534995360595
0.00535261889953
0.00535420576428
0.00535542747564
0.00535734050859
0.00535891604605
0.00536088833296
0.00536137984975
0.00536249543608
0.00536304592862
0.00536334961007
0.00536447749207
0.00536525304036
0.00536605320325
0.00536694210755
0.00536766911656
0.00536948192826
0.00537130199455
0.00537278914328
0.00537511617894
0.00537713750077
0.00537878956283
0.00537972955453
0.00538123520325
0.00538204404825
0.00538250005632
0.00538266881822
0.00538337206226
0.00538434966109
0.00538462641521
0.00538631205646
0.00538774843866
0.00538929175203
0.00539089626698
0.00539300261554
0.00539495230542
0.00539619881916
0.00539809895563
0.00539958591775
0.00540061376955
0.00540084643875
0.00540176019738
0.00540242529019
0.00540345348353
0.00540343327096
0.00540442749785
0.00540604551069
0.00540678080722
0.00540860648964
0.00541095824495
0.00541226809144
0.00541441831604
0.00541575408911
0.00541770421703
0.00541926692915
0.00541990203085
0.00542168296024
0.0054210425623
0.00542269348262
0.00542265970836
0.00542357238303
0.00542891790512
0.00542833944181
0.00542790763823
0.00542758173316
0.00542672091334
0.00543574086662
0.005433995803
0.0054319926242
0.0054396188842
0.00543683646709
0.00544298137383
0.00543876779585
0.00544425726628
0.00543885624064
0.00544326732644
0.00544763918673
0.0054414006582
0.00544523791699
0.0054491952473
0.00545255409756
0.00544595759267
0.00544934003342
0.00545180582568
0.00545397952591
0.00545579398707
0.00545647225942
0.0054567615502
0.0054566895102
0.00546625023506
0.00546484332111
0.00546333594879
0.00546098438011
0.00546863653354
0.00546641914759
0.00546434641179
0.00547156918239
0.00546883525312
0.0054751857401
0.00547141393582
0.00547732836993
0.00547296928537
0.00547727438188
0.00548117111687
0.00548474845294
0.00547719220504
0.00547936102101
0.00548139116998
0.005482480364
0.00548364789516
0.00548494887402
0.00548541774524
0.00548602566688
0.00548668260156
0.00549633253818
0.00549584662565
0.00549505918538
0.00549394810484
0.00550145743311
0.0054986227373
0.00550440036051
0.00549990725407
0.00550515498057
0.0055003633021
0.00550447249924
0.00550863308677
0.00550194361627
0.00550638241143
0.00550992851142
0.0055124822063
0.00551598537616
0.00551729454142
0.00551935633897
0.00552002719068
0.00552134020284
0.00552014327575
0.00551968479803
0.00551787306209
0.00552467257542
0.00552249388764
0.0055192081913
0.0055259445648
0.00552175489607
0.00552761358957
0.00553358716905
0.00552971250215
0.00553458378508
0.00553928435008
0.00553261267063
0.00553553113861
0.00553809737475
0.00554026808136
0.00554088426905
0.0055412371227
0.00554139028579
0.00554022943195
0.00554899258826
0.00554787126153
0.00554567496885
0.00554365189544
0.00555165188556
0.00554856061038
0.00555531152817
0.00555200817629
0.00555712170562
0.00556312905036
0.005556279278
0.0055602667058
0.00556262918038
0.00556473455202
0.00556530516428
0.00556707610784
0.00556756457608
0.00556681952286
0.0055661743186
0.00556567551656
0.00556532342841
0.00557359797341
0.00557193884958
0.00557998173191
0.00557650619027
0.00558260580346
0.00557842408861
0.00558376715906
0.00558739208131
0.00557941836601
0.00558260483224
0.00558427198392
0.00558591751555
0.0055862260086
0.0055866924511
0.00558731000368
0.00558806218488
0.00559728136979
0.0055965906644
0.00559575710877
0.00560307698421
0.00560017920506
0.00560675315785
0.00560163185508
0.00560605416009
0.00560031729934
0.00560276116948
0.0056051241534
0.00560748930373
0.00560846030122
0.00560951700891
0.00561073561622
0.00561211651902
0.00561200067896
0.00561184322772
0.00561985176401
0.00561768653187
0.005615203498
0.0056222480017
0.00562730851345
0.00562217273971
0.00562664452042
0.00562935526825
0.00562209711449
0.00562468910033
0.00562577916099
0.00562704195395
0.00562842823407
0.00562996238896
0.00562990581258
0.00563968517698
0.00563779992594
0.00563563797787
0.00564295689927
0.00564007829286
0.00564502892169
0.00564965080618
0.00564245719883
0.00564659774301
0.00564901503229
0.00564972245063
0.00565223437509
0.00565317126506
0.00565254713862
0.00565378834121
0.00565337597478
0.00565289602599
0.00566032570967
0.00565767726418
0.0056645314913
0.00566118574852
0.00566551533854
0.00566951757401
0.00566168421228
0.00566528510056
0.00566700729613
0.00566692549363
0.00566875876386
0.00566896742583
0.00566752663758
0.00567781908558
0.00567652229194
0.00567520957226
0.00568171105862
0.00567810788599
0.00568396675654
0.0056876087542
0.00568295793659
0.00568591413395
0.00568674362362
0.0056873917393
0.00568795871428
0.00568857952206
0.00568740099391
0.00568632749559
0.00569526624345
0.00569262591309
0.00569982872423
0.00569716117963
0.00570412453409
0.00569910329683
0.00570355692406
0.00570567529817
0.00570740461726
0.00570883675445
0.00571000940789
0.00570906878289
0.00570801300937
0.00570699412517
0.00571391338406
0.0057111756939
0.00571840833534
0.00571393411703
0.00571931495244
0.00572467440657
0.00571802568801
0.00572292616648
0.005723394591
0.00572556019556
0.00572531613634
0.00572475562969
0.0057337041018
0.00573065166131
0.00572755362698
0.00573426342486
0.00572919370347
0.00573405288763
0.00573908827295
0.00573240914481
0.00573552640731
0.00573858633643
0.00574147287484
0.00574196394072
0.00574215040126
0.00574956210248
0.00574681246114
0.00574379982548
0.00575032109388
0.00574473021744
0.00574881857905
0.00575295671146
0.00575721582463
0.00575947640301
0.0057596720312
0.00576220320798
0.00576258843434
0.00576294395821
0.00576088409856
0.0057705074457
0.00576783222535
0.00577232847274
0.00576670545919
0.00577049887893
0.00577404096796
0.00576771871014
0.00576882828659
0.00576769069181
0.00577865831508
0.00577778865532
0.00577710479546
0.00577426024737
0.00578349665328
0.00577829054462
0.00578498630049
0.00578910542638
0.00578313446856
0.00578651681338
0.00578721106294
0.00578760870961
0.00578779688827
0.00579752304645
0.00579509509509
0.00579275184282
0.0057978687288
0.00579346197456
0.00579888494681
0.00580443663259
0.00579798744113
0.00580117627662
0.00580415418043
0.00580445859749
0.00580441321754
0.00581373108894
0.00581300767333
0.00580949880678
0.00581548416356
0.00580919481261
0.00581254504004
0.00581592365421
0.00581940214914
0.00582060018286
0.00582201853719
0.00582353128028
0.00582258953537
0.00582158514929
0.005830094204
0.0058286757569
0.00583406188614
0.00582937737161
0.00583155742343
0.00583594738242
0.00583757934928
0.00583651914707
0.00583792628011
0.00583687689191
0.00583342449094
0.00584230987029
0.00583916263128
0.00584581751536
0.00584028808285
0.00584435774206
0.0058481919294
0.00585177429449
0.00585243115217
0.00585273829919
0.00585268433926
0.00584970789806
0.00585614622068
0.00585282372788
0.00585911350944
0.00585313235145
0.00585695460471
0.00585828949639
0.00585983355559
0.00586147826202
0.00586315459178
0.005862096926
0.00587050563953
0.00586898808632
0.00587409237473
0.00587185075801
0.00587354813975
0.00587764267154
0.00587878518876
0.00587979177811
0.00588075128874
0.00587907626928
0.00587753444486
0.00587614163932
0.00588179216694
0.00587798256476
0.00588381268926
0.00588683081848
0.00589237791136
0.00589487519128
0.00589430522737
0.0058933696065
0.00589205794399
0.00589043913212
0.00589544093066
0.0058934788812
0.00589550454425
0.00590034766383
0.00590252813774
0.00590490480766
0.00590462648609
0.00590727961692
0.00590712345415
0.00590407048214
0.0059132704333
0.0059097274897
0.00591255676172
0.00591787221754
0.00592001903557
0.00591226034256
0.00591386952435
0.00592201087481
0.00592057060318
0.00591630993783
0.00592461115569
0.00592064003437
0.00592637986524
0.00592937159812
0.00592282466185
0.00592570174504
0.00592840817719
0.00593746524401
0.00593660330585
0.00593246355787
0.0059404139664
0.00593558974493
0.00594012209859
0.00594155469601
0.0059429204091
0.00594434478988
0.00594592287471
0.00594469971185
0.00594365514158
0.00593970028492
0.00594831020916
0.00595384300653
0.00594963242927
0.00595165971562
0.00595329399933
0.00595458388522
0.0059555617274
0.0059531574941
0.00596008686346
0.00595733874552
0.00596104467418
0.00595532068577
0.00595920595216
0.00596020225636
0.00596445431055
0.00596268689098
0.00596398863873
0.0059716202401
0.00596952387102
0.00597665328896
0.0059708462319
0.00597725110144
0.00597708602091
0.00597974287665
0.00597906616455
0.00597828926415
0.00597742253589
0.00598300284693
0.00597924720602
0.00598515014099
0.00598805877203
0.00598156396467
0.00598459045956
0.00598752460486
0.00599656521953
0.00599576509578
0.00599146845894
0.00599945393552
0.00599446881995
0.00599861910169
0.00599932216857
0.00599992916866
0.00600052501542
0.00600116229245
0.00599871394196
0.0060058814213
0.0060037656479
0.00600802123503
0.00601222336521
0.00600686423618
0.00601075943101
0.00601110299521
0.00602053728463
0.00601685992622
0.00601607760493
0.00602123397522
0.00602285667456
0.00601819257182
0.00601964345978
0.00602115803389
0.00602283096436
0.0060213924078
0.00602948529676
0.00602496057248
0.00603318711288
0.00602855278027
0.00603312005031
0.00603400737692
0.00603788049693
0.0060347171986
0.00603455161007
0.00604013503079
0.00603944084228
0.00604130568563
0.00604654147669
0.00603902818204
0.00604104242951
0.0060398782488
0.00605166999654
0.00605073762143
0.00604641097103
0.00605473629067
0.00605007665243
0.00605449202581
0.0060550924752
0.00605875698086
0.00605520492166
0.00605480409051
0.00606358286751
0.00605937910364
0.00606106988918
0.00606632536337
0.00605885309742
0.00606095249142
0.00606317814132
0.00607139801672
0.00607025960789
0.00606898628732
0.00607335824738
0.00607738645016
0.00607169839978
0.00607501896158
0.00607447636879
0.00608295384046
0.0060818742749
0.00607715993392
0.00608179480222
0.00607712283114
0.0060819078332
0.00608334954224
0.00608497076385
0.00608664283435
0.0060941031988
0.00609206155077
0.00608980695973
0.00609658710084
0.00609937201574
0.00610177691378
0.00610028999525
0.00610207194276
0.00610003030092
0.00609788238807
0.00610138958971
0.00610501881047
0.0060994504051
0.00610334497568
0.00610378152517
0.00610428524849
0.00611408456026
0.0061144559034
0.00611090661873
0.00611634087468
0.00611777704917
0.0061224644794
0.00612313214637
0.00611983716091
0.00611997219273
0.0061163604046
0.00612200790136
0.00612768768129
0.0061205429873
0.00612284887967
0.00612533310214
0.00612414874727
0.0061322158364
0.00613086212022
0.00613855871131
0.00613289991723
0.00613613186347
0.0061389849241
0.00613774064586
0.00613623499383
0.00613444906538
0.00614182614384
0.00613617230711
0.00613988130869
0.0061436979514
0.00614389202632
0.00614798849051
0.00614465293617
0.00615429548142
0.00615073334592
0.00615615168939
0.00615197475078
0.00615669441956
0.00615724160565
0.00615739320992
0.00616265584608
0.00616231258156
0.00615804758806
0.00615914478595
0.00616410168906
0.00616539593462
0.00616684762389
0.00616459771125
0.00616622803641
0.00617319855724
0.00617078463361
0.00617349192024
0.00617584107778
0.00617777906452
0.00617932732433
0.00617666117531
0.00618290030796
0.0061796937488
0.00618168099113
0.00617834236608
0.00617648306189
0.00617864502871
0.00618625640606
0.00618478039557
0.00618338020272
0.00619113109039
0.00619477661009
0.00618892273779
0.00619196570067
0.00619982601484
0.00619812085737
0.00619602958513
0.00619887549067
0.00619629808608
0.00619879634494
0.00619729338153
0.00619983284598
0.00619853121678
0.00620655938425
0.00620155050098
0.00620571160067
0.00620983332552
0.00621380507605
0.00621747490515
0.0062167873551
0.0062156885798
0.00621933206031
0.00621753123883
0.00622049422673
0.00621918435839
0.00622181748426
0.00622039089288
0.00621904565471
0.00622693638061
0.00622176697229
0.00622587449794
0.00623005108905
0.00623005053856
0.00622987983949
0.00622939786778
0.00622859073767
0.00623242101943
0.00623990709118
0.00623883248788
0.00623246234439
0.0062400075595
0.00623829198891
0.00623654105773
0.00623985132256
0.0062383326412
0.00623781707738
0.00624151080151
0.00624111039521
0.00624974568967
0.00624908318603
0.00624814288275
0.00625176482225
0.00625498094347
0.00625779314375
0.00625609954906
0.00625408013496
0.00626087536534
0.00625432763585
0.00626103616766
0.00626362340069
0.00626211096195
0.00626492129353
0.00626367692983
0.00626248354865
0.00626602789833
0.00626450803544
0.00626755470168
0.0062702380179
0.00626829737833
0.00627496496156
0.006272201638
0.00627822625846
0.00627072219148
0.00627637694974
0.00627349516077
0.00627494944401
0.00628131556141
0.00627878429813
0.00628536236195
0.00628290738364
0.00628518846441
0.00628723184679
0.00628468043362
0.00629502917554
0.00629168251195
0.00629697114234
0.00628853788951
0.0062887915072
0.00628882415341
0.00629775119743
0.00629768295161
0.00629330631808
0.00629805618075
0.00629863039277
0.00630363117592
0.00630430619115
0.0063048635269
0.00630084090021
0.00630554214388
0.00630984797682
0.00630471767888
0.00630817832658
0.00631586855648
0.00631427817125
0.00630808161288
0.00631511752008
0.0063177103529
0.00632041457691
0.00631883005166
0.00631736162654
0.00631596033538
0.00632353159406
0.0063220845032
0.00632492797885
0.00632744717377
0.00632514483412
0.00632683654176
0.00633266266846
0.00632917133351
0.00632980909163
0.00633024459257
0.00633058343588
0.00633088699892
0.00633124231739
0.00633617553012
0.00633230286867
0.00633300588888
0.00633814516909
0.00633869668505
0.00633903337728
0.00634346166657
0.0063430863453
0.00634668338035
0.0063453424923
0.00634816398828
0.00634614962413
0.00634390556946
0.00635045128223
0.00635240924204
0.00634555946854
0.00634775562176
0.00635001536428
0.00635672555572
0.00635454284441
0.00636112783311
0.00635858827467
0.00636002992118
0.00636106458089
0.00636170426859
0.00636623760178
0.00636146202124
0.00636526262355
0.00636884499834
0.00636771584773
0.00636658398649
0.00636545147036
0.00637332946922
0.00636784748342
0.00637133641223
0.00637478815558
0.00637805782057
0.00637651441321
0.00638350120991
0.00638121377083
0.0063826830109
0.00638371752381
0.00638439012841
0.00638476800105
0.00638022625167
0.00638440360061
0.00638856331452
0.00638393699656
0.00638361648962
0.00639220516279
0.00639201556365
0.00638716545433
0.00639567321628
0.00639922150173
0.006397732147
0.00640049570495
0.00639817611717
0.00640421308359
0.00640102306499
0.00640163203628
0.00640203102144
0.00640228453802
0.00640250952966
0.00640686725534
0.00640250550607
0.00640710093211
0.00641172792436
0.0064115643299
0.00641125021012
0.00641067531257
0.00641380682387
0.00642125792827
0.00641870096856
0.00642050536615
0.00642191704673
0.00641823877809
0.00642309026339
0.0064142597049
0.00641895549233
0.00641895719798
0.00641899299195
0.00642313571664
0.00642333386524
0.00642748213036
0.00643146966137
0.00643036141692
0.0064336633639
0.0064317753513
0.00643334313741
0.00643928893059
0.00643124521286
0.00643162058547
0.00644057252953
0.0064357592933
0.00643575420291
0.00643967787062
0.00643887770511
0.00644302087853
0.00644234551951
0.00644157415207
0.00644941357162
0.00645209202118
0.00644566439626
0.00644749690311
0.00645759693669
0.0064536581798
0.00644933535271
0.0064533955185
0.00645227924179
0.0064559685518
0.006454696869
0.00645350881771
0.00645616848505
0.00645890249528
0.00645297970648
0.00646442954581
0.00646694701768
0.00646426275974
0.00646985223376
0.00646635212363
0.00646613508173
0.00646542200047
0.00646433027477
0.00647157796315
0.00646495539304
0.00647185133379
0.0064687530568
0.00647065627802
0.006472686402
0.00647846453619
0.00647558589889
0.00647632563543
0.00648184175193
0.00648210910772
0.00648196289413
0.00648499084961
0.00648390688441
0.00648602192008
0.00648772695781
0.00648409022128
0.0064801786581
0.00648478291909
0.00648937331324
0.00648533900973
0.00648497919347
0.00649335254988
0.00649308156783
0.00649277392984
0.00649578328821
0.00649849553017
0.00650082136843
0.006497630056
0.00650257353764
0.00649842616143
0.00650245530483
0.00650620168705
0.00650462454839
0.00650285330944
0.0065010698471
0.0065028302586
0.00650471308558
0.00650662028945
0.00650852041851
0.00651031318626
0.00651543467967
0.00651162167765
0.00651598767958
0.00651473654946
0.00651303572319
0.00651945412059
0.00651686725762
0.00651735119066
0.00651761226786
0.00651773680898
0.00651782841937
0.00652650630585
0.00652152690885
0.00652518517892
0.00652370119023
0.00652726169518
0.00652539930431
0.00653177316603
0.00652921347625
0.00652954886064
0.00652934996833
0.00652870092968
0.0065361614202
0.0065295750854
0.00653128758448
0.00653281360813
0.00653429617111
0.00653065034953
0.00654078232254
0.0065320157505
0.00653696794423
0.00654177561107
0.00654119204165
0.00654876216157
0.00654214913287
0.00654878286871
0.00654971585307
0.00655015387574
0.00655018323855
0.00655308823478
0.00654725470406
0.00654979923919
0.00655227124756
0.00654952119331
0.00654678602177
0.00655263364455
0.00655846765091
0.00655887623636
0.00656428722891
0.00656409524751
0.00655817156253
0.00656556166077
0.00656709912845
0.00656816250521
0.00656882627119
0.00656383646199
0.00656704151314
0.00656161574561
0.00656460201617
0.00656233428035
0.00657390510716
0.00657165853767
0.00657254620125
0.00657016841765
0.00657067134081
0.00657927075718
0.00657891920118
0.00657274761777
0.00657987686366
0.0065811605278
0.00657663948357
0.0065771178297
0.00658041767566
0.00658358679649
0.00657826535166
0.00657596959189
0.00658756211822
0.00658538595671
0.00659158446636
0.00658381728928
0.006584170579
0.00658959883767
0.00659217492297
0.00659122454835
0.00659272961345
0.00659376610109
0.00659437096748
0.00659463891764
0.00659761193738
0.00659200058153
0.00659477580193
0.00659753626159
0.00659492531192
0.0066006995307
0.00659801931392
0.00660359972695
0.00660345772231
0.00660836051807
0.0066073388725
0.00660873644385
0.00660671956464
0.00660710018483
0.00660700786869
0.00661493116354
0.00660877618857
0.00661083471628
0.00661279929944
0.00661476692381
0.00661678271309
0.006613349883
0.00661817322306
0.00662281216314
0.00661331564978
0.00662565283029
0.00662366946093
0.00662395581695
0.00662086406817
0.00662013243375
0.00662447228726
0.00662572595459
0.00662390787705
0.00662470050695
0.00663100132722
0.00663178107337
0.00662700911746
0.00662777557853
0.00663125307262
0.00663455010077
0.00663757488984
0.00663457147165
0.00663110859625
0.00663542034557
0.0066392087075
0.0066424677379
0.00663971972117
0.00663657313334
0.00664149000904
0.00664065805221
0.00663702357407
0.00664436103377
0.00664346087899
0.00663696363266
0.00664427015454
0.00664572785088
0.00664689164942
0.0066420724226
0.00665061061161
0.00665299063136
0.00665480403756
0.00665612420646
0.00665137461103
0.00665185811286
0.00665469889568
0.0066517381351
0.00665435683756
0.00665133534134
0.00665654973629
0.00665347646759
0.00665859249582
0.00665786830377
0.0066567740876
0.00666350374608
0.00666146365962
0.00666148840924
0.00666663736725
0.00666556910446
0.00666657939293
0.00666467756012
0.00666507008738
0.00666525677202
0.00666536581073
0.00666799017852
0.00666812647559
0.00667073091179
0.00667321222628
0.00666979140392
0.0066717202171
0.00667575236318
0.00667923872521
0.00668214598826
0.00667878788519
0.00667491515983
0.00667875855285
0.00668223682735
0.00667720013632
0.006682679168
0.00667989724261
0.00667707211926
0.00668241542987
0.00668197411651
0.00668142286617
0.00668884807375
0.0066876921702
0.00668850697491
0.00668882226821
0.00668856036486
0.00668773259592
0.006694507581
0.00669503073547
0.00669521780212
0.00669509792593
0.00669478961243
0.00669675927031
0.00669055254786
0.00669250366692
0.00669439465797
0.00669845482136
0.0066941672836
0.00669765338737
0.00670068310797
0.00670316799665
0.0067073701578
0.00670287795613
0.00670600237036
0.00670863789058
0.00670502044711
0.00670114184897
0.00670518602591
0.00670916519786
0.00670725018891
0.00671113079721
0.00670916807288
0.00670928923992
0.00671499097257
0.00671447240851
0.00671932541039
0.00671193392437
0.00671792200415
0.00672329464227
0.00672224302844
0.00672072833277
0.00671884712626
0.00671885369549
0.00671865521245
0.00672426004002
0.00671806580057
0.00671773186154
0.00671948451928
0.00672699860045
0.00672831624291
0.00672339543813
0.00672385652667
0.00672589850489
0.00672736356828
0.00672824552616
0.00672861294816
0.006730570756
0.00673210834917
0.00672534780379
0.00673451198486
0.00672956128711
0.00673051092119
0.00673350258219
0.00673048944999
0.00673326730427
0.00672980637145
0.00673989588656
0.00673761493989
0.00674072240388
0.00674323645831
0.00673916450454
0.00674253407177
0.00674547483197
0.00674200483589
0.00674422241582
0.00674025530211
0.00674417094864
0.00674807484309
0.00674596849055
0.00674370109318
0.00674127204543
0.00674657989704
0.00675145592823
0.00674982660573
0.00674759494733
0.00675274731801
0.00675732501001
0.00674731537269
0.00675877327889
0.00675585182985
0.00674659662833
0.00675115426937
0.00674955716672
0.00675392298099
0.00676017682362
0.00675233744278
0.00675832184007
0.00675792045419
0.00675709032209
0.006763704494
0.00676181143756
0.0067611548156
0.00675988054583
0.00676600644288
0.00676367768989
0.00676281217133
0.00676770615834
0.0067663117667
0.00676481532585
0.00676511006689
0.00677142491791
0.00676360920343
0.0067714227678
0.00677101522575
0.00677201601821
0.0067706240457
0.00677044053102
0.00677756590119
0.00677618054553
0.00677602102458
0.00677529571472
0.00677417605218
0.00677278698322
0.00677908299751
0.00677119407006
0.00677114329134
0.00677102713169
0.0067787367273
0.00677827689991
0.00677922333391
0.00677974797766
0.0067797171285
0.00678698648102
0.00678744415931
0.00678553563591
0.00679266333322
0.00678526968217
0.00678358294515
0.00678327375594
0.00678893833581
0.00678833705672
0.00678933698658
0.00678854133672
0.00678928625497
0.00678982117604
0.00679002730573
0.00679760802776
0.00679057288537
0.00679695221686
0.00679653728814
0.00679711258853
0.00679544331521
0.00679490600154
0.00680013482972
0.0067988643081
0.00679116569296
0.0067973480624
0.00679724592339
0.00679703116829
0.00679672382272
0.0068039504662
0.00680298086076
0.00680315820355
0.00680276839655
0.00680954570937
0.00680161518634
0.00680708460971
0.00680572734667
0.00680386041418
0.00680932970634
0.00680669721254
0.00680537315446
0.00680393719281
0.00681019250923
0.00680851579673
0.00680820340217
0.00681396902632
0.00681305149893
0.00681162762757
0.00681741372018
0.0068162560309
0.00681447035535
0.00681203579962
0.00681672127559
0.00681313241458
0.00681058896606
0.00682179964578
0.00681869294583
0.00682319528744
0.00681354399809
0.00681785216915
0.0068234257107
0.00682097931883
0.00682587950795
0.00682395188896
0.00682780433829
0.00682462481204
0.00682851272891
0.00683176338671
0.00682807956538
0.00683018811379
0.00682551146316
0.00682820532913
0.00682435007958
0.00682672837512
0.00682260887076
0.00682606236788
0.00682935690352
0.00683238188694
0.00682864396747
0.00683845743816
0.00683356038662
0.00683576826203
0.00683087863524
0.00683942048944
0.00683324692919
0.00683423247819
0.00683480464183
0.00683503550534
0.00683629180741
0.00682973948043
0.00683713782941
0.00683163882971
0.00684001720373
0.00683397811479
0.00684163302959
0.00684236573195
0.00684247344571
0.00684316284323
0.00684955011658
0.00684887400355
0.00684760688403
0.00684575874291
0.00684468042891
0.00684970224145
0.00684806127367
0.00684628611875
0.00684434026571
0.00684346101357
0.00684882549343
0.00684746244995
0.00685328263956
0.00685092088766
0.00684909779169
0.00685310503523
0.00684992567107
0.00685368309449
0.0068567852857
0.00685291446565
0.00685505575075
0.00685038670013
0.00685305066797
0.00685557793808
0.00685149544696
0.00685374976311
0.00685686772475
0.00685967481525
0.00686204270876
0.00685738570447
0.00685856741573
0.00686011660997
0.00686098385638
0.00686118747059
0.00686184309953
0.00686081800623
0.00686041588207
0.00685968348479
0.00685872437298
0.00685861271835
0.00686487257056
0.0068644655348
0.00686381342972
0.0068628612469
0.00686898287304
0.0068679948182
0.0068663709643
0.00686404627004
0.00686855308463
0.00687234776433
0.00686895837858
0.00687157987707
0.00687474480159
0.00686998954012
0.00686595688073
0.00686831299938
0.00687150814844
0.00687452606414
0.00686973877061
0.00687213156482
0.00687505478711
0.00686984866208
0.00687808234963
0.00687241247842
0.006872612615
0.00687965448521
0.0068794393665
0.00687865348369
0.00687739106653
0.00687579230977
0.0068748727072
0.00688032583672
0.00687899969542
0.00687751196231
0.00688327800001
0.00687457320602
0.00688695608227
0.00688463998597
0.00688167162632
0.00688548305007
0.00688851658636
0.00688421740231
0.00688674802981
0.00688123530931
0.00688275440991
0.00688385888441
0.00688555061555
0.00688624373344
0.0068875847537
0.00688872120914
0.00688291879769
0.00689084766113
0.0068841908396
0.00688439508096
0.00689133695256
0.00689006422982
0.00689553869594
0.00689363115133
0.0068910531138
0.00688785547349
0.00689168073754
0.00689512204447
0.00689162545183
0.00688788184307
0.00689809358082
0.00688730391017
0.00689037112434
0.00690043388878
0.00689584836216
0.00689810572163
0.00689963673443
0.00690044973749
0.0068937776053
0.00690046084619
0.00689982094688
0.0068986016792
0.00690430108442
0.00689548128568
0.00690049025457
0.00689862703695
0.00689654099508
0.00690162474883
0.00690640561962
0.00690407051455
0.00690119506741
0.00689767931187
0.00690083118329
0.00690320346485
0.00690484590293
0.00690639365959
0.00689986783331
0.00690012218925
0.00689989917232
0.00690668704046
0.00689904922005
0.00690530363599
0.00690460868509
0.00691106814783
0.00690306456936
0.00690876116662
0.00690712856198
0.00690486526914
0.00690924622109
0.00691282096521
0.0069156365531
0.00691090926126
0.00690552973896
0.00691370052645
0.0069077398972
0.00690819975156
0.00691575130037
0.00690892895203
0.00690921636382
0.00690924258372
0.00691627828409
0.00691558459947
0.00691481551979
0.00691337771456
0.00691852056303
0.00691556094494
0.00691915351605
0.00691519349874
0.0069173000623
0.00691933059809
0.00692086143816
0.00692200450902
0.00691602357
0.00691660340652
0.00691745425756
0.00691806355522
0.00691832952011
0.00692538284606
0.00691776706395
0.00691673706413
0.00692183691835
0.00692655350549
0.00691632018058
0.0069194861774
0.00692198477615
0.00692425159102
0.00691872497751
0.00692008780917
0.0069211672715
0.00692239440826
0.00692296245506
0.00692366459603
0.00692403118638
0.00692391455617
0.00692358421507
0.00692942465067
0.0069275896758
0.00692500720585
0.00692885429059
0.00692466630189
0.00692701075081
0.00692908726514
0.00692344130196
0.00693152733991
0.00692545834327
0.00692606046657
0.00692641300415
0.00692682845118
0.00692686255423
0.00692636430859
0.0069325156504
0.00693076441626
0.00692850195339
0.00693234771246
0.00693564507842
0.00693098376218
0.00693284374437
0.00692711632898
0.00693499084833
0.00692834293512
0.00692857674542
0.00692857823561
0.00693546853461
0.00692793754444
0.00693417879549
0.00693295470539
0.00693109608345
0.00693570780589
0.00693953763671
0.00693559375885
0.00693776907674
0.00693937071187
0.00694023199508
0.00694050522678
0.00694025372442
0.00693261570798
0.00693179413147
0.00693767154444
0.00693635256526
0.0069349057343
0.0069399871698
0.00694456239297
0.00694153617884
0.00693778558906
0.00694034135589
0.00694206957526
0.00693598166824
0.00694323441973
0.00694276417363
0.00693452029038
0.00694001151581
0.00693794044011
0.00694270968324
0.00694016574697
0.00693733158273
0.00694118366698
0.00693775778287
0.0069407934308
0.00694312893151
0.00694484778558
0.00694565954861
0.00694572554029
0.00694493100683
0.00694340192502
0.0069481502019
0.0069452681455
0.006948860637
0.00694498992326
0.00694786283456
0.00694343609684
0.00694576657359
0.00694070459529
0.00694931100863
0.00695033057531
0.00695070479412
0.00694326463222
0.00694910117058
0.00694701913259
0.00695112862847
0.00694741507111
0.00695000913436
0.00694486834695
0.00694626114343
0.00694015667281
0.00694787552345
0.00694817376441
0.00694816920269
0.00695490930644
0.00694702886858
0.00695272667818
0.00695064339545
0.0069548306309
0.00695112946862
0.00695364699961
0.00694813842159
0.00695597592003
0.00694890491722
0.00694825704376
0.00694705565659
0.0069524196266
0.00695038613418
0.00694801082003
0.00694533040696
0.00695637141935
0.0069528262439
0.00694858609042
0.00695081019973
0.00695923610502
0.00695264064014
0.00695218780182
0.00695087388118
0.00695573713552
0.00695282510621
0.00694912130423
0.00695902980824
0.00695433860053
0.00695628989387
0.0069509044912
0.00695205934132
0.00695296775045
0.00695327558163
0.00696010183984
0.00695902935033
0.00695719969613
0.00696145713476
0.00695769767146
0.00696016755027
0.00695464216516
0.00695535819422
0.00695540589111
0.00695488239418
0.00695369867678
0.00695233882736
0.00695046097026
0.00695542872377
0.00695975531164
0.00695642460889
0.00695964934192
0.0069621374768
0.00695661467396
0.00695716676857
0.00695678245966
0.00695556283415
0.00696038866392
0.00695750334186
0.00695369625452
0.00695628069736
0.00695865224381
0.00696037454359
0.00695455345059
0.0069555735458
0.00696314564694
0.00695602703701
0.00695521809801
0.0069605661251
0.00695816570647
0.00696180067271
0.00696448527903
0.00695906188635
0.00695968578712
0.0069595518947
0.00695872214486
0.0069572939107
0.00696231071815
0.00695282374245
0.00696402562494
0.00696070807166
0.0069569431609
0.00695954209292
0.0069615440086
0.00696240559544
0.00696273247568
0.0069618180754
0.00695996708268
0.006964106098
0.00696046897296
0.00696290311796
0.00695740534314
0.00695826068447
0.00696583327232
0.00695889698904
0.00696530418778
0.0069572406775
0.00696287971689
0.0069606770615
0.00696503680355
0.00696136997299
0.00696372837677
0.0069651362686
0.00696560256671
0.0069646764534
0.00696335502761
0.00696080779
0.0069644010449
0.00696053633161
0.00696303440116
0.00695788236555
0.00695962215988
0.00696048355895
0.00696091213204
0.00696077690555
0.00695992929748
0.00696514500211
0.00696943456415
0.00696551932423
0.00696794427691
0.00696895048146
0.00696221892726
0.00696835583651
0.00695965164699
0.00696448831827
0.00696151759104
0.00696540781057
0.00696161517225
0.00696424326499
0.00696640701182
0.00696063375893
0.00696143521086
0.0069609616991
0.00696691913381
0.00696454405164
0.00696801603918
0.00697052780383
0.00696483178154
0.00696565712539
0.00695843136011
0.00695734821002
0.00696315712364
0.00696795025697
0.00695824438561
0.00696220903036
0.00696567245154
0.00696121545397
0.00696280849427
0.00696353144387
0.00696333416562
0.00696219257545
0.00696683225515
0.00696317528174
0.00696590155602
0.00696724977214
0.00696112536542
0.0069611492796
0.0069674034758
0.00695907469309
0.00696448395722
0.00696209950673
0.00696655692789
0.00696973548263
0.00696544570689
0.00695968425257
0.00696712266778
0.00696680776675
0.00696483087718
0.00696190806136
0.00696484002599
0.00696015703233
0.00696150021324
0.00696217480459
0.00696172765044
0.00696149223896
0.00696013898641
0.0069583201467
0.00696270910504
0.00696645609306
