0 -2.44981 3.68015 -8.94209 68.5447 -156.995 99.432 11.9588 -91.6703 210.084 -133.053 
0 -2.30411 3.59927 -1.74002 16.2357 -44.6187 31.0914 2.32821 -21.7252 59.8268 -41.6806 
0 -2.15929 3.51682 -0.435565 4.79005 -15.3048 10.4903 0.580239 -6.38234 20.5129 -14.036 
0 -2.0154 3.43275 -9.23417e-06 -0.000299924 0.148962 -3.04027 -1.07519e-05 -0.000617845 -0.0746706 3.98941 
0 -1.87252 3.34698 -9.69987e-06 -0.000294735 0.148945 -3.04025 -1.11086e-05 -0.000613871 -0.0746831 3.98942 
0 -1.73073 3.25942 -1.0199e-05 -0.000288532 0.148924 -3.04023 -1.14808e-05 -0.000609245 -0.0746992 3.98943 
0 -1.59011 3.16999 -1.07343e-05 -0.00028119 0.148896 -3.04021 -1.18685e-05 -0.000603928 -0.0747194 3.98945 
0 -1.45076 3.0786 -1.13093e-05 -0.000272565 0.14886 -3.04017 -1.22722e-05 -0.000597872 -0.0747444 3.98948 
0 -1.31279 2.98515 -1.19276e-05 -0.000262495 0.148815 -3.04012 -1.26924e-05 -0.00059103 -0.074775 3.98951 
0 -1.1763 2.88953 -1.25934e-05 -0.000250797 0.148759 -3.04006 -1.3129e-05 -0.000583357 -0.0748118 3.98955 
0 -1.04144 2.79164 -1.3311e-05 -0.000237264 0.14869 -3.03998 -1.35822e-05 -0.000574811 -0.0748556 3.98961 
0 -0.908346 2.69135 -1.40855e-05 -0.000221663 0.148605 -3.03987 -1.40517e-05 -0.000565354 -0.0749072 3.98967 
0 -0.777191 2.58855 -1.49224e-05 -0.00020373 0.148501 -3.03973 -1.45371e-05 -0.000554954 -0.0749675 3.98975 
0 -0.648161 2.48309 -1.58277e-05 -0.000183166 0.148375 -3.03955 -1.50373e-05 -0.000543592 -0.0750371 3.98985 
0 -0.521467 2.37483 -1.68081e-05 -0.000159638 0.148223 -3.03933 -1.55509e-05 -0.000531265 -0.0751167 3.98997 
0 -0.397345 2.26364 -1.78706e-05 -0.000132773 0.14804 -3.03905 -1.60758e-05 -0.000517993 -0.0752068 3.99011 
0 -0.276065 2.14936 -1.9023e-05 -0.000102151 0.147822 -3.0387 -1.6609e-05 -0.000503824 -0.0753078 3.99027 
0 -0.157931 2.03182 -2.02736e-05 -6.73127e-05 0.147562 -3.03826 -1.71465e-05 -0.00048885 -0.0754194 3.99045 
0 -0.0432879 1.91088 -2.16311e-05 -2.77503e-05 0.147254 -3.03773 -1.76829e-05 -0.000473218 -0.0755412 3.99067 
0 0.0674766 1.78638 -2.31046e-05 1.70842e-05 0.14689 -3.03707 -1.82112e-05 -0.000457144 -0.0756717 3.9909 
0 0.173925 1.65818 -2.47029e-05 6.77733e-05 0.146462 -3.03627 -1.87222e-05 -0.000440937 -0.0758088 3.99116 
0 0.275565 1.52613 -2.64346e-05 0.00012492 0.145959 -3.0353 -1.92045e-05 -0.000425023 -0.0759486 3.99143 
0 0.371851 1.39012 -2.83073e-05 0.000189128 0.145374 -3.03413 -1.96435e-05 -0.00040997 -0.0760859 3.9917 
0 0.462179 1.2501 -3.03267e-05 0.00026096 0.144695 -3.03272 -2.00216e-05 -0.000396521 -0.0762131 3.99197 
0 0.545892 1.10602 -3.24955e-05 0.000340896 0.143912 -3.03105 -2.03174e-05 -0.000385619 -0.0763197 3.99219 
0 0.622287 0.957935 -3.48122e-05 0.000429263 0.143018 -3.02908 -2.05057e-05 -0.000378437 -0.0763924 3.99235 
0 0.690632 0.80597 -3.72693e-05 0.000526144 0.142005 -3.02678 -2.05578e-05 -0.000376384 -0.0764139 3.9924 
0 0.750188 0.650353 -3.98517e-05 0.000631281 0.140871 -3.02413 -2.04419e-05 -0.000381101 -0.076363 3.99228 
0 0.800242 0.491428 -4.25346e-05 0.000743962 0.139618 -3.02112 -2.01247e-05 -0.000394423 -0.0762149 3.99193 
0 0.840148 0.329658 -4.52826e-05 0.000862914 0.138256 -3.01776 -1.95732e-05 -0.000418295 -0.0759415 3.99125 
0 0.869369 0.165624 -4.80493e-05 0.000986227 0.136803 -3.01407 -1.87575e-05 -0.000454651 -0.075513 3.99017 
0 0.887526 0 -5.07772e-05 0.00111132 0.135287 -3.01013 -1.76539e-05 -0.00050526 -0.0748997 3.98857 
