-10 -10 100.
-10 -9.75 100.
-10 -9.5 100.
-10 -9.25 100.
-10 -9. 100.
-10 -8.75 100.
-10 -8.5 100.
-10 -8.25 100.
-10 -8. 100.
-10 -7.75 100.
-10 -7.5 100.
-10 -7.25 100.
-10 -7. 100.
-10 -6.75 100.
-10 -6.5 100.
-10 -6.25 100.
-10 -6. 100.
-10 -5.75 100.
-10 -5.5 100.
-10 -5.25 100.
-10 -5. 100.
-10 -4.75 100.
-10 -4.5 100.
-10 -4.25 100.
-10 -4. 100.
-10 -3.75 100.
-10 -3.5 100.
-10 -3.25 100.
-10 -3. 100.
-10 -2.75 100.
-10 -2.5 100.
-10 -2.25 100.
-10 -2. 100.
-10 -1.75 100.
-10 -1.5 100.
-10 -1.25 100.
-10 -1. 100.
-10 -0.75 100.
-10 -0.5 100.
-10 -0.25 100.
-10 0 0.
-10 0.25 100.
-10 0.5 100.
-10 0.75 100.
-10 1. 100.
-10 1.25 100.
-10 1.5 100.
-10 1.75 100.
-10 2. 100.
-10 2.25 100.
-10 2.5 100.
-10 2.75 100.
-10 3. 100.
-10 3.25 100.
-10 3.5 100.
-10 3.75 100.
-10 4. 100.
-10 4.25 100.
-10 4.5 100.
-10 4.75 100.
-10 5. 100.
-10 5.25 100.
-10 5.5 100.
-10 5.75 100.
-10 6. 100.
-10 6.25 100.
-10 6.5 100.
-10 6.75 100.
-10 7. 100.
-10 7.25 100.
-10 7.5 100.
-10 7.75 100.
-10 8. 100.
-10 8.25 100.
-10 8.5 100.
-10 8.75 100.
-10 9. 100.
-10 9.25 100.
-10 9.5 5.01405
-10 9.75 100.
-10 10. 100.
-9.75 -10 100.
-9.75 -9.75 100.
-9.75 -9.5 100.
-9.75 -9.25 100.
-9.75 -9. 100.
-9.75 -8.75 100.
-9.75 -8.5 100.
-9.75 -8.25 100.
-9.75 -8. 100.
-9.75 -7.75 100.
-9.75 -7.5 100.
-9.75 -7.25 100.
-9.75 -7. 100.
-9.75 -6.75 100.
-9.75 -6.5 100.
-9.75 -6.25 100.
-9.75 -6. 100.
-9.75 -5.75 100.
-9.75 -5.5 100.
-9.75 -5.25 100.
-9.75 -5. 100.
-9.75 -4.75 100.
-9.75 -4.5 100.
-9.75 -4.25 100.
-9.75 -4. 100.
-9.75 -3.75 100.
-9.75 -3.5 100.
-9.75 -3.25 100.
-9.75 -3. 100.
-9.75 -2.75 100.
-9.75 -2.5 100.
-9.75 -2.25 100.
-9.75 -2. 100.
-9.75 -1.75 100.
-9.75 -1.5 100.
-9.75 -1.25 100.
-9.75 -1. 100.
-9.75 -0.75 100.
-9.75 -0.5 100.
-9.75 -0.25 100.
-9.75 0 0.
-9.75 0.25 100.
-9.75 0.5 100.
-9.75 0.75 100.
-9.75 1. 100.
-9.75 1.25 100.
-9.75 1.5 100.
-9.75 1.75 100.
-9.75 2. 100.
-9.75 2.25 100.
-9.75 2.5 100.
-9.75 2.75 100.
-9.75 3. 100.
-9.75 3.25 100.
-9.75 3.5 100.
-9.75 3.75 100.
-9.75 4. 100.
-9.75 4.25 100.
-9.75 4.5 100.
-9.75 4.75 100.
-9.75 5. 100.
-9.75 5.25 100.
-9.75 5.5 100.
-9.75 5.75 100.
-9.75 6. 100.
-9.75 6.25 100.
-9.75 6.5 100.
-9.75 6.75 100.
-9.75 7. 100.
-9.75 7.25 100.
-9.75 7.5 100.
-9.75 7.75 100.
-9.75 8. 100.
-9.75 8.25 100.
-9.75 8.5 100.
-9.75 8.75 100.
-9.75 9. 100.
-9.75 9.25 100.
-9.75 9.5 100.
-9.75 9.75 100.
-9.75 10. 100.
-9.5 -10 100.
-9.5 -9.75 100.
-9.5 -9.5 100.
-9.5 -9.25 100.
-9.5 -9. 100.
-9.5 -8.75 100.
-9.5 -8.5 100.
-9.5 -8.25 100.
-9.5 -8. 100.
-9.5 -7.75 100.
-9.5 -7.5 100.
-9.5 -7.25 100.
-9.5 -7. 100.
-9.5 -6.75 100.
-9.5 -6.5 100.
-9.5 -6.25 100.
-9.5 -6. 100.
-9.5 -5.75 100.
-9.5 -5.5 100.
-9.5 -5.25 100.
-9.5 -5. 100.
-9.5 -4.75 100.
-9.5 -4.5 100.
-9.5 -4.25 100.
-9.5 -4. 100.
-9.5 -3.75 100.
-9.5 -3.5 100.
-9.5 -3.25 100.
-9.5 -3. 100.
-9.5 -2.75 100.
-9.5 -2.5 100.
-9.5 -2.25 100.
-9.5 -2. 100.
-9.5 -1.75 100.
-9.5 -1.5 100.
-9.5 -1.25 100.
-9.5 -1. 100.
-9.5 -0.75 100.
-9.5 -0.5 100.
-9.5 -0.25 100.
-9.5 0 0.
-9.5 0.25 100.
-9.5 0.5 100.
-9.5 0.75 100.
-9.5 1. 100.
-9.5 1.25 100.
-9.5 1.5 100.
-9.5 1.75 100.
-9.5 2. 100.
-9.5 2.25 100.
-9.5 2.5 100.
-9.5 2.75 100.
-9.5 3. 100.
-9.5 3.25 100.
-9.5 3.5 100.
-9.5 3.75 100.
-9.5 4. 100.
-9.5 4.25 100.
-9.5 4.5 100.
-9.5 4.75 100.
-9.5 5. 100.
-9.5 5.25 100.
-9.5 5.5 100.
-9.5 5.75 100.
-9.5 6. 100.
-9.5 6.25 100.
-9.5 6.5 100.
-9.5 6.75 100.
-9.5 7. 100.
-9.5 7.25 100.
-9.5 7.5 100.
-9.5 7.75 100.
-9.5 8. 100.
-9.5 8.25 100.
-9.5 8.5 100.
-9.5 8.75 100.
-9.5 9. 100.
-9.5 9.25 100.
-9.5 9.5 100.
-9.5 9.75 100.
-9.5 10. 100.
-9.25 -10 100.
-9.25 -9.75 100.
-9.25 -9.5 100.
-9.25 -9.25 100.
-9.25 -9. 100.
-9.25 -8.75 100.
-9.25 -8.5 100.
-9.25 -8.25 100.
-9.25 -8. 100.
-9.25 -7.75 100.
-9.25 -7.5 100.
-9.25 -7.25 100.
-9.25 -7. 100.
-9.25 -6.75 100.
-9.25 -6.5 100.
-9.25 -6.25 100.
-9.25 -6. 100.
-9.25 -5.75 100.
-9.25 -5.5 100.
-9.25 -5.25 100.
-9.25 -5. 100.
-9.25 -4.75 100.
-9.25 -4.5 100.
-9.25 -4.25 100.
-9.25 -4. 100.
-9.25 -3.75 100.
-9.25 -3.5 100.
-9.25 -3.25 100.
-9.25 -3. 100.
-9.25 -2.75 100.
-9.25 -2.5 100.
-9.25 -2.25 100.
-9.25 -2. 100.
-9.25 -1.75 100.
-9.25 -1.5 100.
-9.25 -1.25 100.
-9.25 -1. 100.
-9.25 -0.75 100.
-9.25 -0.5 100.
-9.25 -0.25 100.
-9.25 0 0.
-9.25 0.25 100.
-9.25 0.5 100.
-9.25 0.75 100.
-9.25 1. 100.
-9.25 1.25 100.
-9.25 1.5 100.
-9.25 1.75 100.
-9.25 2. 100.
-9.25 2.25 100.
-9.25 2.5 100.
-9.25 2.75 100.
-9.25 3. 100.
-9.25 3.25 100.
-9.25 3.5 100.
-9.25 3.75 100.
-9.25 4. 100.
-9.25 4.25 100.
-9.25 4.5 100.
-9.25 4.75 100.
-9.25 5. 100.
-9.25 5.25 100.
-9.25 5.5 100.
-9.25 5.75 100.
-9.25 6. 100.
-9.25 6.25 100.
-9.25 6.5 100.
-9.25 6.75 100.
-9.25 7. 100.
-9.25 7.25 100.
-9.25 7.5 100.
-9.25 7.75 100.
-9.25 8. 100.
-9.25 8.25 100.
-9.25 8.5 100.
-9.25 8.75 100.
-9.25 9. 100.
-9.25 9.25 100.
-9.25 9.5 100.
-9.25 9.75 100.
-9.25 10. 100.
-9. -10 100.
-9. -9.75 100.
-9. -9.5 100.
-9. -9.25 100.
-9. -9. 100.
-9. -8.75 100.
-9. -8.5 100.
-9. -8.25 100.
-9. -8. 100.
-9. -7.75 100.
-9. -7.5 100.
-9. -7.25 100.
-9. -7. 100.
-9. -6.75 100.
-9. -6.5 100.
-9. -6.25 100.
-9. -6. 100.
-9. -5.75 100.
-9. -5.5 100.
-9. -5.25 100.
-9. -5. 100.
-9. -4.75 100.
-9. -4.5 100.
-9. -4.25 100.
-9. -4. 100.
-9. -3.75 100.
-9. -3.5 100.
-9. -3.25 100.
-9. -3. 100.
-9. -2.75 100.
-9. -2.5 100.
-9. -2.25 100.
-9. -2. 100.
-9. -1.75 100.
-9. -1.5 100.
-9. -1.25 100.
-9. -1. 100.
-9. -0.75 100.
-9. -0.5 100.
-9. -0.25 100.
-9. 0 0.
-9. 0.25 100.
-9. 0.5 100.
-9. 0.75 100.
-9. 1. 100.
-9. 1.25 100.
-9. 1.5 100.
-9. 1.75 100.
-9. 2. 100.
-9. 2.25 100.
-9. 2.5 100.
-9. 2.75 100.
-9. 3. 100.
-9. 3.25 100.
-9. 3.5 100.
-9. 3.75 100.
-9. 4. 100.
-9. 4.25 100.
-9. 4.5 100.
-9. 4.75 100.
-9. 5. 100.
-9. 5.25 100.
-9. 5.5 100.
-9. 5.75 100.
-9. 6. 100.
-9. 6.25 100.
-9. 6.5 100.
-9. 6.75 100.
-9. 7. 100.
-9. 7.25 100.
-9. 7.5 100.
-9. 7.75 100.
-9. 8. 100.
-9. 8.25 100.
-9. 8.5 100.
-9. 8.75 100.
-9. 9. 100.
-9. 9.25 100.
-9. 9.5 100.
-9. 9.75 100.
-9. 10. 100.
-8.75 -10 100.
-8.75 -9.75 100.
-8.75 -9.5 100.
-8.75 -9.25 100.
-8.75 -9. 100.
-8.75 -8.75 100.
-8.75 -8.5 100.
-8.75 -8.25 100.
-8.75 -8. 100.
-8.75 -7.75 100.
-8.75 -7.5 100.
-8.75 -7.25 100.
-8.75 -7. 100.
-8.75 -6.75 100.
-8.75 -6.5 100.
-8.75 -6.25 100.
-8.75 -6. 100.
-8.75 -5.75 100.
-8.75 -5.5 100.
-8.75 -5.25 100.
-8.75 -5. 100.
-8.75 -4.75 100.
-8.75 -4.5 100.
-8.75 -4.25 100.
-8.75 -4. 100.
-8.75 -3.75 100.
-8.75 -3.5 100.
-8.75 -3.25 100.
-8.75 -3. 100.
-8.75 -2.75 100.
-8.75 -2.5 100.
-8.75 -2.25 100.
-8.75 -2. 100.
-8.75 -1.75 100.
-8.75 -1.5 100.
-8.75 -1.25 100.
-8.75 -1. 100.
-8.75 -0.75 100.
-8.75 -0.5 100.
-8.75 -0.25 100.
-8.75 0 0.
-8.75 0.25 100.
-8.75 0.5 100.
-8.75 0.75 100.
-8.75 1. 100.
-8.75 1.25 100.
-8.75 1.5 100.
-8.75 1.75 100.
-8.75 2. 100.
-8.75 2.25 100.
-8.75 2.5 100.
-8.75 2.75 100.
-8.75 3. 100.
-8.75 3.25 100.
-8.75 3.5 100.
-8.75 3.75 100.
-8.75 4. 100.
-8.75 4.25 100.
-8.75 4.5 100.
-8.75 4.75 100.
-8.75 5. 100.
-8.75 5.25 100.
-8.75 5.5 100.
-8.75 5.75 100.
-8.75 6. 100.
-8.75 6.25 100.
-8.75 6.5 100.
-8.75 6.75 100.
-8.75 7. 100.
-8.75 7.25 100.
-8.75 7.5 100.
-8.75 7.75 100.
-8.75 8. 100.
-8.75 8.25 100.
-8.75 8.5 100.
-8.75 8.75 100.
-8.75 9. 100.
-8.75 9.25 100.
-8.75 9.5 100.
-8.75 9.75 100.
-8.75 10. 100.
-8.5 -10 100.
-8.5 -9.75 100.
-8.5 -9.5 100.
-8.5 -9.25 100.
-8.5 -9. 100.
-8.5 -8.75 100.
-8.5 -8.5 100.
-8.5 -8.25 100.
-8.5 -8. 100.
-8.5 -7.75 100.
-8.5 -7.5 100.
-8.5 -7.25 100.
-8.5 -7. 100.
-8.5 -6.75 100.
-8.5 -6.5 100.
-8.5 -6.25 100.
-8.5 -6. 100.
-8.5 -5.75 100.
-8.5 -5.5 100.
-8.5 -5.25 100.
-8.5 -5. 100.
-8.5 -4.75 100.
-8.5 -4.5 100.
-8.5 -4.25 100.
-8.5 -4. 100.
-8.5 -3.75 100.
-8.5 -3.5 100.
-8.5 -3.25 100.
-8.5 -3. 100.
-8.5 -2.75 100.
-8.5 -2.5 100.
-8.5 -2.25 100.
-8.5 -2. 100.
-8.5 -1.75 100.
-8.5 -1.5 100.
-8.5 -1.25 100.
-8.5 -1. 100.
-8.5 -0.75 100.
-8.5 -0.5 100.
-8.5 -0.25 100.
-8.5 0 0.
-8.5 0.25 100.
-8.5 0.5 100.
-8.5 0.75 100.
-8.5 1. 100.
-8.5 1.25 100.
-8.5 1.5 100.
-8.5 1.75 100.
-8.5 2. 100.
-8.5 2.25 100.
-8.5 2.5 100.
-8.5 2.75 100.
-8.5 3. 100.
-8.5 3.25 100.
-8.5 3.5 100.
-8.5 3.75 100.
-8.5 4. 100.
-8.5 4.25 100.
-8.5 4.5 100.
-8.5 4.75 100.
-8.5 5. 100.
-8.5 5.25 100.
-8.5 5.5 100.
-8.5 5.75 100.
-8.5 6. 100.
-8.5 6.25 100.
-8.5 6.5 100.
-8.5 6.75 100.
-8.5 7. 100.
-8.5 7.25 100.
-8.5 7.5 100.
-8.5 7.75 100.
-8.5 8. 100.
-8.5 8.25 100.
-8.5 8.5 100.
-8.5 8.75 100.
-8.5 9. 100.
-8.5 9.25 100.
-8.5 9.5 100.
-8.5 9.75 100.
-8.5 10. 100.
-8.25 -10 100.
-8.25 -9.75 100.
-8.25 -9.5 100.
-8.25 -9.25 100.
-8.25 -9. 100.
-8.25 -8.75 100.
-8.25 -8.5 100.
-8.25 -8.25 100.
-8.25 -8. 100.
-8.25 -7.75 100.
-8.25 -7.5 100.
-8.25 -7.25 100.
-8.25 -7. 100.
-8.25 -6.75 100.
-8.25 -6.5 100.
-8.25 -6.25 100.
-8.25 -6. 100.
-8.25 -5.75 100.
-8.25 -5.5 100.
-8.25 -5.25 100.
-8.25 -5. 100.
-8.25 -4.75 100.
-8.25 -4.5 100.
-8.25 -4.25 100.
-8.25 -4. 100.
-8.25 -3.75 100.
-8.25 -3.5 100.
-8.25 -3.25 100.
-8.25 -3. 100.
-8.25 -2.75 100.
-8.25 -2.5 100.
-8.25 -2.25 100.
-8.25 -2. 100.
-8.25 -1.75 100.
-8.25 -1.5 100.
-8.25 -1.25 100.
-8.25 -1. 100.
-8.25 -0.75 100.
-8.25 -0.5 100.
-8.25 -0.25 100.
-8.25 0 0.
-8.25 0.25 100.
-8.25 0.5 100.
-8.25 0.75 100.
-8.25 1. 100.
-8.25 1.25 100.
-8.25 1.5 100.
-8.25 1.75 100.
-8.25 2. 100.
-8.25 2.25 100.
-8.25 2.5 100.
-8.25 2.75 100.
-8.25 3. 100.
-8.25 3.25 100.
-8.25 3.5 100.
-8.25 3.75 100.
-8.25 4. 100.
-8.25 4.25 100.
-8.25 4.5 100.
-8.25 4.75 100.
-8.25 5. 100.
-8.25 5.25 100.
-8.25 5.5 100.
-8.25 5.75 100.
-8.25 6. 100.
-8.25 6.25 100.
-8.25 6.5 100.
-8.25 6.75 100.
-8.25 7. 100.
-8.25 7.25 100.
-8.25 7.5 100.
-8.25 7.75 100.
-8.25 8. 100.
-8.25 8.25 100.
-8.25 8.5 100.
-8.25 8.75 100.
-8.25 9. 100.
-8.25 9.25 100.
-8.25 9.5 100.
-8.25 9.75 100.
-8.25 10. 100.
-8. -10 100.
-8. -9.75 100.
-8. -9.5 100.
-8. -9.25 100.
-8. -9. 100.
-8. -8.75 100.
-8. -8.5 100.
-8. -8.25 100.
-8. -8. 100.
-8. -7.75 100.
-8. -7.5 100.
-8. -7.25 100.
-8. -7. 100.
-8. -6.75 100.
-8. -6.5 100.
-8. -6.25 100.
-8. -6. 100.
-8. -5.75 100.
-8. -5.5 100.
-8. -5.25 100.
-8. -5. 100.
-8. -4.75 100.
-8. -4.5 100.
-8. -4.25 100.
-8. -4. 100.
-8. -3.75 100.
-8. -3.5 100.
-8. -3.25 100.
-8. -3. 100.
-8. -2.75 100.
-8. -2.5 100.
-8. -2.25 100.
-8. -2. 100.
-8. -1.75 100.
-8. -1.5 100.
-8. -1.25 100.
-8. -1. 100.
-8. -0.75 100.
-8. -0.5 100.
-8. -0.25 100.
-8. 0 0.
-8. 0.25 100.
-8. 0.5 100.
-8. 0.75 100.
-8. 1. 100.
-8. 1.25 100.
-8. 1.5 100.
-8. 1.75 100.
-8. 2. 100.
-8. 2.25 100.
-8. 2.5 100.
-8. 2.75 100.
-8. 3. 100.
-8. 3.25 100.
-8. 3.5 100.
-8. 3.75 100.
-8. 4. 100.
-8. 4.25 100.
-8. 4.5 100.
-8. 4.75 100.
-8. 5. 100.
-8. 5.25 100.
-8. 5.5 100.
-8. 5.75 100.
-8. 6. 100.
-8. 6.25 100.
-8. 6.5 100.
-8. 6.75 100.
-8. 7. 100.
-8. 7.25 100.
-8. 7.5 100.
-8. 7.75 100.
-8. 8. 100.
-8. 8.25 100.
-8. 8.5 100.
-8. 8.75 100.
-8. 9. 100.
-8. 9.25 100.
-8. 9.5 100.
-8. 9.75 100.
-8. 10. 100.
-7.75 -10 100.
-7.75 -9.75 100.
-7.75 -9.5 100.
-7.75 -9.25 100.
-7.75 -9. 100.
-7.75 -8.75 100.
-7.75 -8.5 100.
-7.75 -8.25 100.
-7.75 -8. 100.
-7.75 -7.75 100.
-7.75 -7.5 100.
-7.75 -7.25 100.
-7.75 -7. 100.
-7.75 -6.75 100.
-7.75 -6.5 100.
-7.75 -6.25 100.
-7.75 -6. 100.
-7.75 -5.75 100.
-7.75 -5.5 100.
-7.75 -5.25 100.
-7.75 -5. 100.
-7.75 -4.75 100.
-7.75 -4.5 100.
-7.75 -4.25 100.
-7.75 -4. 100.
-7.75 -3.75 100.
-7.75 -3.5 100.
-7.75 -3.25 100.
-7.75 -3. 100.
-7.75 -2.75 100.
-7.75 -2.5 100.
-7.75 -2.25 100.
-7.75 -2. 100.
-7.75 -1.75 100.
-7.75 -1.5 100.
-7.75 -1.25 100.
-7.75 -1. 100.
-7.75 -0.75 100.
-7.75 -0.5 100.
-7.75 -0.25 100.
-7.75 0 0.
-7.75 0.25 100.
-7.75 0.5 100.
-7.75 0.75 100.
-7.75 1. 100.
-7.75 1.25 100.
-7.75 1.5 100.
-7.75 1.75 100.
-7.75 2. 100.
-7.75 2.25 100.
-7.75 2.5 100.
-7.75 2.75 100.
-7.75 3. 100.
-7.75 3.25 100.
-7.75 3.5 100.
-7.75 3.75 100.
-7.75 4. 100.
-7.75 4.25 100.
-7.75 4.5 100.
-7.75 4.75 100.
-7.75 5. 100.
-7.75 5.25 100.
-7.75 5.5 100.
-7.75 5.75 100.
-7.75 6. 100.
-7.75 6.25 100.
-7.75 6.5 100.
-7.75 6.75 100.
-7.75 7. 100.
-7.75 7.25 100.
-7.75 7.5 100.
-7.75 7.75 100.
-7.75 8. 100.
-7.75 8.25 100.
-7.75 8.5 100.
-7.75 8.75 100.
-7.75 9. 100.
-7.75 9.25 100.
-7.75 9.5 100.
-7.75 9.75 100.
-7.75 10. 100.
-7.5 -10 100.
-7.5 -9.75 100.
-7.5 -9.5 100.
-7.5 -9.25 100.
-7.5 -9. 100.
-7.5 -8.75 100.
-7.5 -8.5 100.
-7.5 -8.25 100.
-7.5 -8. 100.
-7.5 -7.75 100.
-7.5 -7.5 100.
-7.5 -7.25 100.
-7.5 -7. 100.
-7.5 -6.75 100.
-7.5 -6.5 100.
-7.5 -6.25 100.
-7.5 -6. 100.
-7.5 -5.75 100.
-7.5 -5.5 100.
-7.5 -5.25 100.
-7.5 -5. 100.
-7.5 -4.75 100.
-7.5 -4.5 100.
-7.5 -4.25 100.
-7.5 -4. 100.
-7.5 -3.75 100.
-7.5 -3.5 100.
-7.5 -3.25 100.
-7.5 -3. 100.
-7.5 -2.75 100.
-7.5 -2.5 100.
-7.5 -2.25 100.
-7.5 -2. 100.
-7.5 -1.75 100.
-7.5 -1.5 100.
-7.5 -1.25 100.
-7.5 -1. 100.
-7.5 -0.75 100.
-7.5 -0.5 100.
-7.5 -0.25 100.
-7.5 0 0.
-7.5 0.25 100.
-7.5 0.5 100.
-7.5 0.75 100.
-7.5 1. 100.
-7.5 1.25 100.
-7.5 1.5 100.
-7.5 1.75 100.
-7.5 2. 100.
-7.5 2.25 100.
-7.5 2.5 100.
-7.5 2.75 100.
-7.5 3. 100.
-7.5 3.25 100.
-7.5 3.5 100.
-7.5 3.75 100.
-7.5 4. 100.
-7.5 4.25 100.
-7.5 4.5 100.
-7.5 4.75 100.
-7.5 5. 100.
-7.5 5.25 100.
-7.5 5.5 100.
-7.5 5.75 100.
-7.5 6. 100.
-7.5 6.25 100.
-7.5 6.5 100.
-7.5 6.75 100.
-7.5 7. 100.
-7.5 7.25 100.
-7.5 7.5 100.
-7.5 7.75 100.
-7.5 8. 100.
-7.5 8.25 100.
-7.5 8.5 100.
-7.5 8.75 100.
-7.5 9. 100.
-7.5 9.25 100.
-7.5 9.5 100.
-7.5 9.75 100.
-7.5 10. 5.0145
-7.25 -10 100.
-7.25 -9.75 100.
-7.25 -9.5 100.
-7.25 -9.25 100.
-7.25 -9. 100.
-7.25 -8.75 100.
-7.25 -8.5 100.
-7.25 -8.25 100.
-7.25 -8. 100.
-7.25 -7.75 100.
-7.25 -7.5 100.
-7.25 -7.25 100.
-7.25 -7. 100.
-7.25 -6.75 100.
-7.25 -6.5 100.
-7.25 -6.25 100.
-7.25 -6. 100.
-7.25 -5.75 100.
-7.25 -5.5 100.
-7.25 -5.25 100.
-7.25 -5. 100.
-7.25 -4.75 100.
-7.25 -4.5 100.
-7.25 -4.25 100.
-7.25 -4. 100.
-7.25 -3.75 100.
-7.25 -3.5 100.
-7.25 -3.25 100.
-7.25 -3. 100.
-7.25 -2.75 100.
-7.25 -2.5 100.
-7.25 -2.25 100.
-7.25 -2. 100.
-7.25 -1.75 100.
-7.25 -1.5 100.
-7.25 -1.25 100.
-7.25 -1. 100.
-7.25 -0.75 100.
-7.25 -0.5 100.
-7.25 -0.25 100.
-7.25 0 0.
-7.25 0.25 100.
-7.25 0.5 100.
-7.25 0.75 100.
-7.25 1. 100.
-7.25 1.25 100.
-7.25 1.5 100.
-7.25 1.75 100.
-7.25 2. 100.
-7.25 2.25 100.
-7.25 2.5 100.
-7.25 2.75 100.
-7.25 3. 100.
-7.25 3.25 100.
-7.25 3.5 100.
-7.25 3.75 100.
-7.25 4. 100.
-7.25 4.25 100.
-7.25 4.5 100.
-7.25 4.75 100.
-7.25 5. 100.
-7.25 5.25 100.
-7.25 5.5 100.
-7.25 5.75 100.
-7.25 6. 100.
-7.25 6.25 100.
-7.25 6.5 100.
-7.25 6.75 100.
-7.25 7. 100.
-7.25 7.25 100.
-7.25 7.5 100.
-7.25 7.75 100.
-7.25 8. 100.
-7.25 8.25 100.
-7.25 8.5 100.
-7.25 8.75 100.
-7.25 9. 100.
-7.25 9.25 100.
-7.25 9.5 100.
-7.25 9.75 100.
-7.25 10. 100.
-7. -10 100.
-7. -9.75 100.
-7. -9.5 100.
-7. -9.25 100.
-7. -9. 100.
-7. -8.75 100.
-7. -8.5 100.
-7. -8.25 100.
-7. -8. 100.
-7. -7.75 100.
-7. -7.5 100.
-7. -7.25 100.
-7. -7. 100.
-7. -6.75 100.
-7. -6.5 100.
-7. -6.25 100.
-7. -6. 100.
-7. -5.75 100.
-7. -5.5 100.
-7. -5.25 100.
-7. -5. 100.
-7. -4.75 100.
-7. -4.5 100.
-7. -4.25 100.
-7. -4. 100.
-7. -3.75 100.
-7. -3.5 100.
-7. -3.25 100.
-7. -3. 100.
-7. -2.75 100.
-7. -2.5 100.
-7. -2.25 100.
-7. -2. 100.
-7. -1.75 100.
-7. -1.5 100.
-7. -1.25 100.
-7. -1. 100.
-7. -0.75 100.
-7. -0.5 100.
-7. -0.25 100.
-7. 0 0.
-7. 0.25 100.
-7. 0.5 100.
-7. 0.75 100.
-7. 1. 100.
-7. 1.25 100.
-7. 1.5 100.
-7. 1.75 100.
-7. 2. 100.
-7. 2.25 100.
-7. 2.5 100.
-7. 2.75 100.
-7. 3. 100.
-7. 3.25 100.
-7. 3.5 100.
-7. 3.75 100.
-7. 4. 100.
-7. 4.25 100.
-7. 4.5 100.
-7. 4.75 100.
-7. 5. 100.
-7. 5.25 100.
-7. 5.5 100.
-7. 5.75 100.
-7. 6. 100.
-7. 6.25 100.
-7. 6.5 100.
-7. 6.75 100.
-7. 7. 100.
-7. 7.25 100.
-7. 7.5 100.
-7. 7.75 100.
-7. 8. 100.
-7. 8.25 100.
-7. 8.5 100.
-7. 8.75 100.
-7. 9. 100.
-7. 9.25 100.
-7. 9.5 100.
-7. 9.75 100.
-7. 10. 100.
-6.75 -10 100.
-6.75 -9.75 100.
-6.75 -9.5 100.
-6.75 -9.25 100.
-6.75 -9. 100.
-6.75 -8.75 100.
-6.75 -8.5 100.
-6.75 -8.25 100.
-6.75 -8. 100.
-6.75 -7.75 100.
-6.75 -7.5 100.
-6.75 -7.25 100.
-6.75 -7. 100.
-6.75 -6.75 100.
-6.75 -6.5 100.
-6.75 -6.25 100.
-6.75 -6. 100.
-6.75 -5.75 100.
-6.75 -5.5 100.
-6.75 -5.25 100.
-6.75 -5. 100.
-6.75 -4.75 100.
-6.75 -4.5 100.
-6.75 -4.25 100.
-6.75 -4. 100.
-6.75 -3.75 100.
-6.75 -3.5 100.
-6.75 -3.25 100.
-6.75 -3. 100.
-6.75 -2.75 100.
-6.75 -2.5 100.
-6.75 -2.25 100.
-6.75 -2. 100.
-6.75 -1.75 100.
-6.75 -1.5 100.
-6.75 -1.25 100.
-6.75 -1. 100.
-6.75 -0.75 100.
-6.75 -0.5 100.
-6.75 -0.25 100.
-6.75 0 0.
-6.75 0.25 100.
-6.75 0.5 100.
-6.75 0.75 100.
-6.75 1. 100.
-6.75 1.25 100.
-6.75 1.5 100.
-6.75 1.75 100.
-6.75 2. 100.
-6.75 2.25 100.
-6.75 2.5 100.
-6.75 2.75 100.
-6.75 3. 100.
-6.75 3.25 100.
-6.75 3.5 100.
-6.75 3.75 100.
-6.75 4. 100.
-6.75 4.25 100.
-6.75 4.5 100.
-6.75 4.75 100.
-6.75 5. 100.
-6.75 5.25 100.
-6.75 5.5 100.
-6.75 5.75 100.
-6.75 6. 100.
-6.75 6.25 100.
-6.75 6.5 100.
-6.75 6.75 100.
-6.75 7. 100.
-6.75 7.25 100.
-6.75 7.5 100.
-6.75 7.75 100.
-6.75 8. 100.
-6.75 8.25 100.
-6.75 8.5 100.
-6.75 8.75 100.
-6.75 9. 100.
-6.75 9.25 100.
-6.75 9.5 100.
-6.75 9.75 100.
-6.75 10. 100.
-6.5 -10 100.
-6.5 -9.75 100.
-6.5 -9.5 100.
-6.5 -9.25 100.
-6.5 -9. 100.
-6.5 -8.75 100.
-6.5 -8.5 100.
-6.5 -8.25 100.
-6.5 -8. 100.
-6.5 -7.75 100.
-6.5 -7.5 100.
-6.5 -7.25 100.
-6.5 -7. 100.
-6.5 -6.75 100.
-6.5 -6.5 100.
-6.5 -6.25 100.
-6.5 -6. 100.
-6.5 -5.75 100.
-6.5 -5.5 100.
-6.5 -5.25 100.
-6.5 -5. 100.
-6.5 -4.75 100.
-6.5 -4.5 100.
-6.5 -4.25 100.
-6.5 -4. 100.
-6.5 -3.75 100.
-6.5 -3.5 100.
-6.5 -3.25 100.
-6.5 -3. 100.
-6.5 -2.75 100.
-6.5 -2.5 100.
-6.5 -2.25 100.
-6.5 -2. 100.
-6.5 -1.75 100.
-6.5 -1.5 100.
-6.5 -1.25 100.
-6.5 -1. 100.
-6.5 -0.75 100.
-6.5 -0.5 100.
-6.5 -0.25 100.
-6.5 0 0.
-6.5 0.25 100.
-6.5 0.5 100.
-6.5 0.75 100.
-6.5 1. 100.
-6.5 1.25 100.
-6.5 1.5 100.
-6.5 1.75 100.
-6.5 2. 100.
-6.5 2.25 100.
-6.5 2.5 100.
-6.5 2.75 100.
-6.5 3. 100.
-6.5 3.25 100.
-6.5 3.5 100.
-6.5 3.75 100.
-6.5 4. 100.
-6.5 4.25 100.
-6.5 4.5 100.
-6.5 4.75 100.
-6.5 5. 100.
-6.5 5.25 100.
-6.5 5.5 100.
-6.5 5.75 100.
-6.5 6. 100.
-6.5 6.25 100.
-6.5 6.5 100.
-6.5 6.75 100.
-6.5 7. 100.
-6.5 7.25 100.
-6.5 7.5 100.
-6.5 7.75 100.
-6.5 8. 100.
-6.5 8.25 100.
-6.5 8.5 100.
-6.5 8.75 100.
-6.5 9. 100.
-6.5 9.25 100.
-6.5 9.5 100.
-6.5 9.75 100.
-6.5 10. 100.
-6.25 -10 100.
-6.25 -9.75 100.
-6.25 -9.5 100.
-6.25 -9.25 100.
-6.25 -9. 100.
-6.25 -8.75 100.
-6.25 -8.5 100.
-6.25 -8.25 100.
-6.25 -8. 100.
-6.25 -7.75 100.
-6.25 -7.5 100.
-6.25 -7.25 100.
-6.25 -7. 100.
-6.25 -6.75 100.
-6.25 -6.5 100.
-6.25 -6.25 100.
-6.25 -6. 100.
-6.25 -5.75 100.
-6.25 -5.5 100.
-6.25 -5.25 100.
-6.25 -5. 100.
-6.25 -4.75 100.
-6.25 -4.5 100.
-6.25 -4.25 100.
-6.25 -4. 100.
-6.25 -3.75 100.
-6.25 -3.5 100.
-6.25 -3.25 100.
-6.25 -3. 100.
-6.25 -2.75 100.
-6.25 -2.5 100.
-6.25 -2.25 100.
-6.25 -2. 100.
-6.25 -1.75 100.
-6.25 -1.5 100.
-6.25 -1.25 100.
-6.25 -1. 100.
-6.25 -0.75 100.
-6.25 -0.5 100.
-6.25 -0.25 100.
-6.25 0 0.
-6.25 0.25 100.
-6.25 0.5 100.
-6.25 0.75 100.
-6.25 1. 100.
-6.25 1.25 100.
-6.25 1.5 100.
-6.25 1.75 100.
-6.25 2. 100.
-6.25 2.25 100.
-6.25 2.5 100.
-6.25 2.75 100.
-6.25 3. 100.
-6.25 3.25 100.
-6.25 3.5 100.
-6.25 3.75 100.
-6.25 4. 100.
-6.25 4.25 100.
-6.25 4.5 100.
-6.25 4.75 100.
-6.25 5. 100.
-6.25 5.25 100.
-6.25 5.5 100.
-6.25 5.75 100.
-6.25 6. 100.
-6.25 6.25 100.
-6.25 6.5 100.
-6.25 6.75 100.
-6.25 7. 100.
-6.25 7.25 100.
-6.25 7.5 100.
-6.25 7.75 100.
-6.25 8. 100.
-6.25 8.25 100.
-6.25 8.5 100.
-6.25 8.75 100.
-6.25 9. 100.
-6.25 9.25 100.
-6.25 9.5 100.
-6.25 9.75 100.
-6.25 10. 100.
-6. -10 100.
-6. -9.75 100.
-6. -9.5 100.
-6. -9.25 100.
-6. -9. 100.
-6. -8.75 100.
-6. -8.5 100.
-6. -8.25 100.
-6. -8. 100.
-6. -7.75 100.
-6. -7.5 100.
-6. -7.25 100.
-6. -7. 100.
-6. -6.75 100.
-6. -6.5 100.
-6. -6.25 100.
-6. -6. 100.
-6. -5.75 100.
-6. -5.5 100.
-6. -5.25 100.
-6. -5. 100.
-6. -4.75 100.
-6. -4.5 100.
-6. -4.25 100.
-6. -4. 100.
-6. -3.75 100.
-6. -3.5 100.
-6. -3.25 100.
-6. -3. 100.
-6. -2.75 100.
-6. -2.5 100.
-6. -2.25 100.
-6. -2. 100.
-6. -1.75 100.
-6. -1.5 100.
-6. -1.25 100.
-6. -1. 100.
-6. -0.75 100.
-6. -0.5 100.
-6. -0.25 100.
-6. 0 0.
-6. 0.25 100.
-6. 0.5 100.
-6. 0.75 100.
-6. 1. 100.
-6. 1.25 100.
-6. 1.5 100.
-6. 1.75 100.
-6. 2. 100.
-6. 2.25 100.
-6. 2.5 100.
-6. 2.75 100.
-6. 3. 100.
-6. 3.25 100.
-6. 3.5 100.
-6. 3.75 100.
-6. 4. 100.
-6. 4.25 100.
-6. 4.5 100.
-6. 4.75 100.
-6. 5. 100.
-6. 5.25 100.
-6. 5.5 100.
-6. 5.75 100.
-6. 6. 100.
-6. 6.25 100.
-6. 6.5 100.
-6. 6.75 100.
-6. 7. 100.
-6. 7.25 100.
-6. 7.5 100.
-6. 7.75 100.
-6. 8. 100.
-6. 8.25 100.
-6. 8.5 100.
-6. 8.75 100.
-6. 9. 100.
-6. 9.25 100.
-6. 9.5 100.
-6. 9.75 100.
-6. 10. 100.
-5.75 -10 100.
-5.75 -9.75 100.
-5.75 -9.5 100.
-5.75 -9.25 100.
-5.75 -9. 100.
-5.75 -8.75 100.
-5.75 -8.5 100.
-5.75 -8.25 100.
-5.75 -8. 100.
-5.75 -7.75 100.
-5.75 -7.5 100.
-5.75 -7.25 100.
-5.75 -7. 100.
-5.75 -6.75 100.
-5.75 -6.5 100.
-5.75 -6.25 100.
-5.75 -6. 100.
-5.75 -5.75 100.
-5.75 -5.5 100.
-5.75 -5.25 100.
-5.75 -5. 100.
-5.75 -4.75 100.
-5.75 -4.5 100.
-5.75 -4.25 100.
-5.75 -4. 100.
-5.75 -3.75 100.
-5.75 -3.5 100.
-5.75 -3.25 100.
-5.75 -3. 100.
-5.75 -2.75 100.
-5.75 -2.5 100.
-5.75 -2.25 100.
-5.75 -2. 100.
-5.75 -1.75 100.
-5.75 -1.5 100.
-5.75 -1.25 100.
-5.75 -1. 100.
-5.75 -0.75 100.
-5.75 -0.5 100.
-5.75 -0.25 100.
-5.75 0 0.
-5.75 0.25 100.
-5.75 0.5 100.
-5.75 0.75 100.
-5.75 1. 100.
-5.75 1.25 100.
-5.75 1.5 100.
-5.75 1.75 100.
-5.75 2. 100.
-5.75 2.25 100.
-5.75 2.5 100.
-5.75 2.75 100.
-5.75 3. 100.
-5.75 3.25 100.
-5.75 3.5 100.
-5.75 3.75 100.
-5.75 4. 100.
-5.75 4.25 100.
-5.75 4.5 100.
-5.75 4.75 100.
-5.75 5. 100.
-5.75 5.25 100.
-5.75 5.5 100.
-5.75 5.75 100.
-5.75 6. 100.
-5.75 6.25 100.
-5.75 6.5 100.
-5.75 6.75 100.
-5.75 7. 100.
-5.75 7.25 100.
-5.75 7.5 100.
-5.75 7.75 100.
-5.75 8. 100.
-5.75 8.25 100.
-5.75 8.5 100.
-5.75 8.75 100.
-5.75 9. 100.
-5.75 9.25 100.
-5.75 9.5 100.
-5.75 9.75 100.
-5.75 10. 100.
-5.5 -10 100.
-5.5 -9.75 100.
-5.5 -9.5 100.
-5.5 -9.25 100.
-5.5 -9. 100.
-5.5 -8.75 100.
-5.5 -8.5 100.
-5.5 -8.25 100.
-5.5 -8. 100.
-5.5 -7.75 100.
-5.5 -7.5 100.
-5.5 -7.25 100.
-5.5 -7. 100.
-5.5 -6.75 100.
-5.5 -6.5 100.
-5.5 -6.25 100.
-5.5 -6. 100.
-5.5 -5.75 100.
-5.5 -5.5 100.
-5.5 -5.25 100.
-5.5 -5. 100.
-5.5 -4.75 100.
-5.5 -4.5 100.
-5.5 -4.25 100.
-5.5 -4. 100.
-5.5 -3.75 100.
-5.5 -3.5 100.
-5.5 -3.25 100.
-5.5 -3. 100.
-5.5 -2.75 100.
-5.5 -2.5 100.
-5.5 -2.25 100.
-5.5 -2. 100.
-5.5 -1.75 100.
-5.5 -1.5 100.
-5.5 -1.25 100.
-5.5 -1. 100.
-5.5 -0.75 100.
-5.5 -0.5 100.
-5.5 -0.25 100.
-5.5 0 0.
-5.5 0.25 100.
-5.5 0.5 100.
-5.5 0.75 100.
-5.5 1. 100.
-5.5 1.25 100.
-5.5 1.5 100.
-5.5 1.75 100.
-5.5 2. 100.
-5.5 2.25 100.
-5.5 2.5 100.
-5.5 2.75 100.
-5.5 3. 100.
-5.5 3.25 100.
-5.5 3.5 100.
-5.5 3.75 100.
-5.5 4. 100.
-5.5 4.25 100.
-5.5 4.5 100.
-5.5 4.75 100.
-5.5 5. 100.
-5.5 5.25 100.
-5.5 5.5 100.
-5.5 5.75 100.
-5.5 6. 100.
-5.5 6.25 100.
-5.5 6.5 100.
-5.5 6.75 100.
-5.5 7. 100.
-5.5 7.25 100.
-5.5 7.5 100.
-5.5 7.75 100.
-5.5 8. 100.
-5.5 8.25 100.
-5.5 8.5 100.
-5.5 8.75 100.
-5.5 9. 100.
-5.5 9.25 100.
-5.5 9.5 100.
-5.5 9.75 100.
-5.5 10. 100.
-5.25 -10 100.
-5.25 -9.75 100.
-5.25 -9.5 100.
-5.25 -9.25 100.
-5.25 -9. 100.
-5.25 -8.75 100.
-5.25 -8.5 100.
-5.25 -8.25 100.
-5.25 -8. 100.
-5.25 -7.75 100.
-5.25 -7.5 100.
-5.25 -7.25 100.
-5.25 -7. 100.
-5.25 -6.75 100.
-5.25 -6.5 100.
-5.25 -6.25 100.
-5.25 -6. 100.
-5.25 -5.75 100.
-5.25 -5.5 100.
-5.25 -5.25 100.
-5.25 -5. 100.
-5.25 -4.75 100.
-5.25 -4.5 100.
-5.25 -4.25 100.
-5.25 -4. 100.
-5.25 -3.75 100.
-5.25 -3.5 100.
-5.25 -3.25 100.
-5.25 -3. 100.
-5.25 -2.75 100.
-5.25 -2.5 100.
-5.25 -2.25 100.
-5.25 -2. 100.
-5.25 -1.75 100.
-5.25 -1.5 100.
-5.25 -1.25 100.
-5.25 -1. 100.
-5.25 -0.75 100.
-5.25 -0.5 100.
-5.25 -0.25 100.
-5.25 0 0.
-5.25 0.25 100.
-5.25 0.5 100.
-5.25 0.75 100.
-5.25 1. 100.
-5.25 1.25 100.
-5.25 1.5 100.
-5.25 1.75 100.
-5.25 2. 100.
-5.25 2.25 100.
-5.25 2.5 100.
-5.25 2.75 100.
-5.25 3. 100.
-5.25 3.25 100.
-5.25 3.5 100.
-5.25 3.75 100.
-5.25 4. 100.
-5.25 4.25 100.
-5.25 4.5 100.
-5.25 4.75 100.
-5.25 5. 100.
-5.25 5.25 100.
-5.25 5.5 100.
-5.25 5.75 100.
-5.25 6. 100.
-5.25 6.25 100.
-5.25 6.5 100.
-5.25 6.75 100.
-5.25 7. 100.
-5.25 7.25 100.
-5.25 7.5 100.
-5.25 7.75 100.
-5.25 8. 100.
-5.25 8.25 100.
-5.25 8.5 100.
-5.25 8.75 100.
-5.25 9. 100.
-5.25 9.25 100.
-5.25 9.5 100.
-5.25 9.75 100.
-5.25 10. 100.
-5. -10 100.
-5. -9.75 100.
-5. -9.5 100.
-5. -9.25 100.
-5. -9. 100.
-5. -8.75 100.
-5. -8.5 100.
-5. -8.25 100.
-5. -8. 100.
-5. -7.75 100.
-5. -7.5 100.
-5. -7.25 100.
-5. -7. 100.
-5. -6.75 100.
-5. -6.5 100.
-5. -6.25 100.
-5. -6. 100.
-5. -5.75 100.
-5. -5.5 100.
-5. -5.25 100.
-5. -5. 100.
-5. -4.75 100.
-5. -4.5 100.
-5. -4.25 100.
-5. -4. 100.
-5. -3.75 100.
-5. -3.5 100.
-5. -3.25 100.
-5. -3. 100.
-5. -2.75 100.
-5. -2.5 100.
-5. -2.25 100.
-5. -2. 100.
-5. -1.75 100.
-5. -1.5 100.
-5. -1.25 100.
-5. -1. 100.
-5. -0.75 100.
-5. -0.5 100.
-5. -0.25 100.
-5. 0 0.
-5. 0.25 100.
-5. 0.5 100.
-5. 0.75 100.
-5. 1. 100.
-5. 1.25 100.
-5. 1.5 100.
-5. 1.75 100.
-5. 2. 100.
-5. 2.25 100.
-5. 2.5 100.
-5. 2.75 100.
-5. 3. 100.
-5. 3.25 100.
-5. 3.5 100.
-5. 3.75 100.
-5. 4. 100.
-5. 4.25 100.
-5. 4.5 100.
-5. 4.75 100.
-5. 5. 100.
-5. 5.25 100.
-5. 5.5 100.
-5. 5.75 100.
-5. 6. 100.
-5. 6.25 100.
-5. 6.5 100.
-5. 6.75 100.
-5. 7. 100.
-5. 7.25 100.
-5. 7.5 100.
-5. 7.75 100.
-5. 8. 100.
-5. 8.25 100.
-5. 8.5 100.
-5. 8.75 100.
-5. 9. 100.
-5. 9.25 100.
-5. 9.5 100.
-5. 9.75 100.
-5. 10. 100.
-4.75 -10 100.
-4.75 -9.75 100.
-4.75 -9.5 100.
-4.75 -9.25 100.
-4.75 -9. 100.
-4.75 -8.75 100.
-4.75 -8.5 100.
-4.75 -8.25 100.
-4.75 -8. 100.
-4.75 -7.75 100.
-4.75 -7.5 100.
-4.75 -7.25 100.
-4.75 -7. 100.
-4.75 -6.75 100.
-4.75 -6.5 100.
-4.75 -6.25 100.
-4.75 -6. 100.
-4.75 -5.75 100.
-4.75 -5.5 100.
-4.75 -5.25 100.
-4.75 -5. 100.
-4.75 -4.75 100.
-4.75 -4.5 100.
-4.75 -4.25 100.
-4.75 -4. 100.
-4.75 -3.75 100.
-4.75 -3.5 100.
-4.75 -3.25 100.
-4.75 -3. 100.
-4.75 -2.75 100.
-4.75 -2.5 100.
-4.75 -2.25 100.
-4.75 -2. 100.
-4.75 -1.75 100.
-4.75 -1.5 100.
-4.75 -1.25 100.
-4.75 -1. 100.
-4.75 -0.75 100.
-4.75 -0.5 100.
-4.75 -0.25 100.
-4.75 0 0.
-4.75 0.25 100.
-4.75 0.5 100.
-4.75 0.75 100.
-4.75 1. 100.
-4.75 1.25 100.
-4.75 1.5 100.
-4.75 1.75 100.
-4.75 2. 100.
-4.75 2.25 100.
-4.75 2.5 100.
-4.75 2.75 100.
-4.75 3. 100.
-4.75 3.25 100.
-4.75 3.5 100.
-4.75 3.75 100.
-4.75 4. 100.
-4.75 4.25 100.
-4.75 4.5 100.
-4.75 4.75 100.
-4.75 5. 100.
-4.75 5.25 100.
-4.75 5.5 100.
-4.75 5.75 100.
-4.75 6. 100.
-4.75 6.25 100.
-4.75 6.5 100.
-4.75 6.75 100.
-4.75 7. 100.
-4.75 7.25 100.
-4.75 7.5 100.
-4.75 7.75 100.
-4.75 8. 100.
-4.75 8.25 100.
-4.75 8.5 100.
-4.75 8.75 100.
-4.75 9. 100.
-4.75 9.25 100.
-4.75 9.5 100.
-4.75 9.75 100.
-4.75 10. 100.
-4.5 -10 100.
-4.5 -9.75 100.
-4.5 -9.5 100.
-4.5 -9.25 100.
-4.5 -9. 100.
-4.5 -8.75 100.
-4.5 -8.5 100.
-4.5 -8.25 100.
-4.5 -8. 100.
-4.5 -7.75 100.
-4.5 -7.5 100.
-4.5 -7.25 100.
-4.5 -7. 100.
-4.5 -6.75 100.
-4.5 -6.5 100.
-4.5 -6.25 100.
-4.5 -6. 100.
-4.5 -5.75 100.
-4.5 -5.5 100.
-4.5 -5.25 100.
-4.5 -5. 100.
-4.5 -4.75 100.
-4.5 -4.5 100.
-4.5 -4.25 100.
-4.5 -4. 100.
-4.5 -3.75 100.
-4.5 -3.5 100.
-4.5 -3.25 100.
-4.5 -3. 100.
-4.5 -2.75 100.
-4.5 -2.5 100.
-4.5 -2.25 100.
-4.5 -2. 100.
-4.5 -1.75 100.
-4.5 -1.5 100.
-4.5 -1.25 100.
-4.5 -1. 100.
-4.5 -0.75 100.
-4.5 -0.5 100.
-4.5 -0.25 100.
-4.5 0 0.
-4.5 0.25 100.
-4.5 0.5 100.
-4.5 0.75 100.
-4.5 1. 100.
-4.5 1.25 100.
-4.5 1.5 100.
-4.5 1.75 100.
-4.5 2. 100.
-4.5 2.25 100.
-4.5 2.5 100.
-4.5 2.75 100.
-4.5 3. 100.
-4.5 3.25 100.
-4.5 3.5 100.
-4.5 3.75 100.
-4.5 4. 100.
-4.5 4.25 100.
-4.5 4.5 100.
-4.5 4.75 100.
-4.5 5. 100.
-4.5 5.25 100.
-4.5 5.5 100.
-4.5 5.75 100.
-4.5 6. 100.
-4.5 6.25 100.
-4.5 6.5 100.
-4.5 6.75 100.
-4.5 7. 100.
-4.5 7.25 100.
-4.5 7.5 100.
-4.5 7.75 100.
-4.5 8. 100.
-4.5 8.25 100.
-4.5 8.5 100.
-4.5 8.75 100.
-4.5 9. 100.
-4.5 9.25 100.
-4.5 9.5 100.
-4.5 9.75 100.
-4.5 10. 100.
-4.25 -10 100.
-4.25 -9.75 100.
-4.25 -9.5 100.
-4.25 -9.25 100.
-4.25 -9. 100.
-4.25 -8.75 100.
-4.25 -8.5 100.
-4.25 -8.25 100.
-4.25 -8. 100.
-4.25 -7.75 100.
-4.25 -7.5 100.
-4.25 -7.25 100.
-4.25 -7. 100.
-4.25 -6.75 100.
-4.25 -6.5 100.
-4.25 -6.25 100.
-4.25 -6. 100.
-4.25 -5.75 100.
-4.25 -5.5 100.
-4.25 -5.25 100.
-4.25 -5. 100.
-4.25 -4.75 100.
-4.25 -4.5 100.
-4.25 -4.25 100.
-4.25 -4. 100.
-4.25 -3.75 100.
-4.25 -3.5 100.
-4.25 -3.25 100.
-4.25 -3. 100.
-4.25 -2.75 100.
-4.25 -2.5 100.
-4.25 -2.25 100.
-4.25 -2. 100.
-4.25 -1.75 100.
-4.25 -1.5 100.
-4.25 -1.25 100.
-4.25 -1. 100.
-4.25 -0.75 100.
-4.25 -0.5 100.
-4.25 -0.25 100.
-4.25 0 0.
-4.25 0.25 100.
-4.25 0.5 100.
-4.25 0.75 100.
-4.25 1. 100.
-4.25 1.25 100.
-4.25 1.5 100.
-4.25 1.75 100.
-4.25 2. 100.
-4.25 2.25 100.
-4.25 2.5 100.
-4.25 2.75 100.
-4.25 3. 100.
-4.25 3.25 100.
-4.25 3.5 100.
-4.25 3.75 100.
-4.25 4. 100.
-4.25 4.25 100.
-4.25 4.5 100.
-4.25 4.75 100.
-4.25 5. 100.
-4.25 5.25 100.
-4.25 5.5 100.
-4.25 5.75 100.
-4.25 6. 100.
-4.25 6.25 100.
-4.25 6.5 100.
-4.25 6.75 100.
-4.25 7. 100.
-4.25 7.25 100.
-4.25 7.5 100.
-4.25 7.75 100.
-4.25 8. 100.
-4.25 8.25 100.
-4.25 8.5 100.
-4.25 8.75 100.
-4.25 9. 100.
-4.25 9.25 100.
-4.25 9.5 100.
-4.25 9.75 100.
-4.25 10. 100.
-4. -10 100.
-4. -9.75 100.
-4. -9.5 100.
-4. -9.25 100.
-4. -9. 100.
-4. -8.75 100.
-4. -8.5 100.
-4. -8.25 100.
-4. -8. 100.
-4. -7.75 100.
-4. -7.5 100.
-4. -7.25 100.
-4. -7. 100.
-4. -6.75 100.
-4. -6.5 100.
-4. -6.25 100.
-4. -6. 100.
-4. -5.75 100.
-4. -5.5 100.
-4. -5.25 100.
-4. -5. 100.
-4. -4.75 100.
-4. -4.5 100.
-4. -4.25 100.
-4. -4. 100.
-4. -3.75 100.
-4. -3.5 100.
-4. -3.25 100.
-4. -3. 100.
-4. -2.75 100.
-4. -2.5 100.
-4. -2.25 100.
-4. -2. 100.
-4. -1.75 100.
-4. -1.5 100.
-4. -1.25 100.
-4. -1. 100.
-4. -0.75 100.
-4. -0.5 100.
-4. -0.25 100.
-4. 0 0.
-4. 0.25 100.
-4. 0.5 100.
-4. 0.75 100.
-4. 1. 100.
-4. 1.25 100.
-4. 1.5 100.
-4. 1.75 100.
-4. 2. 100.
-4. 2.25 100.
-4. 2.5 100.
-4. 2.75 100.
-4. 3. 100.
-4. 3.25 100.
-4. 3.5 100.
-4. 3.75 100.
-4. 4. 100.
-4. 4.25 100.
-4. 4.5 100.
-4. 4.75 100.
-4. 5. 100.
-4. 5.25 100.
-4. 5.5 100.
-4. 5.75 100.
-4. 6. 100.
-4. 6.25 100.
-4. 6.5 100.
-4. 6.75 100.
-4. 7. 100.
-4. 7.25 100.
-4. 7.5 100.
-4. 7.75 100.
-4. 8. 100.
-4. 8.25 100.
-4. 8.5 100.
-4. 8.75 100.
-4. 9. 100.
-4. 9.25 100.
-4. 9.5 100.
-4. 9.75 100.
-4. 10. 100.
-3.75 -10 100.
-3.75 -9.75 100.
-3.75 -9.5 100.
-3.75 -9.25 100.
-3.75 -9. 100.
-3.75 -8.75 100.
-3.75 -8.5 100.
-3.75 -8.25 100.
-3.75 -8. 100.
-3.75 -7.75 100.
-3.75 -7.5 100.
-3.75 -7.25 100.
-3.75 -7. 100.
-3.75 -6.75 100.
-3.75 -6.5 100.
-3.75 -6.25 100.
-3.75 -6. 100.
-3.75 -5.75 100.
-3.75 -5.5 100.
-3.75 -5.25 100.
-3.75 -5. 100.
-3.75 -4.75 100.
-3.75 -4.5 100.
-3.75 -4.25 100.
-3.75 -4. 100.
-3.75 -3.75 100.
-3.75 -3.5 100.
-3.75 -3.25 100.
-3.75 -3. 100.
-3.75 -2.75 100.
-3.75 -2.5 100.
-3.75 -2.25 100.
-3.75 -2. 100.
-3.75 -1.75 100.
-3.75 -1.5 100.
-3.75 -1.25 100.
-3.75 -1. 100.
-3.75 -0.75 100.
-3.75 -0.5 100.
-3.75 -0.25 100.
-3.75 0 0.
-3.75 0.25 100.
-3.75 0.5 100.
-3.75 0.75 100.
-3.75 1. 100.
-3.75 1.25 100.
-3.75 1.5 100.
-3.75 1.75 100.
-3.75 2. 100.
-3.75 2.25 100.
-3.75 2.5 100.
-3.75 2.75 100.
-3.75 3. 100.
-3.75 3.25 100.
-3.75 3.5 100.
-3.75 3.75 100.
-3.75 4. 100.
-3.75 4.25 100.
-3.75 4.5 100.
-3.75 4.75 100.
-3.75 5. 100.
-3.75 5.25 100.
-3.75 5.5 100.
-3.75 5.75 100.
-3.75 6. 100.
-3.75 6.25 100.
-3.75 6.5 100.
-3.75 6.75 100.
-3.75 7. 100.
-3.75 7.25 100.
-3.75 7.5 100.
-3.75 7.75 100.
-3.75 8. 100.
-3.75 8.25 100.
-3.75 8.5 100.
-3.75 8.75 100.
-3.75 9. 100.
-3.75 9.25 100.
-3.75 9.5 100.
-3.75 9.75 100.
-3.75 10. 100.
-3.5 -10 100.
-3.5 -9.75 100.
-3.5 -9.5 100.
-3.5 -9.25 100.
-3.5 -9. 100.
-3.5 -8.75 100.
-3.5 -8.5 100.
-3.5 -8.25 100.
-3.5 -8. 100.
-3.5 -7.75 100.
-3.5 -7.5 100.
-3.5 -7.25 100.
-3.5 -7. 100.
-3.5 -6.75 100.
-3.5 -6.5 100.
-3.5 -6.25 100.
-3.5 -6. 100.
-3.5 -5.75 100.
-3.5 -5.5 100.
-3.5 -5.25 100.
-3.5 -5. 100.
-3.5 -4.75 100.
-3.5 -4.5 100.
-3.5 -4.25 100.
-3.5 -4. 100.
-3.5 -3.75 100.
-3.5 -3.5 100.
-3.5 -3.25 100.
-3.5 -3. 100.
-3.5 -2.75 100.
-3.5 -2.5 100.
-3.5 -2.25 100.
-3.5 -2. 100.
-3.5 -1.75 100.
-3.5 -1.5 100.
-3.5 -1.25 100.
-3.5 -1. 100.
-3.5 -0.75 100.
-3.5 -0.5 100.
-3.5 -0.25 100.
-3.5 0 0.
-3.5 0.25 100.
-3.5 0.5 100.
-3.5 0.75 100.
-3.5 1. 100.
-3.5 1.25 100.
-3.5 1.5 100.
-3.5 1.75 100.
-3.5 2. 100.
-3.5 2.25 100.
-3.5 2.5 100.
-3.5 2.75 100.
-3.5 3. 100.
-3.5 3.25 100.
-3.5 3.5 100.
-3.5 3.75 100.
-3.5 4. 100.
-3.5 4.25 100.
-3.5 4.5 100.
-3.5 4.75 100.
-3.5 5. 100.
-3.5 5.25 100.
-3.5 5.5 100.
-3.5 5.75 100.
-3.5 6. 100.
-3.5 6.25 100.
-3.5 6.5 100.
-3.5 6.75 100.
-3.5 7. 100.
-3.5 7.25 100.
-3.5 7.5 100.
-3.5 7.75 100.
-3.5 8. 100.
-3.5 8.25 100.
-3.5 8.5 100.
-3.5 8.75 100.
-3.5 9. 100.
-3.5 9.25 100.
-3.5 9.5 100.
-3.5 9.75 100.
-3.5 10. 100.
-3.25 -10 100.
-3.25 -9.75 100.
-3.25 -9.5 100.
-3.25 -9.25 100.
-3.25 -9. 100.
-3.25 -8.75 100.
-3.25 -8.5 100.
-3.25 -8.25 100.
-3.25 -8. 100.
-3.25 -7.75 100.
-3.25 -7.5 100.
-3.25 -7.25 100.
-3.25 -7. 100.
-3.25 -6.75 100.
-3.25 -6.5 100.
-3.25 -6.25 100.
-3.25 -6. 100.
-3.25 -5.75 100.
-3.25 -5.5 100.
-3.25 -5.25 100.
-3.25 -5. 100.
-3.25 -4.75 100.
-3.25 -4.5 100.
-3.25 -4.25 100.
-3.25 -4. 100.
-3.25 -3.75 100.
-3.25 -3.5 100.
-3.25 -3.25 100.
-3.25 -3. 100.
-3.25 -2.75 100.
-3.25 -2.5 100.
-3.25 -2.25 100.
-3.25 -2. 100.
-3.25 -1.75 100.
-3.25 -1.5 100.
-3.25 -1.25 100.
-3.25 -1. 100.
-3.25 -0.75 100.
-3.25 -0.5 100.
-3.25 -0.25 100.
-3.25 0 0.
-3.25 0.25 100.
-3.25 0.5 100.
-3.25 0.75 100.
-3.25 1. 100.
-3.25 1.25 100.
-3.25 1.5 100.
-3.25 1.75 100.
-3.25 2. 100.
-3.25 2.25 100.
-3.25 2.5 100.
-3.25 2.75 100.
-3.25 3. 100.
-3.25 3.25 100.
-3.25 3.5 100.
-3.25 3.75 100.
-3.25 4. 100.
-3.25 4.25 100.
-3.25 4.5 100.
-3.25 4.75 100.
-3.25 5. 100.
-3.25 5.25 100.
-3.25 5.5 100.
-3.25 5.75 100.
-3.25 6. 100.
-3.25 6.25 100.
-3.25 6.5 100.
-3.25 6.75 100.
-3.25 7. 100.
-3.25 7.25 100.
-3.25 7.5 100.
-3.25 7.75 100.
-3.25 8. 100.
-3.25 8.25 100.
-3.25 8.5 100.
-3.25 8.75 100.
-3.25 9. 100.
-3.25 9.25 100.
-3.25 9.5 100.
-3.25 9.75 100.
-3.25 10. 100.
-3. -10 100.
-3. -9.75 100.
-3. -9.5 100.
-3. -9.25 100.
-3. -9. 100.
-3. -8.75 100.
-3. -8.5 100.
-3. -8.25 100.
-3. -8. 100.
-3. -7.75 100.
-3. -7.5 100.
-3. -7.25 100.
-3. -7. 100.
-3. -6.75 100.
-3. -6.5 100.
-3. -6.25 100.
-3. -6. 100.
-3. -5.75 100.
-3. -5.5 100.
-3. -5.25 100.
-3. -5. 100.
-3. -4.75 100.
-3. -4.5 100.
-3. -4.25 100.
-3. -4. 100.
-3. -3.75 100.
-3. -3.5 100.
-3. -3.25 100.
-3. -3. 100.
-3. -2.75 100.
-3. -2.5 100.
-3. -2.25 100.
-3. -2. 100.
-3. -1.75 100.
-3. -1.5 100.
-3. -1.25 100.
-3. -1. 100.
-3. -0.75 100.
-3. -0.5 100.
-3. -0.25 100.
-3. 0 0.
-3. 0.25 100.
-3. 0.5 100.
-3. 0.75 100.
-3. 1. 100.
-3. 1.25 100.
-3. 1.5 100.
-3. 1.75 100.
-3. 2. 100.
-3. 2.25 100.
-3. 2.5 100.
-3. 2.75 100.
-3. 3. 100.
-3. 3.25 100.
-3. 3.5 100.
-3. 3.75 100.
-3. 4. 100.
-3. 4.25 100.
-3. 4.5 100.
-3. 4.75 100.
-3. 5. 100.
-3. 5.25 100.
-3. 5.5 100.
-3. 5.75 100.
-3. 6. 100.
-3. 6.25 100.
-3. 6.5 100.
-3. 6.75 100.
-3. 7. 100.
-3. 7.25 100.
-3. 7.5 100.
-3. 7.75 100.
-3. 8. 100.
-3. 8.25 100.
-3. 8.5 100.
-3. 8.75 100.
-3. 9. 100.
-3. 9.25 100.
-3. 9.5 100.
-3. 9.75 100.
-3. 10. 100.
-2.75 -10 100.
-2.75 -9.75 100.
-2.75 -9.5 100.
-2.75 -9.25 100.
-2.75 -9. 100.
-2.75 -8.75 100.
-2.75 -8.5 100.
-2.75 -8.25 100.
-2.75 -8. 100.
-2.75 -7.75 100.
-2.75 -7.5 100.
-2.75 -7.25 100.
-2.75 -7. 100.
-2.75 -6.75 100.
-2.75 -6.5 100.
-2.75 -6.25 100.
-2.75 -6. 100.
-2.75 -5.75 100.
-2.75 -5.5 100.
-2.75 -5.25 100.
-2.75 -5. 100.
-2.75 -4.75 100.
-2.75 -4.5 100.
-2.75 -4.25 100.
-2.75 -4. 100.
-2.75 -3.75 100.
-2.75 -3.5 100.
-2.75 -3.25 100.
-2.75 -3. 100.
-2.75 -2.75 100.
-2.75 -2.5 100.
-2.75 -2.25 100.
-2.75 -2. 100.
-2.75 -1.75 100.
-2.75 -1.5 100.
-2.75 -1.25 100.
-2.75 -1. 100.
-2.75 -0.75 100.
-2.75 -0.5 100.
-2.75 -0.25 100.
-2.75 0 0.
-2.75 0.25 100.
-2.75 0.5 100.
-2.75 0.75 100.
-2.75 1. 100.
-2.75 1.25 100.
-2.75 1.5 100.
-2.75 1.75 100.
-2.75 2. 100.
-2.75 2.25 100.
-2.75 2.5 100.
-2.75 2.75 100.
-2.75 3. 100.
-2.75 3.25 100.
-2.75 3.5 100.
-2.75 3.75 100.
-2.75 4. 100.
-2.75 4.25 100.
-2.75 4.5 100.
-2.75 4.75 100.
-2.75 5. 100.
-2.75 5.25 100.
-2.75 5.5 100.
-2.75 5.75 100.
-2.75 6. 100.
-2.75 6.25 100.
-2.75 6.5 100.
-2.75 6.75 100.
-2.75 7. 100.
-2.75 7.25 100.
-2.75 7.5 100.
-2.75 7.75 100.
-2.75 8. 100.
-2.75 8.25 100.
-2.75 8.5 100.
-2.75 8.75 100.
-2.75 9. 100.
-2.75 9.25 100.
-2.75 9.5 100.
-2.75 9.75 100.
-2.75 10. 100.
-2.5 -10 100.
-2.5 -9.75 100.
-2.5 -9.5 100.
-2.5 -9.25 100.
-2.5 -9. 100.
-2.5 -8.75 100.
-2.5 -8.5 100.
-2.5 -8.25 100.
-2.5 -8. 100.
-2.5 -7.75 100.
-2.5 -7.5 100.
-2.5 -7.25 100.
-2.5 -7. 100.
-2.5 -6.75 100.
-2.5 -6.5 100.
-2.5 -6.25 100.
-2.5 -6. 100.
-2.5 -5.75 100.
-2.5 -5.5 100.
-2.5 -5.25 100.
-2.5 -5. 100.
-2.5 -4.75 100.
-2.5 -4.5 100.
-2.5 -4.25 100.
-2.5 -4. 100.
-2.5 -3.75 100.
-2.5 -3.5 100.
-2.5 -3.25 100.
-2.5 -3. 100.
-2.5 -2.75 100.
-2.5 -2.5 100.
-2.5 -2.25 100.
-2.5 -2. 100.
-2.5 -1.75 100.
-2.5 -1.5 100.
-2.5 -1.25 100.
-2.5 -1. 100.
-2.5 -0.75 100.
-2.5 -0.5 100.
-2.5 -0.25 100.
-2.5 0 0.
-2.5 0.25 100.
-2.5 0.5 100.
-2.5 0.75 100.
-2.5 1. 100.
-2.5 1.25 100.
-2.5 1.5 100.
-2.5 1.75 100.
-2.5 2. 100.
-2.5 2.25 100.
-2.5 2.5 100.
-2.5 2.75 100.
-2.5 3. 100.
-2.5 3.25 100.
-2.5 3.5 100.
-2.5 3.75 100.
-2.5 4. 100.
-2.5 4.25 100.
-2.5 4.5 100.
-2.5 4.75 100.
-2.5 5. 100.
-2.5 5.25 100.
-2.5 5.5 100.
-2.5 5.75 100.
-2.5 6. 100.
-2.5 6.25 100.
-2.5 6.5 100.
-2.5 6.75 100.
-2.5 7. 100.
-2.5 7.25 100.
-2.5 7.5 100.
-2.5 7.75 100.
-2.5 8. 100.
-2.5 8.25 100.
-2.5 8.5 100.
-2.5 8.75 100.
-2.5 9. 100.
-2.5 9.25 100.
-2.5 9.5 100.
-2.5 9.75 100.
-2.5 10. 100.
-2.25 -10 100.
-2.25 -9.75 100.
-2.25 -9.5 100.
-2.25 -9.25 100.
-2.25 -9. 100.
-2.25 -8.75 100.
-2.25 -8.5 100.
-2.25 -8.25 100.
-2.25 -8. 100.
-2.25 -7.75 100.
-2.25 -7.5 100.
-2.25 -7.25 100.
-2.25 -7. 100.
-2.25 -6.75 100.
-2.25 -6.5 100.
-2.25 -6.25 100.
-2.25 -6. 100.
-2.25 -5.75 100.
-2.25 -5.5 100.
-2.25 -5.25 100.
-2.25 -5. 100.
-2.25 -4.75 100.
-2.25 -4.5 100.
-2.25 -4.25 100.
-2.25 -4. 100.
-2.25 -3.75 100.
-2.25 -3.5 100.
-2.25 -3.25 100.
-2.25 -3. 100.
-2.25 -2.75 100.
-2.25 -2.5 100.
-2.25 -2.25 100.
-2.25 -2. 100.
-2.25 -1.75 100.
-2.25 -1.5 100.
-2.25 -1.25 100.
-2.25 -1. 100.
-2.25 -0.75 100.
-2.25 -0.5 100.
-2.25 -0.25 100.
-2.25 0 0.
-2.25 0.25 100.
-2.25 0.5 100.
-2.25 0.75 100.
-2.25 1. 100.
-2.25 1.25 100.
-2.25 1.5 100.
-2.25 1.75 100.
-2.25 2. 100.
-2.25 2.25 100.
-2.25 2.5 100.
-2.25 2.75 100.
-2.25 3. 100.
-2.25 3.25 100.
-2.25 3.5 100.
-2.25 3.75 100.
-2.25 4. 100.
-2.25 4.25 100.
-2.25 4.5 100.
-2.25 4.75 100.
-2.25 5. 100.
-2.25 5.25 100.
-2.25 5.5 100.
-2.25 5.75 100.
-2.25 6. 100.
-2.25 6.25 100.
-2.25 6.5 100.
-2.25 6.75 100.
-2.25 7. 100.
-2.25 7.25 100.
-2.25 7.5 100.
-2.25 7.75 100.
-2.25 8. 100.
-2.25 8.25 100.
-2.25 8.5 100.
-2.25 8.75 100.
-2.25 9. 100.
-2.25 9.25 100.
-2.25 9.5 100.
-2.25 9.75 100.
-2.25 10. 100.
-2. -10 100.
-2. -9.75 100.
-2. -9.5 100.
-2. -9.25 100.
-2. -9. 100.
-2. -8.75 100.
-2. -8.5 100.
-2. -8.25 100.
-2. -8. 100.
-2. -7.75 100.
-2. -7.5 100.
-2. -7.25 100.
-2. -7. 100.
-2. -6.75 100.
-2. -6.5 100.
-2. -6.25 100.
-2. -6. 100.
-2. -5.75 100.
-2. -5.5 100.
-2. -5.25 100.
-2. -5. 100.
-2. -4.75 100.
-2. -4.5 100.
-2. -4.25 100.
-2. -4. 100.
-2. -3.75 100.
-2. -3.5 100.
-2. -3.25 100.
-2. -3. 100.
-2. -2.75 100.
-2. -2.5 100.
-2. -2.25 100.
-2. -2. 100.
-2. -1.75 100.
-2. -1.5 100.
-2. -1.25 100.
-2. -1. 100.
-2. -0.75 100.
-2. -0.5 100.
-2. -0.25 100.
-2. 0 0.
-2. 0.25 100.
-2. 0.5 100.
-2. 0.75 100.
-2. 1. 100.
-2. 1.25 100.
-2. 1.5 100.
-2. 1.75 100.
-2. 2. 100.
-2. 2.25 100.
-2. 2.5 100.
-2. 2.75 100.
-2. 3. 100.
-2. 3.25 100.
-2. 3.5 100.
-2. 3.75 100.
-2. 4. 100.
-2. 4.25 100.
-2. 4.5 100.
-2. 4.75 100.
-2. 5. 100.
-2. 5.25 100.
-2. 5.5 100.
-2. 5.75 100.
-2. 6. 100.
-2. 6.25 100.
-2. 6.5 100.
-2. 6.75 100.
-2. 7. 100.
-2. 7.25 100.
-2. 7.5 100.
-2. 7.75 100.
-2. 8. 100.
-2. 8.25 100.
-2. 8.5 100.
-2. 8.75 100.
-2. 9. 100.
-2. 9.25 100.
-2. 9.5 100.
-2. 9.75 100.
-2. 10. 100.
-1.75 -10 100.
-1.75 -9.75 100.
-1.75 -9.5 100.
-1.75 -9.25 100.
-1.75 -9. 100.
-1.75 -8.75 100.
-1.75 -8.5 100.
-1.75 -8.25 100.
-1.75 -8. 100.
-1.75 -7.75 100.
-1.75 -7.5 100.
-1.75 -7.25 100.
-1.75 -7. 100.
-1.75 -6.75 100.
-1.75 -6.5 100.
-1.75 -6.25 100.
-1.75 -6. 100.
-1.75 -5.75 100.
-1.75 -5.5 100.
-1.75 -5.25 100.
-1.75 -5. 100.
-1.75 -4.75 100.
-1.75 -4.5 100.
-1.75 -4.25 100.
-1.75 -4. 100.
-1.75 -3.75 100.
-1.75 -3.5 100.
-1.75 -3.25 100.
-1.75 -3. 100.
-1.75 -2.75 100.
-1.75 -2.5 100.
-1.75 -2.25 100.
-1.75 -2. 100.
-1.75 -1.75 100.
-1.75 -1.5 100.
-1.75 -1.25 100.
-1.75 -1. 100.
-1.75 -0.75 100.
-1.75 -0.5 100.
-1.75 -0.25 100.
-1.75 0 0.
-1.75 0.25 100.
-1.75 0.5 100.
-1.75 0.75 100.
-1.75 1. 100.
-1.75 1.25 100.
-1.75 1.5 100.
-1.75 1.75 100.
-1.75 2. 100.
-1.75 2.25 100.
-1.75 2.5 100.
-1.75 2.75 100.
-1.75 3. 100.
-1.75 3.25 100.
-1.75 3.5 100.
-1.75 3.75 100.
-1.75 4. 100.
-1.75 4.25 100.
-1.75 4.5 100.
-1.75 4.75 100.
-1.75 5. 100.
-1.75 5.25 100.
-1.75 5.5 100.
-1.75 5.75 100.
-1.75 6. 100.
-1.75 6.25 100.
-1.75 6.5 100.
-1.75 6.75 100.
-1.75 7. 100.
-1.75 7.25 100.
-1.75 7.5 100.
-1.75 7.75 100.
-1.75 8. 100.
-1.75 8.25 100.
-1.75 8.5 100.
-1.75 8.75 100.
-1.75 9. 100.
-1.75 9.25 100.
-1.75 9.5 100.
-1.75 9.75 100.
-1.75 10. 100.
-1.5 -10 100.
-1.5 -9.75 100.
-1.5 -9.5 100.
-1.5 -9.25 100.
-1.5 -9. 100.
-1.5 -8.75 100.
-1.5 -8.5 100.
-1.5 -8.25 100.
-1.5 -8. 100.
-1.5 -7.75 100.
-1.5 -7.5 100.
-1.5 -7.25 100.
-1.5 -7. 100.
-1.5 -6.75 100.
-1.5 -6.5 100.
-1.5 -6.25 100.
-1.5 -6. 100.
-1.5 -5.75 100.
-1.5 -5.5 100.
-1.5 -5.25 100.
-1.5 -5. 100.
-1.5 -4.75 100.
-1.5 -4.5 100.
-1.5 -4.25 100.
-1.5 -4. 100.
-1.5 -3.75 100.
-1.5 -3.5 100.
-1.5 -3.25 100.
-1.5 -3. 100.
-1.5 -2.75 100.
-1.5 -2.5 100.
-1.5 -2.25 100.
-1.5 -2. 100.
-1.5 -1.75 100.
-1.5 -1.5 100.
-1.5 -1.25 100.
-1.5 -1. 100.
-1.5 -0.75 100.
-1.5 -0.5 100.
-1.5 -0.25 100.
-1.5 0 0.
-1.5 0.25 100.
-1.5 0.5 100.
-1.5 0.75 100.
-1.5 1. 100.
-1.5 1.25 100.
-1.5 1.5 100.
-1.5 1.75 100.
-1.5 2. 100.
-1.5 2.25 100.
-1.5 2.5 100.
-1.5 2.75 100.
-1.5 3. 100.
-1.5 3.25 100.
-1.5 3.5 100.
-1.5 3.75 100.
-1.5 4. 100.
-1.5 4.25 100.
-1.5 4.5 100.
-1.5 4.75 100.
-1.5 5. 100.
-1.5 5.25 100.
-1.5 5.5 100.
-1.5 5.75 100.
-1.5 6. 100.
-1.5 6.25 100.
-1.5 6.5 100.
-1.5 6.75 100.
-1.5 7. 100.
-1.5 7.25 100.
-1.5 7.5 100.
-1.5 7.75 100.
-1.5 8. 100.
-1.5 8.25 100.
-1.5 8.5 100.
-1.5 8.75 100.
-1.5 9. 100.
-1.5 9.25 100.
-1.5 9.5 100.
-1.5 9.75 100.
-1.5 10. 100.
-1.25 -10 100.
-1.25 -9.75 100.
-1.25 -9.5 100.
-1.25 -9.25 100.
-1.25 -9. 100.
-1.25 -8.75 100.
-1.25 -8.5 100.
-1.25 -8.25 100.
-1.25 -8. 100.
-1.25 -7.75 100.
-1.25 -7.5 100.
-1.25 -7.25 100.
-1.25 -7. 100.
-1.25 -6.75 100.
-1.25 -6.5 100.
-1.25 -6.25 100.
-1.25 -6. 100.
-1.25 -5.75 100.
-1.25 -5.5 100.
-1.25 -5.25 100.
-1.25 -5. 100.
-1.25 -4.75 100.
-1.25 -4.5 100.
-1.25 -4.25 100.
-1.25 -4. 100.
-1.25 -3.75 100.
-1.25 -3.5 100.
-1.25 -3.25 100.
-1.25 -3. 100.
-1.25 -2.75 100.
-1.25 -2.5 100.
-1.25 -2.25 100.
-1.25 -2. 100.
-1.25 -1.75 100.
-1.25 -1.5 100.
-1.25 -1.25 100.
-1.25 -1. 100.
-1.25 -0.75 100.
-1.25 -0.5 100.
-1.25 -0.25 100.
-1.25 0 0.
-1.25 0.25 100.
-1.25 0.5 100.
-1.25 0.75 100.
-1.25 1. 100.
-1.25 1.25 100.
-1.25 1.5 100.
-1.25 1.75 100.
-1.25 2. 100.
-1.25 2.25 100.
-1.25 2.5 100.
-1.25 2.75 100.
-1.25 3. 100.
-1.25 3.25 100.
-1.25 3.5 100.
-1.25 3.75 100.
-1.25 4. 100.
-1.25 4.25 100.
-1.25 4.5 100.
-1.25 4.75 100.
-1.25 5. 100.
-1.25 5.25 100.
-1.25 5.5 100.
-1.25 5.75 100.
-1.25 6. 100.
-1.25 6.25 100.
-1.25 6.5 100.
-1.25 6.75 100.
-1.25 7. 100.
-1.25 7.25 100.
-1.25 7.5 100.
-1.25 7.75 100.
-1.25 8. 100.
-1.25 8.25 100.
-1.25 8.5 100.
-1.25 8.75 100.
-1.25 9. 100.
-1.25 9.25 100.
-1.25 9.5 100.
-1.25 9.75 100.
-1.25 10. 100.
-1. -10 100.
-1. -9.75 100.
-1. -9.5 100.
-1. -9.25 100.
-1. -9. 100.
-1. -8.75 100.
-1. -8.5 100.
-1. -8.25 100.
-1. -8. 100.
-1. -7.75 100.
-1. -7.5 100.
-1. -7.25 100.
-1. -7. 100.
-1. -6.75 100.
-1. -6.5 100.
-1. -6.25 100.
-1. -6. 100.
-1. -5.75 100.
-1. -5.5 100.
-1. -5.25 100.
-1. -5. 100.
-1. -4.75 100.
-1. -4.5 100.
-1. -4.25 100.
-1. -4. 100.
-1. -3.75 100.
-1. -3.5 100.
-1. -3.25 100.
-1. -3. 100.
-1. -2.75 100.
-1. -2.5 100.
-1. -2.25 100.
-1. -2. 100.
-1. -1.75 100.
-1. -1.5 100.
-1. -1.25 100.
-1. -1. 100.
-1. -0.75 100.
-1. -0.5 100.
-1. -0.25 100.
-1. 0 0.
-1. 0.25 100.
-1. 0.5 100.
-1. 0.75 100.
-1. 1. 100.
-1. 1.25 100.
-1. 1.5 100.
-1. 1.75 100.
-1. 2. 100.
-1. 2.25 100.
-1. 2.5 100.
-1. 2.75 100.
-1. 3. 100.
-1. 3.25 100.
-1. 3.5 100.
-1. 3.75 100.
-1. 4. 100.
-1. 4.25 100.
-1. 4.5 100.
-1. 4.75 100.
-1. 5. 100.
-1. 5.25 100.
-1. 5.5 100.
-1. 5.75 100.
-1. 6. 100.
-1. 6.25 100.
-1. 6.5 100.
-1. 6.75 100.
-1. 7. 100.
-1. 7.25 100.
-1. 7.5 100.
-1. 7.75 100.
-1. 8. 100.
-1. 8.25 100.
-1. 8.5 100.
-1. 8.75 100.
-1. 9. 100.
-1. 9.25 100.
-1. 9.5 100.
-1. 9.75 100.
-1. 10. 100.
-0.75 -10 100.
-0.75 -9.75 100.
-0.75 -9.5 100.
-0.75 -9.25 100.
-0.75 -9. 100.
-0.75 -8.75 100.
-0.75 -8.5 100.
-0.75 -8.25 100.
-0.75 -8. 100.
-0.75 -7.75 100.
-0.75 -7.5 100.
-0.75 -7.25 100.
-0.75 -7. 100.
-0.75 -6.75 100.
-0.75 -6.5 100.
-0.75 -6.25 100.
-0.75 -6. 100.
-0.75 -5.75 100.
-0.75 -5.5 100.
-0.75 -5.25 100.
-0.75 -5. 100.
-0.75 -4.75 100.
-0.75 -4.5 100.
-0.75 -4.25 100.
-0.75 -4. 100.
-0.75 -3.75 100.
-0.75 -3.5 100.
-0.75 -3.25 100.
-0.75 -3. 100.
-0.75 -2.75 100.
-0.75 -2.5 100.
-0.75 -2.25 100.
-0.75 -2. 100.
-0.75 -1.75 100.
-0.75 -1.5 100.
-0.75 -1.25 100.
-0.75 -1. 100.
-0.75 -0.75 100.
-0.75 -0.5 100.
-0.75 -0.25 100.
-0.75 0 0.
-0.75 0.25 100.
-0.75 0.5 100.
-0.75 0.75 100.
-0.75 1. 100.
-0.75 1.25 100.
-0.75 1.5 100.
-0.75 1.75 100.
-0.75 2. 100.
-0.75 2.25 100.
-0.75 2.5 100.
-0.75 2.75 100.
-0.75 3. 100.
-0.75 3.25 100.
-0.75 3.5 100.
-0.75 3.75 100.
-0.75 4. 100.
-0.75 4.25 100.
-0.75 4.5 100.
-0.75 4.75 100.
-0.75 5. 100.
-0.75 5.25 100.
-0.75 5.5 100.
-0.75 5.75 100.
-0.75 6. 100.
-0.75 6.25 100.
-0.75 6.5 100.
-0.75 6.75 100.
-0.75 7. 100.
-0.75 7.25 100.
-0.75 7.5 100.
-0.75 7.75 100.
-0.75 8. 100.
-0.75 8.25 100.
-0.75 8.5 100.
-0.75 8.75 100.
-0.75 9. 100.
-0.75 9.25 100.
-0.75 9.5 100.
-0.75 9.75 100.
-0.75 10. 100.
-0.5 -10 100.
-0.5 -9.75 100.
-0.5 -9.5 100.
-0.5 -9.25 100.
-0.5 -9. 100.
-0.5 -8.75 100.
-0.5 -8.5 100.
-0.5 -8.25 100.
-0.5 -8. 100.
-0.5 -7.75 100.
-0.5 -7.5 100.
-0.5 -7.25 100.
-0.5 -7. 100.
-0.5 -6.75 100.
-0.5 -6.5 100.
-0.5 -6.25 100.
-0.5 -6. 100.
-0.5 -5.75 100.
-0.5 -5.5 100.
-0.5 -5.25 100.
-0.5 -5. 100.
-0.5 -4.75 100.
-0.5 -4.5 100.
-0.5 -4.25 100.
-0.5 -4. 100.
-0.5 -3.75 100.
-0.5 -3.5 100.
-0.5 -3.25 100.
-0.5 -3. 100.
-0.5 -2.75 100.
-0.5 -2.5 100.
-0.5 -2.25 100.
-0.5 -2. 100.
-0.5 -1.75 100.
-0.5 -1.5 100.
-0.5 -1.25 100.
-0.5 -1. 100.
-0.5 -0.75 100.
-0.5 -0.5 100.
-0.5 -0.25 100.
-0.5 0 0.
-0.5 0.25 100.
-0.5 0.5 100.
-0.5 0.75 100.
-0.5 1. 100.
-0.5 1.25 100.
-0.5 1.5 100.
-0.5 1.75 100.
-0.5 2. 100.
-0.5 2.25 100.
-0.5 2.5 100.
-0.5 2.75 100.
-0.5 3. 100.
-0.5 3.25 100.
-0.5 3.5 100.
-0.5 3.75 100.
-0.5 4. 100.
-0.5 4.25 100.
-0.5 4.5 100.
-0.5 4.75 100.
-0.5 5. 100.
-0.5 5.25 100.
-0.5 5.5 100.
-0.5 5.75 100.
-0.5 6. 100.
-0.5 6.25 100.
-0.5 6.5 100.
-0.5 6.75 100.
-0.5 7. 100.
-0.5 7.25 100.
-0.5 7.5 100.
-0.5 7.75 100.
-0.5 8. 100.
-0.5 8.25 100.
-0.5 8.5 100.
-0.5 8.75 100.
-0.5 9. 100.
-0.5 9.25 100.
-0.5 9.5 100.
-0.5 9.75 100.
-0.5 10. 100.
-0.25 -10 100.
-0.25 -9.75 100.
-0.25 -9.5 100.
-0.25 -9.25 100.
-0.25 -9. 100.
-0.25 -8.75 100.
-0.25 -8.5 100.
-0.25 -8.25 100.
-0.25 -8. 100.
-0.25 -7.75 100.
-0.25 -7.5 100.
-0.25 -7.25 100.
-0.25 -7. 100.
-0.25 -6.75 100.
-0.25 -6.5 100.
-0.25 -6.25 100.
-0.25 -6. 100.
-0.25 -5.75 100.
-0.25 -5.5 100.
-0.25 -5.25 100.
-0.25 -5. 100.
-0.25 -4.75 100.
-0.25 -4.5 100.
-0.25 -4.25 100.
-0.25 -4. 100.
-0.25 -3.75 100.
-0.25 -3.5 100.
-0.25 -3.25 100.
-0.25 -3. 100.
-0.25 -2.75 100.
-0.25 -2.5 100.
-0.25 -2.25 100.
-0.25 -2. 100.
-0.25 -1.75 100.
-0.25 -1.5 100.
-0.25 -1.25 100.
-0.25 -1. 100.
-0.25 -0.75 100.
-0.25 -0.5 100.
-0.25 -0.25 100.
-0.25 0 0.
-0.25 0.25 100.
-0.25 0.5 100.
-0.25 0.75 100.
-0.25 1. 100.
-0.25 1.25 100.
-0.25 1.5 100.
-0.25 1.75 100.
-0.25 2. 100.
-0.25 2.25 100.
-0.25 2.5 100.
-0.25 2.75 100.
-0.25 3. 100.
-0.25 3.25 100.
-0.25 3.5 100.
-0.25 3.75 100.
-0.25 4. 100.
-0.25 4.25 100.
-0.25 4.5 100.
-0.25 4.75 100.
-0.25 5. 100.
-0.25 5.25 100.
-0.25 5.5 100.
-0.25 5.75 100.
-0.25 6. 100.
-0.25 6.25 100.
-0.25 6.5 100.
-0.25 6.75 100.
-0.25 7. 100.
-0.25 7.25 100.
-0.25 7.5 100.
-0.25 7.75 100.
-0.25 8. 100.
-0.25 8.25 100.
-0.25 8.5 100.
-0.25 8.75 100.
-0.25 9. 100.
-0.25 9.25 100.
-0.25 9.5 100.
-0.25 9.75 100.
-0.25 10. 100.
0 -10 0.
0 -9.75 0.
0 -9.5 0.
0 -9.25 0.
0 -9. 0.
0 -8.75 0.
0 -8.5 0.
0 -8.25 0.
0 -8. 0.
0 -7.75 0.
0 -7.5 0.
0 -7.25 0.
0 -7. 0.
0 -6.75 0.
0 -6.5 0.
0 -6.25 0.
0 -6. 0.
0 -5.75 0.
0 -5.5 0.
0 -5.25 0.
0 -5. 0.
0 -4.75 0.
0 -4.5 0.
0 -4.25 0.
0 -4. 0.
0 -3.75 0.
0 -3.5 0.
0 -3.25 0.
0 -3. 0.
0 -2.75 0.
0 -2.5 0.
0 -2.25 0.
0 -2. 0.
0 -1.75 0.
0 -1.5 0.
0 -1.25 0.
0 -1. 0.
0 -0.75 0.
0 -0.5 0.
0 -0.25 0.
0 0 0.
0 0.25 0.
0 0.5 0.
0 0.75 0.
0 1. 0.
0 1.25 0.
0 1.5 0.
0 1.75 0.
0 2. 0.
0 2.25 0.
0 2.5 0.
0 2.75 0.
0 3. 0.
0 3.25 0.
0 3.5 0.
0 3.75 0.
0 4. 0.
0 4.25 0.
0 4.5 0.
0 4.75 0.
0 5. 0.
0 5.25 0.
0 5.5 0.
0 5.75 0.
0 6. 0.
0 6.25 0.
0 6.5 0.
0 6.75 0.
0 7. 0.
0 7.25 0.
0 7.5 0.
0 7.75 0.
0 8. 0.
0 8.25 0.
0 8.5 0.
0 8.75 0.
0 9. 0.
0 9.25 0.
0 9.5 0.
0 9.75 0.
0 10. 0.
0.25 -10 100.
0.25 -9.75 100.
0.25 -9.5 100.
0.25 -9.25 100.
0.25 -9. 100.
0.25 -8.75 100.
0.25 -8.5 100.
0.25 -8.25 100.
0.25 -8. 100.
0.25 -7.75 100.
0.25 -7.5 100.
0.25 -7.25 100.
0.25 -7. 100.
0.25 -6.75 100.
0.25 -6.5 100.
0.25 -6.25 100.
0.25 -6. 100.
0.25 -5.75 100.
0.25 -5.5 100.
0.25 -5.25 100.
0.25 -5. 100.
0.25 -4.75 100.
0.25 -4.5 100.
0.25 -4.25 100.
0.25 -4. 100.
0.25 -3.75 100.
0.25 -3.5 100.
0.25 -3.25 100.
0.25 -3. 100.
0.25 -2.75 100.
0.25 -2.5 100.
0.25 -2.25 100.
0.25 -2. 100.
0.25 -1.75 100.
0.25 -1.5 100.
0.25 -1.25 100.
0.25 -1. 100.
0.25 -0.75 100.
0.25 -0.5 100.
0.25 -0.25 100.
0.25 0 0.
0.25 0.25 100.
0.25 0.5 100.
0.25 0.75 100.
0.25 1. 100.
0.25 1.25 100.
0.25 1.5 100.
0.25 1.75 100.
0.25 2. 100.
0.25 2.25 100.
0.25 2.5 100.
0.25 2.75 100.
0.25 3. 100.
0.25 3.25 100.
0.25 3.5 100.
0.25 3.75 100.
0.25 4. 100.
0.25 4.25 100.
0.25 4.5 100.
0.25 4.75 100.
0.25 5. 100.
0.25 5.25 100.
0.25 5.5 100.
0.25 5.75 100.
0.25 6. 100.
0.25 6.25 100.
0.25 6.5 100.
0.25 6.75 100.
0.25 7. 100.
0.25 7.25 100.
0.25 7.5 100.
0.25 7.75 100.
0.25 8. 100.
0.25 8.25 100.
0.25 8.5 100.
0.25 8.75 100.
0.25 9. 100.
0.25 9.25 100.
0.25 9.5 100.
0.25 9.75 100.
0.25 10. 100.
0.5 -10 100.
0.5 -9.75 100.
0.5 -9.5 100.
0.5 -9.25 100.
0.5 -9. 100.
0.5 -8.75 100.
0.5 -8.5 100.
0.5 -8.25 100.
0.5 -8. 100.
0.5 -7.75 100.
0.5 -7.5 100.
0.5 -7.25 100.
0.5 -7. 100.
0.5 -6.75 100.
0.5 -6.5 100.
0.5 -6.25 100.
0.5 -6. 100.
0.5 -5.75 100.
0.5 -5.5 100.
0.5 -5.25 100.
0.5 -5. 100.
0.5 -4.75 100.
0.5 -4.5 100.
0.5 -4.25 100.
0.5 -4. 100.
0.5 -3.75 100.
0.5 -3.5 100.
0.5 -3.25 100.
0.5 -3. 100.
0.5 -2.75 100.
0.5 -2.5 100.
0.5 -2.25 100.
0.5 -2. 100.
0.5 -1.75 100.
0.5 -1.5 100.
0.5 -1.25 100.
0.5 -1. 100.
0.5 -0.75 100.
0.5 -0.5 100.
0.5 -0.25 100.
0.5 0 0.
0.5 0.25 100.
0.5 0.5 100.
0.5 0.75 100.
0.5 1. 100.
0.5 1.25 100.
0.5 1.5 100.
0.5 1.75 100.
0.5 2. 100.
0.5 2.25 100.
0.5 2.5 100.
0.5 2.75 100.
0.5 3. 100.
0.5 3.25 100.
0.5 3.5 100.
0.5 3.75 100.
0.5 4. 100.
0.5 4.25 100.
0.5 4.5 100.
0.5 4.75 100.
0.5 5. 100.
0.5 5.25 100.
0.5 5.5 100.
0.5 5.75 100.
0.5 6. 100.
0.5 6.25 100.
0.5 6.5 100.
0.5 6.75 100.
0.5 7. 100.
0.5 7.25 100.
0.5 7.5 100.
0.5 7.75 100.
0.5 8. 100.
0.5 8.25 100.
0.5 8.5 100.
0.5 8.75 100.
0.5 9. 100.
0.5 9.25 100.
0.5 9.5 100.
0.5 9.75 100.
0.5 10. 100.
0.75 -10 100.
0.75 -9.75 100.
0.75 -9.5 100.
0.75 -9.25 100.
0.75 -9. 100.
0.75 -8.75 100.
0.75 -8.5 100.
0.75 -8.25 100.
0.75 -8. 100.
0.75 -7.75 100.
0.75 -7.5 100.
0.75 -7.25 100.
0.75 -7. 100.
0.75 -6.75 100.
0.75 -6.5 100.
0.75 -6.25 100.
0.75 -6. 100.
0.75 -5.75 100.
0.75 -5.5 100.
0.75 -5.25 100.
0.75 -5. 100.
0.75 -4.75 100.
0.75 -4.5 100.
0.75 -4.25 100.
0.75 -4. 100.
0.75 -3.75 100.
0.75 -3.5 100.
0.75 -3.25 100.
0.75 -3. 100.
0.75 -2.75 100.
0.75 -2.5 100.
0.75 -2.25 100.
0.75 -2. 100.
0.75 -1.75 100.
0.75 -1.5 100.
0.75 -1.25 100.
0.75 -1. 100.
0.75 -0.75 100.
0.75 -0.5 100.
0.75 -0.25 100.
0.75 0 0.
0.75 0.25 100.
0.75 0.5 100.
0.75 0.75 100.
0.75 1. 100.
0.75 1.25 100.
0.75 1.5 100.
0.75 1.75 100.
0.75 2. 100.
0.75 2.25 100.
0.75 2.5 100.
0.75 2.75 100.
0.75 3. 100.
0.75 3.25 100.
0.75 3.5 100.
0.75 3.75 100.
0.75 4. 100.
0.75 4.25 100.
0.75 4.5 100.
0.75 4.75 100.
0.75 5. 100.
0.75 5.25 100.
0.75 5.5 100.
0.75 5.75 100.
0.75 6. 100.
0.75 6.25 100.
0.75 6.5 100.
0.75 6.75 100.
0.75 7. 100.
0.75 7.25 100.
0.75 7.5 100.
0.75 7.75 100.
0.75 8. 100.
0.75 8.25 100.
0.75 8.5 100.
0.75 8.75 100.
0.75 9. 100.
0.75 9.25 100.
0.75 9.5 100.
0.75 9.75 100.
0.75 10. 100.
1. -10 100.
1. -9.75 100.
1. -9.5 100.
1. -9.25 100.
1. -9. 100.
1. -8.75 100.
1. -8.5 100.
1. -8.25 100.
1. -8. 100.
1. -7.75 100.
1. -7.5 100.
1. -7.25 100.
1. -7. 5.02448
1. -6.75 100.
1. -6.5 100.
1. -6.25 100.
1. -6. 100.
1. -5.75 100.
1. -5.5 100.
1. -5.25 100.
1. -5. 100.
1. -4.75 100.
1. -4.5 100.
1. -4.25 100.
1. -4. 100.
1. -3.75 100.
1. -3.5 100.
1. -3.25 100.
1. -3. 100.
1. -2.75 100.
1. -2.5 100.
1. -2.25 100.
1. -2. 100.
1. -1.75 100.
1. -1.5 100.
1. -1.25 100.
1. -1. 100.
1. -0.75 100.
1. -0.5 100.
1. -0.25 100.
1. 0 0.
1. 0.25 100.
1. 0.5 100.
1. 0.75 100.
1. 1. 100.
1. 1.25 100.
1. 1.5 100.
1. 1.75 100.
1. 2. 100.
1. 2.25 100.
1. 2.5 100.
1. 2.75 100.
1. 3. 100.
1. 3.25 100.
1. 3.5 100.
1. 3.75 100.
1. 4. 100.
1. 4.25 100.
1. 4.5 100.
1. 4.75 100.
1. 5. 100.
1. 5.25 100.
1. 5.5 100.
1. 5.75 100.
1. 6. 100.
1. 6.25 100.
1. 6.5 100.
1. 6.75 100.
1. 7. 100.
1. 7.25 100.
1. 7.5 100.
1. 7.75 100.
1. 8. 100.
1. 8.25 100.
1. 8.5 100.
1. 8.75 100.
1. 9. 100.
1. 9.25 100.
1. 9.5 100.
1. 9.75 100.
1. 10. 100.
1.25 -10 100.
1.25 -9.75 100.
1.25 -9.5 100.
1.25 -9.25 100.
1.25 -9. 100.
1.25 -8.75 100.
1.25 -8.5 100.
1.25 -8.25 100.
1.25 -8. 100.
1.25 -7.75 100.
1.25 -7.5 100.
1.25 -7.25 100.
1.25 -7. 100.
1.25 -6.75 100.
1.25 -6.5 100.
1.25 -6.25 100.
1.25 -6. 100.
1.25 -5.75 100.
1.25 -5.5 100.
1.25 -5.25 100.
1.25 -5. 100.
1.25 -4.75 100.
1.25 -4.5 100.
1.25 -4.25 100.
1.25 -4. 5.02625
1.25 -3.75 100.
1.25 -3.5 100.
1.25 -3.25 100.
1.25 -3. 100.
1.25 -2.75 100.
1.25 -2.5 100.
1.25 -2.25 100.
1.25 -2. 100.
1.25 -1.75 100.
1.25 -1.5 100.
1.25 -1.25 100.
1.25 -1. 100.
1.25 -0.75 100.
1.25 -0.5 100.
1.25 -0.25 100.
1.25 0 0.
1.25 0.25 100.
1.25 0.5 100.
1.25 0.75 100.
1.25 1. 100.
1.25 1.25 100.
1.25 1.5 100.
1.25 1.75 100.
1.25 2. 100.
1.25 2.25 100.
1.25 2.5 100.
1.25 2.75 100.
1.25 3. 100.
1.25 3.25 100.
1.25 3.5 100.
1.25 3.75 100.
1.25 4. 100.
1.25 4.25 100.
1.25 4.5 100.
1.25 4.75 100.
1.25 5. 100.
1.25 5.25 100.
1.25 5.5 100.
1.25 5.75 100.
1.25 6. 100.
1.25 6.25 100.
1.25 6.5 100.
1.25 6.75 100.
1.25 7. 100.
1.25 7.25 100.
1.25 7.5 100.
1.25 7.75 100.
1.25 8. 100.
1.25 8.25 100.
1.25 8.5 100.
1.25 8.75 100.
1.25 9. 100.
1.25 9.25 100.
1.25 9.5 100.
1.25 9.75 100.
1.25 10. 100.
1.5 -10 100.
1.5 -9.75 100.
1.5 -9.5 100.
1.5 -9.25 100.
1.5 -9. 100.
1.5 -8.75 100.
1.5 -8.5 100.
1.5 -8.25 100.
1.5 -8. 100.
1.5 -7.75 100.
1.5 -7.5 100.
1.5 -7.25 100.
1.5 -7. 100.
1.5 -6.75 100.
1.5 -6.5 100.
1.5 -6.25 100.
1.5 -6. 100.
1.5 -5.75 100.
1.5 -5.5 100.
1.5 -5.25 100.
1.5 -5. 100.
1.5 -4.75 100.
1.5 -4.5 100.
1.5 -4.25 100.
1.5 -4. 100.
1.5 -3.75 100.
1.5 -3.5 100.
1.5 -3.25 100.
1.5 -3. 100.
1.5 -2.75 100.
1.5 -2.5 100.
1.5 -2.25 100.
1.5 -2. 5.02862
1.5 -1.75 100.
1.5 -1.5 100.
1.5 -1.25 100.
1.5 -1. 100.
1.5 -0.75 100.
1.5 -0.5 100.
1.5 -0.25 100.
1.5 0 0.
1.5 0.25 100.
1.5 0.5 100.
1.5 0.75 100.
1.5 1. 100.
1.5 1.25 100.
1.5 1.5 100.
1.5 1.75 100.
1.5 2. 100.
1.5 2.25 100.
1.5 2.5 100.
1.5 2.75 100.
1.5 3. 100.
1.5 3.25 100.
1.5 3.5 100.
1.5 3.75 100.
1.5 4. 100.
1.5 4.25 100.
1.5 4.5 100.
1.5 4.75 100.
1.5 5. 100.
1.5 5.25 100.
1.5 5.5 100.
1.5 5.75 100.
1.5 6. 100.
1.5 6.25 100.
1.5 6.5 100.
1.5 6.75 100.
1.5 7. 100.
1.5 7.25 100.
1.5 7.5 100.
1.5 7.75 100.
1.5 8. 100.
1.5 8.25 100.
1.5 8.5 100.
1.5 8.75 100.
1.5 9. 100.
1.5 9.25 100.
1.5 9.5 100.
1.5 9.75 100.
1.5 10. 100.
1.75 -10 100.
1.75 -9.75 100.
1.75 -9.5 100.
1.75 -9.25 100.
1.75 -9. 100.
1.75 -8.75 100.
1.75 -8.5 100.
1.75 -8.25 100.
1.75 -8. 100.
1.75 -7.75 100.
1.75 -7.5 100.
1.75 -7.25 100.
1.75 -7. 100.
1.75 -6.75 100.
1.75 -6.5 100.
1.75 -6.25 100.
1.75 -6. 100.
1.75 -5.75 100.
1.75 -5.5 100.
1.75 -5.25 100.
1.75 -5. 100.
1.75 -4.75 100.
1.75 -4.5 100.
1.75 -4.25 100.
1.75 -4. 100.
1.75 -3.75 100.
1.75 -3.5 100.
1.75 -3.25 100.
1.75 -3. 100.
1.75 -2.75 100.
1.75 -2.5 100.
1.75 -2.25 100.
1.75 -2. 100.
1.75 -1.75 100.
1.75 -1.5 100.
1.75 -1.25 100.
1.75 -1. 100.
1.75 -0.75 100.
1.75 -0.5 100.
1.75 -0.25 100.
1.75 0 0.
1.75 0.25 100.
1.75 0.5 100.
1.75 0.75 100.
1.75 1. 100.
1.75 1.25 100.
1.75 1.5 100.
1.75 1.75 100.
1.75 2. 100.
1.75 2.25 100.
1.75 2.5 100.
1.75 2.75 100.
1.75 3. 100.
1.75 3.25 100.
1.75 3.5 100.
1.75 3.75 100.
1.75 4. 100.
1.75 4.25 100.
1.75 4.5 100.
1.75 4.75 100.
1.75 5. 100.
1.75 5.25 100.
1.75 5.5 100.
1.75 5.75 100.
1.75 6. 100.
1.75 6.25 100.
1.75 6.5 100.
1.75 6.75 100.
1.75 7. 100.
1.75 7.25 100.
1.75 7.5 100.
1.75 7.75 100.
1.75 8. 100.
1.75 8.25 100.
1.75 8.5 100.
1.75 8.75 100.
1.75 9. 100.
1.75 9.25 100.
1.75 9.5 100.
1.75 9.75 100.
1.75 10. 100.
2. -10 100.
2. -9.75 100.
2. -9.5 100.
2. -9.25 100.
2. -9. 100.
2. -8.75 100.
2. -8.5 100.
2. -8.25 100.
2. -8. 100.
2. -7.75 100.
2. -7.5 100.
2. -7.25 100.
2. -7. 100.
2. -6.75 100.
2. -6.5 100.
2. -6.25 100.
2. -6. 100.
2. -5.75 100.
2. -5.5 100.
2. -5.25 100.
2. -5. 100.
2. -4.75 100.
2. -4.5 100.
2. -4.25 100.
2. -4. 100.
2. -3.75 100.
2. -3.5 100.
2. -3.25 100.
2. -3. 100.
2. -2.75 100.
2. -2.5 100.
2. -2.25 100.
2. -2. 100.
2. -1.75 100.
2. -1.5 100.
2. -1.25 100.
2. -1. 100.
2. -0.75 100.
2. -0.5 100.
2. -0.25 100.
2. 0 0.
2. 0.25 100.
2. 0.5 5.03695
2. 0.75 100.
2. 1. 100.
2. 1.25 100.
2. 1.5 100.
2. 1.75 100.
2. 2. 100.
2. 2.25 100.
2. 2.5 100.
2. 2.75 100.
2. 3. 100.
2. 3.25 100.
2. 3.5 100.
2. 3.75 100.
2. 4. 100.
2. 4.25 100.
2. 4.5 100.
2. 4.75 100.
2. 5. 100.
2. 5.25 100.
2. 5.5 100.
2. 5.75 100.
2. 6. 100.
2. 6.25 100.
2. 6.5 100.
2. 6.75 100.
2. 7. 100.
2. 7.25 100.
2. 7.5 100.
2. 7.75 100.
2. 8. 100.
2. 8.25 100.
2. 8.5 100.
2. 8.75 100.
2. 9. 100.
2. 9.25 100.
2. 9.5 100.
2. 9.75 100.
2. 10. 100.
2.25 -10 100.
2.25 -9.75 100.
2.25 -9.5 100.
2.25 -9.25 100.
2.25 -9. 100.
2.25 -8.75 100.
2.25 -8.5 100.
2.25 -8.25 100.
2.25 -8. 100.
2.25 -7.75 100.
2.25 -7.5 100.
2.25 -7.25 100.
2.25 -7. 100.
2.25 -6.75 100.
2.25 -6.5 100.
2.25 -6.25 100.
2.25 -6. 100.
2.25 -5.75 100.
2.25 -5.5 100.
2.25 -5.25 100.
2.25 -5. 100.
2.25 -4.75 100.
2.25 -4.5 100.
2.25 -4.25 100.
2.25 -4. 100.
2.25 -3.75 100.
2.25 -3.5 100.
2.25 -3.25 100.
2.25 -3. 100.
2.25 -2.75 100.
2.25 -2.5 100.
2.25 -2.25 100.
2.25 -2. 100.
2.25 -1.75 100.
2.25 -1.5 100.
2.25 -1.25 100.
2.25 -1. 100.
2.25 -0.75 100.
2.25 -0.5 100.
2.25 -0.25 100.
2.25 0 0.
2.25 0.25 100.
2.25 0.5 100.
2.25 0.75 100.
2.25 1. 100.
2.25 1.25 100.
2.25 1.5 100.
2.25 1.75 100.
2.25 2. 100.
2.25 2.25 100.
2.25 2.5 100.
2.25 2.75 100.
2.25 3. 100.
2.25 3.25 100.
2.25 3.5 100.
2.25 3.75 100.
2.25 4. 100.
2.25 4.25 100.
2.25 4.5 100.
2.25 4.75 100.
2.25 5. 100.
2.25 5.25 100.
2.25 5.5 100.
2.25 5.75 100.
2.25 6. 100.
2.25 6.25 100.
2.25 6.5 100.
2.25 6.75 100.
2.25 7. 100.
2.25 7.25 100.
2.25 7.5 100.
2.25 7.75 100.
2.25 8. 100.
2.25 8.25 100.
2.25 8.5 100.
2.25 8.75 100.
2.25 9. 100.
2.25 9.25 100.
2.25 9.5 100.
2.25 9.75 100.
2.25 10. 100.
2.5 -10 100.
2.5 -9.75 100.
2.5 -9.5 100.
2.5 -9.25 100.
2.5 -9. 100.
2.5 -8.75 100.
2.5 -8.5 100.
2.5 -8.25 100.
2.5 -8. 100.
2.5 -7.75 100.
2.5 -7.5 100.
2.5 -7.25 100.
2.5 -7. 100.
2.5 -6.75 100.
2.5 -6.5 100.
2.5 -6.25 100.
2.5 -6. 100.
2.5 -5.75 100.
2.5 -5.5 100.
2.5 -5.25 100.
2.5 -5. 100.
2.5 -4.75 100.
2.5 -4.5 100.
2.5 -4.25 100.
2.5 -4. 100.
2.5 -3.75 100.
2.5 -3.5 100.
2.5 -3.25 100.
2.5 -3. 100.
2.5 -2.75 100.
2.5 -2.5 100.
2.5 -2.25 100.
2.5 -2. 100.
2.5 -1.75 100.
2.5 -1.5 100.
2.5 -1.25 100.
2.5 -1. 100.
2.5 -0.75 100.
2.5 -0.5 100.
2.5 -0.25 100.
2.5 0 0.
2.5 0.25 100.
2.5 0.5 100.
2.5 0.75 100.
2.5 1. 100.
2.5 1.25 100.
2.5 1.5 100.
2.5 1.75 100.
2.5 2. 5.06235
2.5 2.25 100.
2.5 2.5 100.
2.5 2.75 100.
2.5 3. 100.
2.5 3.25 100.
2.5 3.5 100.
2.5 3.75 100.
2.5 4. 100.
2.5 4.25 100.
2.5 4.5 100.
2.5 4.75 100.
2.5 5. 100.
2.5 5.25 100.
2.5 5.5 100.
2.5 5.75 100.
2.5 6. 100.
2.5 6.25 100.
2.5 6.5 100.
2.5 6.75 100.
2.5 7. 100.
2.5 7.25 100.
2.5 7.5 100.
2.5 7.75 100.
2.5 8. 100.
2.5 8.25 100.
2.5 8.5 100.
2.5 8.75 100.
2.5 9. 100.
2.5 9.25 100.
2.5 9.5 100.
2.5 9.75 100.
2.5 10. 100.
2.75 -10 100.
2.75 -9.75 100.
2.75 -9.5 100.
2.75 -9.25 100.
2.75 -9. 100.
2.75 -8.75 100.
2.75 -8.5 100.
2.75 -8.25 100.
2.75 -8. 100.
2.75 -7.75 100.
2.75 -7.5 100.
2.75 -7.25 100.
2.75 -7. 100.
2.75 -6.75 100.
2.75 -6.5 100.
2.75 -6.25 100.
2.75 -6. 100.
2.75 -5.75 100.
2.75 -5.5 100.
2.75 -5.25 100.
2.75 -5. 100.
2.75 -4.75 100.
2.75 -4.5 100.
2.75 -4.25 100.
2.75 -4. 100.
2.75 -3.75 100.
2.75 -3.5 100.
2.75 -3.25 100.
2.75 -3. 100.
2.75 -2.75 100.
2.75 -2.5 100.
2.75 -2.25 100.
2.75 -2. 100.
2.75 -1.75 100.
2.75 -1.5 100.
2.75 -1.25 100.
2.75 -1. 100.
2.75 -0.75 100.
2.75 -0.5 100.
2.75 -0.25 100.
2.75 0 0.
2.75 0.25 100.
2.75 0.5 100.
2.75 0.75 100.
2.75 1. 100.
2.75 1.25 100.
2.75 1.5 100.
2.75 1.75 100.
2.75 2. 100.
2.75 2.25 100.
2.75 2.5 100.
2.75 2.75 100.
2.75 3. 100.
2.75 3.25 100.
2.75 3.5 100.
2.75 3.75 100.
2.75 4. 100.
2.75 4.25 100.
2.75 4.5 100.
2.75 4.75 100.
2.75 5. 100.
2.75 5.25 100.
2.75 5.5 100.
2.75 5.75 100.
2.75 6. 100.
2.75 6.25 100.
2.75 6.5 100.
2.75 6.75 100.
2.75 7. 100.
2.75 7.25 100.
2.75 7.5 100.
2.75 7.75 100.
2.75 8. 100.
2.75 8.25 100.
2.75 8.5 100.
2.75 8.75 100.
2.75 9. 100.
2.75 9.25 100.
2.75 9.5 100.
2.75 9.75 100.
2.75 10. 100.
3. -10 100.
3. -9.75 100.
3. -9.5 100.
3. -9.25 100.
3. -9. 100.
3. -8.75 100.
3. -8.5 100.
3. -8.25 100.
3. -8. 100.
3. -7.75 100.
3. -7.5 100.
3. -7.25 100.
3. -7. 100.
3. -6.75 100.
3. -6.5 100.
3. -6.25 100.
3. -6. 100.
3. -5.75 100.
3. -5.5 100.
3. -5.25 100.
3. -5. 100.
3. -4.75 100.
3. -4.5 100.
3. -4.25 100.
3. -4. 100.
3. -3.75 100.
3. -3.5 100.
3. -3.25 100.
3. -3. 100.
3. -2.75 100.
3. -2.5 100.
3. -2.25 100.
3. -2. 100.
3. -1.75 100.
3. -1.5 100.
3. -1.25 100.
3. -1. 100.
3. -0.75 100.
3. -0.5 100.
3. -0.25 100.
3. 0 0.
3. 0.25 100.
3. 0.5 100.
3. 0.75 100.
3. 1. 100.
3. 1.25 100.
3. 1.5 100.
3. 1.75 100.
3. 2. 100.
3. 2.25 100.
3. 2.5 100.
3. 2.75 100.
3. 3. 3.
3. 3.25 100.
3. 3.5 100.
3. 3.75 100.
3. 4. 100.
3. 4.25 100.
3. 4.5 100.
3. 4.75 100.
3. 5. 100.
3. 5.25 100.
3. 5.5 100.
3. 5.75 100.
3. 6. 100.
3. 6.25 100.
3. 6.5 100.
3. 6.75 100.
3. 7. 100.
3. 7.25 100.
3. 7.5 100.
3. 7.75 100.
3. 8. 100.
3. 8.25 100.
3. 8.5 100.
3. 8.75 100.
3. 9. 100.
3. 9.25 100.
3. 9.5 100.
3. 9.75 100.
3. 10. 100.
3.25 -10 100.
3.25 -9.75 100.
3.25 -9.5 100.
3.25 -9.25 100.
3.25 -9. 100.
3.25 -8.75 100.
3.25 -8.5 100.
3.25 -8.25 100.
3.25 -8. 100.
3.25 -7.75 100.
3.25 -7.5 100.
3.25 -7.25 100.
3.25 -7. 100.
3.25 -6.75 100.
3.25 -6.5 100.
3.25 -6.25 100.
3.25 -6. 100.
3.25 -5.75 100.
3.25 -5.5 100.
3.25 -5.25 100.
3.25 -5. 100.
3.25 -4.75 100.
3.25 -4.5 100.
3.25 -4.25 100.
3.25 -4. 100.
3.25 -3.75 100.
3.25 -3.5 100.
3.25 -3.25 100.
3.25 -3. 100.
3.25 -2.75 100.
3.25 -2.5 100.
3.25 -2.25 100.
3.25 -2. 100.
3.25 -1.75 100.
3.25 -1.5 100.
3.25 -1.25 100.
3.25 -1. 100.
3.25 -0.75 100.
3.25 -0.5 100.
3.25 -0.25 100.
3.25 0 0.
3.25 0.25 100.
3.25 0.5 100.
3.25 0.75 100.
3.25 1. 100.
3.25 1.25 100.
3.25 1.5 100.
3.25 1.75 100.
3.25 2. 100.
3.25 2.25 100.
3.25 2.5 100.
3.25 2.75 100.
3.25 3. 100.
3.25 3.25 100.
3.25 3.5 100.
3.25 3.75 100.
3.25 4. 100.
3.25 4.25 100.
3.25 4.5 100.
3.25 4.75 100.
3.25 5. 100.
3.25 5.25 100.
3.25 5.5 100.
3.25 5.75 100.
3.25 6. 100.
3.25 6.25 100.
3.25 6.5 100.
3.25 6.75 100.
3.25 7. 100.
3.25 7.25 100.
3.25 7.5 100.
3.25 7.75 100.
3.25 8. 100.
3.25 8.25 100.
3.25 8.5 100.
3.25 8.75 100.
3.25 9. 100.
3.25 9.25 100.
3.25 9.5 100.
3.25 9.75 100.
3.25 10. 100.
3.5 -10 100.
3.5 -9.75 100.
3.5 -9.5 100.
3.5 -9.25 100.
3.5 -9. 100.
3.5 -8.75 100.
3.5 -8.5 100.
3.5 -8.25 100.
3.5 -8. 100.
3.5 -7.75 100.
3.5 -7.5 100.
3.5 -7.25 100.
3.5 -7. 100.
3.5 -6.75 100.
3.5 -6.5 100.
3.5 -6.25 100.
3.5 -6. 100.
3.5 -5.75 100.
3.5 -5.5 100.
3.5 -5.25 100.
3.5 -5. 100.
3.5 -4.75 100.
3.5 -4.5 100.
3.5 -4.25 100.
3.5 -4. 100.
3.5 -3.75 100.
3.5 -3.5 100.
3.5 -3.25 100.
3.5 -3. 100.
3.5 -2.75 100.
3.5 -2.5 100.
3.5 -2.25 100.
3.5 -2. 100.
3.5 -1.75 100.
3.5 -1.5 100.
3.5 -1.25 100.
3.5 -1. 100.
3.5 -0.75 100.
3.5 -0.5 100.
3.5 -0.25 100.
3.5 0 0.
3.5 0.25 100.
3.5 0.5 100.
3.5 0.75 100.
3.5 1. 100.
3.5 1.25 100.
3.5 1.5 100.
3.5 1.75 100.
3.5 2. 100.
3.5 2.25 100.
3.5 2.5 100.
3.5 2.75 100.
3.5 3. 100.
3.5 3.25 100.
3.5 3.5 100.
3.5 3.75 100.
3.5 4. 100.
3.5 4.25 100.
3.5 4.5 100.
3.5 4.75 100.
3.5 5. 100.
3.5 5.25 100.
3.5 5.5 100.
3.5 5.75 100.
3.5 6. 100.
3.5 6.25 100.
3.5 6.5 100.
3.5 6.75 100.
3.5 7. 100.
3.5 7.25 100.
3.5 7.5 100.
3.5 7.75 100.
3.5 8. 100.
3.5 8.25 100.
3.5 8.5 100.
3.5 8.75 100.
3.5 9. 100.
3.5 9.25 100.
3.5 9.5 100.
3.5 9.75 100.
3.5 10. 100.
3.75 -10 100.
3.75 -9.75 100.
3.75 -9.5 100.
3.75 -9.25 100.
3.75 -9. 100.
3.75 -8.75 100.
3.75 -8.5 100.
3.75 -8.25 100.
3.75 -8. 100.
3.75 -7.75 100.
3.75 -7.5 100.
3.75 -7.25 100.
3.75 -7. 100.
3.75 -6.75 100.
3.75 -6.5 100.
3.75 -6.25 100.
3.75 -6. 100.
3.75 -5.75 100.
3.75 -5.5 100.
3.75 -5.25 100.
3.75 -5. 100.
3.75 -4.75 100.
3.75 -4.5 100.
3.75 -4.25 100.
3.75 -4. 100.
3.75 -3.75 100.
3.75 -3.5 100.
3.75 -3.25 100.
3.75 -3. 100.
3.75 -2.75 100.
3.75 -2.5 100.
3.75 -2.25 100.
3.75 -2. 100.
3.75 -1.75 100.
3.75 -1.5 100.
3.75 -1.25 100.
3.75 -1. 100.
3.75 -0.75 100.
3.75 -0.5 100.
3.75 -0.25 100.
3.75 0 0.
3.75 0.25 100.
3.75 0.5 100.
3.75 0.75 100.
3.75 1. 100.
3.75 1.25 100.
3.75 1.5 100.
3.75 1.75 100.
3.75 2. 100.
3.75 2.25 100.
3.75 2.5 100.
3.75 2.75 100.
3.75 3. 100.
3.75 3.25 100.
3.75 3.5 100.
3.75 3.75 100.
3.75 4. 4.98005
3.75 4.25 100.
3.75 4.5 100.
3.75 4.75 100.
3.75 5. 100.
3.75 5.25 100.
3.75 5.5 100.
3.75 5.75 100.
3.75 6. 100.
3.75 6.25 100.
3.75 6.5 100.
3.75 6.75 100.
3.75 7. 100.
3.75 7.25 100.
3.75 7.5 100.
3.75 7.75 100.
3.75 8. 100.
3.75 8.25 100.
3.75 8.5 100.
3.75 8.75 100.
3.75 9. 100.
3.75 9.25 100.
3.75 9.5 100.
3.75 9.75 100.
3.75 10. 100.
4. -10 100.
4. -9.75 100.
4. -9.5 100.
4. -9.25 100.
4. -9. 100.
4. -8.75 100.
4. -8.5 100.
4. -8.25 100.
4. -8. 100.
4. -7.75 100.
4. -7.5 100.
4. -7.25 100.
4. -7. 100.
4. -6.75 100.
4. -6.5 100.
4. -6.25 100.
4. -6. 100.
4. -5.75 100.
4. -5.5 100.
4. -5.25 100.
4. -5. 100.
4. -4.75 100.
4. -4.5 100.
4. -4.25 100.
4. -4. 100.
4. -3.75 100.
4. -3.5 100.
4. -3.25 100.
4. -3. 100.
4. -2.75 100.
4. -2.5 100.
4. -2.25 100.
4. -2. 100.
4. -1.75 100.
4. -1.5 100.
4. -1.25 100.
4. -1. 100.
4. -0.75 100.
4. -0.5 100.
4. -0.25 100.
4. 0 0.
4. 0.25 100.
4. 0.5 100.
4. 0.75 100.
4. 1. 100.
4. 1.25 100.
4. 1.5 100.
4. 1.75 100.
4. 2. 100.
4. 2.25 100.
4. 2.5 100.
4. 2.75 100.
4. 3. 100.
4. 3.25 100.
4. 3.5 100.
4. 3.75 100.
4. 4. 100.
4. 4.25 4.98798
4. 4.5 100.
4. 4.75 100.
4. 5. 100.
4. 5.25 100.
4. 5.5 100.
4. 5.75 100.
4. 6. 100.
4. 6.25 100.
4. 6.5 100.
4. 6.75 100.
4. 7. 100.
4. 7.25 100.
4. 7.5 100.
4. 7.75 100.
4. 8. 100.
4. 8.25 100.
4. 8.5 100.
4. 8.75 100.
4. 9. 100.
4. 9.25 100.
4. 9.5 100.
4. 9.75 100.
4. 10. 100.
4.25 -10 100.
4.25 -9.75 100.
4.25 -9.5 100.
4.25 -9.25 100.
4.25 -9. 100.
4.25 -8.75 100.
4.25 -8.5 100.
4.25 -8.25 100.
4.25 -8. 100.
4.25 -7.75 100.
4.25 -7.5 100.
4.25 -7.25 100.
4.25 -7. 100.
4.25 -6.75 100.
4.25 -6.5 100.
4.25 -6.25 100.
4.25 -6. 100.
4.25 -5.75 100.
4.25 -5.5 100.
4.25 -5.25 100.
4.25 -5. 100.
4.25 -4.75 100.
4.25 -4.5 100.
4.25 -4.25 100.
4.25 -4. 100.
4.25 -3.75 100.
4.25 -3.5 100.
4.25 -3.25 100.
4.25 -3. 100.
4.25 -2.75 100.
4.25 -2.5 100.
4.25 -2.25 100.
4.25 -2. 100.
4.25 -1.75 100.
4.25 -1.5 100.
4.25 -1.25 100.
4.25 -1. 100.
4.25 -0.75 100.
4.25 -0.5 100.
4.25 -0.25 100.
4.25 0 0.
4.25 0.25 100.
4.25 0.5 100.
4.25 0.75 100.
4.25 1. 100.
4.25 1.25 100.
4.25 1.5 100.
4.25 1.75 100.
4.25 2. 100.
4.25 2.25 100.
4.25 2.5 100.
4.25 2.75 100.
4.25 3. 100.
4.25 3.25 100.
4.25 3.5 100.
4.25 3.75 100.
4.25 4. 100.
4.25 4.25 100.
4.25 4.5 100.
4.25 4.75 100.
4.25 5. 100.
4.25 5.25 100.
4.25 5.5 100.
4.25 5.75 100.
4.25 6. 100.
4.25 6.25 100.
4.25 6.5 100.
4.25 6.75 100.
4.25 7. 100.
4.25 7.25 100.
4.25 7.5 100.
4.25 7.75 100.
4.25 8. 100.
4.25 8.25 100.
4.25 8.5 100.
4.25 8.75 100.
4.25 9. 100.
4.25 9.25 100.
4.25 9.5 100.
4.25 9.75 100.
4.25 10. 100.
4.5 -10 100.
4.5 -9.75 100.
4.5 -9.5 100.
4.5 -9.25 100.
4.5 -9. 100.
4.5 -8.75 100.
4.5 -8.5 100.
4.5 -8.25 100.
4.5 -8. 100.
4.5 -7.75 100.
4.5 -7.5 100.
4.5 -7.25 100.
4.5 -7. 100.
4.5 -6.75 100.
4.5 -6.5 100.
4.5 -6.25 100.
4.5 -6. 100.
4.5 -5.75 100.
4.5 -5.5 100.
4.5 -5.25 100.
4.5 -5. 100.
4.5 -4.75 100.
4.5 -4.5 100.
4.5 -4.25 100.
4.5 -4. 100.
4.5 -3.75 100.
4.5 -3.5 100.
4.5 -3.25 100.
4.5 -3. 100.
4.5 -2.75 100.
4.5 -2.5 100.
4.5 -2.25 100.
4.5 -2. 100.
4.5 -1.75 100.
4.5 -1.5 100.
4.5 -1.25 100.
4.5 -1. 100.
4.5 -0.75 100.
4.5 -0.5 100.
4.5 -0.25 100.
4.5 0 0.
4.5 0.25 100.
4.5 0.5 100.
4.5 0.75 100.
4.5 1. 100.
4.5 1.25 100.
4.5 1.5 100.
4.5 1.75 100.
4.5 2. 100.
4.5 2.25 100.
4.5 2.5 100.
4.5 2.75 100.
4.5 3. 100.
4.5 3.25 100.
4.5 3.5 100.
4.5 3.75 100.
4.5 4. 100.
4.5 4.25 100.
4.5 4.5 100.
4.5 4.75 100.
4.5 5. 100.
4.5 5.25 100.
4.5 5.5 100.
4.5 5.75 100.
4.5 6. 100.
4.5 6.25 100.
4.5 6.5 100.
4.5 6.75 100.
4.5 7. 100.
4.5 7.25 100.
4.5 7.5 100.
4.5 7.75 100.
4.5 8. 100.
4.5 8.25 100.
4.5 8.5 100.
4.5 8.75 100.
4.5 9. 100.
4.5 9.25 100.
4.5 9.5 100.
4.5 9.75 100.
4.5 10. 100.
4.75 -10 100.
4.75 -9.75 100.
4.75 -9.5 100.
4.75 -9.25 100.
4.75 -9. 100.
4.75 -8.75 100.
4.75 -8.5 100.
4.75 -8.25 100.
4.75 -8. 100.
4.75 -7.75 100.
4.75 -7.5 100.
4.75 -7.25 100.
4.75 -7. 100.
4.75 -6.75 100.
4.75 -6.5 100.
4.75 -6.25 100.
4.75 -6. 100.
4.75 -5.75 100.
4.75 -5.5 100.
4.75 -5.25 100.
4.75 -5. 100.
4.75 -4.75 100.
4.75 -4.5 100.
4.75 -4.25 100.
4.75 -4. 100.
4.75 -3.75 100.
4.75 -3.5 100.
4.75 -3.25 100.
4.75 -3. 100.
4.75 -2.75 100.
4.75 -2.5 100.
4.75 -2.25 100.
4.75 -2. 100.
4.75 -1.75 100.
4.75 -1.5 100.
4.75 -1.25 100.
4.75 -1. 100.
4.75 -0.75 100.
4.75 -0.5 100.
4.75 -0.25 100.
4.75 0 0.
4.75 0.25 100.
4.75 0.5 100.
4.75 0.75 100.
4.75 1. 100.
4.75 1.25 100.
4.75 1.5 100.
4.75 1.75 100.
4.75 2. 100.
4.75 2.25 100.
4.75 2.5 100.
4.75 2.75 100.
4.75 3. 100.
4.75 3.25 100.
4.75 3.5 100.
4.75 3.75 100.
4.75 4. 100.
4.75 4.25 100.
4.75 4.5 100.
4.75 4.75 100.
4.75 5. 100.
4.75 5.25 100.
4.75 5.5 100.
4.75 5.75 100.
4.75 6. 100.
4.75 6.25 100.
4.75 6.5 100.
4.75 6.75 100.
4.75 7. 100.
4.75 7.25 100.
4.75 7.5 100.
4.75 7.75 100.
4.75 8. 100.
4.75 8.25 100.
4.75 8.5 100.
4.75 8.75 100.
4.75 9. 100.
4.75 9.25 100.
4.75 9.5 100.
4.75 9.75 100.
4.75 10. 100.
5. -10 100.
5. -9.75 100.
5. -9.5 100.
5. -9.25 100.
5. -9. 100.
5. -8.75 100.
5. -8.5 100.
5. -8.25 100.
5. -8. 100.
5. -7.75 100.
5. -7.5 100.
5. -7.25 100.
5. -7. 100.
5. -6.75 100.
5. -6.5 100.
5. -6.25 100.
5. -6. 100.
5. -5.75 100.
5. -5.5 100.
5. -5.25 100.
5. -5. 100.
5. -4.75 100.
5. -4.5 100.
5. -4.25 100.
5. -4. 100.
5. -3.75 100.
5. -3.5 100.
5. -3.25 100.
5. -3. 100.
5. -2.75 100.
5. -2.5 100.
5. -2.25 100.
5. -2. 100.
5. -1.75 100.
5. -1.5 100.
5. -1.25 100.
5. -1. 100.
5. -0.75 100.
5. -0.5 100.
5. -0.25 100.
5. 0 0.
5. 0.25 100.
5. 0.5 100.
5. 0.75 100.
5. 1. 100.
5. 1.25 100.
5. 1.5 100.
5. 1.75 100.
5. 2. 100.
5. 2.25 100.
5. 2.5 100.
5. 2.75 100.
5. 3. 100.
5. 3.25 100.
5. 3.5 100.
5. 3.75 100.
5. 4. 100.
5. 4.25 100.
5. 4.5 100.
5. 4.75 100.
5. 5. 5.
5. 5.25 100.
5. 5.5 100.
5. 5.75 100.
5. 6. 100.
5. 6.25 100.
5. 6.5 100.
5. 6.75 100.
5. 7. 100.
5. 7.25 100.
5. 7.5 100.
5. 7.75 100.
5. 8. 100.
5. 8.25 100.
5. 8.5 100.
5. 8.75 100.
5. 9. 100.
5. 9.25 100.
5. 9.5 100.
5. 9.75 100.
5. 10. 100.
5.25 -10 100.
5.25 -9.75 100.
5.25 -9.5 100.
5.25 -9.25 100.
5.25 -9. 100.
5.25 -8.75 100.
5.25 -8.5 100.
5.25 -8.25 100.
5.25 -8. 100.
5.25 -7.75 100.
5.25 -7.5 100.
5.25 -7.25 100.
5.25 -7. 100.
5.25 -6.75 100.
5.25 -6.5 100.
5.25 -6.25 100.
5.25 -6. 100.
5.25 -5.75 100.
5.25 -5.5 100.
5.25 -5.25 100.
5.25 -5. 100.
5.25 -4.75 100.
5.25 -4.5 100.
5.25 -4.25 100.
5.25 -4. 100.
5.25 -3.75 100.
5.25 -3.5 100.
5.25 -3.25 100.
5.25 -3. 100.
5.25 -2.75 100.
5.25 -2.5 100.
5.25 -2.25 100.
5.25 -2. 100.
5.25 -1.75 100.
5.25 -1.5 100.
5.25 -1.25 100.
5.25 -1. 100.
5.25 -0.75 100.
5.25 -0.5 100.
5.25 -0.25 100.
5.25 0 0.
5.25 0.25 100.
5.25 0.5 100.
5.25 0.75 100.
5.25 1. 100.
5.25 1.25 100.
5.25 1.5 100.
5.25 1.75 100.
5.25 2. 100.
5.25 2.25 100.
5.25 2.5 100.
5.25 2.75 100.
5.25 3. 100.
5.25 3.25 100.
5.25 3.5 100.
5.25 3.75 100.
5.25 4. 100.
5.25 4.25 100.
5.25 4.5 100.
5.25 4.75 100.
5.25 5. 100.
5.25 5.25 100.
5.25 5.5 100.
5.25 5.75 100.
5.25 6. 100.
5.25 6.25 100.
5.25 6.5 100.
5.25 6.75 100.
5.25 7. 100.
5.25 7.25 100.
5.25 7.5 100.
5.25 7.75 100.
5.25 8. 100.
5.25 8.25 100.
5.25 8.5 100.
5.25 8.75 100.
5.25 9. 100.
5.25 9.25 100.
5.25 9.5 100.
5.25 9.75 100.
5.25 10. 100.
5.5 -10 100.
5.5 -9.75 100.
5.5 -9.5 100.
5.5 -9.25 100.
5.5 -9. 100.
5.5 -8.75 100.
5.5 -8.5 100.
5.5 -8.25 100.
5.5 -8. 100.
5.5 -7.75 100.
5.5 -7.5 100.
5.5 -7.25 100.
5.5 -7. 100.
5.5 -6.75 100.
5.5 -6.5 100.
5.5 -6.25 100.
5.5 -6. 100.
5.5 -5.75 100.
5.5 -5.5 100.
5.5 -5.25 100.
5.5 -5. 100.
5.5 -4.75 100.
5.5 -4.5 100.
5.5 -4.25 100.
5.5 -4. 100.
5.5 -3.75 100.
5.5 -3.5 100.
5.5 -3.25 100.
5.5 -3. 100.
5.5 -2.75 100.
5.5 -2.5 100.
5.5 -2.25 100.
5.5 -2. 100.
5.5 -1.75 100.
5.5 -1.5 100.
5.5 -1.25 100.
5.5 -1. 100.
5.5 -0.75 100.
5.5 -0.5 100.
5.5 -0.25 100.
5.5 0 0.
5.5 0.25 100.
5.5 0.5 100.
5.5 0.75 100.
5.5 1. 100.
5.5 1.25 100.
5.5 1.5 100.
5.5 1.75 100.
5.5 2. 100.
5.5 2.25 100.
5.5 2.5 100.
5.5 2.75 100.
5.5 3. 100.
5.5 3.25 100.
5.5 3.5 100.
5.5 3.75 100.
5.5 4. 100.
5.5 4.25 100.
5.5 4.5 100.
5.5 4.75 100.
5.5 5. 100.
5.5 5.25 100.
5.5 5.5 100.
5.5 5.75 100.
5.5 6. 100.
5.5 6.25 100.
5.5 6.5 100.
5.5 6.75 100.
5.5 7. 100.
5.5 7.25 100.
5.5 7.5 100.
5.5 7.75 100.
5.5 8. 100.
5.5 8.25 100.
5.5 8.5 100.
5.5 8.75 100.
5.5 9. 100.
5.5 9.25 100.
5.5 9.5 100.
5.5 9.75 100.
5.5 10. 100.
5.75 -10 100.
5.75 -9.75 100.
5.75 -9.5 100.
5.75 -9.25 100.
5.75 -9. 100.
5.75 -8.75 100.
5.75 -8.5 100.
5.75 -8.25 100.
5.75 -8. 100.
5.75 -7.75 100.
5.75 -7.5 100.
5.75 -7.25 100.
5.75 -7. 100.
5.75 -6.75 100.
5.75 -6.5 100.
5.75 -6.25 100.
5.75 -6. 100.
5.75 -5.75 100.
5.75 -5.5 100.
5.75 -5.25 100.
5.75 -5. 100.
5.75 -4.75 100.
5.75 -4.5 100.
5.75 -4.25 100.
5.75 -4. 100.
5.75 -3.75 100.
5.75 -3.5 100.
5.75 -3.25 100.
5.75 -3. 100.
5.75 -2.75 100.
5.75 -2.5 100.
5.75 -2.25 100.
5.75 -2. 100.
5.75 -1.75 100.
5.75 -1.5 100.
5.75 -1.25 100.
5.75 -1. 100.
5.75 -0.75 100.
5.75 -0.5 100.
5.75 -0.25 100.
5.75 0 0.
5.75 0.25 100.
5.75 0.5 100.
5.75 0.75 100.
5.75 1. 100.
5.75 1.25 100.
5.75 1.5 100.
5.75 1.75 100.
5.75 2. 100.
5.75 2.25 100.
5.75 2.5 100.
5.75 2.75 100.
5.75 3. 100.
5.75 3.25 100.
5.75 3.5 100.
5.75 3.75 100.
5.75 4. 100.
5.75 4.25 100.
5.75 4.5 100.
5.75 4.75 100.
5.75 5. 100.
5.75 5.25 100.
5.75 5.5 100.
5.75 5.75 100.
5.75 6. 100.
5.75 6.25 100.
5.75 6.5 100.
5.75 6.75 100.
5.75 7. 100.
5.75 7.25 100.
5.75 7.5 100.
5.75 7.75 100.
5.75 8. 100.
5.75 8.25 100.
5.75 8.5 100.
5.75 8.75 100.
5.75 9. 100.
5.75 9.25 100.
5.75 9.5 100.
5.75 9.75 100.
5.75 10. 100.
6. -10 100.
6. -9.75 100.
6. -9.5 100.
6. -9.25 100.
6. -9. 100.
6. -8.75 100.
6. -8.5 100.
6. -8.25 100.
6. -8. 100.
6. -7.75 100.
6. -7.5 100.
6. -7.25 100.
6. -7. 100.
6. -6.75 100.
6. -6.5 100.
6. -6.25 100.
6. -6. 100.
6. -5.75 100.
6. -5.5 100.
6. -5.25 100.
6. -5. 100.
6. -4.75 100.
6. -4.5 100.
6. -4.25 100.
6. -4. 100.
6. -3.75 100.
6. -3.5 100.
6. -3.25 100.
6. -3. 100.
6. -2.75 100.
6. -2.5 100.
6. -2.25 100.
6. -2. 100.
6. -1.75 100.
6. -1.5 100.
6. -1.25 100.
6. -1. 100.
6. -0.75 100.
6. -0.5 100.
6. -0.25 100.
6. 0 0.
6. 0.25 100.
6. 0.5 100.
6. 0.75 100.
6. 1. 100.
6. 1.25 100.
6. 1.5 100.
6. 1.75 100.
6. 2. 100.
6. 2.25 100.
6. 2.5 100.
6. 2.75 100.
6. 3. 100.
6. 3.25 100.
6. 3.5 100.
6. 3.75 100.
6. 4. 100.
6. 4.25 100.
6. 4.5 100.
6. 4.75 100.
6. 5. 100.
6. 5.25 100.
6. 5.5 5.00404
6. 5.75 100.
6. 6. 100.
6. 6.25 100.
6. 6.5 100.
6. 6.75 100.
6. 7. 100.
6. 7.25 100.
6. 7.5 100.
6. 7.75 100.
6. 8. 100.
6. 8.25 100.
6. 8.5 100.
6. 8.75 100.
6. 9. 100.
6. 9.25 100.
6. 9.5 100.
6. 9.75 100.
6. 10. 100.
6.25 -10 100.
6.25 -9.75 100.
6.25 -9.5 100.
6.25 -9.25 100.
6.25 -9. 100.
6.25 -8.75 100.
6.25 -8.5 100.
6.25 -8.25 100.
6.25 -8. 100.
6.25 -7.75 100.
6.25 -7.5 100.
6.25 -7.25 100.
6.25 -7. 100.
6.25 -6.75 100.
6.25 -6.5 100.
6.25 -6.25 100.
6.25 -6. 100.
6.25 -5.75 100.
6.25 -5.5 100.
6.25 -5.25 100.
6.25 -5. 100.
6.25 -4.75 100.
6.25 -4.5 100.
6.25 -4.25 100.
6.25 -4. 100.
6.25 -3.75 100.
6.25 -3.5 100.
6.25 -3.25 100.
6.25 -3. 100.
6.25 -2.75 100.
6.25 -2.5 100.
6.25 -2.25 100.
6.25 -2. 100.
6.25 -1.75 100.
6.25 -1.5 100.
6.25 -1.25 100.
6.25 -1. 100.
6.25 -0.75 100.
6.25 -0.5 100.
6.25 -0.25 100.
6.25 0 0.
6.25 0.25 100.
6.25 0.5 100.
6.25 0.75 100.
6.25 1. 100.
6.25 1.25 100.
6.25 1.5 100.
6.25 1.75 100.
6.25 2. 100.
6.25 2.25 100.
6.25 2.5 100.
6.25 2.75 100.
6.25 3. 100.
6.25 3.25 100.
6.25 3.5 100.
6.25 3.75 100.
6.25 4. 100.
6.25 4.25 100.
6.25 4.5 100.
6.25 4.75 100.
6.25 5. 100.
6.25 5.25 100.
6.25 5.5 100.
6.25 5.75 100.
6.25 6. 100.
6.25 6.25 100.
6.25 6.5 100.
6.25 6.75 100.
6.25 7. 100.
6.25 7.25 100.
6.25 7.5 100.
6.25 7.75 100.
6.25 8. 100.
6.25 8.25 100.
6.25 8.5 100.
6.25 8.75 100.
6.25 9. 100.
6.25 9.25 100.
6.25 9.5 100.
6.25 9.75 100.
6.25 10. 100.
6.5 -10 100.
6.5 -9.75 100.
6.5 -9.5 100.
6.5 -9.25 100.
6.5 -9. 100.
6.5 -8.75 100.
6.5 -8.5 100.
6.5 -8.25 100.
6.5 -8. 100.
6.5 -7.75 100.
6.5 -7.5 100.
6.5 -7.25 100.
6.5 -7. 100.
6.5 -6.75 100.
6.5 -6.5 100.
6.5 -6.25 100.
6.5 -6. 100.
6.5 -5.75 100.
6.5 -5.5 100.
6.5 -5.25 100.
6.5 -5. 100.
6.5 -4.75 100.
6.5 -4.5 100.
6.5 -4.25 100.
6.5 -4. 100.
6.5 -3.75 100.
6.5 -3.5 100.
6.5 -3.25 100.
6.5 -3. 100.
6.5 -2.75 100.
6.5 -2.5 100.
6.5 -2.25 100.
6.5 -2. 100.
6.5 -1.75 100.
6.5 -1.5 100.
6.5 -1.25 100.
6.5 -1. 100.
6.5 -0.75 100.
6.5 -0.5 100.
6.5 -0.25 100.
6.5 0 0.
6.5 0.25 100.
6.5 0.5 100.
6.5 0.75 100.
6.5 1. 100.
6.5 1.25 100.
6.5 1.5 100.
6.5 1.75 100.
6.5 2. 100.
6.5 2.25 100.
6.5 2.5 100.
6.5 2.75 100.
6.5 3. 100.
6.5 3.25 100.
6.5 3.5 100.
6.5 3.75 100.
6.5 4. 100.
6.5 4.25 100.
6.5 4.5 100.
6.5 4.75 100.
6.5 5. 100.
6.5 5.25 100.
6.5 5.5 100.
6.5 5.75 100.
6.5 6. 100.
6.5 6.25 100.
6.5 6.5 100.
6.5 6.75 100.
6.5 7. 100.
6.5 7.25 100.
6.5 7.5 100.
6.5 7.75 100.
6.5 8. 100.
6.5 8.25 100.
6.5 8.5 100.
6.5 8.75 100.
6.5 9. 100.
6.5 9.25 100.
6.5 9.5 100.
6.5 9.75 100.
6.5 10. 100.
6.75 -10 100.
6.75 -9.75 100.
6.75 -9.5 100.
6.75 -9.25 100.
6.75 -9. 100.
6.75 -8.75 100.
6.75 -8.5 100.
6.75 -8.25 100.
6.75 -8. 100.
6.75 -7.75 100.
6.75 -7.5 100.
6.75 -7.25 100.
6.75 -7. 100.
6.75 -6.75 100.
6.75 -6.5 100.
6.75 -6.25 100.
6.75 -6. 100.
6.75 -5.75 100.
6.75 -5.5 100.
6.75 -5.25 100.
6.75 -5. 100.
6.75 -4.75 100.
6.75 -4.5 100.
6.75 -4.25 100.
6.75 -4. 100.
6.75 -3.75 100.
6.75 -3.5 100.
6.75 -3.25 100.
6.75 -3. 100.
6.75 -2.75 100.
6.75 -2.5 100.
6.75 -2.25 100.
6.75 -2. 100.
6.75 -1.75 100.
6.75 -1.5 100.
6.75 -1.25 100.
6.75 -1. 100.
6.75 -0.75 100.
6.75 -0.5 100.
6.75 -0.25 100.
6.75 0 0.
6.75 0.25 100.
6.75 0.5 100.
6.75 0.75 100.
6.75 1. 100.
6.75 1.25 100.
6.75 1.5 100.
6.75 1.75 100.
6.75 2. 100.
6.75 2.25 100.
6.75 2.5 100.
6.75 2.75 100.
6.75 3. 100.
6.75 3.25 100.
6.75 3.5 100.
6.75 3.75 100.
6.75 4. 100.
6.75 4.25 100.
6.75 4.5 100.
6.75 4.75 100.
6.75 5. 100.
6.75 5.25 100.
6.75 5.5 100.
6.75 5.75 100.
6.75 6. 100.
6.75 6.25 100.
6.75 6.5 100.
6.75 6.75 100.
6.75 7. 100.
6.75 7.25 100.
6.75 7.5 100.
6.75 7.75 100.
6.75 8. 100.
6.75 8.25 100.
6.75 8.5 100.
6.75 8.75 100.
6.75 9. 100.
6.75 9.25 100.
6.75 9.5 100.
6.75 9.75 100.
6.75 10. 100.
7. -10 100.
7. -9.75 100.
7. -9.5 100.
7. -9.25 100.
7. -9. 100.
7. -8.75 100.
7. -8.5 100.
7. -8.25 100.
7. -8. 100.
7. -7.75 100.
7. -7.5 100.
7. -7.25 100.
7. -7. 100.
7. -6.75 100.
7. -6.5 100.
7. -6.25 100.
7. -6. 100.
7. -5.75 100.
7. -5.5 100.
7. -5.25 100.
7. -5. 100.
7. -4.75 100.
7. -4.5 100.
7. -4.25 100.
7. -4. 100.
7. -3.75 100.
7. -3.5 100.
7. -3.25 100.
7. -3. 100.
7. -2.75 100.
7. -2.5 100.
7. -2.25 100.
7. -2. 100.
7. -1.75 100.
7. -1.5 100.
7. -1.25 100.
7. -1. 100.
7. -0.75 100.
7. -0.5 100.
7. -0.25 100.
7. 0 0.
7. 0.25 100.
7. 0.5 100.
7. 0.75 100.
7. 1. 100.
7. 1.25 100.
7. 1.5 100.
7. 1.75 100.
7. 2. 100.
7. 2.25 100.
7. 2.5 100.
7. 2.75 100.
7. 3. 100.
7. 3.25 100.
7. 3.5 100.
7. 3.75 100.
7. 4. 100.
7. 4.25 100.
7. 4.5 100.
7. 4.75 100.
7. 5. 100.
7. 5.25 100.
7. 5.5 100.
7. 5.75 100.
7. 6. 100.
7. 6.25 100.
7. 6.5 100.
7. 6.75 100.
7. 7. 100.
7. 7.25 100.
7. 7.5 100.
7. 7.75 100.
7. 8. 100.
7. 8.25 100.
7. 8.5 100.
7. 8.75 100.
7. 9. 100.
7. 9.25 100.
7. 9.5 100.
7. 9.75 100.
7. 10. 100.
7.25 -10 100.
7.25 -9.75 100.
7.25 -9.5 100.
7.25 -9.25 100.
7.25 -9. 100.
7.25 -8.75 100.
7.25 -8.5 100.
7.25 -8.25 100.
7.25 -8. 100.
7.25 -7.75 100.
7.25 -7.5 100.
7.25 -7.25 100.
7.25 -7. 100.
7.25 -6.75 100.
7.25 -6.5 100.
7.25 -6.25 100.
7.25 -6. 100.
7.25 -5.75 100.
7.25 -5.5 100.
7.25 -5.25 100.
7.25 -5. 100.
7.25 -4.75 100.
7.25 -4.5 100.
7.25 -4.25 100.
7.25 -4. 100.
7.25 -3.75 100.
7.25 -3.5 100.
7.25 -3.25 100.
7.25 -3. 100.
7.25 -2.75 100.
7.25 -2.5 100.
7.25 -2.25 100.
7.25 -2. 100.
7.25 -1.75 100.
7.25 -1.5 100.
7.25 -1.25 100.
7.25 -1. 100.
7.25 -0.75 100.
7.25 -0.5 100.
7.25 -0.25 100.
7.25 0 0.
7.25 0.25 100.
7.25 0.5 100.
7.25 0.75 100.
7.25 1. 100.
7.25 1.25 100.
7.25 1.5 100.
7.25 1.75 100.
7.25 2. 100.
7.25 2.25 100.
7.25 2.5 100.
7.25 2.75 100.
7.25 3. 100.
7.25 3.25 100.
7.25 3.5 100.
7.25 3.75 100.
7.25 4. 100.
7.25 4.25 100.
7.25 4.5 100.
7.25 4.75 100.
7.25 5. 100.
7.25 5.25 100.
7.25 5.5 100.
7.25 5.75 100.
7.25 6. 100.
7.25 6.25 100.
7.25 6.5 100.
7.25 6.75 100.
7.25 7. 100.
7.25 7.25 100.
7.25 7.5 100.
7.25 7.75 100.
7.25 8. 100.
7.25 8.25 100.
7.25 8.5 100.
7.25 8.75 100.
7.25 9. 100.
7.25 9.25 100.
7.25 9.5 100.
7.25 9.75 100.
7.25 10. 100.
7.5 -10 100.
7.5 -9.75 100.
7.5 -9.5 100.
7.5 -9.25 100.
7.5 -9. 100.
7.5 -8.75 100.
7.5 -8.5 100.
7.5 -8.25 100.
7.5 -8. 100.
7.5 -7.75 100.
7.5 -7.5 100.
7.5 -7.25 100.
7.5 -7. 100.
7.5 -6.75 100.
7.5 -6.5 100.
7.5 -6.25 100.
7.5 -6. 100.
7.5 -5.75 100.
7.5 -5.5 100.
7.5 -5.25 100.
7.5 -5. 100.
7.5 -4.75 100.
7.5 -4.5 100.
7.5 -4.25 100.
7.5 -4. 100.
7.5 -3.75 100.
7.5 -3.5 100.
7.5 -3.25 100.
7.5 -3. 100.
7.5 -2.75 100.
7.5 -2.5 100.
7.5 -2.25 100.
7.5 -2. 100.
7.5 -1.75 100.
7.5 -1.5 100.
7.5 -1.25 100.
7.5 -1. 100.
7.5 -0.75 100.
7.5 -0.5 100.
7.5 -0.25 100.
7.5 0 0.
7.5 0.25 100.
7.5 0.5 100.
7.5 0.75 100.
7.5 1. 100.
7.5 1.25 100.
7.5 1.5 100.
7.5 1.75 100.
7.5 2. 100.
7.5 2.25 100.
7.5 2.5 100.
7.5 2.75 100.
7.5 3. 100.
7.5 3.25 100.
7.5 3.5 100.
7.5 3.75 100.
7.5 4. 100.
7.5 4.25 100.
7.5 4.5 100.
7.5 4.75 100.
7.5 5. 100.
7.5 5.25 100.
7.5 5.5 100.
7.5 5.75 100.
7.5 6. 5.00674
7.5 6.25 100.
7.5 6.5 100.
7.5 6.75 100.
7.5 7. 100.
7.5 7.25 100.
7.5 7.5 100.
7.5 7.75 100.
7.5 8. 100.
7.5 8.25 100.
7.5 8.5 100.
7.5 8.75 100.
7.5 9. 100.
7.5 9.25 100.
7.5 9.5 100.
7.5 9.75 100.
7.5 10. 100.
7.75 -10 100.
7.75 -9.75 100.
7.75 -9.5 100.
7.75 -9.25 100.
7.75 -9. 100.
7.75 -8.75 100.
7.75 -8.5 100.
7.75 -8.25 100.
7.75 -8. 100.
7.75 -7.75 100.
7.75 -7.5 100.
7.75 -7.25 100.
7.75 -7. 100.
7.75 -6.75 100.
7.75 -6.5 100.
7.75 -6.25 100.
7.75 -6. 100.
7.75 -5.75 100.
7.75 -5.5 100.
7.75 -5.25 100.
7.75 -5. 100.
7.75 -4.75 100.
7.75 -4.5 100.
7.75 -4.25 100.
7.75 -4. 100.
7.75 -3.75 100.
7.75 -3.5 100.
7.75 -3.25 100.
7.75 -3. 100.
7.75 -2.75 100.
7.75 -2.5 100.
7.75 -2.25 100.
7.75 -2. 100.
7.75 -1.75 100.
7.75 -1.5 100.
7.75 -1.25 100.
7.75 -1. 100.
7.75 -0.75 100.
7.75 -0.5 100.
7.75 -0.25 100.
7.75 0 0.
7.75 0.25 100.
7.75 0.5 100.
7.75 0.75 100.
7.75 1. 100.
7.75 1.25 100.
7.75 1.5 100.
7.75 1.75 100.
7.75 2. 100.
7.75 2.25 100.
7.75 2.5 100.
7.75 2.75 100.
7.75 3. 100.
7.75 3.25 100.
7.75 3.5 100.
7.75 3.75 100.
7.75 4. 100.
7.75 4.25 100.
7.75 4.5 100.
7.75 4.75 100.
7.75 5. 100.
7.75 5.25 100.
7.75 5.5 100.
7.75 5.75 100.
7.75 6. 100.
7.75 6.25 100.
7.75 6.5 100.
7.75 6.75 100.
7.75 7. 100.
7.75 7.25 100.
7.75 7.5 100.
7.75 7.75 100.
7.75 8. 100.
7.75 8.25 100.
7.75 8.5 100.
7.75 8.75 100.
7.75 9. 100.
7.75 9.25 100.
7.75 9.5 100.
7.75 9.75 100.
7.75 10. 100.
8. -10 100.
8. -9.75 100.
8. -9.5 100.
8. -9.25 100.
8. -9. 100.
8. -8.75 100.
8. -8.5 100.
8. -8.25 100.
8. -8. 100.
8. -7.75 100.
8. -7.5 100.
8. -7.25 100.
8. -7. 100.
8. -6.75 100.
8. -6.5 100.
8. -6.25 100.
8. -6. 100.
8. -5.75 100.
8. -5.5 100.
8. -5.25 100.
8. -5. 100.
8. -4.75 100.
8. -4.5 100.
8. -4.25 100.
8. -4. 100.
8. -3.75 100.
8. -3.5 100.
8. -3.25 100.
8. -3. 100.
8. -2.75 100.
8. -2.5 100.
8. -2.25 100.
8. -2. 100.
8. -1.75 100.
8. -1.5 100.
8. -1.25 100.
8. -1. 100.
8. -0.75 100.
8. -0.5 100.
8. -0.25 100.
8. 0 0.
8. 0.25 100.
8. 0.5 100.
8. 0.75 100.
8. 1. 100.
8. 1.25 100.
8. 1.5 100.
8. 1.75 100.
8. 2. 100.
8. 2.25 100.
8. 2.5 100.
8. 2.75 100.
8. 3. 100.
8. 3.25 100.
8. 3.5 100.
8. 3.75 100.
8. 4. 100.
8. 4.25 100.
8. 4.5 100.
8. 4.75 100.
8. 5. 100.
8. 5.25 100.
8. 5.5 100.
8. 5.75 100.
8. 6. 100.
8. 6.25 100.
8. 6.5 100.
8. 6.75 100.
8. 7. 100.
8. 7.25 100.
8. 7.5 100.
8. 7.75 100.
8. 8. 100.
8. 8.25 100.
8. 8.5 100.
8. 8.75 100.
8. 9. 100.
8. 9.25 100.
8. 9.5 100.
8. 9.75 100.
8. 10. 100.
8.25 -10 100.
8.25 -9.75 100.
8.25 -9.5 100.
8.25 -9.25 100.
8.25 -9. 100.
8.25 -8.75 100.
8.25 -8.5 100.
8.25 -8.25 100.
8.25 -8. 100.
8.25 -7.75 100.
8.25 -7.5 100.
8.25 -7.25 100.
8.25 -7. 100.
8.25 -6.75 100.
8.25 -6.5 100.
8.25 -6.25 100.
8.25 -6. 100.
8.25 -5.75 100.
8.25 -5.5 100.
8.25 -5.25 100.
8.25 -5. 100.
8.25 -4.75 100.
8.25 -4.5 100.
8.25 -4.25 100.
8.25 -4. 100.
8.25 -3.75 100.
8.25 -3.5 100.
8.25 -3.25 100.
8.25 -3. 100.
8.25 -2.75 100.
8.25 -2.5 100.
8.25 -2.25 100.
8.25 -2. 100.
8.25 -1.75 100.
8.25 -1.5 100.
8.25 -1.25 100.
8.25 -1. 100.
8.25 -0.75 100.
8.25 -0.5 100.
8.25 -0.25 100.
8.25 0 0.
8.25 0.25 100.
8.25 0.5 100.
8.25 0.75 100.
8.25 1. 100.
8.25 1.25 100.
8.25 1.5 100.
8.25 1.75 100.
8.25 2. 100.
8.25 2.25 100.
8.25 2.5 100.
8.25 2.75 100.
8.25 3. 100.
8.25 3.25 100.
8.25 3.5 100.
8.25 3.75 100.
8.25 4. 100.
8.25 4.25 100.
8.25 4.5 100.
8.25 4.75 100.
8.25 5. 100.
8.25 5.25 100.
8.25 5.5 100.
8.25 5.75 100.
8.25 6. 100.
8.25 6.25 100.
8.25 6.5 100.
8.25 6.75 100.
8.25 7. 100.
8.25 7.25 100.
8.25 7.5 100.
8.25 7.75 100.
8.25 8. 100.
8.25 8.25 100.
8.25 8.5 100.
8.25 8.75 100.
8.25 9. 100.
8.25 9.25 100.
8.25 9.5 100.
8.25 9.75 100.
8.25 10. 100.
8.5 -10 100.
8.5 -9.75 100.
8.5 -9.5 100.
8.5 -9.25 100.
8.5 -9. 100.
8.5 -8.75 100.
8.5 -8.5 100.
8.5 -8.25 100.
8.5 -8. 100.
8.5 -7.75 100.
8.5 -7.5 100.
8.5 -7.25 100.
8.5 -7. 100.
8.5 -6.75 100.
8.5 -6.5 100.
8.5 -6.25 100.
8.5 -6. 100.
8.5 -5.75 100.
8.5 -5.5 100.
8.5 -5.25 100.
8.5 -5. 100.
8.5 -4.75 100.
8.5 -4.5 100.
8.5 -4.25 100.
8.5 -4. 100.
8.5 -3.75 100.
8.5 -3.5 100.
8.5 -3.25 100.
8.5 -3. 100.
8.5 -2.75 100.
8.5 -2.5 100.
8.5 -2.25 100.
8.5 -2. 100.
8.5 -1.75 100.
8.5 -1.5 100.
8.5 -1.25 100.
8.5 -1. 100.
8.5 -0.75 100.
8.5 -0.5 100.
8.5 -0.25 100.
8.5 0 0.
8.5 0.25 100.
8.5 0.5 100.
8.5 0.75 100.
8.5 1. 100.
8.5 1.25 100.
8.5 1.5 100.
8.5 1.75 100.
8.5 2. 100.
8.5 2.25 100.
8.5 2.5 100.
8.5 2.75 100.
8.5 3. 100.
8.5 3.25 100.
8.5 3.5 100.
8.5 3.75 100.
8.5 4. 100.
8.5 4.25 100.
8.5 4.5 100.
8.5 4.75 100.
8.5 5. 100.
8.5 5.25 100.
8.5 5.5 100.
8.5 5.75 100.
8.5 6. 100.
8.5 6.25 100.
8.5 6.5 100.
8.5 6.75 100.
8.5 7. 100.
8.5 7.25 100.
8.5 7.5 100.
8.5 7.75 100.
8.5 8. 100.
8.5 8.25 100.
8.5 8.5 100.
8.5 8.75 100.
8.5 9. 100.
8.5 9.25 100.
8.5 9.5 100.
8.5 9.75 100.
8.5 10. 100.
8.75 -10 100.
8.75 -9.75 100.
8.75 -9.5 100.
8.75 -9.25 100.
8.75 -9. 100.
8.75 -8.75 100.
8.75 -8.5 100.
8.75 -8.25 100.
8.75 -8. 100.
8.75 -7.75 100.
8.75 -7.5 100.
8.75 -7.25 100.
8.75 -7. 100.
8.75 -6.75 100.
8.75 -6.5 100.
8.75 -6.25 100.
8.75 -6. 100.
8.75 -5.75 100.
8.75 -5.5 100.
8.75 -5.25 100.
8.75 -5. 100.
8.75 -4.75 100.
8.75 -4.5 100.
8.75 -4.25 100.
8.75 -4. 100.
8.75 -3.75 100.
8.75 -3.5 100.
8.75 -3.25 100.
8.75 -3. 100.
8.75 -2.75 100.
8.75 -2.5 100.
8.75 -2.25 100.
8.75 -2. 100.
8.75 -1.75 100.
8.75 -1.5 100.
8.75 -1.25 100.
8.75 -1. 100.
8.75 -0.75 100.
8.75 -0.5 100.
8.75 -0.25 100.
8.75 0 0.
8.75 0.25 100.
8.75 0.5 100.
8.75 0.75 100.
8.75 1. 100.
8.75 1.25 100.
8.75 1.5 100.
8.75 1.75 100.
8.75 2. 100.
8.75 2.25 100.
8.75 2.5 100.
8.75 2.75 100.
8.75 3. 100.
8.75 3.25 100.
8.75 3.5 100.
8.75 3.75 100.
8.75 4. 100.
8.75 4.25 100.
8.75 4.5 100.
8.75 4.75 100.
8.75 5. 100.
8.75 5.25 100.
8.75 5.5 100.
8.75 5.75 100.
8.75 6. 100.
8.75 6.25 100.
8.75 6.5 100.
8.75 6.75 100.
8.75 7. 100.
8.75 7.25 100.
8.75 7.5 100.
8.75 7.75 100.
8.75 8. 100.
8.75 8.25 100.
8.75 8.5 100.
8.75 8.75 100.
8.75 9. 100.
8.75 9.25 100.
8.75 9.5 100.
8.75 9.75 100.
8.75 10. 100.
9. -10 100.
9. -9.75 100.
9. -9.5 100.
9. -9.25 100.
9. -9. 100.
9. -8.75 100.
9. -8.5 100.
9. -8.25 100.
9. -8. 100.
9. -7.75 100.
9. -7.5 100.
9. -7.25 100.
9. -7. 100.
9. -6.75 100.
9. -6.5 100.
9. -6.25 100.
9. -6. 100.
9. -5.75 100.
9. -5.5 100.
9. -5.25 100.
9. -5. 100.
9. -4.75 100.
9. -4.5 100.
9. -4.25 100.
9. -4. 100.
9. -3.75 100.
9. -3.5 100.
9. -3.25 100.
9. -3. 100.
9. -2.75 100.
9. -2.5 100.
9. -2.25 100.
9. -2. 100.
9. -1.75 100.
9. -1.5 100.
9. -1.25 100.
9. -1. 100.
9. -0.75 100.
9. -0.5 100.
9. -0.25 100.
9. 0 0.
9. 0.25 100.
9. 0.5 100.
9. 0.75 100.
9. 1. 100.
9. 1.25 100.
9. 1.5 100.
9. 1.75 100.
9. 2. 100.
9. 2.25 100.
9. 2.5 100.
9. 2.75 100.
9. 3. 100.
9. 3.25 100.
9. 3.5 100.
9. 3.75 100.
9. 4. 100.
9. 4.25 100.
9. 4.5 100.
9. 4.75 100.
9. 5. 100.
9. 5.25 100.
9. 5.5 100.
9. 5.75 100.
9. 6. 100.
9. 6.25 100.
9. 6.5 100.
9. 6.75 100.
9. 7. 100.
9. 7.25 100.
9. 7.5 100.
9. 7.75 100.
9. 8. 100.
9. 8.25 100.
9. 8.5 100.
9. 8.75 100.
9. 9. 100.
9. 9.25 100.
9. 9.5 100.
9. 9.75 100.
9. 10. 100.
9.25 -10 100.
9.25 -9.75 100.
9.25 -9.5 100.
9.25 -9.25 100.
9.25 -9. 100.
9.25 -8.75 100.
9.25 -8.5 100.
9.25 -8.25 100.
9.25 -8. 100.
9.25 -7.75 100.
9.25 -7.5 100.
9.25 -7.25 100.
9.25 -7. 100.
9.25 -6.75 100.
9.25 -6.5 100.
9.25 -6.25 100.
9.25 -6. 100.
9.25 -5.75 100.
9.25 -5.5 100.
9.25 -5.25 100.
9.25 -5. 100.
9.25 -4.75 100.
9.25 -4.5 100.
9.25 -4.25 100.
9.25 -4. 100.
9.25 -3.75 100.
9.25 -3.5 100.
9.25 -3.25 100.
9.25 -3. 100.
9.25 -2.75 100.
9.25 -2.5 100.
9.25 -2.25 100.
9.25 -2. 100.
9.25 -1.75 100.
9.25 -1.5 100.
9.25 -1.25 100.
9.25 -1. 100.
9.25 -0.75 100.
9.25 -0.5 100.
9.25 -0.25 100.
9.25 0 0.
9.25 0.25 100.
9.25 0.5 100.
9.25 0.75 100.
9.25 1. 100.
9.25 1.25 100.
9.25 1.5 100.
9.25 1.75 100.
9.25 2. 100.
9.25 2.25 100.
9.25 2.5 100.
9.25 2.75 100.
9.25 3. 100.
9.25 3.25 100.
9.25 3.5 100.
9.25 3.75 100.
9.25 4. 100.
9.25 4.25 100.
9.25 4.5 100.
9.25 4.75 100.
9.25 5. 100.
9.25 5.25 100.
9.25 5.5 100.
9.25 5.75 100.
9.25 6. 100.
9.25 6.25 100.
9.25 6.5 100.
9.25 6.75 100.
9.25 7. 100.
9.25 7.25 100.
9.25 7.5 100.
9.25 7.75 100.
9.25 8. 100.
9.25 8.25 100.
9.25 8.5 100.
9.25 8.75 100.
9.25 9. 100.
9.25 9.25 100.
9.25 9.5 100.
9.25 9.75 100.
9.25 10. 100.
9.5 -10 100.
9.5 -9.75 100.
9.5 -9.5 100.
9.5 -9.25 100.
9.5 -9. 100.
9.5 -8.75 100.
9.5 -8.5 100.
9.5 -8.25 100.
9.5 -8. 100.
9.5 -7.75 100.
9.5 -7.5 100.
9.5 -7.25 100.
9.5 -7. 100.
9.5 -6.75 100.
9.5 -6.5 100.
9.5 -6.25 100.
9.5 -6. 100.
9.5 -5.75 100.
9.5 -5.5 100.
9.5 -5.25 100.
9.5 -5. 100.
9.5 -4.75 100.
9.5 -4.5 100.
9.5 -4.25 100.
9.5 -4. 100.
9.5 -3.75 100.
9.5 -3.5 100.
9.5 -3.25 100.
9.5 -3. 100.
9.5 -2.75 100.
9.5 -2.5 100.
9.5 -2.25 100.
9.5 -2. 100.
9.5 -1.75 100.
9.5 -1.5 100.
9.5 -1.25 100.
9.5 -1. 100.
9.5 -0.75 100.
9.5 -0.5 100.
9.5 -0.25 100.
9.5 0 0.
9.5 0.25 100.
9.5 0.5 100.
9.5 0.75 100.
9.5 1. 100.
9.5 1.25 100.
9.5 1.5 100.
9.5 1.75 100.
9.5 2. 100.
9.5 2.25 100.
9.5 2.5 100.
9.5 2.75 100.
9.5 3. 100.
9.5 3.25 100.
9.5 3.5 100.
9.5 3.75 100.
9.5 4. 100.
9.5 4.25 100.
9.5 4.5 100.
9.5 4.75 100.
9.5 5. 100.
9.5 5.25 100.
9.5 5.5 100.
9.5 5.75 100.
9.5 6. 100.
9.5 6.25 100.
9.5 6.5 100.
9.5 6.75 100.
9.5 7. 100.
9.5 7.25 100.
9.5 7.5 100.
9.5 7.75 100.
9.5 8. 100.
9.5 8.25 100.
9.5 8.5 100.
9.5 8.75 100.
9.5 9. 100.
9.5 9.25 100.
9.5 9.5 100.
9.5 9.75 100.
9.5 10. 100.
9.75 -10 100.
9.75 -9.75 100.
9.75 -9.5 100.
9.75 -9.25 100.
9.75 -9. 100.
9.75 -8.75 100.
9.75 -8.5 100.
9.75 -8.25 100.
9.75 -8. 100.
9.75 -7.75 100.
9.75 -7.5 100.
9.75 -7.25 100.
9.75 -7. 100.
9.75 -6.75 100.
9.75 -6.5 100.
9.75 -6.25 100.
9.75 -6. 100.
9.75 -5.75 100.
9.75 -5.5 100.
9.75 -5.25 100.
9.75 -5. 100.
9.75 -4.75 100.
9.75 -4.5 100.
9.75 -4.25 100.
9.75 -4. 100.
9.75 -3.75 100.
9.75 -3.5 100.
9.75 -3.25 100.
9.75 -3. 100.
9.75 -2.75 100.
9.75 -2.5 100.
9.75 -2.25 100.
9.75 -2. 100.
9.75 -1.75 100.
9.75 -1.5 100.
9.75 -1.25 100.
9.75 -1. 100.
9.75 -0.75 100.
9.75 -0.5 100.
9.75 -0.25 100.
9.75 0 0.
9.75 0.25 100.
9.75 0.5 100.
9.75 0.75 100.
9.75 1. 100.
9.75 1.25 100.
9.75 1.5 100.
9.75 1.75 100.
9.75 2. 100.
9.75 2.25 100.
9.75 2.5 100.
9.75 2.75 100.
9.75 3. 100.
9.75 3.25 100.
9.75 3.5 100.
9.75 3.75 100.
9.75 4. 100.
9.75 4.25 100.
9.75 4.5 100.
9.75 4.75 100.
9.75 5. 100.
9.75 5.25 100.
9.75 5.5 100.
9.75 5.75 100.
9.75 6. 100.
9.75 6.25 100.
9.75 6.5 100.
9.75 6.75 100.
9.75 7. 100.
9.75 7.25 100.
9.75 7.5 100.
9.75 7.75 100.
9.75 8. 100.
9.75 8.25 100.
9.75 8.5 100.
9.75 8.75 100.
9.75 9. 100.
9.75 9.25 100.
9.75 9.5 100.
9.75 9.75 100.
9.75 10. 100.
10. -10 100.
10. -9.75 100.
10. -9.5 100.
10. -9.25 100.
10. -9. 100.
10. -8.75 100.
10. -8.5 100.
10. -8.25 100.
10. -8. 100.
10. -7.75 100.
10. -7.5 100.
10. -7.25 100.
10. -7. 100.
10. -6.75 100.
10. -6.5 100.
10. -6.25 100.
10. -6. 100.
10. -5.75 100.
10. -5.5 100.
10. -5.25 100.
10. -5. 100.
10. -4.75 100.
10. -4.5 100.
10. -4.25 100.
10. -4. 100.
10. -3.75 100.
10. -3.5 100.
10. -3.25 100.
10. -3. 100.
10. -2.75 100.
10. -2.5 100.
10. -2.25 100.
10. -2. 100.
10. -1.75 100.
10. -1.5 100.
10. -1.25 100.
10. -1. 100.
10. -0.75 100.
10. -0.5 100.
10. -0.25 100.
10. 0 0.
10. 0.25 100.
10. 0.5 100.
10. 0.75 100.
10. 1. 100.
10. 1.25 100.
10. 1.5 100.
10. 1.75 100.
10. 2. 100.
10. 2.25 100.
10. 2.5 100.
10. 2.75 100.
10. 3. 100.
10. 3.25 100.
10. 3.5 100.
10. 3.75 100.
10. 4. 100.
10. 4.25 100.
10. 4.5 100.
10. 4.75 100.
10. 5. 100.
10. 5.25 100.
10. 5.5 100.
10. 5.75 100.
10. 6. 100.
10. 6.25 100.
10. 6.5 5.00868
10. 6.75 100.
10. 7. 100.
10. 7.25 100.
10. 7.5 100.
10. 7.75 100.
10. 8. 100.
10. 8.25 100.
10. 8.5 100.
10. 8.75 100.
10. 9. 100.
10. 9.25 100.
10. 9.5 100.
10. 9.75 100.
10. 10. 100.
