metodo_2_dt_1:1
1.16440452895e-06
0.000150207771223
0.000283366449795
0.000409996049781
0.000539844970636
0.000662894377107
0.000789217880512
0.000919026409737
0.00105261365795
0.00119033974103
0.00132263389435
0.00145991209649
0.00160261740953
0.00174124683651
0.00189618759288
0.00203807040661
0.00219718170508
0.00235437609122
0.00250995113428
0.00267654147238
0.00284301220032
0.00301311023787
0.00318627677461
0.00336162919196
0.00353988337598
0.0037213184071
0.00390553031654
0.00409105642077
0.00427984155057
0.00451213391758
0.00470816917978
0.00492467961229
0.00501325098329
0.00497226786868
0.00480470027796
0.00451242533611
0.00410361347395
0.00359614898993
0.00302328789919
0.00247373488292
0.0021503488511
0.00235287458154
0.00314052652001
0.00432873399567
0.00577967130924
0.00743278618143
0.00926080663354
0.0112514299463
0.0133983370425
0.0156967070851
0.0181454149656
0.0207423370109
0.0234877307008
0.0263812374605
0.0294217120599
0.032609113525
0.0359424413811
0.0394237612716
0.0430509303004
0.0468248915657
0.0507435685831
0.0548085090757
0.0590165387617
0.0633684734919
0.0678638353977
0.0725015578152
0.0772804771285
0.082201880796
0.0872633556804
0.0924656071887
0.0978082586278
0.103289996829
0.108910754318
0.114672247052
0.120571873568
0.126609939015
0.132787065277
0.139101699591
0.145555141333
0.152146516744
0.158874933182
0.165741447834
0.172742742595
0.179886286686
0.187160714216
0.194574629631
0.202121555622
0.209802293435
0.217619827983
0.225571298125
0.233653036585
0.24186710367
0.250207799609
0.258679167185
0.267279187823
0.276001140711
0.28485520741
0.293829913129
0.302933218603
0.312155157476
0.321498910216
0.330968878519
0.340559994824
0.350269751342
0.360098201967
0.370044568121
0.380112044949
0.390301749477
0.400599919948
0.411023105343
0.42155988793
0.432207786304
0.442972756972
0.453853210132
0.464847483785
0.475949059248
0.487169278353
0.498491901726
0.509923365054
0.521467997421
0.533111238274
0.544857042913
0.556710806867
0.568664201149
0.580715433844
0.592862985958
0.605112263121
0.617454779387
0.629889053738
0.64242074608
0.655048554297
0.6677638427
0.680565255234
0.693466129449
0.706450526346
0.719524580124
0.73267939367
0.745928969632
0.759256751631
0.772668968726
0.786172092801
0.799748986297
0.813406315095
0.827142155543
0.840962552079
0.854857393871
0.868817421905
0.882864268139
0.896971615095
0.911153611687
0.925399711243
0.939717154657
0.954094842944
0.968530620391
0.983031991147
0.997596502586
1.0122141267
1.02689107313
1.04162653012
1.05640992356
1.07125656123
1.08614808512
1.10108269514
1.11607609108
1.13111869585
1.14619944045
1.16133515686
1.1765061177
1.19172918132
1.20699310463
1.22229642522
1.23763717543
1.25301367629
1.26842337974
1.2838741161
1.29935392891
1.31486987707
1.33040119122
1.34597381133
1.36155747672
1.37716826135
1.39280498935
1.40845573154
1.42412800207
1.439810245
1.45551039258
1.47121691691
1.48694729576
1.50268041811
1.51841474932
1.53416780873
1.54991897285
1.56567616135
1.58143783946
1.59720267386
1.61296890932
1.62873529259
1.64449994463
1.66026108492
1.67601683717
1.6917655188
1.70750477704
1.7232426742
1.73895706624
1.75466562069
1.7703463617
1.78602694368
1.80167535386
1.81730940716
1.83291708729
1.84849646272
1.86405556315
1.87958247997
1.89508545442
1.91055265192
1.92598240607
1.94138301991
1.95675289108
1.97208048209
1.98737431081
2.00262297758
2.01783507715
2.03300931912
2.04813439219
2.06322883215
2.07826125116
2.09326001251
2.10820343712
2.12309961666
2.13794744671
2.15274398786
2.16748848061
2.18217777305
2.19679993499
2.21137426808
2.22587766129
2.24032961159
2.25470698659
2.2690276409
2.28327995534
2.29745446678
2.31156725993
2.32560914224
2.33957428257
2.35346570542
2.36729196891
2.38102754763
2.39469554709
2.40828267941
2.42179747151
2.4352196732
2.44856747186
2.4618427819
2.47503209737
2.48813423504
2.5011479138
2.51408116992
2.52692306246
2.53968493804
2.55234892477
2.56492985345
2.5774188839
2.58980330454
2.60210572533
2.61430617403
2.62639923183
2.63840979091
2.65030518895
2.66211144966
2.67380487495
2.68540195346
2.69688837752
2.7082675383
2.71954751046
2.73072290209
2.7417881056
2.75273827659
2.76358156832
2.77432237725
2.78495021661
2.79546431215
2.80586572738
2.81616580243
2.82634135845
2.83640521534
2.84636471469
2.85620202885
2.8659244535
2.87553339435
2.88502259253
2.89438778545
2.90363580502
2.91276116755
2.92176716287
2.93064276491
2.93940301551
2.94803290979
2.9565440699
2.96491697442
2.9731775163
2.98129701407
2.98929663119
2.99716830436
3.0049125277
3.01252062248
3.02000052529
3.02735133479
3.03458023954
3.0416728944
3.04863605841
3.05546252654
3.06216599891
3.06873902015
3.07518077241
3.08149082516
3.08766807114
3.09371218332
3.09961515751
3.10539040687
3.11103714923
3.11653307044
3.12190033891
3.1271295933
3.13222018544
3.13717299162
3.14198605453
3.14665271883
3.15118670436
3.15558775713
3.15984172712
3.16395442488
3.16792804505
3.17176610743
3.17545708214
3.17900949263
3.18242649867
3.18570539769
3.1888436511
3.19183590342
3.19470131077
3.1974206836
3.19999904647
3.20243611201
3.20474005251
3.20689699295
3.20891635567
3.21079675523
3.21253395998
3.21412763387
3.21557744002
3.21689199075
3.21805320086
3.21907878518
3.21996861037
3.22070461182
3.22129577323
3.22174707682
3.22205788139
3.22222509775
3.22224736093
3.22213517187
3.22187122427
3.2214644866
3.2209251361
3.22024485068
3.21942367541
3.21846208053
3.21736075517
3.21611990776
3.21473945105
3.21322002936
3.2115613727
3.209763425
3.20782623066
3.20575955534
3.20354421348
3.20118957268
3.19869585952
3.19606341887
3.19329178749
3.19038163042
3.18733286906
3.18414595744
3.18082113251
3.1773585816
3.17373707779
3.1700047954
3.16617188
3.16222842758
3.15818493501
3.15403164548
3.14976901854
3.14539725593
3.14092679446
3.13634770878
3.13166035567
3.12687444747
3.12198039006
3.11698765159
3.11187648149
3.10666648818
3.1013573585
3.09593896017
3.09041113773
3.08477357191
3.07903609382
3.07318849539
3.06724064088
3.06118249054
3.05502385915
3.04874487519
3.04236539471
3.03588565161
3.02929586298
3.02259627009
3.01579738137
3.00888974172
3.00188390478
2.99477053956
2.98755040053
2.9802340073
2.97281201356
2.96529504438
2.95767344687
2.94995771737
2.94213821886
2.93421511143
2.92619879538
2.9180793047
2.90986685478
2.90155184556
2.89314414466
2.88463413875
2.8760319073
2.86732800798
2.85852250258
2.84962590913
2.84063838259
2.83155048842
2.8223629805
2.81308612429
2.80372062217
2.79425773555
2.78469822637
2.7750531626
2.76531382511
2.75549144382
2.7455873247
2.73559284173
2.72550915476
2.71534776093
2.70510912297
2.6947849948
2.68437644849
2.67389396124
2.66333880201
2.65270191883
2.64199411774
2.63120683394
2.62035057627
2.60941698688
2.59841650357
2.58735030805
2.57621024944
2.56500688692
2.55373206587
2.54238711313
2.53099306942
2.51953204512
2.50800588846
2.49642606902
2.48479491211
2.47310495702
2.46136791883
2.44957698264
2.4377440524
2.42587172323
2.413953403
2.40200027617
2.39000610493
2.3779823205
2.36593102006
2.35384591903
2.34173840791
2.3296016277
2.31744743099
2.30527804786
2.29309642246
2.2808958383
2.26867894749
2.25645792223
2.24423560128
2.23201511145
2.21979016555
2.20757342795
2.19535904513
2.18316891843
2.17097932131
2.1588216031
2.14668168308
2.13457294595
2.12249083833
2.1104489877
2.09845232908
2.08650549029
2.07460410706
2.06276218704
2.05097513729
2.0392569827
2.02761239374
2.01604611787
2.004554034
1.99315000442
1.98183891602
1.97061690003
1.95949821537
1.94848767572
1.93758199965
1.92680479865
1.9161429458
1.90560249298
1.89520714503
1.88494502435
1.8748220224
1.86486212693
1.85505456611
1.84541412396
1.83594762798
1.82665321611
1.81755619479
1.80864443267
1.79992607608
1.79142587011
1.78313232788
1.77506139614
1.76721070705
1.75960558091
1.75223350577
1.74510993551
1.73824134619
1.73162469448
1.72528466936
1.71920876309
1.71340251872
1.70789067841
1.70266022231
1.69772607088
1.69309352665
1.68876821105
1.68474620981
1.6810512164
1.67766938826
1.67461558857
1.67188431046
1.66950013077
1.66744825614
1.66574203775
1.6643857683
1.66338352004
1.66272852254
1.66243360368
1.6625014008
1.6629335577
1.66373214038
1.66489795176
1.66642245445
1.66831572792
1.67057763805
1.67320832936
1.67620676733
1.6795624248
1.68329386825
1.68737966306
1.69182814455
1.69663723922
1.70179446448
1.7073175146
1.71318373075
1.71940998377
1.72597348226
1.73288080609
1.74011888289
1.74770396633
1.75562219571
1.76385991173
1.77242259987
1.78130596215
1.79050529561
1.80001554152
1.80983139764
1.81994756672
1.83034809341
1.84104710535
1.85201882532
1.86326677756
1.8747849918
1.88656710046
1.89860681288
1.91088787122
1.92342388371
1.93618865651
1.94919583108
1.96241940234
1.97586296974
1.98952067581
2.00338637713
2.01745441143
2.031718988
2.04617448358
2.06080542544
2.07562626954
2.09061162526
2.1057759893
2.12109405102
2.13657004264
2.15219851879
2.16797392726
2.18389052153
2.19994253858
2.21612453093
2.23243068987
2.24884556842
2.2653834272
2.28202893187
2.29876673294
2.31561147704
2.33253814265
2.34955165901
2.36665698422
2.38382938453
2.40107428985
2.41838697767
2.43576315524
2.45319855817
2.47068907407
2.48823072712
2.50581987704
2.52345279363
2.54112584034
2.55883542796
2.57657794878
2.59434977392
2.61213731786
2.62995658416
2.64779391823
2.66564554281
2.68349776463
2.70136658283
2.71922848196
2.73709953198
2.7549662719
2.77281506458
2.79066227903
2.80848474784
2.82629893035
2.84409162728
2.86184974788
2.87959024718
2.89729005024
2.9149664563
2.93259655562
2.95019795041
2.96774828119
2.9852648019
3.00273568659
3.02014842194
3.03752133253
3.05483174713
3.07209798079
3.0893072612
3.10644793382
3.12353672501
3.14056200026
3.15752116815
3.17440111131
3.1912192209
3.20796458576
3.22463234293
3.24122163319
3.25773027204
3.27415584938
3.29049415535
3.30674605671
3.32290722826
3.33897567821
3.35495052304
3.37082985243
3.3866107246
3.40230116604
3.41788106315
3.43335899244
3.44874190991
3.46401024687
3.4791808874
3.49424444296
3.50918982468
3.52403199838
3.5387648029
3.55338320761
3.56788564931
3.58227221126
3.59654123045
3.61068902235
3.62471376563
3.63861568329
3.65240300176
3.66605233998
3.67957396371
3.69297375002
3.70624265213
3.71936714403
3.73236744962
3.74523018616
3.75795641477
3.77054237736
3.7829894522
3.79530624023
3.8074698522
3.81948887754
3.83137494748
3.84310817259
3.85470416037
3.86615259528
3.87745565634
3.88861277071
3.89961996519
3.91047934047
3.9211961282
3.93175011306
3.94215621468
3.95241269698
3.96251881473
3.97246332931
3.98225524917
3.9918828989
4.0013558161
4.01066209439
4.01982072207
4.02880120696
4.03763211881
4.04629592073
4.05479156155
4.06312225
4.07128325644
4.07927805609
4.08711518738
4.09477204166
4.10226626311
4.1095926616
4.11674684334
4.12373268744
4.13055005055
4.13720320031
4.143673764
4.14998339848
4.15612264517
4.1620773991
4.16787339339
4.17349258078
4.17892900153
4.1841999864
4.1892872864
4.19420282846
4.19893705921
4.2034941864
4.2078822498
4.21207829586
4.21610415639
4.21993701029
4.22359349303
4.22706980422
4.23037435584
4.23348465139
4.23642297072
4.23916701791
4.24173920501
4.24412570974
4.24633506582
4.24835622856
4.2502060351
4.25186245184
4.25334765056
4.25465563964
4.25576991708
4.25671004797
4.25746633729
4.25804201219
4.25843681061
4.25864440883
4.25867062264
4.25851700142
4.25817527586
4.257651287
4.2569450551
4.25605014877
4.2549806101
4.25371451698
4.25226749956
4.25063820769
4.24883468028
4.24683561989
4.24465676401
4.24230400871
4.23975849753
4.23703403143
4.23413140025
4.23105208602
4.22778919468
4.22435020357
4.22073567052
4.21693967854
4.21297591169
4.20883096226
4.20450524794
4.20000587887
4.19534045857
4.19048795248
4.18546290989
4.18027267509
4.17489653989
4.16935607515
4.16363763951
4.15774898746
4.15169080066
4.14545599807
4.13905369237
4.13247640372
4.12574701762
4.11883128927
4.11176596688
4.10452354696
4.09712795044
4.08955813415
4.08184476092
4.07396016454
4.06592092385
4.05772852156
4.04938305297
4.04088718641
4.03223447939
4.02342608839
4.01447112237
4.00537695677
3.99613091551
3.98673409679
3.97720185119
3.96752936505
3.95771018275
3.94774573904
3.93765150661
3.927409068
3.91704008873
3.90653820474
3.89590153176
3.885143818
3.87424531555
3.8632242789
3.85208908355
3.84082259944
3.82945297513
3.81795749776
3.80635286206
3.794639309
3.78281371615
3.77090096399
3.75886765633
3.74674399036
3.73452429486
3.72220837245
3.70980974833
3.69731724846
3.68473348343
3.67207489914
3.65932497912
3.64651104791
3.63361150583
3.62064829406
3.6076054734
3.59451042841
3.58134202992
3.56812275591
3.55484214543
3.54150388149
3.52812535657
3.51470544269
3.50123970443
3.48773752122
3.47420157239
3.4606465345
3.44706851004
3.43346145611
3.41984870094
3.4062209353
3.3925961586
3.37896503034
3.36533179073
3.35171809186
3.3381075298
3.32451673557
3.310949996
3.29740841348
3.28389149751
3.27041248062
3.25698115524
3.24358366262
3.23023493433
3.2169487641
3.20371647383
3.19055209464
3.17745224958
3.16442762901
3.1514960111
3.13863753187
3.1258753285
3.1132205015
3.10067092825
3.08822250603
3.07590039254
3.06369692014
3.05163192298
3.03970114204
3.02790370611
3.01627105341
3.0047783439
2.9934482751
2.98228681586
2.97129625777
2.96047729245
2.94984413191
2.93940778291
2.92916033016
2.91910755566
2.90926897693
2.89963659032
2.89022480901
2.88103628754
2.87207999669
2.86335349522
2.85486820454
2.84664121855
2.83865364219
2.83093342504
2.82347295369
2.81629166637
2.80937595255
2.80275074171
2.79641320428
2.79036509014
2.78461443614
2.77917390611
2.77403381488
2.76919834584
2.76467947989
2.760486525
2.75660922136
2.75305089158
2.74982848036
2.74693128232
2.74437578354
2.74215091603
2.74025889337
2.73871608548
2.73751841216
2.73666009747
2.73614931636
2.73598904725
2.73617340336
2.73671753716
2.73760880343
2.73885572107
2.74045802588
2.74241720532
2.7447325439
2.74739723961
2.75041837269
2.75378740998
2.75751727279
2.76159915929
2.7660317501
2.77080565478
2.7759255871
2.78138892048
2.78718583752
2.79332757634
2.79980416642
2.80659787605
2.81373375848
2.82118011885
2.82895405129
2.83703832685
2.84543561925
2.85414207482
2.86315408103
2.87246772023
2.88207121384
2.89196801841
2.90216090615
2.91263124002
2.92338127726
2.93440702171
2.94569625592
2.95725039084
2.96907179763
2.98113425779
2.99345204909
3.00601363523
3.01880586613
3.03183044493
3.04508030487
3.05855730547
3.07224132354
3.08612659583
3.10021375274
3.11449787482
3.12897989628
3.14363997851
3.15847866575
3.17349194287
3.18866644429
3.20400318301
3.21949830659
3.23514520942
3.25094014827
3.26687681824
3.28294371458
3.29914987117
3.31547620785
3.33192532995
3.34849046969
3.36516001731
3.38194282215
3.39881932556
3.41579821938
3.43286014039
3.44999972968
3.46722565396
3.48452478003
3.50188743494
3.51931933366
3.5368047782
3.55434318025
3.57193004649
3.58956215821
3.60722704676
3.62493432781
3.64266567138
3.66042310174
3.67820409524
3.69600321164
3.7138180785
3.73163734257
3.74946363686
3.76729480858
3.78513347323
3.80295421634
3.82078261745
3.83858553697
3.85637459794
3.87415204452
3.89190632738
3.90962104017
3.92731260241
3.94496948126
3.96258924973
3.98016699587
3.99768625175
4.01517038792
4.03259539546
4.04996555238
4.06727009323
4.08451971128
4.10170382589
4.11881313356
4.13585216654
4.15282464974
4.16971400484
4.18652438132
4.20324680993
4.21989379468
4.23644744369
4.25291370041
4.26929692077
4.28557330187
4.30176910261
4.31786033703
4.33384430211
4.34972535766
4.36551519924
4.38117582503
4.3967396893
4.41217624981
4.42750410161
4.44272058766
4.45779517509
4.47276777493
4.4875938126
4.50229917188
4.51688179481
4.53132561084
4.5456354463
4.55980964737
4.57383924223
4.58773680676
4.60148651256
4.61510106391
4.62856499424
4.64188378304
4.65505662638
4.66807485772
4.68094388449
4.69366953887
4.70624356847
4.7186569243
4.73091438723
4.74301517627
4.75495644759
4.76673641811
4.77834783316
4.78980196953
4.80108205325
4.81220264097
4.82314574297
4.83391869444
4.84452009239
4.85494706824
4.86519835216
4.8752740028
4.88516518324
4.89487688845
4.90440991375
4.91376937068
4.9229326928
4.93192083434
4.94072719865
4.94934917397
4.95778830416
4.96603374032
4.97410299681
4.98197703721
4.98966519329
4.99716646902
5.00447754607
5.01159730325
5.01852689758
5.02525707888
5.03180077645
5.03814849298
5.04429373367
5.05024369401
5.05599466134
5.0615487437
5.06690207051
5.07205395147
5.07700122649
5.08175092312
5.08629517455
5.09064085285
5.09478030051
5.09871193443
5.10244565821
5.10597108497
5.1092987541
5.11241795694
5.11533090139
5.11804392641
5.12055074743
5.12285234607
5.12495725293
5.12685140288
5.12853923254
5.13002418807
5.13130191723
5.13237590322
5.13323703554
5.13389408781
5.1343417953
5.13458006456
5.13461762946
5.13444075035
5.13405370147
5.13346111135
5.13265831679
5.13164999371
5.13042747566
5.12900433557
5.12736282972
5.12552635895
5.12347253093
5.12121604946
5.11876172104
5.11609713552
5.11322691913
5.11015712723
5.10687913921
5.1034012121
5.09972165895
5.09584295117
5.09176352585
5.08748551593
5.08299813562
5.07832214014
5.07344689896
5.06836505059
5.06308852098
5.057617913
5.05194794809
5.04607573438
5.04000545552
5.03374392116
5.02729536896
5.02065124642
5.01380945838
5.00678079561
4.99956010844
4.99214593134
4.9845522441
4.97677131009
4.9688110769
4.96066674448
4.95233715547
4.94383335637
4.93515040009
4.92629931024
4.91726916879
4.90806411409
4.89869250034
4.8891487009
4.87943146008
4.86955437879
4.85951644686
4.84930237044
4.83893299102
4.82840732392
4.81771765579
4.80686807384
4.79587013962
4.78471372253
4.773400916
4.76194584958
4.75034118731
4.73859676543
4.72670775542
4.71467463086
4.7025120731
4.69021118086
4.67778679494
4.66523210476
4.65254784128
4.63974677139
4.6268240579
4.61378246615
4.60063252534
4.58736717397
4.57400096334
4.56052683699
4.54694556348
4.53327179828
4.51949840527
4.50563455507
4.49167890363
4.47763082064
4.46350339934
4.44929185097
4.43499949839
4.42063789939
4.40621222869
4.39170498276
4.37714128756
4.36252351087
4.34783769104
4.33310637285
4.31833528698
4.30351939289
4.28866158016
4.273777657
4.25886085481
4.24391712772
4.22895909784
4.21398297209
4.19900123342
4.18400993059
4.16901182383
4.15402418887
4.13903703011
4.12405774634
4.10910064443
4.09415889569
4.07924847318
4.06436421656
4.04950810285
4.03469903926
4.01992923799
4.00520525849
3.99054072095
3.97593234621
3.961394215
3.94692320281
3.93252371201
3.91821267704
3.90398638928
3.88985902556
3.87581837184
3.86189830827
3.8480767562
3.83437742873
3.82079761875
3.80735267703
3.79403666409
3.78086491241
3.76782609442
3.75494080326
3.74221873043
3.72965266774
3.71724772308
3.70502059937
3.69296712426
3.68109090924
3.6694088677
3.65791505361
3.64661642782
3.63552854998
3.62464527237
3.61398190721
3.60353790585
3.5933135346
3.58332951777
3.57357826828
3.56406537648
3.55480781433
3.54580138773
3.53705920216
3.52857823979
3.52036353423
3.51241741927
3.5047538746
3.49737924442
3.49027786097
3.48347104288
3.47696453376
3.47074255565
3.4648353234
3.45921939743
3.45391510573
3.44891794613
3.44423837714
3.43987188098
3.43582124367
3.43208673037
3.42868274691
3.42560938507
3.42285222806
3.42044216906
3.41835011881
3.41659712057
3.41518066177
3.41409696844
3.41335700938
3.41295503907
3.41290138467
3.41318402099
3.41380612477
3.41477381126
3.41607996741
3.41772401376
3.4197115682
3.42203460449
3.42468912096
3.42768581797
3.43101377175
3.4346680016
3.43865908592
3.44297217061
3.44761775231
3.45258416484
3.45786550984
3.46346273534
3.46937913479
3.4756153925
3.48215005518
3.48899559236
3.49614286407
3.50359486173
3.51134239887
3.51938237457
3.52771637581
3.53633540853
3.54524066149
3.55441331728
3.56386727738
3.57359391455
3.58358326226
3.59383014153
3.60432565973
3.61507405432
3.62606863647
3.63730566315
3.64876159785
3.66046261822
3.67237643207
3.68451163428
3.6968583923
3.70942040869
3.72217055786
3.7351350156
3.74827746756
3.76161530069
3.77513463865
3.78883550392
3.80270808616
3.81674347989
3.83094996652
3.84531347434
3.85982485595
3.87449216057
3.88930116601
3.90424216725
3.91931412219
3.93451627045
3.94984739342
3.96528399187
3.9808343901
3.99649738132
4.01224999099
4.0281003707
4.04403453308
4.06006486939
4.07616907224
4.09234202829
4.10859652774
4.12490838861
4.14127928424
4.15771210871
4.17419390259
4.19072024686
4.20729576173
4.22390744789
4.24055194568
4.25723355754
4.27393938863
4.29066523243
4.30740757559
4.32417053175
4.3409498417
4.35772387224
4.37450562873
4.39128191117
4.40805774032
4.42481966057
4.44156327016
4.45828487736
4.47498927512
4.49166330511
4.50831268912
4.52492413684
4.5414941075
4.55801946365
4.57450541194
4.59093945759
4.60732796578
4.62364966977
4.63992804008
4.65613364146
4.67228199313
4.68836077566
4.70436749161
4.72030835176
4.73617223627
4.75195530604
4.76766436781
4.78328697972
4.79882037422
4.81426118591
4.82961591199
4.8448811288
4.86003566505
4.87509467865
4.89004602633
4.90489636135
4.91962422944
4.93424549867
4.94875785662
4.96314894466
4.97741640439
4.9915582206
5.0055809798
5.01947364433
5.03323377726
5.04685964525
5.06035848021
5.07372887359
5.08695030011
5.10003937984
5.11298590413
5.12578751827
5.13845196672
5.15096861815
5.16334397822
5.17555767299
5.18762658159
5.19954829881
5.21130198584
5.22290467118
5.2343442321
5.2456284342
5.2567462135
5.26769486581
5.27847331695
5.28908894069
5.29953031882
5.30979610018
5.31989448979
5.32981426792
5.33955377646
5.34911190084
5.35849738641
5.36769898922
5.37672550386
5.38556644276
5.39422101876
5.40268830336
5.41097698021
5.41906706833
5.42698662738
5.43470520628
5.44224131406
5.44958375455
5.45673132453
5.46369248326
5.47045607174
5.47702073386
5.48339496519
5.48956778122
5.49553816629
5.50130461392
5.50687602969
5.51224162951
5.51740066534
5.5223617162
5.52711456755
5.53165817181
5.53599217682
5.54012595509
5.54404885478
5.54777084441
5.5512715751
5.55457102154
5.55765864378
5.56054448092
5.56321867002
5.56568087398
5.56793090165
5.56996858441
5.57180309349
5.57343405584
5.57484103733
5.57604341668
5.57703039436
5.57780159306
5.5783663415
5.57871433769
5.57884517859
5.57875842634
5.57846372626
5.57795111692
5.57722020615
5.57628101462
5.57511364423
5.57373821736
5.57215482743
5.57034386607
5.56832571193
5.56610076823
5.56364975333
5.56099328768
5.55812206096
5.55503666262
5.55174787569
5.54823637897
5.54453267764
5.54060742336
5.53648084826
5.5321335465
5.52759540613
5.52283709152
5.51787862478
5.51271046305
5.50733289526
5.50175642932
5.4959616298
5.48996891081
5.48377904025
5.47737278247
5.4707707846
5.46396412005
5.4569636537
5.44975052805
5.44234598574
5.43474129775
5.4269477815
5.41894722884
5.41076090668
5.40239071503
5.39381827926
5.38506531608
5.37612347471
5.36699451133
5.35768985424
5.34819129233
5.33852012409
5.32867765336
5.3186455259
5.30844483553
5.29806725704
5.28751383398
5.27679646056
5.26590639965
5.2548455082
5.2436155182
5.23222802048
5.22066525971
5.208948871
5.19708102582
5.18504405534
5.17286026005
5.16052183902
5.14803149379
5.13540194791
5.12262589232
5.10970626769
5.09664609702
5.08345814793
5.07013556951
5.05668116407
5.04309795835
5.02938867682
5.01556600494
5.0016228816
4.98756189682
4.9733956648
4.95911708331
4.94472878572
4.93023364464
4.91563443063
4.90094393807
4.88615542164
4.8712718576
4.85629668341
4.84124260398
4.82610347294
4.81088278644
4.79558414697
4.78022091586
4.76478732061
4.74928725904
4.73372497942
4.71811444172
4.70244049677
4.68672700203
4.67097838939
4.65517949439
4.63935403661
4.62349681407
4.60761181348
4.59170328495
4.57578495697
4.55985130872
4.54390640554
4.52795444118
4.51199948334
4.49605549082
4.48011717148
4.46418863702
4.44827443352
4.43238883033
4.41652653924
4.40069212647
4.38489084436
4.36913695663
4.35341592576
4.337752341
4.32215151626
4.3065992678
4.29111078494
4.27570135058
4.26036668985
4.2451122899
4.22995371155
4.21488669446
4.19990688005
4.18504867066
4.17028800316
4.15563997501
4.14111902562
4.12672065194
4.11244984133
4.09832122168
4.08432025922
4.07047144879
4.05677006253
4.04322137294
4.02983031662
4.01661130166
4.00356051668
3.99068253576
3.97798255966
3.96546631188
3.95314822783
3.94102396385
3.92909943942
3.91737936933
3.90587913576
3.89458472734
3.88352107203
3.87268343198
3.86207728704
3.85171691567
3.8415878044
3.83171390059
3.82208994954
3.81271967783
3.80361704105
3.79476662083
3.78619120124
3.77788497712
3.76985150364
3.76210393334
3.75462620159
3.74744108154
3.74054210774
3.73393224988
3.72761489354
3.72160261913
3.71587883776
3.71046562735
3.70535657492
3.70056368479
3.6960701403
3.69189799466
3.68803004922
3.68448797633
3.68126434137
3.67837050973
3.67578858948
3.67353958819
3.67161423662
3.67001355973
3.66873776668
3.66779663292
3.6671705085
3.6668788121
3.66691105564
3.66726695728
3.66794559014
3.66895572438
3.6702770114
3.67192792604
3.67389723937
3.6761837496
3.67878594633
3.68171212874
3.68495096116
3.68849062245
3.69234917737
3.69652457907
3.70099527643
3.70576874869
3.71085289548
3.71623538182
3.72191349329
3.72788445014
3.73414551847
3.74070288337
3.74753365816
3.75465356527
3.76204877705
3.76971523711
3.77764877387
3.78585479471
3.79430911433
3.80302745128
3.81199516199
3.82120778293
3.83066097013
3.84035008733
3.8502806735
3.86042842166
3.87080850987
3.88140670017
3.89221840458
3.90323933322
3.91447484783
3.92590087463
3.9375328256
3.94935624157
3.96135674145
3.97355979543
3.98593065812
3.99847491555
4.01119723826
4.02407320415
4.03711715847
4.05031436246
4.06365931797
4.07714670684
4.09078133113
4.10453811438
4.1184315747
4.13244682275
4.1465688015
4.16081246858
4.17517285471
4.18962541083
4.20417524108
4.21882772784
4.23355848843
4.24838277439
4.26328633454
4.27826500812
4.29331459138
4.30844080897
4.32361987498
4.33886740445
4.35415965543
4.36951219813
4.38491111534
4.40035205301
4.41697534294
