metodo_1_dt_1:1
3.00653240312e-06
5.52005946701e-05
0.000106313351093
0.000166232344728
0.000225026833804
0.000272981916714
0.000329349726634
0.000384383582731
0.000438201089341
0.00050049550552
0.000551414765688
0.000610594308645
0.000668164496347
0.000724019628789
0.000778046941397
0.000840036765927
0.000890283585238
0.000947940749512
0.00101308133148
0.00106607401333
0.00112651797245
0.00118408451375
0.00123922240836
0.00130063132144
0.00135925083862
0.0014243526871
0.00148595990029
0.00154388347862
0.00160763323436
0.00166762757672
0.00172368316739
0.00178487112345
0.00185090992752
0.00191230491783
0.00197802285221
0.00203901966445
0.00210421244798
0.00217288380641
0.00223608800047
0.00230262820773
0.00237219216116
0.00243505836766
0.00250080586132
0.00256866378338
0.00263876172498
0.0027103041446
0.00278294613986
0.00284855596974
0.00292287320206
0.00299823004757
0.00306515321319
0.00314061065634
0.00321557327997
0.0032896822808
0.0033631072423
0.00344341981678
0.00352226521148
0.00359874254762
0.00367303287762
0.0037530767872
0.00383839841753
0.00392086217448
0.00399896997826
0.00408164091215
0.00416781717649
0.00424953376993
0.00433684785059
0.00441849328297
0.00451139254554
0.0045957567252
0.00468748433626
0.00477873297558
0.00486811856102
0.00495883730336
0.00505584873552
0.00514658978245
0.00524408103261
0.00534314998866
0.00543622690443
0.00553752796218
0.00563974937207
0.00574382503247
0.00584243311416
0.00594305132893
0.00605262015262
0.00615751584688
0.00626446016232
0.00637407404802
0.0064791144419
0.00659394986045
0.00670307907935
0.00681794680258
0.00693009578679
0.00704892555495
0.00716661606114
0.00728460152461
0.0074103474291
0.00752986000087
0.00765058728876
0.00778213360096
0.00790828195785
0.00803099574176
0.00816553256128
0.00829742891701
0.00842669610618
0.00856237529526
0.00869681412763
0.0088391155693
0.00897308374756
0.00911629339532
0.00926034709603
0.00940712201478
0.00955605505102
0.00969977639355
0.00984750254691
0.00999987694308
0.0101569597013
0.0103112383597
0.0104720339682
0.0106311802856
0.0107897877277
0.0109555624863
0.011121937304
0.0112894362582
0.0114580367697
0.0116366877805
0.0118096488308
0.0119852886612
0.0121646550756
0.0123391952723
0.0125269811959
0.0127114097284
0.0129015092177
0.0130891169739
0.013283309786
0.0134758623244
0.0136763850195
0.0138760920457
0.0140758454821
0.0142848203682
0.0144857847285
0.0146962771832
0.0149092296193
0.0151240522676
0.0153410885125
0.0155615629136
0.0157849001775
0.0160127294586
0.0162440418005
0.0164713679221
0.0167035659151
0.0169409117451
0.0171840838418
0.0174241830928
0.0176701576017
0.0179234406787
0.0181742025902
0.0184323778072
0.0186889086453
0.0189440732568
0.0192166929946
0.0194791560744
0.0197502785697
0.0200209733521
0.0203008123009
0.0205806401627
0.0208700396861
0.0211598065525
0.0214500309554
0.0217408890821
0.0220419662155
0.0223441422989
0.0226469256495
0.0229604374697
0.0232655629455
0.0235816207808
0.023908290867
0.0242266145384
0.0245559569512
0.0248866046635
0.0252184267881
0.0255612067102
0.025905146699
0.0262503192554
0.0266062399758
0.0269630258519
0.0273206959165
0.0276790168326
0.0280477255833
0.0284168181728
0.0287958080969
0.029175052295
0.0295636466403
0.0299520726839
0.0303396090059
0.0307461375078
0.0311414333759
0.0315550171328
0.031956771095
0.032376214532
0.0327931863311
0.0332270327777
0.033647627858
0.0340843592674
0.0345268604092
0.0349649578534
0.035417764172
0.0358651274369
0.0363262911174
0.0367909737926
0.037258600608
0.0377285042659
0.0382102333436
0.0386932044025
0.0391767885315
0.0396703295657
0.040173240474
0.0406748692686
0.0411845569375
0.0416916087252
0.0422152737816
0.0427348937892
0.0432697047688
0.0437989562236
0.0443418705287
0.044887670088
0.0454355323112
0.0459946394359
0.0465541929257
0.0471232642579
0.0476910545186
0.048276584885
0.0488590809802
0.0494475219173
0.0500409758333
0.0506385805237
0.0512492010126
0.0518620601333
0.052476016999
0.0530999130799
0.0537282715049
0.0543630102527
0.0550030355432
0.0556495754069
0.0563024230157
0.0569595607375
0.0576234511882
0.0582937189257
0.0589677539037
0.0596497456513
0.0603381621946
0.0610312092967
0.0617306364724
0.0624355192082
0.0631467829921
0.0638643640508
0.0645883691749
0.0653173452466
0.0660536680766
0.0667936748987
0.0675419909564
0.0682972095556
0.0690566784934
0.0698228129231
0.0705938013978
0.0713722087786
0.0721580158449
0.0729453274857
0.0737446615309
0.0745460295067
0.0753562680955
0.0761721755466
0.0769912143102
0.0778187627345
0.0786533030357
0.0794946600196
0.0803381636288
0.0811935053587
0.0820514558514
0.0829172825974
0.0837869791327
0.0846640983233
0.0855484839291
0.0864377758631
0.0873316177015
0.0882338295574
0.08914426704
0.0900593731935
0.0909796915575
0.0919048683599
0.0928390759456
0.0937784609849
0.0947235618622
0.0956731324724
0.0966333665618
0.0975983730186
0.0985686684625
0.0995447573128
0.100526268709
0.101513698476
0.102506661789
0.10351088703
0.104514703454
0.105529986911
0.10655025379
0.107571274346
0.108603592418
0.109641352588
0.110684881848
0.11173376213
0.112788130629
0.113853689104
0.114918760313
0.115994899119
0.1170701895
0.118156476649
0.119247607415
0.12034345638
0.121450087324
0.122554808849
0.123670042769
0.124789405283
0.125918852003
0.127052088571
0.128188564464
0.129334458067
0.130483329945
0.131635325313
0.132795309345
0.133965030623
0.135135589673
0.13631487103
0.137502405113
0.138690528724
0.139885141239
0.141087812584
0.142289311743
0.143504435587
0.144717903457
0.145944688567
0.147169262061
0.1484054557
0.149646485178
0.150891098934
0.152139321535
0.153397704724
0.15465853525
0.155921164039
0.157192880766
0.158473756804
0.159754598012
0.161042804839
0.162330257152
0.163632597716
0.164932326574
0.166238115729
0.16755651808
0.16887087677
0.170197214055
0.17152654653
0.172858723128
0.174191996733
0.175534764634
0.17688643565
0.17823825243
0.179597155343
0.180963014103
0.18232641111
0.183703699592
0.185077118599
0.186463612053
0.187853219162
0.189245227616
0.190639365024
0.192043021204
0.193447375487
0.194859888603
0.19627078602
0.197697989853
0.19912213193
0.200551619463
0.2019853408
0.203422954398
0.204863328789
0.20631503791
0.207767688676
0.209220860514
0.21068281757
0.212142416047
0.213619115638
0.215092931013
0.216572211681
0.218055884949
0.219536272461
0.221035038573
0.222525493451
0.224028500573
0.225530604318
0.227043027751
0.228552444369
0.230067574984
0.231589850771
0.233108409933
0.234641592956
0.236176462021
0.237714188698
0.239251726106
0.240801822528
0.242349777796
0.2439002125
0.245456431659
0.247017885418
0.248582834386
0.250152281388
0.251724276082
0.253300840298
0.254880048413
0.256465085461
0.25805276563
0.259645157752
0.261240242888
0.262839137064
0.264441729711
0.266048257073
0.267659477397
0.269273335154
0.270891326915
0.272512018669
0.274137081738
0.27576595023
0.277398613407
0.279034077903
0.280673355097
0.282316612136
0.283962882861
0.285613199354
0.287266612641
0.288923556357
0.290583408081
0.292248069748
0.293915243514
0.295586009156
0.29725970763
0.298937863622
0.300618911644
0.302302955098
0.303991110864
0.305682504381
0.307376058424
0.309074234856
0.310776039762
0.312480197066
0.314188626205
0.315898564536
0.317612576987
0.3193298304
0.321050485263
0.322774704742
0.324502658376
0.326233530137
0.327966400946
0.329704540918
0.331443907507
0.333186752129
0.334932286394
0.336682631214
0.338436031175
0.340190093574
0.341950082715
0.343710968127
0.345475507967
0.347243888452
0.349015335016
0.350790037716
0.35256818341
0.35434587392
0.356131393945
0.357915745183
0.359707481167
0.361499225073
0.363294432336
0.365092344032
0.36689675525
0.368700687421
0.370507859644
0.372318446097
0.374131690732
0.375948040266
0.377767109291
0.379588972538
0.38141360865
0.383240902927
0.385075010716
0.386907425502
0.388746639852
0.390583778666
0.392427686371
0.394273828763
0.396122073453
0.39797228925
0.399829121621
0.401683015997
0.403543022831
0.405404998028
0.407273906361
0.409143218723
0.411014762527
0.412886915378
0.414765049644
0.416644101826
0.418528706194
0.420414509685
0.422305420966
0.424196954243
0.426089166976
0.427986150759
0.429888961231
0.431791195143
0.433692086185
0.43560512882
0.437516321844
0.439426501311
0.441347062948
0.443266866648
0.445190534616
0.447111991007
0.449043849345
0.450973705313
0.452907182801
0.454843662223
0.456784044931
0.45872112091
0.460667353526
0.462616341476
0.464568192353
0.466522999192
0.468479382758
0.470438165193
0.472397973695
0.474359608821
0.476330159442
0.47830132373
0.480273861105
0.482246409696
0.484226933403
0.486206947193
0.488195168204
0.490182330263
0.49216912468
0.494162337855
0.496154593467
0.498152766011
0.500156319902
0.502158372449
0.504165919338
0.506178408929
0.508188778838
0.510202894998
0.512221458486
0.514244519438
0.516262952668
0.518293255494
0.520318920161
0.52234790773
0.524387155659
0.526420506516
0.528464789705
0.530510157492
0.532549471472
0.53459805749
0.53665544513
0.538705503121
0.540764342533
0.542822486444
0.544889429875
0.546955086352
0.549019904874
0.551091869177
0.553170476167
0.555248062054
0.557332676272
0.559410172725
0.561498487609
0.56358740153
0.56567712808
0.567766463313
0.569873111441
0.571969603041
0.574073378528
0.57618375796
0.57829140167
0.580404543039
0.58251830791
0.584632217262
0.586749884526
0.588879813965
0.591004340294
0.593134884399
0.595262956546
0.597397377655
0.599535916519
0.601679788549
0.603822890674
0.605970457671
0.60812560504
0.610281790874
0.6124315833
0.61459675762
0.616757922253
0.618924002686
0.621084984027
0.623259383014
0.625427657325
0.62760841887
0.629784862627
0.631972751418
0.634162040257
0.636352264213
0.638545518285
0.640738671125
0.642931279844
0.645134975018
0.647337154777
0.649549361516
0.651759105508
0.65397783645
0.656193178071
0.658406681224
0.660637389704
0.662863309263
0.665085811602
0.667324030235
0.669557731578
0.671794677584
0.67403602977
0.676281270555
0.678529885932
0.680781365523
0.683035207968
0.685290914059
0.687557933479
0.689815908659
0.692083295431
0.694351646911
0.696629256927
0.69890501331
0.701184327783
0.703468362857
0.705753944392
0.708043633572
0.710336005321
0.712631981312
0.714931672223
0.717233871553
0.719539709236
0.721848192164
0.724160524213
0.72647638731
0.728794201333
0.731116594912
0.733441922224
0.735769964323
0.738101952649
0.740436809398
0.742775639199
0.745116903031
0.747462733528
0.749811057914
0.752162339673
0.754517940235
0.756875593075
0.759237769352
0.761602962766
0.763970668646
0.766342607878
0.76871818495
0.771096907816
0.773477850994
0.775862332529
0.778250494562
0.780644483344
0.783039638226
0.785438047182
0.787840235236
0.790245744486
0.792654120429
0.795066879543
0.797482591303
0.79990276918
0.802323761915
0.804750524803
0.807179050393
0.809611152475
0.812047379808
0.814488275018
0.816932454001
0.819377761063
0.821827327566
0.82428170457
0.826739525755
0.829199332537
0.831663566113
0.834131831378
0.836601514504
0.839076212938
0.841555536839
0.844035732659
0.846520600271
0.849007200111
0.851498519848
0.853995120477
0.856492929125
0.858996074944
0.861500357539
0.864010029597
0.866520777922
0.869036980652
0.871559189009
0.874082893727
0.876607548857
0.879137786058
0.881669816396
0.884207495931
0.886746906862
0.889292121558
0.89183891206
0.89439175172
0.896946192455
0.899502145517
0.902064350177
0.90462808659
0.907198309213
0.909770030089
0.912343314535
0.914923130475
0.917504590638
0.920087506937
0.92267718946
0.925268417621
0.927866536579
0.930466198815
0.933067133401
0.935675193681
0.938285671385
0.940896398037
0.943515114681
0.946134796731
0.948756555087
0.951385023495
0.954014640788
0.956646479562
0.959285360489
0.961925529643
0.964566470216
0.967209223187
0.969859628802
0.972517336349
0.975169797686
0.977829396157
0.980497294072
0.983159082513
0.985828969788
0.988505849125
0.991184031679
0.993862989377
0.996542918065
0.999230253961
1.00191761707
1.00461297075
1.00730882122
1.01000532952
1.01270918649
1.01541343087
1.01811752355
1.0208289867
1.02354810059
1.02625887227
1.02898516461
1.03170335557
1.03443626157
1.03716063534
1.03989249547
1.04263079375
1.04536858167
1.04811314914
1.05085619039
1.05359837364
1.05634651584
1.05910140648
1.06186260682
1.06461345066
1.06737889741
1.07014164706
1.07291052922
1.07567680576
1.07844823349
1.08122547264
1.08399964447
1.08677862879
1.08956303143
1.09234331657
1.09513658346
1.09792576395
1.10071942777
1.10350840329
1.10631003949
1.10910643998
1.11190629102
1.1147095723
1.11751578782
1.12032489789
1.12313685085
1.1259506933
1.12876724127
1.131585109
1.13439599243
1.13721705527
1.14004829706
1.14287134745
1.14569478723
1.14852809201
1.15135340764
1.15418602778
1.15701700021
1.15985873853
1.16269778841
1.16553369558
1.16836933629
1.17121350543
1.17406244802
1.17689993473
1.17975383675
1.18259503449
1.1854486854
1.18830098363
1.19114565556
1.19399730616
1.19685262977
1.19971113889
1.20256265848
1.20541872959
1.20827639107
1.21113519707
1.21399682932
1.21685858949
1.21971418504
1.22257668119
1.22544154989
1.22830448696
1.23116841695
1.23402937419
1.23688850149
1.23975512565
1.24261881372
1.24549018503
1.24834746926
1.25120998876
1.25407726038
1.25693978334
1.25980594486
1.26267605755
1.26553878017
1.26840424655
1.27126181127
1.27413034631
1.27698984435
1.27984966134
1.28270918183
1.28556780217
1.28843495661
1.29129093118
1.29414826552
1.29700540525
1.2998615066
1.30271617439
1.30557042193
1.30842304402
1.31127354717
1.31412372806
1.31697266639
1.31981902356
1.32266509134
1.32550819252
1.32834978405
1.3311902233
1.33402886255
1.33686368338
1.33969871166
1.34253104624
1.34536107356
1.34818845952
1.35101497194
1.35383752106
1.35665823735
1.35947550683
1.36229164059
1.36510513399
1.36791512684
1.37072085776
1.37352501256
1.3763264922
1.37912526028
1.38192103524
1.38471310568
1.38750077469
1.39028526736
1.39306893523
1.39584512555
1.39862217355
1.40139121594
1.40415756163
1.40692307051
1.40968313258
1.41243861179
1.41518801547
1.41793802451
1.42068151776
1.4234185855
1.42615549987
1.42888242642
1.43161080657
1.43433273914
1.43704833762
1.43976121549
1.44246725439
1.44517202842
1.447865732
1.45056239183
1.45324735976
1.45593114651
1.45860916889
1.46128068686
1.46394584005
1.46660993688
1.46926370169
1.47191597542
1.47455718476
1.47719817439
1.47983375318
1.4824576882
1.48508160362
1.48770000384
1.4903070986
1.49290862302
1.49551075952
1.49810150143
1.50068698587
1.50326722904
1.50584220088
1.5084058022
1.51096424799
1.51351755753
1.51606574887
1.51860906064
1.52114082746
1.52366714233
1.52618874646
1.52870569842
1.53121111625
1.53371113295
1.53620580407
1.53868945745
1.54117489113
1.54364057536
1.54610878194
1.5485649466
1.55101564082
1.55346152764
1.55590192329
1.55833049422
1.56075274348
1.56316283141
1.56557481679
1.56797313067
1.57036666504
1.57275409129
1.57512791508
1.57749532837
1.57986492855
1.5822203984
1.5845614319
1.58690426071
1.5892399905
1.59156063488
1.59387427529
1.5961891794
1.59848823696
1.60077964363
1.60307177463
1.60534669717
1.60762242975
1.60988033778
1.61213856641
1.61438714729
1.61662671286
1.61885600869
1.62108457196
1.62330271193
1.62550963712
1.62770583441
1.62989918952
1.63209024204
1.63426868404
1.63643488352
1.63859688348
1.64075509699
1.64289908388
1.64503810553
1.64717210721
1.64929965122
1.65141188148
1.65352689532
1.65562498744
1.65771546442
1.65980711959
1.66188064523
1.66395441502
1.66601861329
1.66807243655
1.67012503695
1.67216645391
1.67419563389
1.67622221643
1.67824521348
1.68025410381
1.68225870073
1.68425875271
1.68625165651
1.68824014139
1.69021011125
1.69218224077
1.69414588213
1.69610155488
1.69804584688
1.69999045423
1.70192448118
1.70385507441
1.70577440439
1.70768976357
1.7096012018
1.71149731517
1.71338844607
1.71528273849
1.71715996949
1.71903953313
1.72090829653
1.72277151228
1.72462845714
1.72647842235
1.72832345494
1.73016261219
1.73199540962
1.73382167882
1.73564315419
1.73745779319
1.73926708478
1.74107155486
1.74286938096
1.74466174888
1.74644985067
1.7482319177
1.75000781905
1.75178041314
1.75354617418
1.75530608635
1.75706359325
1.75881384115
1.76056129754
1.76230060236
1.76403971868
1.76577081527
1.76749820283
1.76922185203
1.77093894482
1.77265250163
1.77436330501
1.7760700197
1.77777000982
1.77946791298
1.78116215541
1.78284985559
1.784537154
1.78621806686
1.78789814262
1.78957295699
1.79124149013
1.7929098279
1.79457303054
1.79623381549
1.79789330521
1.79954984699
1.80120245214
1.80284831176
1.80449746404
1.80613774388
1.80778081336
1.80941839874
1.81105225468
1.81268508064
1.81431885677
1.81594263621
1.81757132703
1.81919567774
1.82081565168
1.82243706957
1.82405331083
1.82567121092
1.82728486746
1.82890037762
1.83051169353
1.83211875768
1.83372787496
1.8353391981
1.83694070705
1.83855040956
1.84015040152
1.84175844494
1.84335693036
1.8449577669
1.846560988
1.84816055673
1.84976266379
1.85136103086
1.85296202685
1.85455920977
1.85615893864
1.85775478147
1.85935314163
1.86095405475
1.86255085452
1.86415019845
1.86574519213
1.86734884071
1.86894871866
1.87055026614
1.87214702641
1.87374596666
1.87535428855
1.87695678558
1.87856126269
1.88016696398
1.88177446336
1.88337543624
1.88498481579
1.88659562876
1.88820644495
1.88981839802
1.89143850623
1.8930509994
1.89467078098
1.89629045046
1.8979091971
1.89953548149
1.90115991783
1.90278344063
1.90441344176
1.90604924536
1.90768296024
1.90931429556
1.91095924801
1.91260032312
1.91423828009
1.9158888453
1.91753526599
1.91919346777
1.92084699164
1.9225036879
1.92416281665
1.92582459571
1.92749664696
1.9291619716
1.93083706807
1.93251278749
1.93419781174
1.93587384493
1.93756721488
1.93925998723
1.94095096833
1.94264936372
1.94435448223
1.94605678729
1.94776476617
1.94947846782
1.95119682066
1.95291984146
1.95464681621
1.95637737749
1.9581108049
1.95984671847
1.9615942041
1.9633335706
1.96509296399
1.96684308448
1.96860261981
1.97037118094
1.97213872522
1.97392330524
1.97569581146
1.97748455942
1.97926951317
1.98107169723
1.98286644833
1.98466727468
1.98648312005
1.98829953297
1.99011985453
1.99194326647
1.99377712933
1.99561266722
1.99745744958
1.99930253393
2.00115706139
2.00300911701
2.00487925467
2.00674694008
2.00862139957
2.01050195568
2.01238794121
2.01427869916
2.0161835532
2.01809126623
2.01999315481
2.02191662069
2.02383175833
2.02576825899
2.02770508602
2.02964166581
2.03158751457
2.0335418421
2.03550411294
2.03747363458
2.03943989144
2.04142236251
2.04340975545
2.04540252997
2.04739877448
2.04939881099
2.05141214866
2.05342676667
2.05545345162
2.05749174995
2.05952523562
2.06157015351
2.06362190884
2.06568111672
2.06774666888
2.06981812525
2.07189734757
2.07398435049
2.07607753135
2.07817727119
2.08028493962
2.08239895596
2.0845197182
2.08664860229
2.08878194155
2.0909242914
2.09307500404
2.0952325414
2.09739732736
2.0995672877
2.10174678951
2.10393216766
2.10612537812
2.10832589138
2.11053414269
2.11274763104
2.11497259963
2.11720162743
2.11943905156
2.12168531579
2.12393566205
2.12619802458
2.12846522273
2.13073748938
2.13302224435
2.13531095082
2.1376085177
2.13991539012
2.14222720996
2.14454724169
2.14687593716
2.14921374671
2.15155695112
2.1539081982
2.15626454614
2.15863496051
2.16100941657
2.16338815779
2.16577688208
2.16817424219
2.17058156299
2.17299273682
2.17541371497
2.17784404751
2.18027832045
2.18272769927
2.18517576816
2.18763891304
2.19010642229
2.19258295653
2.19506357076
2.19755389896
2.20005350157
2.20256277731
2.20507650544
2.20759890449
2.21013119016
2.21266631194
2.21521780981
2.21777196705
2.2203305886
2.22290352423
2.22547992839
2.22806613019
2.23066168707
2.23325989113
2.23586724536
2.23849047305
2.24110920414
2.24374446336
2.24638797172
2.24903411956
2.25168904302
2.25435955106
2.25703210402
2.25970653892
2.26239639468
2.26509474042
2.2677946004
2.27050981258
2.27322618961
2.27595790143
2.2786905314
2.28143115154
2.28418689722
2.28694310495
2.28970658634
2.29248556059
2.29526431319
2.29805801679
2.30085116601
2.30365911479
2.30647385868
2.30928784406
2.312116054
2.31495880245
2.31780001066
2.32064701844
2.32350856221
2.32637569529
2.32924856601
2.33213482065
2.33501901746
2.33791635001
2.34081826938
2.34373372768
2.34665406958
2.34957883225
2.35251649535
2.35545774594
2.35840320818
2.36136144688
2.36432251397
2.36729609746
2.3702721942
2.3732600241
2.37625103142
2.37925297815
2.38226600114
2.3852809441
2.38829782072
2.39132549354
2.39436313202
2.39741083348
2.40045926951
2.40351785553
2.40658534307
2.4096535978
2.41273038874
2.41581618564
2.41891060656
2.42201327319
2.42511500072
2.42822455557
2.4313508257
2.4344756828
2.43760723363
2.44074583726
2.44389110269
2.44704299204
2.45021019075
2.4533738501
2.45654330268
2.4597276439
2.46290753088
2.46610188233
2.46930052157
2.47250365802
2.47572048488
2.47893143918
2.48215534369
2.48538248506
2.48862214029
2.49186453856
2.49510903663
2.49836545669
2.50162347521
2.50489269111
2.50816320082
2.51143418848
2.51472549992
2.51800716947
2.52129861724
2.52459948705
2.52790943317
2.53121840555
2.53453619872
2.53785134899
2.54118480907
2.54451636962
2.54785423713
2.55118947835
2.55454153414
2.55789014318
2.56125479005
2.56461429351
2.56798009668
2.57135009257
2.57472481728
2.57810453028
2.58149755882
2.58488428126
2.58828473129
2.59167805445
2.59508365408
2.59849180748
2.60190198616
2.60532358968
2.60873647815
2.61216024762
2.61559461265
2.6190290547
2.62246340742
2.62589741327
2.62934034193
2.63279172531
2.63624233147
2.63969011098
2.64315584883
2.64660940713
2.65007957611
2.65354599902
2.65700827096
2.66048697196
2.66396202595
2.66744067456
2.67092494989
2.67440337792
2.67789537532
2.68138077442
2.68486909684
2.68836165505
2.69186464099
2.69536143283
2.69885796171
2.70235760596
2.7058679954
2.70936710429
2.71287831322
2.71638724013
2.7198979999
2.72340572814
2.72692207286
2.73042735289
2.73394770155
2.73745896878
2.74097490708
2.74449780049
2.74801776908
2.75153162361
2.75505147266
2.75857393923
2.76209220156
2.76561551007
2.76913415635
2.77265064135
2.77617457952
2.77968956743
2.783213907
2.78673208379
2.79024952876
2.79376958112
2.79727895575
2.80079572616
2.80431419738
2.80782098082
2.81133811289
2.81485205939
2.81835338898
2.82185987264
2.82537541786
2.82887298674
2.83237005541
2.83587080962
2.83937058364
2.84286869625
2.84635645566
2.84985048896
2.85333368535
2.8568184847
2.86030449159
2.86378270667
2.86725286195
2.87072657645
2.87419160452
2.87765702394
2.8811182552
2.88457668395
2.88802565289
2.8914766515
2.89491831014
2.89835584299
2.90179060308
2.90522148033
2.90864819189
2.9120653414
2.91548525347
2.91889493258
2.92230083423
2.92569652735
2.92908858837
2.93247596807
2.93585996861
2.93923393564
2.9426031288
2.94596232528
2.94932347231
2.95266814597
2.95601429682
2.95935062864
2.96267525833
2.96599610245
2.96931292686
2.97261783191
2.97591888235
2.9792087919
2.98248718756
2.98576085139
2.98903096694
2.99228866922
2.99553497914
2.99877689128
3.00200679734
3.00523246592
3.00844618904
3.01164762183
3.0148440331
3.01802887596
3.02120886624
3.02436895308
3.02753205304
3.03067521863
3.03381314149
3.0369303959
3.04005108162
3.0431510752
3.04624665886
3.04932895668
3.0523982539
3.05545425358
3.05850548197
3.061543481
3.06456851734
3.06758029988
3.07057854144
3.07357142337
3.07654234644
3.07950849908
3.08246115408
3.0853995259
3.08832437893
3.09123544024
3.09414117914
3.09702441787
3.09989310888
3.10275679557
3.1056064551
3.10843294589
3.11125379626
3.11406035912
3.11685239668
3.11963011579
3.12239328003
3.12514167017
3.12787548166
3.1305857321
3.13328969418
3.13597926172
3.13865374243
3.14131320739
3.14395767045
3.14658700899
3.14920120195
3.1518001628
3.15437442105
3.15694274935
3.15949568896
3.1620236845
3.16454566168
3.16704254735
3.16953334062
3.17199886543
3.17444863601
3.17688260039
3.17931035382
3.18171246767
3.18409890024
3.18645941281
3.18881350064
3.19115133954
3.19346348704
3.19576906876
3.19804863421
3.20032161544
3.20256848186
3.20479871332
3.20701256166
3.20920989212
3.2113807216
3.2135446745
3.21569208612
3.21781278825
3.21991670563
3.22201366498
3.22408373563
3.22613696966
3.22817316691
3.2301824693
3.23218452286
3.23416947922
3.23612728091
3.2380778677
3.24000120548
3.24190720791
3.24380585596
3.24567710541
3.24753091889
3.24936723996
3.25117602835
3.25297723748
3.25476083571
3.25651678045
3.25826499773
3.25999548297
3.26169819411
3.26338310328
3.26506012964
3.26670922219
3.26834041755
3.2699635264
3.2715587752
3.2731358758
3.27469481339
3.27624562874
3.27776836263
3.27927284993
3.28075910545
3.28223690377
3.28368646988
3.28511773953
3.28654044794
3.28793473226
3.28932050204
3.29067796132
3.29202660968
3.29335687023
3.29466818406
3.29596102753
3.29723525604
3.2984907164
3.29973692726
3.30095480049
3.30216354154
3.30335328124
3.30452437864
3.30568597491
3.30681896128
3.30794259419
3.30904709866
3.31013258426
3.31120832152
3.31226523758
3.31330281439
3.31432117142
3.31532946012
3.31631875212
3.31728884792
3.31824880941
3.31918793112
3.3201213252
3.32103104942
3.32192106076
3.32280474066
3.32366497
3.3245150214
3.32534598177
3.32616706767
3.32696945829
3.32776232877
3.32854124698
3.32930199217
3.33004013073
3.33076933811
3.33148982939
3.33219689
3.33288189687
3.33355870764
3.33422244013
3.33486984758
3.33549927413
3.33612131387
3.3367308694
3.33732806731
3.33791027655
3.33847503148
3.33903621253
3.33958324144
3.3401131668
3.34063187727
3.34113365899
3.34163055959
3.34211884264
3.34258875916
3.34304858578
3.34350016579
3.34393427269
3.34436040762
3.34477734917
3.34518654644
3.34557292024
3.34595843013
3.34632918199
3.3466927872
3.34704877542
3.34738386642
3.34771919797
3.3480409152
3.34834940481
3.34865173402
3.34894826257
3.34922501533
3.34950356056
3.34976965241
3.35003068663
3.3502801634
3.35051768461
3.35074425125
3.35096580805
3.35118457024
3.35139097919
3.35158757055
3.35178113007
3.35196415719
3.35214300537
3.35230547234
3.35247201426
3.35262283813
3.35277020783
3.35290833574
3.35305143427
3.35317760596
3.35329525866
3.35341299701
3.35352013348
3.35362123729
3.35371822079
3.35381133269
3.35389232708
3.35396990355
3.35404486318
3.35411799257
3.35418039843
3.3542414702
3.35429324518
3.35434468759
3.35438775032
3.35443148014
3.35446729066
3.35449584553
3.35452676675
3.35454191567
3.35456036238
3.35458241858
3.35459019382
3.35460251368
3.35460136148
3.35460568509
3.35460696454
3.3545957898
3.35459129155
3.35457589504
3.35456808861
3.35454946319
3.35453029809
3.35451083812
3.35448221284
3.35445376123
3.35442639085
3.35440036128
3.35436667573
3.35432552788
3.35429660867
3.35425137512
3.3542191803
3.35417161304
3.35412793466
3.3540889266
3.3540356328
3.35399720356
3.35394491741
3.35389871659
3.35384928038
3.35379682217
3.35374175505
3.35369414093
3.35451880824
