metodo_1_dt_1:1
3.46023857368e-07
0.00120789409596
0.00249638718328
0.00389234438327
0.00542225030149
0.00711529978924
0.00900078411929
0.0111085782826
0.0134682686155
0.016112920069
0.0190719452258
0.0223794672918
0.0260636989305
0.0301557936333
0.0346845773923
0.0396740034
0.0451467496867
0.0511193818581
0.0576054202159
0.0646135229691
0.07214609126
0.0802038241268
0.0887819481463
0.0978722693191
0.107465521989
0.117548514673
0.128109814946
0.139134103377
0.150605512169
0.162510973256
0.174833433295
0.187560204618
0.200675571261
0.214167663126
0.228020818755
0.242224469825
0.256766022541
0.271634554753
0.286819350007
0.302309338391
0.318096952806
0.334171056157
0.350524644072
0.36714974121
0.384037102395
0.40118089856
0.418573987518
0.436208661592
0.454078907968
0.472179639005
0.490502872092
0.509043534107
0.527795813149
0.546754245729
0.565911315425
0.585262910742
0.604801455844
0.62452136787
0.644416390715
0.664479435126
0.684703995705
0.705081695739
0.725606273939
0.746268377006
0.767058697219
0.787967551585
0.808983939726
0.830097370757
0.851294677342
0.872561824535
0.893884021983
0.915243835878
0.936622835989
0.958000796381
0.979354591425
1.00065947667
1.02188799939
1.04300825049
1.06398643776
1.08478509562
1.10536166523
1.12566966332
1.145657598
1.16527066806
1.18444524728
1.20311401024
1.22120316306
1.23863319502
1.25531710653
1.27116455356
1.28607852783
1.29995726255
1.3126975266
1.32419362565
1.33434180818
1.34304172169
1.35019920777
1.35573128188
1.35956637629
1.36165055412
1.36194921008
1.36044737468
1.35715250572
1.35209397123
1.34532263438
1.33690744608
1.32693410939
1.31550045512
1.30271419747
1.28868957606
1.27354615285
1.25740107716
1.24035953407
1.2225428103
1.20405729904
1.18500348175
1.16547562202
1.1455616143
1.12533315895
1.10487597015
1.08427004969
1.06356071732
1.04280862894
1.02209054687
1.00144964463
0.980926796687
0.960590137663
0.940466624587
0.920611612097
0.90106964375
0.88187536052
0.863092199578
0.844745860777
0.826890794737
0.809563539041
0.79283103577
0.776721995528
0.761286217315
0.746593974677
0.732677920392
0.719590901502
0.707396183636
0.6961473587
0.685878126954
0.676669934095
0.668553431687
0.661576181828
0.655782071824
0.651220377546
0.647915213522
0.645894307656
0.64517841922
0.64578088662
0.64770718275
0.650954874745
0.655513607957
0.66136560683
0.668475803183
0.676822803244
0.686369174773
0.697062778104
0.708866904743
0.721721259312
0.735582525927
0.750375081337
0.76606070557
0.782569559777
0.799840003108
0.817808345943
0.836408988268
0.855563918726
0.875213101815
0.895276678292
0.915677402793
0.936330028207
0.957146933088
0.978033917663
0.998890843465
1.0196108794
1.04008109531
1.06018217274
1.07979040273
1.09877473923
1.11700581565
1.13434999146
1.15067979113
1.16587111728
1.17980956907
1.19239464458
1.20353837595
1.21317741197
1.22126130519
1.22776732318
1.23268942119
1.23604418637
1.23786617859
1.23820568333
1.23712702896
1.23470379615
1.23101645369
1.22615178014
1.2201981869
1.21324384005
1.20537854845
1.19668622229
1.18724912912
1.17714754258
1.16645430257
1.15524114268
1.14357145811
1.13150663916
1.11910487874
1.1064185635
1.09349758451
1.08038705606
1.06712768915
1.05376147676
1.04032371034
1.02684791417
1.01336669517
0.999908117153
0.986501970002
0.973171895151
0.959943460242
0.94683933356
0.93388040864
0.921085971317
0.908475728965
0.896068620218
0.883878926339
0.871922673303
0.860215778755
0.848770789716
0.837600084175
0.826714408759
0.816123974188
0.805839131258
0.795865593724
0.786210800549
0.776878397996
0.767873218327
0.759195010614
0.75084436628
0.742817860186
0.735112415134
0.727720817024
0.720633846916
0.713838490597
0.707321778035
0.701065701422
0.69505083999
0.689253185106
0.683647349033
0.678203050324
0.672888951481
0.66766876178
0.662504052377
0.657353840501
0.652173472667
0.646916109129
0.641532596125
0.635973633823
0.63018610748
0.62411726309
0.617716463452
0.61093165844
0.603716604986
0.596026453133
0.587824644935
0.579084709389
0.56978738309
0.559928079087
0.549520297551
0.538592779775
0.527195298502
0.515400603115
0.503302103403
0.491016609335
0.47868454788
0.466463359629
0.454532296677
0.443081907395
0.43231536269
0.422439721412
0.413662294455
0.406181709976
0.400184733613
0.395834770064
0.393265126475
0.392575800661
0.393826432744
0.397038852306
0.402194991586
0.409239899994
0.418093680196
0.428652119085
0.440799229576
0.454409582438
0.469355781893
0.485514790063
0.502767162752
0.521003159626
0.540121989497
0.560029920837
0.580643521934
0.601889924306
0.623700069335
0.64601695256
0.668787569217
0.691964100286
0.715504879655
0.739373907558
0.763537219308
0.787969105845
0.812627757825
0.837507187188
0.862569568944
0.887806019282
0.913181373363
0.938699665482
0.964317821856
0.990032220813
1.0158300797
1.04167967423
1.06757834604
1.09349440656
1.11942511769
1.14534780911
1.17123949076
1.19708580116
1.22286208976
1.24855226949
1.27412904295
1.29956369301
1.32483575099
1.34992276816
1.37478027984
1.39938129619
1.42368615774
1.44766224202
1.47127366433
1.49445111471
1.51716126383
1.53934632372
1.56094440516
1.58189876795
1.60213714288
1.62157310092
1.64014368796
1.6577608549
1.67433132142
1.68974868808
1.70392907374
1.71676717979
1.72814709505
1.73797975973
1.74614170857
1.75255882328
1.75711335713
1.75974954195
1.76039328907
1.75899736335
1.75554660993
1.75003318549
1.74249403207
1.73298611498
1.72160165561
1.70843801102
1.69364469014
1.67737752255
1.65980656703
1.64110724481
1.62148162781
1.60111303548
1.58019443423
1.55891394626
1.53744866106
1.51596242277
1.49462745271
1.47358837782
1.45298571231
1.43294997875
1.41361586962
1.39508082785
1.3774528896
1.36082574103
1.34528475895
1.33091540624
1.31777890626
1.30593692989
1.29545746696
1.28637293394
1.2787281591
1.27255450426
1.26787735991
1.26471889591
1.26307240713
1.26296259538
1.26436758754
1.26727745414
1.27168679527
1.27755723496
1.2848659903
1.29357900507
1.30366426637
1.3150721628
1.32775715598
1.34167080882
1.35676975148
1.37300920612
1.39031456864
1.40864650118
1.42795666527
1.44817004668
1.46925939226
1.49114914118
1.51379885742
1.53714670259
1.56114595699
1.58573589233
1.61086903152
1.63648364367
1.6625258273
1.68895368
1.71570492638
1.74271408969
1.76992956563
1.79729763467
1.82474762007
1.85220632658
1.87962528586
1.90690988944
1.93399640199
1.96080248993
1.98722843298
2.01319087246
2.03858812025
2.06331253042
2.08725215412
2.11029327343
2.13229344242
2.15312659462
2.17265432615
2.1907419728
2.20722863394
2.22198793971
2.23486267553
2.24573785291
2.25448460869
2.26099052456
2.26518996208
2.26702400716
2.26644486452
2.26346127007
2.2581145832
2.25045742204
2.24058261255
2.2286071804
2.21467141878
2.19894282407
2.18158167801
2.16276588758
2.14267722713
2.12150686278
2.09941343622
2.07658899566
2.05319892935
2.02938138437
2.00530336267
1.98109468836
1.95688519042
1.93280648882
1.90896186438
1.88545711013
1.86240032638
1.8398743514
1.81796484339
1.79676236157
1.77633286099
1.75674701943
1.73808131147
1.72037876315
1.70372686895
1.68815106927
1.67373133638
1.66048552159
1.64847614971
1.63773257543
1.62829009584
1.62018904203
1.61345623049
1.6080948657
1.6041416875
1.60161006321
1.6004988435
1.60081191982
1.60255852502
1.60572311912
1.61029635608
1.61627287384
1.62363424156
1.63233894556
1.64238828453
1.65372457816
1.66633177103
1.6801729901
1.69518933799
1.71136611529
1.7286288869
1.74694769545
1.76627173916
1.78653802494
1.80769021133
1.82967807946
1.85243188096
1.8758953111
1.89999170467
1.92465000645
1.94980332667
1.97536406343
2.00125655109
2.02738184941
2.05365344915
2.07996043602
2.1061934894
2.13224533942
2.15798107101
2.18327775111
2.20798345865
2.23194860105
2.25502417524
2.27703625528
2.29782405167
2.31719537525
2.33500551988
2.35105598777
2.36521332787
2.3772983742
2.38719768795
2.39478996672
2.39999018176
2.40275208434
2.40305184731
2.40087743619
2.39628825287
2.38934352175
2.38014851086
2.3688107377
2.35546489808
2.34025892851
2.32335878178
2.30491488637
2.28509818207
2.26404793887
2.24193886444
2.21891007266
2.19511366924
2.1706645829
2.14570982468
2.12036881849
2.0947340462
2.0689304375
2.04304675559
2.01717587213
1.99140525453
1.96581726897
1.94050014188
1.9155183982
1.89094320977
1.86684265095
1.84328240441
1.82032575997
1.79804399546
1.77648689799
1.75570248395
1.73576698128
1.71672545037
1.69863149191
1.68153701644
1.66549238959
1.65054635382
1.63674551025
1.62413443431
1.61275538905
1.6026476808
1.59384808402
1.58638981644
1.58030265401
1.5756125483
1.57234139111
1.57049650539
1.57011071908
1.57117214506
1.57370377067
1.57768352911
1.58311435986
1.58998363544
1.59826375878
1.60794167002
1.61899929655
1.63137313321
1.64505461452
1.65997997917
1.67611012259
1.69339086261
1.71175239938
1.7311394597
1.75148108859
1.77268998364
1.79469251562
1.81738801221
1.84068839321
1.86448752
1.88866084257
1.91308444701
1.93763497366
1.96216899708
1.9865230188
2.01053356579
2.03403767245
2.05684399145
2.07876461091
2.09961717816
2.11919813508
2.13731662575
2.15378890319
2.16845303294
2.18114384685
2.1917283368
2.20010850481
2.20618615761
2.20993312498
2.21131290844
2.21035893366
2.20710368663
2.20161309686
2.19397515631
2.18428507027
2.17267804889
2.15927022023
2.14418189362
2.12755435645
2.10951762885
2.09020045192
2.06972551006
2.04820248141
2.02576158447
2.00248229038
1.97849108273
1.95386370597
1.92868885451
1.90305679961
1.87704514909
1.85071775712
1.82415110392
1.79740171175
1.77053054431
1.7436049281
1.71667193336
1.68978613712
1.66300793891
1.6363807496
1.60995528666
1.58378026266
1.5579063313
1.53238307674
1.50726087502
1.48259765622
1.45842932231
1.43481660533
1.41181225713
1.38946338652
1.36784119198
1.34698814189
1.32697043832
1.30784721041
1.28967079975
1.27251191099
1.25642344553
1.24147541472
1.22772979995
1.21522975171
1.20405047133
1.19424912816
1.18586154747
1.17895418034
1.17356197487
1.16972425237
1.1674811494
1.16684056904
1.16782752363
1.17045057085
1.17470805201
1.18058933041
1.18807341581
1.19712038476
1.20769711319
1.21975157058
1.23321194386
1.24801292592
1.26406041856
1.28125844049
1.29950852871
1.31869211566
1.33865962003
1.35928667397
1.38041093437
1.40186563965
1.42347514799
1.44505279763
1.46640500982
1.48733200578
1.50762271147
1.52709428647
1.54553369899
1.56276385765
1.57860627866
1.5929176209
1.60557010767
1.61644516671
1.62548911597
1.63264255734
1.6378865592
1.64122675749
1.64269258456
1.64232878454
1.64020021155
1.63637974549
1.63095268042
1.62400870221
1.6156383462
1.60593774025
1.59499700452
1.58290857733
1.5697595113
1.5556333329
1.54060816926
1.52476129311
1.50815955643
1.49087139618
1.47295473793
1.45446810382
1.43546393338
1.4159895081
1.39608923102
1.37580529929
1.3551762695
1.33423629483
1.31301853247
1.29155111065
1.26986380421
1.24798080159
1.22592694117
1.20372195359
1.18138680153
1.15894041404
1.13640038024
1.11378127466
1.0910998333
1.06836795636
1.04559983007
1.02280789323
1.00000216458
0.977193423087
0.95439390277
0.931610849452
0.908853791885
0.886132471198
0.863455762999
0.84083061385
0.818266216113
0.795771853565
0.773355088728
0.751026669901
0.728793954427
0.70666888774
0.684662785125
0.662787536915
0.641058595028
0.619490954981
0.598104832522
0.576922720468
0.555969617248
0.53527611096
0.514880918213
0.49482647902
0.475165074431
0.455959649511
0.437285005019
0.419229606836
0.401898212955
0.385412210549
0.369913309114
0.355560397752
0.342533998128
0.331022817805
0.321225611728
0.313334018073
0.307523090112
0.303928254196
0.302637823611
0.303674471893
0.306992892247
0.312483920488
0.319981940327
0.329284047224
0.34016566934
0.352393323403
0.365743874286
0.380010408391
0.395007657707
0.410575847958
0.426581321176
0.442914674575
0.459490243089
0.476240520642
0.493117769209
0.510086607361
0.527124103593
0.544217300401
0.56136004441
0.578551624297
0.595796557641
0.613099170724
0.630469321297
0.647915218303
0.665447418164
0.683072857906
0.700802612594
0.718643787127
0.736603032848
0.754687198505
0.772901979613
0.791248435553
0.80973160802
0.828352233141
0.847110431168
0.8660038521
0.885032877311
0.904192445458
0.923479226038
0.942887133682
0.962411309148
0.982042980972
1.00177593478
1.02159984127
1.04150440791
1.06147929984
1.08151312692
1.10159204093
1.12170334358
1.14183030826
1.16195833515
1.18206984089
1.20214696627
1.22216929648
1.24211614444
1.26196520134
1.28169313452
1.30127236492
1.32067740334
1.33987368733
1.35883986083
1.37753548208
1.39592985354
1.41396930111
1.43162663368
1.44886146688
1.46560336065
1.48182470692
1.49745687389
1.51245613379
1.52673661497
1.54025712787
1.55293341465
1.56468756099
1.57545743923
1.58514847698
1.59368325132
1.60097258548
1.60693667649
1.61147690563
1.61453693827
1.61600604331
1.61584100552
1.61397938125
1.61036345595
1.60497307815
1.59779970329
1.58886884884
1.57821406896
1.56592680164
1.55210858828
1.53688068515
1.52040972324
1.50287668457
1.48449219522
1.46547024452
1.44603520684
1.42640643081
1.4068379776
1.38753288866
1.36871370127
1.35057216375
1.33332190998
1.31711641416
1.30210964537
1.28844879615
1.27626180829
1.26564117454
1.25667216805
1.24942960735
1.24395503149
1.24030067134
1.23847513066
1.238483068
1.24032371266
1.2439653823
1.24938425042
1.25653739041
1.26537342728
1.27583361018
1.28785411565
1.30137563096
1.31632674142
1.33262344672
1.35020086733
1.36898317426
1.38890538876
1.40987432157
1.43183683009
1.45472181838
1.47845173552
1.50295970371
1.52820101295
1.55409470502
1.58059043887
1.60764120118
1.63518119685
1.66315736561
1.69151759051
1.72022114724
1.74920940131
1.77845322141
1.80788581017
1.83747005898
1.8671492742
1.89689574918
1.9266528205
1.95637220268
1.98601468092
2.01552098226
2.04483657471
2.07390856921
2.1027026411
2.131137418
2.159150487
2.18669446092
2.2136807443
2.24005746582
2.26572354583
2.29060426533
2.31461943632
2.33766530388
2.35964627817
2.38045256261
2.39998232512
2.41811155963
2.43472664906
2.44971885875
2.46294088635
2.47429835242
2.48366475874
2.4909358997
2.49601638044
2.49883294773
2.4993132264
2.49743914882
2.49320379052
2.48661968756
2.47776846463
2.46672290588
2.4536300136
2.43863182497
2.42191871608
2.4036941115
2.38417013986
2.36358271466
2.34216463449
2.32014834456
2.29776763932
2.27523333777
2.25274565409
2.2305060436
2.2087002707
2.18748771266
2.16702473674
2.14744162846
2.1288529781
2.11138821024
2.09513656221
2.08017441712
2.06657423061
2.05440504681
2.04371831865
2.03454865595
2.02692901692
2.02090514735
2.0164720631
2.01363861883
2.01241357449
2.01279908125
2.01477682087
2.0183303116
2.02343029512
2.0300633159
2.03819194524
2.04777366104
2.05879045662
2.07118745209
2.08491918379
2.09994011619
2.11620670676
2.13365728767
2.15225928652
2.1719536452
2.19267273626
2.21437632398
2.23700340283
2.26051095438
2.28482304844
2.30990550828
2.3356859579
2.36212325735
2.3891379208
2.41668576022
2.44472176532
2.47315785469
2.50194063584
2.53102745816
2.5603318726
2.58979673829
2.61935118728
2.64892323307
2.67843763664
2.70781547051
2.73698133338
2.76583979537
2.79429157797
2.82225140011
2.84960941849
2.87626079498
2.90207515328
2.92694961811
2.95073294322
2.97329550808
2.99450247762
3.01420747348
3.03225405281
3.04849245202
3.0627817772
3.07497306926
3.08494798712
3.09256644504
3.09774293666
3.10039543295
3.10049088681
3.0979984745
3.09293992143
3.08538568149
3.07540608325
3.06314965491
3.0487651747
3.03242704883
3.01434960647
2.99474759387
2.97384174114
2.95187170814
2.92906292918
2.90562522611
2.88178869039
2.85773805267
2.83367512005
2.80977256395
2.78619306374
2.76309075896
2.74059565355
2.71882869257
2.69791398001
2.67794328363
2.65900163577
2.6411791904
2.62454578121
2.60915675124
2.59507403718
2.5823464119
2.571003978
2.56109929083
2.55264090518
2.54566091411
2.54017014847
2.53617392351
2.53369705697
2.53272661614
2.53325890238
2.53528588449
2.53880933853
2.54379363391
2.55023052984
2.55809935184
2.56735751321
2.57799187682
2.58997020312
2.60324772138
2.61779121075
2.63357321934
2.65053641592
2.66864075229
2.68784515452
2.70810398152
2.72936030527
2.75156959932
2.7746730566
2.79862407535
2.8233664085
2.84883270344
2.87497182272
2.90171973957
2.92901270933
2.95677504699
2.98494200876
3.0134405201
3.04218447829
3.07110531585
3.10010161268
3.12908698261
3.15796475056
3.18662866994
3.21496923155
3.24285214172
3.27018134575
3.29680702765
3.3225815194
3.3473554904
3.37098634177
3.39330556175
3.41414291276
3.43332764059
3.45069180661
3.46605959393
3.47928451189
3.49020954871
3.49869808606
3.50465474476
3.50799289636
3.50865885063
3.50663780173
3.50195667147
3.49468075972
3.4848847826
3.47273078937
3.45836069043
3.44195413898
3.4237264223
3.40388247186
3.38264810562
3.36024008926
3.33688292056
3.31278763434
3.28815980636
3.26319264414
3.23805600977
3.21293943558
3.1879841601
3.16333065428
3.13912380284
3.11548447108
3.09251340205
3.07031076064
3.04898282672
3.02858731365
3.00921740615
2.99093658061
2.97381222747
2.95787230193
2.94319610564
2.92980732299
2.91773906614
2.90704917202
2.89772936997
2.88983358501
2.88335213737
2.87832239422
2.87474365656
2.87261351923
2.87196029729
2.87274653947
2.8749981294
2.87868798375
2.88379954388
2.89033494393
2.89827113531
2.90757291628
2.91822897823
2.93021642674
2.94348684092
2.958020701
2.97377355607
2.99071598938
3.00880719408
3.02799495562
3.048237186
3.06948622046
3.09169446676
3.11480766696
3.13875480217
3.16349390848
3.1889511056
3.21505978657
3.2417518887
3.26894611754
3.29656252115
3.32451343903
3.35270759773
3.38104522828
3.40943039666
3.4377363559
3.46584595141
3.49363919475
3.52096396369
3.54768159399
3.57363101117
3.59865619498
3.62257038003
3.64519353147
3.66635874382
3.68586497804
3.70351724636
3.71915649444
3.7325966515
3.74367252828
3.75227362746
3.75826674841
3.7615773668
3.76215818431
3.76000717754
3.7551585321
3.74766513865
3.7376444125
3.72523576986
3.71059914625
3.69390650703
3.6753725713
3.6552059744
3.63360481052
3.610794318
3.58698567614
3.56236852984
3.5371454375
3.51149887343
3.48560031325
3.45960214184
3.43365780323
3.40789945039
3.38247082279
3.35747117006
3.33300305996
3.30918863328
3.28609622961
3.26381825193
3.24243017205
3.22199374927
3.20257967658
3.18424554373
3.16703422499
3.15100529662
3.13619955366
3.12265550901
3.11039800353
3.09946965199
3.08989206874
3.08169308168
3.07488240014
3.06947985581
3.06550290354
3.06295062672
3.06183221264
3.06215509695
3.06391493554
3.06709735805
3.07170707336
3.07772971539
3.08515091822
3.0939469691
3.10410349823
3.11559669817
3.12839378509
3.1424782062
3.15780293623
3.17433041397
3.19203965297
3.2108691205
3.23078232403
3.25172919718
3.2736471404
3.29648755264
3.32018891684
3.34468470033
3.36989382037
3.39574905978
3.42216767479
3.44906012668
3.47632186443
3.50385770948
3.53155641589
3.55929742869
3.58694169622
3.61435901573
3.64139972686
3.66790368793
3.6936925986
3.71859536051
3.74242433203
3.76497561627
3.78606815271
3.80548294884
3.82302173211
3.83851199215
3.85175663133
3.86260488529
3.87092002813
3.87659481997
3.87954647422
3.8797481044
3.87720241637
3.87194101361
3.86406150388
3.8536564355
3.84087641133
3.82587630833
3.80884847029
3.78998724885
3.76949420688
3.74757257761
3.72441443429
3.70022657072
3.67519846476
3.6495011361
3.6233256785
3.59681252394
3.57011219983
3.54338438249
3.51673903659
3.49030655781
3.46419854839
3.43850821596
3.41335098472
3.38879522689
3.36492325623
3.34183027799
3.31956725765
3.29820885995
3.2778157015
3.25843391848
3.24012514448
3.22293718647
3.20691436691
3.19208727298
3.17851288675
3.16619505229
3.1551940984
3.14551731039
3.13720865592
3.13025904302
3.12471593176
3.12057404985
3.11785446731
3.11656525619
3.11671140262
3.11828452136
3.12129294258
3.12573175216
3.13158287948
3.13884462641
3.14750198396
3.15753684835
3.16891734788
3.18162788461
3.19563932978
3.2109191472
3.22742063594
3.24511276176
3.26395081617
3.28387539722
3.30484216317
3.32679157841
3.34965921039
3.37336449021
3.39784047212
3.42300330863
3.44876157917
3.47500650506
3.50163982096
3.52853418284
3.55558185717
3.58262559897
3.60951638493
3.63611344418
3.66222550891
3.68768023145
3.71227484795
3.73582790194
3.75811161967
3.77891475828
3.798045261
3.8152768241
3.83042237728
3.84329103381
3.85373309084
3.86161652259
3.86684135194
3.86933380571
3.86907847646
3.86608888652
3.86040638089
3.85212725245
3.84136856807
3.82826316289
3.81298387707
3.79570836837
3.77661337033
3.75590017831
3.73376041506
3.71037317799
3.68593202906
3.66061320501
3.63458488017
3.60799592527
3.58099596111
3.55374495253
3.52635391193
3.4989550377
3.47165233643
3.44456176076
3.41778254071
3.39139682173
3.36550097412
3.34017568215
3.31548651486
3.2915143741
3.26832594405
3.24597371501
3.22452679238
3.20403045759
3.18454695979
3.16612546867
3.14880209168
3.13263002818
3.11764972559
3.1038889419
3.09139244873
3.08019235518
3.07030800178
3.06177584193
3.05460950985
3.04883970823
3.04448396891
3.04154683442
3.0400498232
3.03999112733
3.04138537518
3.04423398118
3.04852507393
3.05425272927
3.06142753521
3.0700162576
3.08000167025
3.09138221673
3.10410279049
3.11816287102
3.13349822424
3.15009889522
3.1679004272
3.18685254182
3.20691888719
3.22800748985
3.2500689373
3.27302679122
3.29679667415
3.3212758351
3.34636215131
3.37195352272
3.39792733209
3.42413977693
3.45044507427
3.47670506697
3.50271953333
3.52833559035
3.55332892903
3.57752453646
3.60067915401
3.62260321894
3.64305510443
3.66181507229
3.67868053451
3.693441939
3.70592854955
3.71597480383
3.72346505053
3.72829819335
3.7304306794
3.7298472168
3.72655089623
3.72063002834
3.71214552197
3.70124538492
3.68804014028
3.67271668672
3.65541415427
3.63632785261
3.61563603633
3.59350635973
3.57011308965
3.54563458145
3.52022308966
3.49404228385
3.46722864583
3.43992936752
3.41226430094
3.38436440022
3.35632410807
3.32827951109
3.30030130986
3.27251295432
3.24497382066
3.21778656249
3.1910207726
3.16476058008
3.13906725133
3.11401773765
3.08965681366
3.06607532243
3.04330256887
3.02141414367
3.00045431774
2.98048418503
2.96154338242
2.94368893457
2.92694614143
2.91137765414
2.89702418017
2.88391435083
2.87208391949
2.86156684152
2.85240402365
2.84461386662
2.83822196832
2.8332608075
2.82974017658
2.82767586642
2.82708081881
2.82797416017
2.8303512119
2.83422317807
2.83956753084
2.84639675641
2.85468938286
2.86443871951
2.87560326921
2.88817601091
2.90211457061
2.9173903672
2.93393869853
2.95172803105
2.97068961115
2.99076673972
3.0118647785
3.0339195483
3.05682759191
3.08048484076
3.10477596432
3.12957375415
3.15474840564
3.18013709343
3.20557332863
3.23087727545
3.25585579686
3.28031358439
3.30401489721
3.32675552546
3.34829637783
3.36840744912
3.38686316428
3.4034471753
3.41795952602
3.43023166549
3.44009282877
3.44744418141
3.45218269435
3.45428276915
3.45372626344
3.45054078722
3.44478715309
3.43655516446
3.42595781323
3.41312750745
3.39821057079
3.38136214317
3.36274217857
3.34251257018
3.3208334529
3.29786162875
3.27374883341
3.24863992282
3.22268363527
3.19599189464
3.16869885172
3.14091164062
3.11275986652
3.08433812935
3.05574454573
3.02707176877
2.99839777385
2.96982476686
2.94141302897
2.91324724222
2.88540872884
2.8579486336
2.83094239412
2.804445931
2.77853997146
2.75327617775
2.72870382587
2.70489062602
2.68189246032
2.65976419988
2.6385511174
2.61832354026
2.59911467541
2.58098373195
2.56397971697
2.5481396331
2.53352860789
2.52017075728
2.50810817396
2.4973993204
2.48806188135
2.48014001299
2.47365577564
2.46865560591
2.46514589413
2.46314686609
2.46269468646
2.46378241817
2.46641747532
2.47061175858
2.47636269191
2.48366149625
2.49248342828
2.50280724153
2.51462405623
2.5278691946
2.54252808858
2.5585293854
2.57581212071
2.59431546664
2.61395839623
2.63463890067
2.65625346645
2.6786951043
2.70183395506
2.72551637159
2.74958393533
2.77387337554
2.7981971777
2.82233419284
2.84609950403
2.8692387149
2.89153920181
2.91275421761
2.93265734604
2.95100918529
2.96760115133
2.9822141855
2.99469132823
3.00488505656
3.01266172004
3.01796185303
3.02074181121
3.02097535306
3.01870646141
3.01398074263
3.0068787902
2.99750094921
2.9859734485
2.97240594576
2.9569525349
2.93974273288
2.92092587653
2.90062247911
2.87897640815
2.85612830936
2.83218462401
2.80728343265
2.78152924992
2.75502096914
2.72787694227
2.7001872907
2.67203542932
2.6435154076
2.61469527544
2.58566913392
2.55650752394
2.52726749688
2.4980334271
2.46885420213
2.43980720948
2.4109427951
2.38233265347
2.35403038229
2.32608656745
2.29856719582
2.27153786865
2.24503165445
2.21913024187
2.19387501285
2.16933137789
2.14555753617
2.12260313545
2.10053464109
2.07940508449
2.05927581454
2.04020218168
2.02224819614
2.00546273216
1.98989737546
1.97562135448
1.96268873962
1.95114313298
1.94103757779
1.93241055371
1.92531503779
1.91978429369
1.91585876115
1.91356237463
1.91292397967
1.91394677412
1.91664990015
1.92104021078
1.92710695589
1.93483969722
1.94419570535
1.95515801559
1.96767560484
1.98168255012
1.99712582916
2.01389985072
2.03192568089
2.05107319529
2.07122957501
2.09224171678
2.11396494587
2.13621108642
2.15878423633
2.18149694011
2.20411226688
2.22640544542
2.24814329267
2.26908535167
2.28898800373
2.30762374313
2.32476018067
2.34020559669
2.35378854825
2.36534790657
2.37477622574
2.38199575292
2.38693807174
2.38960479035
2.39000273674
2.38816172824
2.38413585056
2.37802291267
2.36989433
2.35986488157
2.34803433711
2.33452115087
2.31942232507
2.30284830227
2.28491405097
2.26573094136
2.24537764887
2.22396365802
2.20157979441
2.17829628485
2.15420727925
2.12937544602
2.10388455653
2.07778896797
2.05116375961
2.02404841126
1.99651269878
1.96861568649
1.94037993309
1.91187591627
1.88314478341
1.85422525237
1.82516694222
1.79600090532
1.76677221358
1.73753251954
1.70830802097
1.67914650177
1.65008868348
1.62116892729
1.5924353263
1.56393723843
1.53570836865
1.50780113212
1.48027086105
1.45316167819
1.42653368019
1.4004411929
1.37494581969
1.35010391609
1.32599297435
1.31020110288
