metodo_3_dt_1:4
5.24808470314e-07
0.00557920974226
0.0111581551715
0.0167371882903
0.0223163232066
0.0278954881036
0.0334745681724
0.0390534507044
0.0446320212623
0.0502102433855
0.0557880347984
0.0613653549122
0.0669422684906
0.0725188300623
0.078095135327
0.0836712503756
0.0892472463637
0.0948232387865
0.100399321113
0.10597547181
0.111551694644
0.11712790655
0.122704045243
0.128280008313
0.133855645264
0.139430865275
0.145005657968
0.15058000893
0.156153954488
0.16172752676
0.167300788817
0.172873894995
0.178446912054
0.184019909096
0.189592942311
0.195166050527
0.20073923582
0.206312443293
0.211885511667
0.217458369311
0.223030914798
0.228603065211
0.234174769735
0.239745993436
0.245316787272
0.250887248346
0.256457422518
0.262027385558
0.267597247842
0.273167086163
0.278737006625
0.284306984545
0.289876990316
0.295446990119
0.301016899189
0.30658658052
0.31215592895
0.317724829594
0.323293293894
0.328861319436
0.334428896749
0.339996096713
0.345563003009
0.351129726226
0.356696366213
0.362262965989
0.367829582408
0.373396292716
0.378963045224
0.384529786744
0.390096382079
0.395662729608
0.401228759033
0.406794377814
0.412359501184
0.417924158266
0.423488378569
0.429052246984
0.434615831585
0.440179179849
0.445742429704
0.451305674393
0.456868957899
0.462432291191
0.467995645352
0.473558961669
0.479122185711
0.484685139455
0.490247725727
0.495809875499
0.501371561898
0.506932791987
0.512493573131
0.518053944879
0.52361404498
0.529173957801
0.534733752435
0.540293514995
0.545853283874
0.551413131034
0.556973018617
0.562532841519
0.568092503857
0.573651919505
0.579210969824
0.584769598325
0.59032771016
0.595885334958
0.601442540392
0.606999368388
0.612555887606
0.618112188736
0.623668369083
0.629224547978
0.634780754088
0.640336967178
0.645893208291
0.651449396474
0.657005445756
0.662561212606
0.668116575802
0.673671490036
0.679225946986
0.684779898097
0.690333397043
0.695886492873
0.701439296447
0.706991918441
0.712544402343
0.718096830492
0.723649288998
0.729201793785
0.734754312556
0.740306754967
0.745858996127
0.751410988598
0.756962595955
0.762513730179
0.768064353201
0.773614481423
0.779164170518
0.784713488649
0.790262462793
0.795811225552
0.801359883708
0.80690850578
0.812457147481
0.818005788932
0.823554428478
0.829103021106
0.834651431393
0.840199521491
0.8457472149
0.851294429261
0.856841175008
0.862387405934
0.867933151656
0.873478513458
0.879023584967
0.884568439144
0.890113167028
0.895657823329
0.901202506319
0.906747237367
0.912291933349
0.917836538033
0.923380942347
0.928925054104
0.934468771147
0.940011988219
0.945554668479
0.951096875826
0.956638616743
0.962179967322
0.967720983735
0.973261771396
0.9788024623
0.984343112883
0.989883738078
0.995424377039
1.00096499974
1.00650553936
1.0120458831
1.01758586563
1.02312543892
1.02866453871
1.03420312191
1.03974118282
1.04527876154
1.05081593447
1.05635283185
1.06188948602
1.06742599405
1.07296245139
1.0784989132
1.08403540049
1.0895718429
1.09510814849
1.10064425742
1.10618005183
1.11171539881
1.11725024525
1.12278454017
1.12831834667
1.13385169053
1.13938460655
1.14491718963
1.15044956321
1.15598180559
1.16151400787
1.1670461691
1.17257832087
1.17811046447
1.18364248633
1.18917427014
1.19470569519
1.20023667653
1.20576717638
1.2112971455
1.21682655236
1.22235549614
1.22788403302
1.23341226499
1.23894026005
1.2444680931
1.24999587257
1.2555236683
1.26105143903
1.26657915533
1.27210672932
1.27763406969
1.28316108585
1.28868762304
1.29421362821
1.2997391032
1.30526406348
1.31078854237
1.31631259971
1.32183630238
1.32735981301
1.33288318722
1.33840648246
1.34392974812
1.34945299707
1.35497620671
1.36049928822
1.36602208267
1.37154450875
1.37706649373
1.38258795279
1.38810887142
1.39362922445
1.39914909431
1.40466857623
1.41018772916
1.41570662288
1.42122537884
1.42674406062
1.43226274997
1.43778140125
1.44329995736
1.44881837505
1.45433654336
1.45985433251
1.46537164112
1.47088839416
1.47640460638
1.48192030785
1.48743548773
1.49295024587
1.49846466568
1.5039788662
1.5094929326
1.51500690452
1.52052082207
1.52603474156
1.53154858272
1.5370622599
1.54257564254
1.54808862346
1.55360115449
1.55911314469
1.56462454639
1.57013539975
1.5756457656
1.58115571797
1.5866653465
1.59217469288
1.59768390331
1.6031930526
1.60870216614
1.61421122955
1.61972019321
1.62522898042
1.63073751644
1.63624563155
1.64175323316
1.64726029293
1.65276678777
1.6582727521
1.66377819636
1.6692831919
1.67478786993
1.68029232565
1.68579660851
1.69130081012
1.69680494723
1.70230906729
1.7078131029
1.71331692666
1.7188204405
1.72432355785
1.72982617803
1.73532825061
1.74082971943
1.74633062185
1.75183105684
1.75733105576
1.76283070756
1.76833009905
1.77382933787
1.77932851458
1.7848276468
1.79032668601
1.79582563699
1.80132439482
1.80682285513
1.81232088557
1.81781837676
1.82331531322
1.8288116945
1.83430750019
1.83980278681
1.84529763601
1.85079214714
1.8562864436
1.86178054962
1.86727455275
1.87276851432
1.87826242887
1.88375622589
1.88924980436
1.89474303377
1.90023586649
1.90572818134
1.91121990163
1.91671102751
1.92220158395
1.92769164908
1.93318128618
1.93867054615
1.94415955067
1.94964841863
1.95513718633
1.96062590171
1.96611451501
1.97160300892
1.97709131018
1.98257927298
1.98806676471
1.99355372994
1.99904011043
2.00452592251
2.01001115032
2.01549583032
2.02098009141
2.02646401484
2.03194768483
2.03743117699
2.04291455337
2.04839787625
2.05388115211
2.05936425919
2.06484713343
2.07032965752
2.07581174262
2.08129329811
2.08677423878
2.09225455888
2.09773433486
2.10321359208
2.10869240112
2.11417084654
2.11964902226
2.12512706601
2.13060500344
2.13608284562
2.14156059903
2.14703822003
2.1525156057
2.15799264464
2.1634691758
2.16894517126
2.17442058785
2.17989539423
2.1853696102
2.1908432887
2.19631652685
2.20178944403
2.20726208506
2.21273452978
2.21820688342
2.22367916106
2.22915136633
2.23462339417
2.24009515023
2.24556655811
2.25103750939
2.25650787912
2.26197764313
2.26744677566
2.27291534982
2.27838341032
2.28385099303
2.28931821385
2.29478518737
2.30025199442
2.30571869481
2.31118528758
2.31665176646
2.32211812115
2.32758420014
2.33304989177
2.3385150813
2.34397970706
2.34944374128
2.35490715649
2.36036994367
2.36583221655
2.3712940462
2.37675552433
2.38221673382
2.38767773478
2.39313863659
2.39859947103
2.40406018202
2.40952070233
2.41498094714
2.42044080315
2.4259001935
2.43135897134
2.4368171156
2.44227464922
2.44773160051
2.45318801376
2.45864396088
2.464099525
2.46955485641
2.47501001267
2.480465023
2.48591993675
2.49137472715
2.49682935604
2.50228370112
2.50773761479
2.51319101409
2.51864385573
2.52409606042
2.52954763976
2.53499858974
2.54044900862
2.54589900045
2.55134862003
2.55679794692
2.56224709411
2.56769612037
2.57314506541
2.57859387468
2.58404245486
2.58949076344
2.59493866652
2.60038605167
2.60583282698
2.61127895358
2.61672445607
2.62216938565
2.62761373992
2.63305763265
2.63850116041
2.64394443127
2.64938752747
2.65483046727
2.66027328556
2.6657159998
2.67115851329
2.67660070588
2.68204246691
2.68748368451
2.69292433679
2.69836433946
2.70380367713
2.70924240511
2.71468060299
2.720118345
2.72555572647
2.73099279548
2.73642968719
2.74186646929
2.74730312817
2.75273963706
2.75817591504
2.7636118829
2.76904744228
2.77448244616
2.77991680881
2.78535054272
2.79078362795
2.79621612023
2.80164804078
2.80707947929
2.81251056875
2.81794139924
2.82337201325
2.82880248684
2.83423282624
2.83966303699
2.84509303798
2.8505226721
2.85595185783
2.86138050606
2.86680854265
2.87223592099
2.87766262462
2.88308869912
2.88851426479
2.89393934898
2.89936405024
2.90478846126
2.91021267984
2.91563677846
2.92106074571
2.92648451883
2.93190807114
2.93733129357
2.94275405908
2.9481762637
2.95359780529
2.95901870471
2.9644389651
2.96985859198
2.9752776468
2.98069623651
2.98611445405
2.99153242092
2.99695015333
3.00236772622
3.00778518557
3.01320248596
3.01861953835
3.02403622291
3.02945242362
3.03486808561
3.04028311843
3.04569745062
3.05111112368
3.05652416674
3.06193667811
3.06734871796
3.07276035292
3.07817170032
3.08358287565
3.0889938909
3.09440476845
3.09981544411
3.10522587021
3.11063596509
3.11604556631
3.1214545686
3.12686292804
3.13227061922
3.13767765646
3.14308405884
3.14848986538
3.15389522785
3.15930021744
3.16470492079
3.17010940325
3.17551371793
3.18091790041
3.1863219255
3.19172565096
3.19712899576
3.20253185741
3.20793414023
3.21333578184
3.21873670786
3.22413695186
3.22953659147
3.23493567312
3.24033426046
3.24573246289
3.25113036227
3.25652809029
3.26192564855
3.26732302883
3.27272021574
3.27811713948
3.2835136831
3.28890972818
3.29430513978
3.29969989867
3.30509399561
3.31048739779
3.31588015882
3.32127233661
3.32666404942
3.3320554011
3.33744644588
3.34283724846
3.34822790988
3.35361841003
3.35900872319
3.36439872749
3.36978831631
3.37517741855
3.38056592644
3.38595374235
3.3913408563
3.39672727944
3.40211308173
3.40749833357
3.41288306412
3.4182674123
3.4236514798
3.42903534234
3.43441902985
3.4398025317
3.4451858123
3.45056883828
3.45595144157
3.46133350975
3.46671495523
3.47209572498
3.47747581726
3.48285521255
3.48823393513
3.49361209928
3.49898979788
3.50436710483
3.50974411785
3.51512087833
3.52049748934
3.52587394578
3.53125016769
3.53662606505
3.54200155039
3.54737650832
3.55275086582
3.55812450489
3.56349742128
3.56886967054
3.57424127736
3.57961230953
3.58498283922
3.59035296988
3.59572283007
3.60109247914
3.60646191419
3.6118311767
3.61720020546
3.62256894143
3.62793724605
3.63330497812
3.63867207349
3.64403850462
3.64940421252
3.65476921894
3.66013355543
3.66549731862
3.6708606298
3.67622352874
3.68158611085
3.68694846968
3.69231065518
3.69767266324
3.70303442753
3.70839582737
3.71375681741
3.71911726015
3.72447705333
3.72983613109
3.7351944755
3.74055213503
3.74590916361
3.75126558057
3.75662149916
3.76197703821
3.76733227977
3.77268730669
3.77804210888
3.78339671377
3.78875109818
3.79410514921
3.79945872804
3.80481174164
3.81016408853
3.8155157624
3.82086670175
3.82621690634
3.83156645959
3.83691544279
3.84226394326
3.84761204591
3.85295981445
3.85830735953
3.8636547429
3.86900190411
3.87434880691
3.87969534532
3.88504143809
3.89038697695
3.89573183603
3.90107595133
3.90641936029
3.91176205884
3.91710410859
3.92244555623
3.92778649099
3.93312705928
3.93846733066
3.94380734795
3.94914715749
3.95448675886
3.95982611148
3.96516512482
3.97050362201
3.97584154177
3.98117880396
3.98651535169
3.99185115544
3.99718622508
4.0025206258
4.00785447964
4.0131878254
4.01852075523
4.02385337705
4.02918576001
4.03451796593
4.03984994356
4.04518162134
4.05051294114
4.05584379787
4.06117405126
4.06650362519
4.07183243559
4.07716052872
4.08248792039
4.08781462654
4.09314072851
4.09846634043
4.10379155944
4.10911648665
4.1144411426
4.11976557175
4.12508980968
4.13041376323
4.13573733709
4.14106039628
4.14638284494
4.15170462877
4.15702568533
4.16234595577
4.16766551038
4.17298439354
4.17830270703
4.18362052035
4.18893789899
4.19425496854
4.19957181954
4.20488844836
4.21020483856
4.21552092341
4.22083661887
4.22615184648
4.23146643436
4.23678030994
4.24209344357
4.24740583573
4.25271750731
4.25802850014
4.26333886564
4.26864876209
4.27395826389
4.27926744047
4.28457635816
4.28988504273
4.29519351329
4.30050170017
4.30580945697
4.31111668708
4.31642331357
4.32172923459
4.32703441873
4.33233880778
4.33764246509
4.34294547454
4.34824789237
4.35354978804
4.35885127738
4.36415244099
4.36945338515
4.37475409908
4.38005453722
4.38535467688
4.39065441552
4.39595363846
4.4012522199
4.40655006206
4.41184715378
4.4171435159
4.42243911697
4.42773403821
4.43302834949
4.43832217398
4.44361561085
4.4489087081
4.45420152553
4.45949413739
4.46478650167
4.47007855118
4.47537016524
4.48066121975
4.48595166555
4.49124139311
4.49653033729
4.50181850063
4.50710592857
4.51239268894
4.51767886788
4.52296449739
4.52824972548
4.53353464804
4.53881931542
4.54410374097
4.54938788702
4.55467170267
4.5599551211
4.56523798056
4.57052016394
4.57580162226
4.58108230555
4.58636224212
4.59164141778
4.59691988578
4.6021977641
4.60747515767
4.61275212866
4.61802877444
4.62330512812
4.6285812657
4.63385715655
4.63913268426
4.64440775857
4.64968228083
4.65495615124
4.66022929541
4.6655016363
4.67077317795
4.67604400861
4.68131414841
4.68658368563
4.69185269475
4.69712128862
4.70238958086
4.70765761563
4.71292536726
4.71819285306
4.72345999473
4.72872670073
4.73399283926
4.73925827053
4.74452296549
4.74978690028
4.75505004464
4.76031242554
4.76557411106
4.77083519169
4.77609580154
4.78135597044
4.78661579717
4.79187535992
4.79713468354
4.80239373295
4.80765241646
4.81291060734
4.81816824971
4.82342522366
4.82868142651
4.83393683322
4.83919143619
4.8444453122
4.84969850972
4.85495107312
4.86020311386
4.86545476436
4.87070608171
4.8759571383
4.88120790306
4.88645837895
4.89170851753
4.8969581821
4.90220723864
4.90745560147
4.91270319824
4.91795002546
4.92319605525
4.92844129091
4.93368585044
4.93892980909
4.94417326582
4.94941629383
4.95465896649
4.9599013696
4.96514354376
4.97038539261
4.97562686143
4.98086783781
4.9861082288
4.99134793957
4.99658685512
5.00182494753
5.00706226325
5.01229882523
5.01753468966
5.02276993366
5.02800463926
5.033238965
5.03847295596
5.04370664668
5.04894005753
5.05417317036
5.0594059101
5.06463817013
5.0698697785
5.07510068452
5.0803308337
5.08556017229
5.09078870382
5.09601644922
5.1012435011
5.10646997208
5.11169591903
5.11692141996
5.12214659447
5.12737148009
5.13259611959
5.13782042728
5.14304431669
5.14826771652
5.1534905188
5.15871259057
5.16393387334
5.16915431835
5.17437397866
5.17959289486
5.18481108096
5.19002864856
5.19524570528
5.20046235531
5.2056786731
5.21089468066
5.2161103882
5.22132581424
5.2265408293
5.23175532848
5.23696918084
5.2421823036
5.24739466067
5.25260620208
5.25781689704
5.26302682862
5.26823606795
5.27344470383
5.27865282523
5.28386048628
5.28906782109
5.29427488477
5.29948165619
5.3046880828
5.30989409189
5.31509957562
5.32030445697
5.32550857404
5.33071187545
5.33591436036
5.34111603878
5.34631695193
5.35151714726
5.35671670156
5.36191576405
5.3671144185
5.37231270451
5.37751069192
5.38270837168
5.38790574322
5.39310269838
5.39829909018
5.40349482152
5.40868983409
5.41388403541
5.41907741318
5.42426993927
5.42946168777
5.4346527625
5.43984321356
5.44503312767
5.45022261091
5.45541174882
5.46060060855
5.46578916834
5.47097734286
5.47616510559
5.48135232953
5.4865389033
5.4917247099
5.49690968171
5.50209382651
5.50727717882
5.51245972434
5.51764155543
5.52282276589
5.52800346555
5.53318376071
5.53836367743
5.54354327503
5.54872258882
5.55390156005
5.55908008131
5.56425803967
5.5694353052
5.57461184946
5.57978757191
5.58496243026
5.59013645261
5.59530970174
5.60048225518
5.60565419858
5.61082558199
5.61599654291
5.62116717875
5.62633749869
5.63150750743
5.63667713161
5.64184631221
5.64701495434
5.65218291023
5.65735006717
5.66251641046
5.66768190253
5.67284658871
5.67801047175
5.6831736187
5.68833616433
5.6934982058
5.69865980577
5.70382104367
5.70898195288
5.71414256449
5.71930283148
5.72446260011
5.72962179122
5.73478029869
5.73993804213
5.74509495385
5.75025099112
5.75540617319
5.76056060724
5.76571432104
5.77086740652
5.77601995351
5.78117206497
5.78632384936
5.79147531556
5.79662642611
5.80177716299
5.80692744253
5.81207713983
5.81722614304
5.82237431911
5.82752167252
5.83266818629
5.83781385195
5.84295871087
5.84810285258
5.853246372
5.85838939934
5.86353196727
5.86867415686
5.87381604096
5.87895760154
5.88409878531
5.88923946866
5.89437953588
5.89951892065
5.9046575282
5.90979525791
5.91493212488
5.92006813484
5.92520338142
5.93033791698
5.93547179914
5.94060514789
5.94573808865
5.95087066519
5.95600292046
5.96113481417
5.96626630964
5.9713973507
5.97652777401
5.98165746632
5.98678634843
5.99191438263
5.99704156701
6.00216790355
6.00729340445
6.01241821249
6.01754240366
6.02266607336
6.02778929558
6.03291213392
6.03803465783
6.04315686736
6.04827864834
6.05339991845
6.05852057699
6.06364051551
6.06875966709
6.07387792437
6.0789952973
6.08411183985
6.08922759753
6.09434262492
6.09945701963
6.10457086506
6.10968431409
6.11479739583
6.1199101178
6.12502248813
6.13013445411
6.13524592452
6.1403567717
6.14546684981
6.15057611122
6.15568453523
6.16079206697
6.16589874529
6.1710045998
6.17610974431
6.1812142866
6.18631829054
6.19142182679
6.19652500859
6.2016278513
6.2067303593
6.21183242941
6.21693395088
6.22203486079
6.22713503968
6.23223437931
6.23733283246
6.24243039224
6.24752710969
6.25262305108
6.25771823002
6.2628127817
6.2679068091
6.27300041064
6.27809364192
6.28318650814
6.28827899611
6.29337109291
6.29846265396
6.30355355642
6.3086436959
6.31373299387
6.31882144458
6.3239090001
6.32899566557
6.33408153106
6.33916669221
6.34425122364
6.3493352291
6.35441875525
6.35950192783
6.36458477283
6.3696672378
6.37474925066
6.37983072097
6.38491154028
6.38999162534
6.39507084377
6.40014915313
6.4052265928
6.41030317146
6.41537895524
6.42045399236
6.4255283854
6.43060227191
6.43567573503
6.44074878864
6.44582149321
6.45089381264
6.45596571253
6.46103706851
6.46610772684
6.47117761102
6.47624666848
6.48131483353
6.48638210019
6.49144847955
6.49651404508
6.50157892565
6.50664315938
6.51170684787
6.51677008613
6.52183295436
6.52689548193
6.53195762396
6.53701927121
6.54208038418
6.54714083177
6.5522004974
6.5572592952
6.56231717298
6.56737416857
6.57243031613
6.57748563021
6.58254020299
6.58759415446
6.59264757507
6.59770057516
6.60275315595
6.60780536572
6.61285720693
6.61790859472
6.62295939927
6.62800951001
6.63305881365
6.63810728832
6.64315485892
6.64820149227
6.65324725544
6.65829221151
6.66333645593
6.66838006563
6.67342311221
6.67846571305
6.68350796123
6.68854982502
6.6935912927
6.69863226465
6.70367266881
6.70871240306
6.71375132557
6.71878934749
6.72382647426
6.72886269527
6.73389805479
6.7389325865
6.74396635876
6.74899952954
6.75403217541
6.75906436251
6.76409614669
6.76912755485
6.77415857283
6.779189135
6.78421906716
6.78924829626
6.79427672736
6.7993042897
6.80433093947
6.80935665107
6.81438147362
6.8194055166
6.82442882701
6.82945148608
6.83447360754
6.83949527218
6.84451658086
6.84953750133
6.85455798433
6.85957798202
6.86459740237
6.86961610479
6.8746339947
6.87965096233
6.88466702936
6.88968220112
6.89469647528
6.89970992117
6.90472263188
6.90973471875
6.91474629278
6.91975739449
6.9247680752
6.9297784029
6.93478831203
6.93979773161
6.94480651875
6.94981456998
6.95482182169
6.95982819503
6.96483360853
6.9698381021
6.97484170645
6.97984451349
6.98484659564
6.98984800703
6.99484888435
6.99984932928
7.00484937781
7.00984903176
7.01484824378
7.01984693954
7.02484505936
7.02984242481
7.03483894274
7.03983455484
7.04482924524
7.0498230247
7.05481591013
7.05980793881
7.06479925825
7.06978995654
7.07478010923
7.07976980164
7.08475906916
7.08974796805
7.09473645142
7.09972439531
7.10471169443
7.10969826483
7.11468399441
7.11966883913
7.12465271022
7.12963564306
7.13461771157
7.13959896545
7.14457947234
7.14955933398
7.154538647
7.15951753665
7.16449602485
7.16947407962
7.17445170378
7.17942880483
7.18440528618
7.18938100875
7.19435585575
7.19932978956
7.20430281603
7.20927489028
7.21424607169
7.21921641135
7.22418602748
7.22915503596
7.23412348783
7.23909145865
7.2440590361
7.24902622027
7.25399296471
7.25895916325
7.26392468269
7.26888947627
7.27385341828
7.27881642771
7.28377847556
7.28873958499
7.29369981393
7.29865924139
7.30361789375
7.30857591034
7.31353340197
7.31849044092
7.32344707354
7.32840327009
7.33335900673
7.338314231
7.34326879714
7.34822256775
7.3531754746
7.35812744498
7.3630784982
7.36802859563
7.37297776966
7.37792612491
7.38287376451
7.38782076271
7.39276721995
7.39771318539
7.4026587537
7.40760393402
7.41254862838
7.4174927607
7.42243621967
7.4273789116
7.43232074648
7.43726162639
7.44220152048
7.44714050267
7.45207858359
7.45701584371
7.4619523442
7.46688819654
7.47182353514
7.47675842235
7.4816928599
7.48662687817
7.49156042689
7.49649342836
7.50142576285
7.50635726728
7.51128789746
7.51621760495
7.5211463529
7.52607414175
7.53100101659
7.53592705636
7.54085240183
7.5457770884
7.55070121683
7.55562488187
7.56054813499
7.56547097962
7.57039333435
7.5753150863
7.58023617403
7.58515648116
7.59007588392
7.59499433767
7.59991180015
7.60482833896
7.60974398943
7.61465878882
7.61957283451
7.62448626013
7.62939914514
7.63431158405
7.63922356446
7.64413510498
7.64904619014
7.65395669624
7.65886649496
7.66377547367
7.66868355089
7.67359070232
7.6784968868
7.68340207731
7.68830637737
7.69320984963
7.69811260122
7.70301470683
7.70791624435
7.71281731783
7.71771799666
7.72261822033
7.7275179445
7.73241706485
7.73731548745
7.7422131236
7.74710982972
7.75200555594
7.7569003182
7.76179413565
7.76668704709
7.77157911803
7.77647041838
7.7813611182
7.78625127817
7.79114095389
7.7960301849
7.80091897196
7.80580727181
7.81069498948
7.81558195406
7.82046808962
7.82535333195
7.83023760855
7.83512090995
7.84000321919
7.84488461976
7.84976521708
7.85464507474
7.85952426562
7.86440291767
7.86928109099
7.87415886134
7.87903616767
7.88391293562
7.8887891063
7.89366456971
7.89853919465
7.90341289365
7.90828559574
7.91315732651
7.91802812347
7.92289798105
7.9277670004
7.93263527433
7.93750292639
7.94237004707
7.94723667425
7.952102835
7.95696857624
7.96183379797
7.96669840317
7.97156225519
7.97642525231
7.98128735265
7.9861484811
7.99100859128
7.99586773325
8.00072597039
8.00558338415
8.01044007079
8.01529607609
8.0201515477
8.0250065625
8.02986113623
8.03471523655
8.03956879928
8.04442173131
8.04927396009
8.05412531589
8.05897571579
8.06382513989
8.06867357633
8.07352106149
8.07836761588
8.08321331007
8.08805828456
8.09290264099
8.09774643097
8.10258974414
8.10743258608
8.11227498924
8.11711687144
8.12195809227
8.12679854524
8.13163815461
8.13647682444
8.14131451818
8.14615118294
8.15098686346
8.15582166392
8.16065562382
8.16548883318
8.17032138868
8.17515339778
8.17998495024
8.18481605554
8.18964664554
8.1944767096
8.19930613051
8.20413480226
8.20896259616
8.21378941264
8.21861524144
8.22344009803
8.22826396218
8.23308689753
8.23790898926
8.24273034535
8.24755109447
8.25237126504
8.25719093732
8.26201016646
8.2668289304
8.27164714017
8.27646468608
8.28128143021
8.2860973336
8.29091228409
8.29572621521
8.30053913171
8.30535106803
8.31016210373
8.31497231462
8.31978175119
8.3245905425
8.32939881149
8.33420659218
8.33901391995
8.34382072936
8.34862698475
8.35343260416
8.35823743997
8.36304136049
8.36784432451
8.37264627927
8.37744725247
8.38224723249
8.38704626147
8.39184447089
8.39664195419
8.40143879658
8.40623507996
8.41103085832
8.41582618456
8.42062105145
8.42541531821
8.43020890784
8.4350017028
8.43979362051
8.44458457884
8.44937450378
8.45416339166
8.45895133159
8.46373835007
8.46852452558
8.47330994715
8.47809471548
8.4828789683
8.48766273263
8.49244600244
8.49722876935
8.50201097255
8.50679249871
8.5115732369
8.51635302781
8.52113185367
8.52590968285
8.53068649229
8.53546230321
8.5402371782
8.54501121566
8.54978454752
8.55455721966
8.55932931492
8.56410093356
8.56887208095
8.57364274106
8.57841279577
8.58318213594
8.58795068508
8.59271834397
8.59748499409
8.6022506225
8.6070152078
8.61177883193
8.61654154542
8.62130339022
8.62606448358
8.63082495301
8.63558487637
8.64034431241
8.64510324457
8.6498616504
8.65461950404
8.65937664498
8.66413295785
8.66888833654
8.67364272771
8.67839611278
8.68314847583
8.68789980789
8.69265023138
8.69739982225
8.70214868167
8.70689689536
8.7116445262
8.71639167487
8.72113836828
8.72588452725
8.7306300692
8.73537489967
8.74011890542
8.74486201687
8.74960409645
8.75434513049
8.75908515099
8.76382419342
8.7685623045
8.77329956697
8.77803606424
8.78277195669
8.78750730244
8.79224212597
8.79697646001
8.80171026393
8.8064434805
8.81117598303
8.81590761808
8.82063831014
8.82536802895
8.83009670256
8.83482434984
8.83955097181
8.84427667292
8.84900156349
8.8537257073
8.85844918371
8.86317211229
8.867894541
8.87261650049
8.87733791688
8.88205868015
8.88677873646
8.89149795728
8.89621623358
8.90093348461
8.90564967854
8.91036484743
8.91507905273
8.91979229292
8.92450468876
8.92921634403
8.9339273736
8.93863785786
8.9433478122
8.94805725198
8.95276618329
8.95747448948
8.96218204385
8.96688873497
8.97159445798
8.97629920054
8.98100289123
8.98570551766
8.99040714102
8.99510784916
8.99980772111
9.00450686219
9.00920532008
9.01390323353
9.01860066434
9.02329758596
9.02799394906
9.03268966209
9.03738463297
9.0420787693
9.04677192855
9.05146403481
9.05615511011
9.06084514223
9.06553419259
9.07022228969
9.07490952708
9.07959604428
9.08428194169
9.08896725664
9.09365206123
9.09833634389
9.10302009613
9.10770322026
9.1123855514
9.11706700521
9.12174750698
9.12642698785
9.13110541258
9.13578277056
9.14045911237
9.14513456662
9.14980916665
9.1544830172
9.15915621547
9.1638288598
9.16850101393
9.17317265694
9.17784370029
9.18251410612
9.18718375679
9.19185252915
9.19652032396
9.20118705008
9.20585273508
9.21051739466
9.21518103574
9.21984372563
9.22450558012
9.22916669681
9.23382720438
9.23848711682
9.243146501
9.24780538738
9.25246371518
9.25712137618
9.26177824814
9.26643421018
9.2710892207
9.27574319865
9.2803960805
9.28504791241
9.28969873256
9.29434864394
9.2989977157
9.30364601805
9.30829367219
9.31294079776
9.31758739431
9.32223347099
9.32687894332
9.33152375008
9.33616780177
9.34081094178
9.34545306721
9.35009414901
9.35473416662
9.35937314519
9.36401110886
9.36864810072
9.37328427954
9.37791972697
9.38255453171
9.38718875746
9.39182244958
9.39645562648
9.40108824985
9.40572015664
9.41035126222
9.41498146619
9.41961068301
9.42423885767
9.42886592817
9.43349192948
9.43811695081
9.44274104268
9.44736427626
9.45198676759
9.45660860119
9.46122990972
9.46585068704
9.47047090625
9.47509053223
9.47970948541
9.48432763913
