metodo_2_dt_1:12
3.46023857368e-07
0.02797758294
0.0283579407123
0.0287290708742
0.0290846077796
0.0294191427001
0.0297240593365
0.02999331287
0.030216983974
0.0303864756295
0.0304955133234
0.0305346494208
0.0304972546491
0.030377457239
0.0301720782401
0.0298786083475
0.0294969154365
0.0290291261799
0.0284797774438
0.0278551183839
0.0271644687954
0.026417527207
0.0256284376185
0.024810349093
0.0239799677737
0.023157791577
0.0223639249947
0.0216218583956
0.0209590592588
0.020401679277
0.0199805345074
0.0197229126322
0.0196540030542
0.0197946717147
0.0201592695582
0.0207518153811
0.021570271189
0.0226077042921
0.0238489026564
0.0252787963931
0.026881269818
0.028641801186
0.0305449086788
0.0325789835817
0.0347341131616
0.0370000096807
0.0393706787019
0.0418382119901
0.0444004485116
0.0470523052177
0.0497912379061
0.0526146665939
0.0555225804655
0.0585118575255
0.0615843396507
0.0647389808087
0.0679766419417
0.0712974114649
0.0747030490489
0.0781945760909
0.0817736962728
0.0854418672163
0.0892017630659
0.093054334289
0.0970035118964
0.101050113813
0.105198012522
0.10944852339
0.113804302319
0.118268962218
0.122843848725
0.127532089255
0.132334514602
0.13725270859
0.142288144892
0.147440742106
0.15270919624
0.158091338368
0.163584965281
0.1691834983
0.174879913453
0.180664194299
0.186523268405
0.192441099865
0.198397903179
0.204369682104
0.210328469502
0.216242859513
0.222077026981
0.227791912929
0.233347991155
0.238702610913
0.243815599407
0.24864927722
0.253168574608
0.257346774186
0.261162591549
0.264604785606
0.267670423053
0.270366601049
0.272709179779
0.274722066661
0.276434758153
0.277885956643
0.279113902503
0.280164597761
0.281080811089
0.281908560355
0.282692510811
0.283472884901
0.284291017268
0.285183121138
0.28618254848
0.287319834135
0.288621659048
0.29011332389
0.291814353366
0.293743228331
0.295915913453
0.298346636224
0.301046628503
0.304024681996
0.307289860513
0.310848231729
0.314704962363
0.318865505916
0.323332796164
0.328110228295
0.333199583383
0.338601999951
0.34431867453
0.350350705547
0.356698197065
0.36336031142
0.370336814376
0.377626263137
0.385226830812
0.393137816311
0.401353930796
0.409871764478
0.418686090032
0.427792002794
0.437178048538
0.446837057415
0.456753737582
0.466912627858
0.477293644605
0.487872897666
0.498620747129
0.50950230693
0.52047572737
0.531491685431
0.542493266005
0.553415319128
0.564184293903
0.574719803086
0.584933917491
0.59473665018
0.604036358017
0.612744603193
0.620779169676
0.628071664573
0.634568573846
0.640235733012
0.645061505077
0.649054969273
0.652247851783
0.6546887324
0.656439708584
0.657575067079
0.65817400905
0.65831797711
0.658089661393
0.657563166357
0.656811935229
0.655898353239
0.65487879006
0.653797794653
0.652694737148
0.651599730005
0.650532777208
0.649510851931
0.64854163062
0.647630093784
0.646777471147
0.64598336391
0.645245893411
0.644565146499
0.643944635511
0.643389173852
0.64290549273
0.642507971814
0.642210977885
0.642033925799
0.641996483173
0.64211994429
0.642422268163
0.642922579529
0.64363451225
0.644565555541
0.645719010491
0.647088918558
0.648660520326
0.650410196607
0.652303059814
0.654292443488
0.656317501566
0.658308158324
0.660175246334
0.661819404281
0.66312599231
0.663968053747
0.664208358458
0.663703089814
0.66230542913
0.659872851238
0.656275379057
0.6514033848
0.645174771871
0.637546143907
0.628511722687
0.618108173939
0.606408996075
0.593518249689
0.579564648428
0.564689181193
0.549034865726
0.532746838011
0.515956436001
0.498786512896
0.481344368812
0.463723479328
0.446003132016
0.428250847521
0.410522818157
0.392866627193
0.375321838744
0.357923477674
0.340704071551
0.323692625175
0.306922504005
0.290427031607
0.274247909344
0.258436184622
0.243056583417
0.228192519005
0.213952436659
0.200478813722
0.187954898766
0.176612001202
0.166736392501
0.158662741523
0.152755435829
0.149365051375
0.148774411568
0.151134605418
0.156433697547
0.164502885101
0.175058627916
0.187754908972
0.202223603296
0.21809969697
0.235026630489
0.252662788494
0.270673328157
0.288740507029
0.306566583652
0.323885814477
0.340478528006
0.356181864378
0.370894333845
0.384576219404
0.397240639055
0.408943165645
0.419774952873
0.429840117183
0.439258028274
0.448145582645
0.456617755353
0.464780018529
0.472730500783
0.480551564164
0.48831334719
0.496072602472
0.503870210872
0.511728098789
0.519654093124
0.527633872951
0.535632540599
0.543591511415
0.551424645808
0.559016294691
0.566215529017
0.57283281037
0.578633909998
0.583337749876
0.586614896138
0.588089203614
0.587348867511
0.583969553975
0.577544786896
0.567742566583
0.554355452426
0.537358595433
0.516940121704
0.493504932195
0.467643972813
0.440082280591
0.411637193693
0.383187364142
0.355667403092
0.33008495223
0.307540134151
0.289217501671
0.276316036389
0.269879597427
0.2705621266
0.278448987917
0.293044384166
0.313436075792
0.338524838855
0.367186337632
0.398333378087
0.430900149269
0.463780804133
0.495749485049
0.525400258349
0.551129809784
0.571218103915
0.5840263468
0.588296411298
0.58341388586
0.569525272235
0.547436721906
0.518395711459
0.483894601615
0.445594485327
0.405406619156
0.365764208372
0.330064401947
0.303114839083
0.29084547397
0.298084811047
0.325019005692
0.365813021532
0.410218726029
0.445937804189
0.461621632392
0.450075358062
0.409826775928
0.348637494467
0.308686041516
0.424314053945
0.592358160524
0.755551369444
0.915314717592
1.07205856574
1.22597526069
1.37720463355
1.52587223245
1.67214482089
1.81622290538
1.95832700627
2.0987448603
2.23778693806
2.37580941383
2.51316480006
2.65024107887
2.78743985425
2.92512445352
3.06365927188
3.20337001463
3.34454695369
3.48745969405
3.63229546013
3.77923793437
3.92838947173
4.07985345667
4.23367821792
4.38987159338
4.54843430876
4.70933577825
4.87251667251
5.03793365819
5.20549223055
5.37512959555
5.54674700271
5.72025217519
5.89555032556
6.07255566446
6.25115254493
6.43127615784
6.61280342356
6.79566256474
6.97975428672
7.16500186549
7.35131032942
7.5386077395
7.72680446595
7.91583265984
8.10561720338
8.29607508269
8.48713498326
8.6787469136
8.87081359665
9.06329798886
9.25611485306
9.44920970678
9.64250906305
9.83596980552
10.0295096863
10.2230952741
10.4165965409
10.6099997027
10.803241837
10.9962597274
11.1890876705
11.381463406
11.5734178406
11.7648861906
11.9557978645
12.1460807974
12.3356648844
12.5244748963
12.7124308004
12.8994566817
13.0854695009
13.2703837981
13.4541152206
13.636473233
13.817566471
13.9972000955
14.1752810128
14.3517095837
14.5263927167
14.6991317796
14.8700321675
15.038901206
15.2056545381
15.3701121775
15.5324048694
15.6923784863
15.8498957754
16.0051384471
16.1580167308
16.3084677184
16.4567616026
16.6029102735
16.7469598116
16.8892978757
17.0299536279
17.1693903113
17.3078049814
17.445419653
17.5827698506
17.7200040444
17.8576599549
17.9958678906
18.1351361817
18.2755455551
18.4175419919
18.5611385849
18.706708557
18.8541907043
19.0038886762
19.1556743742
19.3097877172
19.4660497104
19.6246501349
19.7853696002
19.9482675301
20.1133908732
20.2804818437
20.4496681863
20.6206788205
20.7935324782
20.9682484896
21.1445445958
21.322534014
21.5019361087
21.682764339
21.865036368
22.04847036
22.2330863437
22.4189022421
22.6056439557
22.7933324315
22.9819935902
23.1713543876
23.3614436201
23.5521889106
23.7436215433
23.9354735061
24.1277781237
24.32056602
24.5135751359
24.7068372784
24.9002891657
25.0939631574
25.2875974226
25.4812268451
25.6747844204
25.8683051307
26.0615229141
26.254470125
26.4470790413
26.6393789547
26.8311019873
27.0222730207
27.2128197502
27.402664495
27.5918291897
27.7800365688
27.9673004257
28.1535399312
28.3386651168
28.522686394
28.7053146945
28.8865533499
29.0663082484
29.2444793022
29.4210702999
29.5957844889
29.7686217073
29.9394874427
30.1082909351
30.2749436031
30.4393704825
30.6016038293
30.7613909483
30.9187971136
31.0738093501
31.2264408671
31.376735728
31.5247695141
31.6707568808
31.8146524829
31.9567523578
32.0972872164
32.2365272727
32.3747735942
32.5123475429
32.6495907133
32.7868475422
32.9245556022
33.0628426255
33.2021147316
33.3426450477
33.4846769044
33.6284176826
33.7740344513
33.92166334
34.0714026395
34.2233208119
34.3774545086
34.5338209121
34.6924131808
34.853303156
35.016255796
35.1813180189
35.3484299342
35.5175208219
35.6885200329
35.8613492383
36.0359293016
36.2121758746
36.3900094173
36.5693463848
36.7501044333
36.9322024195
37.1155597564
37.3000980806
37.4857367095
37.6724020811
37.8600180586
38.0485107536
38.2378081804
38.4278390803
38.6185325012
38.8098217612
39.0016388272
39.1939149517
39.3865836281
39.5795812465
39.772842268
39.9662987939
40.1598888524
40.3535463234
40.5472057335
40.7408018145
40.9342681373
41.1275366736
41.3205416877
41.5132140339
41.7054807088
41.8972730733
42.0885168403
42.2791359751
42.469056545
42.6581967937
42.8464754025
43.0338110031
43.2201167438
43.4053042627
43.5892832847
43.7719607785
43.9532407548
44.1330284187
44.3112244176
44.4877299765
44.6624459001
44.8352731519
45.0061179402
45.1748883606
45.3414959141
45.5058659635
45.6679313754
45.8276395716
45.9849598587
46.1398774123
46.2924100877
46.4426025968
46.5905339929
46.7362243102
46.8800289001
47.0220430685
47.1625055738
47.3016864445
47.4398896826
47.5774397524
47.7146763722
47.8519440885
47.9895813454
48.1279148812
48.267246241
48.4078479965
48.5499627753
48.6937918703
48.8395023
48.9871276713
49.1369614784
49.2889719208
49.443196511
49.5996456708
49.7583142362
49.9191748584
50.0821894777
50.2473055437
50.41446128
50.5835915709
50.7546195872
50.927372028
51.1019657468
51.2782225157
51.4560595862
51.6353940842
51.816147362
51.9982349371
52.1815799278
52.3661027715
52.5517251933
52.738274218
52.9258714982
53.1143476653
53.3036270768
53.4936420154
53.6843219626
53.875597424
54.0674029121
54.2596695982
54.4523334349
54.6452285308
54.8384881355
55.0319479559
55.2255419621
55.4192071249
55.6128759966
55.8064848366
55.9999651553
56.1932526957
56.3861774563
56.5788681851
56.7711573044
56.9629707404
57.1542369002
57.3448782963
57.5348195888
57.7239801354
57.912179444
58.0995315831
58.2858500706
58.4710481417
58.6550326332
58.8377121056
59.0189890335
59.1987680651
59.3768502483
59.5533346271
59.7280215448
59.9008146068
60.0716169175
60.2403356887
60.4068871346
60.5710930399
60.7330879693
60.8927199348
61.0499592022
61.2047921519
61.3572381085
61.5073425586
61.6550900106
61.8007965196
61.9445238301
62.0864702901
62.2268731064
62.366007704
62.5041767959
62.6416076399
62.7788380154
62.9161150124
63.0537757022
63.1921458946
63.3315248716
63.4721862775
63.6142672285
63.7581699593
63.9039585835
64.0517649615
64.2016807351
64.3537726786
64.5079760066
64.6645029524
64.8232446276
64.9841739394
65.147252345
65.3124260251
65.4795367354
65.6487129706
65.8197843739
65.9926730874
66.1673000564
66.3435834544
66.5213446479
66.7006984496
66.8814665565
67.0635666288
67.2469212845
67.4314503635
67.6169798493
67.8036304578
67.9912308847
68.1797062793
68.368987086
68.559001798
68.7495823431
68.9408575436
69.1326629533
69.3249299425
69.5175945559
69.710589256
69.9037517925
70.0972133377
70.2908118393
70.4844801431
70.67815486
70.8716689637
71.0651561702
71.258448885
71.451479101
71.64417621
71.8364714711
72.0281914979
72.2194626244
72.4101080047
72.6000519633
72.7892127005
72.9774110764
73.1647589917
73.3510725848
73.5362607213
73.7202338561
73.9027970702
74.0840547169
74.2638080263
74.4419608085
74.6184096467
74.7930577009
74.9657053819
75.1364569467
75.30511952
75.4716094628
75.6358480338
75.7976727241
75.9572297088
76.1143900459
76.2691428703
76.4215078859
76.5714328048
76.7192004137
76.8648336425
77.0084915425
77.1503769833
77.2906286984
77.4297220126
77.5678616011
77.70537478
77.8426012873
77.9797882147
78.1174705977
78.25587422
78.3952971987
78.5360118034
78.6781536002
78.8221232131
78.9679831465
79.1158628777
79.2658543413
79.417922999
79.5723005371
79.7289006829
79.8877120426
80.0486096298
80.211751882
80.376985488
80.5442511755
80.7134790148
80.8844986465
81.0574306121
81.232096805
81.4084155754
81.5863076219
81.7655905608
81.9463837603
82.1285059997
82.3118801382
82.4963271547
82.6819696741
82.8686342573
83.0562449792
83.2447311989
83.4339204442
83.6239427886
83.8146280352
84.0059100909
84.1977197316
84.3898933508
84.5825612945
84.7755610139
84.9688253772
85.1621913007
85.3557930525
85.5494643773
85.7431418303
85.9367574643
86.130147573
86.3234409685
86.5164721246
86.7091694601
86.9013649388
87.0931832514
87.2844514495
87.4750924836
87.6650294474
87.8540841769
88.0423706852
88.2297072236
88.4160048208
88.6010768928
88.7850279565
88.9676667657
89.1488952187
89.3285182021
89.5066328437
89.6830410461
89.8576439834
90.03034115
90.2009392963
90.3695431113
90.5359699614
90.7001414026
90.8618953569
91.0213785887
91.1784619757
91.3331383952
91.4853257322
91.6352742845
91.7829678907
91.928531144
92.0720254746
92.2138537356
92.3541561441
92.4932100062
92.631322141
92.7687194485
92.905943241
93.0432369351
93.1809403938
93.3192750031
93.4587399223
93.5995033042
93.7418012881
93.8857345319
94.0316617058
94.1796117178
94.3296752233
94.4818165489
94.6362663743
94.7929375863
94.9518180908
95.1127823454
95.2759883585
95.4412825078
95.6086053085
95.7777875423
95.9489562965
96.1219337674
96.2966418298
96.4729018141
96.6508289956
96.8302450119
97.0110680768
97.1931193265
97.3765170537
97.5610863318
97.7467487564
97.9333310561
98.1209587244
98.309458192
98.4987602271
98.6886936954
98.8793898964
99.0706797432
99.2624971045
99.4546774451
99.6473512211
99.8403559153
100.033624457
100.226994766
100.420598148
100.614271336
100.807949852
101.00126835
101.194955189
101.388445263
101.581672063
101.773572627
101.966059514
102.158069873
102.349527493
102.539366923
102.729490804
102.918829569
103.107298797
103.294814677
103.480299545
103.665644683
103.84976862
104.032575131
104.212978285
104.392861087
104.571133609
104.747696754
104.922448712
105.094301114
105.265139359
105.433882083
105.600442187
105.7637526
105.925737186
106.085340905
106.24255241
106.396353856
106.548767696
106.698834632
106.846659512
106.992347905
107.135090334
107.277056305
107.417514971
107.556734685
107.694020235
107.831704439
107.969117406
108.106621976
108.244537395
108.382211788
108.521908734
108.662922687
108.805469118
108.94877214
109.094967253
109.243178142
109.393514721
109.545027051
109.699750834
109.85668484
110.015836956
110.177160522
110.339640917
110.50518992
110.672773098
110.842303144
111.012734214
111.185963411
111.360910368
111.537513873
111.715673652
111.894336418
112.075385381
112.257768546
112.44138772
112.625193298
112.811072459
112.997978264
113.185817526
113.373546088
113.563065925
113.75330586
113.944216713
114.135710927
114.326749802
114.519230023
114.712114196
114.905317251
115.097802549
115.291468098
115.485277364
115.679155328
115.873026616
116.065849317
116.25953264
116.453020151
116.646240845
116.838136024
117.030614874
117.222615779
117.414062004
117.603888291
117.793996891
117.983318368
118.171777586
118.359262533
118.544731157
118.730039839
118.914141667
119.096905491
119.277279892
119.457113117
119.635350669
119.811855857
119.986565209
120.158361513
120.329139897
120.497818996
120.664312047
120.827553055
120.989459925
121.148993962
121.306124102
121.459853715
121.612186023
121.76218307
121.909930937
122.05555659
122.19824137
122.340148214
122.480564901
122.619734485
122.757008489
122.894664494
123.032087888
123.169587386
123.30753592
123.445226847
123.584976845
123.726025097
123.868639996
124.011999404
124.158254608
124.306538752
124.45694058
124.608529205
124.763319229
124.920328905
125.079545137
125.240941164
125.403481438
125.569098031
125.736735596
125.906327454
126.076816348
126.250082075
126.425090256
126.601724096
126.778947502
126.958626256
127.1397248
127.322126868
127.505790424
127.689609839
127.875528667
128.062453556
128.250318505
128.438062065
128.627593943
128.817855122
129.008774564
129.200286775
129.391331055
129.583826301
129.776713043
129.969928343
130.162413427
130.356088548
130.549904826
130.743769992
130.936664098
131.130466944
131.324157353
131.517630788
131.710855554
131.902733477
132.095213083
132.287193314
132.478636587
132.668438261
132.858539731
133.047841994
133.236269843
133.422748848
133.609172315
133.794460936
133.978520263
134.161257777
134.341583182
134.521383288
134.699564903
134.876029731
135.049684189
135.222414835
135.393141807
135.561746969
135.727190044
135.891342701
136.053185858
136.212635382
136.369698598
136.523342155
136.675607786
136.825521266
136.973207304
137.117765018
137.261380907
137.403243396
137.543605701
137.681757081
137.819988868
137.957640266
138.095051945
138.232569511
138.369536531
138.508258599
138.648038457
138.789143194
138.93081095
139.075221987
139.221550479
139.369892395
139.519380767
139.672022024
139.826891643
139.983961525
140.143255539
140.303716964
140.46732298
140.632992151
140.800698611
140.96934583
141.140880108
141.31420615
141.489252569
141.665940909
141.843196725
142.02292437
142.204049824
142.386495512
142.569189281
142.754038975
142.93997485
143.126924283
143.313811572
143.502575695
143.692127259
143.882404055
144.073339627
144.263872549
144.455921089
144.648425301
144.84132179
145.033551579
145.22703484
145.420712948
145.614523254
145.807406875
146.001283452
146.195102981
146.388771623
146.58225859
146.774466897
146.967346377
147.159797469
147.351784148
147.542203574
147.732999052
147.92306389
148.112354217
148.299758904
148.487212434
148.673608637
148.858865033
149.04289121
149.224598801
149.405876219
149.585631416
149.763766614
149.939187922
150.113780516
150.286452269
150.457109183
150.624666485
150.791024849
150.955124994
151.116877179
151.27627008
151.432247729
151.586825237
151.7389978
151.888856094
152.035462325
152.180964448
152.324502872
152.466321654
152.605639533
152.74475718
152.882956427
153.02060346
153.158013999
153.294548225
153.432527834
153.571279133
153.711098571
153.851257497
153.993971403
154.138440686
154.284823729
154.432248548
154.582788377
154.735507397
154.89043772
155.047594375
155.205946147
155.367483393
155.531135268
155.69688414
155.863639827
156.033353305
156.204923056
156.378308507
156.552402603
156.729144736
156.90742597
157.087201928
157.267373847
157.44985307
157.633571516
157.818449887
158.004414256
158.190396349
158.378308036
158.567083607
158.756654389
158.945957066
159.136908218
159.328446477
159.520507178
159.712040209
159.904935881
160.098174251
160.291653557
160.485345706
160.678157495
160.872043498
161.065909909
161.259727432
161.452400996
161.645874009
161.8390754
162.031937412
162.223394992
162.415360392
162.606775018
162.797535353
162.987599539
163.175858629
163.364249354
163.551658174
163.738033914
163.922258178
164.106258095
164.288910704
164.470155623
164.648866144
164.826962189
165.003324908
165.177861981
165.350476635
165.520079606
165.688565015
165.854855095
166.01887658
166.179573359
166.338883779
166.495787089
166.6502811
166.801396389
166.951174013
167.098721223
167.244141018
167.387638781
167.528396232
167.668680787
167.807746722
167.945940227
168.082564512
168.21998171
168.357508194
168.495515773
168.633295638
168.773161674
168.914349699
169.057124585
169.20165235
169.347104743
169.495587236
169.64619336
169.798981255
169.952987317
170.110203268
170.269622323
170.431216268
170.593948383
170.75974985
170.927564686
171.097325732
171.267975426
171.441393514
171.616545494
171.793314709
171.971656708
172.150462696
172.33167214
172.514177494
172.697936858
172.881844945
173.067845583
173.254836039
173.442779647
173.630585976
173.820174973
174.010487593
174.201453169
174.393006216
174.584086266
174.776612375
174.969525263
175.162761897
175.355263638
175.548950798
175.742764755
175.936642523
176.129524864
176.323330847
176.517001044
176.710466646
176.903661031
177.095520499
177.287958808
177.47990931
177.671299406
177.861058816
178.051094069
178.240330712
178.428687706
178.61508593
178.801422668
178.986623622
179.170569198
179.352209296
179.533393711
179.713068585
179.891097632
180.067416823
180.240898042
180.413462433
180.583986368
180.752415146
180.917636688
181.081596058
181.243203145
181.402447728
181.558284617
181.712702379
181.864735709
182.014439987
182.161909189
182.306280773
182.449710814
182.591416803
182.731649095
182.869697431
183.00785828
183.145469841
183.282876178
183.419437292
183.557446171
183.69626494
183.836151057
183.976410944
184.119220471
184.263814897
184.410312908
184.558869478
184.708542675
184.861407892
185.016466205
185.17375938
185.332245633
185.493914355
185.657703393
185.823566141
185.990449837
186.160267218
186.331954559
186.5054331
186.680625543
186.856458065
187.034835098
187.214682359
187.395921553
187.577479756
187.761263873
187.946212811
188.132223852
188.31826744
188.506217035
188.695045718
188.884646237
189.074985661
189.264967335
189.456543425
189.648618969
189.841155888
190.03308633
190.226330303
190.419829198
190.613520285
190.806354671
191.000223248
191.194105606
191.387898925
191.580581491
191.774031914
191.967226502
192.160058513
192.352493115
192.543429045
192.734811225
192.925534785
193.115557581
193.303780162
193.492110097
193.679472239
193.865776571
194.049943002
194.233859982
194.416442771
194.597592363
194.776220218
194.954207862
195.130465033
195.304889847
195.477385564
195.646863111
195.815216917
195.981379145
196.145248793
196.305808439
196.464959794
196.621721179
196.776054436
196.927029667
197.076652602
197.224061046
197.369351191
197.512731099
197.653385072
197.79358294
197.932581047
198.070727262
198.207335161
198.344739399
198.482293362
198.620330841
198.75817887
198.898112246
199.039401891
199.182273065
199.325925436
199.472494714
199.621108418
199.771849867
199.924775345
200.078928998
200.236272926
200.395836814
200.557553796
200.720424132
200.886340608
201.054284662
201.224150891
201.394909971
201.568432079
201.743673999
201.920544982
202.098966096
202.277863145
202.459141206
202.641736984
202.825545377
203.009534174
203.195574404
203.382636504
203.570610855
203.758470577
203.948091697
204.138449711
204.329439602
204.520038878
204.712127341
204.904683974
205.097606616
205.290866735
205.483380904
205.677074941
205.87089446
206.064772175
206.257653053
206.451451926
206.645112448
206.838564718
207.030750385
207.223580342
207.41599356
207.607914838
207.798279771
207.989002318
208.17898516
208.368183828
208.556478468
208.742828286
208.929091881
209.11422357
209.298093964
209.479652671
209.660749406
209.840330073
210.018258307
210.193478261
210.367836964
210.540280518
210.710686689
210.878972631
211.044064674
211.207870705
211.369339307
211.52842365
211.684108245
211.838373899
211.990257276
212.139815964
212.286154507
212.431388579
212.574701256
212.716304468
212.855459075
212.994441909
213.132547328
213.270143739
213.407538359
213.544110287
213.68216809
213.821038102
213.961010324
214.101354627
214.244278896
214.388981585
214.535613415
214.683300828
214.834109848
214.987103969
215.142318365
215.298738944
215.458370326
215.620153343
215.784079668
215.950058223
216.117070266
216.286993774
216.458799268
216.63237341
216.806681599
216.98359066
217.162064442
217.341995534
217.522319851
217.704943367
217.88879432
218.07379766
218.259875764
218.445964613
218.633972436
218.822837833
219.012488256
219.201864708
219.392879961
219.584476975
219.776587021
219.968154546
220.161104791
220.354354105
220.547874164
220.740571952
220.934402257
221.128271717
221.322151332
221.515938316
221.708610773
221.902047391
222.095224271
222.288034637
222.479451879
222.67134938
222.862697166
223.05339145
223.242369339
223.431534917
223.619811193
223.807114336
223.992362533
224.177450329
224.361291152
224.543791639
224.72485265
224.903385445
225.081262886
225.257420488
225.431721902
225.603113226
225.773455817
225.941675278
226.107689967
226.270432787
226.431828114
226.59083791
226.747439222
226.900638196
227.052447959
227.201935353
227.349197996
227.494369063
227.636632891
227.778186414
227.918291669
228.057242633
228.194334392
228.331919648
228.469313855
228.606896499
228.743974099
228.882882476
229.022884348
229.164274879
229.306250655
229.451019107
229.597703462
229.7464554
229.897321754
230.049399621
230.204672647
230.362160499
230.521849144
230.68271346
230.846693906
231.012741786
231.180795438
231.349791888
231.521642357
231.69527617
231.870615916
232.046587784
232.225096275
232.405067239
232.586422479
232.769090501
232.951974692
233.137017862
233.3231163
233.510232154
233.697264359
233.886160935
234.075823269
234.266218493
234.456250146
234.647870519
234.839984817
235.032554951
235.224513186
235.417779596
235.611305301
235.804998531
235.99883091
236.191709085
236.385587163
236.579370786
236.773029563
236.965467459
237.158635231
237.3514345
237.543830147
237.734720763
237.926051045
238.116725549
238.306672914
238.494822284
238.683071439
238.870344813
239.056552155
239.241604625
239.424415534
239.606874741
239.787891382
239.967368328
240.144211948
240.320306934
240.494559762
240.666873816
240.836169831
241.004314326
241.170268643
241.333923342
241.49426234
241.653189074
241.809723962
241.963831348
242.115576118
242.2639917
242.411195077
242.556294366
242.699501536
242.840004641
242.980076981
243.118987181
243.257057424
243.393630738
243.531032888
243.668616891
243.806715155
243.94465265
244.084701324
244.226128953
244.369157292
244.513974387
244.659736774
244.808544354
244.959485526
245.112613895
245.266962634
245.424517656
245.584272536
245.746193493
245.909245234
246.075354172
246.243466631
246.41351124
246.58442386
246.758109009
246.933497486
247.110507189
247.289059205
247.468079455
247.649473156
247.832177172
248.016086612
248.200169356
248.386296752
248.573439325
248.761487712
248.949415092
249.139097813
249.329511401
249.520551064
249.711194296
249.903321184
250.095910662
250.288860733
250.482142819
250.674673528
250.868378824
251.06220418
251.256082367
251.448958171
251.642746532
251.836390881
252.029821289
252.221979146
252.414775361
252.593027772
