metodo_2_dt_1:1
2.15492411701e-06
9.38874257709e-06
1.5724809633e-05
2.04106118242e-05
2.33445031081e-05
3.44320575998e-05
4.30160238623e-05
5.00181473916e-05
5.51795664111e-05
5.97677571779e-05
7.17193702838e-05
7.2251127964e-05
8.06608973365e-05
8.66002348114e-05
9.06142352133e-05
0.000102417957297
0.000103609053292
0.000112675632736
0.000120225148685
0.000125747372088
0.000129433173872
0.000140743593162
0.000150280061996
0.000159058990604
0.000165608450366
0.000170911704531
0.000173810150941
0.000184662983555
0.000192989354721
0.000199220696874
0.000204443654953
0.000207716696092
0.000219379741248
0.000218728864073
0.00022629521701
0.000221283424818
0.000224310155337
0.000216325489366
0.000216484037063
0.000205297921597
0.000201677830077
0.000186465972278
0.000168366412427
0.000158244543291
0.000136813191084
0.000113568927102
8.87782762444e-05
7.18291166433e-05
4.45674973975e-05
2.14204101106e-05
3.31565126166e-05
5.63746155795e-05
9.2054660375e-05
0.00012982319833
0.000170482615885
0.00021285575522
0.000248492474142
0.000295690437941
0.000344640499399
0.000395216262069
0.000447746260332
0.000502483211602
0.00055903824241
0.000618506199132
0.000680119251243
0.000743681579876
0.000808627387174
0.000875360255673
0.000944310830578
0.00101455833024
0.0010878840492
0.00116315552165
0.00124025661918
0.00131867698767
0.00139898160775
0.00149116156879
0.00157524678163
0.00166227952217
0.00175139894467
0.00184298681757
0.00193574162861
0.00203072088305
0.00213746356074
0.00223595224974
0.00233728892832
0.00244062518062
0.00255624461356
0.00266290167357
0.00277166250637
0.0028820505291
0.00300398223715
0.00311887978285
0.00323579314628
0.0033653799645
0.00348610869515
0.00360906603501
0.00374375298544
0.00387054716714
0.00399990543406
0.00414144154447
0.00427556014598
0.00442080011192
0.00455819729836
0.00469708653074
0.00484770964241
0.0049905833901
0.00514579921524
0.00529373021045
0.00545265089029
0.00560396035288
0.005766702078
0.00592172886099
0.00608878547494
0.00624859996654
0.00642104019574
0.00658486657226
0.00676083120567
0.00692829446217
0.00710782349638
0.00728904378406
0.00746296671088
0.00764929930443
0.00782703111897
0.0080167727369
0.00820787456436
0.00839132043678
0.00858635756558
0.00878425677076
0.00897483817186
0.00917706850529
0.009381440567
0.00958730657441
0.00978555142002
0.00999515004451
0.0102076700331
0.0104126090003
0.010629223025
0.0108477248535
0.0110674977008
0.0112895578758
0.0115029044035
0.0117291626977
0.0119576698302
0.0121883721277
0.0124209170629
0.0126551862798
0.0128916448023
0.0131195892271
0.0133604811076
0.0136036829242
0.0138490960497
0.0140962140101
0.0143449098348
0.0145956044304
0.0148475072552
0.0151020760633
0.0153588690365
0.015618049526
0.0158788090973
0.0161413360198
0.016406037869
0.0166720324529
0.0169408540561
0.0172120149542
0.0174858641687
0.017761162827
0.0180484958037
0.0183276534517
0.0186081937151
0.0188911404749
0.0191761996041
0.0194639011612
0.019762892978
0.0200538785928
0.0203466763992
0.0206408495537
0.0209473764761
0.0212461963051
0.0215480360517
0.0218512293182
0.022166649079
0.0224738677633
0.0227826972093
0.0231036382003
0.0234168033919
0.0237427500115
0.0240600078994
0.0243794450572
0.0247102597531
0.0250326979017
0.0253669578232
0.0256934162722
0.0260328092315
0.0263636821957
0.0267068602186
0.0270516152545
0.0273882808041
0.0277366817039
0.0280774053566
0.0284311199488
0.0287862614608
0.0291436322038
0.029492418934
0.0298530092909
0.030214880763
0.0305789756743
0.0309358226486
0.0313042603151
0.0316748851271
0.0320469077819
0.032421014932
0.0327964507212
0.0331743234007
0.033544907897
0.0339274151249
0.0343121896806
0.0346983075816
0.0350965375388
0.0354858549494
0.0358773640968
0.0362713367174
0.0366671940092
0.0370650694146
0.0374642390104
0.0378654921376
0.0382777140297
0.0386823116011
0.0390893183622
0.0395085585583
0.0399199275705
0.0403328556182
0.0407579875314
0.0411740455878
0.0416024140097
0.0420229790531
0.0424558310239
0.0428805102199
0.0433166362885
0.0437447870461
0.0441836599692
0.044624716393
0.0450577484222
0.0455033114038
0.0459507044038
0.0463998069384
0.046841083798
0.0472933148508
0.0477477348966
0.0482042035229
0.0486632508823
0.049123937741
0.0495865340326
0.0500509819235
0.0505162749919
0.0509834014678
0.0514521685906
0.0519337282799
0.0524067615361
0.052881662163
0.0533584094473
0.0538462224446
0.0543259356963
0.0548074519132
0.0553018761996
0.0557878610119
0.0562859315793
0.0567758141462
0.0572768750497
0.0577794674259
0.0582736297498
0.0587805233192
0.0592887434176
0.0597990016204
0.0603107851227
0.0608138818081
0.0613283793846
0.0618444382212
0.0623633287588
0.062883761899
0.063416478271
0.0639407374828
0.0644666849873
0.064993870498
0.0655225835373
0.0660640234608
0.0665968107961
0.0671417526822
0.0676780155677
0.0682258984705
0.0687646265531
0.0693149220199
0.0698576475154
0.0704119327663
0.0709683443334
0.0715263602361
0.0720861628845
0.0726469646708
0.0732091918229
0.0737741236867
0.0743405777071
0.0749092801075
0.075479082375
0.0760510647241
0.0766334988528
0.0772074038107
0.0777834219895
0.0783708894616
0.0789504712942
0.07954136702
0.0801343869318
0.0807178442235
0.0813129502442
0.0819101361412
0.0825093708292
0.0831104819282
0.0837130304719
0.0843178003912
0.0849228622244
0.085529847263
0.0861381726522
0.0867581182449
0.0873703496897
0.0879835368388
0.088608832647
0.089234323378
0.0898517719425
0.0904803706761
0.0911112705538
0.0917336841844
0.0923677067746
0.0930040063413
0.0936410887442
0.0942793342115
0.094928946856
0.0955708991657
0.0962140711132
0.0968693005037
0.09751607652
0.098173031169
0.0988213966546
0.0994808232201
0.100142654168
0.100796111746
0.10146079522
0.102127004702
0.10279482136
0.103473567817
0.104143437059
0.104815883461
0.10548929125
0.106174583784
0.106851806746
0.107539469903
0.108228386981
0.108918130667
0.109599600661
0.110292389704
0.110987121173
0.111682919661
0.112390026827
0.113088427667
0.113787743237
0.114498855633
0.115201455454
0.115915478446
0.116631251092
0.117338632429
0.118057122275
0.11877567247
0.119495696858
0.120217757184
0.120951070711
0.121675838486
0.122401485675
0.123138849614
0.123875419214
0.124605017773
0.125345156346
0.126087537581
0.126830619015
0.127575730421
0.128321839673
0.129078004006
0.129826208077
0.130585799941
0.131337530983
0.132099647623
0.132872827274
0.13363678362
0.134409699608
0.135195160086
0.135980154539
0.136766266485
0.137553673231
0.138352344973
0.13915086078
0.139960401424
0.140770540891
0.141581286418
0.142403039101
0.143226021491
0.144049278565
0.144883119497
0.145717893926
0.146561735782
0.147407010432
0.148253016017
0.149109084638
0.149967350692
0.150825268629
0.151693202667
0.152561122709
0.153440691286
0.154320982472
0.155201549841
0.156093312865
0.15698581683
0.157887336656
0.158790532192
0.159693293268
0.160606354808
0.161520549096
0.16244566034
0.163371431213
0.164297222738
0.165231330272
0.16617811522
0.167114224297
0.168061629373
0.169020026614
0.169978323977
0.170936791103
0.171905540998
0.172884963561
0.173854521685
0.174835325795
0.175826802379
0.176818118998
0.177809368134
0.17880961473
0.179811409875
0.180823049371
0.181836029797
0.182858562043
0.183882243415
0.184915958315
0.185939836341
0.186983298479
0.188027650254
0.189073440515
0.190128650807
0.19118505506
0.192251327267
0.193316513462
0.194393004465
0.195469074216
0.196545512029
0.19763200878
0.198729788229
0.199827403628
0.200924041551
0.20203107064
0.203138694477
0.204256859501
0.205375102811
0.206504854792
0.207634435883
0.208773027346
0.209911777514
0.211060902846
0.212210373252
0.21336950081
0.214529207535
0.215699379815
0.216868597017
0.218038624166
0.219227202067
0.220407147
0.221596767298
0.222798072532
0.223998190681
0.225208460616
0.226418521286
0.227638977857
0.228859724102
0.230079957703
0.231310887333
0.232552072839
0.233792481393
0.235042224632
0.236292270131
0.23755153467
0.238811876773
0.240082152643
0.241352786188
0.242632893694
0.243912320594
0.245201383091
0.246501308077
0.247790683962
0.249101557684
0.250411069339
0.251720878386
0.253039560587
0.254368517765
0.255697175658
0.257035024635
0.258373418614
0.259711985173
0.26107010096
0.262417039706
0.26378438168
0.265151412663
0.266517848493
0.267894808586
0.269272062955
0.270659020308
0.272054539324
0.273450437394
0.274855646891
0.276260093602
0.277675399422
0.279089374251
0.28051367119
0.281947013556
0.283379962875
0.284812105759
0.28626357144
0.287705155759
0.289167044363
0.290618763547
0.292089532544
0.293559978772
0.295039428963
0.296518254214
0.297997492479
0.29949624588
0.300994581178
0.302491747434
0.303998318151
0.305513588068
0.307028856925
0.308552889133
0.310077310569
0.311612023288
0.313145050547
0.314687569445
0.316238816373
0.317790190933
0.319350799184
0.320921190538
0.322491733118
0.324059858805
0.325648428223
0.327234795435
0.328821063453
0.330416137655
0.332021566385
0.333625716192
0.335238797638
0.336851636864
0.338472952311
0.340103648239
0.34173311561
0.343373118964
0.345011858834
0.346670268654
0.34831701266
0.349972707675
0.351637571694
0.353311388262
0.354984943951
0.356667514374
0.358349142143
0.360038759844
0.361737276249
0.363435518222
0.36514203761
0.366848421688
0.368563875746
0.370288674835
0.372021990086
0.373753727184
0.375485079375
0.377224533851
0.378973639743
0.380732123196
0.382489324414
0.384254616415
0.386018748681
0.387791584387
0.389572350691
0.391353229452
0.393142873839
0.394941459959
0.396738692919
0.39854438284
0.400348777961
0.402161756437
0.403983580701
0.40581523791
0.407645322921
0.409473740706
0.411320452839
0.413166033968
0.415019406021
0.416871821819
0.418733314921
0.420603798867
0.422471904496
0.424348443392
0.426233758746
0.428117633697
0.430009890072
0.431901366723
0.433811957322
0.435720678578
0.437627845793
0.439542933079
0.44146644676
0.443398437269
0.445328850695
0.447268759902
0.449215981327
0.45116153145
0.453114776451
0.455076521708
0.457037138207
0.459005734668
0.460973971687
0.462960218354
0.464944335327
0.466926658898
0.468927542071
0.470926385024
0.472923691844
0.474939765692
0.47695372362
0.478975817561
0.480995219322
0.483023086618
0.485058510887
0.487092954322
0.489146098513
0.491186756053
0.493245585051
0.495302366717
0.497367805885
0.499440076505
0.501511435712
0.503591364967
0.505679383222
0.507765358328
0.509858431772
0.511959956097
0.514068437598
0.516175807732
0.518290837515
0.520404048626
0.522535614136
0.524664339751
0.526791041271
0.528934636499
0.531077247988
0.533228680975
0.535377352468
0.537544263327
0.539708320152
0.541870797785
0.5440498649
0.546227680166
0.548402719928
0.550596722027
0.55278743559
0.554985798028
0.557191797368
0.559394974101
0.561606229642
0.563825255632
0.566052964997
0.568277991807
0.570510238333
0.572750719415
0.57498772523
0.577232608215
0.579485622055
0.581746633869
0.584005236268
0.586270902953
0.588543815379
0.590813731047
0.593101208865
0.595386017096
0.59766963499
0.599970097403
0.602268533125
0.604574211449
0.606876430555
0.609196786171
0.611514423804
0.613840222667
0.616163417111
0.618503792776
0.620841767276
0.623176133614
0.625527492584
0.627875837892
0.630232886961
0.632597156872
0.634958702103
0.637336984149
0.639711860787
0.642084392158
0.644473937589
0.646862336717
0.649257317214
0.651660339834
0.654059254556
0.656476174935
0.658888885067
0.661299150402
0.663727165337
0.666152313556
0.668584588846
0.671023923963
0.67345916086
0.675912105312
0.678361148523
0.680808742869
0.683273624651
0.685735022142
0.688203521023
0.690679596156
0.693161686645
0.695640561124
0.698127678705
0.700621250626
0.70312178761
0.70561918189
0.708123235886
0.710633717239
0.713150794173
0.715665919546
0.718196766596
0.720725421339
0.723251053135
0.725793510114
0.728331603525
0.730877209449
0.73342984007
0.735990003755
0.738546978081
0.741119877488
0.743680397608
0.746256122847
0.748838243822
0.751417838598
0.754004955115
0.756597719488
0.75919731954
0.761794545415
0.764397039819
0.76700600561
0.769622338955
0.772245585959
0.774865340559
0.777492060783
0.780125404591
0.782764801668
0.785400466041
0.788043097304
0.790701538444
0.793348005148
0.796009428594
0.798668210219
0.801342969891
0.804013871715
0.806680710882
0.809365424656
0.81204625677
0.814743206985
0.817437555281
0.820128174925
0.822833740239
0.82553599035
0.828256066031
0.830962006204
0.833683933307
0.836412865442
0.83913697899
0.841867718846
0.844603835019
0.84734676674
0.850096366179
0.852842216987
0.855595074422
0.858353346058
0.861117199763
0.863887468985
0.866654629092
0.869428411143
0.872208382558
0.874994036075
0.877786130465
0.880574535802
0.883366921661
0.886167974779
0.888973280974
0.891785785705
0.89459384201
0.897418501086
0.90023940687
0.903064341628
0.905896884137
0.908726081365
0.911571429978
0.914412252542
0.917259917109
0.92011238733
0.922959890179
0.925824558375
0.928685705473
0.931552807627
0.934424997569
0.937304039083
0.940187632302
0.943066231841
0.94595191715
0.948842998511
0.951741293633
0.954644749646
0.95754540953
0.960460502779
0.963371873508
0.966288844571
0.969211170399
0.972130559497
0.975064767723
0.977994799589
0.980931526723
0.983871786791
0.98681848659
0.989770540847
0.992719564715
0.995683453222
0.998644597898
1.00161003132
1.00458040323
1.00754718434
1.01052938704
1.01350845821
1.01649243887
1.01948347864
1.0224786189
1.0254798017
1.02847560274
1.03148667158
1.03449429921
1.0375067456
1.04052617064
1.04353985374
1.04656820159
1.04959242561
1.05263349209
1.05566835946
1.0587109965
1.06175780935
1.06480176276
1.06785885577
1.07091151337
1.07397097554
1.07703369595
1.0801041007
1.08317972033
1.08624963727
1.08933391644
1.09241505689
1.09550015344
1.09859132549
1.1016875256
1.10479039143
1.10788933376
1.11100115941
1.11410984965
1.11722237053
1.12034076952
1.12346560788
1.12658537058
1.12971941791
1.13284927096
1.13598259964
1.13912253734
1.14226666111
1.14541728872
1.14857258817
1.15172270236
1.15488844142
1.15804947866
1.16121556869
1.16438584771
1.16756271045
1.17074401012
1.17392178754
1.17711333245
1.18029838995
1.1834896945
1.18668653998
1.18988817378
1.19309394143
1.19629631594
1.19951235162
1.2027236817
1.20593953712
1.20917096307
1.21239741531
1.21561980656
1.21885705942
1.22209802474
1.22533432854
1.22857477411
1.23183064623
1.23508123153
1.23833730378
1.2415883938
1.24485453741
1.24812414362
1.2513894874
1.254658766
1.25794240935
1.26122179196
1.26450621506
1.2677861492
1.2710813655
1.27437840548
1.27767317122
1.28098024701
1.28428292162
1.28759222961
1.29090487084
1.2942228487
1.29753415693
1.30085913974
1.30418997713
1.30751458097
1.31084583296
1.31418241631
1.3175208459
1.32086610217
1.3242135024
1.32756860105
1.33091562595
1.33427899528
1.33763787503
1.34101017281
1.34437531535
1.3477462077
1.35112253041
1.3544925292
1.35787665319
1.36126615256
1.36464948315
1.3680471469
1.37143895437
1.37483618875
1.3782370957
1.38164424251
1.38505500315
1.38846163109
1.39188045583
1.39530306424
1.39872099525
1.40214446357
1.4055717201
1.40901227566
1.41244853979
1.41587931092
1.4193235368
1.4227707148
1.42621381808
1.42967036905
1.43312303771
1.43658901732
1.44004966385
1.44351393809
1.44698315768
1.45045595374
1.45392227099
1.45740636339
1.46089155811
1.46437128366
1.46786620091
1.47135393228
1.47484513223
1.47834153508
1.48184400938
1.48534974894
1.48885785713
1.49237141525
1.49587787885
1.4993998464
1.50291716412
1.50644594028
1.50997252596
1.5135014523
1.51703322471
1.52056965603
1.52410933716
1.52765377702
1.5312020569
1.53474580272
1.53830174555
1.54185064192
1.5454163947
1.54897341123
1.55253524125
1.55610336897
1.55967442785
1.5632504715
1.56682894011
1.57040985082
1.57399610636
1.57757720491
1.58117171232
1.58475915112
1.58835158541
1.59195818726
1.59555752469
1.59915970468
1.60276649718
1.60637942905
1.60999512718
1.61361372072
1.61722705564
1.62085509002
1.62447365929
1.62810895921
1.63173801221
1.63537931223
1.63901619988
1.6426546841
1.64629805613
1.64994624376
1.6535964648
1.6572498871
1.66090842831
1.66456026997
1.66822591637
1.67188448243
1.67555752492
1.67922307925
1.68290388488
1.68658022141
1.69025692802
1.69394016525
1.69762581879
1.70131333242
1.70500544203
1.70870011864
1.71239991666
1.71609293063
1.71979953004
1.72349893668
1.7272124246
1.73092112622
1.73463925821
1.73835577903
1.74207256496
1.74579606959
1.74952196103
1.75324941446
1.75698165326
1.76071585249
1.76445529333
1.76819737525
1.7719337987
1.77568474129
1.77942471557
1.78318191624
1.786931275
1.79069294199
1.7944504585
1.79820947402
1.8019734576
1.80574162236
1.80951196087
1.81328377061
1.81706099488
1.82084061684
1.82462448215
1.82841300055
1.8321930803
1.83598471647
1.83978033048
1.84357178525
1.84737511166
1.85117053233
1.85497062693
1.85878446961
1.86259082405
1.86639826115
1.87021120044
1.87402920258
1.87784898861
1.88167026884
1.88549854741
1.8893256701
1.89314691249
1.89698298189
1.90082090061
1.90465409117
1.90849812297
1.91234636725
1.91618684196
1.92003111177
1.92388727729
1.92773878473
1.93159241253
1.93545977098
1.93931889577
1.94318260079
1.94704692542
1.95091630589
1.95478721895
1.95866321787
1.96254312579
1.96641475908
1.97029720574
1.97418336726
1.97807450168
1.98195769751
1.98585265815
1.98974211222
1.99364563003
1.99754089619
2.00144636202
2.00535024624
2.00925236558
2.01316928037
2.01708046285
2.02099292715
2.02490942703
2.02882653619
2.03274806761
2.03667087407
2.04059906361
2.04453109408
2.04846134935
2.05239890969
2.05633733344
2.06026739091
2.0642114794
2.0681609728
2.07210159091
2.07605299442
2.08000820122
2.0839580006
2.08791783545
2.09187263131
2.09582931831
2.09979924254
2.10376103197
2.10772659572
2.11170251596
2.11567282446
2.11964438268
2.12362119135
2.12760206432
2.13158425205
2.13556679998
2.13955366839
2.14354402421
2.14753542757
2.15152833366
2.15552523108
2.15952657225
2.16352807042
2.16753390484
2.17153022591
2.17554044698
2.17955208707
2.18355867868
2.18757571499
2.19159651438
2.19561245807
2.19963752959
2.2036542499
2.20768494013
2.21171064697
2.21574645216
2.219776517
2.22380738105
2.22785058189
2.23188524408
2.23592428321
2.23996433745
2.24401794991
2.24806248857
2.25211150273
2.25616365554
2.26021666904
2.26427037914
2.26833248586
2.27240076318
2.27646357158
2.28053065091
2.28458775233
2.28865831844
2.29272916647
2.29680478029
2.30088425773
2.30496401284
2.30904431383
2.31312775099
2.31720608556
2.32129398034
2.32538691804
2.32948004452
2.33356805828
2.33766577414
2.34176670217
2.34585854704
2.34996334165
2.35406002541
2.35816958222
2.36228323394
2.36638774661
2.37050479074
2.37461254746
2.37873320819
2.38284586133
2.38697147786
2.39108841693
2.39520928862
2.39933914706
2.40346341337
2.40760052329
2.4117294941
2.41586205523
2.4200042526
2.42414084946
2.42827713279
2.43241669829
2.43656502743
2.4407089296
2.44485253576
2.44900055099
2.45316141411
2.45731306984
2.46146801073
2.46562262495
2.46978199562
2.47394114322
2.47811387766
2.48227696325
2.48644398951
2.49061395934
2.49478335667
2.49895713683
2.50313056406
2.50730827221
2.51148537061
2.51566658285
2.51984666488
2.52403033182
2.52821428746
2.53240623893
2.53659444859
2.54078615209
2.54498212276
2.54917679501
2.55337498056
2.55757302077
2.56177493108
2.56598092601
2.57018614056
2.57439553615
2.57860344266
2.58281071278
2.58702588516
2.59123687431
2.59544705557
2.59966572568
2.60388459983
2.60810625065
2.61233150157
2.61655611295
2.62078491656
2.62501339375
2.62924534249
2.63346817396
2.63770268456
2.64194060442
2.64617747472
2.65041857185
2.65465915244
2.65890337522
2.66314755576
2.66738558916
2.67163191789
2.67588141155
2.68013533917
2.68438864143
2.68864569826
2.69290250926
2.69715320566
2.70141188915
2.70567337973
2.70993479006
2.71420394069
2.71846811689
2.72273618152
2.7269983457
2.73126843808
2.73554136013
2.73981872531
2.74409515231
2.74837117138
2.75265105904
2.7569315976
2.76121271235
2.76549650468
2.76978543272
2.77407222537
2.77835844004
2.78264818949
2.78694221434
2.79123388107
2.79552905207
2.79982301275
2.80412112304
2.80842333135
2.8127237179
2.81702876392
2.82133233818
2.82563863751
2.82994446115
2.83425351352
2.83856290106
2.84287925512
2.84719024065
2.85150489125
2.85582208957
2.86013754006
2.86445705911
2.86878057377
2.87310270535
2.87742891554
2.88175422641
2.88608147885
2.89040777793
2.89473830191
2.89906820386
2.90340041501
2.90773763582
2.91207287976
2.91641172128
2.92074824128
2.92508800098
2.92943238516
2.93377512707
2.93812113197
2.94246594658
2.946814526
2.95116065705
2.95551025293
2.95985981709
2.96421732189
2.96856876912
2.97292378309
2.97728267942
2.98164352549
2.98600304346
2.99036213124
2.994724256
2.99909047298
3.00345445666
3.00782144192
3.01219186335
3.01656011281
3.02092785175
3.0253036487
3.02967481779
3.03405284895
3.03843008605
3.04280405216
3.04718253339
3.05156432326
3.0559452569
3.06032929402
3.06471207774
3.06909792139
3.07348587249
3.07787246106
3.08226294426
3.08665174069
3.09104438171
3.09543514453
3.0998291124
3.10422615965
3.10862194754
3.11302076334
3.11741802715
3.12181902266
3.12622406835
3.13062723529
3.13503236825
3.1394368603
3.14384316102
3.14824865057
3.15266255958
3.15707052656
3.16148072167
3.16589383801
3.17031049761
3.17472572532
3.17913858222
3.18355564808
3.18797635033
3.19239594513
3.19681676755
3.20124181821
3.2056643745
3.21008606413
3.21451499995
3.21894329277
3.22336931691
3.2277982506
3.23223037546
3.23665991795
3.24109298914
3.24552464521
3.24996025034
3.25439366802
3.25883466549
3.26326920393
3.26771164052
3.27215232354
3.27659135492
3.28103427268
3.28548000376
3.28992363533
3.29436912515
3.29881361335
3.30326054077
3.30771093563
3.31216004124
3.316611967
3.32106212135
3.32551495418
3.32997056168
3.33442508347
3.33888220241
3.34333807226
3.3477976256
3.3522598719
3.3567190998
3.3611809874
3.36564141044
3.37010508757
3.37456643918
3.37903671827
3.38349912302
3.3879699256
3.39243278843
3.39690415066
3.40137354839
3.40584686528
3.4103177018
3.41479247689
3.41926387129
3.42373896254
3.42821604184
3.43269098233
3.43717037332
3.44165254498
3.44613228211
3.45060917245
3.45508894759
3.45957138748
3.46405725622
3.46854118651
3.47302262946
3.47751376777
3.48199571568
3.48648712661
3.49097552103
3.49546109845
3.4999563258
3.50444903694
3.50894019148
3.51343298609
3.51792869918
3.52242189991
3.52691777501
3.53141189053
3.53590915169
3.54040967622
3.54490728424
3.54940796813
3.55390612547
3.55840719504
3.56291116201
3.56741362371
3.57191934558
3.57642209395
3.58092766078
3.58543609676
3.58994165778
3.59444966053
3.59895609091
3.60347131585
3.6079779083
3.61248727677
3.61699878088
3.62151408552
3.62602688591
3.63053751342
3.63505709372
3.63957394022
3.64408776017
3.64860360781
3.65312319221
3.65763991155
3.66216004333
3.66668351065
3.67120371085
3.6757209166
3.68024639859
3.68476925383
3.68928862349
3.69381195892
3.69833873904
3.70286264272
3.70738935397
3.71191870702
3.71644546812
3.7209745167
3.72550155818
3.73003192361
3.73456513661
3.7390951075
3.74362756793
3.74816296277
3.75269466549
3.75722420512
3.76175688954
3.76629285957
3.77083140403
3.77536675131
3.77990521295
3.78444002821
3.7889786367
3.79351444658
3.79805972667
3.80259537575
3.80713974527
3.81168092792
3.81621832824
3.8207591224
3.82530294512
3.82985030107
3.83439382873
3.83893421907
3.84348345922
3.84802902071
3.85257199687
3.85711808889
3.86166808367
3.86621398485
3.87076340109
3.87531499178
3.87986328948
3.8844142309
3.88896246976
3.89351475174
3.89806864795
3.90261899346
3.90717210832
3.91172194386
3.91627423523
3.92082927853
3.92538317775
3.92993814264
3.93449744529
3.93905259453
3.9436100264
3.94816434005
3.95272215365
3.95728326115
3.96184072272
3.96640076541
3.97095710377
3.97551565715
3.98007690023
3.98463541335
3.9891971132
3.99376155353
3.99832244082
4.00288597927
4.00744572832
4.01200811309
4.01657416919
4.02113710634
4.0257029719
4.03027139415
4.03483602698
4.03939750381
4.04396679267
4.04853320185
4.05309620268
4.05766845747
4.06223052977
4.06680222198
4.07136931169
4.07593944486
4.08050608733
4.08507561367
4.08964288089
4.09421822996
4.09878420683
4.10335908652
4.10792889497
4.11250294516
4.11707316455
4.12164592298
4.12621519599
4.13079343952
4.1353612489
4.13993746385
4.14451069415
4.1490799976
4.15365940195
4.15823534489
4.16280688805
4.16738171366
4.17195785503
4.17653091569
4.18110708738
4.18568621492
4.19026159744
4.19483970904
4.19942006569
4.20399584595
4.20857479049
4.21314931827
4.21772767505
4.22230799348
4.22688549605
4.23146454604
4.23604003583
4.24061788834
4.24519868479
4.24978352558
4.25436363404
4.25894026201
4.26352552981
4.2680998063
4.27268343092
4.2772631434
4.28184594708
4.28642461461
4.29100637348
4.29559013078
4.30016962962
4.30475112404
4.30933615997
4.31391780127
4.31850134973
4.32308230935
4.32766516325
4.33225063827
4.33683112209
4.34141424428
4.34600113673
4.35058306529
4.35516893384
4.35974975245
4.36433244452
4.3689181055
4.3735056976
4.37808284635
4.38267014323
4.38725334975
4.39183904534
4.3964277435
4.40101106898
4.40559712444
4.41018000316
4.4147648281
4.41935289536
4.42393645793
4.42852292443
4.43311044879
4.43769375141
4.44228037473
4.44686295325
4.45144803869
4.45603552354
4.46061933469
4.46520426644
4.46979198692
4.47437610347
4.47896324872
4.48355286762
4.48813799885
4.49272627033
4.49730930029
4.50189417108
4.50648259777
4.51106567048
4.51565241793
4.52024153979
4.52482621486
4.52941251967
4.53399388127
4.53857873388
4.5431661951
4.54775670032
4.55234281602
4.55692448624
4.56151483208
4.56610083422
4.57068232842
4.57527406255
4.57985378148
4.58444300273
4.58902827298
4.59361446062
4.59819686058
4.60278084997
4.60736827729
4.61195137302
4.61653658939
4.62112560575
4.6257088163
4.63029462025
4.63488186909
4.63946628798
4.64405254667
4.64863448281
4.65321924918
4.65780595914
4.66238711018
4.66697015915
4.67155667772
4.67613844345
4.68072314283
4.68530998751
4.68989262922
4.69447693559
4.69905607168
4.70363806433
4.7082232229
4.71280357619
4.71738661953
4.72197199729
4.72655226533
4.73113363719
4.73571894803
4.74029862825
4.74488127716
4.74946641034
4.75404686781
4.75862862201
4.76320576735
4.76778548898
4.77236764592
4.77694575765
4.78152569595
4.78610914243
4.79068655611
4.79526586453
4.79984816179
4.80442550595
4.80900584087
4.81358772522
4.81816583457
4.8227449287
4.82731587691
4.83189165581
4.83647602168
4.84104866291
4.84562296827
4.85020654699
4.85477711986
4.8593558228
4.86393650153
4.86850492026
4.87308240114
4.87766139956
4.88223544187
4.8868103401
4.89137915053
4.89595624586
4.90052844003
4.90510212534
4.90967801223
4.91424839979
4.91882718332
4.92339337941
4.92796036599
4.93253688003
4.93710810901
4.94168022702
4.94624825785
4.95081723254
4.9553943013
4.95995839601
4.9645311094
4.96909157015
4.97366765039
4.97823124651
4.98280337585
4.98736950719
4.99193665669
4.99650519838
5.00106894512
5.0056345015
5.01020171301
5.0147635591
5.01933357669
5.02389693327
5.02846243115
5.03302196434
5.03759074095
5.04215421579
5.04940522568
