metodo_2_dt_1:24
4.36025497048e-05
0.00317829629621
0.00317441102207
0.00317956142768
0.00319186261236
0.00319873242106
0.00321272412765
0.00321447049333
0.00320329756024
0.00320264184534
0.00321160524882
0.00322999597173
0.00323454600889
0.00323982683898
0.00323932531017
0.00323641963323
0.0032343353481
0.00324867616711
0.00326471341193
0.00327592918084
0.00326566142416
0.00326168475306
0.00326573715692
0.0032774990665
0.00328447122605
0.00329898217021
0.00330167481106
0.0032979712021
0.00328930288703
0.00329786966037
0.00331413302989
0.00333132609958
0.0033378115014
0.00332589863633
0.00332504171729
0.0033302371275
0.00334495434657
0.00336394192407
0.00336455558476
0.00336521128879
0.0033618201466
0.00336571665965
0.00336817199467
0.00338616506063
0.00340204401192
0.00340638802631
0.00340376270949
0.00340511140398
0.0034045959131
0.00342230105991
0.00343502266917
0.00344492257756
0.00344417370042
0.00343213757923
0.00343770506827
0.00345472673449
0.00347353122245
0.00348612100341
0.00348868708397
0.00347808080401
0.00348090493353
0.00348666145979
0.00350569110832
0.00352310776519
0.00352953219707
0.0035184608657
0.00351874991811
0.003529811518
0.00354864404512
0.0035680086813
0.00356876838682
0.00357119767957
0.00356026278269
0.00356653730693
0.00358326916719
0.00360421578444
0.00362067037662
0.00361371849177
0.00361281131593
0.00361611628573
0.00362107614217
0.00364229884899
0.00366135433615
0.00365711967239
0.00365784231626
0.00366009636522
0.0036705947513
0.00369083953564
0.00371267849797
0.0037014279977
0.00370513627067
0.00370659291909
0.00371394989151
0.00373216829435
0.00373877671761
0.00375670664407
0.0037644782168
0.00376661880283
0.00377145550528
0.00376898019429
0.00378195397396
0.00380370234285
0.0038162502676
0.00382059575755
0.00380476871728
0.00381625159875
0.0038381138946
0.00386271601161
0.00385991096871
0.00386663372977
0.00386930091638
0.00387859818927
0.00387733957147
0.00390259279608
0.00392413872073
0.00393554256538
0.00391781433576
0.00391402464484
0.00393042319294
0.00395638866726
0.00395853377619
0.00397454222924
0.00398112218605
0.00396306581524
0.00397578718702
0.00399944215965
0.00402704484013
0.00402356187027
0.00403380906828
0.00403901789094
0.00402477121353
0.00404551517611
0.00407372778577
0.00407350283722
0.00408830580801
0.00409508648289
0.00407743775927
0.00409484505334
0.00412230453021
0.00412420221373
0.00414395728813
0.00415383598312
0.00413417522742
0.00414833243266
0.00417386899084
0.00417647851784
0.00420106562899
0.00421526858348
0.004194956398
0.00420645679882
0.00423877790367
0.00424056734002
0.00426938034544
0.00428867682922
0.00426921062291
0.00427918243816
0.00426895113393
0.00429829699527
0.00433032445228
0.00432408556721
0.00433765583035
0.00431701326821
0.00433279003523
0.00436026181531
0.00436234406636
0.00439123279427
0.00437812478487
0.00439827686903
0.00441201350064
0.00440428401347
0.00443754777532
0.00443796091573
0.00446123685293
0.00447510967133
0.00445451734357
0.00447552625192
0.0044741087912
0.00451886110168
0.00451391495618
0.00453151219867
0.00451049432683
0.0045280859979
0.00455801276263
0.00455989042084
0.00459321376288
0.00458109582468
0.00460482779975
0.00458578507414
0.00461170879386
0.00461233572616
0.00464898274462
0.00464141469813
0.00465895791577
0.00464761597543
0.00467006844891
0.0046680019724
0.00470665314349
0.00470335155054
0.00472596607952
0.0047051691869
0.00473415057499
0.00472837286314
0.00476756016177
0.00476770315578
0.00479495190211
0.00477556433661
0.00480286170845
0.00479282193893
0.00483112111252
0.00483425639814
0.00486704134052
0.00485965068315
0.0048776095713
0.00486343192097
0.00489970777386
0.00490276057312
0.00491058570719
0.00493801891068
0.00491801815619
0.0049399888024
0.00493333631591
0.004984779996
0.00498647388701
0.00497876213589
0.00500073569639
0.00498231143502
0.00502087952366
0.00502108916436
0.00506565484823
0.00506224283777
0.00505701297303
0.00507890391291
0.00506438335093
0.00510255584041
0.00511558939576
0.00511644170447
0.0051479725705
0.00513031252229
0.00516384069706
0.00515661604471
0.00515951964974
0.00520547748495
0.00520918103836
0.0051945005321
0.00521800339934
0.00521581892993
0.0052589281397
0.00526399984395
0.00526451748175
0.00530473593468
0.00528603342028
0.00527146252268
0.00532038354355
0.00532655078595
0.00532975533823
0.00536639104248
0.00535847743648
0.00534159940365
0.0053793718285
0.00539152703715
0.00539726090885
0.00543949263864
0.00543608968574
0.00541839626576
0.00545182299412
0.00546092408898
0.00546890478811
0.0054711958395
0.00551606773957
0.00549919426538
0.00548624018641
0.0055369141901
0.00554289512411
0.00554859124665
0.00560060934828
0.00558615863414
0.00557006433439
0.00557142500397
0.00562274220695
0.00563918239274
0.00564010267015
0.00562974360353
0.00567002166597
0.00565891296644
0.00565944335345
0.00567785315983
0.00572985498657
0.00573282005469
0.00571819178031
0.00570603029485
0.00575844382673
0.00576539587448
0.00578378641035
0.00578325926675
0.00581938670883
0.00581315890238
0.00580731960787
0.00582035960946
0.00583017035344
0.00589260063098
0.00588538816647
0.00587113203707
0.00587076466754
0.00587158603228
0.00593823663863
0.00594796125587
0.00595443849406
0.00594247048416
0.00593147659158
0.005985689444
0.00599360800271
0.00601455397017
0.00601760089553
0.0060179241045
0.00600649669115
0.00605739148462
0.00606230999568
0.00608424587222
0.00609191733045
0.00609694410638
0.006086787907
0.00613535511586
0.00613816606945
0.00615770782965
0.00616892364599
0.00618078978805
0.00617185609297
0.00616920628648
0.00616812396386
0.00623574413796
0.00625075755091
0.00626595681637
0.00626121417865
0.00626040357521
0.00625419763831
0.0062698786969
0.00628351620012
0.00630307480903
0.00635622422036
0.00635555238488
0.00634876450489
0.00635876613641
0.00637114806045
0.00639553284549
0.00640957020483
0.00640582628738
0.00640486874072
0.00640265874766
0.00642253269963
0.00643817643923
0.00651089477393
0.00651001067626
0.00651169091911
0.00651478348908
0.00652089568262
0.00654653357232
0.00656109267438
0.00657567126915
0.00657812850722
0.0065729682968
0.00658343923981
0.00659894067472
0.00662429888837
0.00664228618004
0.00664236199131
0.00664347232518
0.00664395990608
0.00666272218961
0.00669083504003
0.00670519106479
0.00671857587413
0.00672126082142
0.00671917301707
0.00673411490041
0.00675313966417
0.00677922035704
0.00679802136736
0.00679568434295
0.00680069792232
0.00681177223622
0.0068284877381
0.00685649704543
0.00688047859337
0.00688267645794
0.00688824621362
0.00689606194883
0.00690942567443
0.00693765521497
0.00696598474146
0.00697350860296
0.00698138012926
0.00698711600316
0.00700478211705
0.00702348209165
0.00700017859699
0.00702120049201
0.00702472786707
0.00702989243445
0.00704379927382
0.00706766022934
0.00709215357291
0.00711814059314
0.00713476074321
0.00713518654755
0.00714422576551
0.00716658921848
0.00719672655307
0.0071652905547
0.00718522284708
0.00719664619804
0.00720411976408
0.00721448257899
0.00724466522604
0.00727690196923
0.00730439558478
0.00731010563484
0.00726415045758
0.00727696445935
0.00730388291155
0.00733088160239
0.00736082608593
0.0073819046532
0.00739156993354
0.00734820704312
0.00736109030476
0.0073950006778
0.00743047453172
0.00745489895546
0.00747028046572
0.00741566539561
0.00743496256553
0.00746633998743
0.00750132848743
0.00753313318961
0.00755111413449
0.00749930375493
0.00751555073802
0.00754118594294
0.007578400762
0.00761445530916
0.00763790172213
0.00758839309881
0.00760062927747
0.00762465822596
0.0076602566903
0.00769689606773
0.00767078491514
0.00769025875489
0.00769448240428
0.00771501688865
0.00769031650126
0.00772783021024
0.00776385686954
0.0077862846227
0.00780234403399
0.00776264429076
0.00778914522291
0.00782056267369
0.00786044791961
0.00783060907701
0.00784987443632
0.00786658998737
0.0078893977113
0.0078684790152
0.00791039719619
0.00794375867771
0.00790974619313
0.00792692188083
0.00794868110746
0.00797229137376
0.00795646566009
0.00799660977447
0.00802363613009
0.00804330586841
0.00800463227065
0.00803207260371
0.00807318539882
0.00805808090904
0.00809063081473
0.00811414350535
0.00807483839149
0.00810091399578
0.00813685196692
0.0081818356318
0.00816311428721
0.00818924161699
0.00820979621236
0.00817422634861
0.00820893539571
0.00825120056752
0.00823635308359
0.0082704860097
0.00829405299787
0.00825434892536
0.0082852159388
0.00826883956156
0.00831305238961
0.00835275582456
0.00832145633962
0.0083434308204
0.00836849509587
0.00834869388909
0.00839622519299
0.00844079944509
0.00841453436265
0.00843612553407
0.00840175573942
0.00844510166894
0.00849176049783
0.00847761901659
0.00851656849402
0.0085443346557
0.00850878217207
0.00853834914199
0.00852268994181
0.00857257940162
0.00855702933693
0.00858951421411
0.00861228165689
0.00858883183909
0.00862951751383
0.00861949952924
0.00866812423028
0.00870385350811
0.00867149997171
0.0086987119636
0.00867533006942
0.00873133015061
0.00872011388132
0.00876387808621
0.00873567783519
0.00876263751668
0.00879603588354
0.00877848643082
0.00883890539169
0.00882716525685
0.0088645698313
0.00883266532988
0.0088633779588
0.00884200273568
0.0089017525748
0.00889375096895
0.0089368192419
0.00890812082262
0.00893763635824
0.00891227940708
0.00896981992456
0.00896392425507
0.00901247650841
0.00898829264794
0.00901839233217
0.00899708516161
0.00904381554165
0.00903820467822
0.00909143442298
0.00908004285803
0.00911253116081
0.00908403326421
0.00912700582164
0.00912476770961
0.00918132778863
0.00916795646295
0.00920449659258
0.00918271323292
0.0091606725314
0.00921213848869
0.00920878390289
0.00926681399141
0.00924687220321
0.00928042982297
0.00925527950297
0.00931072895947
0.00930691244565
0.00930271068992
0.00935737502308
0.00933226937759
0.00936461798625
0.00934693999134
0.00941043462288
0.00940860808566
0.00939967281345
0.00944816679226
0.00942146378831
0.00946226018262
0.00946051336897
0.00945948003919
0.00951730439301
0.00950912622409
0.00954647272912
0.0095200071993
0.00951438194241
0.00957444534493
0.00957363461155
0.00957111168482
0.00961205917089
0.00959469704133
0.00957785491647
0.00963539868686
0.00964375480397
0.00970155814892
0.00968501481924
0.00966848051867
0.00971085045653
0.00970982323996
0.00971086359375
0.00977309432151
0.00976937875398
0.00974811756409
0.00979601373695
0.00978095703268
0.00978758424417
0.00985281420813
0.00984737885952
0.00983752109013
0.00987805900186
0.00986929916039
0.00986557199891
0.00987648269661
0.00993889189599
0.00992689845876
0.00991349797762
0.00995770518238
0.00995737344438
0.00996026191191
0.010033962361
0.0100275733445
0.0100173668575
0.00999739453674
0.0100562306263
0.0100567921922
0.0100695479227
0.0100686565208
0.0101262726068
0.0101067300537
0.0100990849139
0.0100962618182
0.0101726420716
0.0101762687954
0.0101761389036
0.0101617442499
0.0102152419294
0.0102084361715
0.0102201630556
0.0102270149145
0.0102960189813
0.0102898432748
0.0102722009042
0.0102688370232
0.0102705796578
0.0103496304759
0.0103530864418
0.0103519920568
0.0103428053635
0.0103929778987
0.0103981161606
0.010406072405
0.010420787153
0.0104181679166
0.010411967571
0.0104706245706
0.0104646605789
0.010477780635
0.0104950235262
0.0104979552888
0.0105600688604
0.0105451080222
0.0105427521802
0.010552613149
0.010563443627
0.0105783164851
0.010645943879
0.0106358032784
0.0106309909337
0.01063694213
0.0106467342687
0.0106650899991
0.010674332185
0.010665025875
0.0107234917102
0.0107255494332
0.0107327824002
0.0107558387654
0.0107703868224
0.0107659726271
0.010761192232
0.0107601425982
0.0108281482721
0.0108483152197
0.0108671999858
0.0108754721642
0.010869157648
0.0108662294989
0.0108730205267
0.0108844291765
0.0109061958753
0.0109201225654
0.0109867992514
0.0109795079015
0.010982629095
0.0109980623673
0.0110209173234
0.0110327939978
0.0110401398026
0.0110386646295
0.0110420120225
0.0110536200429
0.011068722151
0.0110914404536
0.011104495476
0.0111063828187
0.011101494145
0.0111091794298
0.0111290197416
0.0111539116132
0.0111724358984
0.0112439569713
0.0112396622904
0.0112440164536
0.0112604397338
0.0112857129778
0.0113088429638
0.0113239113072
0.0113190923437
0.0113213201358
0.0113338026034
0.0113576937084
0.011384026766
0.0114048231621
0.011410972735
0.0114057303476
0.0114144583999
0.0114385033652
0.0114663052878
0.0114240997043
0.0114353736953
0.0114384150391
0.0114471889815
0.0114645169912
0.0114849414375
0.011512059717
0.0115290323105
0.0115381215291
0.0115424297026
0.0115558174442
0.0115812091629
0.0116138559246
0.0116364209676
0.0116470586245
0.0116516106229
0.0116645105519
0.0116866710832
0.0117170680681
0.011678920166
0.0116979827991
0.0116976287898
0.0117051421829
0.0117233798339
0.0117556965482
0.0117865958282
0.0118084350517
0.0118187817059
0.0118285113479
0.0118429606088
0.0118039669983
0.0118366557599
0.0118668673021
0.0118821740692
0.0118898864288
0.0119012168255
0.0119342923458
0.0119670266917
0.0119327571068
0.0119567394335
0.0119672123979
0.0119767368777
0.0119959290297
0.0120299571784
0.0120644095756
0.0120251203759
0.0120429173118
0.0120523427111
0.0120679154117
0.0120988904172
0.0121344149401
0.0121000669496
0.0121270426266
0.0121412459229
0.0121541937925
0.0121783005737
0.0122161425918
0.0121855040909
0.012211367605
0.012229047268
0.0122477384468
0.0122679640087
0.0122372943658
0.0122749034934
0.0123062914428
0.0123288030266
0.0123413375796
0.0122988543362
0.0123308776806
0.01236885355
0.0124048826403
0.012366715676
0.0123816545381
0.0124033436689
0.0124314826979
0.0124680929989
0.0124408720077
0.0124747323263
0.0125005997631
0.0125181676256
0.0124730887954
0.0125067798649
0.0125504930815
0.0125933378968
0.0125510922681
0.0125700382763
0.0125885504223
0.012558874382
0.0126021143597
0.0126421900212
0.0126753177076
0.0126346012004
0.0126516358467
0.0126807996106
0.0126523803683
0.0127048043015
0.0127404052428
0.0127640938803
0.0127179359542
0.0127473172438
0.0127822015745
0.0127618942
0.0128090742684
0.0128413701039
0.0127942478289
0.0128212965908
0.0128553909243
0.0128308121212
0.0128845854086
0.0129195522047
0.0128793037812
0.0129056155458
0.0129327875904
0.0129086593764
0.0129610606417
0.0130045476205
0.0129661372192
0.0129966690497
0.0130208177687
0.0129898473074
0.0130453335176
0.0130231393127
0.0130671160126
0.013090668707
0.0130493124876
0.013087976942
0.01313184555
0.0131222165127
0.0131620520117
0.0131261782639
0.0131552726996
0.0131868308929
0.0131672816546
0.0132189163452
0.0132035025613
0.0132399418243
0.0132709258984
0.0132296962267
0.0132697636176
0.0132571013004
0.0133088724737
0.0132876620195
0.0133185584232
0.0133500798897
0.0133191555198
0.0133711641286
0.0133579493718
0.0134092571445
0.0133779742676
0.0134101844396
0.013443198437
0.0134245216167
0.0134787300851
0.013467397923
0.0135089062778
0.013476496677
0.0135074895891
0.0134848602007
0.0135375452131
0.0135293067629
0.0135832257239
0.0135482487598
0.0135855755518
0.0135525317485
0.0136089719396
0.0135953708656
0.013654474903
0.0136313898867
0.0136635413592
0.0136343322837
0.0136803476891
0.0136728729336
0.0137360062745
0.0137119621737
0.0137540640049
0.0137167716593
0.0137655532434
0.0137558883486
0.0138148307297
0.013806190084
0.0138497876601
0.0138160559012
0.0138582712468
0.0138417811911
0.0138373265213
0.0139008676777
0.0138759134332
0.0139185230896
0.013890985397
0.0139380696367
0.0139355554256
0.0139993569558
0.0139899599362
0.0139591201258
0.0140016028851
0.0139807712302
0.0140364678717
0.0140375772227
0.0140978929145
0.0140818979656
0.0140481701885
0.014095085351
0.0140829163752
0.0141448725142
0.014145006827
0.0141315214665
0.0141781677856
0.0141459620595
0.0141330900032
0.0141997209528
0.0141993476086
0.0142624245311
0.0142359874658
0.0142137231645
0.0142648862481
0.0142574610732
0.0142612682887
0.0143194248582
0.0143082682998
0.014355623975
0.0143332988845
0.0143252559524
0.0143860092071
0.014389979075
0.0143846078222
0.0144323214074
0.0144122610432
0.0143970466047
0.0144586281561
0.0144645821917
0.0144613777452
0.0145173058459
0.0144980510438
0.0144795989062
0.0144764437843
0.0145503395216
0.0145450267246
0.0145387776456
0.0145867445767
0.014569582599
0.0145624151375
0.0146315087552
0.0146390310384
0.0146384778921
0.0146228045347
0.0146732511649
0.0146623440415
0.0146605701181
0.0147372705439
0.0147352631794
0.0147248190568
0.0147089937563
0.0147632779719
0.0147576529088
0.0147658207611
0.0147743439678
0.0148376417766
0.0148250850175
0.0148101367661
0.0148005932671
0.0148745317008
0.0148853209014
0.0148861947959
0.0148783870514
0.0148639606328
0.0149189826271
0.0149215072185
0.0149327900539
0.0149383774872
0.0150041789296
0.0149920032625
0.0149866729917
0.0149819387573
0.0149919199424
0.015072169283
0.0150723372355
0.0150641203267
0.0150516793784
0.0150431368502
0.0151184111305
0.0151321474359
0.0151409243947
0.0151345139089
0.0151298501935
0.015121665496
0.0151898893886
0.0152033407936
0.0152163085498
0.0152189601958
0.0152074533698
0.0151976785994
0.0152037090591
0.0152833103356
0.0152955516486
0.0153038557138
0.0153001760589
0.0152872152824
0.0152896868172
0.0152979678091
0.0153825219539
0.0153923799464
0.0153941578611
0.0153865312466
0.0153865293606
0.0153875380183
0.0154029328771
0.0154197502059
0.0155020423389
0.0154947434934
0.0154873266026
0.0154877952139
0.015500633035
0.015525813069
0.0155354396389
0.0155364657812
0.0155299840961
0.0155337967091
0.0155396628699
0.0155583924055
0.0156505470984
0.0156572366479
0.0156501032496
0.0156455359288
0.0156572539498
0.0156742866279
0.0156946233059
0.0157101349561
0.0157106425354
0.0157059219668
0.0157139831823
0.0157279688812
0.0157460462718
0.0157700280125
0.0157758786238
0.0157728456545
0.0157782244022
0.015784976145
0.0158057431421
0.0158335802514
0.0158452111448
0.0158455867261
0.0158463726153
0.015852573302
0.0158774988274
0.0159010675588
0.0159182327473
0.0159264533212
0.0159247431249
0.0159340717599
0.0159490669533
0.0159794584802
0.0160012635621
0.0160086027473
0.0160157737107
0.0160165034188
0.0160339861922
0.0160565095893
0.0160879829946
0.0161010814395
0.016112269918
0.0161125183521
0.0161262156199
0.0161458931264
0.0161788197012
0.0162005836037
0.0162135434566
0.016215156869
0.0162259441694
0.0162418836046
0.0162059973215
0.0162318497588
0.0162505380518
0.0162552627188
0.0162645580504
0.0162765021459
0.0163069786931
0.0163353801396
0.0163631334584
0.0163724529222
0.0163786002786
0.0163934963477
0.0163457759718
0.0163812810144
0.0164074364777
0.0164286738524
0.01644033828
0.016446420774
0.0164662301737
0.0164942254432
0.0165303287002
0.0164888309461
0.0164978193011
0.0165095176703
0.0165288820508
0.0165542268273
0.0165920922781
0.0166146522354
0.0165665577278
0.0165792716625
0.016589097704
0.0166172056416
0.0166549908827
0.0166853446881
0.0166429525188
0.0166584859906
0.0166729578521
0.0166906623755
0.0167231981997
0.0167627779627
0.0167196634337
0.0167395492886
0.0167539676246
0.0167744506931
0.0168009368201
0.0167729672449
0.0168098165221
0.0168350852104
0.0168448943982
0.0168627731226
0.016823222768
0.0168629590601
0.0168937107873
0.0169247818717
0.0169445089372
0.0168926796685
0.0169177160093
0.0169486781027
0.0169914237967
0.0169593934674
0.0169839155772
0.0170013634113
0.0170167491348
0.0169820121375
0.0170249539161
0.0170660642187
0.0170962390506
0.0170476287856
0.017067314632
0.0170907693536
0.0171322403764
0.0171078600524
0.0171437452631
0.0171678188591
0.0171836872555
0.0171411488884
0.0171796481512
0.0172188558111
0.0171913324332
0.0172206309782
0.0172414297964
0.0172647103154
0.0172307870764
0.0172758394115
0.0173209842672
0.0172874240679
0.0173114243033
0.0173332936161
0.0172954237344
0.017338302918
0.0173858375329
0.0173578905995
0.0173865183877
0.0174087501594
0.0173674259593
0.0174069276463
0.0174550203625
0.0174318308359
0.0174659848255
0.0174904237475
0.0174467699829
0.0174823123477
0.017529180058
0.0175093505301
0.0175492863829
0.0175775932424
0.0175331986707
0.0175649117512
0.0175404086007
0.0175908594429
0.0176361533991
0.0176008442949
0.0176262526261
0.0176584780522
0.0176365895152
0.017686874597
0.0176677638626
0.0177068117144
0.0177351783227
0.0176934840088
0.0177299216409
0.017709661855
0.0177618869012
0.017813008312
0.0177770757181
0.0178041183538
0.0177682847171
0.0178134688679
0.0177979449146
0.0178539679979
0.0178921807721
0.0178524011982
0.0178826984993
0.0178552936643
0.0179074902327
0.0179020775678
0.0179460119601
0.0179098652164
0.0179391147551
0.0179828329744
0.0179638218528
0.018019170539
0.0179998671875
0.0180436208075
0.018005009562
0.0180391203346
0.0180165434852
0.0180783174452
0.0180635160085
0.0181101228752
0.0180741396797
0.018112614803
0.0180860515531
0.0181398554996
0.0181343881298
0.0181831519951
0.0181513570887
0.0181832300043
0.0181592639249
0.0182100599973
0.0182030438545
0.0182632679002
0.0182367466592
0.0182765267091
0.0182434438561
0.0182904243328
0.0182854996606
0.0183433472568
0.0183225585611
0.0183005600867
0.0183348283429
0.0183154743407
0.0183706436806
0.0183620473799
0.0184218509528
0.018394599241
0.0184357164685
0.0184065679373
0.0183932536427
0.0184600599495
0.0184495401176
0.0185028576741
0.0184712440062
0.0185149184717
0.0184939693316
0.0184943957818
0.0185558085151
0.018546193948
0.0185872243795
0.0185552610935
0.0185368517163
0.0185931843863
0.0185937716353
0.0186617285802
0.0186391721382
0.0186148135629
0.0186557403354
0.0186459684795
0.0187086411509
0.0187120268517
0.0186952188157
0.0187425444875
0.018713196826
0.0186994387737
0.018760063723
0.0187624373726
0.01876120915
0.0188066830428
0.0187838073372
0.0188288736548
0.0188238092746
0.0188305745126
0.0188929796147
0.0188815074644
0.0188543190557
0.0189032061272
0.0188941934867
0.0188935980975
0.0189658483406
0.0189601368663
0.0189366161422
0.0189159089534
0.0189716670423
0.0189684648881
0.018973854856
0.0190422446132
0.0190236701145
0.0190038574002
0.0190600927449
0.0190496163402
0.0190549756365
0.0190590970096
0.0191211665017
0.0191013955647
0.01908345689
0.0191439588874
0.0191475557942
0.0191482431154
0.0191509990558
0.0192068420259
0.0191887036237
0.0191705344287
0.0191710675982
0.0192514374164
0.0192555625989
0.0192480526516
0.0192253275342
0.0192830521481
0.0192796676062
0.0192869519061
0.0192949093602
0.0193555464729
0.0193461135775
0.019330308154
0.0193229666395
0.019327897373
0.0194102875582
0.0194077324239
0.0193994368491
0.0193842339964
0.0194458506601
0.0194472372662
0.0194576168365
0.0194659490428
0.0194669173463
0.0195227840361
0.0195036368949
0.0195010205225
0.0195136103541
0.0195251061652
0.0195281424737
0.0195880196531
0.0195783285241
0.0195719172098
0.0195779313861
0.0195908218367
0.0196027427438
0.0196677803624
0.0196557830571
0.019646445332
0.0196523360918
0.0196647672753
0.0196770559583
0.0196791976508
0.0197426308692
0.0197317913472
0.0197299814126
0.0197439692373
0.0197586993914
0.0197664165461
0.0197621173238
0.0198238628473
0.0198185221703
0.0198254538173
0.0198407886652
0.0198569749435
0.0198581365911
0.0198496672277
0.0198519160328
0.0198548822498
0.0198690384384
0.0199572680471
0.0199641735334
0.0199594585236
0.0199509308771
0.0199536873536
0.01996514191
0.0199890383229
0.02000499642
0.0200053055218
0.0199978203841
0.019997474998
0.0200052422336
0.0200290009886
0.0201141382444
0.02012381877
0.0201191501188
0.0201133112277
0.0201207423849
0.0201426185829
0.0201619039001
0.0201772528561
0.0201769220194
0.0201772841503
0.0201810578273
0.0201934888792
0.0202137025286
0.0202402775765
0.0202453030771
0.0202411879599
0.0202423336846
0.0202570932085
0.0202764059956
0.0203004218261
0.0203111894755
0.0203168247285
0.0203168689948
0.0203214029798
0.0203444938554
0.0203705265642
0.0203867429795
0.0203972031279
0.020397953382
0.0203991798301
0.0204186951171
0.0204448953996
0.0204656171301
0.0204816759302
0.0204849563979
0.0204903867438
0.0204996238045
0.0205242382333
0.0205542428357
0.0205735006199
0.0205148879903
0.0205136802473
0.0205228727213
0.0205469865275
0.0205719797588
0.0206026102024
0.0206114795767
0.0206217363592
0.0206243368018
0.0206383535778
0.0206727542027
0.020697337897
0.0207181819634
0.0207254102494
0.0206643570881
0.0206780901576
0.0207064868927
0.0207333613634
0.0207634864483
0.0207715829205
0.0207794011685
0.0207896717172
0.0208146447702
0.0207835448039
0.0208083461738
0.0208281869953
0.0208357185072
0.0208461691644
0.0208646478759
0.0208969352394
0.0209250904701
0.020885964379
0.0208998344284
0.0209071063678
0.0209241872772
0.0209474322951
0.0209871485488
0.0210180044917
0.0209660159107
0.0209769097944
0.0209909237534
0.0210141770598
0.0210498263091
0.0210886269009
0.0210385614381
0.0210561484977
0.0210684735835
0.0210839079347
0.0211213453271
0.0210905576304
0.0211183009133
0.0211365197098
0.0211526728767
0.0211644930476
0.021126469388
0.021168638691
0.0212037221151
0.0212248848006
0.0212391656049
0.0211900541871
0.02121643469
0.0212475560337
0.021290016447
0.0213193798716
0.0212726183837
0.0212870964761
0.0213070934986
0.0213418882365
0.0213178407373
0.0213525492839
0.0213752888922
0.0213881648014
0.0213389888075
0.0213739090176
0.0214144544026
0.0214573933046
0.0214173850122
0.0214328652242
0.0214501019757
0.0214126786391
0.0214514691476
0.0214934777172
0.0215313079984
0.0214850906751
0.0215058349734
0.0215291596495
0.0215624780359
0.0215372448827
0.0215800987582
0.0216074708559
0.0215614879496
0.0215820097335
0.021617633516
0.0215917103244
0.0216383670846
0.0216714320673
0.0216288040721
0.0216480112245
0.0216757922497
0.0216513622571
0.0216963588622
0.0217387250467
0.0216969936316
0.0217205083253
0.0217448636191
0.0217169421997
0.0217622657397
0.0218092394471
0.0217730389627
0.02179888492
0.0218210293353
0.0217890705035
0.0218329541773
0.0218831209282
0.0218526069093
0.0218824048756
0.0219102051952
0.0218743765179
0.0219153674107
0.0218987183662
0.0219416228526
0.0219765488874
0.0219311162454
0.021960537315
0.0219357472951
0.0219868376186
0.0220338294613
0.0220062004143
0.0220358487176
0.0219916700343
0.0220348247758
0.0220799974074
0.0220650866229
0.0221073886815
0.0220733449061
0.0220974881421
0.0220689436216
0.0221106986987
0.0221646344098
0.0221435357035
0.0221893134276
0.0221473211916
0.0221782025906
0.0221478570184
0.0222068081264
0.0222612083874
0.0222344518703
0.0222681543749
0.0222323810927
0.0222700800866
0.0222481488104
0.0223104686954
0.0222890756614
0.0223276992903
0.0222928996649
0.0223273854544
0.0223056453354
0.0223639462009
0.0223507347363
0.0223910965643
0.0223629119567
0.0223916577156
0.0223658627225
0.0224222959487
0.0224118553252
0.0224679194421
0.0224339095506
0.0224663628564
0.022439211985
0.0224900999512
0.0224829580351
0.0225377627249
0.0225090393097
0.0225494168566
0.0225172045343
0.0225665017573
0.0225561385552
0.0226169984168
0.0225978539943
0.0226377867062
0.0226043721847
0.0225855425596
0.0226368410444
0.0226355926192
0.0226860363261
0.0226665579602
0.0227018145585
0.0226757043869
0.0226593615737
0.0227223674068
0.022713214797
0.022763397734
0.0227330821724
0.0227767448734
0.0227586340581
0.0227498061173
0.0228139651121
0.022799520592
0.0228474322354
0.0228187454549
0.0227945298742
0.0228529286546
0.0228481000055
0.0229129452503
0.0228941387466
0.0228645374929
0.0229076232199
0.0228981339283
0.0229606753366
0.0229575906251
0.0229483958025
0.0229898340601
0.0229635110709
0.0229500045155
0.0230063625537
0.0230095389951
0.0230058877264
0.0230479430319
0.0230258304844
0.0230049040152
0.0230679195189
0.0230654011333
0.0231304163162
0.0231201561584
0.0231001929021
0.0231385348472
0.0231296566918
0.023128141488
0.0231325290613
0.0231958284989
0.0231695122681
0.0231493606196
0.0232044170951
0.0232001064343
0.0232060727681
0.0232684144692
0.0232532977208
0.0232341913413
0.0232822146174
0.0232780413045
0.0232837205374
0.0232785046022
0.0233407555527
0.023324471064
0.0233029192515
0.0233624920983
0.0233661772664
0.0233697828209
0.0233698474835
0.0234256897195
0.023404087296
0.0233922035911
0.0233864434485
0.0234586098998
0.0234635234427
0.0234569421867
0.0234371857534
0.0234904254241
0.0234868762452
0.0234902849853
0.0234988148941
0.023561732732
0.0235493932232
0.0235338276239
0.0235263180278
0.0235271711886
0.0236052658509
0.023609754642
0.0235983176662
0.0235835095128
0.0236403775058
0.0236375495019
0.0236542008614
0.0236631039775
0.0236572429495
0.0237126421009
0.0236997730381
0.0236928754096
0.0237016151654
0.0237134321596
0.0237132046335
0.0237726776022
0.0237594671291
0.0237549899593
0.023760634978
0.0237735722499
0.023778371755
0.0238430183913
0.0238313057868
0.023827942709
0.0238257114517
0.0238379258245
0.0238505165798
0.0239168639661
0.0239145987542
0.0239036522044
0.0238973714766
0.0239072397276
0.0239220171288
0.023936434488
0.0239286513838
0.0239856707942
0.0239798807033
0.0239884737043
0.0240035941383
0.0240163870529
0.0240180454058
0.0240120262219
0.024003973878
0.0240062923151
0.0240897003541
0.0241056702266
0.0241129889856
0.0241147866789
0.0241020876025
0.024100491921
0.0241174909847
0.0241309050427
0.0241434027817
0.0241502631484
0.0241427227212
0.0242077596311
0.0242147003437
0.0242316720187
0.0242544280036
0.0242567079317
0.0242583167753
0.0242520081351
0.0242508882694
0.0242719733892
0.0242910078825
0.0243090331951
0.0243048598669
0.0243048677412
0.024304115975
0.0243218505247
0.0243375385704
0.0243541303893
0.0243655374263
0.0243612609633
0.0243602042849
0.024367700909
0.0243924541974
0.0244187102203
0.0244255686708
0.0244311195445
0.0244268768001
0.0244366176453
0.0244484480624
0.0244764351233
0.0244925932923
0.0245030143422
0.0245018381537
0.0245021032769
0.0245204404315
0.0245420864813
0.0245647197473
0.0245807092635
0.0245799653804
0.0245845172192
0.0245885206174
0.0246145309402
0.0246439392724
0.0246593016366
0.0246689573074
0.0246692618383
0.0246735185472
0.0246963343077
0.0247267047218
0.0247429956854
0.0247578924079
