metodo_2_dt_1:24
1.16440452895e-06
0.0162386975251
0.0162390937599
0.0162408312763
0.016242040957
0.0162437140182
0.0162432983228
0.0162409223152
0.0162373548323
0.0162329207824
0.0162282158457
0.0162235086066
0.0162190290483
0.0162150121773
0.0162109961707
0.0162074175302
0.0162041380998
0.0161995962969
0.016196941025
0.0161934379156
0.0161878322361
0.0161836764808
0.0161784671906
0.016173831883
0.0161719850839
0.0161773596161
0.0161861172745
0.0161952159014
0.0162081475783
0.01622688708
0.0162483179257
0.0162700155273
0.0162903348699
0.0163096545541
0.0163294222104
0.0163516159072
0.0163745052038
0.0163942062978
0.0164135825874
0.0164337622802
0.0164579791577
0.0164831842965
0.0165085606204
0.0165408063987
0.0165724380072
0.0166061690258
0.0166522797852
0.0167071118728
0.0167803528154
0.0168757392402
0.0169733504268
0.0170742095623
0.0171785137726
0.0172856686041
0.0173957654279
0.0175081064463
0.0176232640031
0.0177403491716
0.0178583559635
0.0179783423784
0.0180983979973
0.01821829793
0.018337460196
0.0184557265776
0.0185722129488
0.0186868912611
0.0188004161267
0.0189121153323
0.0190223577427
0.0191303548983
0.0192365537304
0.0193417526215
0.0194451379861
0.0195475071896
0.0196485921076
0.019749458355
0.0198481888537
0.0199461518055
0.0200448071937
0.0201416902225
0.0202385289409
0.0203344660487
0.0204294749669
0.0205246810576
0.0206182310013
0.0207110545907
0.0208020169348
0.0208910205212
0.0209775772588
0.0210603774284
0.021141030977
0.0212166539881
0.0212881720445
0.0213554409434
0.0214184135775
0.02147713399
0.0215311499411
0.0215811738028
0.0216262933495
0.0216676090076
0.0217050772663
0.0217387741889
0.0217690523396
0.0217959389162
0.0218198507894
0.0218409686693
0.0218593417571
0.021875156838
0.021888776579
0.0219001295384
0.0219093611906
0.0219164300881
0.0219205871045
0.0219225389647
0.0219227292555
0.0219189751352
0.0219124206536
0.0219018926942
0.021887487447
0.0218692221109
0.0218464240535
0.0218190839647
0.0217872255433
0.0217506813175
0.0217103617649
0.0216657784001
0.0216179230424
0.0215670465837
0.0215126041066
0.0214558151123
0.0213964155412
0.021335416523
0.021272762109
0.0212094132742
0.0211454296379
0.0210809657899
0.0210168869128
0.0209527443892
0.0208896106354
0.0208273630426
0.0207655517807
0.0207053005553
0.0206454190489
0.0205870768036
0.0205297516936
0.0204721093035
0.0204157897322
0.0203604078411
0.0203058072866
0.0202530597628
0.0202007594142
0.0201508273304
0.0201032037695
0.0200591350619
0.0200185994314
0.0199818017003
0.0199510973271
0.0199250132226
0.0199061163011
0.0198941283581
0.0198900101968
0.0198942850695
0.0199079869561
0.0199307178301
0.0199637524981
0.0200074912205
0.0200610447745
0.0201261056562
0.0202022008421
0.020288756006
0.0203860897654
0.0204933641003
0.0206125288807
0.020740977198
0.0208795157302
0.0210288426903
0.0211885399132
0.0213581808831
0.0215388395194
0.0217307312785
0.02193325071
0.0221481690074
0.0223753527413
0.0226139580308
0.022865506833
0.0231297681547
0.0234068342897
0.0236967525208
0.0240001127378
0.0243162522683
0.0246456623154
0.0249877015101
0.0253428423096
0.0257097012828
0.0260886243615
0.0264790614777
0.0268797588544
0.0272902190081
0.0277103019535
0.0281384788071
0.0285755341011
0.0290196065796
0.0294717067139
0.029928960787
0.0303943745135
0.0308656630681
0.0313437240278
0.0318279259196
0.0323182632031
0.0328156641822
0.0333201152149
0.0338301446734
0.0343472483479
0.0348700461457
0.0354006500744
0.0359367871785
0.0364802942552
0.0370298638703
0.037585200896
0.0381467929182
0.0387147420063
0.0392882127434
0.039865893064
0.0404482436529
0.0410339219666
0.0416225237682
0.0422141223687
0.0428084878386
0.0434033069702
0.0439993991273
0.0445956687376
0.0451931937144
0.0457915191135
0.0463897161868
0.046987251214
0.047585937217
0.048185096226
0.0487835359806
0.049383221079
0.049983382038
0.0505835893349
0.0511858762219
0.0517879040593
0.0523912514101
0.0529946346055
0.0536001239155
0.0542054668902
0.0548125223532
0.0554193592384
0.0560275869206
0.056635145338
0.0572427013362
0.0578500135333
0.0584556041024
0.0590593341905
0.0596609115765
0.0602592497971
0.0608553931095
0.0614473718158
0.0620354984424
0.0626200756096
0.0632005214624
0.0637773375247
0.0643500856714
0.0649194095915
0.0654849313921
0.066047315686
0.0666054488428
0.0671609272829
0.0677135131836
0.0682621444937
0.0688093548611
0.0693528949195
0.0698941762198
0.0704329991059
0.0709695568589
0.0715035889173
0.0720353308825
0.0725644196063
0.073090779451
0.0736138455695
0.0741334332216
0.0746487904286
0.0751597990848
0.0756653264737
0.0761661105648
0.0766609848765
0.0771501537669
0.0776329532157
0.0781102732065
0.0785814406549
0.0790466968264
0.0795056021244
0.0799591540268
0.0804066210407
0.0808495624239
0.0812863876873
0.0817182117023
0.0821457291705
0.0825683400892
0.0829866733759
0.0834009720895
0.0838114685411
0.0842184098358
0.0846208962084
0.0850206744364
0.08541644112
0.0858095631165
0.0861974046193
0.0865821092074
0.0869626770148
0.087337711263
0.087708347593
0.0880732031991
0.0884321490757
0.0887852911811
0.0891306413799
0.0894719017758
0.0898058191128
0.0901334436585
0.0904550046726
0.0907709987994
0.0910802483329
0.0913847791637
0.0916828400636
0.0919769961914
0.0922655114597
0.0925490179423
0.0928285360414
0.0931045012356
0.0933767787381
0.0936458235428
0.0939111688667
0.0941736445143
0.094433992074
0.0946905553562
0.0949443906836
0.0951963561924
0.0954441864356
0.0956895093517
0.0959298798164
0.0961673679903
0.0964004289392
0.0966281174379
0.0968511862329
0.0970701103174
0.0972844988446
0.0974930554389
0.0976973798472
0.0978968200952
0.0980918419906
0.0982815436335
0.0984687316909
0.0986508549925
0.0988297964838
0.0990049752907
0.0991782028487
0.099348100085
0.0995167154983
0.0996823305566
0.0998472561827
0.100011741812
0.10017382352
0.1003364656
0.100498127983
0.100658961771
0.100819280063
0.100978640527
0.101136739237
0.10129343844
0.101448865289
0.101601567997
0.10175287678
0.101901957698
0.102048608897
0.102194469732
0.102336327655
0.102475567255
0.102613633258
0.102749483788
0.102883837261
0.103015923824
0.103146770842
0.103276487989
0.103406199651
0.103534864624
0.103663665553
0.103792865807
0.103923332316
0.104055294742
0.10418858767
0.104324280668
0.104461649685
0.104600690234
0.104742724868
0.104886296784
0.10503257503
0.105179545139
0.105328420675
0.105478784717
0.105630177035
0.105782674279
0.105936295045
0.106090296692
0.106245666948
0.106400301156
0.106556713071
0.106713624444
0.10687150276
0.107029876651
0.10719012828
0.107351071875
0.107512875768
0.107678009046
0.107844707928
0.108014130167
0.108187402399
0.108364228668
0.108543638224
0.108729505235
0.108917810541
0.109112253584
0.109310863578
0.109515002971
0.109723172151
0.109936596934
0.110154023592
0.110376345247
0.110602359369
0.11083205085
0.111066127774
0.111303147057
0.111544423868
0.11178858493
0.11203523914
0.112285295424
0.112538887724
0.112795666097
0.113055910042
0.113318767594
0.113585311451
0.11385608074
0.11412954303
0.11440826078
0.114691168475
0.11497967942
0.115273999583
0.115573344677
0.115880004409
0.116192098536
0.116511903305
0.116837277634
0.117170376283
0.117509199915
0.117855641018
0.118207738768
0.118565720108
0.118929893075
0.119299944536
0.119675551215
0.120056456273
0.120442646739
0.120833822247
0.121229740607
0.121630501794
0.12203572013
0.122445450169
0.122859486465
0.123278119991
0.123701860932
0.124129743967
0.124561767447
0.125000174009
0.125444118495
0.125893868447
0.126349840831
0.126812667954
0.127282004727
0.127759688953
0.128243612646
0.128736419565
0.129235391155
0.129742282193
0.130256550684
0.130777250367
0.13130564942
0.131841163312
0.132381989968
0.132929748847
0.133482704194
0.134041940619
0.134607200978
0.135177962011
0.135752334902
0.136332664228
0.136917745057
0.13750737409
0.138101166714
0.138699757823
0.139302304384
0.139911075864
0.140523435334
0.141141835341
0.141765176541
0.142394655637
0.143031268927
0.143673880087
0.144324255103
0.144980966015
0.145645135706
0.14631526045
0.146992784029
0.147676912842
0.148368529631
0.149065507889
0.149769393191
0.150479260027
0.15119439504
0.151915334577
0.152640853836
0.153371542889
0.154107155256
0.154846526118
0.155590714926
0.156337328009
0.157088466565
0.157842223859
0.158599639783
0.159360261937
0.160124441148
0.16089220136
0.161663126105
0.16243887289
0.163218829524
0.164003685317
0.164793347538
0.165587825769
0.166387915847
0.167192523846
0.168002399835
0.168818387517
0.169638308129
0.170463974063
0.171293810051
0.172128095793
0.172966685954
0.173809179771
0.174655356374
0.175504747746
0.176356935283
0.177211757351
0.17806871212
0.178927464706
0.179787501901
0.180648818616
0.18151117919
0.18237482698
0.183238509163
0.184103203198
0.184969279548
0.185836015552
0.186704372772
0.187573701351
0.188445877172
0.189319293096
0.190195361465
0.191074118184
0.19195425771
0.192837750461
0.193722958772
0.194610569421
0.195499372662
0.196391312111
0.19728461327
0.198178538954
0.199074283829
0.199970579594
0.200868173165
0.201764707803
0.202662250572
0.203557858146
0.204452810819
0.205346436606
0.206237335774
0.207126482778
0.208013278198
0.208898778973
0.209780650823
0.210661452974
0.211539650085
0.212415879365
0.213290676892
0.214164012716
0.215035756497
0.215907126686
0.216777086721
0.217645499481
0.218514058143
0.21938181216
0.220248145597
0.221114009277
0.22197863779
0.222841839272
0.223703803818
0.224563424447
0.225422434954
0.226278392353
0.227131944096
0.227981901363
0.228828878511
0.229671719811
0.230510101647
0.231343508614
0.232173028304
0.232996493715
0.2338160252
0.234630269053
0.235439551636
0.236243224758
0.237043663117
0.237839485796
0.238630200843
0.239417979266
0.240201789874
0.240982528355
0.241758946914
0.242532352857
0.243303162289
0.244070438144
0.244834610047
0.24559567898
0.246353488884
0.247108050548
0.24785921438
0.248606629709
0.249350093465
0.250089155282
0.250823439298
0.251552482517
0.252275769085
0.252993609201
0.253704246671
0.254409201767
0.255107854461
0.255800756533
0.256486552823
0.257165726288
0.257839728424
0.258507307969
0.259168961384
0.259826392209
0.260477607081
0.261124544423
0.261766384696
0.262404456927
0.263037238124
0.263667157017
0.264292400567
0.264913964083
0.265531903021
0.266146566352
0.266757042345
0.267364282743
0.267967337747
0.268566401419
0.269160320155
0.269750559834
0.270333923907
0.270913746453
0.2714860347
0.272052619006
0.272613521048
0.273167341036
0.273715665684
0.274257929712
0.274794445096
0.275324509971
0.275850185967
0.276369246846
0.276884503302
0.277394453116
0.277900421975
0.27840160791
0.27889932816
0.279393454525
0.279884440674
0.280372230888
0.280857068054
0.28133932518
0.281818739596
0.282296233006
0.282771788271
0.283243295765
0.28371269812
0.284179073578
0.284642307732
0.285102111032
0.285556468256
0.286007711728
0.286454142245
0.286895931038
0.287333743221
0.287766506161
0.288195004908
0.288618650853
0.289039600221
0.289455603148
0.289868646698
0.290279326733
0.29068613313
0.291089711452
0.291491751346
0.291884703071
0.292270881671
0.292647322786
0.293019587763
0.293432678211
0.293912640831
0.294465503678
0.295095815605
0.295808906199
0.296610711972
0.297506657794
0.298503030076
0.299606110919
0.300822470702
0.302159103633
0.303623268118
0.305223157258
0.306965128382
0.308858715518
0.310912782582
0.313135426876
0.315534759596
0.318122186702
0.32090558097
0.323893540357
0.327098259365
0.330526910309
0.334189964956
0.33809761578
0.342258013699
0.346681944708
0.351378711303
0.356357876596
0.361627644979
0.367196932601
0.373073990197
0.379268205492
0.385786693943
0.392636455611
0.399824921475
0.407358951585
0.415243690858
0.423486080192
0.432089387209
0.441059420248
0.450399845256
0.460113617835
0.470204438109
0.480673697155
0.491524415834
0.502755580796
0.514368371045
0.526361265754
0.538732444741
0.551479841239
0.564599430655
0.57808596058
0.591934050405
0.606135336956
0.620683016779
0.635564926882
0.650772249296
0.666292140051
0.682109802607
0.698209894296
0.714575443621
0.731189584147
0.748032212186
0.76508284244
0.782320009906
0.799721146455
0.817263314092
0.834922214896
0.852674963111
0.870496487533
0.888364145721
0.90625353582
0.924142666442
0.942010076282
0.959834160741
0.977595911301
0.995277183116
1.01286114408
1.03033203339
1.04767533039
1.06488026376
1.08193527566
1.09883053428
1.11555930971
1.13211396732
1.148489506
1.16468236766
1.18068844339
1.1965067545
1.21213485139
1.2275720224
1.24281907
1.25787502058
1.27274176074
1.28742019618
1.30191037972
1.31621479469
1.33033418683
1.34427135761
1.35802712581
1.37160345669
1.38500193694
1.3982241787
1.41127300778
1.42414881986
1.43685320013
1.44938842605
1.46175496942
1.47395504232
1.48599087227
1.49786176486
1.50956923488
1.5211160998
1.53250156924
1.54372830854
1.55479748818
1.56570981584
1.57646660544
1.58706768393
1.59751660098
1.60781146845
1.6179543887
1.62794564281
1.63778578127
1.64747464925
1.65701457492
1.66640278319
1.67564008026
1.68472771729
1.69366442986
1.70245096789
1.71108600293
1.71957052243
1.72790250154
1.73608287276
1.74411054203
1.75198603943
1.75970665485
1.76727404412
1.77468660664
1.78194416039
1.78904552998
1.79599225223
1.80278279076
1.80941641939
1.81589292411
1.82221422644
1.82837853155
1.83438582905
1.840235798
1.84592818907
1.85146286165
1.85683940287
1.86205668208
1.86711409099
1.87201235084
1.87674914127
1.88132493266
1.88573798965
1.88998791207
1.8940732589
1.89799476109
1.90174967184
1.90533695017
1.90875564688
1.91200444256
1.9150830305
1.91798939143
1.92072233698
1.92328080852
1.92566360864
1.92786962414
1.92989735707
1.93174750838
1.93341766828
1.93490701993
1.93621562637
1.93734033213
1.93828269188
1.93903903855
1.93960964224
1.93999243094
1.9401862167
1.94018879877
1.93999902154
1.93961390155
1.93903274923
1.93825389986
1.93727257354
1.93608884328
1.93469961197
1.93310163266
1.93129251527
1.92926864772
1.92702823052
1.92456629365
1.92188060278
1.91896687186
1.91582253325
1.91244290957
1.90882515541
1.90496517921
1.9008586378
1.89650182085
1.89189067875
1.88702153251
1.88188825068
1.87648722067
1.87081320976
1.86486083506
1.85862353433
1.85209640012
1.84527379712
1.83814747936
1.83071239804
1.82296102097
1.81488587417
1.80647940517
1.79773452056
1.78864120082
1.77919308378
1.76938096046
1.75919441154
1.74862642962
1.73766696052
1.72630753596
1.71453811209
1.70235065921
1.68973603784
1.67668501807
1.66319163059
1.64924753467
1.63484601143
1.61998102436
1.60464896209
1.58884398274
1.57256338574
1.5558083621
1.53857671231
1.52087187283
1.50269742942
1.48406020531
1.46496815808
1.4454320905
1.42546716348
1.40508938974
1.38431744305
1.36317236552
1.3416802508
1.3198678441
1.29776306258
1.27539973732
1.25280979436
1.23002920702
1.20709504379
1.18404347867
1.16091426488
1.13774564001
1.11457612613
1.09144369512
1.06838502123
1.04543732567
1.02263433585
1.00001070463
0.977597132223
0.95542296253
0.93351579309
0.911900758552
0.890601185184
0.869638269785
0.849030862615
0.828796049431
0.808948623983
0.789502473581
0.770467850432
0.751855359511
0.733673384158
0.715926889969
0.698622593276
0.681764198257
0.665353936483
0.649394732684
0.633885720079
0.618828508309
0.604223124589
0.590065690694
0.576357408331
0.563094570148
0.550274356912
0.537894731534
0.525952392633
0.514442623473
0.503361204662
0.49270530602
0.482469463107
0.472648453276
0.463237217609
0.454228857143
0.44561858233
0.437399221675
0.429564253799
0.422105402398
0.415017551314
0.408291101957
0.401917221052
0.395888481021
0.390194071293
0.38482582591
0.379773845666
0.375028655513
0.370579122393
0.366415390497
0.362527475482
0.358906522893
0.355540450392
0.352420278692
0.349535664575
0.346877297868
0.34443640177
0.342201763315
0.340164375843
0.338315931522
0.336646298689
0.335147995195
0.333810779268
0.332628371142
0.331590901077
0.33069174422
0.329922324377
0.329277066518
0.328746836693
0.328325148508
0.328006775315
0.327784725638
0.327653921709
0.327607386326
0.327639458543
0.327747475471
0.327926659911
0.328170837272
0.32848003022
0.328849621283
0.329277089943
0.329760701378
0.330299785986
0.330890966925
0.331535734123
0.332231593624
0.332979941526
0.333780386104
0.334634189455
0.335541281701
0.336503087731
0.337520691737
0.338596869418
0.339733325743
0.340931333522
0.342195229763
0.343526477387
0.344928478574
0.346405554641
0.347959493574
0.349595335573
0.351316698474
0.35312794303
0.355033792959
0.357039314535
0.359149942509
0.361371593656
0.363710242177
0.366172580008
0.368765194465
0.371495055232
0.374370061374
0.377397525529
0.380585426514
0.383940135758
0.3874732783
0.391189641608
0.395100334194
0.39921257597
0.403535272734
0.408077094438
0.412847721808
0.417854851299
0.423108342508
0.428615833802
0.434386080699
0.440427352042
0.446748581695
0.453357429875
0.460260950056
0.467466861146
0.474980725089
0.482811403926
0.490964248915
0.499445567961
0.508259597898
0.517412910463
0.526910186979
0.536753485661
0.546948824377
0.557495945149
0.568398383079
0.579657141273
0.591271314804
0.60323995558
0.615561952488
0.628231960469
0.641247106047
0.654600468724
0.668285261504
0.682291736574
0.696610250077
0.711227968628
0.726133085531
0.741309485317
0.756740841171
0.772408122859
0.788293131856
0.804373504984
0.820627384784
0.837031477666
0.853561734791
0.870193508747
0.886902003937
0.903662223053
0.920449782573
0.937240397751
0.954011313735
0.970739818161
0.987404086286
1.00398639762
1.02046743527
1.03683079849
1.05306171271
1.06914697552
1.08507713308
1.10083983488
1.11643009483
1.13183988164
1.14706538432
1.16210189277
1.17694820893
1.19160273447
1.20606485909
1.22033581258
1.23441525613
1.24830619901
1.26200909069
1.27552705781
1.2888610906
1.30201425248
1.31499101758
1.32779059497
1.34041721944
1.35287371234
1.36516150639
1.3772843572
1.38924303069
1.40104024729
1.41267871342
1.42415904003
1.43548429492
1.44665509457
1.45767378594
1.46854154043
1.47925952612
1.48982899401
1.50025139711
1.51052645771
1.52065727506
1.53064332637
1.54048567316
1.55018581587
1.55974283327
1.56915849626
1.57843302606
1.58756534607
1.59655622756
1.60540586391
1.61411350009
1.62267776309
1.63110065163
1.63937867774
1.64751222391
1.65550099254
1.6633439753
1.67103954235
1.67858813886
1.6859865507
1.69323653703
1.70033493847
1.70728106541
1.71407413472
1.72071326528
1.72719658916
1.73352449127
1.73969494699
1.74570704289
1.75156045983
1.7572540748
1.76278697644
1.76815818258
1.77336679253
1.77841241846
1.78329337762
1.78800857292
1.79255722234
1.79693719341
1.80114737155
1.80518586448
1.80905134736
1.81274231288
1.81625711462
1.81959325339
1.82274952693
1.82572384047
1.82851331011
1.83111695136
1.8335322081
1.83575719051
1.83778770144
1.83962498956
1.8412637984
1.84270240178
1.84393988478
1.84497317736
1.84579897279
1.84641661951
1.84682355342
1.84701610739
1.84699312636
1.84675176211
1.84628982526
1.84560311425
1.84468916821
1.8435453352
1.84216874718
1.84055350045
1.83869824541
1.83659754302
1.83424770843
1.83164571163
1.82878442091
1.82566116351
1.8222701169
1.818607214
1.8146656305
1.81044043891
1.805926072
1.80111675068
1.79600482976
1.79058542094
1.78485096926
1.77879532889
1.77241177108
1.7656927246
1.75863095627
1.75122009894
1.74345096978
1.73531793522
1.72681132835
1.71792381619
1.70864690378
1.69897119024
1.68888751593
1.67838878497
1.66746401296
1.65610501078
1.6443033179
1.63204879375
1.61933351424
1.60614794977
1.59248627246
1.57833943314
1.5637003232
1.54856490313
1.53292666126
1.51678359197
1.50013190181
1.48297389584
1.4653090471
1.44714244019
1.4284807995
1.40933434462
1.38971532201
1.36964009328
1.34912773932
1.32820234117
1.30689108601
1.28522517734
1.26323859082
1.24096963414
1.21846083954
1.19575774551
1.17290879743
1.14996488359
1.12697879913
1.10400704463
1.08110378456
1.05832816705
1.03573528825
1.0133825165
0.991323827017
0.96961487164
0.948305828619
0.927445837324
0.907082072699
0.887258134736
0.868013335129
0.84938454491
0.831405084952
0.814104093824
0.79750821739
0.781638986704
0.766514802394
0.752150732279
0.738558193262
0.725743251682
0.713711662583
0.702460752769
0.691989889321
0.682290995427
0.673354294447
0.665167466759
0.657715000885
0.650978463591
0.644938009272
0.639570559768
0.634852956229
0.630757257345
0.627258379285
0.624326864518
0.621934189465
0.620050783136
0.618647481061
0.617695240651
0.617163675407
0.617025562856
0.617252287526
0.617816810393
0.618693562516
0.619858022111
0.621284259623
0.622951911308
0.624838367888
0.626921718228
0.629184866366
0.631607207934
0.634172961705
0.636865658696
0.639668644768
0.642568778263
0.645552698127
0.648608460143
0.651723085309
0.654887009413
0.658090467694
0.661323259256
0.664578739036
0.667847540439
0.671123062052
0.67439974848
0.677671701409
0.6809334978
0.684180107071
0.687408276683
0.690614550965
0.693796469283
0.696952041708
0.700078857809
0.703174820735
0.706241642658
0.709276257897
0.712279453681
0.715250635691
0.718190922128
0.721098722881
0.723976851651
0.726824850472
0.729643727135
0.732434038217
0.735198742677
0.737938605057
0.740655006666
0.743348858836
0.746023376921
0.748680125129
0.751320347546
0.753946618308
0.756562459316
0.759169215927
0.761770453191
0.764368267498
0.766966558188
0.769568354041
0.77217713079
0.774797686842
0.777433294705
0.780088143403
0.782767114549
0.785474021494
0.788214250321
0.790991977314
0.793812037736
0.796679597083
0.799599404082
0.802576737207
0.805616235205
0.808723637411
0.811903367446
0.815160968637
0.818502000804
0.821931478513
0.825454418979
0.829076523235
0.832802387457
0.836636584835
0.840585522409
0.844652646344
0.848844508223
0.853164504612
0.857618473338
0.862211147747
0.866946316321
0.871828434845
0.876863177643
0.88205418392
0.887404363167
0.892917564433
0.898596383516
0.904444098043
0.910463491867
0.916653977711
0.923016150469
0.929552043793
0.936258351915
0.943135327983
0.950178967377
0.957386036835
0.964751513478
0.972268960315
0.979931935295
0.987732079708
0.995659582297
1.00370314751
1.01185085919
1.02008883235
1.02840324505
1.0367782211
1.04519728475
1.05364396088
1.06210053031
1.07054912714
1.07897239678
1.08735246288
1.09567276237
1.10391652263
1.11206934678
1.12011651375
1.1280460844
1.13584744754
1.14351054442
1.15103033117
1.158399557
1.16561673734
1.17268101287
1.17959147674
1.1863504427
1.1929638341
1.19943513003
1.20577204385
1.21198089216
1.21806946425
1.22404707955
1.22992246143
1.2357025219
1.2413984922
1.24701623704
1.25256595973
1.25805429775
1.26348971498
1.26887833426
1.27422615111
1.27953918789
1.28482341383
1.29008223727
1.2953215648
1.30054248634
1.3057499688
1.31094557597
1.31613009269
1.3213068549
1.32647570655
1.33163704221
1.3367912487
1.34193728346
1.347076117
1.35220495336
1.3573241552
1.36243153356
1.36752492181
1.37260338157
1.37766339968
1.38270427244
1.38772085264
1.39271165688
1.39767400772
1.40260265674
1.40749546168
1.41234701555
1.41715632122
1.42191751758
1.42662665142
1.43128134014
1.43587652818
1.44040897297
1.44487426406
1.44926918149
1.45358944116
1.45783075598
1.46198997066
1.46606278381
1.4700461881
1.47393514095
1.47772658612
1.48141759284
1.48500327816
1.48848191174
1.49184764171
1.49509893351
1.49823106341
1.50124081661
1.50412467997
1.50687902364
1.50949941317
1.51198217972
1.51432247241
1.51651827166
1.51856302564
1.52045323866
1.52218474418
1.52375415117
1.52515522771
1.526386069
1.52743962468
1.52831334539
1.52900235003
1.52950235943
1.52980780605
1.52991509968
1.52981962838
1.52951735022
1.52900247508
1.52827061947
1.52731769744
1.52613873425
1.52473004306
1.52308565573
1.52120078067
1.51907129434
1.51669203757
1.5140570242
1.51116052365
1.50799845206
1.50456383768
1.50085032689
1.49685225608
1.49256210606
1.48797558828
1.48308321569
1.47788028381
1.47235908705
1.46651206622
1.46033344809
1.45381384879
1.44694789121
1.43972636961
1.43214371855
1.42419064623
1.41586185025
1.40714844121
1.3980428407
1.38854087985
1.37863354685
1.36831467014
1.35758009053
1.34642263149
1.33483851231
1.32282298823
1.31037307229
1.29748584523
1.28416030078
1.27039666571
1.25619565566
1.24156074273
1.22649862096
1.21101476962
1.19512176841
1.17883241314
1.16216381027
1.145137581
1.12778015356
1.11012112005
1.09219661602
1.07404789909
1.05572193545
1.03727400388
1.0187635334
1.0002577105
0.981832117505
0.96356602844
0.945546865281
0.927867146756
0.910623983587
0.893918421736
0.877853551882
0.862533102643
0.84805973666
0.834532451021
0.822045621895
0.810684439643
0.800526709255
0.791636309691
0.784065285122
0.77785076707
0.773014648365
0.769562756089
0.767485394669
0.766758366164
0.767344164153
0.769193722184
0.772245324904
0.77643168459
0.781678145798
0.787905851049
0.795033908386
0.802980393974
0.811665092394
0.821008206857
0.830934921172
0.841371321871
0.852249995736
0.863506842073
0.875080875051
0.886918481049
0.898967514703
0.911181770257
0.92351893556
0.935940176058
0.948410503259
0.960898458855
0.973375942028
0.985817182293
0.998199589344
1.0105030159
1.02270948366
1.03480277682
1.04677005123
1.05859758682
1.07027553682
1.08179331081
1.09314454138
1.10432174429
1.11531854478
1.1261306188
1.13675360446
1.14718606311
1.15742350853
1.1674652793
1.17731152051
1.18695912468
1.19640971525
1.20566257196
1.21471870627
1.22357784616
1.23224133403
1.24071018575
1.24898449708
1.25706649135
1.26495663275
1.27265801471
1.28017135825
1.28749832304
1.29464017801
1.30160038234
1.30837888971
1.3149796123
1.32140315705
1.32765219929
1.33372998029
1.33963645946
1.34537635689
1.35095025679
1.35636165706
1.36161338238
1.36670810942
1.37164781608
1.37643755364
1.38107800925
1.38557248998
1.38992558872
1.39413790344
1.39821312479
1.40215439909
1.40596281098
1.40964155848
1.41319302679
1.41661968917
1.41992274565
1.42310568313
1.42616979733
1.42911615938
1.43194788704
1.43466575001
1.43727124752
1.4397670094
1.44215271234
1.44443069767
1.44660157725
1.4486664554
1.45062609269
1.45248147392
1.45423253821
1.45588026059
1.45742513232
1.45886783744
1.4602066868
1.46144428718
1.46257777638
1.46360618908
1.46452929848
1.4653451813
1.46605133663
1.46664509701
1.46712283027
1.46748140991
1.46771538646
1.4678213795
1.46779211786
1.46762177292
1.46730252804
1.46682857189
1.46618945997
1.46537614672
1.46437777109
1.46318393741
1.46178234048
1.46015925237
1.45830347321
1.45619798589
1.45382949435
1.45118207925
1.44823949733
1.44498600652
1.44140532172
1.43748109554
1.43319787431
1.42853988301
1.42349221986
1.41804154215
1.41217711315
1.40588745278
1.39916577067
1.3920065742
1.38440620465
1.37636719908
1.36789175644
1.35898723752
1.34966593088
1.33994149907
1.32983143197
1.31935682459
1.30854167285
1.29741288699
1.28599723301
1.27432709959
1.26243283628
1.25034776155
1.23810489422
1.22573688866
1.21327751893
1.20075849428
1.188210628
1.17566483405
1.16315045603
1.15069390143
1.13832200894
1.12605739713
1.11392355308
1.10194020633
1.09012693378
1.07850048676
1.06707486419
1.05586420652
1.0448804002
1.03413415653
1.02363395655
1.01338750578
1.00340083452
0.993678887714
0.984225200531
0.975042380623
0.966131640342
0.957493577153
0.949127424508
0.941031833215
0.933204685961
0.925642607524
