metodo_2_dt_1:4
4.36025497048e-05
0.00249682700575
0.00248359106491
0.00247671459944
0.00248927499525
0.00250840196626
0.00251023937095
0.0025144403911
0.00251045093932
0.00250041736103
0.00251209403734
0.00252840621125
0.00254274358689
0.0025406171541
0.00253780884956
0.00253524471875
0.00253355456542
0.00254841356837
0.00256685155096
0.00256611281682
0.00256563898002
0.00256409504701
0.00256659812587
0.00256930716268
0.00258850071776
0.0026010754884
0.00259405151267
0.00259067695186
0.00259235201218
0.00260189701433
0.00260912776857
0.00262652553399
0.00263315662773
0.00262150414573
0.00262120897476
0.00262756341005
0.00264342086887
0.00265303456253
0.00266376900358
0.00266471517423
0.00266206956354
0.00265715327836
0.00267092722702
0.00269003308327
0.00270620767425
0.00270103317278
0.00269910003901
0.00270015026233
0.00270488552173
0.00271332632688
0.00273087872866
0.00273960732076
0.00274077755342
0.00272996022284
0.00273735528302
0.00275476590981
0.00277600586677
0.00278928720424
0.00278262078934
0.00278163941106
0.00277555316849
0.00279010054493
0.00281080377721
0.00281798944193
0.00282609861441
0.00282595908601
0.00282811381842
0.00283051629487
0.00285162109178
0.00285753512395
0.00286901495212
0.00287118422173
0.00287189887807
0.00287163217305
0.00289095910023
0.00291386608262
0.00291256424221
0.00291823693728
0.00290979591471
0.0029155667831
0.00293227497486
0.00295596953303
0.00295699118045
0.00296702135677
0.00295996906534
0.00296363593862
0.00297725420567
0.00300046333849
0.0030027622105
0.00301758688469
0.00302311678894
0.00301617519119
0.00302671698223
0.00302548466202
0.00305057007964
0.00307017325552
0.00307968425211
0.00308311750799
0.00305739309409
0.00307539166478
0.00310131615328
0.00312523501578
0.00313938170318
0.00311952261964
0.0031250255577
0.00314020304504
0.00315607290928
0.00315641085142
0.00317509397982
0.00318365095738
0.00318903166247
0.00317401729773
0.00319680726112
0.00322533108025
0.00324917076031
0.00323375749102
0.00323010602113
0.00323964919292
0.00326028312182
0.00325958293645
0.00328701831855
0.00330508986373
0.00328376163087
0.00329146807815
0.00330842561523
0.0033363551255
0.00333555455628
0.00335849802368
0.00337100265384
0.00333806481464
0.00335178517016
0.00337716552847
0.00340937317216
0.00340412677009
0.00342126227419
0.0034309424873
0.0034090056349
0.0034311385363
0.00346307470444
0.0034604592992
0.00348278006136
0.00349538572964
0.00347151657909
0.00349038708705
0.00352079709711
0.00351942044186
0.00354695144475
0.00356384424522
0.00353901197266
0.00355512362631
0.00354666488656
0.00358135284253
0.00361361569102
0.00359850643614
0.00361142365455
0.00362579350445
0.00361275035585
0.00364715648672
0.00364512266363
0.00367195250747
0.00368861241115
0.00366397911915
0.0036849185901
0.00371783362585
0.00371640427635
0.00374876928467
0.00373067492144
0.00374509389052
0.00372426660627
0.00375359796129
0.00379204155132
0.00378832607315
0.00381485845887
0.00379157878599
0.00380825541951
0.00379412115577
0.0038309760698
0.0038709391113
0.00386138813153
0.00389148613238
0.00386775654633
0.00389088247794
0.00388401626572
0.00392515853876
0.00391998772519
0.00394574728245
0.00396419884213
0.00394227228502
0.00397426148228
0.00397242753381
0.00401365370301
0.00400165400141
0.00403197693758
0.00400814562171
0.00403782518922
0.00403375824827
0.00407754086461
0.00407018866127
0.00409595170141
0.00407167825346
0.00409718588595
0.00408960968025
0.00414332546384
0.00413993858391
0.00417104958342
0.00414925892673
0.00417283442321
0.00416112328944
0.00420562599294
0.00420499300004
0.00425064335384
0.00423018508268
0.00420701159546
0.00423878406252
0.00423468994913
0.00428225876424
0.00428613056156
0.00431683737322
0.00429366883431
0.0043216508403
0.00431518101528
0.00431602768347
0.00436239732019
0.00435963982586
0.00438614257636
0.00436457591782
0.0044006846517
0.00440111124675
0.00441128335423
0.0044530289329
0.00443523406437
0.00446151582489
0.00444555665434
0.00445180138885
0.00450298600047
0.00450093342513
0.00453688467521
0.00451537066871
0.00450677495875
0.00454812529085
0.00454980551676
0.00460121254128
0.00459271865985
0.00458414358582
0.00461346231648
0.00460138682821
0.00460092300226
0.00466322047982
0.00466155433578
0.00464680425109
0.00467651710536
0.00466931046477
0.00471643712447
0.00472204147147
0.00472293053676
0.00477265662237
0.0047533481685
0.00473693802739
0.00478069738717
0.0047916250213
0.00479562811208
0.00484280336132
0.00482850104583
0.00481748601814
0.00480578053976
0.00485787100457
0.00487361288585
0.00487367304368
0.00491462198293
0.0048957868575
0.00489096659378
0.00494021364461
0.00494558180034
0.00495976718172
0.00495343845614
0.00499004760872
0.00498112186731
0.0049755550005
0.00503279211089
0.00504752442781
0.00504631410935
0.00503568084092
0.00507189632178
0.00506869389552
0.0050713903674
0.00507905383411
0.00514490678458
0.00513698174372
0.00513087650784
0.00511679595129
0.00516810497607
0.00518515934864
0.00519225406416
0.00518975599651
0.00518675409757
0.00522583128234
0.00521872330143
0.00523363087421
0.0052428881721
0.00530884128593
0.00530186787639
0.00528651479513
0.00528408574233
0.00528761839565
0.00535284672765
0.00536787540572
0.00536615891428
0.00536086893795
0.00534807641533
0.00540364266993
0.00541996164458
0.00543017796641
0.00544191658141
0.0054321849941
0.00542661312635
0.00547872950044
0.00548441847388
0.00550410405573
0.00551293797056
0.00551589979334
0.00550549580061
0.0055607773165
0.00556284332134
0.00557667327269
0.00559519854589
0.00559559195055
0.00559577016313
0.00558461642261
0.00559297119713
0.00565996347754
0.00568105982718
0.00568913633547
0.00569110606467
0.00568211411732
0.00568454691965
0.00569118870789
0.00570770525049
0.00578403961188
0.00578559347096
0.00578374427416
0.00577572295337
0.0057887223467
0.00580209626038
0.00582641634691
0.00583121083838
0.00583507500503
0.00582594301336
0.00583273233173
0.00584614168844
0.00592872783594
0.00594891851467
0.00594725644772
0.00594881119895
0.00594459690083
0.00596236363284
0.00597885093631
0.00600106347952
0.00600722991499
0.00600875962755
0.00600489281463
0.00601631718033
0.00603382026268
0.00605905432982
0.00607847658447
0.00607621313561
0.00607958712373
0.00607962578167
0.00610199624207
0.00612092693586
0.00614291474894
0.00615581067838
0.00615037673913
0.00615770066612
0.00616625303403
0.00619493471008
0.00622087055572
0.00623173250768
0.00623694668766
0.0062352056017
0.00624749098948
0.00627418086871
0.00629498988635
0.00631894149584
0.00632100426768
0.00632711491246
0.00633597104634
0.00635194314574
0.00638103682389
0.00640974648872
0.00641720191545
0.006425350317
0.00643442084299
0.00644407720048
0.00647475271928
0.00649691186571
0.00652011421674
0.00652936634208
0.00653019760284
0.00648230121047
0.00651039091696
0.00653426347065
0.00656273126892
0.00657682293614
0.00657858239271
0.00659145876667
0.00661347645876
0.00664015181587
0.00667037302409
0.00669269918787
0.0066403119311
0.00664392324686
0.00666464665713
0.00669436529925
0.00672268157076
0.00674795598416
0.00676415034856
0.00676516277217
0.00678241737121
0.0067497608538
0.00678387411006
0.00680944472526
0.0068282219123
0.00684091839404
0.00684822641991
0.00687136056761
0.00684517692861
0.0068792065507
0.00689903311736
0.00691510681752
0.00692589949661
0.00694059090088
0.00697202807655
0.00694825008559
0.00698089282409
0.006991683926
0.0070057898578
0.00702181086778
0.00698962910742
0.00702180765283
0.00705635674571
0.00708273091119
0.00709925425853
0.00711321448615
0.00706962987371
0.00710507809393
0.00714569835288
0.00717784410806
0.00718845748357
0.00714112083235
0.00716433956137
0.00719714364279
0.00723939979003
0.00720597235429
0.00722878627728
0.00724631135901
0.00726676927788
0.00729605894107
0.00726699677057
0.00730855103625
0.00733716942967
0.00735787315955
0.007312861879
0.00733101300579
0.00737117674244
0.00741551573776
0.00738552832391
0.0074106872058
0.00742996320601
0.00738059882198
0.00741754729365
0.00746266936179
0.00750471938191
0.00746812882016
0.0074894119968
0.00751185718951
0.0075352939783
0.00751488630224
0.00756051747597
0.00759420140274
0.00755457395001
0.007576177736
0.0076057216942
0.00757286698976
0.00762043953323
0.00766241121303
0.00762475371659
0.00764733734364
0.00767382375122
0.00771231147035
0.00769211277043
0.00773856820038
0.0077674600165
0.00772766287377
0.00774952276459
0.00771894886687
0.00776515301552
0.00781467408281
0.00778804321175
0.00781775032403
0.00784243927931
0.0078081114783
0.00784853208882
0.00789244377326
0.00787361239988
0.00790875543527
0.00793234144051
0.00789510190862
0.00793487736383
0.00791948351423
0.00796722571273
0.0080082995051
0.00797231372974
0.00799966627252
0.00796983423273
0.00801495874154
0.00806815263349
0.00804877013088
0.00808345622103
0.0080425266509
0.00807520369389
0.00812017966798
0.00810769894446
0.00815913942075
0.0081303178391
0.00816077265625
0.00812529301711
0.0081663247114
0.00821891814003
0.00820733347814
0.00825059332444
0.00821870732642
0.00824899648547
0.00822004035399
0.00826990038142
0.00825689373811
0.00830845284285
0.00834835564821
0.00831334247229
0.00834809540275
0.00832772371148
0.00838113562498
0.00837024334049
0.00841594694111
0.00838395665562
0.00841725488507
0.00839292604715
0.00844449579025
0.00843620357442
0.00848766328234
0.00846011416056
0.0084937189838
0.00846583042731
0.00851739196363
0.00850681935037
0.00857006850792
0.00854791742756
0.00858366641404
0.00855327734378
0.00860112119906
0.00859259602018
0.00865288830279
0.00863335702571
0.00867299723613
0.00864161911872
0.00868585196816
0.00868142972194
0.00867621714128
0.00873276901543
0.00870980326736
0.00874397341786
0.0087173921551
0.00877056038318
0.00876533744239
0.00883329723434
0.00881589312768
0.00878818515722
0.00882758494106
0.00880901847536
0.00887017959873
0.00886650942038
0.00885180016998
0.00890291644858
0.00887428425052
0.00892012377523
0.00891027364596
0.00897607845048
0.00896946911677
0.00895787874291
0.00899909519532
0.00897412193386
0.00896054751804
0.00902574342724
0.00902970566225
0.00908565977203
0.00905884332832
0.00903268082593
0.00908357842487
0.00907824220917
0.00908451093662
0.00914612931176
0.00912720831779
0.00917024648905
0.00915584334842
0.00914715443518
0.00921600938505
0.00921377905491
0.00920046343191
0.00925254670147
0.00922946722172
0.00921686893221
0.00928459380927
0.00929219802777
0.00928468665516
0.00933440043719
0.00931079679464
0.00930095222862
0.00936610097076
0.00936878431918
0.00936656681014
0.00935902534152
0.00940585283728
0.009386558563
0.00937899834023
0.0094571577324
0.0094591424849
0.009450831805
0.00950746855875
0.00948661614836
0.00947508792762
0.00947565562806
0.00955618398177
0.00955353540006
0.00953890241966
0.00952479589316
0.00957924943066
0.00957659393716
0.00958854956162
0.00959091717511
0.00965139279907
0.00963925166015
0.00962184895779
0.00961538599661
0.00969605693747
0.00970204125925
0.00969877842462
0.00969042106875
0.00974198820902
0.00973165434462
0.00974013537915
0.00974811468564
0.00982035117409
0.00981691720963
0.00979964046902
0.00979259743832
0.00979444453985
0.00987261974442
0.00988568314137
0.0098816623644
0.00986719052349
0.00985835217784
0.00992322453001
0.00993602861817
0.00994579386752
0.00994758419355
0.00994378993325
0.00992848377642
0.00999618497927
0.00999970831058
0.010013984794
0.0100272621068
0.0100225377032
0.0100152878256
0.0100741859874
0.0100802412001
0.0100906624439
0.0101016124791
0.0101090424316
0.0100989352111
0.0100958169467
0.0101623612285
0.0101768467283
0.0101901411143
0.0102031902087
0.0101979339809
0.0101921565588
0.0101848102363
0.0102667912614
0.0102838887687
0.0102954655323
0.0103021289513
0.0102925636569
0.0102893890457
0.0102904119815
0.0103091847751
0.0103241356711
0.0103400017174
0.0104056297697
0.0104019901757
0.010399321045
0.0104153460778
0.0104381091724
0.0104498275286
0.0104591455726
0.0104507205618
0.0104513943592
0.0104575852685
0.0104801102763
0.0104960916301
0.0105079577407
0.0105060341869
0.0105052599644
0.0105790018683
0.0105996094955
0.010624450919
0.0106359335337
0.0106448157315
0.01063819402
0.0106432352374
0.0106545547611
0.0106802675807
0.0107062238652
0.0107112706563
0.0107129387036
0.0107095335411
0.0107231539307
0.0107479279991
0.0107714815384
0.0107885621752
0.0107879634981
0.0107899209209
0.0107997568315
0.0108193315216
0.0108476144562
0.0108702441989
0.0108747845234
0.01087781096
0.0108818795132
0.0109006862456
0.0109291022688
0.0109502295393
0.0109700213083
0.0109759240771
0.0109749469073
0.010989868533
0.0109445087439
0.0109720165856
0.0109942806911
0.0110045834982
0.0110035514395
0.0110182660192
0.0110421075935
0.011067514802
0.0110950157659
0.0111141929357
0.0111210507526
0.0111238283707
0.0111439537527
0.0111782035109
0.0112037421532
0.0111529713063
0.011163374625
0.0111744685925
0.0111847477755
0.0112133979766
0.0112472417096
0.0112780770394
0.0112874771243
0.0112959609587
0.0113090589978
0.011265084446
0.0112934314643
0.0113256509662
0.0113501728906
0.0113612082783
0.011366345614
0.0113878325118
0.0114243395898
0.0113870730732
0.0114081560139
0.011426773563
0.0114375020266
0.0114553170591
0.0114856803099
0.0115204493178
0.011479864368
0.0115004205672
0.0115160566711
0.0115310858343
0.0115519334032
0.011588955642
0.011555969495
0.0115824503617
0.0115979600753
0.0116150567197
0.0116320848334
0.0115939194071
0.0116367899856
0.0116690985246
0.0116893634435
0.0117068933362
0.0116530946205
0.0116791139054
0.011722881511
0.0117602547262
0.0117862305875
0.011732569278
0.0117498084603
0.0117779382071
0.0118207901046
0.0117825273869
0.0118144114903
0.0118381308879
0.0118547581594
0.0118792088764
0.011845949746
0.0118889689024
0.0119264885309
0.0119554610354
0.0118995418119
0.0119244064981
0.0119520519726
0.0119952661322
0.0119669878222
0.0119983530946
0.0120191459101
0.0119685861635
0.0119981333909
0.0120396906998
0.0120883028273
0.0120516770014
0.0120804135492
0.012100306276
0.0120524596369
0.0120945143174
0.0121408563075
0.0121869207238
0.0121437325886
0.0121655443469
0.0121926551081
0.0121534769872
0.0122026938326
0.0122492717531
0.0122120026202
0.0122409520287
0.0122636288009
0.0122240652508
0.0122675861883
0.0123165042417
0.0122883552742
0.012318852017
0.0123458596044
0.0122995411097
0.0123397431236
0.0123926557888
0.0123656963964
0.0124112377981
0.01243745233
0.0123925870528
0.01242897686
0.0124771177952
0.0124569031324
0.0124992599816
0.0124644149397
0.0124902128472
0.0125265320319
0.0124973352459
0.0125497174593
0.0126010719572
0.0125679907371
0.012598953156
0.0125544128501
0.0125996654249
0.0126574806565
0.0126383606574
0.0126802814701
0.0126363949786
0.0126743738455
0.012637599196
0.0126912816169
0.0127460747448
0.0127281689852
0.0127638448915
0.0127218964171
0.012762136602
0.012737894758
0.0127934374501
0.0128518888059
0.0128219241092
0.0128536648439
0.0128203348592
0.0128635817958
0.0128523973141
0.0129088430245
0.0128848709604
0.012926194935
0.0128866590188
0.0129317644581
0.0129874156779
0.0129763561055
0.0130329427046
0.0130045005298
0.0130412012174
0.0130083462954
0.0130604582529
0.0130494023209
0.0131105083303
0.0130879489353
0.0131277300189
0.0130932535828
0.0131415218376
0.0131287318792
0.0131928340783
0.0131761277733
0.0132205411675
0.0131861672729
0.0131614207788
0.0132151373618
0.0132107974839
0.0132688700634
0.0132492807833
0.0132921030461
0.0132592732809
0.013314860419
0.0133097395887
0.013371800263
0.013358140525
0.0134047631208
0.0133709677606
0.0133510908382
0.013415308473
0.013407886066
0.0134716334739
0.0134515586323
0.0134960166515
0.0134673645128
0.0134529470336
0.0135266532844
0.0135198520779
0.0135753887682
0.0135472592724
0.0135223371664
0.0135828230629
0.0135762844742
0.0136460447961
0.0136341832544
0.0136139775617
0.0136606117696
0.0136421929885
0.0137081371296
0.013709517949
0.0137010640185
0.0137580973153
0.013734630717
0.0137853899811
0.01377577982
0.0137732096486
0.0138498230456
0.0138410001788
0.013817475198
0.0138705417656
0.0138535497644
0.0138524657322
0.0139315737376
0.0139250054402
0.013909911058
0.0139600279235
0.0139432694569
0.0139353457112
0.0140151153677
0.0140170185119
0.0140041281322
0.0140602480523
0.0140378193382
0.0140295667105
0.0141082004269
0.0141100547836
0.0141066712557
0.0141633949887
0.0141439974912
0.0141375389354
0.0141345815267
0.0142171401464
0.0142157006941
0.0142058582745
0.0142632999298
0.0142448654265
0.0142473494791
0.0142544296375
0.0143327888429
0.0143288640527
0.0143105291599
0.0142997532581
0.0143681913031
0.0143698564977
0.0143792005655
0.0144621105874
0.0144484373025
0.0144323673481
0.0144184530761
0.0144261085355
0.0145117654711
0.0145152872844
0.0145163779209
0.014502491906
0.0145615876074
0.0145653653505
0.0145747861461
0.0145821012688
0.0146645649398
0.0146509611078
0.0146374310032
0.0146374408217
0.014640875089
0.0147346740859
0.0147418276974
0.0147389364183
0.0147264890958
0.0147178983798
0.014798706133
0.0148117598295
0.0148290711456
0.0148265283605
0.0148225420232
0.0148122113775
0.0148890797992
0.0149005498443
0.0149209587462
0.0149243445105
0.0149248304588
0.0149144803548
0.0149877668492
0.0149962701025
0.0150179442792
0.0150321614034
0.0150326345052
0.015029702
0.0150231240614
0.0151051452605
0.0151262173469
0.015142435518
0.0151509162817
0.0151460099909
0.0151439332023
0.0151468771023
0.0151601822935
0.0152594968745
0.0152737011293
0.015279337744
0.0152724351516
0.0152756575177
0.0152876009038
0.0153066084825
0.0153291694351
0.0153371087992
0.0154135576543
0.0154091953356
0.0154207532836
0.0154404567795
0.015466350573
0.0154837655847
0.0154801980534
0.0154811163072
0.0154890121425
0.015509468992
0.0155334030413
0.0155506532101
0.0155616116985
0.0155605856516
0.0155657150234
0.015657512767
0.0156846342507
0.0157081980867
0.015725105838
0.0157309242209
0.0157291086467
0.0157384572857
0.0157635705439
0.0157932623302
0.015815977651
0.0158230901272
0.0158273395835
0.0158368105532
0.0158586691098
0.01588559158
0.0159132916587
0.0159296260918
0.0159362030472
0.0159399431591
0.0159579181005
0.0159872636787
0.0160185494422
0.0160373520637
0.016053566786
0.0160601987444
0.0160743948219
0.0160976204738
0.0161307310992
0.0161585685088
0.0161744030056
0.0161788015374
0.0161956619877
0.0162187727541
0.0162518245553
0.0162841090873
0.0162276382422
0.0162385955498
0.0162538978323
0.0162730800893
0.0163008364279
0.0163359865009
0.0163635952776
0.0163848191879
0.016394615438
0.0164067938408
0.0164349316708
0.0164767695328
0.0165095171526
0.016530676895
0.0165447175989
0.0164833562961
0.0165076350618
0.0165486423387
0.0165851870475
0.01660881851
0.0166300973793
0.0166424008476
0.0166628265231
0.0167014059336
0.0166621256825
0.0167005602597
0.0167212118288
0.0167344530357
0.0167574242916
0.0167833076781
0.0168278482907
0.0168652139287
0.0168230917454
0.0168391146449
0.0168545151646
0.0168821765669
0.0169194304756
0.0169656202083
0.0169980185195
0.0169499090108
0.0169651699453
0.0169891984665
0.0170292088229
0.0170709522008
0.0171143487799
0.0170660624106
0.0170888185193
0.0171044302135
0.0171406507098
0.0171875473106
0.0172292285616
0.017192694002
0.0172131849162
0.0172334083082
0.0172657155327
0.0173046200107
0.0172803512582
0.017323615677
0.0173490069626
0.0173733325277
0.0173988981748
0.0173661749157
0.0174106050549
0.0174586716135
0.0174956008099
0.0174485627128
0.0174696388482
0.0175034922295
0.0175523795909
0.0176038012456
0.0175669851214
0.0175979635154
0.0176244460651
0.0176579967155
0.0176268590033
0.0176739813533
0.0177222091035
0.0177585464129
0.0177127486842
0.0177434133586
0.0177857501751
0.0177647338714
0.0178137324945
0.0178501107954
0.0178813046744
0.0178369452008
0.0178753033566
0.0179258797355
0.0179073881539
0.0179553406227
0.0179912207076
0.0180174367344
0.0179788338632
0.0180260872475
0.0180818413727
0.0180613198167
0.0181028255164
0.0181346508364
0.0180938487715
0.0181371494683
0.0181917682655
0.018171501774
0.0182189077042
0.0182546377538
0.0182132213551
0.0182526648527
0.0183105194409
0.0182955529777
0.0183484227903
0.0183893160644
0.0183491487514
0.0183855293483
0.0184338223215
0.0184213638035
0.0184786385719
0.0185253753689
0.0184882510533
0.0185229542871
0.0185731835588
0.0185564264447
0.0186165308078
0.0185960528174
0.0186365043411
0.0186772325196
0.0186449500301
0.0186980577056
0.0186922003012
0.018746376087
0.018792373462
0.0187561992347
0.0188002775831
0.0187766709343
0.0188368118366
0.0189041197878
0.0188831944366
0.0189235438609
0.0188939303459
0.0189391577764
0.0190028254664
0.0189934620738
0.0190508668089
0.0190295445164
0.0190674957597
0.0190429117185
0.0190969527142
0.0190939017338
0.0191524627772
0.0192035561015
0.0191776770366
0.0192177310185
0.0192012953732
0.0192631212239
0.0192616813415
0.0193185530172
0.0192971149175
0.0193429576884
0.0193169033997
0.0193817022204
0.0193755770772
0.0194436614655
0.0194216888385
0.0194691763459
0.0195187778561
0.0195014034264
0.0195729920395
0.0195667489365
0.0196289684034
0.019607695806
0.0196499672657
0.0196347672157
0.0196319627896
0.0197001594373
0.0196959302402
0.0197516306057
0.0197285287693
0.0197759461809
0.0197697426664
0.0198444233813
0.0198388843651
0.0199002505882
0.0198796463104
0.01993101137
0.0199147446592
0.0199880300195
0.0199919361659
0.0199873522212
0.020042679992
0.0200217972688
0.0200735262724
0.0200721743916
0.0201493893163
0.020150163219
0.0202107670635
0.0201913044519
0.0201746417825
0.0202350083658
0.0202402039506
0.0203168080175
0.0203116196179
0.0202954802353
0.0203488717828
0.0203398958233
0.020414545525
0.020422171739
0.0204228123727
0.020482752926
0.0204650559432
0.0205239944913
0.0205238930078
0.0205322954669
0.0206091460268
0.0206033559016
0.0206591752742
0.0206444239337
0.0206404389862
0.0207189194046
0.0207280230585
0.0207314151896
0.0207972401102
0.0207818385656
0.0207740572967
0.0208497464087
0.020860671066
0.0208663105388
0.0209309487991
0.0209229895096
0.0209121849936
0.0209841011581
0.0209949486418
0.0210049945187
0.0210816269368
0.0210704096324
0.0210579467237
0.0211257812716
0.0211348034014
0.0211539647091
0.0212332276016
0.0212265143052
0.0212204414016
0.021284587601
0.0212904495712
0.0213042795335
0.0213916022846
0.0213904035045
0.0213799610088
0.021377261116
0.0214497738779
0.0214690226743
0.021483157041
0.021487901218
0.0215579160399
0.0215510940508
0.0215555423494
0.0216363856098
0.0216525175659
0.021669126348
0.0216673881773
0.0217349207466
0.0217297754445
0.0217430355881
0.021759348261
0.021850748179
0.0218547295019
0.0218578747542
0.0218508587951
0.0219302674359
0.0219449199156
0.0219691474476
0.0219789651066
0.0219832859625
0.0220524605633
0.0220516502545
0.0220696985347
0.0220919337816
0.0221133635682
0.0221929406825
0.0221873803008
0.0221902879546
0.0221980913381
0.0222229407318
0.0223180656065
0.0223271858639
0.0223346408024
0.022336356149
0.0223466497454
0.0224323943601
0.0224599959356
0.0224811707135
0.0224838614258
0.0224861792268
0.0224931116178
0.0225848322712
0.0226128269709
0.0226322295212
0.0226470383465
0.0226518069786
0.0226566050571
0.0227410733708
0.0227611654214
0.022793400094
0.022814024172
0.0228228645051
0.0228271910346
0.0228384941284
0.0228622362977
0.0229620215412
0.0229814186208
0.0229986028301
0.0230043136759
0.0230126978782
0.0230326415459
0.0230628152453
0.0230928699316
0.0231127944922
0.0231937813397
0.0232006828995
0.0232166036086
0.0232446476747
0.0232771672094
0.0233027216486
0.0233193418361
0.0233265775318
0.0233390089785
0.0233637025192
0.0233968512235
0.0234959840132
0.0235216210949
0.0235340694098
0.0235441150188
0.023564798751
0.0235967175065
0.0236305218781
0.0236553976478
0.023671688326
0.0236876083153
0.0237044065145
0.023733596233
0.0237690812704
0.0237993185467
0.0238273236509
0.0238377444134
0.0238514494477
0.0238769115867
0.023912192665
0.02395334513
0.0239804426464
0.0239937754476
0.0240124191421
0.0240338337604
0.0240671826201
0.0241043809449
0.0241438122639
0.0241615672629
0.0241735735723
0.0241980228294
0.0242281155712
0.0242758726504
0.0243105299177
0.024333699709
0.0243542827814
0.0243694638848
0.0244052996249
0.0244423311894
0.0244805954324
0.0245162304048
0.0245336997239
0.0245575712341
0.0245797000917
0.0246208574632
0.0246610081043
0.024702064892
0.0247274231907
0.0247491018294
0.0247679470777
0.0248054530942
0.0248456177933
0.0248940845538
0.0249220744997
0.024878920941
0.024902554317
0.024929247076
0.0249774086384
0.0250190378474
0.0250594750352
0.0250880319625
0.0251046411804
0.0251373095602
0.0251793667904
0.0252220755791
0.0252675652988
0.0252371765487
0.0252553739272
0.0252822980315
0.0253204293624
0.0253691342753
0.0254145890148
0.0254541656829
0.0254825040333
0.0255081483471
0.0254713966773
0.0255176895388
0.0255690977191
0.0256141512438
0.0256403908989
0.0256694987874
0.0257001636475
0.0256760865757
0.0257277425685
0.0257802854751
0.0258188876994
0.0258405792962
0.025869043653
0.0259106242554
0.0258940903986
0.0259467858195
0.0259910745458
0.0260265135444
0.0260544418688
0.0260227280747
0.0260698492858
0.0261267716413
0.0261761918379
0.0262138502061
0.0262431011285
0.0262114418929
0.0262546822548
0.0263081268578
0.0263615177891
0.0264077502388
0.0263738346648
0.0264040947647
0.0264432504807
0.0264973632102
0.0265530917148
0.0265357734496
0.0265726300198
0.0266060139144
0.026648522291
0.026630242612
0.0266864213294
0.0267428066323
0.0267850868666
0.026751743892
0.0267947010565
0.0268383491353
0.0268931953897
0.0268841490237
0.0269349417415
0.0269782174856
0.0270105361939
0.0269844936457
0.0270393328381
0.0271046053853
0.0271577509295
0.0271362408087
0.0271765601336
0.0272130678868
0.0272612401169
0.0272564857282
0.0273207261784
0.0273676052484
0.0273481512653
0.027382854168
0.0274268804248
0.0274898026416
0.0274870329952
0.0275394274156
0.0275869255037
0.027559110817
0.0276064357926
0.0276589764426
0.027661265644
0.0277212594602
0.0277740602082
0.0277453768628
0.0277858262531
0.0278413412582
0.0278426657473
0.0279060971148
0.0279645330501
0.0279394793274
0.0279830825636
0.0280302898106
0.0280290661855
0.028091417999
0.0281579363054
0.0281448728633
0.0281821344345
0.0282330644796
0.0282211342233
0.0282904519294
0.0283584446741
0.0283467004854
0.0283936112321
0.028375063812
0.0284265301848
0.0284940029612
0.0285001190241
0.028558644082
0.0285451317444
0.0285908977655
0.0286456443475
0.0286382846262
0.0287099429571
0.0287160646452
0.0287722322789
0.0288124080513
0.0287999367778
0.0288601490384
0.0288666142046
0.0289407576637
0.028995394938
0.0289816910627
0.0290322166941
0.0290241402295
0.0290923527132
0.0291043475685
0.0291714203171
0.0292265875367
0.0292062891962
0.0292588859388
0.0292594141565
0.0293356151712
0.0293431278045
0.0294036811086
0.0293930030624
0.0294433060326
0.0294398500871
0.029514349889
0.0295887821176
0.0295910530716
0.0296481436592
0.0296340904265
0.0296905309571
0.0296982312162
0.0297738118976
0.0297812206709
0.0298433088543
0.029837873402
0.0298912566323
0.0298951247013
0.0299700006422
0.0299840681024
0.0300489715372
0.0300394360787
0.0300939038466
0.0300982836163
0.0301708037153
0.0301871745238
0.0302574386496
0.0302524389548
0.0303143186084
0.0303079251549
0.0303795628679
0.0303936957712
0.030412565624
0.0304788424929
0.0304696337241
0.0305239991778
0.0305356399633
0.0306115369862
0.030626364505
0.0307054581748
0.0306999870522
0.0307561384961
0.0307611806667
0.030771207126
0.0308531121234
0.0308717110927
0.0309340990861
0.0309356341302
0.0309931215705
0.0310019716782
0.0310253182437
0.0311034407726
0.031118525082
0.0311756688051
0.0311759317455
0.0311807458038
0.0312646655039
0.0312852169236
0.0313657792098
0.0313645480089
0.0313675064368
0.0314284954786
0.0314491296031
0.0315302080403
0.0315529423383
0.0315596561686
0.0316242050867
0.0316300965613
0.031636759602
0.0317239112508
0.0317527377811
0.0318247209085
0.0318329954194
0.0318278896553
0.0319001121182
0.0319248901293
0.031945465763
0.0320325310187
0.0320430274688
0.0320461164648
0.0321101082908
0.0321285891618
0.0321590481388
0.0322476150313
0.032256224169
0.0322644896565
0.0323311976951
0.0323481718872
0.0323667761945
0.0324579537822
0.0324820778046
0.0324918864489
0.0325607695295
0.0325713932296
0.0325867837856
0.0326196352074
0.0327077560897
0.0327252821695
0.0327314140854
0.0328034333348
0.0328222791522
0.0328516466683
0.0328843059147
0.0329663676177
0.0329783059632
0.0329849051109
0.0330562287722
0.0330830730029
0.0331151019903
0.0331435261004
0.0332188965218
0.0332359734547
0.0332473508075
0.0332731478879
0.0333665369798
0.0333967673589
0.0334187244662
0.0334281425425
0.0335009826722
0.033520099732
0.0335531177759
0.0335862954784
0.0336723317363
0.0336956221947
0.0337042342608
0.0337220073182
0.0337494586602
0.0338472427416
0.0338771439547
0.0339029845592
0.0339154007766
0.0339276998993
0.0340145280633
0.0340556940288
0.0340919054789
0.0341157602275
0.0341311997736
0.0342101768106
0.0342295693518
0.0342633749861
0.034299258915
0.0343385052448
0.0344164549967
0.034429853146
0.0344532195867
0.0344834863763
0.0345272720912
0.0345634470594
0.034646545259
0.0346670679231
0.0346828997288
0.0347141521516
0.0347513849492
0.0347881838903
0.0348263966976
0.0349033123704
0.0349258826412
0.0349455675798
0.0349874543644
0.0350256210583
0.0350688617309
0.0350903535794
0.0351716230305
0.0351905719428
0.035226134051
0.0352662732361
0.03531100098
0.0353479914109
0.03536428208
0.0353890757545
0.0354128994924
0.0355184389319
0.0355655454448
0.0356002597747
0.0356283793353
0.0356530780354
0.0356731643075
0.0357153622356
0.0357630630436
0.0357999742604
0.0358357165566
0.0358597752402
0.0359392920686
0.0359749644897
0.0360238303768
0.0360716715646
0.036105204681
0.036132653166
0.0361590312025
0.0361906569177
0.0362367595979
0.0362785392459
0.036324836824
0.0363569801502
0.0363840620377
0.036412354819
0.036454659678
0.0364961899048
0.0365465793132
0.0371851124863
