metodo_1_dt_1:24
1.16440452895e-06
0.0162386975251
0.0162374205348
0.0162394972337
0.016239058543
0.0162383008971
0.0162384273777
0.0162380119093
0.0162373019899
0.016237176633
0.0162370312893
0.0162372045138
0.0162375360824
0.0162380204159
0.0162389970478
0.0162407605278
0.0162424901591
0.0162449346756
0.0162478177313
0.0162500277735
0.0162540525958
0.0162589472312
0.0162641826019
0.0162689888047
0.016274930957
0.0162808629868
0.0162875196136
0.0162941445486
0.0163002395907
0.0163063778523
0.0163115491887
0.0163152706787
0.0163180776956
0.0163194514568
0.0163195370104
0.0163188412788
0.0163159804067
0.0163132833792
0.0163095763285
0.0163050815435
0.0163014931819
0.0162982132827
0.0162948063049
0.0162928987192
0.0162912658388
0.0162912435622
0.0162919364328
0.0162940364777
0.0162983959011
0.0163036457515
0.0163100257541
0.0163187028302
0.0163285183874
0.0163406114499
0.0163529823585
0.0163672335433
0.016382035003
0.0163987641814
0.0164152361659
0.0164311953824
0.0164464272354
0.0164613951361
0.0164751824272
0.0164869316497
0.0164966625609
0.0165045028909
0.0165101339527
0.0165134426448
0.0165157977598
0.0165155646055
0.0165140714816
0.0165119556748
0.0165086406742
0.016504388905
0.0165007993941
0.0164976668209
0.0164965790025
0.0164951037349
0.0164965635992
0.0165003404969
0.0165055824277
0.0165144461784
0.016524399986
0.0165385119361
0.0165537792681
0.0165727779693
0.0165933359819
0.0166156557008
0.0166398291576
0.0166648810198
0.016690248444
0.016715341675
0.0167407384728
0.0167656222078
0.0167900741695
0.0168142415146
0.0168363209654
0.0168585245043
0.0168795600239
0.016900114438
0.016920027472
0.0169395685462
0.0169587509409
0.016977952453
0.016997453587
0.017016999147
0.0170371515165
0.0170580608183
0.0170796972802
0.0171025512291
0.0171270022451
0.0171522991542
0.0171783648959
0.0172065963638
0.0172362556983
0.0172667139681
0.0172989764152
0.0173305349795
0.017363847925
0.0173969612769
0.0174306414816
0.0174642931023
0.0174976205213
0.0175303588595
0.0175635997837
0.0175966925544
0.0176303538277
0.0176636064602
0.0176972017922
0.0177314753807
0.0177664661714
0.0178012013526
0.0178382820202
0.0178762148267
0.0179150572411
0.0179561622992
0.0179985222941
0.0180432143571
0.0180908870526
0.0181403878808
0.0181925639527
0.0182480018784
0.0183059386988
0.0183668812672
0.018430503136
0.0184957083225
0.0185640668587
0.0186329230984
0.0187032311271
0.0187748333492
0.0188460631861
0.0189177759742
0.0189899738321
0.0190612507671
0.0191325110114
0.0192032233856
0.0192731812283
0.019343101124
0.0194128836711
0.0194815466827
0.0195498545077
0.0196185970589
0.0196872715663
0.019756750083
0.01982640675
0.0198963671911
0.0199672006137
0.0200399685277
0.0201147505066
0.0201918679478
0.0202696528513
0.0203506833441
0.0204335731941
0.0205189160283
0.0206061296398
0.0206959934854
0.0207873843088
0.0208799152926
0.0209739579255
0.0210692610838
0.0211653530301
0.0212628138895
0.0213602744225
0.0214584073301
0.0215578518683
0.0216572651424
0.0217563652693
0.0218568788586
0.0219571384033
0.0220581714967
0.0221600549945
0.0222626832175
0.0223663863923
0.0224715430511
0.022578410444
0.0226875559855
0.0227988866079
0.0229129997786
0.0230298835508
0.0231498108772
0.0232732816165
0.0233987593684
0.0235275133295
0.0236592244752
0.0237937146627
0.0239293776137
0.0240672209129
0.024206709933
0.0243472956548
0.0244888711227
0.024631385536
0.0247733871193
0.0249157799096
0.0250584268302
0.0252004288149
0.0253423368232
0.0254830978827
0.0256246879424
0.0257643971188
0.0259045108837
0.0260441841416
0.0261830166857
0.02632262879
0.0264631457732
0.0266040730899
0.0267463263412
0.0268899218806
0.0270363025182
0.0271839089191
0.0273339642441
0.0274853582382
0.0276392833404
0.0277950741534
0.0279529205757
0.0281115944811
0.028272663445
0.028434066179
0.0285973155552
0.028760841195
0.028924997957
0.0290898899962
0.0292551072096
0.0294203795232
0.0295856729343
0.0297511032502
0.0299154208129
0.0300801014164
0.0302453031933
0.0304094679342
0.0305746632582
0.0307394883871
0.0309048547042
0.0310707786692
0.0312388554603
0.0314081496922
0.0315802043283
0.0317538895478
0.0319305675371
0.0321093659461
0.0322921865759
0.0324765724051
0.0326630320238
0.0328522295245
0.0330443615278
0.0332373927761
0.0334319796081
0.0336291499364
0.0338265977577
0.0340252616008
0.0342248377832
0.0344251285692
0.0346249471218
0.0348251062285
0.0350254389724
0.0352237522325
0.0354229713244
0.0356199539867
0.0358168012701
0.0360138221907
0.036208136197
0.036403580055
0.0365981261939
0.0367933382099
0.0369900633357
0.0371865516902
0.0373850287087
0.037583295314
0.0377837678207
0.0379865184031
0.0381914255647
0.0383958409121
0.038604175701
0.0388112948668
0.0390196925289
0.0392293753797
0.0394391563101
0.0396496541807
0.0398616502778
0.0400713945273
0.0402826806135
0.040492191731
0.040701961872
0.0409100226518
0.041117031821
0.0413234647758
0.0415281531355
0.0417317459533
0.0419342417688
0.0421362378349
0.0423373775205
0.0425386457481
0.0427405958253
0.0429417788165
0.0431449070632
0.0433498016702
0.0435561092549
0.0437635664275
0.0439730797146
0.0441848530374
0.0443983130083
0.0446135631948
0.0448299169666
0.0450488469574
0.0452681745038
0.0454885853005
0.0457099736925
0.0459323601931
0.0461553966916
0.046377873448
0.0466015885791
0.046823505632
0.0470461646833
0.0472674033342
0.0474879516854
0.0477077158098
0.0479261154973
0.0481439907484
0.0483608426205
0.0485781479026
0.0487956002882
0.0490129458331
0.049231193868
0.0494509986489
0.0496719535653
0.0498941050239
0.0501187344502
0.0503460939697
0.0505744515353
0.0508039762094
0.0510356972473
0.0512690674646
0.0515040511637
0.0517388309577
0.0519754384814
0.0522122082625
0.0524494292332
0.0526857709062
0.0529214460425
0.0531568319043
0.0533912861523
0.0536249318615
0.0538561990343
0.0540855081948
0.0543141879912
0.0545397991114
0.0547649543824
0.0549880871891
0.0552100608827
0.055431558609
0.0556537400196
0.0558745737946
0.0560960524401
0.0563168730399
0.0565407866163
0.0567643911006
0.0569894071134
0.0572157844523
0.0574438286328
0.0576717829069
0.0579032635828
0.0581343152079
0.0583667571568
0.0586005158288
0.0588353421054
0.0590709056089
0.0593067009777
0.0595432919426
0.0597776702864
0.0600124728052
0.0602446461107
0.0604777412723
0.0607080729827
0.0609403100702
0.0611696500444
0.0613972672415
0.0616241795507
0.0618501325339
0.0620757750444
0.0623017264389
0.062527846781
0.0627542340813
0.0629810657269
0.0632093375729
0.0634391589403
0.0636700318193
0.0639033593374
0.0641371170733
0.064373213636
0.0646109085188
0.0648506347508
0.065091499064
0.0653338097262
0.065577155074
0.0658217164878
0.0660676391962
0.0663135489302
0.0665594920786
0.0668054908725
0.0670509366702
0.067295870443
0.067539149108
0.0677816738939
0.0680232920114
0.0682648408773
0.0685048997182
0.0687445079616
0.0689843379478
0.0692251145586
0.0694655928527
0.0697072794816
0.0699504981113
0.0701948664902
0.0704406497389
0.0706897694121
0.0709405062318
0.0711938015287
0.0714496580163
0.0717076351878
0.0719681200001
0.0722301130097
0.0724932668348
0.0727569444822
0.0730205468289
0.0732848583236
0.0735490317051
0.0738121471523
0.074074559755
0.0743357235213
0.0745961341414
0.0748556148992
0.0751126130442
0.0753689952451
0.0756243195862
0.075878524795
0.0761320779615
0.076385919763
0.0766386140848
0.07689212656
0.077144922316
0.0773997849303
0.0776542680771
0.0779099964326
0.0781675029135
0.0784262832169
0.0786866842854
0.0789494105891
0.0792133462101
0.0794798158853
0.0797479577907
0.0800187457892
0.0802897183259
0.0805630407685
0.0808388750924
0.0811136481056
0.0813903218192
0.081666736386
0.0819425092041
0.0822173279777
0.0824908458737
0.082765596419
0.0830364000037
0.0833100176362
0.0835821466428
0.0838528089885
0.0841246399602
0.0843962245043
0.084667250882
0.0849398287094
0.0852121548094
0.0854864241242
0.085761172407
0.0860371814398
0.0863156212484
0.086595825313
0.0868770763639
0.0871613504549
0.0874478228081
0.0877361281988
0.0880269090451
0.0883201447311
0.0886153786902
0.0889117921467
0.0892091237924
0.0895072612278
0.0898054015481
0.0901045991159
0.0904027244459
0.0907003966073
0.090998273302
0.0912949902706
0.0915920114385
0.0918880129714
0.0921845240346
0.0924795019236
0.0927758674116
0.0930724668884
0.0933692700491
0.0936657444091
0.0939641706726
0.0942634630275
0.094564799524
0.0948670244514
0.0951717654749
0.0954780414092
0.0957877074976
0.0960991356012
0.096412344112
0.0967281683492
0.0970468269845
0.0973671206322
0.0976899487394
0.098013087114
0.0983376925452
0.098664092008
0.098988806283
0.0993151852021
0.0996398826498
0.0999656578733
0.100289906083
0.100615121358
0.100938723232
0.101262776394
0.101586943235
0.101910823564
0.10223442723
0.102559504796
0.102884165772
0.103209958081
0.103537149377
0.103865122873
0.104195062777
0.104527368399
0.104861211524
0.105196701
0.105535939914
0.105876888631
0.106220428012
0.106567305203
0.106915219422
0.107265425386
0.107617077186
0.107970095899
0.108323764769
0.108678039158
0.109032569646
0.109387062004
0.109741343877
0.110095481614
0.110449266425
0.110802918674
0.111156451366
0.111509566204
0.111861566248
0.112215035616
0.112567902347
0.112920914125
0.113275513571
0.113630048443
0.113986165601
0.114343927027
0.114703982019
0.115064599334
0.115428486566
0.115794699455
0.116163058426
0.11653426961
0.116907945353
0.117284090196
0.117660963267
0.118040103529
0.118421073785
0.118802288454
0.119184140293
0.119566281894
0.11994792874
0.120330845785
0.120712840818
0.121094352304
0.12147594841
0.121856777792
0.122238162762
0.122618582212
0.122998036527
0.123378533606
0.123758093547
0.124138220463
0.124519638351
0.124901202059
0.125284421343
0.125669576386
0.126056118069
0.126445359595
0.126836003465
0.127229455976
0.127625302897
0.128022862178
0.12842327474
0.128824902694
0.129228314677
0.12963311543
0.130038448942
0.130445313828
0.130851494215
0.131258436768
0.131665404301
0.132072038984
0.13247827897
0.132884429239
0.133290176271
0.133694955828
0.13409873262
0.134502384629
0.13490568757
0.135309169628
0.13571126217
0.136114591747
0.136518713118
0.136923355015
0.137330168167
0.13773852771
0.138147969537
0.138560868537
0.138975313367
0.139391522053
0.139809562666
0.140230371489
0.140652952754
0.141076122604
0.141501573952
0.141927739201
0.142354380687
0.142781460318
0.143208566971
0.143635216399
0.144062902096
0.144490019528
0.144916262249
0.145341495015
0.145767682203
0.146190158965
0.146613372982
0.147037772191
0.147460281415
0.147881405429
0.148303445352
0.148726946237
0.149148894565
0.149572912476
0.149998207032
0.150426468163
0.150855860673
0.151287512781
0.151721223444
0.152157110381
0.152594798363
0.153033862906
0.153474383754
0.153916661394
0.154359341177
0.154802495104
0.15524679799
0.155691493418
0.156136370891
0.156580137128
0.157025143662
0.157468149045
0.157911532007
0.158353363687
0.15879480145
0.159235408172
0.159674181697
0.1601130352
0.160551847102
0.160989843232
0.161428459988
0.161867700482
0.162307597925
0.162748926137
0.163192131264
0.163636389644
0.164082851712
0.164531774301
0.164982973247
0.165434933589
0.165889610837
0.166344789437
0.166802080771
0.167260692746
0.167719657419
0.168179160378
0.168639376305
0.169100023648
0.169560395393
0.170020240994
0.170479244438
0.170938997803
0.171396555772
0.171853641817
0.17231055808
0.172765412906
0.173220479403
0.173674361873
0.174127918714
0.174582389035
0.17503662134
0.17549143031
0.175948542838
0.176406404145
0.176866831969
0.177327833043
0.177792228181
0.1782575468
0.178725421519
0.179193784648
0.179664910053
0.180137394867
0.180610831453
0.181086102229
0.181561333188
0.182037399015
0.182514832882
0.182990901477
0.18346806714
0.183944173712
0.184420120992
0.18489533548
0.185369450727
0.185842050092
0.186314391503
0.186785283356
0.187256495296
0.18772671913
0.18819825464
0.188669318349
0.189140241514
0.189613552326
0.190089847493
0.190566596335
0.191043139111
0.191523002011
0.192004853368
0.192490101784
0.192975398014
0.193461604272
0.193953819846
0.194443331555
0.194937329301
0.195427204514
0.195922822907
0.196417411983
0.19691165199
0.197407098496
0.197901344555
0.198395441389
0.198888957246
0.199381615134
0.199873403342
0.200364177303
0.200853782389
0.201343225624
0.201832445662
0.202321499896
0.202811836654
0.203301759059
0.20379369877
0.204285691302
0.204780667135
0.205277304059
0.205774149723
0.206274673393
0.206776640267
0.207280495012
0.20778677901
0.208293736177
0.208803272159
0.209314111613
0.209825835333
0.210338805861
0.210852305828
0.21136662009
0.211880909998
0.212394911762
0.212908636392
0.213421586206
0.21393379745
0.214444795534
0.214954770777
0.215464367602
0.215973808026
0.216482559244
0.216991322367
0.21750082038
0.21801009087
0.218521127602
0.219032937468
0.2195464344
0.220061781843
0.220578826806
0.22109754107
0.22161736711
0.222140477704
0.222664840333
0.223191272708
0.223719555172
0.224249388261
0.224780383296
0.225312912302
0.225846575373
0.226380619729
0.226914298412
0.227447964177
0.227981966156
0.228514631816
0.22904637128
0.229576676391
0.230107079414
0.230636213339
0.231165052837
0.231693375958
0.232221933723
0.232750931263
0.233278941384
0.233809304134
0.234340673138
0.234872018316
0.235405038051
0.235939993723
0.236477317249
0.237014866834
0.237554973704
0.238097708847
0.238643278701
0.239188766263
0.239737106168
0.240283716297
0.240835433002
0.241386371516
0.241936751242
0.24249201734
0.243042843057
0.243594155026
0.244144987086
0.244694130371
0.245243165661
0.245790650887
0.246337745902
0.246884028705
0.247429377519
0.247975197858
0.248519917444
0.249065485243
0.249610806133
0.250158073016
0.250705850938
0.251253460818
0.251803598799
0.2523554836
0.252908242839
0.253462926181
0.254018571183
0.254577622809
0.255137491153
0.255699014046
0.2562622182
0.256826359862
0.257391213586
0.257957281253
0.258522885123
0.259088375255
0.259653480823
0.260217396854
0.260780823032
0.26134288645
0.261903540288
0.262463060407
0.263021803938
0.263579465394
0.264137248402
0.264694663507
0.265251213562
0.265807723574
0.266365865954
0.266923304763
0.26748208842
0.268041150076
0.268601646198
0.269163769765
0.269727038049
0.270291759161
0.270858899546
0.271426741234
0.271996392631
0.272567546065
0.273139501385
0.273713633562
0.27428708358
0.274860852229
0.275434153569
0.276006707443
0.276577962862
0.277148816224
0.27771766346
0.278285680305
0.278853192617
0.27941851956
0.279982892949
0.280546682538
0.281110161447
0.281672661268
0.28223447778
0.28279688961
0.283359236273
0.283921714274
0.284485733775
0.28504949741
0.28561418597
0.286182279858
0.286748792973
0.287318964187
0.287889248992
0.288463747151
0.289035720515
0.28961175694
0.290186735471
0.290762652283
0.291340733488
0.291916933557
0.292492127762
0.293066927542
0.293640337633
0.294211989334
0.294783741818
0.295352906571
0.295921837111
0.296487973195
0.297054102495
0.297619468557
0.298184696561
0.298748561759
0.299311691522
0.299874733034
0.300439170107
0.301003157689
0.30156782105
0.302133848434
0.302701411703
0.303270142254
0.303839481784
0.304411264714
0.304984779857
0.305559360348
0.306134950279
0.306712037516
0.307289666628
0.307867528935
0.30844461392
0.309021966307
0.309598744258
0.31017325012
0.310747498104
0.311321369376
0.31189276927
0.312464440389
0.313034351023
0.313602464583
0.3141698751
0.314737122534
0.315303642929
0.315869273775
0.316435397828
0.317000580267
0.317567525221
0.318134389906
0.318702872258
0.319272430455
0.319843345057
0.320416732085
0.320990816073
0.321567416912
0.322146059942
0.322725256872
0.323305650024
0.32388656376
0.324469234799
0.325051528014
0.325633186709
0.326215724697
0.326796337267
0.327377555675
0.327956803842
0.328536165736
0.32911428836
0.329691618476
0.330267424905
0.330842237925
0.331417575463
0.331991872112
0.332565718101
0.333139680108
0.333713374782
0.334288444812
0.334863270483
0.335440129776
0.336019383781
0.336599655767
0.337181131645
0.337765973291
0.338352890246
0.338940665355
0.339530578373
0.340122740219
0.340714683497
0.341310534239
0.341903183403
0.342499369977
0.343093824337
0.343688724648
0.344283872166
0.344879155629
0.345473791877
0.3460647998
0.346658296198
0.347250842931
0.347844636888
0.348433497875
0.349028166012
0.349616380371
0.350207019294
0.350798588379
0.351390934512
0.351983906344
0.352579543482
0.353176729844
0.353775108976
0.354376721088
0.35497988322
0.355586445885
0.356194848628
0.356805648393
0.357417765303
0.358031648618
0.358646920937
0.359263850459
0.359882050135
0.360500396461
0.361118503184
0.361738102686
0.362356666621
0.362976726613
0.363595041149
0.364214900144
0.364832512566
0.365450990077
0.36606910807
0.366687062088
0.367304785552
0.367923383194
0.368542491685
0.369161998254
0.369783730912
0.370406776567
0.371031259632
0.371659919527
0.372289919573
0.372923279427
0.373558333924
0.374196487496
0.374837283367
0.375480182335
0.376125496436
0.37677276975
0.377421379219
0.378071580907
0.37872232622
0.379374775437
0.380027583884
0.3806809709
0.381333894824
0.381988234545
0.382642237222
0.383296407
0.383950012375
0.384604077451
0.385257548352
0.385911731018
0.386566570322
0.387221505837
0.387877740159
0.388535531725
0.38919613529
0.38985764512
0.390522584202
0.391190538429
0.391861451748
0.392533980066
0.393210969685
0.39388933241
0.394571221949
0.395255072986
0.395940333534
0.396628708747
0.397318747904
0.398009937688
0.398701519995
0.399395334002
0.400090218857
0.400783693498
0.401479996964
0.402176879037
0.402871669324
0.403566716966
0.404261933158
0.404957422353
0.405653363495
0.406349804615
0.407047217334
0.40774507138
0.408448803474
0.409148701065
0.409855299886
0.410558966113
0.411271455709
0.41198161207
0.412696065228
0.413415204521
0.414138410735
0.414859700706
0.415589447054
0.416315205012
0.417045975607
0.417778546241
0.418512940958
0.419248577597
0.419985442891
0.420723670473
0.421461663065
0.422200183165
0.422939229911
0.423678880227
0.424417688873
0.425156472712
0.425895380283
0.426634621935
0.427374503112
0.428113959276
0.428854763552
0.429598022216
0.430342006107
0.431088358964
0.431836590351
0.432587747567
0.433341538887
0.434098268986
0.434856856008
0.43561892447
0.436383218441
0.437149556167
0.437918595233
0.438690104047
0.439462483686
0.440236676719
0.44101316827
0.441790221261
0.442567700031
0.443346099469
0.444124373832
0.444902557457
0.445681110205
0.446458633625
0.447236286083
0.448013727858
0.448790642942
0.449567442062
0.45034485463
0.451122400009
0.451901352674
0.452680871317
0.453462918669
0.454246073279
0.45503157955
0.455818627762
0.45660930212
0.457400644272
0.45819558299
0.458991994917
0.459789581895
0.460590198272
0.461392442874
0.462196926551
0.4630021641
0.463807822353
0.464614760762
0.465423104575
0.466229854153
0.467037045356
0.467844404705
0.468649111693
0.469455488446
0.470258622899
0.471063150228
0.471865456927
0.472667117146
0.473469616864
0.474271298379
0.475072583404
0.475876471408
0.47667757688
0.477482086157
0.478287255805
0.479096681913
0.479903433994
0.480714648219
0.481526598594
0.482339358775
0.483156652377
0.483969776444
0.484786439245
0.485606867658
0.486426269101
0.487249179185
0.488068520666
0.488887313424
0.489706690941
0.490525366431
0.491343671851
0.492159214141
0.492974944087
0.493788250212
0.494599170426
0.495409370242
0.496218230439
0.497026051211
0.497833068465
0.498639371455
0.499445856494
0.500252633376
0.501059031653
0.501865055195
0.502672724395
0.503479822127
0.50428897986
0.505098522523
0.505908108275
0.506719512788
0.507531653297
0.508343963059
0.509157975318
0.509970965083
0.510785123746
0.511598603598
0.512410633888
0.51322267106
0.514032665758
0.514841169231
0.515647082323
0.516451582825
0.517253190016
0.51805190135
0.518849898075
0.519644500393
0.520438429726
0.521230914404
0.522020888372
0.522810690379
0.523599785696
0.524388018662
0.525175561886
0.525962887942
0.526750477243
0.527537290766
0.528325382932
0.529112625528
0.529900929495
0.530689003876
0.53147846413
0.532266969448
0.533055835655
0.533844411545
0.534631976718
0.535418594862
0.536204348245
0.536987249726
0.537768405119
0.538546909637
0.539323008592
0.540096954635
0.540868198203
0.541635867468
0.54240167697
0.543165684233
0.543926737171
0.544687287332
0.545445221356
0.546201140892
0.546956647633
0.547711047697
0.548465991544
0.549219847391
0.549972574781
0.550724386902
0.551478547432
0.55223217865
0.55298515183
0.553741065751
0.554492305431
0.555246074033
0.555998280699
0.556752115396
0.557503363721
0.558254991492
0.559003709532
0.559749857988
0.560493040733
0.561235041628
0.561973724432
0.562710052628
0.563443644394
0.564174979991
0.56490421822
0.565631123841
0.566356849323
0.567079783093
0.567802117185
0.568523288512
0.569243159912
0.569963175178
0.57068183619
0.571400449903
0.572119561787
0.572838942745
0.573557636607
0.574278128905
0.57499857158
0.575719823358
0.576441996703
0.577162908759
0.577884091678
0.578605750369
0.579325113664
0.580043909941
0.580761376309
0.581477351885
0.582190349192
0.582902529266
0.583612020678
0.584318831713
0.585024313732
0.585727604337
0.586430507708
0.587130364884
0.587829537594
0.58852801881
0.589226322612
0.589923076161
0.590620346
0.591317051169
0.592015252675
0.59271345996
0.593412732987
0.594112402648
0.594813626096
0.595516465791
0.596220301941
0.596925213169
0.597631752791
0.598338417307
0.599044619775
0.599751720586
0.600459081828
0.601165009634
0.601869982953
0.60257438642
0.603276707472
0.603979449208
0.604680158582
0.60537944514
0.606077802948
0.606775989647
0.6074725475
0.608169108621
0.608865449052
0.609561426196
0.610257699104
0.610954594237
0.611652322535
0.612351618191
0.613052376508
0.613754232467
0.614457748331
0.615165156167
0.615871513434
0.616582325172
0.617294620256
0.618011609908
0.618726332544
0.619445220321
0.620164348115
0.620883321588
0.621601547381
0.622322705154
0.623042320932
0.623763751023
0.624483104445
0.625200193546
0.625922223909
0.62664040599
0.627359761943
0.62807870567
0.628797320371
0.629521343606
0.63023898429
0.630960041535
0.631683522968
0.632407139794
0.633134371593
0.633862867945
0.634593796294
0.635328889826
0.63606555671
0.636806057925
0.637549690033
0.638296391784
0.639045281854
0.639796851071
0.640550817946
0.641306852936
0.642063961548
0.642822578384
0.643583159501
0.644344567426
0.645106666112
0.645869390727
0.646633003072
0.647397453458
0.648161372031
0.648926706105
0.649692647549
0.650459761297
0.65122810374
0.651997043836
0.652767661948
0.653540202943
0.654314532347
0.655091735259
0.655872166412
0.656656024831
0.657443138062
0.658233308183
0.659027650574
0.659826808433
0.660628159864
0.661433120736
0.662242076589
0.663052932339
0.66386698864
0.664683345348
0.665501285209
0.666321834961
0.667144073247
0.667968076207
0.668793061139
0.669618872803
0.670446751265
0.671274891054
0.672105252539
0.672936017807
0.67376737305
0.674600524431
0.675435683279
0.676272161847
0.677110310383
0.677951472574
0.678795106019
0.679642894264
0.680492324391
0.681347830597
0.682206140958
0.683069961952
0.683935233223
0.684805286603
0.685679043437
0.686557380878
0.687439221086
0.688322882102
0.68920955174
0.690098205236
0.690990466138
0.691883474514
0.692776816169
0.693673684963
0.694574439051
0.695471419306
0.696371954155
0.697276202262
0.698175830614
0.699083483493
0.699986226685
0.70089269555
0.701803496845
0.702713318692
0.703623494636
0.704542569905
0.705461960031
0.706380359916
0.707308527746
0.708236531678
0.709173678556
0.710107559007
0.711050963074
0.711996199688
0.712941451054
0.713893680253
0.714850486615
0.715804869378
0.716764313469
0.717724914918
0.718688278113
0.719653818927
0.720620277841
0.721587815273
0.722556482783
0.723525113823
0.724495927058
0.725466888823
0.726439170397
0.727411437518
0.72838478047
0.729358975772
0.730335260833
0.73131320825
0.732292656856
0.733275646094
0.734261042455
0.735249341635
0.736241870713
0.737236639017
0.738234725251
0.739236679122
0.740241104863
0.741248459782
0.742258120167
0.743270508045
0.744284877372
0.745300983303
0.746319491484
0.747338842145
0.748359259564
0.749380488691
0.750402926154
0.751424429441
0.752446785088
0.753469386234
0.754491054839
0.755513023424
0.756535137839
0.757556810189
0.758578807372
0.759601898524
0.760625675254
0.761649914912
0.762676286218
0.763704267256
0.764734312872
0.765766768187
0.766800845744
0.767837664343
0.768876257792
0.769916570263
0.77095954459
0.772003899659
0.77304944325
0.774096950497
0.775145802004
0.776193019581
0.777243746825
0.778292254838
0.779341101044
0.780390202426
0.781437985308
0.782486693185
0.783532653086
0.784577530374
0.785620206925
0.786661574625
0.78770260217
0.788742179251
0.789778098292
0.790818175204
0.791855170516
0.79289342849
0.793933480796
0.794971175338
0.796011191723
0.797053721326
0.798093906428
0.799136659432
0.800181760391
0.801229244979
0.802273826649
0.803319629988
0.804360096544
0.805408357532
0.806450038881
0.807496978829
0.808542842837
0.8095791315
0.810619684761
0.811661995853
0.812696178434
0.81372908669
0.814760252468
0.815788504502
0.816813478422
0.817836878036
0.818856906336
0.819875485633
0.82089278891
0.821907914875
0.822921844376
0.823934868624
0.824946968029
0.825958489103
0.826969204939
0.827979871391
0.828989820299
0.829999359247
0.831009033504
0.832017974507
0.833026191698
0.834032642972
0.835039373247
0.8360434266
0.837046589597
0.838047623726
0.839046291007
0.840042608885
0.841035488259
0.842025380352
0.843011223236
0.843992906144
0.844971715496
0.845945992338
0.846917865155
0.847885670371
0.848849908745
0.849811518986
0.85077117915
0.851728382596
0.852682894252
0.853635955267
0.854587290721
0.855537127683
0.856485662403
0.857433108281
0.85837853607
0.859322988658
0.86026639308
0.861208580404
0.86214931716
0.863088271559
0.864024955463
0.864959960623
0.865892516634
0.866822098289
0.867748711386
0.868671954256
0.869590630951
0.87050564617
0.871415816372
0.8723230453
0.873224829517
0.874123778376
0.87501739914
0.875907695661
0.876796012347
0.877680279573
0.878561272147
0.879443239065
0.88031922376
0.881193298185
0.882066371054
0.882938208314
0.883809366794
0.884680347697
0.88554684999
0.886413255697
0.887274949553
0.888141671838
0.889003293325
0.889864745796
0.890720188515
0.891579922867
0.892432293515
0.893282840616
0.894129500209
0.894972639103
0.895818075607
0.896652207783
0.89748392864
0.898313169002
0.899138247876
0.899959483789
0.90077796749
0.901593357436
0.90240665209
0.903217471009
0.904025321038
0.904831850772
0.905637285773
0.906440269124
0.907242318238
0.908043502491
0.908844426978
0.90964444557
0.910444010767
0.911243440047
0.912042170299
0.912839503164
0.91363713039
0.91443390703
0.915229086627
0.916023591387
0.916815623219
0.917605118973
0.918392948336
0.919176899488
0.919958523341
0.92073838072
0.921514418443
0.92228775572
0.923058880806
0.923828323916
0.92459564759
0.92536126982
0.926125439107
0.926888489078
0.927650706151
0.928412505579
0.929173942177
0.929935072487
0.930696140401
0.931458844575
0.93222164541
0.932984778395
0.933749431087
0.934514808506
0.935280969068
0.936048785889
0.936816027065
0.937584437245
0.938352589893
0.939120046712
0.939887323136
0.940653022482
0.94141876471
0.942182224306
0.942944105675
0.943706119638
0.944466157332
0.945225138483
0.945982843186
0.946741170935
0.947499082185
0.948256069485
0.94901346246
0.949771737997
0.950531448134
0.951290724968
0.952051571655
0.952815022715
0.953580211041
0.954347206224
0.955115076752
0.955889248139
0.956663342897
0.957441264866
0.958218810686
0.959000001159
0.959784716156
0.960568054753
0.961354336291
0.962143319439
0.962929587783
0.963717797264
0.964507819626
0.96529381269
0.966087068941
0.966874747285
0.967663589724
0.968453026566
0.969247999136
0.970037724983
0.970831970188
0.971626002565
0.972425110776
0.973221932204
0.974023374746
0.974828843166
0.975633286021
0.976443095545
0.977256732049
0.978073979832
0.978894498004
0.979719996817
0.980548478868
0.981380821094
0.982216808597
