metodo_2_dt_1:24
4.75419473464e-07
0.0194847383888
0.0194852270402
0.0194856632445
0.0194860444376
0.0194863410228
0.0194864044303
0.0194864090803
0.0194862815105
0.0194858633753
0.0194856464989
0.0194847793435
0.0194834247136
0.0194821815436
0.0194811797064
0.0194794299401
0.0194766612069
0.019475205104
0.0194723176242
0.0194688723087
0.0194646771125
0.0194607161714
0.0194557790384
0.0194509029245
0.0194449559199
0.0194386647782
0.0194316840842
0.0194235847587
0.0194156777637
0.0194062779589
0.0193959106499
0.0193849582542
0.0193731095555
0.0193608419323
0.0193471012698
0.0193316448945
0.0193164234324
0.0192997507751
0.0192815675051
0.0192624766356
0.0192419116972
0.0192199403213
0.0191974280803
0.0191728387161
0.0191470871424
0.0191195747575
0.0190906850111
0.0190608320879
0.0190282133388
0.0189950988531
0.0189603036814
0.0189233603058
0.0188843689021
0.0188438132085
0.0188016957792
0.0187572307838
0.0187114505028
0.0186633797371
0.0186133731403
0.0185610023118
0.0185068837266
0.0184503955387
0.018391894277
0.0183310772844
0.0182680276976
0.0182026597093
0.0181346606221
0.018064824696
0.0179931658264
0.0179184076273
0.0178402901394
0.0177608178633
0.0176788076153
0.0175936096176
0.017507224748
0.017417208797
0.0173241379908
0.0172292943075
0.0171313096349
0.0170318795088
0.0169279267416
0.0168225214672
0.0167144285623
0.0166029779054
0.0164896537548
0.0163729103646
0.0162539437661
0.0161319167031
0.0160076705993
0.0158800571685
0.0157503192067
0.0156176057496
0.0154822041821
0.0153451074435
0.0152049279985
0.0150617369983
0.0149163055989
0.0147679803129
0.0146177381755
0.0144644040327
0.0143097717112
0.0141529340528
0.0139931195104
0.013831753792
0.0136683601555
0.0135025716074
0.0133348930906
0.0131661165213
0.0129956409921
0.0128231617278
0.0126493449572
0.0124750342391
0.012298947521
0.0121224434657
0.0119455074746
0.0117679496198
0.0115897293974
0.0114117814693
0.011234526232
0.0110573089559
0.0108811706436
0.0107067574725
0.0105333507117
0.0103616162904
0.0101922844917
0.0100266011838
0.00986300946684
0.00970384814215
0.00954946913179
0.00939879926934
0.00925469690251
0.00911582660553
0.00898344359046
0.00885925659477
0.00874205988064
0.00863421516117
0.00853625472653
0.00844808081257
0.00837048535868
0.00830466813227
0.00825169476471
0.00821105765059
0.00818431284191
0.00817113298778
0.00817248552976
0.00818877218028
0.0082199080415
0.00826665601095
0.0083290794311
0.00840670748915
0.00849958015039
0.00860808708522
0.00873014561827
0.00886837209811
0.00902010957646
0.00918596630558
0.00936483433277
0.00955750654514
0.00976161983915
0.00997819188696
0.0102057338853
0.0104440062519
0.0106918097087
0.0109504593933
0.01121897356
0.0114953083652
0.0117794310109
0.0120730497974
0.0123728821803
0.0126806609449
0.0129945764257
0.0133147004018
0.0136414706346
0.0139734251484
0.0143103674892
0.0146529686893
0.0150003957621
0.0153521370136
0.0157080779979
0.016068211828
0.0164321073214
0.0167996745338
0.0171708958701
0.0175456792606
0.0179232050777
0.0183029149863
0.0186859129789
0.0190718847116
0.0194595767286
0.0198498124599
0.0202423667994
0.0206377707185
0.0210340524333
0.0214331239181
0.0218336388705
0.0222353402194
0.0226382246697
0.0230438925595
0.0234495915917
0.0238577418368
0.0242669197068
0.0246762709434
0.0250883102216
0.0254994713957
0.0259135590583
0.0263274192764
0.0267420556991
0.027158414997
0.0275750751762
0.0279922232016
0.028410069409
0.0288284052779
0.0292477083674
0.0296674036735
0.0300882773611
0.0305091340482
0.0309300781258
0.0313523300907
0.0317752681643
0.032198285842
0.0326211855762
0.0330454365227
0.0334693031357
0.0338941101083
0.0343192648355
0.0347448271015
0.0351706670956
0.0355972891176
0.0360240828999
0.036451365475
0.0368792127305
0.0373074691438
0.0377366492363
0.0381656785998
0.0385956895423
0.0390260164112
0.0394571001881
0.0398884433188
0.0403211697942
0.0407536169985
0.0411871986029
0.0416215548379
0.0420571129472
0.042492591572
0.0429299442991
0.0433676290575
0.0438063401776
0.0442461858508
0.0446859460907
0.0451280229207
0.0455705529033
0.0460140832958
0.0464595881422
0.0469060379901
0.0473533527353
0.0478026989812
0.0482536097012
0.0487051583481
0.0491588380769
0.0496135069281
0.0500698887102
0.0505288361531
0.0509881383215
0.0514494850731
0.0519142487195
0.0523795080268
0.0528464835181
0.0533161427466
0.0537883916109
0.0542619226131
0.0547383311031
0.0552160449504
0.0556970019426
0.056180174467
0.0566655355447
0.0571532754986
0.057644673691
0.0581376260046
0.058633547672
0.0591323332716
0.0596339791615
0.0601383481941
0.0606459073432
0.0611563645569
0.0616698911712
0.0621862030398
0.06270617287
0.0632290722186
0.0637550616615
0.0642852648836
0.0648182906138
0.0653548962212
0.0658952262762
0.0664384893971
0.0669857384683
0.0675364185078
0.0680903793172
0.0686488415834
0.0692117009757
0.069776734541
0.0703470525381
0.070920200027
0.071498003647
0.072079642231
0.0726657265359
0.073255597046
0.0738493893547
0.0744472453008
0.0750500733283
0.0756560940875
0.0762668456326
0.0768818851423
0.0775012090249
0.0781250922541
0.0787528799884
0.0793852348184
0.0800210388593
0.0806624069112
0.0813079408315
0.0819580329217
0.0826118365001
0.0832708649285
0.0839339157072
0.0846013748128
0.0852733924178
0.0859504611123
0.0866311878997
0.0873172473803
0.0880066577651
0.0887016816363
0.0894003724253
0.0901032190974
0.0908110368447
0.0915231214857
0.092239611142
0.0929604976808
0.0936858196905
0.0944154022755
0.0951494072765
0.0958875766242
0.096630085663
0.097376708494
0.098127021341
0.0988830907151
0.0996417858028
0.100404989822
0.101172519538
0.101943968151
0.102719118679
0.103498590144
0.104281834728
0.105069233715
0.105859939743
0.106654981526
0.107453013238
0.108255240709
0.109060669428
0.109870281117
0.110682911747
0.111498718937
0.112318216634
0.113140884056
0.113967551833
0.114795659933
0.115629008746
0.116463652612
0.11730213516
0.118143287185
0.118987366613
0.119834488995
0.120683639786
0.121535782999
0.122390233201
0.12324780725
0.124107576454
0.124969454229
0.125834092075
0.126699644597
0.12756802579
0.128438653428
0.1293114238
0.130185190135
0.131061717357
0.131939899905
0.132818716842
0.133700472983
0.134582542583
0.135466412448
0.136351662386
0.137238120173
0.138125788164
0.139014553313
0.139904331175
0.140795115442
0.14168660934
0.142578987718
0.143472227246
0.144365468351
0.145260483768
0.146154954397
0.147050246034
0.147946124518
0.148842452301
0.149738344109
0.150634909277
0.151532063939
0.152428448403
0.153324968517
0.154221174857
0.15511798287
0.156014418198
0.156910679424
0.157806351561
0.158702088749
0.159597101989
0.160491687042
0.161386064743
0.162279753864
0.163173045857
0.164065548385
0.164958229198
0.165849829861
0.16674067439
0.16763073613
0.168520204671
0.169409052032
0.170296906195
0.171184217447
0.172070586464
0.172956582858
0.173841356498
0.174724963542
0.175607936067
0.176490569105
0.177372764569
0.178253515998
0.179133344086
0.180012731175
0.180891191582
0.181768790052
0.182645739834
0.183521924002
0.184397419291
0.185272230486
0.186146404433
0.187019936466
0.187892827054
0.188765165236
0.189637054813
0.190508070927
0.191378806924
0.192250137465
0.193120145072
0.193989381071
0.194859653809
0.195728392364
0.196597345307
0.197466892247
0.198335834871
0.199205050941
0.200074811965
0.200943207893
0.201812750956
0.202683259063
0.203553050698
0.204423696263
0.205295160561
0.20616653319
0.207038663622
0.207912601971
0.20878566841
0.209660603825
0.210536671337
0.211413108987
0.212290499042
0.213170154453
0.214050985951
0.214932092253
0.215815854512
0.216700981143
0.217587513158
0.218475497263
0.219365118707
0.220257742713
0.221151247065
0.222047840178
0.222945759402
0.223845833345
0.224749149763
0.225654173561
0.226562182457
0.227472880717
0.228386524146
0.229302242082
0.230221245428
0.231143323346
0.232068450407
0.232996626705
0.233928088649
0.234862937574
0.235801246844
0.236742922803
0.237688298833
0.23863727648
0.239590513666
0.240547169275
0.241507130241
0.242472283947
0.243440359601
0.244413223089
0.245390015417
0.246371330196
0.24735716276
0.248346507391
0.249341155032
0.250340212512
0.251344018894
0.252351698799
0.25336487024
0.254382192996
0.255404609157
0.256431983426
0.257464799699
0.258502686924
0.259544832675
0.260591615252
0.261644300428
0.262701966397
0.263765052653
0.264833311962
0.2659064954
0.26698419598
0.268068088416
0.269157865955
0.270252016366
0.271351927599
0.272456757223
0.273567046251
0.274682488946
0.275804132719
0.276931183307
0.27806279407
0.279200385715
0.280342373669
0.281491125682
0.282644322209
0.283802799375
0.284966947469
0.286136452109
0.287310988965
0.288490852072
0.289675798242
0.290866059369
0.292061469702
0.293261943421
0.294467482552
0.295678018989
0.296893970737
0.298114454289
0.299339103705
0.300569616755
0.301804188838
0.303043381647
0.304288203731
0.305536890453
0.306790373269
0.308048301702
0.309309945382
0.31057615298
0.311846734179
0.313121820647
0.314399800521
0.315683033266
0.316968943963
0.318259389825
0.319553378032
0.320851214679
0.32215241002
0.323456947067
0.324764559099
0.326075350655
0.32738962651
0.328706619992
0.330026163716
0.331349464238
0.332674818875
0.334002566776
0.335332996485
0.336666201807
0.338000816671
0.339338777506
0.340677837275
0.342019042098
0.343361676686
0.344706560568
0.346052852463
0.347400437782
0.348748765634
0.350099299301
0.351450673294
0.352802803763
0.354156133495
0.355509918479
0.356864447093
0.358219619667
0.35957503324
0.3609310064
0.362286974422
0.363643069411
0.364999499784
0.366355433618
0.367711402341
0.369066826496
0.370420932012
0.371775922614
0.373129879269
0.374482689364
0.375835152748
0.377186335991
0.378536809639
0.379885990748
0.381233966964
0.382580587889
0.383926318828
0.385270799909
0.386613035523
0.387953832232
0.38929386233
0.390630980985
0.391967498398
0.393300843366
0.394632635328
0.395963600278
0.397291319493
0.398617062316
0.399941307086
0.401263642571
0.402582942171
0.403900815849
0.405215831279
0.406528647701
0.407839651171
0.40914845099
0.410454934252
0.411758512668
0.413059932514
0.414358161516
0.415655479161
0.416949837516
0.418241857828
0.419531110843
0.420818766117
0.422103917787
0.423386672568
0.424667212528
0.425945627555
0.427221807077
0.428495597608
0.429767461241
0.431037256122
0.432305012461
0.433570625396
0.434834754589
0.436096612088
0.437356652483
0.438615181556
0.439871272673
0.441126941394
0.442379928032
0.443632732569
0.444882897104
0.446132330499
0.447380902507
0.448627418436
0.449873950876
0.451118789779
0.452363331829
0.453606257151
0.454849548975
0.456092239493
0.457333812526
0.458575266685
0.459816600146
0.461057711897
0.462298566316
0.463539949272
0.464781382422
0.466023430046
0.467265549672
0.468508385607
0.469751734501
0.470996619694
0.472241212808
0.473487627086
0.47473517156
0.475984164095
0.477234145149
0.478485753186
0.479738614891
0.480994707227
0.482251404087
0.483510989597
0.484771828727
0.486035600325
0.487301625549
0.488570350317
0.489841505102
0.491115772369
0.492392797664
0.493672868706
0.494956178513
0.496240949135
0.497513827674
0.498772093549
0.500015273257
0.50124408859
0.502422221621
0.503551951244
0.504662565122
0.50578748092
0.506962307571
0.5082279492
0.509628057811
0.511209830776
0.513025772807
0.51513052895
0.517584261354
0.520448011988
0.523786091152
0.527665141972
0.532151751535
0.537311946624
0.543207342896
0.549891674033
0.55740741413
0.565779697927
0.575004601952
0.5850451243
0.595810321331
0.607149343236
0.618831614267
0.630542181563
0.641888319698
0.652430787169
0.661743578441
0.669492886301
0.675508448333
0.679814163941
0.682604157684
0.684181147704
0.684885535921
0.685040895052
0.684921152196
0.684740658081
0.684653274558
0.684762214417
0.685126610511
0.685773367885
0.686704196708
0.68790095857
0.689334054323
0.690965672055
0.692749174553
0.694637844027
0.696580753826
0.698528324289
0.70042804273
0.702232601025
0.703891561034
0.705359136913
0.706589842981
0.707539677457
0.708166298858
0.708428382313
0.708286859553
0.707703549356
0.706641002483
0.705063696089
0.702936850245
0.700226482142
0.696900953413
0.692929517899
0.68828329645
0.682935971458
0.676863298613
0.670046093503
0.662470088643
0.6541286665
0.645025426255
0.635176864231
0.624619697528
0.613413529696
0.601654854369
0.589487771111
0.577119206083
0.564840400851
0.553054776483
0.542306424148
0.533309691257
0.526969067813
0.52437058639
0.526720705908
0.535208471032
0.550781117075
0.573883294055
0.604235936369
0.640794067409
0.68191656456
0.725711120144
0.77039848439
0.814555446995
0.857194948477
0.897723158873
0.935843530972
0.971459643584
1.00459449335
1.03533910297
1.06381279254
1.09014807529
1.11447350533
1.13690991085
1.15756694867
1.17654378657
1.19392496764
1.20978386536
1.22418571546
1.23718324907
1.24882112771
1.25913555786
1.26815590132
1.27590283894
1.2823936518
1.2876345938
1.29163033039
1.29437668565
1.29586586365
1.29608157544
1.29500189319
1.29260169873
1.28884334529
1.28368754256
1.27708402156
1.26897520818
1.25929362149
1.24796421008
1.23489887391
1.2200013026
1.2031656967
1.18427641831
1.16321061091
1.13984985949
1.11408600963
1.08584314228
1.0551138826
1.02200816102
0.986838806658
0.95023198062
0.913253567217
0.877503757951
0.845084608348
0.818325006642
0.799262028822
0.789079712863
0.787823466389
0.794535005167
0.807671817086
0.825541334361
0.846598077791
0.869569436077
0.893479490121
0.917610627565
0.941452299072
0.964649050547
0.986958266791
1.00821943573
1.028330021
1.04722725443
1.0648720795
1.08124863722
1.09634862122
1.11017428087
1.12272855225
1.13401707373
1.14404479481
1.15281291867
1.16032073682
1.16655996083
1.1715192067
1.17517580302
1.17749965476
1.17844950087
1.17797108371
1.17599078113
1.17242019262
1.16714564684
1.16002278938
1.1508766571
1.13948788438
1.12558902878
1.10885805923
1.08891358683
1.06531824023
1.03760675544
1.00534078756
0.968231807416
0.926314983259
0.880185495977
0.831147210945
0.781157205398
0.73248959269
0.687271767255
0.647129817699
0.613058776163
0.585469252324
0.564311328881
0.549206404618
0.539563683898
0.534680762238
0.533816340518
0.536252924158
0.541329035481
0.54846307685
0.557158732838
0.567003978733
0.577662553205
0.588865559745
0.600399590436
0.612098090221
0.623831262405
0.635499607332
0.647025067467
0.658348001684
0.669416329505
0.680186239875
0.690613288692
0.700644986655
0.710214499939
0.719232710453
0.727570310384
0.735045005287
0.741395894091
0.746254830361
0.74911227599
0.749284602789
0.745907287895
0.737988136202
0.724587041869
0.705122855276
0.679702287828
0.649230695261
0.615169303559
0.579108608118
0.54242947594
0.506168597485
0.471029719436
0.437463097132
0.405745681457
0.376048393395
0.348485433516
0.323155379063
0.30016628454
0.279653632832
0.261801852219
0.246849119867
0.235081665604
0.226821211093
0.222381808061
0.222027417938
0.225921363771
0.234108831063
0.246521196514
0.263012912727
0.283403808499
0.307505772241
0.335125259666
0.366045845424
0.399961359387
0.436374305087
0.474457015169
0.512881838002
0.549752808782
0.582813852916
0.610030793316
0.630271237563
0.643539077513
0.650645126069
0.652697939908
0.650750908394
0.645652947184
0.638036941254
0.628350758885
0.61690552704
0.603916522437
0.589539284887
0.573899059345
0.557119247046
0.539350396383
0.520805427026
0.501805777675
0.482844085085
0.464667190097
0.448390275944
0.435611676168
0.428490307916
0.42967593915
0.441916085729
0.467272446647
0.506059953975
0.555955683747
0.611938322626
0.667683183223
0.717874655486
0.759631562449
0.792259105065
0.816257808793
0.832531357454
0.841982071709
0.845369349505
0.843286871299
0.836184553958
0.824411204863
0.808264387571
0.788053164761
0.764197679476
0.737377036705
0.70877621965
0.680495619679
0.656116381722
0.641220822081
0.642936326759
0.666878337307
0.711948342786
0.768868959489
0.826064677891
0.87573215054
0.91459541749
0.942006146722
0.958341292375
0.964208131774
0.960155002031
0.946628562668
0.924087191272
0.893300489472
0.856011193102
0.816294416631
0.782838974374
0.770177209872
0.791387983876
0.842061700454
0.901810965826
0.953126587262
0.987849605921
1.00329028151
0.998727574983
0.974241279601
0.931786445426
0.880335378719
0.847156188768
0.870062244143
0.934887151856
0.986202566496
0.989969955221
0.937216192786
0.90316625175
1.25990449175
2.66316371304
4.11931984099
5.58683259373
7.05835248445
8.53156564756
10.0055201438
11.4797538982
12.9540486324
14.4281397595
15.9019952306
17.375534231
18.8486955475
20.321517379
21.7939404084
23.2658280456
24.7372453467
26.2081767991
27.6786637883
29.1485854822
30.6179876387
32.0868612237
33.5552831017
35.02313544
36.4903862182
37.9570856279
39.423230418
40.8888180346
42.353901096
43.8183673575
45.2822706174
46.7456111813
48.2084711754
49.6707417868
51.1323956875
52.5934896165
54.0540265593
55.514008413
56.973495189
58.43237774
59.8907166241
61.3485168716
62.8057827827
64.2626033808
65.7188746672
67.1745739092
68.6297645196
70.0844530196
71.5386479484
72.9924128704
74.4456447394
75.898407911
77.3507121305
78.802567523
80.2539833866
81.7050272395
83.1556791451
84.6058417635
86.0556095515
87.5049935141
88.9540628542
90.4027166116
91.8510245737
93.2989989225
94.7466533046
96.1940016209
97.6411131223
99.0878899742
100.534484421
101.980746173
103.42677277
104.872634496
106.318234484
107.763643344
109.208877121
110.653950393
112.098879055
113.543735398
114.988421727
116.433010906
117.877517974
119.321959217
120.766598669
122.211094925
123.655517343
125.099111581
126.543545927
127.988009766
129.432575632
130.877147279
132.321795937
133.766538107
135.211388608
136.656363354
138.101534346
139.546803659
140.991417154
142.437041544
143.882865829
145.328905072
146.775229109
148.221740712
149.66850933
151.115549628
152.562874458
154.010497627
155.4584888
156.90592097
158.354517452
159.803462975
161.252770028
162.702506866
164.152572076
165.603033713
167.053901861
168.505187871
169.956901175
171.409108057
172.860878852
174.313933099
175.767452891
177.221445907
178.676200418
180.130941177
181.58617841
183.042479138
184.498730517
185.956057562
187.412519971
188.870337888
190.329247732
191.788135557
193.248123852
194.708098202
196.169179515
197.630254082
199.091882145
200.554624769
202.017366306
203.480395841
204.94425607
206.408675891
207.874213846
209.33975298
210.806408325
212.273063575
213.740831428
215.208595432
216.676909794
218.146329599
219.614906577
221.085410613
222.55589412
224.026908898
225.499007667
226.97107021
228.44420497
229.917292373
231.391438664
232.86552413
234.339267587
235.814877884
237.290404333
238.766950797
240.243396252
241.72028728
243.198171521
244.675925622
246.154652475
247.63322943
249.112757406
250.591283544
252.071010553
253.551657886
255.03209819
256.513427451
257.99452897
259.475942114
260.958205905
262.440203053
263.923028078
265.40555146
266.888048788
268.37104684
269.85426489
271.33824042
272.821843106
274.306177846
275.790114046
277.274188583
278.758950059
280.243267537
281.728233408
283.211898073
284.697014437
286.181620876
287.666265513
289.15148064
290.63614666
292.12135569
293.605976197
295.090556265
296.57563219
298.059242161
299.544150917
301.028396656
302.513071953
303.99705719
305.480885147
306.965104628
308.448584318
309.932417563
311.415485075
312.898880614
314.380643168
315.862982639
317.345607186
318.827386216
320.309426635
321.790598144
323.271439881
324.752503252
326.232654512
327.713002175
329.192416841
330.671166111
332.149792443
333.628007401
335.106352827
336.583712321
338.06118527
339.5376439
341.01364335
342.489727419
343.964769152
345.439052625
346.913106464
348.387215683
349.860254517
351.332769248
352.80531865
354.276777915
355.748252212
357.218629288
358.688457789
360.158286993
361.62617657
363.094888659
364.562483606
366.030070351
367.496527215
368.962418226
370.428296163
371.893040449
373.357774685
374.821379036
376.284408178
377.746600553
379.208495018
380.670377235
382.131141131
383.59189829
385.051543382
386.510634598
387.969730743
389.427727586
390.885743328
392.341834061
393.798229298
395.254661694
396.710016883
398.165427481
399.619775831
401.074195501
402.527573462
403.98047342
405.433471497
406.88545561
408.336721388
409.787825764
411.23850615
412.689328671
414.139194592
415.589229743
417.038324003
418.487615811
419.935991566
421.384031183
422.832303007
424.278870006
425.726528302
427.173341247
428.619878151
430.0667205
431.512760265
432.959126675
434.404723918
435.850681598
437.29589225
438.740110383
440.185558762
441.630314148
443.075506826
444.520029801
445.964466089
447.409386854
448.853685262
450.298503813
451.742735724
453.1875116
454.630908589
456.075149933
457.51999074
458.96432417
460.409280622
461.853765071
463.298348443
464.743601531
466.188429093
467.633960961
469.079089785
470.524128924
471.969626912
473.415325644
474.861806744
476.30795823
477.754920502
479.201585219
480.648521279
482.096309179
483.543840024
484.99141278
486.439586424
487.888659328
489.337521741
490.78675254
492.236918307
493.686908566
495.137860085
496.588657904
498.039879246
499.492088988
500.94334693
502.396444679
503.849441474
505.303459447
506.757397505
508.211818334
509.667284127
511.122692854
512.579160523
514.035584456
515.492525281
516.949714493
518.407705615
519.866787752
521.325844645
522.786004947
524.246151705
525.706842496
527.168646251
528.630444964
530.093353
531.555434713
533.018899092
534.483484012
535.94806968
537.413768048
538.879470494
540.346288008
541.813099359
543.280468607
544.748947383
546.217413386
547.686158064
549.155716478
550.625809556
552.09699862
553.568155648
555.04039882
556.512603388
557.985874749
559.459099365
560.932824228
562.407595844
563.881470448
565.357209758
566.832857498
568.308970571
569.786089594
571.263098479
572.741098488
574.218961063
575.697798608
577.176481996
578.654724385
580.134738568
581.614565246
583.095303239
584.575833995
586.056698522
587.538437507
589.019931695
590.502274488
591.984346202
593.467243688
594.949005503
596.431841751
597.91546199
599.398733727
600.882764617
602.366421855
603.850243786
605.334780466
606.818898697
608.303693479
609.788043278
611.272209393
612.756729154
614.241310585
615.726491166
617.211148997
618.69637854
620.181045942
621.665700429
623.150879361
624.635448854
626.119685766
627.604111298
629.089002408
630.573225323
632.057317661
633.541829032
635.025625866
636.509803246
637.993239667
639.476473328
640.960042617
642.441996966
643.925091165
645.407363048
646.889920852
648.371628226
649.853036604
651.334685824
652.815444087
654.296420921
655.776484967
657.256177104
658.735221142
660.214145085
661.693218851
663.171324244
664.649561215
666.126800254
667.603596445
669.080489459
670.556362597
672.032317774
673.506397896
674.980818334
676.455295532
677.928702596
679.402155512
680.874528108
682.346925406
683.81823387
685.288997718
686.759777549
688.229449099
689.69829081
691.166849091
692.634845454
694.102830964
695.569695258
697.036548276
698.502268583
699.967979035
701.432559026
702.896562461
704.360555704
705.822586623
707.285438269
708.74716329
710.208318031
711.669471286
713.129505765
714.589537523
716.048461982
717.507396187
718.965224467
720.421689729
721.879009476
723.335240547
724.791514276
726.246712962
727.701410398
729.156168961
730.609876018
732.063665132
733.516424373
734.969276239
736.420292864
737.871695995
739.323222244
740.773773206
742.224469337
743.674212827
745.123570136
746.573108085
748.021729687
749.47056102
750.918493696
752.36583787
753.813142435
755.260147425
756.707433459
758.153893223
759.600654606
761.046622554
762.492362606
763.938456368
765.383797333
766.828685937
768.273684529
769.719093808
771.163807708
772.608408581
774.053466964
775.497877003
776.942780076
778.387066445
779.831318734
781.276107678
782.719499208
784.164291447
785.608550297
787.053405232
788.497762319
789.942192106
791.387265051
792.831887024
794.277187095
795.722059044
797.166256446
798.612001946
800.057372507
801.503496469
802.949266967
804.395823867
805.842059974
807.288544116
808.73585677
810.182890178
811.630771159
813.077574991
814.525526182
815.974363622
817.422990335
818.872527761
820.321878421
821.772167091
823.222283852
824.672806162
826.1242992
827.575652193
829.027171534
830.479402941
831.9320817
833.385783123
834.839390917
836.29403811
837.748611716
839.204232054
840.659797356
842.115868762
843.572178277
845.029280414
846.487464714
847.945615744
849.404304471
850.864089486
852.323854254
853.784726656
855.245585446
856.707557599
858.16952508
859.631215128
861.09485281
862.558490148
864.023239939
865.487994135
866.953306595
868.41973068
869.886157196
871.35369665
872.821227197
874.289870326
875.757670517
877.226848364
878.697125247
880.167377444
881.638724212
883.110041091
884.581876775
886.054791382
887.527659371
889.001585965
890.474627739
891.949543257
893.424388416
894.899709119
896.376050844
897.852297551
899.329551677
900.806684656
902.284252451
903.762798749
905.241194074
906.719721783
908.198910161
909.679030026
911.15896266
912.639245919
914.120433185
915.601393083
917.083224103
918.564806279
920.046680075
921.529385686
923.010973254
924.494198502
925.977099303
927.460784355
928.944120417
930.427646472
931.911913204
933.395782953
934.880363556
936.364521058
937.84796444
939.332902271
940.817371018
942.302466073
943.787064907
945.272262776
946.756925162
948.241601684
949.726826097
951.211475688
952.696645598
954.180371963
955.664862952
957.149827083
958.634129855
960.118878508
961.602938658
963.087405841
964.57115772
966.054732583
967.538668864
969.021844559
970.504522697
971.987240009
973.469706322
974.952460913
976.434382554
977.916568469
979.397885931
980.87944454
982.360112001
983.84042897
985.320119137
986.799705298
988.279469316
989.758280155
991.23723761
992.715223104
994.192779443
995.670449819
997.147116583
998.623881338
1000.0996152
1001.57404565
1003.04937587
1004.52364898
1005.9979805
1007.47123937
1008.94454199
1010.41676203
1011.88844702
1013.3601569
1014.8307665
1016.30138262
1017.77006388
1019.23901796
1020.70796623
1022.1757975
1023.64362097
1025.11031437
1026.57699981
1028.04255192
1029.50753572
1030.97250485
1032.43551039
1033.89933458
1035.36202934
1036.8241502
1038.2862651
1039.74725612
1041.20823838
1042.66810671
1044.12797326
1045.58673368
1047.0449468
1048.50234325
1049.95947735
1051.41663888
1052.87271362
1054.32827456
1055.78388324
1057.23842664
1058.69303736
1060.14660314
1061.60024551
1063.0520362
1064.50419245
1065.95646189
1067.40773398
1068.85913223
1070.30955865
1071.75957899
1073.20975938
1074.65900269
1076.10843417
1077.55694534
1079.00484539
1080.45268347
1081.90019888
1083.34797164
1084.79489053
1086.24209458
1087.68847692
1089.13460656
1090.5810646
1092.02674471
1093.472775
1094.91723283
1096.36290362
1097.80785305
1099.25266312
1100.69790003
1102.14247015
1103.58750244
1105.03189148
1106.47621964
1107.92105739
1109.36447096
1110.80925833
1112.25348572
1113.69828225
1115.14255446
1116.58687279
