metodo_1_dt_1:4
3.00653240312e-06
0.00969236465624
0.00969702873652
0.00970348358331
0.00970974450372
0.00971343182164
0.00971845979507
0.00972711598166
0.0097323285091
0.00973671118593
0.00974419810431
0.00975113171688
0.00975442901456
0.00976347930936
0.00976894216169
0.00977395191586
0.00978107083165
0.00978792700212
0.00979358117638
0.00980271460541
0.00981078325054
0.00981775421322
0.00982266704759
0.00983144609818
0.00983914575496
0.00984479108504
0.00985271550643
0.00986039188519
0.00986961567011
0.0098776493749
0.00988347751164
0.00989182129574
0.00990279674677
0.00991061143875
0.00991681856167
0.00992471717749
0.00993438151936
0.00994217388193
0.00995079649438
0.00996196076324
0.00996919883257
0.009977965982
0.00998742701934
0.00999917625603
0.0100063747205
0.0100199921191
0.010028734652
0.0100376790891
0.0100474894365
0.0100572512028
0.0100668182479
0.0100767834624
0.0100920435703
0.0101000374099
0.010113828154
0.010126564911
0.0101379921273
0.0101471146624
0.0101607153148
0.0101722830367
0.0101807847135
0.0101931641912
0.0102092757038
0.0102215347426
0.010229547783
0.0102473521614
0.0102609859725
0.0102667733375
0.0102855205479
0.0102938886359
0.0103128320552
0.0103256223869
0.0103390945011
0.0103603456748
0.0103665048051
0.0103845044497
0.0104050398058
0.0104158577655
0.0104355542603
0.010454668381
0.0104667758381
0.010484707592
0.0105024144998
0.0105155044039
0.0105364492922
0.0105544566785
0.0105694069522
0.0105885188569
0.0106024336097
0.0106286661211
0.0106440679676
0.0106669258683
0.0106876441871
0.0107054173222
0.0107281475144
0.0107478218359
0.0107683159104
0.0107931227177
0.0108139999887
0.0108370179708
0.0108604759901
0.0108834616304
0.0109081268104
0.0109312836524
0.010953998323
0.0109799291955
0.0110052863467
0.0110308339272
0.0110574239661
0.0110839993357
0.0111114706695
0.0111388296419
0.0111670424927
0.0111959916703
0.0112256323803
0.0112540545022
0.0112848102912
0.0113156974787
0.0113472311267
0.011377587424
0.0114100113894
0.0114431820012
0.011476943999
0.0115104825276
0.0115446485711
0.0115798415984
0.0116150150043
0.0116509483494
0.0116882030427
0.0117257971915
0.0117635663842
0.0118015848789
0.0118415722813
0.0118812833012
0.0119221033045
0.0119624511953
0.012004132063
0.0120479320514
0.0120898910555
0.0121348937275
0.0121785460034
0.0122242386865
0.0122701126369
0.0123180701005
0.0123648211646
0.0124138232262
0.0124610381737
0.0125123088522
0.0125634458585
0.0126131032765
0.012665351837
0.0127192180695
0.0127729538317
0.0128262222071
0.0128816447077
0.012937141041
0.0129955627226
0.0130539426605
0.0131122558099
0.013170485566
0.0132324262605
0.0132947554488
0.0133572722022
0.0134202725036
0.0134837252748
0.0135476317382
0.0136164010187
0.0136816408401
0.0137521832382
0.0138190122912
0.0138913801675
0.0139597493156
0.0140301684298
0.0141053402779
0.0141775972402
0.0142558988672
0.0143295537418
0.0144050469786
0.014482014246
0.0145657245471
0.0146454620254
0.0147255618333
0.0148080727691
0.0148909649163
0.0149754282002
0.0150610232511
0.0151473090044
0.0152353783706
0.0153239776065
0.015412630977
0.015503098416
0.0156001015302
0.0156904449866
0.0157886213067
0.0158795615515
0.0159766228839
0.0160743918305
0.0161780856048
0.0162733369084
0.0163754302206
0.016482570853
0.0165887191044
0.0166924806192
0.0168014847148
0.0169073959279
0.0170179299939
0.0171245593572
0.017235080902
0.0173488568255
0.0174658178404
0.0175770618577
0.0176988072297
0.0178138233122
0.0179379773947
0.0180542910155
0.0181793533675
0.0183039134517
0.0184271139825
0.0185567889994
0.0186844342031
0.0188090995032
0.0189382258808
0.0190719347369
0.0192093645447
0.0193401877971
0.0194737298878
0.0196082025479
0.0197522471575
0.0198870176319
0.020029866257
0.0201798993835
0.0203178983922
0.0204707701915
0.0206094272541
0.0207609831219
0.0209153718697
0.0210620133585
0.0212169173271
0.0213707301164
0.021527108448
0.0216854586441
0.0218447867135
0.0220051886186
0.0221662528792
0.0223295506769
0.0224949074386
0.0226606740247
0.0228284782765
0.0229969657268
0.0231676213174
0.0233405469048
0.0235140204812
0.0236906601321
0.0238662756729
0.0240450994848
0.0242254981063
0.0244069259312
0.0245899416649
0.0247742809743
0.0249603435276
0.0251476346984
0.0253370696359
0.0255273263692
0.0257204813837
0.0259142136885
0.0261088764391
0.0263059797607
0.0265051402693
0.0267050590269
0.0269069991157
0.0271093868288
0.0273146655125
0.0275210884233
0.0277286844795
0.0279386237022
0.0281495469035
0.0283618824877
0.0285751870589
0.0287910121349
0.0290089453978
0.0292279621778
0.0294480886711
0.0296709209838
0.0298941831714
0.0301191735417
0.0303453985084
0.0305754563879
0.0308034114927
0.0310351161369
0.03127025625
0.0315032931587
0.0317397208012
0.0319773925704
0.0322166763981
0.0324590342569
0.0326998770989
0.0329456837845
0.0331919175779
0.0334365045604
0.0336855533873
0.033936126836
0.0341885798203
0.0344414034195
0.0346967976439
0.0349563759862
0.0352138633556
0.035472705323
0.0357328563162
0.0359985755566
0.0362612589839
0.0365295323359
0.0367944957051
0.0370651395032
0.0373368126887
0.037604556217
0.0378827801678
0.0381567323523
0.0384308527769
0.0387107754044
0.0389915575384
0.0392716531374
0.0395566401514
0.0398422173596
0.0401268056989
0.0404096811044
0.0407040725026
0.0409905385076
0.0412815316543
0.0415764837266
0.0418748323262
0.0421706447009
0.0424638742248
0.0427662622824
0.043064661713
0.0433710971351
0.0436736231745
0.0439779143148
0.0442825248164
0.0445949725354
0.0449011236796
0.0452137642339
0.0455254002959
0.0458436975017
0.0461531923557
0.0464742890152
0.0467928502205
0.0471080320894
0.0474343209399
0.047756411975
0.0480808704613
0.0484069709983
0.0487339748895
0.049062420972
0.0493902249009
0.0497178771398
0.050051736785
0.050383274322
0.0507208070202
0.0510544094837
0.0513924499168
0.0517335813455
0.052077050816
0.052422085506
0.0527601973917
0.0531070351728
0.053452994586
0.0537977806602
0.0541489817502
0.0544973371395
0.0548499843441
0.0552071758155
0.0555584380322
0.0559115274725
0.0562666033984
0.0566306073994
0.0569851670557
0.0573474789941
0.0577078443721
0.0580738351969
0.0584356546809
0.0588013850343
0.0591697574528
0.0595407522308
0.0599018871414
0.0602737892877
0.0606479021689
0.0610243708139
0.0614004522477
0.0617710335092
0.0621477916718
0.0625259009273
0.0629110322472
0.0632916946186
0.0636710384035
0.064052569033
0.0644394838792
0.0648233843888
0.0652090224741
0.0655989373807
0.0659862437394
0.0663771955994
0.0667678272405
0.0671623535431
0.0675560481548
0.0679507103914
0.0683474599378
0.0687438147925
0.0691417309113
0.06954284867
0.0699430389708
0.0703450401119
0.0707476018623
0.0711524444532
0.0715593388517
0.0719646441509
0.0723717534069
0.0727817617037
0.0731908633766
0.0736023669882
0.0740138259047
0.0744272471905
0.0748414035898
0.0752571874606
0.0756742026456
0.076091907696
0.0765105279703
0.0769303189916
0.0773515876243
0.0777737817607
0.0781958746674
0.0786209558527
0.0790457506089
0.0794722646076
0.0798993604527
0.0803278107676
0.0807577086758
0.0811880939021
0.0816195291382
0.0820518137512
0.0824854073234
0.0829206398982
0.0833561541024
0.0837931212502
0.0842303830601
0.0846698299722
0.0851094164224
0.0855512107502
0.0859930103513
0.0864356687648
0.0868795219597
0.087325109376
0.0877719454419
0.0882177227348
0.0886656431122
0.0891158237454
0.0895654543933
0.0900163787752
0.0904674937557
0.0909208692998
0.0913766216409
0.0918301920825
0.0922860687639
0.0927443710744
0.0932026424204
0.0936607669604
0.094122322482
0.0945826888284
0.0950436731719
0.0955062931789
0.0959719019801
0.0964370165868
0.0969016074263
0.0973687159729
0.0978350069472
0.0983038558899
0.0987752144963
0.0992455577069
0.099718335102
0.100189870936
0.100663705738
0.101139816279
0.101614342528
0.102091030727
0.102569481033
0.103046602522
0.103525614648
0.10400565326
0.104488559731
0.104968128884
0.105453170183
0.105936559599
0.106420058762
0.106910151535
0.107395728789
0.107883173897
0.108371587347
0.108860072649
0.109354510382
0.109843978811
0.110338585641
0.110828846039
0.111323406453
0.111823249722
0.112316774304
0.112815547918
0.113313263107
0.113808997043
0.114309988368
0.1148146589
0.115317261019
0.11581847452
0.116323283931
0.116824921341
0.117335365393
0.117837238936
0.118347942407
0.118855165017
0.119364238672
0.119875148198
0.120388631588
0.120896630293
0.121412001243
0.121929021759
0.122440210223
0.122958727984
0.123476411139
0.12399464172
0.124512568232
0.12503006638
0.125552547229
0.126074436217
0.126601243248
0.127118692174
0.127648040563
0.128167682514
0.128699158681
0.12922651153
0.129750218848
0.130284286763
0.130813791526
0.131346040841
0.131872677921
0.132409384324
0.132946551253
0.133477593897
0.134017159033
0.134548935129
0.135088384195
0.13562753948
0.136165601228
0.136710390089
0.137253173415
0.137794323645
0.138332432408
0.138883649948
0.139423853461
0.139978016878
0.140514455894
0.141067337826
0.141613688739
0.142169581763
0.142722813929
0.143275682584
0.14382752443
0.144374207079
0.144926982393
0.145490307636
0.14604605471
0.146610769148
0.147161393733
0.147728362388
0.148279879566
0.148842194671
0.149409883837
0.149973313278
0.150540679271
0.151097954253
0.151675467878
0.152241487072
0.152808698722
0.153380515828
0.153946925426
0.154517502145
0.155090414362
0.15566482699
0.15624545018
0.156816805513
0.157393054985
0.157971373021
0.158549745141
0.159128629267
0.159709810198
0.160299284599
0.160880290237
0.161464872779
0.162042810579
0.162632433964
0.163216891035
0.163808728764
0.164395895187
0.164987121839
0.165578919807
0.166170640253
0.166765091148
0.1673590172
0.167954707422
0.168550910337
0.169148497755
0.169745906293
0.170346663355
0.170945762184
0.171548591999
0.172151463742
0.172755596176
0.173359515793
0.173965301656
0.174572212771
0.175181493189
0.175790438526
0.176399959436
0.177012097896
0.177624537762
0.178238052165
0.178852618353
0.179468730892
0.180084686302
0.180703693658
0.181322124134
0.181942313478
0.182563619621
0.183185945759
0.18380950339
0.184433673258
0.185059619875
0.185687016937
0.186314825726
0.186943227108
0.187573353397
0.18820470277
0.18883760861
0.189471139944
0.190106082164
0.19074107939
0.191378365794
0.192016152834
0.192655569916
0.193295442638
0.193937714392
0.194580077077
0.195223777841
0.1958690004
0.196515223179
0.197161641923
0.197811726757
0.19846055315
0.199111746085
0.199763076712
0.200416484824
0.201070962015
0.201725805287
0.202383941682
0.203041447653
0.203700194644
0.204361355253
0.205022549894
0.205683911444
0.206349779565
0.20701342894
0.207679126077
0.208348498679
0.209017324167
0.209686193858
0.210357355685
0.211030147599
0.211704869484
0.212377181578
0.2130546008
0.213730754627
0.214408483595
0.215087907858
0.215769043657
0.216452007643
0.217136907195
0.217820474402
0.218505864427
0.219193218868
0.219882618433
0.220570513473
0.221260353428
0.221952333147
0.222646461849
0.223342753175
0.224037473253
0.224734686904
0.225433565
0.226135302293
0.226835062923
0.227536262517
0.2282409769
0.228943260815
0.229647632606
0.230355238285
0.231064534473
0.231776656661
0.232486225736
0.233198946014
0.233913292547
0.234625434728
0.235345374741
0.236062533668
0.236782041392
0.237498910509
0.23822364345
0.238945130631
0.239668745852
0.240395497983
0.241118368862
0.24184930485
0.242576546276
0.243305749146
0.244037874527
0.244771405535
0.245507283557
0.246239672926
0.246978896399
0.24771470675
0.248452332923
0.249197254222
0.249937236314
0.25067924647
0.251422558406
0.252173638994
0.252918971175
0.253665712093
0.254413114896
0.255168593888
0.255917394719
0.256673624653
0.257429867716
0.25818681786
0.258943703084
0.259700469909
0.260457054739
0.261219783671
0.261982273151
0.262750252524
0.263510622495
0.264277061342
0.265049584582
0.265812681156
0.266588492242
0.267355225228
0.26813398417
0.268902643761
0.26967621378
0.270453998109
0.271236554596
0.27201470173
0.272796707726
0.273574522991
0.274355845212
0.275139333983
0.2759260378
0.27671518263
0.277497840242
0.278290686528
0.27907711718
0.279872256704
0.280668768382
0.281456904525
0.282252612788
0.283051002094
0.283843823144
0.284649311909
0.285444259382
0.286248632304
0.28705085896
0.287852409321
0.288662431814
0.289466507842
0.290268527171
0.291080674527
0.29189363235
0.292697328
0.29351337992
0.294323018781
0.295130146401
0.29595572246
0.296768112283
0.297579806053
0.298403138724
0.299218759236
0.300036536336
0.300867137806
0.301683573783
0.302507257446
0.30333732355
0.304160120203
0.3049815742
0.305811083419
0.306640203269
0.307469498748
0.308300049265
0.309132058877
0.309964518614
0.310799411603
0.311633054265
0.312469219941
0.313303452011
0.314140367853
0.314978054365
0.315818818068
0.316658090743
0.31749829615
0.31833854475
0.319181857669
0.320024288114
0.320867934071
0.321713655006
0.322557791495
0.323405003253
0.324250836548
0.325098834831
0.325946988901
0.32679628407
0.327645617974
0.328496299349
0.329346248825
0.330198438727
0.331050921969
0.331903770659
0.332757067768
0.333611403974
0.334466220553
0.335320642278
0.336177271625
0.337033290102
0.337889238309
0.338747025303
0.339604567438
0.340462798026
0.341320942039
0.342179840854
0.343038985413
0.343898189955
0.344758056162
0.345618838554
0.346478915752
0.347339735711
0.348201046183
0.349061783114
0.349922883403
0.350785374891
0.351648309117
0.35250886663
0.353372132906
0.354232610142
0.355096910887
0.355958033599
0.356821246392
0.35768368352
0.358545166239
0.359408639231
0.360269731245
0.361132644846
0.361995070066
0.362857812465
0.363719929231
0.364581842186
0.365440823164
0.366302426638
0.367164014694
0.36802570985
0.368884368663
0.369746255544
0.370605154224
0.371464193013
0.372323565359
0.373183289624
0.37403974841
0.374896589578
0.37575418368
0.376611599469
0.377465880859
0.378324672351
0.379176527729
0.380032470998
0.380885744609
0.381738445928
0.382592147886
0.383442048194
0.384293169064
0.385144359173
0.385991431873
0.386838744498
0.387686879631
0.388535529474
0.389380111415
0.390224404136
0.39106893042
0.391907971989
0.392753508542
0.393592658761
0.394432078297
0.395271352933
0.396104300599
0.396941937204
0.397773833444
0.398610462734
0.399439439415
0.400273128633
0.401099585653
0.401930631647
0.402758797833
0.403585831407
0.404409602584
0.405230275484
0.40604723268
0.406868053209
0.407691536765
0.408503478824
0.409317582704
0.410134050971
0.410944552103
0.411756185575
0.412561160939
0.413373929631
0.414179369847
0.41497663827
0.415779830429
0.416581580068
0.417381820707
0.418179155485
0.418972835421
0.419763349657
0.420557101459
0.421345540254
0.422129035526
0.422913520733
0.423699474788
0.424477410104
0.425255167204
0.426031942587
0.42680691224
0.427579232901
0.428349120807
0.429123049602
0.42988375321
0.430655845298
0.431412795653
0.432171306606
0.432930493906
0.433690409349
0.434444655014
0.435194467488
0.435941152036
0.436692317595
0.43743392091
0.438178706472
0.438917414237
0.439654751153
0.440393279519
0.441125283301
0.441857293055
0.44258668778
0.443311190949
0.444035819589
0.444755538524
0.445477682426
0.446194836258
0.446909899416
0.447622336598
0.448332588612
0.449040177832
0.449744650481
0.45044828135
0.451148728642
0.451845614421
0.452543425842
0.453235250952
0.453927757642
0.454616795812
0.455303165456
0.45598731354
0.45666873149
0.457347912747
0.458025381262
0.458699704995
0.459371443699
0.46004154069
0.460709049699
0.461375747456
0.462038939347
0.462699283781
0.463357312599
0.464013426258
0.464667375368
0.465319447592
0.465969085917
0.466615385815
0.46726037531
0.467903536593
0.468543363222
0.46918235878
0.469818038749
0.470451929695
0.471083899969
0.471713924736
0.47234078716
0.472966050164
0.473590271679
0.474211033846
0.474830902618
0.475447438265
0.476063181567
0.476675572134
0.477287217501
0.477895732702
0.478503688738
0.479108084826
0.479712934108
0.480314220508
0.480914049202
0.481512414509
0.482109308975
0.482702722793
0.483294705898
0.483885241058
0.48447434831
0.485062172622
0.485648606711
0.48623371128
0.48681467574
0.487396977277
0.487978083275
0.488554396352
0.489132130018
0.489705391329
0.490280267262
0.490853042063
0.491424165259
0.491993135426
0.492560373506
0.493129227453
0.493691512485
0.49425858152
0.494819817856
0.495381935968
0.495941216422
0.496501467452
0.497062355445
0.497619837814
0.498177064192
0.498730672635
0.499284834935
0.499838263032
0.500392265195
0.500945526984
0.501497590124
0.502044429173
0.502594267923
0.503143123239
0.503689616522
0.504239617806
0.504787145402
0.505330794426
0.505877432793
0.506420766164
0.506965330504
0.507510712423
0.508058067287
0.508599143908
0.509140313778
0.509681852383
0.510228120392
0.510767349314
0.511311135627
0.51185249083
0.512391568247
0.512933788591
0.513479468621
0.514019791967
0.514556263672
0.51510014713
0.515638327966
0.516183748976
0.516721566068
0.517266333019
0.51780891348
0.518350056772
0.518887801922
0.51942974052
0.519974742009
0.520515271676
0.521057734316
0.521601595109
0.522146295788
0.522691253471
0.523235259385
0.523785741356
0.524327809342
0.524871654133
0.525422609722
0.525965583739
0.526518880135
0.527070105615
0.527618304443
0.528164725719
0.528719569033
0.529273253379
0.529819518598
0.53037611224
0.530933082712
0.531488076949
0.532049866523
0.532604570086
0.533164547686
0.533723155278
0.534285637249
0.534845526095
0.535413122297
0.535974415832
0.536541072972
0.537110394173
0.537677306401
0.538245721996
0.538820162959
0.539390978892
0.539963741045
0.540540921089
0.541115276479
0.541693678157
0.542273471312
0.542853658507
0.543437294286
0.544022037109
0.544606928454
0.545194811686
0.54578365702
0.546375206981
0.546967637583
0.547562545314
0.548158306616
0.548756369314
0.549356571449
0.549958574232
0.550559587353
0.551165641865
0.551772604408
0.552382443028
0.552993097732
0.553605829823
0.554221931715
0.554839178356
0.555458159776
0.556078836078
0.55670197711
0.557328033718
0.557954718428
0.558585121135
0.55921632186
0.55985033809
0.560487840796
0.561126459529
0.561766966463
0.562410395395
0.563055788749
0.563703197487
0.564353667268
0.56500625706
0.565661029479
0.566318048812
0.566978382658
0.567640101098
0.568305284695
0.568973006611
0.569642348689
0.570314396907
0.570990230137
0.571666945362
0.572346711179
0.573029354213
0.573714146665
0.574402170952
0.575093778224
0.575787632573
0.576483007193
0.577181977593
0.577882655745
0.578586117962
0.579294211866
0.580003098968
0.580716369064
0.581432346982
0.58215101356
0.582872156321
0.583595754716
0.584321882896
0.585052853843
0.585783772617
0.586519484876
0.587257604
0.588000627136
0.588746013363
0.589493527771
0.590243120398
0.590997717136
0.591754059965
0.592513128117
0.593276370349
0.59404159994
0.594811365539
0.595583301656
0.59635647404
0.597134593971
0.597916962277
0.598700865343
0.599489299919
0.600282474308
0.601076494737
0.60187132032
0.602674490324
0.603477767166
0.604285491927
0.605093352156
0.605909468671
0.606724976572
0.60754448437
0.608371999085
0.60919906825
0.610030482742
0.610863732742
0.611696468681
0.612541332725
0.613384970723
0.614230784242
0.615079684949
0.615936272466
0.616794483626
0.617655190165
0.618517575798
0.619387328858
0.620258905289
0.621131476617
0.622010093125
0.622895742108
0.623782569087
0.62466892534
0.625561692655
0.626459422878
0.627357541725
0.62826072471
0.629169842852
0.630076982795
0.630995071657
0.631911960014
0.632832639434
0.633757157676
0.634686282897
0.635617817737
0.636553243506
0.63749875219
0.638439796077
0.639383227886
0.640335409866
0.641289307309
0.642252079186
0.64320926457
0.644181229539
0.645146744487
0.646119070358
0.647098932732
0.648078811287
0.649064848713
0.650049416591
0.651040060812
0.652036130056
0.653037602577
0.654044435814
0.655047439382
0.65606292622
0.657075561378
0.658095226422
0.659117675321
0.660146482402
0.661178797584
0.662208202199
0.663253662481
0.66428665055
0.665334200437
0.666390110732
0.667440001052
0.668493927601
0.669554308162
0.670625719226
0.671697235894
0.672774872653
0.673851417257
0.674927532827
0.676015093536
0.677100784416
0.678201442541
0.679294080943
0.680400425197
0.681497491627
0.682607022699
0.683719378625
0.684842902617
0.685958804441
0.687084529681
0.688219476568
0.689353862688
0.69048312618
0.691623661835
0.692774668214
0.693928033312
0.695077653195
0.696235746991
0.697398095764
0.698567503214
0.699739907389
0.700905292876
0.702085168364
0.703266268223
0.704451053329
0.705645424012
0.706842187223
0.708040604763
0.709237256917
0.710443911312
0.711659911963
0.712872453763
0.714093601821
0.715315905034
0.716543117063
0.717773622095
0.719011791221
0.720250803165
0.721495137705
0.722742220966
0.723994397859
0.725251789387
0.726511324117
0.727775740734
0.729044745098
0.730319170123
0.731595604854
0.732877194421
0.734163167611
0.735452589058
0.736746179966
0.738044181401
0.739347003164
0.740653143656
0.741963801078
0.743278249046
0.744597241448
0.745920758745
0.747247722918
0.748578977992
0.749914833033
0.751255612108
0.75259957195
0.753947269409
0.755300135448
0.756656409611
0.75801770511
0.759382963029
0.760752119294
0.76212529434
0.763502861921
0.764884207301
0.766270705458
0.76766075706
0.769054752258
0.770453094355
0.771856181111
0.773263429221
0.774674252551
0.77609006468
0.777508954342
0.778932949468
0.780360716765
0.781793030809
0.78322934252
0.784668363313
0.786112101942
0.787562871228
0.789014511931
0.790472113821
0.791933128234
0.793398973303
0.794867848468
0.796340366595
0.797818927862
0.799300531424
0.800786031375
0.802277827782
0.803771730964
0.805268943616
0.806770640634
0.808278247215
0.809788249521
0.811303981656
0.812821787305
0.814346092811
0.815872151785
0.817404538938
0.818940247177
0.820477261606
0.822020649051
0.823566621628
0.825118701159
0.826673335804
0.828234280072
0.829797739182
0.831363603016
0.832935969761
0.834510754958
0.836092285196
0.837671870926
0.839262537265
0.840851242432
0.842446718408
0.844044506795
0.845649407854
0.847256466418
0.848865713032
0.850482235647
0.852100602943
0.853721880091
0.855350472732
0.856980752085
0.858612902349
0.860247096973
0.861888870625
0.863538590415
0.865183932181
0.866836832883
0.868492002047
0.870154452591
0.871818761842
0.873484248654
0.875157748204
0.876832003248
0.878508738923
0.880192544326
0.881877577694
0.883569355324
0.885257187786
0.886958406022
0.888653504082
0.890356827653
0.892067085105
0.89377794408
0.895489454764
0.897208356214
0.898927358141
0.900653313184
0.902379538753
0.904112253505
0.90584536501
0.907584491023
0.909324098383
0.911062050324
0.912814167381
0.914565494439
0.916315293737
0.918071584847
0.919833782635
0.921593821428
0.923360486498
0.925131876295
0.926901057109
0.928675616173
0.930455591702
0.932232556093
0.934014238434
0.935800020843
0.937590519689
0.939385096709
0.941175665914
0.942978247024
0.944776036872
0.946577029654
0.948381150948
0.950187748238
0.952005620596
0.953817463625
0.955631442153
0.957446885928
0.95926418143
0.961091188011
0.96291875665
0.964738566211
0.966575847005
0.968404946513
0.970233305715
0.97206951053
0.973913906022
0.975747642268
0.97758910579
0.979437201999
0.98128276029
0.983134933117
0.984981047772
0.986826291948
0.988688035194
0.990539298023
0.99240055705
0.994253935948
0.996108077986
0.9979791008
0.999840289643
1.00169457167
1.00356335026
1.00542965353
1.00729629806
1.00916579456
1.01103412372
1.01291015564
1.01477717017
1.01665050243
1.01853239405
1.02040281897
1.02227754128
1.02415858968
1.02603552859
1.02790755938
1.02979106686
1.03166081417
1.03354291753
1.03542899745
1.03730441133
1.03918225863
1.04106163564
1.04294809804
1.04482643915
1.04670231032
1.04858743999
1.0504667946
1.05234602766
1.05422750997
1.05610600694
1.05798500006
1.05986466328
1.06174231011
1.06361998013
1.06549603209
1.06737334266
1.06924847924
1.07112277009
1.07299588224
1.07486891383
1.07673997911
1.07861014896
1.08047879704
1.08234707891
1.08421316447
1.08607753735
1.08794088279
1.08980262836
1.0916624293
1.09352156111
1.09537706572
1.09723176043
1.0990840119
1.10093483881
1.10278345158
1.10462908726
1.10647377596
1.10831461357
1.11015266674
1.11198955975
1.11382403631
1.1156535068
1.11748142772
1.11930729227
1.1211302556
1.1229493798
1.12476475507
1.12657976653
1.12838787022
1.13019596497
1.13199949934
1.13379744016
1.13559337502
1.13738655357
1.13917530637
1.14095958927
1.14274144363
1.14451799689
1.1462901831
1.14805798251
1.14982381463
1.15158102144
1.15333737532
1.15508950217
1.15683648022
1.15857545244
1.16031394316
1.16204733362
1.16377251391
1.16549843434
1.16721510379
1.16892751105
1.17063129843
1.17233607308
1.1740319286
1.1757239928
1.17740757128
1.17908732461
1.18076336295
1.18243083263
1.18409478015
1.18575009183
1.18740191779
1.1890451819
1.19068500597
1.19231620787
1.19393862835
1.1955633701
1.19717397678
1.19878095673
1.20037928425
1.2019745865
1.20356084864
1.2051377986
1.20671207136
1.20828359459
1.20983897099
1.21139192531
1.2129351695
1.21447487763
1.21600514644
1.21752638547
1.21904344651
1.2205509139
1.22205525245
1.22354938344
1.22503292241
1.22651252159
1.22798158057
1.22944685286
1.23090086635
1.23235049152
1.23378878541
1.23521527818
1.23664448835
1.23805428269
1.23946617988
1.24086532344
1.24225118381
1.24363883209
1.24501297288
1.24637302995
1.247734379
1.24908129496
1.25042065947
1.25175261162
1.25307610458
1.25439236702
1.25569918654
1.25699772181
1.25828686523
1.25956552907
1.26083474321
1.26210141631
1.26335699778
1.26460086067
1.26583236637
1.26706010722
1.26828353568
1.26949277321
1.27069694202
1.27188603812
1.27306874738
1.2742439922
1.27541156046
1.27656208749
1.27771221226
1.27885298778
1.27998366552
1.28110310882
1.28221057039
1.2833153349
1.28440696679
1.28549404064
1.28656639861
1.28763265333
1.28869235364
1.28974469057
1.29077958638
1.29181235483
1.29283023226
1.29384272589
1.29484472443
1.29584463852
1.29682917436
1.29781174972
1.29877576909
1.2997363102
1.30068800129
1.30163073645
1.30256345508
1.30348785618
1.30440295507
1.30531031868
1.30620969358
1.30709947384
1.3079813094
1.30885335453
1.30971891656
1.3105745935
1.31142226705
1.31226086353
1.31309202531
1.31391481805
1.31472874503
1.31553552107
1.3163335721
1.31712316994
1.31790510129
1.31867816781
1.31944425214
1.32020217414
1.32095175894
1.32169353724
1.32242800284
1.32315428258
1.32387364817
1.32458531915
1.32528879739
1.32598513446
1.32667303723
1.32735532777
1.32802883014
1.32869657819
1.3293558226
1.33000903221
1.33065468698
1.33129287797
1.33192469781
1.3325503462
1.33316866302
1.33377938887
1.33438539906
1.33498234144
1.33557407566
1.33616045777
1.3367378717
1.3373104579
1.3378771233
1.33843871962
1.33899224885
1.33954125822
1.34008257255
1.34061992085
1.34115224471
1.34167706237
1.34219835994
1.34271252718
1.34321919084
1.34372535486
1.34422172026
1.34471443519
1.34520340132
1.34568612194
1.34616569505
1.34663852877
1.34710861474
1.34757190392
1.34803273143
1.34848669482
1.3489384362
1.349383297
1.3498259145
1.35026168436
1.35069531255
1.35112696386
1.35155115671
1.35197410641
1.35239499141
1.35280824413
1.35321883374
1.35362819894
1.35403524737
1.35443488349
1.35483151742
1.3552265115
1.35561874227
1.35600791496
1.35639531401
1.35677900728
1.35716024052
1.35753865274
1.35791308774
1.35829035385
1.3586580862
1.35902798045
1.3593939705
1.35976155082
1.36012522598
1.36048305163
1.3608436282
1.36120447747
1.36155973758
1.36191596207
1.36226566453
1.36262201505
1.36297169506
1.36332075871
1.36366948763
1.36401611427
1.36436155459
1.36471292282
1.36505401009
1.36540019058
1.36574275468
1.36608963762
1.3664326068
1.36677050711
1.36711933869
1.36746220486
1.36779911466
1.36814572139
1.37158174463
