metodo_1_dt_1:1
1.51723922767e-07
7.56142999202e-05
0.000148938186737
0.000249160438969
0.000378621774856
0.000539830015013
0.000751659402454
0.00101400460101
0.00133748420717
0.00173262820937
0.00219378337609
0.00273014830351
0.00333631574544
0.00399671536727
0.00471621297858
0.00548056338252
0.00628710474818
0.00711988387022
0.00797562610614
0.00883549399017
0.00970612407829
0.0105589356323
0.011409971056
0.0122258961665
0.0130082115736
0.0137437340447
0.0144203569547
0.0150263421985
0.0155505166691
0.0159848603947
0.0163253249448
0.0165690468496
0.0167238206919
0.0168012885774
0.0168180010272
0.0167957648625
0.016760625695
0.0167389050087
0.0167573516915
0.0168441951016
0.0170225244645
0.0173107509628
0.0177226382581
0.0182633024052
0.0189331048815
0.0197237920024
0.020623829005
0.0216178046147
0.0226870539508
0.0238128327071
0.0249748680095
0.0261546881837
0.0273298299692
0.0284817193639
0.0295894439885
0.0306330673552
0.0315943529763
0.0324569463791
0.0332118611301
0.0338528808452
0.0343854905993
0.0348220114532
0.0351816362236
0.0354907880738
0.0357787596737
0.0360772059253
0.0364132740854
0.0368145562448
0.0373058173372
0.0379055542362
0.0386286326461
0.0394844533398
0.0404777935956
0.0416052356666
0.042861657442
0.0442363572909
0.0457146198551
0.0472781035941
0.048908466116
0.0505840709763
0.0522818130273
0.0539788127047
0.0556508168958
0.0572753078938
0.0588295712721
0.0602922435421
0.0616560951541
0.0629019587622
0.0640460269086
0.0650845192334
0.0660553219657
0.0669608083092
0.0678567621876
0.0687596053578
0.0696997838743
0.0707127090596
0.0718219119028
0.0730304230383
0.0743775103649
0.0758484079738
0.0774648877217
0.0792201256565
0.0811186205205
0.0831362846192
0.0852857530586
0.0875271646696
0.0898583658436
0.0922498847156
0.0946866992847
0.0971359160011
0.0995805505108
0.10199535731
0.104347795814
0.106624864289
0.108809918476
0.110883193076
0.112860097758
0.114739047453
0.11653631368
0.118275180161
0.119993614412
0.12172101807
0.123477866186
0.125290081468
0.127198286238
0.129212056024
0.131345141282
0.133606828678
0.136013215567
0.138565368114
0.141252439812
0.144086948856
0.147039775261
0.15011534368
0.1532906641
0.15654643186
0.159859154465
0.163204159487
0.16655531623
0.169886482843
0.173173032401
0.176393233261
0.179528456157
0.182566659542
0.185503946132
0.188344214183
0.191100411983
0.1937910603
0.196442510255
0.199082789767
0.201741415308
0.204446472641
0.207220029175
0.210085744898
0.2130601202
0.216156421142
0.219383899476
0.222750569968
0.226258831577
0.229907356855
0.233692863685
0.237604538063
0.241631191846
0.24575200899
0.249947014924
0.254188909013
0.258451267609
0.262706086035
0.266924481673
0.271084457125
0.275164467748
0.279152469259
0.283038664742
0.286826429399
0.290520512493
0.29413790168
0.297698004904
0.3012244312
0.30474495572
0.308285083617
0.311870180992
0.31551973643
0.31925768434
0.323097525433
0.327053700114
0.331133048009
0.335346253832
0.339696373704
0.34418471675
0.348800457139
0.353543650955
0.358391979947
0.363331142421
0.368333377804
0.373370225025
0.378411269981
0.383430220375
0.388393125833
0.393279053089
0.398073175844
0.40276390436
0.40734951584
0.411828841395
0.41622309602
0.420537133644
0.42479537228
0.429016287435
0.433232739014
0.437458535559
0.441721746472
0.446037653153
0.450435542777
0.454920773162
0.459512132209
0.464220464931
0.469047771272
0.474010335118
0.479097151776
0.484310428138
0.489640740846
0.495072874134
0.500584910026
0.506155699806
0.511739686336
0.517316705889
0.522841303179
0.528298397114
0.53366674497
0.538925337568
0.544066700461
0.549098244013
0.554018298519
0.558852913122
0.563602547354
0.56829216144
0.572941298014
0.577571769752
0.582204236532
0.586858163296
0.591562282277
0.596324717856
0.601161911365
0.606103395672
0.611143547855
0.616299118918
0.621574824993
0.62697136667
0.632484981264
0.638105303049
0.643823686381
0.649616170519
0.655442945615
0.66127687123
0.667091344099
0.672834184061
0.678486060109
0.684036249351
0.68947142477
0.694777392578
0.699956154396
0.705032332162
0.710007257062
0.71490363011
0.719722090339
0.724495853647
0.729240370287
0.733977140898
0.738726346445
0.743507187768
0.748339216351
0.753239170862
0.758222171891
0.763301012071
0.768486338597
0.773783868464
0.779197278379
0.784722248216
0.79034936597
0.796060384041
0.801831433129
0.807631411451
0.813424019545
0.819173727128
0.824848695659
0.830423608702
0.835880100697
0.841210888295
0.846412872793
0.851488727985
0.856447658238
0.861301256349
0.866062793501
0.870750988558
0.8753809772
0.879973280951
0.884547943441
0.889125418004
0.893724958407
0.898365938979
0.903067927276
0.90784721466
0.912716809807
0.917688555
0.922769312273
0.927957999373
0.933256277189
0.938647867919
0.944113612104
0.949628028461
0.955161543532
0.960676716601
0.966142075866
0.971522822278
0.97679823727
0.981951641538
0.986976710331
0.991870795673
0.996634742038
1.00127958987
1.00581616262
1.01024975828
1.01460938902
1.01890323847
1.02314980916
1.0273697976
1.03158301855
1.03581797095
1.04008829685
1.04441637282
1.04881911234
1.05331227756
1.05790688854
1.06260909732
1.06741920971
1.07233214634
1.07732805945
1.08239785581
1.0875028132
1.09262329254
1.09771421046
1.10274977397
1.10770268049
1.11254514268
1.11727547353
1.12187257625
1.12634073894
1.13068229105
1.1349032379
1.1390127014
1.14301568546
1.14693985444
1.15078743093
1.15459113302
1.15835607879
1.16211941512
1.1658889638
1.16970124216
1.17356334222
1.17751055372
1.18154974856
1.18569942547
1.18994835867
1.19431100703
1.19877741598
1.20331484441
1.20792551861
1.21256475787
1.21721080235
1.22182373471
1.22638282468
1.23086315565
1.2352440137
1.23951124975
1.24366469851
1.24768205494
1.25158166913
1.25535744605
1.25901655281
1.26257666689
1.26605051859
1.26944266251
1.27279027699
1.27609384506
1.2793854024
1.2826980897
1.2860472417
1.28945533529
1.29295262449
1.29655393428
1.30025907108
1.30407932492
1.308009225
1.31204530093
1.31615298407
1.32032054011
1.32452025769
1.32872198137
1.33289940814
1.33702667018
1.34108206499
1.34504597601
1.348906507
1.35265485806
1.35628467779
1.3597961338
1.36318985424
1.36647248147
1.36965272341
1.37274033068
1.37575142898
1.37870458242
1.38162077037
1.38452437305
1.38744480888
1.39040852577
1.39344317951
1.39657061658
1.39980917034
1.40316460763
1.40664214805
1.41023239966
1.41391968398
1.41768849252
1.42151385664
1.42537250308
1.42923665277
1.43308254528
1.43688539438
1.44063009105
1.44429361297
1.44786471591
1.45133469779
1.45469378364
1.45794269433
1.46107804826
1.46410414481
1.46702767089
1.46985887901
1.47261283986
1.47530710397
1.47796544572
1.48060998896
1.48327621911
1.48598915193
1.48877932753
1.49167603295
1.49469069767
1.49783023316
1.50109603279
1.50447836928
1.50796225921
1.5115239914
1.51515280719
1.51881411752
1.5224906128
1.52616042371
1.52979571829
1.53338438432
1.53690276628
1.54034337071
1.54368941811
1.54693960477
1.5500813018
1.55312035225
1.55604338428
1.55887020686
1.56160984666
1.56426811757
1.56686315019
1.56941810885
1.57196898611
1.57453938158
1.57716159367
1.57987426171
1.58269283035
1.58564212444
1.58871205588
1.59192521535
1.5952458135
1.59868452422
1.60219658498
1.60578650871
1.60941554003
1.61306170262
1.61671121005
1.62034451062
1.62394161701
1.62748467702
1.63094971355
1.63434097911
1.63762938849
1.64082610009
1.64391671271
1.64690093957
1.64979038344
1.65258314336
1.65530051482
1.65795046304
1.66056552467
1.66317381609
1.66580664289
1.66848641992
1.67126189736
1.67415646338
1.67716490043
1.68031211339
1.68359476033
1.68699246345
1.69050967078
1.69410812194
1.69777732679
1.70150605376
1.70526265441
1.70902558859
1.71279363301
1.71652423145
1.72021288123
1.72383850282
1.72738895314
1.73085061804
1.73421460659
1.73747493301
1.74063097196
1.74368508853
1.74664439653
1.74952336225
1.75233912878
1.75511827427
1.7578883301
1.76068226712
1.76353100909
1.76646591812
1.76951005609
1.77267729593
1.77597400766
1.77940112747
1.78294945574
1.78660771442
1.79036090832
1.79419173989
1.79807920652
1.80201232016
1.80596110986
1.80991006053
1.81384424963
1.817740644
1.82157659918
1.82534101649
1.82901409003
1.83259060577
1.83606385063
1.83942123513
1.84267715034
1.84582874167
1.84890172088
1.8519068331
1.85487431026
1.85783430321
1.86081114659
1.86384242392
1.86695017492
1.87016202457
1.87348071717
1.87692696555
1.88049570754
1.88418198183
1.8879757801
1.89186609072
1.89583095499
1.89986849302
1.90394714643
1.90805481012
1.91217247692
1.91627256966
1.92034114715
1.92435878995
1.92829728534
1.93213909534
1.93587961414
1.93950934098
1.9430173735
1.9464068037
1.94969637078
1.95290167383
1.9560275844
1.9591167829
1.96219782209
1.96529092864
1.9684328351
1.97163907145
1.97492931206
1.97832659577
1.981829705
1.98544995972
1.9891845441
1.99301719091
1.99694695655
2.00095148231
2.00502567325
2.00915198943
2.01330245809
2.01747605136
2.02163144085
2.02575486057
2.02982217437
2.0338203289
2.03770849228
2.04147942257
2.04513203651
2.04865241428
2.05204452416
2.05531958166
2.05851505041
2.06162346147
2.06470025583
2.06775228273
2.07081587501
2.07390552396
2.07706254805
2.08029419068
2.08361304482
2.08702678336
2.09054836806
2.09416637664
2.09788561448
2.1016875921
2.10557091447
2.10952161616
2.11352340045
2.11755745532
2.12160235462
2.12563453485
2.12963826935
2.13358652322
2.13744265604
2.14119194655
2.14481481187
2.14829856243
2.15163914125
2.15484172106
2.15792913043
2.16091060333
2.16381942021
2.16668027082
2.16951896426
2.1723591454
2.17522329105
2.17813026805
2.18110466539
2.18415831185
2.18729234253
2.19051892973
2.19383611513
2.19724366822
2.2007353546
2.20430140782
2.20793261767
2.2116133079
2.21532569484
2.21904957125
2.2227620252
2.22643677551
2.23004412617
2.23355976216
2.23695170033
2.24020935708
2.24331566635
2.24626992598
2.24908038147
2.25176423569
2.25433866143
2.25683378259
2.25927824399
2.26169030102
2.26410228493
2.26652846513
2.26898936754
2.2715018616
2.27408561587
2.2767366236
2.27946985624
2.2822958434
2.28519206425
2.28817670853
2.29122903436
2.29434540793
2.29750497509
2.30069733304
2.3038943344
2.30707989957
2.31020988189
2.31327138874
2.31623672265
2.31906381218
2.32174119039
2.32425914173
2.32662741611
2.3288383187
2.33091839748
2.33289008066
2.33477871211
2.33660102108
2.33839989893
2.34017999471
2.34197109512
2.34378355741
2.3456417357
2.34756008949
2.3495393451
2.3515969166
2.35373656819
2.35595029783
2.35823449906
2.36059195298
2.36301197025
2.36546987717
2.36795649488
2.37043935977
2.37289210075
2.37530506181
2.37761866861
2.37982390195
2.38189608886
2.38380769551
2.38555048897
2.38713598475
2.38857478428
2.38987432361
2.39106621174
2.39216412658
2.3932019345
2.39419274241
2.39516819229
2.39613824694
2.3971409904
2.39817249883
2.39924661164
2.40038465506
2.40160498919
2.40288266711
2.40424880234
2.40569028944
2.40718960004
2.40874448061
2.41034786067
2.4119583945
2.41356069574
2.4151360546
2.41663449296
2.41804567033
2.41933182381
2.42047077828
2.4214474342
2.42226519471
2.42291708389
2.42341366633
2.42378067479
2.42403804155
2.4241976604
2.4242912656
2.42434019492
2.42435571794
2.42436684617
2.42439175799
2.42445565659
2.42455471765
2.42471119628
2.42493438443
2.42523901935
2.42561760951
2.42606685308
2.42658648319
2.42715361994
2.42775656126
2.42836264941
2.4289528328
2.42949607463
2.42996247771
2.43032337259
2.43055286272
2.43063298928
2.43055144281
2.43030373415
2.42990216212
2.42934733592
2.42866330246
2.42786737457
2.42697080941
2.42600195143
2.42497420899
2.42392235418
2.42285809216
2.42180008133
2.42076597227
2.41977853645
2.41884525244
2.41798444036
2.41719543167
2.41648721517
2.4158495254
2.41528445472
2.41476778262
2.41427640785
2.41378362649
2.41325863554
2.4126769953
2.41200385815
2.4112176392
2.41029863049
2.40923041351
2.40799963468
2.40661182703
2.40506564481
2.40337878447
2.40154944902
2.39962054705
2.39758631254
2.39547457887
2.3933072108
2.39110476148
2.38888871646
2.38667045093
2.38447993978
2.38233549116
2.38024616365
2.37822557288
2.37629239037
2.37444120978
2.37266828323
2.37096082593
2.36929975748
2.36765061745
2.36600315643
2.36431773471
2.36255536995
2.36069998333
2.35872007609
2.35660849531
2.35435390178
2.35194169079
2.34937160687
2.34664909259
2.34379285129
2.34080624397
2.33769541385
2.33449733396
2.33122145167
2.32788799826
2.32451761745
2.32112176588
2.3177319553
2.31436944986
2.31105493943
2.30779725548
2.30462167643
2.3015383532
2.29854008814
2.29562103531
2.29277613601
2.28997239816
2.28719116249
2.28439121879
2.28154159731
2.27861407087
2.27559439964
2.27245331034
2.26917655058
2.26575514306
2.2621846498
2.25846552961
2.2546021723
2.25061269323
2.24648869648
2.24225429804
2.23792579139
2.23352167892
2.22906150529
2.22456592493
2.220056695
2.21555642574
2.21107716088
2.20665068892
2.20230606115
2.19803994796
2.19386231363
2.18979363955
2.18580689177
2.18189359541
2.17802776064
2.17417846555
2.1703041526
2.16639233264
2.16239752408
2.15829733982
2.15409238059
2.14975167645
2.14528496734
2.14067070715
2.13591792265
2.13102126824
2.1260048171
2.12086171415
2.11561444034
2.11028620724
2.10487829439
2.09941860318
2.09392982796
2.08842488726
2.08294341608
2.07750125704
2.07212023392
2.06681966172
2.06161500545
2.05651434564
2.05152640281
2.04662392035
2.04180215722
2.03702707995
2.03226676223
2.02748866581
2.02267020637
2.017785493
2.01279967575
2.00770894112
2.00250281252
1.99716539727
1.99169855917
1.98610324367
1.98037452086
1.97452506156
1.96856363026
1.96249788257
1.956354897
1.95014157383
1.94388974716
1.93761185974
1.93134165427
1.92509909011
1.91890759628
1.91279476891
1.90676940763
1.90085935587
1.89505692051
1.88937213251
1.88378410506
1.87827580097
1.87281568099
1.86737881474
1.86193702069
1.85645383853
1.85091293524
1.84528733527
1.83956702814
1.83373641679
1.82779176825
1.82172487248
1.81553257346
1.80922092278
1.80279421555
1.79626234333
1.78963805086
1.78293591567
1.77617691665
1.76938503839
1.76258355013
1.75580182039
1.74906195847
1.74239668341
1.73581716908
1.72934826603
1.72299251937
1.7167639662
1.71064821993
1.70463249094
1.69869693496
1.69282667517
1.68697481841
1.68112412591
1.67524960939
1.66931920207
1.66332449959
1.65724069935
1.65106649179
1.64478382298
1.63838771443
1.63187641062
1.62525152772
1.61850836902
1.611676432
1.60474956513
1.59775636209
1.59070978274
1.58364609527
1.57658417553
1.56955354304
1.56258258349
1.55570632563
1.54892559405
1.54227479636
1.53574191696
1.52933625592
1.52305073908
1.51687034381
1.5107662576
1.50471473576
1.49870040173
1.49269829877
1.48667544838
1.48061048621
1.47448481876
1.46828347471
1.4619937227
1.45561490768
1.44912182936
1.44252024348
1.4358097039
1.4289942395
1.42208221111
1.41507836471
1.40801238503
1.40089910912
1.39377660301
1.38667627761
1.37962078849
1.37264706966
1.36576999016
1.35900679206
1.35237757932
1.3458672286
1.33949699964
1.33323255226
1.32707343201
1.32099338629
1.31496949614
1.30897815521
1.30299633987
1.29700219883
1.29098209085
1.28490205834
1.27876114759
1.27253028694
1.26621311168
1.25978630356
1.25325893223
1.24661484075
1.23987110514
1.23302879454
1.22609574146
1.21910688451
1.21207606587
1.20504848215
1.1980440189
1.19110857529
1.18426308026
1.17752231754
1.17091296146
1.16443449509
1.15808047247
1.15185535678
1.14574056998
1.13972601262
1.13378163343
1.12789091756
1.12203848281
1.11619538104
1.11034132946
1.10445970894
1.09852685621
1.0925262752
1.08644662393
1.0802718916
1.07399662636
1.06760944019
1.06111310146
1.05450582116
1.04780170694
1.0410176682
1.03417230954
1.02730437041
1.02044108109
1.01362106559
1.0068804464
1.00023773374
0.993716213395
0.987326794196
0.981069925457
0.974942033231
0.968936259749
0.963036571336
0.95722501955
0.951490471948
0.94580300271
0.940148484862
0.934502629244
0.928846278143
0.923155714806
0.917416419553
0.91160618116
0.905712972843
0.899723443234
0.893629084663
0.887422968421
0.881103935088
0.874680461831
0.8681627218
0.861572802021
0.854938029589
0.848293670764
0.841674863029
0.835119337727
0.828656413154
0.822309791796
0.816096037443
0.810019750321
0.804082359816
0.79827434513
0.792588335436
0.787006877665
0.781511320211
0.776092912791
0.770721535544
0.765377201141
0.760039440688
0.754698003815
0.749313320712
0.743877166491
0.73836340384
0.732778240221
0.72708161044
0.721287191008
0.715394181153
0.709387746861
0.703299886543
0.697140677912
0.690927999148
0.68471587769
0.678523050112
0.672398054872
0.666375979261
0.660475473587
0.65471654486
0.649120238877
0.643679602266
0.638401533122
0.633257645663
0.62825513753
0.623359699803
0.618572990521
0.613856859196
0.609209949989
0.604592122254
0.599981666299
0.59537717827
0.590739547852
0.586051053975
0.581307014839
0.576487216721
0.571596169407
0.56662506201
0.561581108955
0.556479783715
0.551353397102
0.546222311572
0.541123099927
0.536095155212
0.531178756635
0.526401269527
0.52181209257
0.517423489513
0.513247833967
0.50927925522
0.505533970563
0.501983463571
0.49862350133
0.495438197703
0.492398659387
0.489494118279
0.486702474511
0.484002026655
0.481360299484
0.478765383026
0.476197257338
0.473629551324
0.471059606857
0.468480364501
0.465882796663
0.463284177764
0.460691345906
0.458137722566
0.455654417889
0.453268413016
0.451039216308
0.448978489662
0.447153749311
0.445578256499
0.444276587712
0.443283195718
0.442583542294
0.442183266729
0.442070686007
0.44221858191
0.442615023454
0.443236418515
0.444056924978
0.445050315707
0.446190093651
0.447450385094
0.448796551751
0.45022556732
0.451698126178
0.453219055315
0.454769828072
0.456348999013
0.457963957585
0.45963052865
0.461372598539
0.463230249807
0.465227825579
0.46741086238
0.469803834187
0.472436724902
0.475343546406
0.478540198643
0.482023748763
0.48580194579
0.489864085092
0.494182397362
0.498753514578
0.503530498029
0.50849432489
0.513615361488
0.518864182108
0.524222367364
0.529642841508
0.535120399586
0.54063220496
0.546138285014
0.551652733984
0.55713476337
0.562610259727
0.568063016114
0.573505487836
0.578978539831
0.584500092185
0.590092547731
0.595809647096
0.601663241452
0.60770066127
0.613942991977
0.620383774329
0.627048882941
0.633936447586
0.641027707934
0.648317759568
0.655786724192
0.663401224485
0.671155319327
0.679002116591
0.686934495847
0.694916034274
0.702921511698
0.710927320902
0.718921838527
0.726885528481
0.734792105089
0.742638301587
0.750416085981
0.75812299141
0.765764037983
0.773344144228
0.780912908104
0.788471106403
0.79607388728
0.803743491886
0.811524559272
0.819438967551
0.827500175508
0.835735941595
0.844131644138
0.852692264792
0.861419516447
0.870288551218
0.879285718682
0.888391241502
0.897585345713
0.906840851382
0.916135251579
0.925447187237
0.934753183214
0.944032027089
0.953262629433
0.96242798697
0.971514187395
0.980507742927
0.989402754902
0.998195006314
1.00689078713
1.01549942029
1.02404262993
1.03254822287
1.04105261419
1.04959310762
1.05820400675
1.06691006677
1.07573913112
1.08470202967
1.09380148509
1.10303913932
1.112408394
1.12189825632
1.13149516731
1.14117678855
1.15092786472
1.16072934332
1.17055311511
1.1803821205
1.19018961699
1.19995779263
1.20966348006
1.21928721201
1.22881863037
1.2382430866
1.24754293943
1.25672390667
1.26578692654
1.27473104397
1.28358382525
1.2923640591
1.30110513556
1.3098476385
1.31861514012
1.32745279433
1.33637927888
1.34541249653
1.35456065048
1.36382639021
1.37320494182
1.38268851663
1.39227140332
1.40192511665
1.41164032167
1.42140308592
1.43118110583
1.44095853728
1.45071996686
1.46042936362
1.4700788391
1.47963544759
1.48908580313
1.49842333982
1.50762224118
1.51668243391
1.52561126848
1.53439976498
1.54306838576
1.55163817861
1.56014477336
1.56860532966
1.57706222322
1.58554829575
1.59409986671
1.60272227388
1.61144524228
1.62025892114
1.62917957676
1.63818573525
1.64728490539
1.65645653143
1.66568578234
1.67495587554
1.6842471731
1.69353970543
1.70281898355
1.71205429484
1.72122219925
1.73029892569
1.7392731669
1.74811732235
1.75681749488
1.76536355463
1.77376223367
1.78201634037
1.79011910405
1.79810613785
1.80600165087
1.81382508809
1.82161823756
1.82940314103
1.83721781531
1.84507720756
1.85300842168
1.86102217178
1.86911395333
1.87729253462
1.88555214761
1.89388451224
1.90226806462
1.91070712139
1.9191656874
1.92763448206
1.93610149046
1.94452419741
1.95288756718
1.96117654617
1.96934709235
1.97739643701
1.98529682792
1.99304504313
2.00061534227
2.00802838527
2.01529286736
2.02240432596
2.02941420432
2.0363287444
2.04317688473
2.0499980307
2.05682031764
2.06365857834
2.07054285288
2.07748776949
2.0845023462
2.09159032127
2.09875077864
2.10597878153
2.11326594617
2.12060085266
2.1279692718
2.13535440924
2.14274640574
2.1501130261
2.15743956886
2.16468945007
2.17183564191
2.17886210939
2.18574559957
2.19245910877
2.19900171725
2.20537148898
2.21156446712
2.21761400343
2.22353001751
2.22932790812
2.23505074451
2.24072124253
2.24636128003
2.25200091791
2.25766556792
2.26336554837
2.26911354412
2.27492386287
2.28079976672
2.28673795772
2.29273344749
2.29878545445
2.30487039535
2.31099679397
2.3171307515
2.32325076114
2.32934798889
2.33538282481
2.34133548469
2.34717762627
2.35286863614
2.35841277687
2.36377678657
2.36894934084
2.37394676809
2.37877550906
2.38345889204
2.38801495605
2.39246097102
2.39684511659
2.40117886707
2.40548993159
2.40980092533
2.41413046808
2.41849440856
2.42291074084
2.42737487604
2.4318969752
2.43647837707
2.44110820337
2.44579344807
2.45051087387
2.45524787799
2.45999941299
2.46472521934
2.46942219455
2.4740428118
2.47857010339
2.48297573881
2.48722557223
2.49129973764
2.49518564463
2.49888152721
2.50240232129
2.50575839484
2.50896992483
2.51206368415
2.51505729317
2.51799320359
2.52088867565
2.5237660007
2.52663812838
2.52952931713
2.53245460263
2.53542510105
2.53844846697
2.5415198955
2.54464816797
2.54783022036
2.55105029585
2.55429887984
2.55757788623
2.56084376096
2.5640911384
2.56729374936
2.57041485804
2.57343242752
2.57629867647
2.57901554754
2.58153759619
2.58387459711
2.58602010977
2.58798501663
2.58979790775
2.59147305047
2.59303595631
2.59451203098
2.59592610378
2.59730135168
2.59866871752
2.60003698149
2.60141324855
2.60283024183
2.60428908604
2.60579693593
2.60735773484
2.60896221613
2.61062557733
2.6123308124
2.61406551488
2.61581389981
2.61755514281
2.61925498951
2.62090550621
2.622456583
2.62389751743
2.62518029294
2.62629202309
2.62722813414
2.62796412766
2.62851531157
2.62888552379
2.62911457226
2.62921581398
2.62920390851
2.62911332495
2.62897745916
2.62879815495
2.62860544929
2.62841745423
2.62824008443
2.62810692892
2.62801878215
2.62797316189
2.6279838807
2.62806074332
2.62817882276
2.62833859051
2.62852566586
2.62872100441
2.62890127157
2.6290395199
2.62910644899
2.62906187324
2.6288961653
2.62857434839
2.62807728873
2.62739463574
2.62652530477
2.62547621727
2.62426236739
2.62290266493
2.62142013736
2.61984672704
2.61818726078
2.61648207402
2.61474352727
2.61299087283
2.611251115
2.60953173456
2.60784646118
2.60620668067
2.60462998037
2.60311057316
2.6016478592
2.6002440404
2.59887874125
2.59754288501
2.59620442734
2.5948465962
2.59343085861
2.59193629922
2.59033358178
2.58858725332
2.58668521248
2.58461287954
2.58235503907
2.57993026192
2.57732901939
2.57457549606
2.57168672509
2.56867574298
2.56558036117
2.56241412687
2.55919887848
2.55595445836
2.55270035554
2.54946386287
2.5462453202
2.54307563183
2.53996023525
2.53691455968
2.53393576879
2.53102846388
2.52817821408
2.52536836033
2.52259270571
2.51981069439
2.51699207696
2.51412030612
2.51115208223
2.50806789303
2.50484597153
2.50146173863
2.49792033615
2.49420339389
2.49033044137
2.4862929633
2.48212303842
2.47782211648
2.47340987612
2.46892110685
2.46436875163
2.45976866927
2.45514208588
2.45051489504
2.44592055628
2.44134550879
2.43683045088
2.43238474101
2.42800988222
2.42371496607
2.41950695151
2.41536213276
2.41127570469
2.40720954469
2.40313442063
2.39902314495
2.39485064213
2.39058370023
2.38618911393
2.38166821536
2.37699070721
2.37215995094
2.36717596066
2.36204395998
2.35676415573
2.35135938629
2.34583658725
2.34022408622
2.33453210234
2.32879180885
2.32300446255
2.31721157878
2.31142445564
2.30566453254
2.2999515916
2.2943041372
2.28873792343
2.28326371676
2.27788642217
2.27259229498
2.26737871341
2.26222421665
2.25709079594
2.25195646217
2.24677899726
2.24152865549
2.23618996034
2.23074298852
2.22516342997
2.21943251821
2.2135766632
2.20756699892
2.20141893004
2.19515170211
2.18875787542
2.18227270873
2.1756937888
2.16905034107
2.16236275114
2.15565259188
2.14894160718
2.1422517884
2.13559512787
2.12900197625
2.12248168564
2.11605945408
2.10974555365
2.10353342089
2.09742658677
2.09139950974
2.08543727426
2.0794995847
2.0735626237
2.06757408385
2.06153443399
2.05539106273
2.04914516345
2.04277524965
2.03628324216
2.02964773767
2.02288899346
2.01600284773
2.00899792105
2.00188633339
1.99469134632
1.98741122751
1.98008362443
1.97272048788
1.9653431895
1.95797448014
1.950637271
1.94335386448
1.93614539262
1.92903016346
1.92202246026
1.91513039571
1.90835396966
1.90169225727
1.89510937716
1.88858671301
1.88209212763
1.87560013903
1.86906240784
1.86246060915
1.85577146122
1.84897910848
1.84208015005
1.83505175254
1.82790002848
1.82063390097
1.81324227348
1.80574894881
1.79814958314
1.79047322845
1.7827296042
1.77493910613
1.76712284486
1.75930414142
1.7515063947
1.74376190827
1.7360793123
1.72849204406
1.72101099918
1.71365416145
1.70641854609
1.69930079448
1.692287653
1.68536266941
1.67849120702
1.67164215925
1.66478836976
1.65790062394
1.65094667704
1.64390610921
1.63676911886
1.62952491365
1.62216253629
1.61468915536
1.60708920472
1.59938428774
1.59157204985
1.58366706937
1.57568495283
1.56764387501
1.55956603504
1.55147351738
1.54339366451
1.53535169273
1.52737705565
1.51948442936
1.51170119963
1.50403798757
1.49650092449
1.48909284243
1.48180160293
1.47461247027
1.46749774173
1.46043301132
1.45338741489
1.44632667742
1.43923044125
1.43206904767
1.4248237348
1.41748565482
1.41004169699
1.40248653671
1.39481657737
1.38703499326
1.37914476968
1.37115416127
1.36307542709
1.35492687969
1.34672783531
1.33849969195
1.33028112998
1.32209026365
1.31395933136
1.30591240534
1.29796499586
1.29015133889
1.28246365127
1.27492254366
1.25829447138
