metodo_1_dt_1:1
4.36025497048e-05
5.1459505527e-05
5.80295443614e-05
7.29416356387e-05
9.23355156846e-05
0.000104629613286
0.000103553982373
9.875267108e-05
0.000101426265851
0.000122269511407
0.00014533308069
0.000159905278192
0.000169107123038
0.000166010797399
0.000166090250601
0.000183598043932
0.000210938006005
0.000226687809957
0.000241834339115
0.000246739950269
0.00024054177091
0.00025384204866
0.000279566005184
0.000298722385139
0.000319800214287
0.000329279668263
0.000328384642095
0.000333113935878
0.000355595250651
0.000380738660785
0.000407349546405
0.000417944058626
0.000419386054719
0.000426422553025
0.000440282498202
0.00046992791791
0.000495689116438
0.000517072251628
0.000522522642097
0.00052460174246
0.000539003740596
0.000566169411179
0.000590334946961
0.000617548767596
0.000632940306195
0.000640733540268
0.000643650439027
0.000667306068218
0.000623683203751
0.000655415825484
0.000667174989424
0.000677952600573
0.000687848174563
0.000707745059298
0.000735072043962
0.000765968823604
0.000793320795441
0.000808872866153
0.00081485235402
0.000826924110897
0.000778599579141
0.00081518602334
0.000843107087497
0.00086423690142
0.000871844700256
0.000885867006544
0.000906918322627
0.000943279775939
0.000980406680975
0.00092567282726
0.000941484255939
0.000950135679464
0.000971751671039
0.00100595805494
0.00104117331555
0.00107444548736
0.00101360416268
0.00102760363502
0.00104609364448
0.00107698631275
0.00111275757075
0.00114657136446
0.00109623653605
0.00111302081811
0.00112969819826
0.0011568012897
0.0011913865672
0.00122872504635
0.00118436633668
0.00120559163148
0.00122221712266
0.00124581950995
0.00127781053631
0.00123926867631
0.00127779445297
0.00130468145967
0.0013231998329
0.00134431060536
0.00129969092118
0.00134264868079
0.00137669972964
0.00140986663271
0.00143213206139
0.0013742043897
0.00140303612253
0.0014443414421
0.00149037100109
0.00144751427693
0.00146976750905
0.00149037389289
0.00151623419722
0.00147692352456
0.00152359471869
0.00156767961621
0.00160067402064
0.00154627023466
0.00156539702455
0.00159982073273
0.00164587129545
0.00161167503294
0.00165054542394
0.0016779679343
0.00162379721002
0.00165446257615
0.00169790985471
0.00174793692114
0.00171504398166
0.00174761237668
0.00176815986783
0.00171864033877
0.0017584479163
0.00180845914409
0.00185794822639
0.00181900380749
0.00184248797765
0.00186936834018
0.00182777841028
0.00187615045967
0.00192862622947
0.00189571288092
0.00192846644667
0.0019556860617
0.00191082264387
0.00195622362079
0.00200990270562
0.00198231420698
0.0020208393836
0.00205034025627
0.00200313331674
0.00204491267831
0.00202044195526
0.00207431195055
0.00211473637091
0.00207031678205
0.0021002029637
0.00213844424835
0.00211129587752
0.00216771024239
0.00214073608737
0.002179112863
0.00221038398146
0.00216772723974
0.00221938938881
0.00219886216683
0.00225392786215
0.00229849495636
0.00225489737189
0.00228834809072
0.00225441396759
0.00230971444555
0.00236847752161
0.00234129363615
0.00237998689122
0.00233586272059
0.0023758960318
0.00235567423689
0.00241559648009
0.00247174357889
0.00243831161553
0.00247387387965
0.00243374163032
0.00248278339022
0.00246499849373
0.00252518485007
0.00249805829927
0.00253715273061
0.00249621984028
0.00254581083417
0.00260374355624
0.00258882232568
0.00264973125756
0.00261627194929
0.00265384191745
0.0026182984341
0.00267292537674
0.00265879342462
0.00272019835793
0.00269265867312
0.00273297397057
0.00269985600906
0.00275525280652
0.00274005662204
0.00280499987978
0.00278358724203
0.00282821866745
0.00279049879197
0.00283791327692
0.00281995672901
0.00289568236354
0.00287981657451
0.00285229594328
0.00289388171296
0.00286084180199
0.0029171433146
0.00290613794918
0.00297702759047
0.00295981837794
0.00300502157789
0.00297057564748
0.00294565624173
0.00301036884611
0.00300199875189
0.00307291405308
0.00304528939021
0.00308921023946
0.00306077166694
0.00304506349007
0.00311967896229
0.0031093566099
0.00316955778906
0.00313812200105
0.0031854591225
0.00316574115736
0.00316209356117
0.00323752816647
0.00322181896714
0.00327233293983
0.00324116164598
0.00322252288309
0.00328955711509
0.00328943617578
0.00327955494783
0.00333973261917
0.00331002262017
0.00336173784372
0.00335189855014
0.00334770641139
0.00342463484639
0.00340864632485
0.00338648205717
0.00343656819526
0.00342320355988
0.00341751465351
0.00349300781761
0.00348742843279
0.00347016638049
0.00352042715926
0.00349911990144
0.00349493332813
0.00357623082227
0.00357167026439
0.00355553582654
0.00361684563785
0.00359318641282
0.0035809132101
0.00365728118953
0.0036656441771
0.00365561321359
0.00363423453942
0.0036919914208
0.00368029028025
0.00367684713336
0.00375646927067
0.00375672741753
0.00374482897669
0.00372148981951
0.00378458365301
0.00377771976144
0.00378464469788
0.00386753544229
0.00385718400832
0.00384094076251
0.00382472329479
0.00389180100329
0.00389731835043
0.00390594317791
0.00390175879518
0.00396338087063
0.00395124186731
0.00393711568758
0.0039356505686
0.00402796140412
0.00402920298035
0.0040186443646
0.00400843500595
0.0039918010691
0.00406438250371
0.00407867534894
0.00408429035248
0.00408444021576
0.0040732902356
0.00413310946294
0.00412877329677
0.00413668690886
0.00414502094193
0.00415111265325
0.00422250385107
0.00420992214335
0.00419787532475
0.0042026583692
0.00421638696698
0.00430064487461
0.00430477191707
0.00429021747267
0.00427615763758
0.00428173815661
0.00428991480632
0.00438673939222
0.0043881258008
0.0043823253097
0.00437221947691
0.00436525661024
0.00437545448067
0.00439206705411
0.00448130401933
0.00448071468108
0.00447228911212
0.00446251608698
0.00447356347255
0.00448579110224
0.00450635951171
0.0045075093558
0.00457554883764
0.00457323198808
0.00457157749426
0.00459099433181
0.00460557535606
0.00461727167388
0.00461673654941
0.00461056847969
0.00460997313763
0.00462211192164
0.0047198401876
0.00473676633251
0.00473766802243
0.00473804246679
0.00473081079117
0.00474355452936
0.00475856341343
0.00478383955129
0.00479083361286
0.00479086330527
0.00478730704051
0.00479204656257
0.00481370669111
0.0048322740784
0.00485399060609
0.00485468746721
0.00493452480099
0.00493173422501
0.00494992384467
0.00496885502194
0.00499527166781
0.00500201230627
0.0050028244582
0.00500725000394
0.00501279913017
0.00503917044631
0.00505997847722
0.0050816510585
0.0050824877324
0.00508700506232
0.00509363745809
0.00511266570942
0.00513943188468
0.00516200861317
0.0051730342029
0.00517950817734
0.00517913556364
0.00519906238062
0.00522089181847
0.00525218100098
0.00526932859462
0.00527497202556
0.00527820022693
0.00528986581773
0.00523646100701
0.00527028970042
0.00529306464527
0.00530394682693
0.00531235860514
0.00531651573092
0.00534193494599
0.00537201778918
0.00539979050438
0.00541661789432
0.00542772928812
0.00543002324868
0.0054516519751
0.00548059455956
0.00551192717484
0.0055392088907
0.00547262985821
0.00547898532701
0.00549268171584
0.00552334558315
0.00555200063924
0.00558483665052
0.00560577673383
0.00560948843997
0.0056248744613
0.00564766423332
0.00560747221287
0.00563576008732
0.00566276421448
0.00567876625736
0.00568400614545
0.00570736598996
0.00573864877013
0.00577874508247
0.00572951910342
0.005746021641
0.00576069499295
0.00577186483355
0.00580441221891
0.00584545685487
0.00587927557291
0.00582374041091
0.00583645147836
0.00585438095928
0.0058831877403
0.00591898405231
0.00595642011612
0.00590718159535
0.00592832797795
0.00594572341965
0.00596198337061
0.00599972329514
0.00596606403103
0.00600016019808
0.006026658432
0.00604082638133
0.00605878985702
0.00601542224262
0.00605512755874
0.00609827870089
0.00612627683151
0.0061438558132
0.00608690189202
0.00611735940427
0.00615553168885
0.00620180938777
0.00623589260942
0.0061803333664
0.00620131030369
0.00622839507359
0.00626371141309
0.00623355031452
0.00627285349121
0.00630077148639
0.00632391628326
0.00627090357405
0.00630683989566
0.00634940945673
0.00639739086336
0.00635349547009
0.00637604625785
0.00639996799207
0.00635457087687
0.00639487726243
0.00644515083188
0.00648935372637
0.00643941455381
0.00646428664855
0.00649347425959
0.00645270893336
0.00649902457552
0.00654804024592
0.00658613554682
0.00653180128298
0.00655919671508
0.00659683723864
0.00656859724069
0.00661657137346
0.00666071220293
0.00661523248768
0.00664252121199
0.00667228256208
0.00664131145202
0.00669066899617
0.00674027980092
0.00669600884634
0.00672510914599
0.00675665701406
0.00672207259081
0.00677132534089
0.00682525298526
0.00679140333487
0.00682407192668
0.00685021847951
0.00681178203089
0.00686346839053
0.00684237349843
0.00688770883977
0.0069254213249
0.00687881699149
0.00691491472668
0.00696346683367
0.00693867496289
0.00699349628592
0.00695935797293
0.00699297883253
0.00702279987418
0.00698977511776
0.00704603912052
0.0070268193493
0.00707640352308
0.00711454745735
0.00707049620046
0.00711161783748
0.00708764279593
0.00714792558753
0.00712554901316
0.0071644220201
0.00719967132792
0.00716024735761
0.00721046206502
0.00719308831009
0.00724848093808
0.00722013156044
0.00725858707212
0.00722246123048
0.00726880358612
0.00732742741315
0.00730804090906
0.00736340520811
0.00732892530307
0.00736630315919
0.00733164346035
0.00738722576889
0.00737350164114
0.00743404715262
0.00740538367651
0.00744497810598
0.00740808934466
0.00745992824669
0.00744528526198
0.00750988590276
0.00748733541148
0.00753087641429
0.0074933052948
0.00754144590466
0.00752444697048
0.00759558035405
0.00757876165797
0.00762322727309
0.00758678826873
0.00763199316089
0.00761154309876
0.00768300994746
0.00767088071721
0.00772572294895
0.00769224789977
0.00765812976773
0.00771177380788
0.00769954096951
0.00776831995563
0.00775145228249
0.00780032630794
0.00777076204843
0.00782081680862
0.00780566375358
0.00779821663777
0.0078689325718
0.00784574208498
0.00788697949283
0.00785677309767
0.00784263608638
0.00791227998675
0.00790498582653
0.00796555688641
0.00794165004602
0.00798826592059
0.00796569826461
0.00796020852625
0.00803300735392
0.0080217280399
0.00799840424581
0.00805032249137
0.00802033430458
0.00808468779404
0.00808493669796
0.00807863697762
0.00813884887441
0.00811581732608
0.00808830609976
0.00814879855586
0.00814334105979
0.00822274128597
0.00821131604568
0.00818806860455
0.00824255926422
0.00822179618586
0.00821825251117
0.00829476236333
0.00828889031987
0.00827572369211
0.00832726591504
0.00830382451383
0.0082967128476
0.00837305626322
0.00837156916832
0.00836445066808
0.00841944384505
0.0083993059812
0.00838383250796
0.00838068662185
0.00846415910564
0.00845840450686
0.00844515660693
0.00849871600558
0.00847992202632
0.00847817046915
0.00855807751701
0.00856195338065
0.00854991860691
0.00853280207074
0.00858955432522
0.00857944315894
0.00858527722472
0.008588425355
0.00866467569666
0.00864702405616
0.00863014476486
0.008694115015
0.00869741889165
0.00870252036822
0.00870681111534
0.00869454579204
0.00875208754454
0.00873997627281
0.00873531847545
0.00874951293071
0.0088314866468
0.00882973253324
0.00881274073717
0.00879917718397
0.00886842599993
0.00887655130232
0.00888392957444
0.00888820439047
0.00888047573193
0.00894025038839
0.00893288555115
0.00893353172001
0.00894668650141
0.0089517194314
0.00903169567741
0.0090158549501
0.00900614214029
0.00900310578233
0.0090156307241
0.00902923412917
0.00910635261387
0.00909889089251
0.00908379921187
0.00908157317114
0.00908728962575
0.00910755666956
0.00919499033074
0.00918814458686
0.00917861478544
0.00916876811023
0.00917568472305
0.00919198970766
0.00927976099997
0.00928339958326
0.009276489459
0.00926941405813
0.00927251506362
0.0092828982626
0.00930084876719
0.00931056961027
0.00938150798311
0.00937434349317
0.00937822166817
0.00938582305384
0.00940528189494
0.00942044250693
0.00941922981491
0.00941389286275
0.009410892043
0.00941924057836
0.0095160364682
0.00953542837232
0.00954028985813
0.00953849144266
0.00953436186397
0.00953454619043
0.00955600071432
0.00957799782365
0.00958872385244
0.00959190356867
0.00958847751445
0.00959000745256
0.00960370583257
0.00962643643885
0.00964672757136
0.00965576592572
0.00972803029409
0.0097318393128
0.00974193217799
0.00976355580031
0.00978290095394
0.00979800264983
0.00980132530188
0.00980476945435
0.00980669270956
0.00982574443754
0.00985145386767
0.00987215436198
0.00988523676675
0.00988128193912
0.00988496938827
0.00990048867298
0.0099261481686
0.00995567636654
0.0099659003767
0.00996978149109
0.0099720911073
0.00998814416264
0.0100120426177
0.0100401066651
0.0100562944046
0.0100649559311
0.010071980217
0.0100803366862
0.0101011761664
0.0101302767513
0.010078316769
0.0100926914303
0.0100976165796
0.0101037006968
0.010125154185
0.0101534350192
0.0101831916229
0.0102036628904
0.0102168886609
0.01021773687
0.0102311249365
0.010257040749
0.0102932874012
0.0103194781045
0.0103336290384
0.0103402223738
0.0102772670978
0.0102997433238
0.0103318696846
0.0103627426931
0.0103871956783
0.0103967644898
0.0104009785834
0.0104240073334
0.0104546582412
0.0104887332833
0.0104371404007
0.0104555984113
0.0104644320976
0.0104796237267
0.0105117323612
0.0105471377996
0.0105786339888
0.0105984224266
0.0105358218046
0.0105485132517
0.0105725788027
0.0106118120705
0.0106473975374
0.0106732381141
0.0106920680243
0.0106260776216
0.010646365812
0.0106834478808
0.010721451772
0.0107530993689
0.0107726736389
0.010716423899
0.0107335560618
0.0107629734531
0.0108058840681
0.0108424355166
0.0107901800739
0.0108097854662
0.0108250268463
0.0108506560517
0.0108923365907
0.010854637539
0.0108860848096
0.0109100280216
0.0109296191322
0.0109560081208
0.0109129564748
0.0109545549983
0.0109958879524
0.0110209986174
0.0110377011479
0.0109836446718
0.0110192144872
0.0110606226469
0.0111063319861
0.0110597686349
0.0110798278728
0.0111022720839
0.0111295239238
0.0111002251322
0.0111442462617
0.0111812921516
0.0112106097189
0.0111515145339
0.0111799808095
0.0112206707832
0.0111879243075
0.0112343642363
0.0112650901811
0.0112907016403
0.0112391083504
0.0112716448265
0.0113199396907
0.0113658084344
0.0113294322681
0.011358870107
0.0113801393758
0.0113356546212
0.0113816333609
0.0114294355597
0.0113985491391
0.0114289572543
0.0114604267927
0.0114087505088
0.0114466719795
0.01149890213
0.0114728057903
0.0115135531229
0.0115392638671
0.0114949787933
0.0115290687439
0.0115752880526
0.011551994642
0.0115989206576
0.0116336373688
0.0115806474138
0.0116202300691
0.011663466543
0.011641319369
0.0116935081106
0.0117295934435
0.0116829947175
0.0117158694903
0.0116820371977
0.0117325063429
0.0117930398972
0.0117574455955
0.0117969514117
0.0118244803157
0.0117868281752
0.0118396079545
0.0118157996908
0.0118679919043
0.0119083678746
0.0118634563302
0.0119007018808
0.0118722018
0.0119264471814
0.0119103307089
0.0119519912263
0.0119922551849
0.0119454326782
0.0119953605441
0.0119705437784
0.0120308103437
0.0120054188729
0.0120455071363
0.0120809202482
0.012045015136
0.0120996326128
0.0120836975132
0.0121413881844
0.0121093780208
0.0121465327847
0.0121080797211
0.0121590096303
0.0121427214834
0.0122045801866
0.0122563464574
0.0122193227787
0.0122574666296
0.0122268880551
0.0122862201434
0.0122729522862
0.0123305483396
0.0122985008913
0.012337327364
0.0123035223457
0.0123596062292
0.0123470185755
0.0124095980944
0.0123833843308
0.0124293220091
0.0123932715821
0.0124457659627
0.0124318535155
0.0124981985289
0.0124778248528
0.0124459129323
0.0124917498657
0.0124583355594
0.0125240708059
0.0125099303937
0.0125774089161
0.0125552291463
0.0125936852127
0.0125663349107
0.0126241985201
0.0126142791736
0.0126041767189
0.0126611311286
0.0126340464745
0.01267869111
0.0126547847392
0.0127210030709
0.0127180375191
0.0126989100201
0.0127542663645
0.0127259345832
0.0127720245342
0.0127617589767
0.0128331877949
0.0128280654536
0.0128025793409
0.0128541996848
0.0128291882677
0.0128840229143
0.0128811751959
0.0128755629072
0.0129427409301
0.012916018516
0.0128860233614
0.0129459726982
0.0129318612257
0.0130104129999
0.0130055305816
0.0129842908729
0.0130375006984
0.0130122012476
0.0129992111757
0.0130779313687
0.0130733888733
0.0130579071142
0.0131140920072
0.0130873652715
0.0130748970785
0.0131477048656
0.0131460943678
0.0131411587396
0.0131975448891
0.0131752263831
0.0131592552933
0.0132291463125
0.0132288309384
0.013229214796
0.0132912219681
0.0132708323613
0.0132523484119
0.0133185613489
0.0133176684609
0.0133177448172
0.0133124584031
0.0133734636529
0.0133496413131
0.0133387092805
0.013417902213
0.0134203501549
0.0134208382275
0.0134046744657
0.0134594193128
0.0134452979827
0.0134434744999
0.0135241789791
0.0135295011487
0.0135237544155
0.0135035024454
0.0135652303614
0.0135595386431
0.0135612315224
0.0135700045646
0.0136480157279
0.0136320607643
0.0136158127314
0.0136065525029
0.0136099021151
0.0136935836553
0.013694794502
0.0136886651699
0.0136697226335
0.013735482967
0.0137351445367
0.0137408807825
0.0137555105599
0.0137554277838
0.0138219257194
0.013804344409
0.0138001898425
0.013808345118
0.0138167532019
0.0139002312391
0.0138938805904
0.0138811766878
0.0138693788805
0.013874349485
0.0139656322916
0.0139720979989
0.0139715358529
0.0139612299701
0.0139516234796
0.0139484455821
0.0140432748868
0.0140577562629
0.0140632469115
0.0140526785694
0.0140425356512
0.0140400089859
0.0140456950792
0.0141398381226
0.0141554793788
0.0141545740159
0.0141414136254
0.0141359761707
0.0141424826374
0.0141589430006
0.0141702428049
0.0142576031968
0.014251904506
0.0142449366942
0.0142475852572
0.0142579825955
0.0142811444521
0.014292170405
0.014291135212
0.0142800591606
0.0142792712924
0.0143732478844
0.0143929702426
0.0144048707596
0.0144094984218
0.0144048459538
0.014406207778
0.0144141750028
0.0144288288129
0.0144490034325
0.0144642392472
0.0144634092484
0.0144550542121
0.0144638224191
0.0144805213557
0.0145806221777
0.014597030294
0.0146015645264
0.0145985567654
0.0145996771099
0.0146175022798
0.0146402316081
0.0146570482495
0.0146718385333
0.014671680052
0.0146710209872
0.0146850093111
0.0147063031817
0.0147263606705
0.0147471461947
0.0147514164037
0.0147506746016
0.0147611008565
0.0147751972019
0.014801033721
0.0148272023076
0.0148370128778
0.0148426073448
0.0148458724196
0.0148562900468
0.0148862324785
0.0149120239313
0.0149324135786
0.0149370015524
0.0149391552275
0.0149503054083
0.0149736164362
0.0150064603459
0.0150281303359
0.0150422315898
0.0150450812029
0.0150529991767
0.0149952969011
0.0150242320971
0.0150553864415
0.0150707537055
0.0150806983432
0.0150863632464
0.015102782209
0.0151305601851
0.0151652398141
0.0151866557281
0.0152008008549
0.0152060958889
0.0152232033285
0.0152483473339
0.0152026868347
0.0152296164276
0.0152491493316
0.015260461259
0.0152702005856
0.0152962854375
0.0153280195226
0.0153639119489
0.0153805671168
0.0153951601556
0.0153303065808
0.0153479728333
0.0153823990337
0.0154165365065
0.0154479581921
0.0154627472922
0.015476034117
0.0154171629374
0.0154395504221
0.0154791813307
0.0155157297836
0.0155362404391
0.0155517741586
0.0155683550686
0.0155136011372
0.0155523447405
0.0155881203897
0.0156192160876
0.0156343589476
0.01564572092
0.0155917590939
0.0156280632836
0.0156704362165
0.0157026487225
0.0157273654158
0.0157444406954
0.0156829273199
0.0157157527759
0.0157582921975
0.0157951368666
0.0158257942113
0.0157680891329
0.0157828700892
0.0158072871293
0.0158482480205
0.0158927342453
0.0158515824692
0.0158716000509
0.0158908070773
0.0159162743593
0.015876537311
0.0159222415999
0.0159595829468
0.0159897758048
0.0159331806847
0.015956116611
0.0159903757046
0.0160309577266
0.0159991626826
0.0160353476993
0.0160601567887
0.0160821473432
0.0160348959143
0.0160688718461
0.0161171402992
0.0161591390244
0.0161112639692
0.0161340871638
0.0161613935574
0.0162009551829
0.0161673914118
0.0162142001304
0.0162499609428
0.0161977431786
0.0162231248023
0.0162588288578
0.0162285326998
0.0162786840227
0.0163204272908
0.0163502926627
0.0162931293988
0.0163252040264
0.016369871288
0.0163438577879
0.0163910325116
0.0164263521373
0.0163753751255
0.0164047259359
0.0164457320599
0.0164194128868
0.0164708513646
0.0165121725456
0.0164646023251
0.0164926993814
0.0165298648733
0.0165015481374
0.0165556312474
0.0166028150925
0.0165600879056
0.0165887354207
0.0165448290685
0.0165910393224
0.016645918566
0.0166203523
0.016661165998
0.0166922390984
0.0166461323904
0.0166974358625
0.016673544317
0.0167293270286
0.0167761850827
0.0167335385213
0.0167646766295
0.0167256507678
0.0167768865315
0.0168345858138
0.0168092542617
0.016854221977
0.0168089432267
0.0168447169188
0.0168924389501
0.0168723440618
0.0169292777807
0.0168978962325
0.0169380325902
0.0168945539687
0.0169383663809
0.0169943255191
0.0169807439777
0.0170330479608
0.0170000610749
0.0170345456141
0.0169971677099
0.0170500381721
0.0170332274972
0.017095247338
0.0170634033154
0.0170999584751
0.0171379751757
0.0171092915274
0.0171740203112
0.0171576313374
0.0172139129218
0.0171765282535
0.0172182536723
0.0171858148504
0.017243647242
0.0172339888795
0.0172916209909
0.017259388549
0.0172975768681
0.0172665927654
0.0173209888153
0.0173114228574
0.0173783081001
0.0173519701419
0.0173929995109
0.0173602180468
0.0174107533073
0.0173953460977
0.0173876962888
0.0174450700013
0.0174127412939
0.0174619867753
0.0174311684176
0.017490658519
0.0174843675536
0.0175471264817
0.0175248556746
0.0175670286552
0.0175335576007
0.0175205037233
0.0175869244036
0.0175806116721
0.0176375692081
0.0176054915342
0.0176532704654
0.0176274410916
0.0176185761359
0.0176922647224
0.0176818218754
0.0177324722828
0.0177031479188
0.0177518853108
0.0177396644067
0.0177318766744
0.0178084417336
0.0177871385306
0.0177603993765
0.0178070413788
0.0177910119055
0.0178597736593
0.017857701925
0.01784677148
0.0179019374323
0.0178704506108
0.0179285213633
0.0179168075252
0.0179164479332
0.0179844313858
0.0179715484663
0.0179415395883
0.0179967758823
0.0179859936249
0.0179809131151
0.0180577828002
0.0180463398897
0.0180241525029
0.0180779773198
0.018058782274
0.0180563687356
0.0181357933079
0.0181304285886
0.0181129924283
0.018162652425
0.018144604389
0.0181390344249
0.0182193788649
0.0182191106665
0.018207383896
0.0182593135401
0.0182389810109
0.0182339374802
0.0183090375612
0.0183125032573
0.0183067853016
0.0182848786017
0.01834600013
0.0183328409816
0.018327683672
0.0184109621019
0.0184108500348
0.0184030382775
0.0183786581625
0.0184402900447
0.0184361332485
0.0184417350236
0.0184460410184
0.0185175805603
0.0185007078452
0.0184828842055
0.0184748748573
0.0185564175567
0.0185639374784
0.0185636396487
0.0185513223996
0.0186156852835
0.0185995798084
0.0186005624896
0.0186093182722
0.0186143022575
0.0186896679599
0.0186738454994
0.0186552433403
0.0186524874754
0.0187427225909
0.0187516730933
0.0187509484049
0.0187388144847
0.0187281423173
0.0187947964569
0.0188006371817
0.018811896978
0.0188212574119
0.0188141694738
0.0188777931414
0.0188680172899
0.0188748150388
0.0188865079531
0.0188963248501
0.0188950902589
0.0189657278238
0.0189540378507
0.018948082163
0.0189584062253
0.0189758866761
0.0189806179982
0.0189734355068
0.0190393051021
0.0190385800471
0.0190460974012
0.0190607449874
0.019070886894
0.0190734938133
0.0190632017306
0.0191332283654
0.0191413953423
0.0191602259201
0.0191746006489
0.0191788530586
0.0191763038563
0.0191672840551
0.0191672714473
0.0192616811362
0.0192786499846
0.0192887260058
0.019286688795
0.0192825335507
0.0192791876705
0.0192882278447
0.0193148326625
0.0193299048584
0.0193336299505
0.0193275421712
0.0194041706551
0.0194093588566
0.0194259762053
0.0194489744611
0.0194632353678
0.0194612035942
0.0194594852711
0.0194609478291
0.0194749644454
0.0194954481358
0.0195196051025
0.0195228668402
0.0195181266349
0.0195210100841
0.0195314441329
0.0195564198543
0.0195804967254
0.0195896936299
0.019588073809
0.0195939804918
0.0196005249571
0.019619180321
0.0196461438315
0.0197435726695
0.0197466060415
0.0197481726368
0.0197512519684
0.0197713574088
0.0197993553132
0.019819628977
0.0198328491727
0.0198365118752
0.0198371981506
0.0197757178695
0.0198029182604
0.0198270290687
0.0198462549105
0.0198537252354
0.0198535711657
0.0198660955384
0.0198909075305
0.0199171534543
0.0199420470768
0.0199546485358
0.0199600470421
0.0199649217823
0.019986260801
0.0200173003045
0.0200466695783
0.0200653522054
0.0200690413561
0.020076458402
0.0200941061804
0.020119092545
0.0201561611409
0.0201762604521
0.0201110920755
0.020118412032
0.0201279172
0.0201588702809
0.0201884011909
0.0202183517943
0.0202363095814
0.0202456330155
0.0202525375169
0.0202797568885
0.020308794258
0.0202693849639
0.0202889829582
0.0203018438093
0.0203165076218
0.0203309968435
0.0203624071405
0.0203987009602
0.0204286397145
0.0203684416969
0.0203794504554
0.0203906711962
0.0204230868655
0.0204601272319
0.0204947364135
0.0205183492122
0.0205273852143
0.0204676135548
0.0204918063647
0.0205273973309
0.0205656334174
0.0205906863833
0.0206127646528
0.0205482805236
0.0205685722657
0.020601638263
0.0206415286423
0.0206763885471
0.0206995101378
0.0206408223543
0.0206539486714
0.0206877133801
0.020727383982
0.0207667772906
0.0207178272631
0.0207358823397
0.0207565021093
0.0207775052174
0.0208152707428
0.0207839066493
0.0208188078772
0.0208414111568
0.0208580874463
0.020884568367
0.0208413222813
0.0208840914157
0.0209240697267
0.0209525983592
0.0208980271131
0.0209178673373
0.020948404437
0.020990420411
0.0209606445509
0.0209951321665
0.0210179744323
0.0210369407619
0.0209860879569
0.0210299110866
0.0210755452296
0.0211199948389
0.0210702297339
0.0210948703117
0.02111427602
0.021154573039
0.0211224624754
0.0211671016956
0.021205395961
0.021150878427
0.0211774800639
0.021209521516
0.0212579187287
0.0212277562216
0.0212719493375
0.021295244052
0.0212441048819
0.0212726048153
0.0213179867195
0.0212890175042
0.0213340969833
0.0213718445318
0.0213961622667
0.0213486471744
0.0213859086209
0.021438421266
0.0214096423583
0.021453379905
0.0214813683204
0.0214328794408
0.0214663042061
0.0215165258021
0.0214900005914
0.0215394462974
0.0214946239783
0.0215293576113
0.0215595941612
0.0215285652128
0.0215802413457
0.0216344518441
0.021595450324
0.0216283314475
0.0216566602938
0.0216217004989
0.0216719941524
0.0216516681215
0.0217009656946
0.0217381590094
0.0216883934248
0.0217276201838
0.0217751021267
0.021756218826
0.0218063911669
0.021775726431
0.0218054154449
0.0217641081437
0.0218078453377
0.0218664364536
0.0218475027872
0.0218961011302
0.0218513781277
0.0218866186342
0.0219265243953
0.0219097341766
0.0219666644826
0.0219432339438
0.0219811826966
0.0219436802549
0.0219802091433
0.0219556441845
0.0220175822519
0.0220771511812
0.0220473288693
0.0220811820816
0.0220465802854
0.0220916190018
0.0220746119668
0.0221331752993
0.022113884723
0.022151766462
0.022112091638
0.0221579143902
0.0221382764869
0.0221986106313
0.0221848500045
0.0222323420475
0.0222720436836
0.0222368805413
0.0222871408327
0.0222784148384
0.0223380489747
0.0223181671327
0.0223564605302
0.0223197602622
0.02229715355
0.0223555851866
0.0223491030932
0.0224040622979
0.0223734618057
0.0224150605225
0.0223844123545
0.0224442852933
0.0224342474269
0.0225032370375
0.0224739246874
0.0225219611227
0.0224845572174
0.0225449639357
0.0225297203573
0.0225247006262
0.0225835376636
0.0225531896028
0.0225971377642
0.0225715264476
0.0226360642024
0.0226287569312
0.0226932796239
0.0226723492625
0.0226396649477
0.0226885846339
0.0226719626537
0.0227425366649
0.022738346739
0.0227189814207
0.022766749345
0.0227362295814
0.0227933548711
0.0227846969238
0.0227836661997
0.0228478428282
0.0228223886349
0.0228739777109
0.0228452921802
0.0228380561094
0.0229161534772
0.0229034576851
0.0229657235648
0.0229368839843
0.0229099232636
0.0229767821968
0.0229721371166
0.0229678549987
0.0230317422585
0.0230107813477
0.0229872568762
0.0230413561663
0.023038859442
0.0230371639736
0.0231065814461
0.0230905564245
0.0230633781265
0.0231230724982
0.0231172105765
0.0231114882286
0.0231902760851
0.0231756949091
0.0231553847961
0.0232130227556
0.0231943822016
0.0231962433059
0.023278434602
0.0232698055993
0.023253661852
0.023306595939
0.0232885703191
0.0232876673278
0.0233671611477
0.0233683001063
0.0233575102839
0.0233340550933
0.0233956163263
0.0233866918427
0.0233878568644
0.0233933288291
0.0234620012116
0.0234461263708
0.0234284335651
0.0234934941455
0.023497219433
0.0235053571831
0.0235020086648
0.0235687517609
0.0235514139196
0.0235351741519
0.023535710294
0.0236181997387
0.0236242001681
0.0236187497078
0.0235993349016
0.0236630172462
0.0236596607901
0.023663266888
0.0236729435433
0.0236734779467
0.0237358489855
0.0237209424213
0.0237138060359
0.0237148687945
0.0238043385979
0.0238104132713
0.0238001080665
0.023786364344
0.0237762114084
0.0238561163939
0.023867723809
0.0238783252492
0.0238739130351
0.0238631550773
0.0238513368308
0.0239227819725
0.0239326927377
0.0239507963277
0.0239522781723
0.023946046864
0.0239342981573
0.0240021960744
0.0240090608378
0.0240283003286
0.0240349853789
0.0240343222222
0.0240245052853
0.0240942280175
0.0240974846921
0.0241114672921
0.0241264035955
0.0241273687023
0.0241257507412
0.0241166070576
0.0241893725221
0.0242010149375
0.0242226858718
0.0242293265314
0.0242281859755
0.0242244105272
0.0242204200293
0.0242242878472
0.0242417845817
0.024339894762
0.0243402383886
0.0243346068723
0.024333210756
0.0243331588783
0.0243492072055
0.0243726879665
0.0243833010764
0.0243821726746
0.0243760128914
0.0243766413146
0.0244679075144
0.0244882939672
0.0245087905201
0.0245128918489
0.0245040269878
0.0245064451205
0.0245158986645
0.0245360534592
0.0245561883036
0.0245707761284
0.024569640617
0.0245619336672
0.0245720233973
0.0245898936214
0.024612734545
0.0246285597086
0.0246367931198
0.0246339468091
0.0246363453522
0.0246509016989
0.0246787328961
0.0247773667314
0.0247869883255
0.0247910579897
0.0247910695215
0.0248062521517
0.0248240423405
0.0248528229405
0.0248682037857
0.0248719958588
0.0248714658227
0.0248828875944
0.0249068614931
0.0249285334958
0.0249539342646
0.0262290383026
