metodo_2_dt_1:24
2.05249846306e-09
5.97898524729e-06
5.97600687947e-06
5.97608025005e-06
5.97691554881e-06
5.98303764912e-06
5.9823957388e-06
5.98470774914e-06
5.98773738359e-06
5.98395216953e-06
5.99501740222e-06
5.98727503388e-06
5.99219111206e-06
5.99236916999e-06
5.99329808536e-06
5.99714354722e-06
6.00392873287e-06
6.00182672999e-06
6.00481169698e-06
6.01083702247e-06
6.00812261792e-06
6.0105765287e-06
6.01419728523e-06
6.01126442141e-06
6.01358904923e-06
6.01725272966e-06
6.02428529372e-06
6.02298671718e-06
6.02706533e-06
6.02479302129e-06
6.03583377746e-06
6.02887992065e-06
6.03716645488e-06
6.03734307796e-06
6.04293540837e-06
6.04046536982e-06
6.05145087026e-06
6.04814902246e-06
6.0565257148e-06
6.05868658786e-06
6.05462328649e-06
6.0640349199e-06
6.06889740091e-06
6.06581019537e-06
6.06632441361e-06
6.07043315645e-06
6.0781283463e-06
6.08112888592e-06
6.07619350362e-06
6.08467353897e-06
6.08680777038e-06
6.08409970045e-06
6.09321605787e-06
6.08753038132e-06
6.09366615835e-06
6.094802304e-06
6.09930993719e-06
6.09584206549e-06
6.10703766148e-06
6.10172743343e-06
6.10959046842e-06
6.11214100786e-06
6.11653331004e-06
6.11419989688e-06
6.11631116167e-06
6.12150863789e-06
6.11983859872e-06
6.12118263346e-06
6.12550822091e-06
6.12285449901e-06
6.12429594644e-06
6.12740045476e-06
6.13448602774e-06
6.13439107111e-06
6.13811868186e-06
6.13343986857e-06
6.13245741145e-06
6.1340101093e-06
6.13804771716e-06
6.14452256621e-06
6.1444388518e-06
6.14565834264e-06
6.1401615355e-06
6.14773927926e-06
6.14650466467e-06
6.14822526478e-06
6.15188460259e-06
6.14832837505e-06
6.15562222146e-06
6.15550825357e-06
6.15698597296e-06
6.16077633488e-06
6.16595030155e-06
6.1624454483e-06
6.170107771e-06
6.16964445025e-06
6.17015698319e-06
6.17155408053e-06
6.17375128374e-06
6.17732727168e-06
6.18150449651e-06
6.18621323338e-06
6.18200967393e-06
6.18816077404e-06
6.19463490454e-06
6.19140904941e-06
6.19894179184e-06
6.19667037547e-06
6.20454390462e-06
6.20256941975e-06
6.20115672756e-06
6.20938298278e-06
6.20850022513e-06
6.2072340875e-06
6.20598836974e-06
6.21506457257e-06
6.21408446581e-06
6.2133043087e-06
6.21210722158e-06
6.21101680086e-06
6.20971971126e-06
6.20818657123e-06
6.21655579722e-06
6.21458137327e-06
6.21222481147e-06
6.20944978077e-06
6.20630559601e-06
6.21262265192e-06
6.20835929505e-06
6.20347514316e-06
6.20793155696e-06
6.20164032722e-06
6.20455656196e-06
6.20658376002e-06
6.19776187872e-06
6.19792005754e-06
6.19706901693e-06
6.19502588025e-06
6.19184554188e-06
6.19747736937e-06
6.19187869883e-06
6.19500340097e-06
6.18658146833e-06
6.18675440877e-06
6.18548044661e-06
6.18243334266e-06
6.17811244857e-06
6.18188930838e-06
6.17401442691e-06
6.17408033944e-06
6.17273513754e-06
6.16921805782e-06
6.1738310332e-06
6.16654964746e-06
6.16687938653e-06
6.16519435335e-06
6.16145151165e-06
6.15561041339e-06
6.15861923588e-06
6.1559523908e-06
6.15455338062e-06
6.15336335386e-06
6.15130783501e-06
6.15041213646e-06
6.15011517427e-06
6.14879496603e-06
6.14796858423e-06
6.14859217634e-06
6.14863199572e-06
6.14942003175e-06
6.15052162367e-06
6.152518722e-06
6.15411524059e-06
6.15788215031e-06
6.16078171536e-06
6.16509122748e-06
6.17008281101e-06
6.1750535961e-06
6.18124755957e-06
6.18799274224e-06
6.19482878126e-06
6.20239091208e-06
6.21136061159e-06
6.21920979443e-06
6.22760963901e-06
6.23628898332e-06
6.24463660439e-06
6.25337723189e-06
6.26231205079e-06
6.27074040088e-06
6.27934525274e-06
6.28636385801e-06
6.29357811061e-06
6.30110295935e-06
6.30696816029e-06
6.31312798696e-06
6.31964297777e-06
6.32455218822e-06
6.32987327099e-06
6.33365163279e-06
6.33791238471e-06
6.34186739458e-06
6.34523613487e-06
6.34721025946e-06
6.35105030312e-06
6.35362159158e-06
6.35464854319e-06
6.35672986586e-06
6.35763941152e-06
6.35938879425e-06
6.36142819258e-06
6.36199058341e-06
6.36149983406e-06
6.36244617285e-06
6.36192338238e-06
6.36194880978e-06
6.36206183574e-06
6.36129161628e-06
6.36065550188e-06
6.36081812129e-06
6.35954786284e-06
6.35749492778e-06
6.3563803328e-06
6.35556373911e-06
6.35407675396e-06
6.35194421786e-06
6.34918715949e-06
6.34681761562e-06
6.34571899613e-06
6.34224101339e-06
6.34012676646e-06
6.33564553545e-06
6.33261349477e-06
6.33015160336e-06
6.32632303405e-06
6.32510202736e-06
6.32059327269e-06
6.31675804406e-06
6.31467708248e-06
6.31031515876e-06
6.30779149857e-06
6.30607677684e-06
6.30323814834e-06
6.30125351862e-06
6.30015194381e-06
6.29800751729e-06
6.29894590669e-06
6.29773087732e-06
6.29966980912e-06
6.30167145169e-06
6.30472425974e-06
6.30788243541e-06
6.31116254418e-06
6.31459397257e-06
6.32042939361e-06
6.32519500025e-06
6.33242376175e-06
6.33891909198e-06
6.34892851292e-06
6.3559492788e-06
6.3655642583e-06
6.37216985581e-06
6.38140111429e-06
6.39093350519e-06
6.40219011239e-06
6.41038332482e-06
6.42031988597e-06
6.42808249002e-06
6.43759446948e-06
6.44638222252e-06
6.45697568317e-06
6.46425564226e-06
6.47168309061e-06
6.47993429052e-06
6.48468612066e-06
6.49218304057e-06
6.49782515498e-06
6.50255993909e-06
6.50635648822e-06
6.50920788378e-06
6.51110367087e-06
6.51496902175e-06
6.51499622425e-06
6.51613624445e-06
6.51339322823e-06
6.51378525127e-06
6.50931655465e-06
6.5071625127e-06
6.50108776681e-06
6.49745493251e-06
6.49315056466e-06
6.48397036886e-06
6.47837032079e-06
6.47124777052e-06
6.46450854578e-06
6.45286818293e-06
6.4450465391e-06
6.43673322665e-06
6.42348970241e-06
6.4142130336e-06
6.40092003325e-06
6.39167499471e-06
6.3774453799e-06
6.36368701428e-06
6.35407787204e-06
6.33989721875e-06
6.32619773533e-06
6.31270657999e-06
6.29950794373e-06
6.28670127602e-06
6.27057162444e-06
6.25887848591e-06
6.24400892034e-06
6.23377346513e-06
6.22050231797e-06
6.20819181277e-06
6.19683000064e-06
6.1864084507e-06
6.17709234918e-06
6.16877883757e-06
6.16146012399e-06
6.15513799827e-06
6.14977790516e-06
6.14143146688e-06
6.13782915844e-06
6.13511468104e-06
6.12924745914e-06
6.12803705397e-06
6.1274612555e-06
6.12364093153e-06
6.1204905294e-06
6.12190216977e-06
6.11989425797e-06
6.12232630118e-06
6.12144721762e-06
6.12107992331e-06
6.12110592044e-06
6.12176732689e-06
6.12275073053e-06
6.12430718317e-06
6.12657414362e-06
6.12861224673e-06
6.12816655694e-06
6.13143250923e-06
6.13526458377e-06
6.13554609741e-06
6.13628863139e-06
6.14152842212e-06
6.1430490865e-06
6.14487345549e-06
6.14786721789e-06
6.14599937584e-06
6.14931233455e-06
6.15270101597e-06
6.15280609915e-06
6.15703402728e-06
6.15688669222e-06
6.15739886748e-06
6.15757724328e-06
6.1591462844e-06
6.16020132461e-06
6.15634360911e-06
6.15789997553e-06
6.1543229401e-06
6.15602554425e-06
6.15327687194e-06
6.15037024369e-06
6.14279690072e-06
6.14022870332e-06
6.13730161319e-06
6.13037461584e-06
6.12745228755e-06
6.12131009469e-06
6.11549655397e-06
6.10998340112e-06
6.10474652469e-06
6.09610383219e-06
6.09312741485e-06
6.09036220452e-06
6.08322023221e-06
6.08259641445e-06
6.07755266971e-06
6.07722779461e-06
6.07421397732e-06
6.07588507036e-06
6.0730502481e-06
6.07576022888e-06
6.07940315178e-06
6.07846514325e-06
6.08213492944e-06
6.08578602213e-06
6.0902856722e-06
6.09471928386e-06
6.09906874596e-06
6.10330404909e-06
6.10828386286e-06
6.1122286927e-06
6.11686826364e-06
6.12041275551e-06
6.129292932e-06
6.13323735958e-06
6.14072826126e-06
6.14408989878e-06
6.15185081719e-06
6.15453617494e-06
6.16159426349e-06
6.16827435389e-06
6.17455450181e-06
6.17953721739e-06
6.18495293483e-06
6.18990461338e-06
6.19437217735e-06
6.19833681717e-06
6.20664685874e-06
6.20956088198e-06
6.21191822109e-06
6.21861247362e-06
6.22474862238e-06
6.22622329041e-06
6.23117130186e-06
6.23053411577e-06
6.235102537e-06
6.23903514023e-06
6.24231946464e-06
6.2449419997e-06
6.24775248775e-06
6.24987664326e-06
6.25216275536e-06
6.25373932303e-06
6.25545367001e-06
6.25815298802e-06
6.26522868802e-06
6.26729263363e-06
6.27458893646e-06
6.2768246607e-06
6.28513667402e-06
6.29351043711e-06
6.30192966421e-06
6.30952199158e-06
6.31797381177e-06
6.3316137902e-06
6.3443799417e-06
6.35709365523e-06
6.36887094568e-06
6.38052493353e-06
6.39644733566e-06
6.41134663997e-06
6.42517551604e-06
6.43872807071e-06
6.45026525089e-06
6.4659688531e-06
6.47960596566e-06
6.49280398981e-06
6.50384012986e-06
6.51350995835e-06
6.527311305e-06
6.53333910304e-06
6.54268065931e-06
6.55061393556e-06
6.55712742271e-06
6.56709984698e-06
6.56916480085e-06
6.57559688732e-06
6.58070031365e-06
6.57701917523e-06
6.57866773467e-06
6.57742928717e-06
6.5808969516e-06
6.57721147696e-06
6.57151869386e-06
6.56990589724e-06
6.56110126164e-06
6.55728108654e-06
6.55161551687e-06
6.53792848026e-06
6.53016649854e-06
6.52061672834e-06
6.51085151944e-06
6.49932931223e-06
6.48761166975e-06
6.46856436076e-06
6.45491500736e-06
6.44109588046e-06
6.42711186653e-06
6.41296771603e-06
6.39867079409e-06
6.39071599883e-06
6.37614387942e-06
6.36143735726e-06
6.35313757233e-06
6.34474432752e-06
6.32969715713e-06
6.32036530714e-06
6.31095790269e-06
6.30733209009e-06
6.29630345991e-06
6.29184610167e-06
6.27996915893e-06
6.27469617045e-06
6.26791375638e-06
6.26037220823e-06
6.25577711171e-06
6.24228675537e-06
6.23847884674e-06
6.23089318917e-06
6.21887970956e-06
6.21656083324e-06
6.20985635062e-06
6.1992968705e-06
6.19114648295e-06
6.17864764643e-06
6.17634332854e-06
6.16242468318e-06
6.15177797723e-06
6.13640586078e-06
6.1311365127e-06
6.1143178732e-06
6.10754351306e-06
6.09641650244e-06
6.07398949729e-06
6.06131370417e-06
6.05141585173e-06
6.0301566752e-06
6.01861199724e-06
6.0027694001e-06
5.98949197144e-06
5.97184937848e-06
5.95681048063e-06
5.9372435197e-06
5.9272186326e-06
5.91265602135e-06
5.90052493655e-06
5.8836742725e-06
5.86913652735e-06
5.86384936448e-06
5.85373600515e-06
5.84573564824e-06
5.83962733156e-06
5.83545477814e-06
5.82615956271e-06
5.82561120893e-06
5.81961041258e-06
5.81520996401e-06
5.81928949519e-06
5.8107176237e-06
5.8106687878e-06
5.81174792616e-06
5.8069513281e-06
5.79641098154e-06
5.79400017179e-06
5.7927208944e-06
5.79253877074e-06
5.78629079765e-06
5.78108316459e-06
5.76976239054e-06
5.76655604218e-06
5.76415900329e-06
5.75573162924e-06
5.74110125551e-06
5.74145148513e-06
5.72857479709e-06
5.71653710247e-06
5.71227695376e-06
5.69470911026e-06
5.6850222753e-06
5.67587893734e-06
5.66047507625e-06
5.64573667053e-06
5.63854711292e-06
5.62504114217e-06
5.61899572762e-06
5.60661053883e-06
5.60159318778e-06
5.5970381093e-06
5.5929201522e-06
5.59652842571e-06
5.59996425836e-06
5.59702237062e-06
5.60109342648e-06
5.61207145896e-06
5.61662972926e-06
5.62799096079e-06
5.63857722596e-06
5.65013947098e-06
5.66078688456e-06
5.67893227022e-06
5.68949907831e-06
5.70642429363e-06
5.72318274236e-06
5.73973868513e-06
5.75606085571e-06
5.77087228294e-06
5.79295567743e-06
5.80701467418e-06
5.82063829364e-06
5.84012232484e-06
5.85907030462e-06
5.87744458826e-06
5.88751162744e-06
5.90461499354e-06
5.92730938035e-06
5.94152856104e-06
5.96267953107e-06
5.97525875944e-06
6.00093707877e-06
6.01949256318e-06
6.04330527152e-06
6.07227971516e-06
6.09405607708e-06
6.12089322669e-06
6.1527027706e-06
6.18332284126e-06
6.22666766616e-06
6.26085886456e-06
6.29977624747e-06
6.33730892108e-06
6.38735491995e-06
6.42800587453e-06
6.46524098177e-06
6.50876348049e-06
6.55665227196e-06
6.60096367743e-06
6.63738420609e-06
6.6840809214e-06
6.72269876441e-06
6.77149338459e-06
6.80418250789e-06
6.8486189286e-06
6.88912997132e-06
6.9272847796e-06
6.96297833917e-06
6.98838546958e-06
7.02519449117e-06
7.05162905753e-06
7.08936079871e-06
7.12430736689e-06
7.14876993543e-06
7.18439984842e-06
7.22355965097e-06
7.259818631e-06
7.2920490027e-06
7.32894458506e-06
7.36941395085e-06
7.40598641168e-06
7.45375426887e-06
7.49117221937e-06
7.53234991485e-06
7.56993990557e-06
7.61213045756e-06
7.65084136319e-06
7.6794515039e-06
7.71936848862e-06
7.74884057097e-06
7.7828398723e-06
7.80687956635e-06
7.83510467855e-06
7.86055454841e-06
7.89021785168e-06
7.91004527733e-06
7.92705763716e-06
7.94834952963e-06
7.96676098362e-06
7.98946298506e-06
8.01649262939e-06
8.04061002921e-06
8.06908160596e-06
8.10195030777e-06
8.12518532252e-06
8.16032806465e-06
8.19264390335e-06
8.21549131147e-06
8.25051363686e-06
8.27626153165e-06
8.29925715807e-06
8.32066610688e-06
8.34703461668e-06
8.3706793746e-06
8.38528767072e-06
8.3909179941e-06
8.40779022041e-06
8.41570998069e-06
8.4207916639e-06
8.43092579676e-06
8.45211384965e-06
8.46439326795e-06
8.48981942525e-06
8.50654156135e-06
8.52855357218e-06
8.54778027032e-06
8.56909137521e-06
8.58527439619e-06
8.59572259298e-06
8.61188707719e-06
8.61166032204e-06
8.61719132529e-06
8.62008622531e-06
8.62025813208e-06
8.62290120798e-06
8.63436691996e-06
8.64305633544e-06
8.66091507131e-06
8.6761498318e-06
8.67869481596e-06
8.6874134815e-06
8.68874654819e-06
8.68368476793e-06
8.67979981865e-06
8.67787840992e-06
8.69949075953e-06
8.70034561815e-06
8.69410489471e-06
0.0224143663067
0.0224142932743
0.02241422517
0.0224140621463
0.253845641809
0.253845270172
0.253844867419
0.253844505009
0.253845022499
0.253844669328
0.253844320764
0.253843976789
0.253844552698
0.25384417778
0.253843847401
0.253843565839
0.253844159657
0.25384384253
0.253843529731
0.253843261258
0.253843872305
0.253843612272
0.253843360711
0.253843068913
0.253842821237
0.25384353297
0.253843293359
0.253843057735
0.253842866113
0.253842682744
0.253843414295
0.253843234423
0.253843058431
0.253842886307
0.253842762394
0.253842597969
0.253842477423
0.253842360709
0.253842207782
0.25384210304
0.253841957767
0.253841816324
0.253841718755
0.253841584984
0.253841459374
0.253841373344
0.253841251138
0.25384021749
0.25384010305
0.253840032557
0.253839925942
0.253839827582
0.253839728864
0.253839674165
0.253839583424
0.253838581388
0.253838538758
0.253838460158
0.253838430016
0.253838359643
0.253838333469
0.253838311482
0.253837378397
0.253837324841
0.253837315614
0.253837315027
0.253837314485
0.253837358384
0.253836451364
0.253836464145
0.253836481452
0.253836547688
0.253835658868
0.253835730077
0.253835806007
0.253835886713
0.253835972252
0.253835151682
0.253835247071
0.253835347485
0.253834537675
0.253834688394
0.253834804322
0.25383496994
0.253834181305
0.253834353544
0.253834531397
0.253833803961
0.253834033389
0.253834228703
0.253833554776
0.253833806628
0.253833105057
0.253833405244
0.25383275653
0.253833034001
0.25383243852
0.253832725033
0.253832107337
0.253832407496
0.253831839293
0.253831238009
0.253831563364
0.253830936091
0.25383035594
0.253829782903
0.2538300966
0.253829537882
0.253828946324
0.253828402041
0.253828744608
0.253828174836
0.253827652429
0.253827097334
0.253826553943
0.253826928973
0.253826396145
0.253825910851
0.253825393045
0.253824887123
0.253825299807
0.253824804819
0.253824317515
0.253823882293
0.253823410477
0.253822946464
0.253823405613
0.253822957328
0.253822561325
0.253822128929
0.253821704535
0.253821328226
0.253821839591
0.253821439442
0.25382108749
0.253820703692
0.253820372481
0.253820045221
0.253819686221
0.253819375598
0.25381907766
0.253819699129
0.253819453751
0.253819181113
0.253818912653
0.253818692756
0.253818481411
0.25381828296
0.253818088798
0.253817903266
0.253817770745
0.253817602545
0.253817443046
0.253816381263
0.25381623923
0.253816105962
0.253815985795
0.253815830076
0.253814807895
0.253814669841
0.253814585003
0.25381446469
0.253814353276
0.253813335454
0.253813246214
0.25381316162
0.253813086009
0.253812184159
0.253812251028
0.253811922256
0.253811087642
0.253811177489
0.253810880434
0.253810988661
0.253810190811
0.253809917208
0.253810057652
0.253810203177
0.253809042436
0.2538092069
0.253809385218
0.253809568799
0.253808446283
0.253808649119
0.253808865931
0.253808172765
0.253808004237
0.253808245748
0.25380850123
0.253807846689
0.253807716721
0.253808001004
0.253807375162
0.253807674145
0.253807986887
0.25380738937
0.253807716541
0.253807141991
0.253807487719
0.253806526953
0.253806895367
0.253806353239
0.253806735524
0.253806215812
0.253806616111
0.253806110014
0.253805212466
0.253805643798
0.253805164298
0.253805608932
0.253805146976
0.253804297704
0.253804768496
0.25380433259
0.253804820647
0.253804406258
0.253803595758
0.253804109471
0.253803716324
0.2538042513
0.253803875039
0.253803106838
0.253803662696
0.253803315861
0.253803888375
0.253803553822
0.253803227528
0.253803428804
0.253803118949
0.253803732628
0.253803443424
0.253803158035
0.253803796108
0.253803531225
0.253803270086
0.253803932342
0.253803691574
0.253803454486
0.25380414073
0.25380392389
0.25380371067
0.253803505371
0.253803312291
0.253803122782
0.253802941146
0.25380276737
0.253803521118
0.253803363028
0.253803212768
0.253803074647
0.253802940029
0.253802813227
0.253802694243
0.253802587397
0.253802484062
0.253801988256
0.253801900613
0.253801825158
0.253802668646
0.253802604692
0.253802548692
0.253802505
0.253802465026
0.253802433131
0.253802413683
0.2538023981
0.253802791053
0.253802796313
0.253802805601
0.253802827599
0.253802853723
0.25380288833
0.253803336069
0.253802472371
0.253802532606
0.253802605736
0.253802683135
0.253801853753
0.253801952636
0.253802055776
0.253801252107
0.253801376672
0.253801505453
0.253800727381
0.253800877499
0.253801031789
0.253800279184
0.253800450416
0.25380063442
0.253799907185
0.253800103766
0.253800313103
0.253800526564
0.25379983309
0.253800468034
0.253800706822
0.25380003869
0.253800298708
0.253800562881
0.253799924475
0.253800205621
0.253799984496
0.253799367293
0.253799674
0.253799078202
0.253799402033
0.253798819077
0.253798244729
0.253798598701
0.253798041629
0.253798408604
0.25379787321
0.253798257591
0.253797735331
0.253798141526
0.25379763681
0.2537971409
0.253797573519
0.253797095297
0.253797541337
0.253797085219
0.253797549096
0.253797110865
0.253796677298
0.253796252739
0.253795841529
0.253796350444
0.253795953061
0.253795569104
0.253795189969
0.253795735382
0.2537953746
0.253795027352
0.253795600419
0.253795267373
0.253794947945
0.253795548919
0.253795648434
0.253795352774
0.253795066539
0.253794794079
0.253794526798
0.253793868804
0.253793620632
0.253794301784
0.253794072891
0.253793858025
0.253794048848
0.253793849248
0.253793663844
0.253793083826
0.253792914053
0.253793674065
0.253793924739
0.253798256074
0.253802197453
0.253806545089
0.253810907444
0.253815280254
0.253819259024
0.253822737481
0.253827141912
0.253831152396
0.25383557803
0.253840014277
0.253844456817
0.25384759865
0.25385206669
0.253856540978
0.253861030121
0.253864214157
0.253868719983
0.253873240579
0.253877371387
0.253880993079
0.253885544855
0.253890106962
0.253894274846
0.253897942117
0.253902535037
0.253906733649
0.253910431554
0.253915055024
0.253919684303
0.253923012385
0.25392766615
0.253932325641
0.253935683854
0.253940367664
0.253944141705
0.253948845406
0.253953158816
0.253956962566
0.253961695892
0.253965523621
0.253969872047
0.253974634737
0.25397849174
0.253982869355
0.253986745721
0.25399154714
0.25399543843
0.253999858843
0.254003773557
0.254008608882
0.254012142396
0.254017000949
0.254020949169
0.254025826496
0.254029397562
0.25403428921
0.254038279015
0.254043193472
0.254046797213
0.254051730023
0.25405575653
0.254059787808
0.25406434771
0.254068401368
0.254073375118
0.254077446702
0.254081127034
0.25408612752
0.254090225739
0.254094332773
0.254099359704
0.254103084117
0.25410721742
0.254112270542
0.254116421231
0.254120180427
0.254125259543
0.254129436175
0.254133621433
0.254137810995
0.254142528769
0.254146739886
0.254150955319
0.254155183709
0.254159420757
0.254163262018
0.254168431877
0.254172695026
0.254176962607
0.25418124327
0.25418553272
0.25418942651
0.254193733573
0.25419804945
0.254202369821
0.254206703304
0.25421064542
0.254214992119
0.254219351854
0.254223720273
0.254228093021
0.254232078541
0.25423647276
0.254240875488
0.254245282367
0.254249301837
0.254253729823
0.254258161827
0.254262606437
0.254265743723
0.254270200489
0.254274669754
0.254279147171
0.254283228262
0.254287721901
0.254291308174
0.254295813626
0.25429993129
0.254304457105
0.254308986608
0.254312612973
0.254316762623
0.254321320375
0.254324966333
0.254329139873
0.254333721497
0.254338306759
0.254341588714
0.254346194195
0.254350803317
0.254354509271
0.254358738508
0.254363371532
0.254367101409
0.254371354599
0.25437509616
0.254379765498
0.254384042746
0.254387808405
0.254392501889
0.254395887889
0.254400593245
0.25440491092
0.25440872141
0.254413451203
0.254416877937
0.254421628453
0.254425467453
0.254429834374
0.254433694261
0.254438073507
0.254441950091
0.254446750527
0.254450239522
0.254455056862
0.254458567152
0.254463397238
0.254467324776
0.254470860844
0.254475716841
0.254479270325
0.254484143838
0.254488115047
0.254491695052
0.25449659526
0.254500193251
0.254505115891
0.254508727833
0.25451275343
0.254517703817
0.254521343758
0.254525397614
0.254529976448
0.254534045305
0.254537728194
0.254542736545
0.25454643505
0.254550548066
0.254554266901
0.254559315901
0.254563059749
0.254567209838
0.254571890175
0.254576065732
0.254579847569
0.254584044508
0.254587852134
0.254592981785
0.254596811038
0.254601046903
0.254604897896
0.254609159862
0.254613943855
0.254618227701
0.254622122461
0.254626423966
0.254630340745
0.254634664315
0.254639518688
0.254643868736
0.254647825543
0.254652197865
0.254656177007
0.25466057172
0.254664577627
0.254668990541
0.254673934507
0.25467837437
0.254682421249
0.254686483842
0.254690953591
0.254695039082
0.254699536103
0.254703640308
0.254708160415
0.254712287772
0.25471683109
0.254720986032
0.254725148345
0.254729726701
0.254733912461
0.254738514315
0.254742727942
0.254747349089
0.254751586371
0.254756231219
0.25476049225
0.254764765189
0.254769445751
0.254773742563
0.254778447032
0.254782767787
0.25478750054
0.25479184099
0.254795282274
0.25480004678
0.254804427646
0.254809220563
0.25481362124
0.254818438292
0.254822863123
0.254827704337
0.254831237838
0.254836103237
0.25484058075
0.254845066059
0.254849967766
0.254853561783
0.254858487714
0.254863025788
0.254867971651
0.254871618469
0.254876588603
0.254881175223
0.254885258461
0.254889865108
0.254894488258
0.254898603761
0.254903251356
0.254908311174
0.254912063484
0.254917147897
0.254921840378
0.254926033978
0.254930755532
0.254934569675
0.254939716037
0.254943555059
0.254948726316
0.254952594543
0.254957386416
0.254961679433
0.254966496092
0.254970813822
0.254975659416
0.254979597411
0.254984867358
0.254988829634
0.254993723787
0.254998114321
0.255002112501
0.255007042339
0.255011464023
0.25501641728
0.255020466604
0.255024923075
0.2550299109
0.255033990262
0.255038485166
0.255043506904
0.255047619963
0.255051748423
0.255056283521
0.255061349492
0.255065510816
0.255070078573
0.255075177006
0.255079366282
0.25508357049
0.255088180864
0.255092406122
0.255097557348
0.255101799094
0.255106055452
0.255110717654
0.25511499443
0.255120192554
0.255124489503
0.255128796445
0.255133508918
0.255137835666
0.255142167918
0.255147429777
0.255151781478
0.255156147125
0.25516092225
0.255165302686
0.255169696894
0.255174096202
0.255178509171
0.255182927127
0.255188274184
0.255193110464
0.255197560296
0.255202019212
0.255206482852
0.255210959784
0.255215441341
0.255219936094
0.255224435378
0.255228947765
0.255233464596
0.255237994445
0.255242528656
0.255247475689
0.255252031437
0.255256591444
0.255261164293
0.255265741344
0.25527033119
0.255274925194
0.255279531959
0.255284142858
0.255287850943
0.255292478714
0.255297119232
0.255301763892
0.255306421324
0.25531108293
0.255315757349
0.255320435992
0.255325127499
0.255329827593
0.255333616428
0.25533833377
0.255343055461
0.255347790131
0.255352129317
0.255356881351
0.255361637755
0.255365491565
0.255370265282
0.255375051931
0.255379842869
0.255384646678
0.255388539143
0.255393359978
0.255398184965
0.255403022683
0.255407864482
0.25541140353
0.255416262008
0.255421133087
0.255426008125
0.255429980138
0.255434871636
0.255439775638
0.255444683515
0.255448683983
0.255453212648
0.255458144985
0.255463089762
0.255467122783
0.255472083808
0.255477048647
0.255481110335
0.255485691585
0.255490685093
0.255494766844
0.255499776612
0.255504790213
0.25550890069
0.255513530775
0.255518573159
0.255522703836
0.255527758289
0.255532825256
0.25553698056
0.255542063991
0.255546751558
0.255550935938
0.25555603989
0.255560240878
0.255565361477
0.255570494738
0.255574316672
0.255579466709
0.255583705276
0.255588867874
0.255593127663
0.255598307227
0.255602184224
0.255607380856
0.255611674781
0.255616888589
0.255621199745
0.255626430841
0.255630359539
0.255635608044
0.255639954015
0.255644304465
0.255649579322
0.255653551946
0.255658844546
0.255663234789
0.255667629696
0.255672953511
0.255676966689
0.255681393076
0.255686739908
0.255691184664
0.255695234589
0.255699697948
0.255705081992
0.255709559911
0.255713651882
0.255718148958
0.255723575629
0.255728092175
0.25573222309
0.255736759426
0.255741310078
0.255746382313
0.255750953197
0.255755529985
0.255759717245
0.255764318903
0.255768926594
0.255774064766
0.255778693204
0.255782936557
0.255787585786
0.255792249716
0.255796519951
0.255801200351
0.255805495647
0.255810196778
0.25581491256
0.255819234588
0.255823971018
0.25582922927
0.255833981987
0.255838349508
0.255843122762
0.255847510797
0.255852304538
0.255856713039
0.255861527222
0.255865951839
0.255870790723
0.255875235718
0.255880094958
0.255884560289
0.255889439843
0.255893009861
0.255897905382
0.255902415561
0.255907331307
0.25591186169
0.255916397853
0.255921343847
0.255925904443
0.255930870536
0.255935451204
0.255940037582
0.255945033714
0.255949644376
0.255953744841
0.255958375413
0.255963011611
0.25596805747
0.255972717771
0.255977383639
0.255982459104
0.255986233337
0.255990928685
0.255996037867
0.256000752757
0.256005477384
0.256010216028
0.256014444179
0.256019197868
0.256023965498
0.256029138177
0.256033925007
0.256037801478
0.256042603106
0.256047818286
0.256052638915
0.256057469012
0.256061397233
0.256066246196
0.256071504292
0.256076376344
0.256080337839
0.256085224311
0.256090124431
0.256095429309
0.256099432469
0.256104356281
0.256109289427
0.256113320588
0.256118672144
0.256123633341
0.256128608224
0.256132672578
0.256137661985
0.256142665143
0.256146757838
0.256151775652
0.256157202686
0.256161328196
0.256166374556
0.256171430438
0.256175584503
0.256180659391
0.256185743748
0.256189926213
0.256195029407
0.256200141957
0.256204752186
0.256209883299
0.256215023617
0.256219261751
0.256224420314
0.256229587918
0.256233848874
0.256239038702
0.256243317477
0.256248520724
0.256253737062
0.256258042202
0.256263271681
0.25626759418
0.25627284524
0.25627810058
0.256282448827
0.256287725529
0.256292490462
0.256297779795
0.256302161911
0.256307472365
0.256311871248
0.256317194118
0.256321613973
0.256326953471
0.256331385611
0.256336741658
0.25634119461
0.256346567135
0.256351032233
0.256356425476
0.256360906964
0.256366312272
0.256370810103
0.256376236034
0.256380750167
0.256385272439
0.256390722789
0.256395261319
0.25639980797
0.256405278383
0.256409845565
0.256414416558
0.256419911305
0.256424502818
0.256429098141
0.256434217539
0.256438829087
0.256443453054
0.256448996488
0.256453632405
0.256458280759
0.256462932956
0.256467593307
0.25647317747
0.256477858465
0.256482143674
0.256486836772
0.256492453745
0.256497167622
0.256501885474
0.256506611627
0.256510946433
0.256515693581
0.25652136048
0.256526120174
0.256530492983
0.256535269707
0.256540055026
0.256544848998
0.256549256313
0.256554067788
0.256558888118
0.256564633023
0.256569075908
0.25657392324
0.256578779718
0.256583245736
0.256588120703
0.256593009301
0.25659750331
0.256602406414
0.256607318976
0.256611845649
0.256616777197
0.25662171826
0.256626269176
0.256631233586
0.256635803552
0.256640782709
0.256645371714
0.256650369898
0.256655381887
0.256659999409
0.256665026094
0.256669662603
0.256674708265
0.256679368048
0.256684432682
0.256689107139
0.256694190746
0.256698888481
0.256703991073
0.256708703503
0.256713825099
0.256718556545
0.25672369717
0.256728451959
0.256733611641
0.256738381206
0.256742244666
0.256747432997
0.256752235535
0.256757443007
0.256762260405
0.256767087397
0.256772323642
0.256777169839
0.256782429604
0.256787295037
0.25679125444
0.256796538787
0.256801433119
0.256806337096
0.256811654668
0.256816577942
0.256821510869
0.2568268531
0.256830889677
0.256835851571
0.256840823121
0.25684620827
0.256851199127
0.256856199634
0.256861209787
0.256865713563
0.256870742993
0.256875782054
0.256880835037
0.256886292982
0.25689044523
0.256895522744
0.256900609851
0.256906106184
0.256911212453
0.256916328292
0.256920538026
0.256925677277
0.256931221417
0.256936375461
0.256941539044
0.256945796499
0.256950979158
0.256956171358
0.256961772739
0.256966984039
0.256971293533
0.256976523977
0.256981764017
0.256987013671
0.256991357292
0.25699702587
0.25700230449
0.257007592805
0.257011975162
0.257017282906
0.257022600374
0.257027927562
0.257032353085
0.257037699668
0.257043455538
0.257048821395
0.257053281155
0.257058666099
0.257064060498
0.257068548617
0.257073961723
0.257079384073
0.257083899921
0.257089340528
0.257095189775
0.257099736951
0.257105204351
0.257110680523
0.257115249721
0.257120743204
0.257126245227
0.257130840044
0.257136358917
0.257140970436
0.257146505863
0.257151133788
0.257156685477
0.257162245188
0.25716690148
0.257172477027
0.25717714472
0.257182735823
0.257187418936
0.257193025323
0.257197723583
0.257203344982
0.257208058122
0.257212778602
0.257218422021
0.257223156984
0.257228814755
0.25723356394
0.257239235802
0.257243599307
0.257248373638
0.25725406616
0.257258849781
0.257264555763
0.257269352719
0.257274156253
0.257279482313
0.257284298815
0.257289121715
0.257294866612
