metodo_2_dt_1:24
5.24808470314e-07
0.00534620070243
0.00534780034045
0.005348317759
0.00534995360595
0.00535261889953
0.00535420576428
0.00535642716999
0.00535734050859
0.00535891604605
0.00536088833296
0.00536137984975
0.00536249543608
0.00536304592862
0.00536334961007
0.00536447749207
0.00536525304036
0.00536605320325
0.00536694210755
0.00536866862449
0.00536948192826
0.00537130199455
0.00537378860559
0.00537511617894
0.00537715481082
0.00537848266834
0.00538041568227
0.00538090967823
0.00538204404825
0.00538250005632
0.00538366805863
0.00538337206226
0.00538398947373
0.00538562562098
0.00538594700797
0.00538774843866
0.00538929175203
0.0053915052099
0.00539262699396
0.00539455001972
0.00539719783187
0.00539809895563
0.00539958591775
0.00540020249493
0.00540184531374
0.00540275903607
0.00540297004333
0.00540301568328
0.00540397050105
0.00540495261052
0.00540558974693
0.00540731834673
0.00540911511041
0.00541046872356
0.00541277113537
0.00541490873737
0.00541626144392
0.00541870268452
0.00541973686358
0.00542090042772
0.00542114705311
0.00542149415577
0.00542212966788
0.00542309004893
0.00542401046358
0.00542834406214
0.00542776291843
0.00542733988782
0.00542699911146
0.00542611790664
0.00543514708476
0.00543338683049
0.00543137964247
0.00543899667571
0.00543619783367
0.00544233993938
0.00543813440027
0.00544359223005
0.00543820637541
0.00544261083698
0.00544695315509
0.00544071405379
0.00544456375827
0.00544782550795
0.00545185235951
0.00545524094202
0.00544863773601
0.00545108566603
0.00545325292678
0.00545505474353
0.0054557504806
0.00545603340643
0.00546590193042
0.00546472039236
0.00546332188828
0.0054617943839
0.00546021596397
0.00546786658602
0.00546562299362
0.00546276096896
0.00546996382088
0.00546722982346
0.00547438723071
0.00547061189028
0.0054765178644
0.00548208804193
0.00547642710376
0.00548033346382
0.00548304555284
0.00548628096461
0.00547848195031
0.0054796269609
0.00548160766808
0.00548277025532
0.00548315492998
0.00548453104507
0.00548513451881
0.00549483731893
0.00549543310513
0.00549494155541
0.00549414212154
0.00550201512729
0.00549957845625
0.00549672016344
0.00550343333928
0.00549893541186
0.00550419276275
0.00550835918586
0.00550251446486
0.00550666186016
0.00551091105491
0.00550438257189
0.00550791608692
0.00551048049658
0.00551394578742
0.00551626733733
0.0055173107963
0.00551898448275
0.00551923956767
0.00551805157018
0.00551755514275
0.00552567211164
0.0055225276489
0.00552033278381
0.00552697819354
0.00552375799946
0.00552951237104
0.0055254278176
0.00553138588173
0.00552747920314
0.00553234538863
0.00553702836516
0.00554029369571
0.00554320523243
0.00553581784818
0.00553795868944
0.00553856963404
0.00553888841471
0.0055489631247
0.00554780064731
0.00554662616488
0.00554548186787
0.00554328698083
0.00555118089531
0.00554923531598
0.00555607105447
0.00555288802684
0.00555948450981
0.00555467667403
0.00555939310858
0.00556372190723
0.00555775487754
0.0055601095773
0.00556219662345
0.00556277352117
0.00556323703765
0.00556370375336
0.00556424389682
0.00556359734261
0.00557300093154
0.00557262241433
0.00557098588104
0.00557922513528
0.00557733272478
0.00558376422549
0.00557994131176
0.00558564024792
0.00557969428173
0.00558330440155
0.00558659783598
0.00558839203185
0.00558014324644
0.00558176356839
0.00558345284433
0.00558391590069
0.00559442002503
0.00559375329574
0.00559446318393
0.00559235541225
0.00560137709734
0.00559879578536
0.00559587056172
0.00560240726146
0.0056071724736
0.00560168163589
0.00560579610031
0.00560824361428
0.00561059390623
0.00560303909857
0.00560548789223
0.00560653899343
0.00560626022128
0.00561748536483
0.00561737823747
0.00561719144252
0.005615309506
0.00562452174764
0.00562203588246
0.00562750550861
0.00562268025867
0.00562739685905
0.00562195284048
0.00562466463222
0.00562726104355
0.00562983992304
0.00563091783616
0.00563216957368
0.0056335452129
0.00563503145551
0.00563496248783
0.0056348304398
0.00564281828564
0.00564064046929
0.00563808519097
0.00564500308702
0.00564994775239
0.00564468313106
0.0056473590982
0.00565146288225
0.00564398422672
0.00564473010569
0.00564719434286
0.00564809987921
0.00564749774418
0.00565856715264
0.00565814000857
0.00565592369217
0.00566506615775
0.00566238073312
0.00565935611278
0.00566409635308
0.00567012942135
0.0056642791886
0.00566627777579
0.00566808303795
0.00566978034596
0.00567148058626
0.00567150723377
0.00567169611988
0.00567201703547
0.00567065920127
0.00567920196705
0.005677822917
0.00568611594813
0.00568249266182
0.00568652802778
0.00568213884673
0.0056854524666
0.00568837420499
0.00569103940556
0.00569166414831
0.0056922296495
0.00569097441835
0.00569161681451
0.005690526631
0.00569760815202
0.00569680161493
0.00569419275316
0.0057013104521
0.00570634683694
0.00570129729026
0.00570571188334
0.00570781968112
0.005711452449
0.00571093185964
0.00571206671466
0.00571111869722
0.00571003436475
0.00570896577848
0.00571587933581
0.00571313703083
0.00572031753223
0.00571586141198
0.00572123086892
0.00571674861949
0.00572186294424
0.00572469357734
0.00572718931508
0.00572729517535
0.00572705544828
0.00572645799014
0.005735363013
0.00573230203996
0.0057291742687
0.0057358286611
0.00573077555269
0.00573560527003
0.00574062621488
0.0057339446044
0.00573704910982
0.00574005207272
0.0057428954896
0.00574336949207
0.00575329552601
0.00575092842603
0.00574818212332
0.00575491069833
0.00575159010308
0.00575578490146
0.0057500814599
0.00575418318824
0.00575626891321
0.00575851586861
0.00576086463267
0.00576333742238
0.00576370930649
0.00576402669211
0.00576197309488
0.0057693733279
0.00576664698938
0.0057733249224
0.00576768480842
0.0057714552176
0.00577495333475
0.00577611263522
0.00577720163735
0.00577829306728
0.00577726341085
0.00577858328697
0.00577565271885
0.00578478000524
0.00578197391282
0.00578877096533
0.0057856718207
0.0057897883828
0.0057935172995
0.00579684795954
0.00578780081847
0.00578817542651
0.00579805553437
0.00579571789318
0.00579326972234
0.00579088054352
0.00579831634861
0.00579389773783
0.00579930169453
0.00580250727883
0.00580807357127
0.00581123794712
0.00580211906045
0.00581446682143
0.00581439372768
0.00581162017982
0.00581080924086
0.00581698919631
0.00581322341143
0.00581665580831
0.0058126555408
0.00581601346281
0.00581706949531
0.00581829290188
0.00581966857118
0.00582112859298
0.00582260193126
0.00583127898589
0.00582764719995
0.00582612048192
0.00583149504787
0.00583646907489
0.00582894905833
0.00583324711715
0.00583484604253
0.00583381194163
0.00583513538505
0.00583408097129
0.00584033344778
0.00583948959922
0.0058459873778
0.00584292407906
0.00584708278698
0.00585114514603
0.00584527643346
0.0058487727424
0.00584943895767
0.00584968759149
0.00585924376656
0.00585625983802
0.00585301314285
0.00585930444456
0.00585332242233
0.00585698306067
0.00586076990835
0.0058646993302
0.00586624292276
0.00586785596685
0.00586944954244
0.00586838530636
0.00586713803137
0.00587519296787
0.00587065123024
0.00587534615489
0.00587968233962
0.00587405434107
0.00587520722781
0.00587615956764
0.00587445590787
0.00588502880374
0.00588345740595
0.00587937090412
0.00588768088773
0.00588386048658
0.00588965221516
0.00589266806605
0.00589545556567
0.00588828356748
0.00590003124965
0.00589908012988
0.00589770531208
0.00589603653443
0.00590103387102
0.00589626224608
0.00590102444851
0.00590309452339
0.00590527032708
0.0058980047425
0.00590046977396
0.00590990212446
0.00590972204166
0.00590942247662
0.00591580276976
0.00591220824479
0.00591782938894
0.00592030890618
0.00591280509921
0.00591459481567
0.00591612068941
0.00592428080594
0.00592279827269
0.00592135277742
0.00592679052248
0.00592276166354
0.00592847925402
0.00593147483071
0.00592488437121
0.00592773131825
0.00593033112463
0.00593939851402
0.00593850191941
0.00593435507223
0.00594223513552
0.00593736037786
0.00594182157677
0.00594329443705
0.00594464931343
0.00594603143843
0.00594751528528
0.00594630605857
0.00594522040273
0.00595086489784
0.00594981788568
0.00595533296472
0.00595103684221
0.00595305532006
0.00595468717711
0.00595592127361
0.00595679001425
0.00596394516193
0.00596127846545
0.00595552855659
0.00596219868725
0.00596596628879
0.00596027722853
0.00596130014586
0.00596247892935
0.00596373228145
0.00597449862657
0.00597259981018
0.00597045102468
0.00597752419659
0.00598123546256
0.00597497249978
0.00597785705271
0.00598042761281
0.00597973459242
0.00597891099148
0.00598446586691
0.00598357164424
0.00598930104164
0.00598259834054
0.00598857152534
0.00599155514888
0.00599453274385
0.00599432156992
0.00599385691283
0.00599299338707
0.00600129101314
0.00599659301713
0.00600105857343
0.00600514611936
0.00599945311074
0.00600004786971
0.0060006005661
0.00600755456428
0.00600509842254
0.00600275481067
0.00601005364041
0.00600795931944
0.00601214811291
0.00601306576115
0.00601685900183
0.00601717814829
0.00601709734064
0.00602607357506
0.00602199893935
0.00601765183748
0.00602252169539
0.00602402293951
0.00602546384143
0.00602693135774
0.00602853962901
0.00602707433875
0.00602568613758
0.00603385949755
0.00602932805589
0.00603410756472
0.00603861501355
0.00603951955228
0.00604325086068
0.00604339374528
0.00603987780367
0.00604872273911
0.00604461621976
0.00604655039396
0.00604224797039
0.00604414056451
0.00604613281859
0.00604498465917
0.0060472483796
0.00605573557099
0.00605143653008
0.00605966987655
0.00605493152702
0.00605928857702
0.00605992936916
0.00606012812289
0.00605994479017
0.0060594502605
0.00606481858619
0.00606056045747
0.0060656766614
0.0060708328664
0.00606333965338
0.00606537949457
0.00606417667009
0.00607578378328
0.00607459819057
0.00607325505815
0.00607763352547
0.00608166847936
0.00607586246323
0.00607909000031
0.00607853385273
0.00608700428888
0.00608583893424
0.00608114084347
0.00608575752441
0.00609040607797
0.00608232625111
0.00608718881719
0.00608877439011
0.0060869399354
0.00609784776493
0.00609578063344
0.00610280159788
0.00609665866225
0.00609945295872
0.00610180362336
0.00610378530807
0.00610197526103
0.0060999076643
0.00610702669321
0.00610471151525
0.00610835177929
0.00611208057386
0.00610304541598
0.00610696438328
0.00611682052119
0.00611722351531
0.00611396048393
0.00611970054939
0.00611572791898
0.00612072562138
0.00612177793345
0.00612239968187
0.00612266442214
0.00611915718472
0.00612485766151
0.00612113045059
0.0061267429368
0.00612891134697
0.00613119242591
0.00613360450619
0.00613243334047
0.00613475224157
0.00613907817182
0.0061373590011
0.00614098590401
0.00614417644548
0.00613759629898
0.00614570567281
0.00614775133033
0.00614229869355
0.00614029023267
0.0061439294115
0.00614760186586
0.00615137930457
0.00614228520099
0.00615554510002
0.00615591772234
0.00615252374869
0.00615823904483
0.00615434336798
0.0061593449671
0.00616394327442
0.00616445873722
0.00616453562035
0.00616057332429
0.00616568165046
0.00616132349956
0.00616621586323
0.00617107683503
0.00617236618846
0.00617376614426
0.00617155114479
0.00617303375257
0.00617999546402
0.00617374375764
0.00618020275871
0.00618253133276
0.00618438155562
0.00618209744021
0.00618315394774
0.00618012023999
0.00618607515607
0.0061881066687
0.00618081030767
0.00618281479085
0.00618489225209
0.00618330432208
0.00619104206511
0.0061895489711
0.00619342464005
0.00620085504002
0.00619489392636
0.00619402876849
0.00620576393286
0.00620398118495
0.00619799151979
0.00620468581997
0.00619809194315
0.00620055197511
0.00620294474865
0.00620152180158
0.00620941981868
0.00620819581205
0.006207046429
0.0062112251618
0.00621531561047
0.00621920733454
0.0062188979224
0.00621814072526
0.00621694385893
0.00622452897416
0.00621865522313
0.00622158638609
0.00622426097236
0.00622285708339
0.0062214089998
0.00621999532115
0.006227831775
0.00622264070898
0.00622673748605
0.0062308501233
0.00623480167678
0.0062346063827
0.00623405202452
0.00623836667043
0.00623697968578
0.00624035318239
0.00624333056146
0.00624198681125
0.00624040195344
0.00623864770488
0.00624596665011
0.00624413524153
0.00624760990977
0.00625115929906
0.00625079778864
0.00625037333499
0.00625384103525
0.0062490964884
0.00625715158933
0.0062607461515
0.00625474861514
0.00625747916379
0.00626490931149
0.00626283602328
0.00626047096873
0.00626307434335
0.00626051250823
0.00626305375136
0.00626161155257
0.00626432073941
0.0062630459301
0.00627088177478
0.00626536079553
0.00626873833693
0.00627174456371
0.00626519827817
0.00626326543971
0.00627403671866
0.00627118666156
0.00626392868323
0.00626551012962
0.0062668968539
0.00626822531596
0.00626954355567
0.00626687500406
0.00626425837762
0.00625756278117
0.00626405657584
0.00626632712975
0.00626829778558
0.00626577612395
0.00626279776891
0.00625936438551
0.00625548754456
0.00625612404388
0.00625637252702
0.00624725003681
0.00624705310188
0.00625176097087
0.00624735307342
0.00624296102206
0.00624361768836
0.00623523710316
0.00623586690077
0.00623631195684
0.0062323108453
0.00623700709727
0.00623220660073
0.00622689247909
0.00622598980111
0.00622466659569
0.00621877142162
0.0062167924555
0.00621041922958
0.00621302396213
0.00620238049852
0.00620506005227
0.0062035787179
0.00619788247727
0.00619634978768
0.00619045591212
0.00619328048602
0.00618242395949
0.00618438830037
0.00618163753658
0.00617843052065
0.00617050745063
0.00616218572896
0.00616264963645
0.00615385792566
0.00614978906303
0.00614997330274
0.00614165048817
0.00613764337825
0.0061294306172
0.00613014524543
0.00612157345572
0.0061175064782
0.00611731523158
0.00611236819954
0.00610260030404
0.00610566061022
0.00609494803241
0.00609291097922
0.00608626248244
0.00607941066232
0.00607246349824
0.00606550163324
0.00605857176638
0.00605639675298
0.00605421047553
0.00603860659409
0.00603611568611
0.00602898365481
0.00603041020931
0.00601803702927
0.00601416884207
0.00600978561077
0.00599590453502
0.0059863080931
0.00598974347374
0.00597968109622
0.00597415288104
0.00596389401625
0.00595833252817
0.00594849268161
0.00594294405022
0.00593292959581
0.00593168216539
0.00592106326351
0.00591470788806
0.00590778320165
0.00590032500564
0.00589233393238
0.00587952616525
0.00587535620086
0.00586177727876
0.00585697691089
0.00584774499653
0.00583846934812
0.00583818327292
0.00582452330657
0.0058107905411
0.00580594129492
0.00580084199438
0.00579098417153
0.00578061362612
0.00577872382925
0.00576729484102
0.00575994381681
0.00574308778525
0.00573476695785
0.00573079341746
0.00572192400847
0.00570415942784
0.00569967554654
0.00569521648873
0.00567736505824
0.00566403943158
0.00566389750987
0.00565010791783
0.00564487046297
0.00563017220624
0.0056239113304
0.00561263682933
0.00560081750735
0.00558850161547
0.00558031744665
0.00557178526273
0.00555398489751
0.00554503138546
0.00553163799592
0.00552718304056
0.00551364200592
0.00550901233008
0.00549083168691
0.00548131225667
0.005471307635
0.00545640202586
0.00544991845148
0.00543384892487
0.00542611885873
0.00541350282397
0.00540039971082
0.00538694610238
0.00537318073599
0.00536384562572
0.00535443540304
0.00533591698692
0.0053263505698
0.00531227679253
0.00530691144651
0.00529219920416
0.00528167100767
0.00527058985181
0.00525882098992
0.00524641885921
0.00522906760205
0.00521544311925
0.00520168920399
0.00519179587671
0.00517728132205
0.00516690799968
0.00514770562895
0.00513271915283
0.00512228364148
0.00511168262923
0.00510078482049
0.00508513712277
0.00507329906771
0.00505647841267
0.00504375990574
0.00503465300466
0.00501151578548
0.00499678394889
0.00498623855739
0.00497057350685
0.00495923103341
0.00493863243456
0.00492258847614
0.00491070749063
0.00489434552256
0.00488676210585
0.00486556914323
0.00485290447764
0.00483972548845
0.00482580026419
0.00481117345579
0.00480061156482
0.0047803563202
0.00476418622061
0.00475166030818
0.00473443283057
0.00471685213546
0.00469897940456
0.00468568237365
0.00467217698397
0.00464939195349
0.00463542813384
0.0046258790802
0.0046067535536
0.00459605050518
0.00457139127604
0.00455919852146
0.00454203296254
0.00451991249527
0.00451037931279
0.00448701500015
0.00447213163738
0.00445684275952
0.00443708231985
0.00441710088941
0.00440592566278
0.00438534462061
0.00436943069004
0.00435714341948
0.00433610480525
0.00431842130919
0.00430904579686
0.00429472797356
0.0042664751644
0.00425052977911
0.00422980924482
0.00421752770181
0.00419552838535
0.00418218017231
0.00416443214808
0.00414632419642
0.00412793065985
0.00410921117755
0.00409515381844
0.00407145613541
0.00405621400146
0.00403630727319
0.00401548661375
0.00400293071701
0.00398030556392
0.0039620770718
0.0039469063237
0.00392711257612
0.00390280865652
0.00389096053148
0.00386568633133
0.0038491461186
0.00382847648545
0.00381113344077
0.00378946411892
0.003776366638
0.00374955044894
0.00373478510596
0.00371538437612
0.00369498201853
0.003679054828
0.00365666606581
0.00363893253207
0.00362043095173
0.00359750378078
0.00357757229036
0.00355353160004
0.00353470406893
0.00351892918175
0.00349908942809
0.00347861351942
0.00345732771465
0.00344453951779
0.00341787033375
0.00339954691536
0.00338010959482
0.00335611264886
0.00333104603389
0.00331436433266
0.00329674461346
0.00327836486409
0.0032559334715
0.00323273794803
0.00320904166493
0.00319089556706
0.00317205078883
0.00315255643872
0.00313202883712
0.00310746697915
0.00309425642551
0.00306715076505
0.00304534080726
0.0030254531807
0.00300121355682
0.00298531311164
0.00295899439361
0.00293832657537
0.00291672107111
0.0028944183646
0.00288085010568
0.00285438499318
0.00283650958237
0.00281766742348
0.00279783896949
0.00277673429039
0.0027517524337
0.00273494700943
0.00271423206947
0.00268496682231
0.00267125271143
0.0026465312041
0.00261845795855
0.0026011493219
0.0025805819013
0.0025590919752
0.00253663461145
0.00252093372523
0.0024943702726
0.00247647673199
0.00245727555022
0.00243457448373
0.00241049309225
0.00239469257306
0.00237707713033
0.00234652662495
0.00233404966175
0.00231037202295
0.00228531945986
0.00226733538274
0.00224944266439
0.00222786078208
0.00220634168455
0.0021837763792
0.00216859885084
0.00214219925197
0.00212292254069
0.00210316573519
0.00209040020038
0.00206603063981
0.0020497166318
0.00203086817076
0.00201058275822
0.00198862884786
0.00196506359812
0.00194962657145
0.00193283679536
0.00191493866002
0.0018953417593
0.00187440227614
0.00186191889167
0.00183805290793
0.00182266281066
0.00181415304836
0.00179468742419
0.00177343805646
0.0017596540727
0.00174475777863
0.00172825141193
0.00170991723238
0.00168981650933
0.00167767087699
0.00166538234698
0.00165178194011
0.00163621839076
0.00162155061892
0.00161170183318
0.00160221390884
0.00159368143087
0.00157971287664
0.00156676575231
0.00156008935262
0.00154259466327
0.00153162156112
0.00152224183089
0.00151948290982
0.00150622567547
0.00150420325257
0.00149564199545
0.00149000135123
0.00148246422738
0.00147789163896
0.00147402267742
0.00147288691838
0.00146959962283
0.00146906743969
0.00146081067856
0.00146316221378
0.00146309566693
0.0014669447873
0.00146241402808
0.00146236743067
0.0014673011091
0.00146356338348
0.00147153171006
0.00148352192648
0.00148750642881
0.00148934318118
0.00150184911167
0.00150421107169
0.00151199607293
0.00152517852596
0.00153246497522
0.00154553418919
0.00155192426626
0.00156492394173
0.00157183134957
0.00158491139858
0.00160036624036
0.0016138527088
0.00163369724203
0.00164315150454
0.00166234313116
0.00167656254953
0.00169991585014
0.00171214523746
0.0017305227376
0.00174917564552
0.00176320140293
0.00178634759656
0.00180736704009
0.00182643901002
0.00184557806802
0.0018703630285
0.00188576169855
0.00190862859962
0.00193907950684
0.00195907899512
0.00198552797926
0.0020108515303
0.00203350386886
0.00205414712232
0.00208237267459
0.00210770555774
0.00213145691187
0.00215347500107
0.00218291686264
0.00221045563128
0.00223677697421
0.00226116868935
0.00229321550113
0.00232388860421
0.0023521551432
0.00237950441322
0.00240384418866
0.00243598646551
0.00246571009978
0.00249248526849
0.00252782170501
0.0025504572971
0.00258078064221
0.00260936621695
0.00264467511863
0.00267012515235
0.00270241523294
0.00273323258161
0.00277212533268
0.00279818880971
0.00283399827362
0.00286628006095
0.00289695135923
0.00293496731342
0.00296923061996
0.00300362542542
0.00303404780525
0.00306265098785
0.00309907496705
0.00313191856839
0.00316546411191
0.00319551952936
0.00323370285851
0.00327039096632
0.00330347697454
0.00333538243557
0.00337760995544
0.00340627306765
0.00344012695674
0.00348434710624
0.00351440890029
0.00355223091308
0.00358856558639
0.00362315231963
0.00365332384084
0.00369464964283
0.00373152932687
0.00376746012942
0.00379919842232
0.00384216368699
0.00387153320685
0.00390895205872
0.00395450373221
0.00398916863963
0.00402845558751
0.00406607244604
0.00410541022094
0.00413645750881
0.00417852421037
0.004215758692
0.00425530094507
0.00429006521785
0.00432963900002
0.00437161214322
0.00440907346277
0.00444909214121
0.00448451941178
0.00452436088195
0.00456672255762
0.00460411641366
0.00463991347136
0.00468349710159
0.00472552562965
0.00476608418278
0.00480167659325
0.00484492813614
0.00488715092084
0.00491522972131
0.00496449508589
0.00499995915568
0.00504358678477
0.00508629398142
0.00512818977167
0.00516500372879
0.00520990173623
0.00524429379128
0.00528654127593
0.00533640739467
0.00537186029002
0.00541495285662
0.00545687534163
0.00549743237393
0.00553713999897
0.00558084150902
0.00562366081061
0.00566563045567
0.00570679581765
0.00575204402031
0.00578741779864
0.00583091969307
0.00588231793831
0.00592341614038
0.00596820921564
0.00600269882934
0.00605386156933
0.00609463320723
0.00613422336028
0.00617760476364
0.00621998772274
0.00626133548455
0.00631097735758
0.00634673117533
0.00639505041404
0.00643817756748
0.00648940425296
0.00652666965137
0.00657613662048
0.00662014688005
0.00666291409668
0.0067133335541
0.00674925907193
0.00679716815522
0.00683974466998
0.00689016756905
0.00692633226246
0.00697509020303
0.00701872119935
0.0070616572585
0.00711294974752
0.00715452884244
0.00719994834993
0.00724432609626
0.00729673553134
0.00733923934783
0.0073894257011
0.00743394334323
0.00747722853183
0.00752834378235
0.00756943074491
0.00761408501593
0.00766232858211
0.00770539534784
0.00775215459856
0.00780277581093
0.00784840427893
0.00789770771355
0.00794194693474
0.00798958070502
0.00804090078057
0.00808666680698
0.00813130103451
0.00818373091829
0.00822606952547
0.00827155325011
0.0083161480151
0.00836868157868
0.00841163062207
0.00846270823135
0.00850860927839
0.00855390765674
0.00860747609219
0.00866054809724
0.00870834952223
0.00875980282705
0.00880592761633
0.00885529653846
0.00889935848909
0.0089465997785
0.00899260001621
0.00904648830526
0.00909928215252
0.00914256969234
0.00918929393028
0.0092441899526
0.00928975232614
0.00933907242692
0.00939230406312
0.00944048206538
0.00948788265152
0.00954347064345
0.00959355328821
0.00964264413376
0.00969070632897
0.00973780754408
0.00979248401394
0.00984162846906
0.00988971836062
0.00993715235961
0.0099927030982
0.0100476209226
0.0100973763002
0.0101467463223
0.0101955077502
0.0102479766771
0.0102956559963
0.0103466135662
0.010405669391
0.0104550003249
0.0105075478746
0.0105588994228
0.0106139665884
0.0106586765601
0.0107072651545
0.0107591911133
0.0108104721141
0.0108612067031
0.0109202248126
0.0109700020707
0.0110234856711
0.0110764710462
0.0111287554318
0.0111845600676
0.011235425508
0.0112894745503
0.0113426517379
0.0113900511829
0.0114498381729
0.0114953456058
0.0115488029409
0.0116015400105
0.0116577892163
0.0117093722228
0.011764586569
0.0118194988942
0.0118691911308
0.0119231329328
0.0119804926823
0.0120372699883
0.0120932907289
0.0121437516374
0.0121979823083
0.0122552022993
0.0123069080883
0.0123622538379
0.0124122434105
0.0124661723164
0.0125236343553
0.012575979133
0.0126325272941
0.0126840975938
0.0127438916689
0.0127945503136
0.0128487857515
0.0129070134654
0.0129685467439
0.0130204517929
0.0130755269953
0.0131343950658
0.0131875237422
0.0132398524889
0.0133001011798
0.0133463783711
0.0134008620646
0.0134637605934
0.0135173521773
0.0135793448248
0.0136276215843
0.0136840717905
0.0137400853338
0.0138042597515
0.0138542482277
0.0139121557138
0.0139692217852
0.0140339936591
0.0140890802552
0.0141475567159
0.0141964640971
0.0142535302563
0.0143142249681
0.0143703411925
0.0144302188189
0.0144897944827
0.0145442435076
0.0146030145951
0.0146566106315
0.0147182711243
0.0147792603159
0.0148348980328
0.014889537421
0.0149520203621
0.0150048639551
0.0150655853022
0.0151210653879
0.0151847650566
0.0152391265441
0.015301848518
0.0153596155412
0.0154171342607
0.0154741666999
0.0155308545803
0.0155912213881
0.0156555973974
0.0157146545284
0.0157682302241
0.0158343282425
0.0158949025662
0.0159458833862
0.0160135932416
0.0160718463685
0.0161249126335
0.0161863565425
0.0162473903588
0.0163080580526
0.0163638910411
0.0164280849063
0.0164920034356
0.0165465680035
0.016609230029
0.0166755292295
0.0167321900391
0.0167968996826
0.0168560288929
0.0169142451804
0.0169763621846
0.0170375253931
0.0170938294023
0.0171539410864
0.0172136600848
0.017281904379
0.0173410011395
0.0174041157346
0.0174624071711
0.0175289325708
0.017590555326
0.0176514793975
0.0177158698653
0.0177793756473
0.0178420138755
0.0178993713728
0.0179558291399
0.0180205856775
0.0180847832222
0.0181485668587
0.0182074633882
0.0182660017417
0.0183331007715
0.01839988033
0.0184618549773
0.0185233419132
0.0185841137739
0.0186531520371
0.0187169265115
0.0187798106998
0.0188419039401
0.0189030464042
0.0189679307586
0.0190277003524
0.0190914166426
0.01915018644
0.0192220024422
0.0192801506545
0.0193468890451
0.019413291141
0.0194749041922
0.0195405435298
0.0196099371667
0.01966981526
0.0197333151673
0.0197959702718
0.0198711192328
0.0199277538399
0.0199968611843
0.0200520851065
0.0201200707517
0.020187765325
0.0202506499586
0.0203176968411
0.0203799699625
0.0204465356622
0.020508191102
0.0205827891382
0.0206433783941
0.0207122885757
0.0207804377783
0.0208433121767
0.0209053012894
0.0209754099873
0.0210359962638
0.0211003798914
0.0211687651097
0.0212412546229
0.0213044161298
0.0213719557084
0.0214303595647
0.0214972769537
0.0215727731551
0.0216389713771
0.0217090763542
0.0217696332837
0.021838323225
0.0219018434062
0.0219778319403
0.0220397057226
0.0221098019964
0.0221750368173
0.0222440713078
0.0223084855697
0.0223725465944
0.0224408593509
0.022513447072
0.0225813140309
0.0226488215517
0.0227115053088
0.0227870149637
0.0228574551287
0.0229272112236
0.0229918014169
0.0230598700496
0.0231228299265
0.0231941108342
0.0232648832416
0.0233307686505
0.0233963878731
0.0234616319301
0.0235356938048
0.023605203588
0.023678675113
0.0237432433002
0.0238117598876
0.0238885877474
0.0239515579721
0.0240226475403
0.0240930282536
0.0241673318325
0.0242318410632
0.0243046494764
0.0243679187071
0.0244355721831
0.0245070396098
0.0245830392196
0.0246454403038
0.0247209643892
0.0247919734442
0.0248626044408
0.0249327868801
0.0250072868844
0.0250762569155
0.0251493545758
0.0252172872112
0.025288724083
0.0253552020197
0.0254300446805
0.0255043233317
0.0255650056818
0.0256342829354
0.0257165498847
0.0257812271392
0.0258588754987
0.0259230197558
0.0259958647192
0.0260682867901
0.0261450057748
0.0262161547186
0.0262915367111
0.026361871294
0.0264356450082
0.0265045052476
0.026572589528
0.026649312647
0.0267215680009
0.0267884583264
0.0268690439106
0.0269363123259
0.0270073913117
0.027083244404
0.0271587143814
0.0272337441318
0.0273041326465
0.0273738594445
0.0274518982944
0.027520133937
0.0275965481079
0.0276682481429
0.0277393037951
0.0278188751346
0.0278848761369
0.0279596381389
0.0280341722479
0.0281085591298
0.0281785258006
0.0282614847425
0.0283308862859
0.0284049553582
0.0284825325763
0.0285553710008
0.0286365762037
0.0287080045299
0.02878358185
0.0288585104859
0.0289327271948
0.0290065271129
0.0290759025697
0.0291540629438
0.0292228344225
0.0293005417069
0.0293740128846
0.0294513142895
0.0295332812188
0.0296017798656
0.029682874974
0.029759329209
0.0298349960884
0.0299058895547
0.0299891286424
0.0300586333831
0.0301365633229
0.0302100704395
0.0302871597405
0.0303599179278
0.0304377033896
0.0305100772603
0.03058751208
0.0306645936474
0.0307413825472
0.0308269511616
0.0308987732234
0.0309791895119
0.0310588776935
0.0311377815472
0.0312119793493
0.0312854360841
0.0313675539414
0.0314360417065
0.0315133707831
0.031590315395
0.0316671053728
0.0317528798933
0.0318253955446
0.0319068006853
0.0319840649394
0.0320647218919
0.0321409512013
0.0322166238326
0.0323007057112
0.0323709538351
0.0324496527175
0.0325276527846
0.0326050253298
0.0326872497411
0.0327599155802
0.032841597433
0.0329230613033
0.0330003609211
0.0330775631302
0.0331545273901
0.0332403662808
0.0333127457477
0.0333938549298
0.0334742241237
0.0335539833323
0.033638256175
0.0337126406805
0.0337955431603
0.0338740763104
0.0339521626397
0.0340298629308
0.0341073501316
0.0341937720124
0.034267117841
0.0343493830956
0.0344277278648
0.0345094770811
0.034596309591
0.0346733799965
0.0347590013059
0.0348309925521
0.0349113730855
0.0350003342626
0.035079301757
0.0351540134876
0.0352375000784
0.035320664543
0.0353998469552
0.0354826116828
0.0355613765802
0.035639944245
0.03572393993
0.0358076167075
0.0358908292794
0.035973426595
0.0360554564591
0.0361331886507
0.0362193134874
0.0362917371475
0.0363765142086
0.0364569999998
0.036546369414
0.0366224703621
0.0367019416628
0.0367868504834
0.0368716117686
0.03695251323
0.0370368799809
0.0371172162931
0.0372065064364
0.0372823604264
0.0373667469371
0.0374504635958
0.0375334595015
0.0376157116584
0.0377030651403
0.0377804654054
0.0378632098191
0.0379491389191
0.038031331839
0.0381132898268
0.0382043721849
0.0382824170299
0.0383695262474
0.0384563224453
0.0385427384904
0.038624984465
0.038706695586
0.0387875844908
0.038873556171
0.0389588022731
0.0390433860413
0.0391274523494
0.0392111441309
0.0392908726928
0.0393797839396
0.0394649259202
0.039544166964
0.039629032843
0.0397229665381
0.0398037839744
0.0398876875914
0.0399768635238
0.0400654786949
0.0401497989748
0.0402334807216
0.0403163609633
0.0403986488681
0.0404897151858
0.0405769338867
0.0406544820217
0.0407377902842
0.0408242437175
0.0409164354314
0.0409992185465
0.041091114705
0.0411791596568
0.0412575041307
0.0413540314884
0.0414372465087
0.0415230614642
0.0416140399808
0.041691649063
0.0417813017492
0.0418671199408
0.0419525071399
0.0420375611986
0.0421283901623
0.0422097049733
0.0423002095964
0.0423905158425
0.0424773250561
0.0425637333918
0.0426498264259
0.0427413908829
0.042826152187
0.0429130177096
0.0430025772097
0.0430913150384
0.0431760910777
