metodo_1_dt_1:4
1.40069205966e-06
0.00281290315237
0.00281129090064
0.00281322870655
0.00281160974287
0.00281350930472
0.00281093923855
0.00281275728408
0.0028102944541
0.00281298966282
0.00281069972104
0.00281223789014
0.00281019009208
0.00281153891177
0.00281352701811
0.00281094073468
0.00281267406751
0.00281050135521
0.0028119559193
0.00281294866394
0.00281045237179
0.00281211855142
0.00281022906084
0.00281054037627
0.00281228066186
0.0028102875332
0.00281064420109
0.00281238190669
0.00281043915004
0.00281076646849
0.00281243157065
0.0028097095267
0.00281095661529
0.0028114947381
0.00281230819239
0.00281030154691
0.00281067804311
0.00281129472991
0.00281312781672
0.00281013738807
0.0028105406679
0.00281113269082
0.00281188887958
0.00280924854253
0.00281058475604
0.0028110614419
0.00281166954726
0.00281238799998
0.00280994559591
0.00281027662805
0.00281070340275
0.00281022060958
0.00281080897791
0.00281146413842
0.00281216882868
0.00280971986123
0.00281010566635
0.00280954514667
0.00281002302591
0.00281053800523
0.00281007694154
0.0028106393563
0.00281121942822
0.00281081974939
0.00281142780186
0.00281104392011
0.00281166538671
0.00281128503464
0.00281190410798
0.00280870853597
0.00280928585666
0.00280888567935
0.00280950188441
0.00280913784996
0.00281148480201
0.00281106002874
0.00281163197362
0.00281120801326
0.002810784713
0.00281036889865
0.00281096735553
0.00281057997179
0.0028102102411
0.00280986360772
0.00280954983818
0.00280927057809
0.0028090368156
0.00280885715437
0.00281114368234
0.00281063554563
0.00281018200343
0.00280979684902
0.00280949155459
0.00280927818125
0.00280916937905
0.00281132336833
0.00281081818979
0.00280943034394
0.00280917690965
0.00280907406685
0.00281133669615
0.00280980523436
0.00280944579069
0.00280927669245
0.00280931631745
0.00281018101859
0.00280978425091
0.00280862847492
0.0028087340459
0.00281047702399
0.0028091541589
0.00280913157521
0.00281021959238
0.00280977298597
0.00280867155557
0.00280893975968
0.00280941211824
0.00280929626287
0.00280860160369
0.0028090451073
0.00280899537237
0.00281008667274
0.00280869144452
0.00280880601091
0.00280961598113
0.00280843093034
0.00280881946613
0.00280922517873
0.00280836566676
0.00280912493695
0.00280904764192
0.00281008301334
0.00280881515288
0.00280826960302
0.00280862653127
0.00280797200081
0.00280845823903
0.00280873012081
0.00280928384085
0.00280853425258
0.00280909595117
0.00280837297046
0.00280890043851
0.0028082647701
0.00280871356723
0.00280823114158
0.00280855713426
0.00280959963061
0.00280846117667
0.00280930086605
0.00280845734951
0.002808066597
0.00280759447783
0.00280794961542
0.00280886224486
0.00280800541359
0.0028086049796
0.00280830644721
0.00280757863432
0.00280831653364
0.0028078673464
0.00280823873732
0.00280801497834
0.00280756988901
0.00280795151598
0.00280869067344
0.00280740396788
0.00280772770382
0.00280835678719
0.00280827106912
0.00280760786833
0.00280807731424
0.00280779486084
0.00280768537236
0.00280795823735
0.00280744469556
0.00280812056248
0.00280815130343
0.00280738708038
0.00280778741938
0.00280733594381
0.00280802106273
0.0028069746986
0.00280726489351
0.00280768674889
0.00280721984494
0.00280785249987
0.0028075712225
0.00280763243717
0.00280700673323
0.00280745679549
0.0028069715884
0.00280754330531
0.00280715685316
0.00280680580863
0.00280748150499
0.00280717629899
0.00280736088301
0.00280683293421
0.00280732685192
0.0028068397232
0.00280636740963
0.002806912457
0.00280647281543
0.00280704567199
0.00280662882483
0.00280622064641
0.00280682009553
0.00280642672082
0.00280704298688
0.00280666489461
0.00280629608888
0.00280693841493
0.00280659431423
0.00280626677973
0.00280695933686
0.00280667618492
0.00280641960067
0.00280732502017
0.00280683901505
0.00280637343735
0.00280643492409
0.00280632907933
0.00280626414477
0.00280624941929
0.0028062947781
0.00280641067037
0.00280660811621
0.00280634890999
0.00280617698508
0.00280609694709
0.00280612214539
0.00280616650105
0.00280644448147
0.00280608425629
0.00280585005791
0.0028058702357
0.00280606158777
0.00280616257565
0.00280581655305
0.00280577166687
0.00280584431111
0.00280624867907
0.00280578139602
0.00280565396224
0.00280588502698
0.00280585704716
0.002805619885
0.00280569117376
0.00280609147222
0.00280556977334
0.00280560267308
0.00280591113534
0.00280549842737
0.00280541704818
0.00280586758186
0.00280536704394
0.00280535534273
0.00280593183308
0.00280520005719
0.00280535671681
0.00280512296537
0.00280508029172
0.00280562384021
0.00280495286213
0.00280516476428
0.00280481859658
0.00280492455477
0.00280483014701
0.00280476069386
0.00280544127534
0.00280464459281
0.00280523689913
0.00280455018971
0.00280489908446
0.00280396320285
0.00280521595011
0.00280427884843
0.00280459234463
0.00280460190109
0.00280503522223
0.00280394395556
0.00280458843287
0.0028043186249
0.0028037690532
0.00280475100141
0.00280397811552
0.00280528172433
0.0028042608575
0.00280381642008
0.00280467141274
0.00280391908654
0.00280427947939
0.00280420332998
0.0028036087791
0.00280474404816
0.00280378700291
0.00280425248424
0.00280430522797
0.0028033752762
0.00280381821665
0.00280394390073
0.00280396922092
0.00280331417095
0.00280467524764
0.00280358550943
0.00280377466593
0.00280456102705
0.00280431482166
0.00280331056659
0.00280352801422
0.00280429993387
0.00280407999782
0.00280305197735
0.00280319797426
0.00280350125156
0.00280400633756
0.00280388279376
0.0028028953704
0.00280302916061
0.00280327036769
0.00280402994105
0.00280388237144
0.00280282865316
0.00280285642894
0.00280295479771
0.00280211102043
0.00280231904812
0.00280417258781
0.00280407353578
0.00280302409688
0.00280301569763
0.00280304158513
0.00280309513
0.00280217040008
0.00280225961545
0.0028023620885
0.00280247152183
0.00280258420062
0.00280169702209
0.00280180537031
0.00280191019977
0.00280200073543
0.0028020754121
0.00280213476093
0.00280217778355
0.002802210175
0.00280123216513
0.00280124449506
0.00280125440851
0.00280126395369
0.00280127767251
0.00280129870241
0.00280133673803
0.00280139626562
0.00280148233666
0.00280260612002
0.00280277470883
0.00280299482415
0.00280327998811
0.00280113346677
0.00280110852687
0.0028011373395
0.00280122623602
0.00280238996717
0.00280263719056
0.00280298382829
0.00280070574948
0.00280064266071
0.00280169037151
0.00280186761266
0.00280218596748
0.00280101883034
0.00280089773613
0.0028009452467
0.00280217491468
0.00280260952696
0.00280005831686
0.00280105197427
0.00280127938064
0.00280276233267
0.00280011437681
0.00280116568622
0.00280151436536
0.00280022880245
0.00280014571971
0.00280140245085
0.00280029563919
0.00280013321126
0.00280135898132
0.00279925993263
0.00280008932826
0.00280136061321
0.00279911378474
0.00280002214332
0.00280143130947
0.00279989668328
0.00280098673978
0.00280164061596
0.00279969603341
0.00280108709562
0.00279949185156
0.00280065177688
0.00279934150959
0.00280030779996
0.00280199430637
0.00280001333917
0.00280158306483
0.00279973966831
0.00280123310433
0.00279946696478
0.00280092927209
0.00279918015891
0.00280066129644
0.00279887798909
0.00280043259321
0.00279956658082
0.0028012533339
0.00279926236671
0.00279798686763
0.00279998967137
0.00279850530678
0.00279978216736
0.00279905394927
0.00280067842062
0.00279868159766
0.00279824356236
0.00279944721754
0.00279868384108
0.00280041989455
0.00279931711769
0.00279767806913
0.00280022595894
0.00279920824331
0.00279759819505
0.00280010340856
0.00279908602759
0.00279742537168
0.00280004711522
0.00279896073008
0.00279818492394
0.00280010366655
0.00279889793026
0.00279796459293
0.00279728183498
0.00280001786465
0.00279889290451
0.00279798244048
0.00279726713815
0.00280012697722
0.00279897173573
0.0027979828536
0.00279714344256
0.00279643555152
0.0028002057287
0.00279907528249
0.00279805802355
0.00279713834073
0.00279730578228
0.00279654686816
0.00279930047211
0.0027991620881
0.0027980952203
0.0027970875316
0.00279713175408
0.0027962167368
0.00279633565497
0.00279547967848
0.00279563881564
0.00279937515883
0.00279829653894
0.00279824212963
0.00279820494523
0.00279718433961
0.0027971726217
0.00279716558643
0.00279716359515
0.00279716099133
0.00279715923955
0.00279715396772
0.00279614854092
0.00279613846115
0.00279612801195
0.00279711888943
0.00279711211085
0.00279711165812
0.00279711798926
0.0027971370821
0.00279717050574
0.0027982227977
0.00279830294891
0.00279841312741
0.00279411278181
0.0027949531485
0.00279481865247
0.00279571749723
0.00279566074632
0.00279665359225
0.00279670902893
0.00279783615797
0.00279462173675
0.00279436504437
0.00279519242951
0.00279611432154
0.00279614635253
0.00279729975822
0.00279397491389
0.00279469635743
0.00279555795683
0.00279657531546
0.00279776450081
0.00279423764539
0.00279497126009
0.00279590283724
0.00279305711858
0.00279453959405
0.00279022662611
0.00279615388555
0.00279236435896
0.00279355534272
0.00279929469116
0.00279535383892
0.00279678859759
0.00279243223967
0.00279843934939
0.00278997645097
0.00279559177779
0.00279164145524
0.00279308832554
0.00279875718771
0.00279491690893
0.00279613404599
0.00279196070249
0.00279831502585
0.00278917527082
0.00279524728054
0.00279648107662
0.00279229555382
0.00279383010509
0.00278940123165
0.00279564329037
0.0027965062799
0.00279259183375
0.00279360658969
0.0027995533906
0.0027906761607
0.00279654593807
0.00278769968369
0.00279354131922
0.00279466488874
0.00279053837532
0.00279158932962
0.00279753124207
0.00278848193927
0.0027945705625
0.00279535321704
0.00279166708709
0.00279225699589
0.00279350243631
0.00278922435836
0.00279020530369
0.00279628841971
0.0027969813529
0.00278822055317
0.00279390025361
0.00279478015423
0.00279102675206
0.00279154107283
0.00279250189467
0.00279856794241
0.0027891490713
0.00279010056819
0.00279616103329
0.00279669471525
0.00278757888861
0.00279380012686
0.00279423622877
0.0027949719133
0.00278599108382
0.00279183979034
0.00279239291568
0.00279318415783
0.00279959681315
0.00278995235987
0.00279048453493
0.00279119819481
0.00279207769242
0.00279803876965
0.00278848108508
0.00278904027769
0.00278972467362
0.00279052020521
0.00279653305858
0.00279690424054
0.00278738513944
0.00278792941745
0.00278854235449
0.00278921363379
0.0027954327701
0.00279574474268
0.00279611011081
0.00278653880117
0.0027869818468
0.00278745316588
0.00278794621734
0.00278845257152
0.00278896696275
0.00278948452659
0.00279583559204
0.00279616198554
0.00279650391682
0.00279685881527
0.00278724757159
0.00278761832021
0.00278799530257
0.00278837833837
0.0027887656098
0.00278915820827
0.00278955703492
0.00278996359865
0.00279038001922
0.00279080830657
0.00279123967673
0.00279167677675
0.00278596536318
0.00278618542936
0.00278640069645
0.00278661730833
0.00278684198042
0.00278708281809
0.00278734602719
0.00278764090245
0.00278797647223
0.00278836234832
0.00278880872726
0.00278264774431
0.00278271965614
0.00279284247785
0.0027930607764
0.00279337304833
0.00279379303462
0.00278768742937
0.00278768020033
0.00278779819739
0.00278805715122
0.00278847333509
0.00278228643035
0.00278224797512
0.00279237087246
0.00279271175321
0.00278665335397
0.00278652954393
0.00278664008776
0.0027870058037
0.00278073843419
0.0027906275141
0.00279082450927
0.00279133858463
0.00278459794953
0.00278468274801
0.00279509808887
0.00278844076246
0.00278846898433
0.00278891037166
0.00278215657683
0.00279218873545
0.00278605780403
0.00278573374978
0.00278591312782
0.00277943377622
0.00278926581874
0.00278968282263
0.00278275245039
0.0027928765509
0.00278627487166
0.0027861817163
0.00277981904089
0.00278950016925
0.00278992605376
0.00278284801757
0.00279312476717
0.00278615458658
0.00278637249272
0.0027894003271
0.0027895637925
0.00278259054553
0.00279273468834
0.00278569482666
0.00278593201548
0.00278874953048
0.00278911138161
0.00278180504966
0.00278517810513
0.0027848517202
0.0027780174401
0.00278795686423
0.00278087465493
0.00279117569106
0.00278382439901
0.00278699915003
0.0027869369904
0.00277980528392
0.00278312476299
0.00278277293828
0.00278568511789
0.00278598103916
0.00278848127439
0.00278139627509
0.00279161078636
0.00278409691568
0.00278689123082
0.00278724579606
0.00278958582246
0.00278225113328
0.00278516393148
0.00278507972794
0.00278751503995
0.00278021313475
0.00278310374177
0.00278286878919
0.00278527630225
0.0027778967547
0.00278066609101
0.002790586651
0.00278293935371
0.00278540522285
0.00277802776091
0.00278074191206
0.00279068392512
0.00278300521781
0.00278538710964
0.00277788113733
0.00278041849888
0.00278301630154
0.00278314405319
0.00278536484677
0.0027876391856
0.00277998756165
0.00278233405393
0.00278470458239
0.00277711465032
0.00277950665521
0.00278190400435
0.00277431991858
0.00277670942743
0.00278661331002
0.00278880634455
0.00278104626519
0.00278324702965
0.00278544761133
0.00278764555957
0.00277987717403
0.00278206470354
0.0027842459461
0.00278642075946
0.00277862866739
0.00278079326632
0.0027829547007
0.00278511513066
0.00278727728817
0.00278944447578
0.00277360110722
0.00277555008291
0.00277749909733
0.00277945434482
0.00278142191789
0.00278340867808
0.0027854220397
0.00277750696327
0.00277960174553
0.0027817490526
0.00277572935581
0.00277749550554
0.00277931912898
0.00278121178581
0.00278318521296
0.0027852517276
0.00277927894853
0.00278089908264
0.00278262766595
0.00278447893317
0.00278646900419
0.00278042396027
0.00278195037543
0.00278364679656
0.00278553060917
0.00278761942719
0.00278102239854
0.00278264378736
0.00278450309334
0.00277838947327
0.00277976960432
0.00278142517903
0.00278337721618
0.00277676635226
0.00277825955336
0.00278009354788
0.00277353983324
0.00277492795048
0.00277670534109
0.00278001799928
0.00278136407006
0.0027831628995
0.00277628667218
0.00277772710674
0.00277968491377
0.00277245482299
0.00278406009367
0.00277724888793
0.00277859785882
0.00277210444491
0.00277319072223
0.0027848964415
0.00277776099997
0.00277931392054
0.00277233417263
0.00277373819109
0.00277682143134
0.00277810533196
0.00277125783097
0.002772483222
0.00277557954258
0.00277677655096
0.00276981745835
0.00278100697667
0.00277391962906
0.00277523072032
0.00277792920946
0.00277938399117
0.00277190725357
0.00278353968838
0.00277582507548
0.00276871187036
0.00277975832108
0.00277233997762
0.00278376002444
0.002776016366
0.00276877019661
0.00277980841311
0.00277218678001
0.00277497845837
0.0027757872506
0.00276819527341
0.00277968222046
0.00277168616771
0.00277401438378
0.00277557824358
0.00277746301833
0.00276971047773
0.00277221450163
0.00277322916206
0.00277525076218
0.00276756216445
0.00277895620131
0.00278075039873
0.00277280239808
0.00277500505969
0.00277639374188
0.00277810560891
0.00277002646708
0.00277204689537
0.00277420035747
0.00277527805347
0.00277697279011
0.00276883227899
0.00277074943529
0.00277275783282
0.00276487056927
0.00277569069722
0.00277735388436
0.00276912559337
0.00277089972456
0.00277271436917
0.00277455860575
0.00276645232389
0.00277749018672
0.00277901653288
0.00277061506146
0.00277216834814
0.00277372590104
0.00277528051035
0.00276687059488
0.00276840693503
0.0027699322918
0.00277144268692
0.00277293563575
0.00277440893338
0.00276589852295
0.00276732797511
0.00276873499076
0.00277012014619
0.00277148336104
0.00277282649846
0.00276419151313
0.00276550209501
0.0027668011289
0.00276809115461
0.00276937721831
0.00277066474664
0.00277195819603
0.00277326480451
0.00277458868324
0.00277592712057
0.0027676639592
0.00276865502515
0.00276965814975
0.0027706821374
0.0027717377638
0.00277283491616
0.00277398552165
0.002775200525
0.00276654311289
0.00276732035419
0.00276817605345
0.00276912339878
0.00277017781053
0.00277135357606
0.00276226680378
0.00276297224648
0.00277377104872
0.00277477620436
0.00276596527083
0.00276647977083
0.00276718387417
0.00276809724513
0.00275919278522
0.00276957116648
0.00277023020184
0.00277115906613
0.00276188840842
0.00277229814034
0.00277306018593
0.00276395845515
0.00276426402998
0.00276493596554
0.00276577313546
0.00276600289464
0.00276665414964
0.00276733085344
0.00276757675747
0.00276830635423
0.00276867883169
0.00276903580831
0.00275988004316
0.00276983664849
0.00277039959454
0.00276068949658
0.0027709070751
0.00276145689868
0.00276145899211
0.00277208390833
0.00276191182267
0.00277234994624
0.00276229448948
0.00277258786757
0.00276258864659
0.00277278439735
0.00276278455904
0.00277293494721
0.00276288423517
0.00277304678023
0.0027628958595
0.00277311918969
0.00276280150333
0.00277313520201
0.00276261221331
0.00276270020327
0.00276236454116
0.00276216871745
0.00277204069783
0.00276159808624
0.00277181607558
0.00276104896117
0.00276074233289
0.00277052446657
0.00275989906687
0.00275967780113
0.00276915378441
0.00275856898834
0.00275833395296
0.00276765066731
0.00275702024923
0.00275668544575
0.00276599858469
0.00276519233828
0.00275473032141
0.00276420962367
0.00276321032798
0.00276247047278
0.00277227100923
0.00276110410217
0.00276008286478
0.00275926117604
0.0027689251187
0.00276760527768
0.00276645090047
0.00275549165176
0.00275460891585
0.00276383574237
0.0027624557245
0.00276118279007
0.00276000323134
0.00275890665704
0.0027681812604
0.00276663816849
0.00276516517805
0.00276375195995
0.00276238520335
0.00276105494854
0.0027597516085
0.00276887548879
0.00276720704201
0.00276556238629
0.00276393454269
0.00276231686223
0.00276070085108
0.00275908198508
0.00275745284757
0.00275581019391
0.00275414770963
0.00275246344283
0.00275075090002
0.00275895696222
0.00275716364763
0.00275532776205
0.0027534479361
0.0027515229851
0.00274955602341
0.00275750293605
0.00275545302912
0.00275336400729
0.00275124112833
0.00275903936229
0.00275685483413
0.00275464877659
0.00275242546896
0.00276013289219
0.00275789040041
0.00275565023421
0.00276335176621
0.00276113601847
0.00275894694785
0.00275574399143
0.00275315646897
0.00275059043394
0.00275800028406
0.00275550362791
0.00276299487272
0.00276061566917
0.00274723342366
0.00275433187703
0.0027515558498
0.00275881315634
0.00275623827269
0.00276371100179
0.00274973979906
0.00275672745668
0.00275391631039
0.00276120082751
0.00274736127632
0.00275414330936
0.00276111010972
0.00275836044038
0.00275428956045
0.00275103638423
0.0027579830705
0.00276519642183
0.00275073184224
0.00275747518941
0.00275460611448
0.00275014932516
0.00275674200017
0.00275376928445
0.00274922614113
0.00275573679136
0.00276265685895
0.00274794754741
0.00275446063925
0.00276144046916
0.00275628736712
0.00275296220685
0.00274818692503
0.00275444607138
0.00276128093938
0.00275593747351
0.00275256627554
0.00274743771578
0.00275375060822
0.00274878680026
0.00275487570981
0.00275000620404
0.00275591104458
0.00275107015527
0.00275683417507
0.00275196231117
0.0027476997872
0.00274271932026
0.00274837012548
0.00274325024337
0.00274892033828
0.00274361421863
0.00274936396538
0.00274383688249
0.00274974936827
0.002753909046
0.00276002797461
0.00275397944886
0.00274850666994
0.00275403978267
0.00274820750934
0.00275414225459
0.00274792945497
0.00274218418761
0.00275765813162
0.00275149530154
0.00274573753085
0.00275100979747
0.00274477801345
0.00274884681257
0.00275397453199
0.00274760061606
0.00274152787203
0.00275663070903
0.0027500799984
0.00274379520139
0.00275913819755
0.00275236789491
0.00274582172533
0.0027494223648
0.00275456445292
0.00274771690693
0.00275097114706
0.00274444544313
0.00274964320657
0.00275252962836
0.00274562429523
0.00274875638245
0.00274204594562
0.00275695111574
0.00274975931628
0.00275255834242
0.00274548992042
0.00274840945973
0.00274143121107
0.00275620310403
0.00274881735982
0.00275137838468
0.00274404659217
0.0027466550713
0.00274927291825
0.00274195662
0.00274456882342
0.00273722106836
0.00273979654547
0.00275411916932
0.00274649521178
0.00274877009194
0.00275103015032
0.00275327130133
0.00274557003157
0.00274776227762
0.00274992630023
0.00274213262918
0.00274421963947
0.00274626585542
0.00274827510699
0.00275024693369
0.00274226561723
0.00274416982761
0.00274604386431
0.00274788952039
0.00274971411449
0.00275152065927
0.00275331435425
0.00274268797349
0.00274417382861
0.00273570362344
0.00273716158545
0.00273861594087
0.00274007546288
0.00274154776135
0.0027430464862
0.00274458162449
0.00273362657615
0.00273472440272
0.00274579507319
0.00274698388882
0.0027482397859
0.00274957586109
0.00273844752632
0.00273928362644
0.00274021885069
0.00274126501943
0.0027424398152
0.00274095018381
0.00274158650424
0.00274237637447
0.00274333784776
0.00273187589065
0.00274222686247
0.00274283938591
0.00274367618032
0.00273187034766
0.00274211591914
0.00274269588523
0.00273109204469
0.00274109161886
0.0027414672969
0.00274218937487
0.00273969630755
0.00273993511495
0.00275047157437
0.00273790201058
0.00273808778472
0.00273598722764
0.00273572941623
0.00274587161822
0.00273341610928
0.00274317135578
0.00274354818907
0.00274045888748
0.00274049979204
0.00273766657516
0.00273739572788
0.00273474167641
0.00273418825329
0.00274425021219
0.00274077135331
0.0027407220945
0.0027372789177
0.00274698128305
0.0027336158195
0.00274322183493
0.00273970320107
0.00273934206163
0.0027356923776
0.00274525062774
0.00273152863535
0.00274116720566
0.00273715067875
0.00273382629286
0.00274266375912
0.00272912109501
0.00273816576274
0.00273420260141
0.00274350457272
0.00273918639718
0.00273538805206
0.00274413502406
0.00273000461846
0.00272623899866
0.00273458158365
0.00273035794319
0.00273926925955
0.0027345849854
0.00273027313641
0.00273902187776
0.00273422032576
0.00272974051942
0.00272555752048
0.0027335081539
0.00272879802938
0.00273427023056
0.00274240680005
0.00273742349918
0.00273264879634
0.00272806109635
0.00273590193944
0.00273077532249
0.00273572895097
0.00273090593984
0.00273874438279
0.00273339707716
0.00272816266785
0.00273294959526
0.00272790367491
0.0027355348748
0.00272999354441
0.00273443032454
0.00272901238753
0.00272363700163
0.00272822176506
0.00273571822637
0.00273981262143
0.00273401963699
0.00272822414474
0.00273233505909
0.00272651491273
0.00273059876545
0.00272473096267
0.00272876028205
0.00273591845374
0.0027396051121
0.00273337886184
0.00273702321978
0.00273074188018
0.00273433033326
0.0027279842979
0.00273150797725
0.00273499798709
0.00272854730853
0.00273196655921
0.00273533956961
0.00272875921669
0.00273203774226
0.00273527078882
0.00272855931507
0.00273170984817
0.00273482292755
0.00273790225111
0.00273106461769
0.00273409341209
0.00272356777153
0.00272626796475
0.00272893618343
0.00272166110731
0.00272429255949
0.00272691842549
0.00272954263221
0.00273217729431
0.00273483254204
0.00272389402659
0.00272608841905
0.00272831568723
0.00273058276892
0.00273290445901
0.0027352936211
0.00272410692292
0.00272597423889
0.0027279259972
0.00272997738582
0.0027321463377
0.00272062043157
0.00272223562432
0.00272399432152
0.00272590988632
0.00272421585352
0.00272555661907
0.00272708599569
0.00272882661124
0.00271681772109
0.00272791277758
0.00272934606094
0.00271751205689
0.00271841388419
0.00272953077442
0.00273106244377
0.00271838834168
0.00272933745066
0.00273075617499
0.00271788939503
0.00272875397246
0.00271643871305
0.00271694061769
0.00272782033935
0.00271504268264
0.00272551831503
0.00272661786861
0.00272317404272
0.00272391857451
0.0027207256084
0.0027211439207
0.00271811030533
0.00271821387461
0.00272889670263
0.0027249939532
0.00272554191837
0.00272164640399
0.00272201129137
0.00271806106476
0.00272817644316
0.00271423538803
0.0027242652685
0.00272007837975
0.00273005934608
0.00271578186102
0.00272580000847
0.00272118725993
0.00271725390016
0.00271650846456
0.00271225145317
0.00272158880924
0.00271699939342
0.00272658309626
0.00272163679129
0.00271721245027
0.00272621394344
0.00272137170776
0.00270705850768
0.00271562494461
0.00271074549082
0.00271985711956
0.00271449818239
0.00270950225146
0.00272828825553
0.00272279357066
0.00271760328708
0.00272642344608
0.00272069798454
0.00271523116034
0.00271000097975
0.002718160202
0.00271236725469
0.002716692162
0.00272519360395
0.00271906627196
0.00271310063422
0.00271719804606
0.00271151973508
0.00271921312032
0.00271297287527
0.00271673849985
0.00271068813287
0.00271865645831
0.00272195507672
0.00271543719037
0.00270896456542
0.00271243586589
0.00270602456346
0.00272345218421
0.00271655368021
0.0027195541385
0.00271267655437
0.00271570018112
0.00270881359548
0.00271182029507
0.00270488752986
0.00270784044689
0.00271471140665
0.00271728017515
0.00271982461603
0.00271244975543
0.00271492301063
0.00271735436357
0.00270984630336
0.0027121780754
0.00271445586556
0.00270677669948
0.00270893747961
0.00271104079814
0.00271307904408
0.00271505559285
0.00270707541993
0.00270894282143
0.00271075200905
0.00271250752385
0.00271421439936
0.00271586883249
0.00271747713438
0.00271904296529
0.00271069551533
0.00271219412388
0.00269926311827
0.00270036889568
0.00270143039291
0.00270246095342
0.00271336168258
0.00271433770449
0.00271530648811
0.00271627088073
0.00271724676368
0.00270345157287
0.00270391729696
0.00270442771237
0.00270498989305
0.00271550377929
0.00270189563754
0.00270197800875
0.00270214328015
0.0027123050931
0.00271267967926
0.00269866682761
0.00270837897715
0.00270831994722
0.00270842136192
0.00270417296098
0.0027036793242
0.0027033862539
0.00271319013143
0.00269857028043
0.00270780799157
0.00270738363993
0.00271711101716
0.00270175701209
0.00271093961257
0.0027105490733
0.00270496743881
0.00270403629077
0.00271336455915
0.00269762283811
0.00270646175695
0.00270112944446
0.00269957619931
0.00270838115449
0.00270253504093
0.00270100742656
0.0027098973819
0.00270342026437
0.00271192925643
0.00269578162864
0.00270395361164
0.00269784272807
0.00270568413485
0.00269964010856
0.00269727826697
0.00270554251725
0.00269849463426
0.00270654800064
0.00269943533865
0.00270732463255
0.00270009234217
0.00270786904177
0.00270046692668
0.00270819797822
0.00270058077288
0.00269366990482
0.00270045460525
0.00269324165191
0.00270012239243
0.00269257377255
0.00270950221952
0.00270161118623
0.00270887986674
0.00270058165461
0.00269278230991
0.00269945053962
0.002701082176
0.00269326868045
0.00269942290243
0.00270099690567
0.0027076612306
0.00269883763352
0.00270025009858
0.00270666250884
0.00269764057139
0.00269880383727
0.00269034526885
0.0027057152955
0.00269667861012
0.0026878577464
0.00270334421927
0.00269394001554
0.00269461726648
0.00268557423827
0.00270062210673
0.00270088377179
0.00269139910981
0.00269193707503
0.00269696667938
0.00269691148553
0.00269695942238
0.00268719312881
0.00268739375397
0.00270191774527
0.00270155965684
0.00269136199241
0.00269108458952
0.00269083387749
0.00269060058021
0.00270476054983
0.00269414241022
0.00269339962813
0.00269263583179
0.00269184363724
0.00269101836579
0.00269014396144
0.00268921696794
0.0027030945349
0.00270175877338
0.00270037750598
0.0026989495322
0.00269746219608
0.00269591556283
0.00269431010433
0.00269263495287
0.00269089586822
0.00268908300764
0.00269708590055
0.00269513508104
0.00269310863809
0.00269101504509
0.00268884722634
0.00269649527742
0.00269418229064
0.00269180462299
0.00268935812677
0.00269672980015
0.00269416254647
0.00269154776358
0.00269874758597
0.00269604352587
0.00268796108881
0.0026848304943
0.00268165596391
0.00268833632911
0.00268509501567
0.00269171506028
0.00268844607992
0.00269504895818
0.00267671749353
0.00268281638614
0.00268891033036
0.00268512579284
0.0026912544595
0.00269740901726
0.00267863973682
0.0026842251745
0.0026898565978
0.00268567797776
0.00269147244318
0.00268212344215
0.00268730882349
0.00268272402799
0.00268816666149
0.00267863899069
0.00268346889777
0.00268846451499
0.00269364651715
0.00268366696338
0.00267835282785
0.00268318135908
0.00268826258586
0.00267748843305
0.00268197551975
0.00268674744174
0.00267582650443
0.00268991221542
0.00269444167281
0.00268325871559
0.00268725388769
0.00269165329395
0.00268003226197
0.00268394077899
0.00267269816496
0.00268602559155
0.002689959762
0.00267808612646
0.00268161962768
0.00267984359801
0.00268298414091
0.0026714569613
0.0026841486578
0.00268760126491
0.00267514248425
0.00268818181987
0.00267569249999
0.00268847344833
0.00267589152258
0.00268845891344
0.00267572693004
0.00268813028921
0.0026751954171
0.00268748896609
0.00267430300825
0.00268654567319
0.00268295603333
0.00268532474181
0.00268139096546
0.00267808724897
0.0026795375737
0.00267581459333
0.00268730408369
0.00267329003421
0.00266966377965
0.00268048164945
0.0026763935185
0.00268755840805
0.00267310594367
0.00266893680325
0.0026796582333
0.00267495083153
0.00267059801551
0.00268098320166
0.00267605659862
0.00267142628205
0.00268162051426
0.00267639244336
0.00267140362286
0.00268158053695
0.00267597699655
0.00267056543449
0.00266533004036
0.00268475506745
0.00267891296148
0.00267321754492
0.00266765437474
0.00267688560195
0.0026805719197
0.00267449446602
0.0026684896417
0.00267773504847
0.00268099724189
0.00267445181566
0.0026679482277
0.00267136023078
0.00266489702743
0.00268317678833
0.00267614629104
0.00266911391168
0.00267194439786
0.00266487216886
0.00266765535046
0.00266050192087
0.00267827576641
0.00268051094976
0.00267283623843
0.00267498381425
0.00266719964272
0.00266922440575
0.00267118696448
0.00266318088703
0.00266498799575
0.00266670686932
0.00266834242514
0.00265998583013
0.00266142816705
0.00266277804031
0.00266402388129
0.00266517377004
0.00266622222903
0.00266716420381
0.00265810746896
0.00265885850976
0.00265951080162
0.00266007550499
0.00266055008914
0.00266093256206
0.00266123582812
0.00266145920913
0.00267148947595
0.00267155806009
0.00267156656364
0.00267151663385
0.00267141521551
0.00267126502576
0.00265546018673
0.00266469088755
0.00266397168959
0.00266321722682
0.00266243307574
0.00267150658052
0.00267070268686
0.00265429896464
0.00266279973976
0.00266141820573
0.00266994471495
0.0026686421288
0.00266740825621
0.00266001725984
0.00265814662805
0.00266624234392
0.00266456306856
0.00265714037693
0.00266469419686
0.00266248680513
0.00267030359087
0.00265263238017
0.00265981383729
0.00266717203264
0.00266486776691
0.00265639157064
0.00266332886379
0.00267050219486
0.00265210148209
0.00265867072994
0.00266553029119
0.00265678307844
0.00266303528777
0.00266962492233
0.00265060763171
0.00265664616616
0.00266308141251
0.00265340412182
0.00265930927798
0.00264995438563
0.0026553432959
0.00266122943138
0.00265111920305
0.00266641596834
0.00265646598138
0.00266143998006
0.00266702374448
0.00265612880982
0.00266138293659
0.00266036211186
0.00266528784982
0.00265432785024
0.00265900041352
0.00265778745818
0.00266222519624
0.00265093594315
0.00266508070604
0.00265355984661
0.00265771594084
0.00265576047471
0.00265984828032
0.00265755997093
0.00266164304362
0.00265896915078
0.00264701437631
0.00266002836931
0.00264761619745
0.00266079206835
0.00265780983332
0.002645436172
0.00265789953804
0.00265490287076
0.00265784249803
0.00265430347567
0.00265116543585
0.00266347676749
0.00264989336671
0.0026465099582
0.00265848071729
0.00265448536054
0.00265077669876
0.00266253199128
0.00265819118902
0.00264418582488
0.00265594534167
0.00265116428071
0.00264657284578
0.00264213642797
0.00266307274848
0.00265797982658
0.00265301607737
0.00357609927964
