metodo_2_dt_1:4
3.96786040843e-05
0.00232192307181
0.00235933191908
0.0023126681666
0.00234964001074
0.00238639779774
0.00233867841082
0.00237579439434
0.00232903341275
0.00236648564607
0.00231933779809
0.00235592988587
0.00239281988422
0.00234550980323
0.0023832411486
0.00233626205202
0.00237347681543
0.00232564902092
0.00236263204525
0.00231541787754
0.00235326446894
0.00230620034966
0.00239737833876
0.00235040495371
0.00238649114539
0.00242349280632
0.00237709512855
0.00241424661601
0.00236708774188
0.00240360354083
0.00235629208727
0.00239367030725
0.00234704143844
0.00238454947562
0.00233704419253
0.00237401675428
0.00232652546293
0.00241790435589
0.00237168285747
0.00240851409986
0.00236136740691
0.0023977436209
0.00235064357122
0.00238813998907
0.00234147702907
0.00237901857086
0.00233143337737
0.00242208288572
0.0023752003814
0.00241235690234
0.00236588095628
0.00240305077771
0.00235554776017
0.00239263620056
0.00234542636892
0.00243680258278
0.00239036348329
0.00234354049369
0.00237985064331
0.00233251880584
0.00236982005305
0.00237806193816
0.00241473270462
0.00236784351739
0.00240420868705
0.00235688704023
0.00239438737472
0.00240224473037
0.00243908184
0.00239204646461
0.00234471894617
0.00238132825639
0.00233451250691
0.00242633312544
0.00237979600043
0.0024163770253
0.00236893388376
0.00232169726971
0.00241346027544
0.00236713182527
0.00240394636719
0.0023567523903
0.00239370914352
0.00240068887624
0.0023541342606
0.00239114289058
0.00234438432173
0.00243555234119
0.00238819456241
0.0024247206321
0.00237810545197
0.00233162805259
0.00242307444998
0.00237580059227
0.0024123229469
0.00236529119578
0.00237355039349
0.00241021563412
0.00236332716573
0.00240039115417
0.0024070006424
0.00236002095399
0.00239727225591
0.00240564271095
0.00244184211062
0.00239445764545
0.00234710179142
0.00243844531148
0.00239190432843
0.00234530838222
0.00238240171497
0.00238930142452
0.00242557302379
0.00237875920678
0.00238708095745
0.00242369227323
0.00237660399495
0.00238441403427
0.00242002369152
0.00237320423213
0.00246493925493
0.00241820041557
0.00237098817021
0.0024079837791
0.00241450862993
0.00236768504913
0.00240556030083
0.00241268335869
0.00236536566123
0.00245623570475
0.00240890039639
0.00236210011631
0.00245390511901
0.00240697308376
0.00235959617823
0.00245038814077
0.00240311848605
0.00235639603818
0.00244806855263
0.00240111693761
0.00235375973972
0.00244441555752
0.00239729906146
0.00240569305122
0.00244221346607
0.00239533864127
0.00240252046191
0.0024385968511
0.00244604989757
0.00239918351297
0.00235244155807
0.00244361449979
0.00239604109673
0.0024038764877
0.00243968783358
0.00239315848816
0.00240107284919
0.0024375732036
0.00244440619135
0.00239679958681
0.00234977782569
0.00244129100614
0.00239461442562
0.00240206017186
0.00243809501837
0.0024449766598
0.00239784458012
0.00240652634184
0.00244254059327
0.0023954113652
0.00240212784346
0.00235453936472
0.0024457848354
0.00239918950915
0.00240703390484
0.00235929966244
0.00244984143581
0.00240233245556
0.00241043999649
0.00244702530459
0.00245449365024
0.00240680526791
0.00241433996119
0.00245006275621
0.00245771586537
0.00241074678994
0.00241883648853
0.0024543538811
0.00246117539833
0.00241362569915
0.00242185113625
0.00237455910193
0.00246553135873
0.00241777363675
0.00242490992054
0.00237720618113
0.00246853579753
0.00242174993318
0.00242899828662
0.00238109627271
0.00238828833687
0.00242460230801
0.00243188461993
0.00244009333389
0.00239213284707
0.00248246697778
0.00243473494053
0.00244211285269
0.00239502817019
0.00240285788144
0.00243917649776
0.00244532029288
0.00245253262101
0.00240488825395
0.00241301076321
0.00244935280331
0.0024559291511
0.00240829963886
0.0024148675217
0.00242272741314
0.00237519300923
0.00246618452508
0.00241875001065
0.00242504324598
0.00243232864251
0.00238462050397
0.00247583715047
0.00242898675649
0.00243525931291
0.00244203101478
0.00239414435964
0.00240164625925
0.00249261166445
0.00244533913977
0.00245186975471
0.00240401186911
0.00241065549384
0.00241842753616
0.0023708874419
0.00246161178862
0.00246824124964
0.00242024884475
0.00242698590628
0.00243470915514
0.00238713546151
0.00239430088786
0.00248420923376
0.00243637088317
0.00244302592703
0.00245057741695
0.00240314550367
0.00240999493452
0.00241690266536
0.00245246459768
0.00245889253091
0.00246612461471
0.00241909212465
0.0024254924947
0.00243194368395
0.00243895873271
0.00239070096555
0.00239817487718
0.00248872652091
0.00244116822287
0.00244707582247
0.00245356989585
0.00246082311192
0.00241316386428
0.00242022105611
0.00242704568061
0.00237842452766
0.00238488056934
0.00247542606357
0.00248263644828
0.00243534518264
0.00244138626265
0.00244755269802
0.00245420608807
0.00240660519263
0.00241355271736
0.00242042114281
0.002427096201
0.00243377763632
0.00246879268631
0.0024754045911
0.00248238740505
0.00248914088906
0.00244099360106
0.00244689299291
0.00245330016051
0.00246038945126
0.00246763195451
0.00241935300122
0.00242536894355
0.00243152101449
0.00243829774786
0.00244557278561
0.00239726045703
0.00240370142247
0.00240992473661
0.0024162469556
0.00250593148934
0.00245887557971
0.00246537680079
0.00247146175626
0.00247734664115
0.00248337633031
0.00249002591127
0.00244260904014
0.0024491086842
0.00245514780858
0.002461007731
0.00246704794538
0.00247369940968
0.00248064211677
0.00243264286326
0.0024385628931
0.00244433642599
0.00245032894005
0.00245692011234
0.00246372870858
0.00247037599817
0.00242176622152
0.0024274200093
0.00243333313271
0.00243982754074
0.00244646424877
0.00245287396719
0.00245881834148
0.00246455881178
0.00247071055077
0.00242273873337
0.00242925791356
0.00243536390811
0.00244108210053
0.00244665758809
0.00245268700949
0.00245917512429
0.00246565538076
0.00247179809946
0.00247742891837
0.00248309411992
0.0024891719824
0.00249560666306
0.00244810052414
0.00245396377992
0.00245948766951
0.00246505697436
0.00247100822182
0.00247740920771
0.00248366140524
0.00248951188352
0.00241108066875
0.00241659473501
0.00242263714699
0.00242901881043
0.00243518526875
0.00244092585445
0.00244625782986
0.00245181216984
0.00245784350615
0.00246409975764
0.00247021738521
0.00247583505546
0.00248110249378
0.00248665951521
0.00249270585654
0.00249892810131
0.00250495930694
0.00242690706216
0.00243204280034
0.00243752684672
0.00244350382798
0.00244960582431
0.00245547388458
0.00246086240179
0.00246610238651
0.00247162041669
0.00247770279931
0.00248392792324
0.0024897458575
0.0024109183357
0.00241609696303
0.00242168126875
0.0024276840215
0.00243385295475
0.00249367977226
0.0024986441117
0.00250367807444
0.00250916886002
0.00251513705363
0.00243747549339
0.0024428381463
0.00244783335974
0.00245291762131
0.00245844165837
0.00246450170692
0.00247056381614
0.0024762402628
0.00245162872986
0.00245634497724
0.00246161398545
0.00246732948963
0.0024730078337
0.00247822772879
0.00248329001673
0.00248862508242
0.00240992012019
0.00247039145407
0.002475615877
0.00248053849049
0.0024853020532
0.00249042038383
0.00249617405338
0.0024177577777
0.00242338379592
0.00248262973344
0.00248715035081
0.00249211022437
0.00249773488486
0.00241944150783
0.0024248463195
0.00248420161791
0.00248856428885
0.00249345176181
0.00249902889231
0.00242075880591
0.00242595853075
0.00248512449109
0.00248944287106
0.00249437117466
0.00250000891184
0.00242153755501
0.0024268080237
0.00248551388268
0.00248985403943
0.00249496309451
0.0024164673213
0.00242200775477
0.00248108333696
0.00248542761797
0.00249011076012
0.00241116885818
0.00247114965968
0.00247598749217
0.00248070789356
0.00248539639489
0.00240582390498
0.00246511272899
0.00247011326463
0.00247537977374
0.00248056073748
0.00245511057443
0.00245911238735
0.00246402736541
0.00246969137724
0.00244521640256
0.00244921181294
0.00245337107946
0.00251211987959
0.00243365475647
0.00243825117474
0.00244310527212
0.00250176721514
0.00250568432371
0.00242639221712
0.00243132156454
0.00249048619006
0.0024951561425
0.00241566043649
0.00247429626741
0.00247819332571
0.00248317093394
0.00245935316347
0.00246315154026
0.00246708797975
0.00244307965846
0.00244626388926
0.00245058375731
0.00245565877621
0.00243111010523
0.00243436768708
0.00243828008515
0.00249668478353
0.00241784794239
0.00247754875418
0.00248095977156
0.00240129477307
0.00246029085663
0.00246352898023
0.00246797661256
0.00244441275793
0.00244743755992
0.00245089471863
0.00242657803421
0.00242965501692
0.00243398716002
0.00249271382896
0.00241313225803
0.00247163889866
0.0024745571611
0.00239517595
0.00245446031652
0.00245802133567
0.0024344811372
0.00243638739138
0.00243949662339
0.00241585418851
0.00241899369279
0.00247805610865
0.00248074321888
0.00240054839451
0.00245884277925
0.00246232979897
0.00243887374743
0.00244153964428
0.00249983028039
0.00241956343653
0.00242225929103
0.00248080476259
0.00240149742867
0.0024601698212
0.00246254747242
0.00243825884503
0.00244018625783
0.00241757233649
0.00241950575452
0.00247822713953
0.00239780235174
0.00245616682817
0.00245765738359
0.00237794477787
0.00243675734513
0.00243902923157
0.00241472406281
0.00241609265488
0.0024742326489
0.00239439917794
0.00245304696609
0.00237276544047
0.00243065689258
0.00243189762375
0.00240832212554
0.00241006288206
0.00246843422402
0.00238785931035
0.00244545030817
0.00236464553321
0.00242285728741
0.00248152107466
0.00240112105733
0.00245924871864
0.0023779603746
0.00243583437448
0.00243656682764
0.00241385649161
0.00241432804867
0.00239115643226
0.00239063150603
0.00244812999019
0.00242576345611
0.00242572533191
0.00240337452589
0.00240232569641
0.0024596312745
0.0023782778266
0.00243620257815
0.00241440805197
0.00241327979554
0.00239049772824
0.00238879158507
0.00244615123414
0.00242417912318
0.00242306189056
0.00240057099008
0.00239877827011
0.00237549437426
0.00243289314256
0.00243173658702
0.00240922189376
0.00240789744561
0.0023842283618
0.00244103695876
0.00235902300338
0.00241657916439
0.0023952370571
0.00239201944949
0.00236931685274
0.00236614811215
0.00242310596794
0.00240094066836
0.00239875259055
0.002375477129
0.00243190562862
0.00234892825952
0.00240583173068
0.00238405811272
0.00238081316857
0.00235785801192
0.00241398926917
0.00233064235648
0.00238723882373
0.00236572496576
0.00236156412526
0.00233871294001
0.00239442816948
0.00237272288022
0.00236726683828
0.0023456011576
0.00240180097705
0.00231785953287
0.00237327469319
0.00235125905581
0.00234572408957
0.0023236148079
0.00237945947441
0.0023575731531
0.00235045066402
0.00232786290422
0.00238358518655
0.00236253777055
0.00235541224765
0.00233266625907
0.00238733348805
0.0023656458516
0.00235842770839
0.00233627676783
0.00239135522421
0.00236910221958
0.00236079195964
0.00233793309409
0.00239313955452
0.0023714108313
0.0023635059559
0.00234004774313
0.00239413351226
0.0023717075967
0.00235051847509
0.0023412325847
0.00231862968626
0.00237215146091
0.00234970977011
0.00240343806118
0.00231773853007
0.00237209023458
0.00234918106347
0.00232685357552
0.00237961575635
0.00229300880606
0.00234701656251
0.00232460883017
0.00237763093735
0.00235483418877
0.00240729897804
0.0023204718174
0.00229825056718
0.00235118666253
0.00232847596979
0.00238044066179
0.00235778776938
0.00226998834919
0.00232290711243
0.00230020663622
0.00235204696116
0.00232887970443
0.0023804190322
0.00235812864731
0.00233661222333
0.00232188683915
0.0022983595947
0.00234950593186
0.00232610124501
0.00230383540688
0.00235514886742
0.0023326079993
0.00238271330276
0.00235955867549
0.00226955077669
0.00232073656183
0.00229765287038
0.00227475734466
0.00232435894619
0.00230075493174
0.00235059573685
0.00232783173704
0.00230549068403
0.00235456986938
0.00233106704967
0.00230811906143
0.0022888145231
0.00226549452654
0.00231514408226
0.00229107069471
0.00226698312657
0.00231533840332
0.00229159226717
0.00226842072239
0.00231685372907
0.00229290313449
0.00226893278707
0.00231607593306
0.00229233481442
0.00226932109477
0.00231650993231
0.00229246871493
0.00233891452001
0.00231446648346
0.00229064749498
0.00233759094728
0.00231354097635
0.00228922147308
0.00233468856608
0.00231002633078
0.00228595040787
0.00226241451494
0.0023075473708
0.00228278817272
0.00225803737041
0.00230244165078
0.00227807807111
0.00225403313876
0.00229829824327
0.00227296474868
0.00224766293678
0.00229156616345
0.00226666169648
0.00224197397535
0.00228585585954
0.00225984290892
0.00223389071244
0.00228175048239
0.00232374290916
0.00229879777807
0.00227364159608
0.00231470549608
0.00228860453256
0.00226302306223
0.00230498802028
0.00227929031612
0.00225319269403
0.00222674764873
0.0022673936945
0.00224098627564
0.00228905386068
0.0022635257322
0.00230243089874
0.00227551054917
0.00224874212758
0.00228817634389
0.00226172447662
0.00223511920205
0.00220802421102
0.00232044781196
0.00229312574142
0.00226629940088
0.00223976107463
0.00227739307957
0.00224959341804
0.00222150638317
0.00227000376688
0.00230592666427
0.00227865402777
0.00225107108788
0.00222294305735
0.00225830026211
0.00222974197877
0.00227797249295
0.00225031686121
0.00228488197535
0.00225587565179
0.00222679187414
0.00219786020273
0.00224712935892
0.00228021520599
0.00225122031637
0.00222166685962
0.00219194048288
0.00230168864027
0.00227256617001
0.00224342061655
0.00221377556459
0.00218371997672
0.00229233056198
0.00226224505165
0.00223250921804
0.00220267641161
0.00231115220444
0.00228013936423
0.00224905292679
0.00221846063893
0.00218803624057
0.00229616342146
0.002264890516
0.00223311119687
0.00220131245356
0.0022498384472
0.00221890847293
0.00224600918625
0.00221390182902
0.00226116219467
0.00222868617738
0.00219658377693
0.00230291665135
0.00227063197752
0.00223771120179
0.00220435707248
0.00225235336878
0.00221963137355
0.00224369854463
0.00229131829822
0.00225750863668
0.00222345267934
0.00218938596193
0.00223798285049
0.0022597770289
0.00222569194104
0.00227277395883
0.00223768262308
0.00220276935397
0.00225121152003
0.00221679622522
0.00223617157709
0.00228273892932
0.00224672520646
0.00221108289644
0.00225905811447
0.00222351119691
0.00218758092508
0.00228736274264
0.00225042067686
0.00221374877098
0.00226113116363
0.00222458130182
0.00218746179322
0.00223445955905
0.00219646523135
0.00229457004831
0.00225732642133
0.00221977900205
0.00226614452471
0.00222744153497
0.0021884980195
0.00223519016023
0.00219683738272
0.00229344697041
0.00225413512205
0.00221445883961
0.00225960147211
0.00221993133971
0.00226644931224
0.00222654888337
0.00218616375174
0.0022315581282
0.00219038211941
0.00228427445184
0.00224373669499
0.00228886323725
0.00224729124027
0.0022051549985
0.00224973151757
0.00220786250343
0.00225337642481
0.00221104167826
0.00225576875674
0.00221235258094
0.00230247755831
0.00225973017996
0.00221692926626
0.00226061212623
0.00221650837669
0.00225955751061
0.00221512772782
0.00225901511226
0.00221475125931
0.00225840921856
0.00221280953463
0.00225579957217
0.00220996522159
0.00229734294187
0.00225206197154
0.0022941482491
0.00224751202733
0.00228896746224
0.00224222087539
0.00228441225708
0.00223782543908
0.00227928543778
0.00223133996461
0.00227217938028
0.00222421639424
0.00226572277085
0.00221767840287
0.00225861378461
0.00220906364414
0.0022914812801
0.00224262532392
0.00228250664943
0.00223363102992
0.00227248996996
0.00222231050045
0.00226082690922
0.00221068684202
0.0022497422981
0.00219949712864
0.00223740358439
0.00227524682017
0.00222352778889
0.00226157244347
0.00221022904377
0.00224814542785
0.00219548069399
0.00223225741433
0.00226931772012
0.00221632871591
0.00225374846301
0.00220047751654
0.00223670845874
0.00222426304198
0.00225935816582
0.00229497454145
0.00224146031079
0.00227648939782
0.00222194678523
0.00225591866347
0.00229024392757
0.00223550349364
0.00226998650323
0.00221480773879
0.0022479779632
0.00228087427693
0.00222482568088
0.00225830301014
0.00220248003302
0.00223510490538
0.00226705511033
0.00220965433182
0.00224173303042
0.0022741737004
0.00221697776522
0.00224845076102
0.00219014562101
0.00222059861451
0.00225161048618
0.00219362809135
0.0022244506825
0.0022546906484
0.00219517449909
0.00222466219269
0.00225453578467
0.00219527765737
0.00222484430789
0.0022537928057
0.0021932062936
0.00222150975114
0.00225019679286
0.00219014553869
0.00221840281215
0.00224601960018
0.00218453404558
0.00221162182563
0.00223908624859
0.00217823499732
0.00220514937147
0.00223141408566
0.0022573241283
0.00219508707125
0.00222130969967
0.00224738486196
0.00218523022693
0.00221032137808
0.00223493757347
0.00217230611209
0.00219728166194
0.00222221339826
0.00224660199205
0.00218323341368
0.00216211100397
0.00218593263106
0.00221005272947
0.00214561042551
0.00216887501771
0.00219150811178
0.00221394801128
0.00214872837203
0.002171581959
0.00219424033381
0.00221626222727
0.00215056690997
0.00217176506542
0.0021932654495
0.00221498939566
0.00214988153025
0.00217058144365
0.00219073542463
0.00221084603055
0.00214576893025
0.00216630779352
0.00218651004436
0.00220603494549
0.00217821285466
0.00211063097876
0.0021299955994
0.00214967886548
0.00216876571827
0.00218716091887
0.00211955039008
0.0021375695772
0.00215612920682
0.00217455642398
0.00219252417712
0.00212554620497
0.00214267190602
0.00215975601188
0.00217718521386
0.0021946172827
0.00216185053345
0.00209332080611
0.00210920265105
0.00212529185628
0.00214191542044
0.00215828097917
0.00217409472544
0.00210643234716
0.00212168409687
0.00213700169904
0.00215263712256
0.00216835371332
0.00218328458575
0.00206206022901
0.00207636891787
0.00209078105105
0.00210548851712
0.00212022791774
0.0021341547467
0.00214754216872
0.0021610866514
0.00209498627673
0.00210913844375
0.0021232634374
0.00207960801039
0.00209232421433
0.00210486038812
0.00211779238551
0.00213116455597
0.00214403849279
0.00207838465269
0.0020905141951
0.00210278284686
0.00211569588885
0.00206873441969
0.00208108449346
0.00209262378878
0.00210406344939
0.00211549801282
0.00212737967112
0.00213962029961
0.00215127342999
0.00216257881793
0.00209931100536
0.00204736809824
0.0020588817883
0.0020707240143
0.00208194607919
0.00209288007965
0.00210347695314
0.00211467631972
0.00212611823937
0.00207265501785
0.00208340201623
0.00209346555125
0.00210373488605
0.00211422983096
0.00212540813989
0.00213637423065
0.00214713700846
0.00209008435259
0.00209993934816
0.00211030722265
0.00212090247767
0.00213169474441
0.00214184570622
0.00215191795266
0.00209302168975
0.00210296918601
0.00211358536227
0.00212391338905
0.00213407238368
0.00214402153744
0.00215405382396
0.0020933709296
0.00210396606033
0.00211424338293
0.00212439138207
0.00213443425272
0.00214466428119
0.00215578494055
0.00209298114735
0.00210342999794
0.00211380510371
0.00212419033934
0.00213509644919
0.00214646514312
0.00215842094573
0.00209289877046
0.00210353446782
0.00211454176407
0.00212617014683
0.00213851412509
0.00215095207733
0.0021414943574
0.0021521597465
0.00216306738579
0.00217444529194
0.00218678339728
0.00219942081288
0.00213134248649
0.00214304314387
0.00215488178991
0.00216774471688
0.00218133635471
0.0021124443058
0.00217787704081
0.00218956855059
0.00220198424291
0.00221525197332
0.00222924291248
0.00215965211136
0.00217311364551
0.00218670178027
0.00220066933631
0.00221578337117
0.00219294865223
0.00220704299445
0.00222113033692
0.00223545023177
0.00225049268136
0.00226648481549
0.00219570503933
0.00225540163304
0.00227035151229
0.00228564556357
0.00230176181007
0.00223065714438
0.00224775212072
0.00226507834944
0.00232191820928
0.00233843472537
0.00226683643695
0.00228460901793
0.00230303819274
0.00232169573543
0.00237659877697
0.00230466063168
0.00232300956993
0.00234238307989
0.00236237649368
0.0023826025882
0.00234458244662
0.00236369698244
0.00238388875937
0.00240509117127
0.00233434448415
0.00238688708572
0.00240722101319
0.00242836355676
0.00245062925404
0.00238042129513
0.00243189611063
0.00245393735368
0.00247643828728
0.00240619355911
0.00245691986815
0.00248038936505
0.00250440944937
0.00252875123658
0.00245887759682
0.00250769477192
0.00253272804758
0.00255871044457
0.00249021811205
0.00253820805462
0.0025637013661
0.00259027871775
0.00252240115019
0.00257020503716
0.00259762264312
0.00262524385935
0.00255754147318
0.00260403392729
0.00263276831456
0.00266238319004
0.00259623142996
0.0026415643577
0.00267104487519
0.00270173695971
0.00274757999475
0.00268201814892
0.00271331445298
0.00274515964774
0.00278944653291
0.00272479862729
0.00275809870296
0.00280256132229
0.00273860641161
0.00277195867485
0.00281566459434
0.0028496651076
0.00278757445488
0.0028232846206
0.00286610973782
0.00290159864716
0.00284027389751
0.00288313562162
0.0029203168775
0.00295800085983
0.00290245191447
0.00293988585888
0.00297826343082
0.00302054235562
0.0029619621138
0.003001661287
0.00304316811716
0.0029849150158
0.00302689407486
0.00306718675424
0.00310869704503
0.0030525165078
0.00309363322202
0.00313545122302
0.00307879196026
0.00312170854825
0.00316539329339
0.00320663978122
0.00315199106921
0.00319317951176
0.00323722852338
0.00318474036052
0.00322591491628
0.00327121437534
0.00331230545132
0.00325973197101
0.00330671838227
0.00334787720068
0.00329746014319
0.00333837766323
0.00338577273332
0.00343406493207
0.0033771672116
0.00342650413234
0.00346780794815
0.00341923001896
0.00346955113041
0.00350991882048
0.00346351667989
0.00350469729203
0.00355631014015
0.0034994880755
0.00355119996145
0.00360427905109
0.00364508226564
0.00360162692368
0.0036426011566
0.00369647151852
0.00363978326687
0.00369446936784
0.00373598481626
0.0036944282649
0.0037356550468
0.00379150029615
0.00373526966189
0.00379206494958
0.00385012073458
0.003794397516
0.00385288624767
0.00389396732117
0.00385578359301
0.0038972454441
0.00395733597167
0.00390225945733
0.00396276061254
0.00400425098206
0.00396847016194
0.00401039612309
0.00407263250506
0.00401839756429
0.00408085882447
0.0041227483488
0.00408970990901
0.00413191703196
0.00419639854387
0.00414287463493
0.00418567001767
0.0042498652304
0.00419664734827
0.00426237535763
0.00430595522611
0.00427643166674
0.00431940143062
0.00438616576837
0.00433380599987
0.00440200358858
0.00444595908773
0.00441914112159
0.00446262652265
0.00450662415761
0.00448045829712
0.00452502893817
0.00459537985341
0.00454465926215
0.00461557681325
0.004564855429
0.00460983658537
0.00468198941935
0.00463241692321
0.00470527063224
0.00475019176819
0.00472894987331
0.0047743848622
0.00482059967837
0.00480064419959
0.0048465769412
0.00482739277881
0.00487322800632
0.00491987824044
0.00490215006288
0.00494897901468
0.00499602191478
0.00497843437355
0.00502545915538
0.00500981579309
0.00505738332969
0.00510531761186
0.00509034129459
0.00513788442783
0.00518606687278
0.00517239121902
0.00522108862861
0.00520877755457
0.0052570751802
0.00530573859971
0.00529423905412
0.00534347532328
0.00529985807563
0.0053830103757
0.00543239240725
0.00538901310424
0.00547299573023
0.00543044640368
0.00548109001819
0.0055661462156
0.00552381460696
0.00557446547836
0.00556807451366
0.00561934202955
0.00567105587953
0.00566583377879
0.00571713799118
0.00567659289207
0.00572883497502
0.00581744560869
0.00577795282595
0.00583065468012
0.00582789499392
0.00588055503484
0.00593405271186
0.00593313362632
0.00598674710149
0.00594864434809
0.00600239339323
0.00609405263715
0.00605704285755
0.00611191101055
0.00607527338798
0.0061683901539
0.00613185811959
0.00618716008821
0.00628169887645
0.00624652484769
0.00630251338282
0.00626745807066
0.00636300922105
0.00641931808487
0.0063852839661
0.00644268848155
0.00644915852664
0.00650611102746
0.00647267322235
0.00653046524206
0.00658879359745
0.0065971029729
0.00665555217415
0.00662343735911
0.00668202166669
0.00669206098778
0.00675133382668
0.00672081298861
0.00678052544601
0.00684023070804
0.00685168671345
0.00691197721022
0.00688278064088
0.00694371459496
0.00691480302842
0.007018117955
0.00698958571137
0.00705121715377
0.00711330397781
0.00708597674651
0.00714824636653
0.00716389649822
0.00722638799867
0.00720001555328
0.00726351844855
0.00723770053378
0.00730121678068
0.00740842841746
0.00738317953731
0.00744764144583
0.0074233296169
0.00748831956058
0.00746405177016
0.00757342954541
0.00754993512265
0.00761572659048
0.00759313524821
0.00765937641003
0.0076368077812
0.00770319154939
0.00776999601082
0.00779382966205
0.00786124684805
0.00784048657236
0.00790792989345
0.00788735159231
0.00795549333335
0.00793593392838
0.00800489450633
0.0079856369683
0.00810065441173
0.00808179610824
0.00815139381318
0.00813356829886
0.00820391875277
0.00818644642915
0.00825669919992
0.00823954849615
0.00831061918652
0.00829450350947
0.00836636705698
0.00839769057973
0.0084693514374
0.00845410813813
0.00852653894368
0.0085123226755
0.00858536662465
0.00865854297247
0.00864449324208
0.00871810884985
0.00870491408153
0.00877949760023
0.0087669910194
0.00884155205005
0.00882915229453
0.00890432272859
0.00889282582458
0.00896892906382
0.00895805777542
0.00903420558528
0.00902338646575
0.00910010938519
0.00909043583841
0.00908122411154
0.00920778292532
0.00919894417998
0.00927653811886
0.00926842580945
0.00934692397424
0.00933971799252
0.00941864311868
0.00941151397727
0.00949064885502
0.00948422274603
0.00956437145701
0.00950886487173
0.00958942919069
0.00958374190565
0.00966456521221
0.00965964664976
0.00974148225212
0.00973747235367
0.00981951351346
0.00981559684959
0.00989796304866
0.00989498060857
0.00997825444239
0.00997602436661
0.0100595465821
0.0100574337819
0.0100558115901
0.0101402341118
0.0101397039877
0.0102247105963
0.0102243892268
0.0103094440686
0.0103097044773
0.0103956953212
0.0103454957742
0.0104320219719
0.0104332242355
0.0105199221494
0.0105217811278
0.0105243475103
0.01061235229
0.0106154846356
0.0107035288699
0.0107069076191
0.0107955671441
0.010800073561
0.0108375186238
0.0108422181653
0.0109318714095
0.0109368721815
0.0109426141036
0.0110334500275
0.011040063348
0.0111312129636
0.0110852425549
0.0111767095787
0.0111840402585
0.0112765323218
0.0112847784572
0.0112931900759
0.0113859205158
0.0113947720355
0.0114352796682
0.0114450758356
0.0115394059675
0.0115494584421
0.0115597223002
0.0116543724435
0.0116656610612
0.0117078513097
0.0117197098626
0.0118155912838
0.0118275540392
0.0118400640368
0.0118832173597
0.0118965637155
0.0119941385772
0.012007750478
0.0121053072633
0.0121195871388
0.0120803563052
0.012179403827
0.012194787747
0.0122938232172
0.0123094785449
0.0123550236701
0.0123715289978
0.012388595694
0.0124892444795
0.0125066120802
0.0125529682562
0.0125707570741
0.0125892918242
0.012691564363
0.0126558490321
0.0127581131335
0.0127773492283
0.0127971992158
0.0129007076211
0.012866521246
0.0129703847988
0.0129911375824
0.0130124318757
0.0130619119869
0.0130840393161
0.0131895748284
0.0132121445074
0.0131793897004
0.0132852761946
0.0133087923229
0.0134156436821
0.0133845382743
0.0134088336456
0.01351604245
0.0134852258232
0.0135932803784
0.0136191599598
0.0136453397785
0.0136983166489
0.0137244391563
0.0138336925126
0.0138050657838
0.0138326761931
0.0139430965995
0.01397102323
0.0139430217034
0.0140538909931
0.0140831076557
0.0141388220253
0.0141684465487
0.0141981773794
0.0142540920635
0.0142843285897
0.014315427634
0.0143725255354
0.0144039701944
0.0145175664849
0.0144928318063
0.0145249771781
0.0146399057728
0.0146165126044
0.0146497216421
0.014765043485
0.0147418129724
0.0148578945336
0.0148925239395
0.0148706841224
0.0149876464447
0.0150227381891
0.0150011729085
0.0151188988975
0.0150984429254
0.0151352560872
0.0152537853123
0.0152335841203
0.0152708961151
0.0153903503352
0.0153714784108
0.015491660523
0.0154730370472
0.0155117492444
0.0156323595814
0.0156146760719
0.0156549467566
0.0157194175105
0.0157597017884
0.0158003831324
0.0158651383982
0.0159066508487
0.0158910534648
0.0160146339462
0.0159991882047
0.0160414827788
0.0161656223186
0.0161512641912
0.0161952292975
0.0162625068253
0.0163065008218
0.0162927873773
0.0164186544642
0.0164639620689
0.0164516123295
0.0165785236785
0.0165662619647
0.016612399599
0.0166817541681
0.0167289065997
0.0167182184761
0.0168467899463
0.0168361713829
0.0168840082115
0.0170133738362
0.0170040229221
0.0170535028918
0.0171252211011
0.0171747056141
0.0171659542913
0.0172970641903
0.0172893283586
0.0173405792701
0.0174138374064
0.0174651034172
0.0174580416626
0.0175909005198
0.017584916197
0.0176379553681
0.0176321400108
0.0177658088277
0.0177604396979
0.0178146519884
0.0178906704914
0.0179455155449
0.0179413291184
0.0180177725655
0.0180730363325
0.0180699544584
0.0182067632654
0.0182042741244
0.0182608765928
0.0182584681964
0.0183960059844
0.0183946237337
0.0184529932234
0.0185322973153
0.018590747233
0.0185900097059
0.0185897547113
0.0187296997902
0.0187303978339
0.0187906897462
0.0188714966785
0.0189319894921
0.0189334421681
0.0190155733029
0.0190774390587
0.0190798499396
0.019141990011
0.0192245482905
0.0192277511017
0.0192912665441
0.019375231228
0.0194390077993
0.0194430803684
0.0194474496494
0.019592036623
0.0195974878763
0.0196631992747
0.0196688872965
0.0197544137363
0.0198204304274
0.0198270701584
0.0199739553087
0.0199813831793
0.0199887421973
0.0200563510049
0.0201437169652
0.0201521680275
0.020221210387
0.0202302302383
0.0203188399831
0.0203881533619
0.0203977437139
0.0204874469621
0.020558215511
0.0205689112774
0.0205796586427
0.0207302887146
0.0207415533428
0.0207534696955
0.0208261972667
0.020917917508
0.0209302725715
0.0210033561431
0.0210163535324
0.0211092879146
0.0211838369172
0.02119786296
0.021211884708
0.0213660845151
0.0213808288743
0.0213961433234
0.0214726796179
0.0215674646892
0.0215832344905
0.0215991953112
0.0216765477278
0.0217727221082
0.0217900654712
0.0218684055852
0.0218857958479
0.0219825178321
0.0220008261737
0.0220805654564
0.0220996600715
0.0221976927025
0.0222168465127
0.0222972904043
0.0223172879885
0.0224168022698
0.0224375237344
0.0225193888421
0.0225401824476
0.0225614161092
0.0226620571863
0.0227455138124
0.0227679237481
0.0227903835958
0.0228917188801
0.0229759413141
0.0229994505942
0.0230234701367
0.023047567181
0.0232118031193
0.0232360292846
0.0232607684792
0.0232860957574
0.0233904542039
0.0234777369003
0.0235035106162
0.0235295265616
0.0235559641717
0.0236616384549
0.0237506499886
0.023778124217
0.0238056565884
0.0239119163976
0.0239401069484
0.0239689317661
0.0240597407955
0.0240889667217
0.0241966077259
0.0242260290389
0.0242560494622
0.0242866273139
0.0243793094338
0.0244885208474
0.0245194549548
0.0245506283336
0.0245824219455
0.0246147527657
0.0247874935183
0.0248200945354
0.0248527481995
0.0248857434753
0.0249192542974
0.0250315760302
0.025065858782
0.0251621965148
0.0251965196992
0.0252312853262
0.025344740535
0.0253805565927
0.0254164921783
0.0254524771072
0.0259384566155
