metodo_1_dt_1:12
5.24808470314e-07
0.00511404620327
0.00511464106554
0.00511531186146
0.00511594837672
0.00511661717696
0.00511820997823
0.00511943267794
0.00512034998291
0.00512173140703
0.005121907255
0.00512240335672
0.00512229857617
0.00512307877915
0.00512238707772
0.0051222719354
0.00512229898828
0.00512310251172
0.00512273119385
0.00512372534118
0.00512454199602
0.00512508701532
0.00512685721968
0.00512818909844
0.00512922043445
0.00513056578124
0.005130487693
0.00513100904101
0.00513081866102
0.00513162019718
0.00513144104903
0.00513148332359
0.00513112159367
0.00513174977175
0.00513208451968
0.0051325216804
0.0051330656566
0.00513467026638
0.00513577766877
0.0051367114777
0.00513797523386
0.00513930016261
0.00513978184755
0.00514039526315
0.00513961209816
0.0051405273439
0.00514021386434
0.00514024345094
0.00514022485538
0.00514020642412
0.00514084276226
0.00514157974051
0.00514239336048
0.00514374634146
0.00514507581942
0.0051462149217
0.00514657005616
0.00514752471872
0.00514909336803
0.00514928709157
0.0051495257026
0.00514886409214
0.00514954399591
0.00514949524628
0.00514943319752
0.00514878790738
0.00514821127023
0.00514778546318
0.00514747038178
0.0051565732261
0.0051556382747
0.00515389148599
0.00515187372407
0.00515950734455
0.00515673869615
0.00516290376404
0.0051586986335
0.00515420880933
0.00515880208176
0.0051632194765
0.00515692499072
0.00516136519993
0.00515523509851
0.00515848183368
0.00516254488842
0.00516594475047
0.00515862870219
0.00516181793535
0.00516399932247
0.00516582924114
0.00516652599587
0.00516682305194
0.00516674855498
0.00516556522411
0.0051641777758
0.00516267449392
0.00517109877505
0.00516878833741
0.00516656624755
0.0051736591868
0.00517090069205
0.00516818919239
0.00517538191208
0.00517161596526
0.00517754389278
0.0051723190843
0.00517750272991
0.00518143137768
0.00517415555561
0.00517655986518
0.00517873337397
0.00518077236558
0.0051818610381
0.00517309399155
0.00517438658309
0.00517487193722
0.00517546614714
0.00517613323563
0.00518673383796
0.00518625935546
0.00518454284097
0.005183432213
0.00519096423906
0.00518812426422
0.0051839507106
0.00518941149627
0.005184721504
0.00518989515053
0.00518407831961
0.00518822973372
0.00519149811043
0.00518599853443
0.00518955349596
0.00519209978346
0.00519458480187
0.00519692396756
0.00519900537862
0.00519967902405
0.00519995340555
0.00519982693884
0.00519828718188
0.00519647904315
0.00519444830194
0.00519229955528
0.00519897291313
0.00519462970974
0.0052015116907
0.00519744157288
0.00520342944002
0.00519841681582
0.00520330866089
0.00519806934908
0.00520252452603
0.00520543097795
0.0052080153684
0.00520900748284
0.00521083757557
0.00521120688629
0.00521015394821
0.00521024663803
0.00520783878326
0.00520673177933
0.00520453469014
0.0052124384518
0.00521053002192
0.00520870622725
0.00521546612343
0.00521090794261
0.00521730274644
0.00521214485551
0.00521650300089
0.00521921214383
0.00521166870288
0.00521378938873
0.00521568588892
0.00521615881395
0.00521666001836
0.00521590633104
0.00521661801899
0.00521477498352
0.00521444566611
0.00522271761199
0.00522107217413
0.00521923440766
0.00522566460428
0.00522187449365
0.00522762039372
0.00522168240109
0.00522531297893
0.00522864865352
0.00523186704426
0.00522364774591
0.00522531236005
0.00522561206088
0.005226082809
0.00522671774311
0.00522750215955
0.00522683195727
0.00523604974576
0.00523375931897
0.00523268899446
0.0052381957177
0.005234903752
0.00523967084726
0.00523421928872
0.00523838613118
0.00524082804038
0.00523486401762
0.00523569899864
0.00523821848222
0.00523928295142
0.0052405261368
0.00524036873228
0.00524025870839
0.00524013835775
0.00523983906588
0.00524755567583
0.00524510308124
0.00525056955417
0.00524576517833
0.00525051600638
0.00524514865989
0.00524785831502
0.00525048013973
0.00524323302123
0.00524431840924
0.00524558972471
0.0052469980007
0.00524856953495
0.0052485229422
0.00525663587808
0.00525643286821
0.00525428409861
0.00525177199266
0.00525707244832
0.00525389561482
0.00525853783027
0.00526118550485
0.00525378484522
0.00525621236337
0.00525865074692
0.0052594493443
0.0052603945076
0.00526151375427
0.00526102844832
0.00526062553096
0.00526016803959
0.00526937789092
0.00526674753139
0.00526379621568
0.0052685172883
0.00526302021091
0.00526704056366
0.00527086563258
0.0052726763477
0.00526458659284
0.00526448932147
0.00526636411724
0.00526658511021
0.00526512784205
0.00527545426577
0.00527417123637
0.00527288927302
0.00527938329065
0.00527579753373
0.00528168065656
0.00527550022395
0.00528072907953
0.00528178199677
0.00527471761762
0.00527536982382
0.00527595599915
0.00527661300597
0.00527543456204
0.00528418198841
0.00528334053048
0.0052807000435
0.00527810917839
0.00528528213746
0.0052805036587
0.00528529758786
0.00528977272556
0.00528409969125
0.00528584049984
0.00528730378399
0.00528648973516
0.00528555379822
0.00528451639207
0.00529331626538
0.00529044070807
0.00528771876846
0.00529497377952
0.0052905002981
0.00529588907568
0.00529149344877
0.00529671337053
0.00529959125537
0.00530003770681
0.0053022484944
0.00530201477273
0.00530148128856
0.00530069316515
0.00529764747717
0.00530433948378
0.00529916948711
0.00529624534502
0.005301113149
0.00530617600134
0.0052994997993
0.00530262794901
0.0053057204496
0.00530647583281
0.00530697714999
0.00530718944746
0.00530703017241
0.00531404583724
0.00531106657783
0.00530565786469
0.00531204519368
0.00530640239165
0.00530833720019
0.0053126384613
0.00531490745707
0.00531732465568
0.00531765184165
0.00531806726507
0.00531843277171
0.00531864220133
0.00531631398561
0.00532340503498
0.00531815250839
0.00532227509513
0.00531635667737
0.00531993614344
0.00532108578338
0.00532220400864
0.00532336538243
0.0053246478521
0.00532378881091
0.00532313702507
0.00532028316734
0.00532722342501
0.00532434840053
0.00533108869189
0.00532549858503
0.00532928002947
0.00533270900885
0.00533340439805
0.00533384388743
0.00533405530227
0.00533170868665
0.00532929322563
0.00532698061452
0.00533207521144
0.00533011107261
0.00533555413593
0.00533870472866
0.00533226908848
0.00533547798832
0.00533849704298
0.00533880403815
0.00533878131087
0.00533844047999
0.00533778542229
0.0053439785522
0.00533780765007
0.00534369529681
0.00533736641901
0.00534076502259
0.00534428501703
0.0053454984429
0.00534691599058
0.00534847265334
0.00534754959215
0.00534656941611
0.00534544365664
0.00535118303
0.00534691112202
0.00535195137846
0.00535667245914
0.00534889198486
0.00535054798239
0.00534946828213
0.00535093717038
0.00534992654985
0.00535608284901
0.00535537801667
0.0053522288305
0.00535890727513
0.00535337730464
0.00535745228885
0.00536133565983
0.00536494989659
0.00536563533353
0.0053659527472
0.00536595162835
0.00536298099908
0.00535979475882
0.00536615178539
0.0053601688938
0.00536383353047
0.00535804769598
0.00536208670592
0.00536363167475
0.00536530427428
0.00536429379487
0.00536596463723
0.00537440600927
0.00537018994224
0.00536841002939
0.00537313478884
0.005377553838
0.00536933630855
0.00537050675492
0.00537152147535
0.00537255104493
0.00537085722229
0.00536933987098
0.00537759297577
0.00537362582725
0.00537943949324
0.00537572466045
0.00537870778604
0.00538152043814
0.00538406679152
0.00538631328558
0.0053853907071
0.00538409599873
0.00538255880014
0.00538752567919
0.00538282147746
0.0053876529898
0.00538010138894
0.00538228481821
0.0053847075241
0.00538729205165
0.00538711610431
0.00538701033524
0.00538394381687
0.00539320321867
0.00538969621248
0.00539249322725
0.0053978697889
0.00539045138162
0.00539232973556
0.005391050836
0.00539255355862
0.00538818936248
0.00539643488812
0.00539227989226
0.00539786230251
0.00539409953466
0.0054000296678
0.00540306001657
0.00540301088338
0.00540574872842
0.00540525883854
0.00540445390951
0.00540329387145
0.00540831497854
0.00540350413241
0.00540807049639
0.0053999618738
0.00540135603039
0.00540281105806
0.00540442438626
0.00540322679822
0.00541173243514
0.00540774016971
0.00540689354034
0.00541246107891
0.0054147510123
0.00541031498415
0.00541198773264
0.00541330051237
0.0054112423317
0.0054119801699
0.00541890273982
0.00541309393234
0.00541680543417
0.00541421765028
0.00541502182091
0.00541913266869
0.00542032714956
0.00542166227187
0.00541987905274
0.00541800948427
0.00541595351386
0.00542312350068
0.00542681679088
0.00542383305307
0.0054236321703
0.00542635497691
0.00542569020589
0.00542495086777
0.0054209335897
0.00542970546262
0.00542598290282
0.00542869814834
0.00542534514882
0.00542834916364
0.00543139363673
0.00543117286411
0.00543074571491
0.00542998461805
0.00543838678177
0.00543373000716
0.00543823479856
0.00543297485473
0.00543366333958
0.00543427990825
0.00543490894047
0.00543560387648
0.00543316112601
0.00544033292377
0.00543827585977
0.00544251394779
0.00543729318491
0.00544143403899
0.00544206827377
0.00544242527498
0.0054424458298
0.00544209995073
0.00544748259632
0.00544323075687
0.00544818928919
0.00544023211761
0.00544168897984
0.00544323273338
0.00544498101557
0.00544352651276
0.00545162261051
0.0054504705235
0.00544596381974
0.00545077107976
0.00545537727428
0.00545625295634
0.00545680034136
0.0054570394113
0.00545691968256
0.00545309714277
0.00545846599908
0.00545434322753
0.00545618818213
0.00545808761271
0.00545076541633
0.00545301904046
0.00546140044871
0.00546051934718
0.0054596513554
0.00546455958674
0.00545991714693
0.00546436913112
0.00546497797597
0.00546871018711
0.00546862865829
0.00546477898545
0.00546073645176
0.00546944412692
0.00546174911917
0.00546704031329
0.0054689698299
0.00547107479211
0.00546980874423
0.00547220445972
0.00547112426633
0.00546635273951
0.00547424966245
0.00547830946814
0.0054726747566
0.00547247585142
0.00547194170235
0.00547109081843
0.00547009316629
0.00547470802973
0.00547360474006
0.00547470018306
0.00547955436301
0.00547167384549
0.00547332166815
0.00548436448388
0.0054824610781
0.00548047627131
0.00548757497937
0.00548145675129
0.0054842683801
0.00548670297567
0.00548883461945
0.00548703397889
0.00548504054302
0.00548292176356
0.00548641811186
0.00548443464173
0.0054882139283
0.00548845891681
0.0054888691681
0.00548941757135
0.00548995130658
0.00549041136202
0.00549617312489
0.00549236114852
0.00549377033457
0.00549480674495
0.00549549876281
0.00549592019602
0.00549614010681
0.00549255407442
0.00549445626002
0.00549091343391
0.00549304834775
0.00549536799633
0.0054978949763
0.00549670294539
0.00549929315812
0.0055034571049
0.00550195232638
0.00550557049634
0.00549958148948
0.00550248981427
0.0055012402658
0.00549975856597
0.00550727941243
0.00550544128422
0.00549980563955
0.00550352623127
0.005507382334
0.00550757969276
0.00550789909652
0.00550837889876
0.0055049812555
0.00551452575405
0.00551074692065
0.00551199447093
0.00551680640298
0.00551735013179
0.00551754657039
0.00551357785634
0.0055133372779
0.00551438372243
0.00551013808147
0.0055151570234
0.00551645597894
0.0055179640387
0.00551566987236
0.00551346463413
0.00552043987549
0.00551811396649
0.00552080509236
0.00552709338906
0.00551593800651
0.00552675484635
0.00552410083995
0.00552116660553
0.00551802723017
0.0055199637984
0.00552591139834
0.00552401726173
0.00552623206638
0.00552461753481
0.00552317213812
0.00552185826416
0.00552966739481
0.00553329352434
0.00552753666009
0.0055265912542
0.00552529438674
0.0055368088203
0.00553074012376
0.00552843679717
0.00553108869654
0.00553360619704
0.00553206942943
0.00553465867218
0.00553337611448
0.00553228579387
0.00553640186725
0.00553144385156
0.00553558580563
0.00553961302816
0.00553927551647
0.00553861377678
0.00553756720309
0.00554527901286
0.00553945804904
0.00554245951943
0.00554522943684
0.00554381022756
0.00554239631548
0.00554109002431
0.00553991163721
0.00554385461624
0.00553887057214
0.00554306514321
0.0055430710779
0.00554291862363
0.00554248717438
0.00555084729345
0.00554557547835
0.00554898126717
0.00555204050029
0.00555485968215
0.00555329875091
0.00555162040725
0.00554573229169
0.00555321123021
0.00554762784961
0.0055512442999
0.00555077944657
0.00555460337508
0.00555417516444
0.00555843617354
0.00555759192411
0.00556119501947
0.00555539370599
0.00555403735384
0.00555658199624
0.00556363797607
0.00555716664636
0.00555488425492
0.00555739400132
0.00555997376621
0.00556269521218
0.00556132420146
0.00556007637625
0.00555893379073
0.00556672913439
0.0055610309798
0.00556409810622
0.0055668557769
0.00556488868709
0.00556254471443
0.0055688282481
0.00556588231589
0.00556741030345
0.00556881994428
0.00557024982312
0.00557174790608
0.00556909877622
0.00556658748197
0.00556884230773
0.00556650708855
0.005568773313
0.00557085447443
0.00556831105299
0.00557871715077
0.00557541629811
0.00558073766843
0.00557229763986
0.00557255298384
0.0055726385365
0.0055726059722
0.00557716559216
0.00557283529641
0.00557759875193
0.0055735579437
0.0055742153966
0.0055749128887
0.00558450930335
0.00558048764954
0.00558066243625
0.00558499196762
0.00558446297065
0.00558799918696
0.00558672338812
0.00558518435891
0.00557897883682
0.00558160607438
0.00558867700525
0.00558693543438
0.00558087543115
0.00558834851412
0.00558698878105
0.00558566281471
0.00558874989645
0.00559159934482
0.00559415590735
0.00559183940681
0.00559364630266
0.00559055707782
0.00559602662046
0.00558772317917
0.00558817792034
0.00558851951572
0.00558887923196
0.00559367253202
0.00558968404329
0.0055947643484
0.00559108022401
0.00559175996038
0.00559231049676
0.00559270034041
0.00560168236109
0.00559684757694
0.0056004618552
0.00560367095203
0.00560195444369
0.00559997972603
0.0055977566485
0.00560433066564
0.00559740857379
0.00559947440007
0.0056016781416
0.00560399784497
0.00560182799201
0.00559966485274
0.00560630161433
0.00560808977033
0.00560067927445
0.00560174818108
0.00561129958379
0.0056069513815
0.00560221110872
0.00560603246147
0.00560963842417
0.00560852061888
0.00560738559081
0.00560632410101
0.00560540243041
0.00560877306993
0.00561227275128
0.00561574401895
0.00561441440836
0.00561288992317
0.00561105964091
0.00561767331178
0.00561030784786
0.00561135197287
0.00561206500083
0.00561251183062
0.00561678657787
0.00561214860302
0.00561632772413
0.00562059580846
0.00562027077803
0.00562003771366
0.00561990795376
0.00561506244845
0.00561888823391
0.00562245696073
0.00562569970315
0.00562377879742
0.00562148800077
0.00561877791562
0.00562442681358
0.00562501950277
0.00561665438172
0.0056257178167
0.00562603087632
0.00562156287729
0.00562603123335
0.00562186540381
0.00562173575009
0.0056215767405
0.00562129703632
0.00562956662797
0.00562874425706
0.00563142130693
0.00563367068133
0.00563069502993
0.0056321909036
0.00562854167956
0.00563340244241
0.0056245497083
0.00562933431854
0.0056293233719
0.0056294227763
0.00563350518119
0.00562893084423
0.00563308257592
0.00563710155121
0.00563212017092
0.00563937059192
0.00563752543859
0.00563522620883
0.00563632520902
0.00563703804313
0.00563743882248
0.00563769575642
0.00563288085267
0.00563676352329
0.00563199065269
0.00563607656057
0.00563535688986
0.00563469776738
0.00563397123786
0.00564184434864
0.00564450569579
0.00563813663198
0.00564003318328
0.00564148226729
0.0056462362589
0.00564195753914
0.00564602025314
0.00564487366734
0.00564366248309
0.00564243463959
0.00564126800765
0.00564887442082
0.00564293174791
0.00564575744093
0.00564852916628
0.00564614571571
0.00565211780807
0.00564908812093
0.00565431894785
0.00564544674726
0.00565339190059
0.00565231660268
0.00565097192648
0.00565299831168
0.0056462919639
0.00564818055872
0.00565011098291
0.00564719168337
0.00565295266672
0.00565012738239
0.00565586858349
0.00565641786133
0.00565670947933
0.00565661564021
0.00565098904518
0.00565862465835
0.00566075039897
0.00565740164596
0.00565884303336
0.00565494440592
0.0056509382729
0.00565554857484
0.00565509740093
0.00565983920869
0.00565960184441
0.00565427196772
0.00566263400358
0.00565704710836
0.00565978017515
0.00566215559204
0.00565896423445
0.0056639131137
0.00565979750459
0.00566385890367
0.00566251615065
0.0056660996092
0.00566438578675
0.00565749742251
0.00566438612787
0.00566623662981
0.00566816401935
0.00566494754
0.00566683746157
0.00566339685408
0.00566816732462
0.00566741380111
0.0056713451629
0.00566964288972
0.0056675247117
0.00567354988762
0.00566550247683
0.00566576669245
0.00566592191645
0.0056660732984
0.00566956049567
0.00566458978842
0.00566828613404
0.00566677316401
0.00567038089261
0.00566856857915
0.00567495202727
0.00567571900727
0.00567280605754
0.00567262304765
0.00567202020144
0.00567423745917
0.00567293417728
0.0056746434469
0.005676192591
0.00567244790875
0.0056740817516
0.00567898526783
0.00567548615603
0.00567519170849
0.00568005905216
0.0056794964397
0.00567332131144
0.00568046366739
0.00568185000575
0.00567963114186
0.00567478780272
0.00568334001758
0.00567774860861
0.00568041373962
0.00567450878636
0.00567704521165
0.00567426567672
0.0056800311046
0.00567739997875
0.00568326528021
0.00568366111049
0.00568381296133
0.00568365717701
0.00568311094841
0.00568516671216
0.00568673134265
0.00568779513471
0.0056885073887
0.00568352305523
0.00567828385711
0.00568136217304
0.00568437782076
0.00568210046842
0.00568526744519
0.00568610930284
0.00568392513056
0.00568465988359
0.0056905693737
0.00569072819702
0.00568505288498
0.00569269179171
0.00569448868676
0.00569579133646
0.00569667313573
0.00569178695228
0.00568667206296
0.005689840431
0.00569297804068
0.00569068880246
0.00569390021354
0.0056863114932
0.00569252356842
0.00569022695424
0.00569058013386
0.00569064355837
0.00569862294833
0.00569228554227
0.00569380377527
0.00570032770404
0.00569549120923
0.00569581529166
0.00569037855191
0.00569315940062
0.00569595292824
0.00569877792507
0.00569614111712
0.00569354785305
0.00569926809738
0.00569105888492
0.00569641917715
0.00569587198424
0.00570325110271
0.00569627563836
0.00570265259779
0.00570303788642
0.00570297062229
0.00569706510602
0.00569645445451
0.00569847315761
0.00570047068106
0.00570247414336
0.00569899778973
0.00569558138211
0.00570040364186
0.00570506469734
0.00570390461829
0.00570796416395
0.00570601689538
0.00569795082956
0.00570324138352
0.00570250626162
0.00570133966595
0.00569985077289
0.00570636173175
0.00570715540069
0.00569961602566
0.00570042040725
0.00570951468798
0.00570474756405
0.0057082163513
0.00570325265448
0.00570632279851
0.00571158847029
0.00570815164569
0.00570422839933
0.00570804807561
0.0057057240978
0.00570296206845
0.00570809891408
0.00570479351236
0.00570955104508
0.00570861323751
0.00570770034786
0.00570683774239
0.00570858657824
0.00570766840104
0.0057091590531
0.00571035261675
0.00571376513581
0.00571410613832
0.00571645716194
0.00571829081399
0.00571396977777
0.00571493129303
0.00570980264147
0.00571264612905
0.00571534093857
0.00571230735253
0.0057092923362
0.0057062811189
0.00571146998436
0.00571661734563
0.00571589516023
0.00571482028928
0.0057133558838
0.00571388373694
0.00571961965474
0.00571910489437
0.00571803946937
0.00571081472955
0.00571716363576
0.00571755108996
0.00571777264999
0.00571788554509
0.00571228839073
0.00572067700337
0.00571513731586
0.00571188336902
0.00571418746599
0.00571861443576
0.00571447438762
0.00571794877817
0.00572089039861
0.00571753283313
0.00571370645085
0.00571754798376
0.00572102038836
0.00571844252678
0.00572153003909
0.00571877294237
0.00571831172973
0.00571555659828
0.00571510856289
0.00571456868837
0.00572199431073
0.00572088678314
0.00572169051906
0.00572201237748
0.00572177447607
0.00572098860734
0.0057219583493
0.00572018347001
0.00572038404356
0.00571445020638
0.00572229809821
0.00571613483097
0.00571807029933
0.00572003423714
0.00572195502382
0.00571790751615
0.00572172452381
0.00572524325532
0.00572829956994
0.00573080053174
0.00572689150486
0.0057305502024
0.00572560407583
0.00572236514435
0.00571877341043
0.00572885191998
0.00571895318298
0.00572294955638
0.00572691513855
0.00572495624633
0.00572299588566
0.00572310515417
0.00572883303519
0.00572831699888
0.00572732821696
0.00572581035451
0.00573181861951
0.00573133458445
0.00573028649063
0.00572878943111
0.00572694617879
0.00572692567869
0.00572672045956
0.00572644274242
0.00572616374514
0.00572587157942
0.00572760608053
0.00572922401608
0.00573055401371
0.00573157694556
0.00572615853706
0.00572819526592
0.00572966776697
0.00573057012636
0.00573094922743
0.00573288674259
0.00572642922999
0.00572772655637
0.00572884933375
0.00572389955476
0.0057269277251
0.00572991986469
0.00573289717284
0.00572971917085
0.00573226048699
0.00573638304089
0.00573207970716
0.00572921300929
0.00573176957899
0.00573569774095
0.00573108095086
0.00573403966098
0.0057305540486
0.00572679387623
0.00573079419609
0.00572675558713
0.00573067475116
0.00572856826708
0.00572630870999
0.00573187214255
0.00572922255897
0.00573412045035
0.00573249573088
0.00573028254433
0.00573543647248
0.0057400295234
0.00573799045654
0.00573547532586
0.00573254377561
0.00572935580911
0.00572788334268
0.00573232568668
0.00573066010299
0.00573693705463
0.00572909941709
0.00573508152434
0.00573470941508
0.00573386981249
0.00574051114446
0.00573256544241
0.00573800224744
0.00573673521559
0.00573491601391
0.00573445250603
0.00573967487409
0.00573058152797
0.00573707702435
0.00573562344606
0.00572798843472
0.00573432679689
0.00573444646946
0.0057343482271
0.00573574185552
0.00573495604854
0.00573538039669
0.00573522652184
0.0057344280455
0.00574098441435
0.00573290518782
0.00573217560737
0.00573109151165
0.00573757535542
0.00573600437602
0.00573602673683
0.00573597802651
0.00573587416001
0.00573569310124
0.00573696722239
0.00573793857966
0.0057384422367
0.00573844893887
0.00573786547992
0.00573831260728
0.00573811597591
0.00573737843812
0.0057361412549
0.00574235520888
0.00573419048793
0.00573368393493
0.00573309406072
0.00574027247486
0.00573330635939
0.00573404770584
0.0057345874701
0.00573478391862
0.00574239601756
0.00573537486994
0.00573554985455
0.00573514129293
0.00574191766186
0.00574027699912
0.00573973529091
0.00573875063359
0.00573751402705
0.00573602816107
0.00573597772897
0.00573587366874
0.00573568711555
0.00573536924617
0.00573479824311
0.00573540250099
0.00574183928388
0.00574148449748
0.00573417884413
0.0057403071942
0.00573952245238
0.00573816499111
0.0057363027405
0.00573401778515
0.00573915889254
0.005737857168
0.00573639764291
0.00573487637291
0.00574101501513
0.00573292582507
0.00573239635597
0.00573928209448
0.00573786331185
0.00574365478684
0.00573472912012
0.00573294638538
0.00573827589802
0.00573520508787
0.00573938373273
0.00573686474189
0.00573398878543
0.00573088597715
0.00573539223085
0.0057398145911
0.00573783248859
0.00573566275369
0.00574094073391
0.00573810773486
0.00573617450817
0.00574004632211
0.00574462326141
0.00574075969485
0.00573766628221
0.00574032899703
0.00573609591245
0.00573913667119
0.00573414435797
0.00573664330315
0.00573267270422
0.00573624048004
0.00573200826301
0.00573530730721
0.0057383403957
0.0057346039118
0.00573805551012
0.00573315884595
0.00573537026834
0.0057368592876
0.00573901644074
0.00573284576443
0.00573383018431
0.00573440340091
0.00573463832112
0.00573591790011
0.00572934610633
0.00573037366257
0.00573125312491
0.00573963450605
0.00573360201282
0.00573484995167
0.00573561222762
0.00573571867446
0.00573637929123
0.00574279130288
0.00574211589565
0.00574081996675
0.0057389745469
0.00573789265928
0.00572883172945
0.00574130434033
0.00573307077906
0.00573115109645
0.00573668890486
0.00573563796841
0.00573427771547
0.00573246085243
0.00573773512688
0.00573591080096
0.00573992001427
0.00573673648896
0.00574049403955
0.00573712488825
0.00573971868082
0.00573538907811
0.00573071763959
0.0057334115429
0.00573591305182
0.00573183304829
0.00573408651794
0.00573720365937
0.00573240701246
0.00573477878797
0.00573772488457
0.00573240596179
0.00574047694887
0.0057348419528
0.00573500898737
0.00573458190973
0.00573465788515
0.00573425693463
0.00573352262882
0.00573255875115
0.00573245497316
0.00573112948345
0.00573072968287
0.00573765289678
0.00573669961444
0.0057362972927
0.00573531327451
0.00574020906997
0.00573787922553
0.0057358484994
0.00573206863643
0.00572868207054
0.00573233436843
0.00572791264005
0.00573070033966
0.00573322263554
0.00572901961983
0.00572467262812
0.0057277233876
0.00573044705062
0.005732856055
0.00572821859631
0.00573711193557
0.00573876581341
0.0057331038616
0.00573328688987
0.00572624549599
0.00573260400096
0.00573178911014
0.00573054970179
0.00572988546965
0.00572803599709
0.00572689799105
0.00572557280836
0.00573159832592
0.005729844442
0.00572865716216
0.00573351978297
0.00573120269182
0.00573573089958
0.00572542868813
0.00572844614739
0.00572414321033
0.00573328689785
0.00573525486709
0.00572266402319
0.00573124397006
0.00572546241897
0.00572613646984
0.00572748153692
0.00572198967026
0.00573030368464
0.0057241145559
0.00573158302415
0.00573175553712
0.00573122681024
0.00572332370905
0.00572878528756
0.00572687816993
0.00572429237545
0.00572854556467
0.00572487599314
0.00572168541604
0.00572481680941
0.00572109814747
0.00572464094528
0.00572796860308
0.005724367199
0.00572696866642
0.0057223719568
0.00572463422922
0.00572615042256
0.00572694596499
0.00572770995268
0.00572024767223
0.00571960461838
0.00571840226653
0.0057240782517
0.00572194011797
0.00572024189427
0.00571838490321
0.0057237451533
0.00572137457482
0.00571945824293
0.00572382104049
0.00572093987364
0.00572485605035
0.00572055568794
0.00572290730173
0.00571783685644
0.00571940225727
0.00572697096748
0.00571978644839
0.0057202631589
0.00571964425512
0.00571939943533
0.00571147925415
0.00571820951215
0.00571725226103
0.00571600121363
0.00571495402408
0.00572005227732
0.00572516259684
0.00572215580235
0.00571901099489
0.00572176968478
0.00571703238305
0.00571901738781
0.00571302593749
0.00571386288917
0.00571430079314
0.00571507238789
0.00570823348545
0.00571527837777
0.00570856607636
0.00571557946308
0.00571484145995
0.00571410838405
0.00571266401461
0.0057178165073
0.00571481554883
0.00571838486547
0.00571440105522
0.00570970666685
0.00571172074405
0.00571327457573
0.00571440072066
0.00570843196528
0.00570896215546
0.00570982836478
0.00571043394604
0.00571068476807
0.00571094408963
0.00571010464332
0.00570910400836
0.00571464244447
0.00571203480694
0.0057159184165
0.00570495858205
0.00571469879951
0.0057096713255
0.00571145518684
0.0057054681528
0.00570702754346
0.00570782734223
0.00570151832367
0.00570223167953
0.00570256111583
0.00570971347814
0.00570896835074
0.0057079230042
0.00570611066529
0.0057035045081
0.00570735235835
0.00571039268982
0.00571269444128
0.00570752351267
0.00570185517478
0.00570305866534
0.00570386926155
0.00570444692468
0.00570517576983
0.00569833796959
0.00569837567092
0.00569785531066
0.00570404136323
0.00570946592724
0.0056999385548
0.00570413050616
0.00570020147433
0.00570271741773
0.00570454941882
0.00570570166768
0.00569943342463
0.00570001606975
0.00569302608237
0.00570023963368
0.00569991413534
0.00569960416322
0.00569855496745
0.00569735144528
0.00570270727538
0.00570007004196
0.00569695620615
0.00569993833144
0.00570237705237
0.00569675951633
0.00569760820449
0.00569785525223
0.0056906547565
0.00569713690213
0.0056891117082
0.0056952508005
0.00569393301786
0.00569221109782
0.00569039521162
0.00569488824573
0.00569184987865
0.00569527456068
0.00569784198109
0.00569950295811
0.00569341603593
0.005693427084
0.00569299995454
0.00569186253741
0.00569018356385
0.00568836110457
0.00568590632483
0.00568338773177
0.00568748431008
0.00569149061511
0.00568811613487
0.005691146941
0.00569340905188
0.00568798319678
0.00568891419249
0.00568896210618
0.00568811646305
0.00568642713054
0.00568418977029
0.00568132158275
0.00568486088984
0.0056880997072
0.00568383397639
0.00567942746833
0.00568170925175
0.0056838093302
0.00567823164703
0.00567924286193
0.00568677378034
0.00568627225013
0.00568513236409
0.00568999879247
0.00568706009934
0.00568329471511
0.00568588391196
0.00568079170825
0.00568211961314
0.00567600314372
0.00567669931393
0.00567699864758
0.0056769670712
0.00567654474717
0.00567581809599
0.0056814523543
0.00567935351533
0.00567642940509
0.00567980903044
0.00567525718258
0.00567675171158
0.00567043279841
0.00567746951081
0.00567678741666
0.00566854578432
0.00566680263297
0.00567179253628
0.00566949042178
0.00566678595834
0.00567077339972
0.0056671489817
0.00567001379564
0.00567213556535
0.00567351737291
0.00566685858657
0.00566639512678
0.00566506598029
0.00566993472422
0.00566690141202
0.00566323709664
0.00566608413676
0.00566841699164
0.00567039250531
0.00565786333413
0.00566618938037
0.00566700367345
0.00566735699185
0.00566706026035
0.00566594447599
0.00566403716986
0.00566829397507
0.00566453182922
0.00565984265947
0.00566840240639
0.00566208905328
0.00566211350938
0.00565444475127
0.00566045330398
0.00565894991387
0.00565711484939
0.00566197094315
0.00565923520589
0.00565600129461
0.005659206473
0.0056615940772
0.00566308874663
0.005656563728
0.00565618202048
0.0056549002818
0.00565971205482
0.00565665206773
0.00565287036031
0.00565557142378
0.00565070099315
0.00565246480617
0.0056466890325
0.0056546761873
0.00564809879714
0.00565507260294
0.00565425610617
0.00565257773203
0.00565711142137
0.00564660022214
0.00565622368371
0.00565074651153
0.00564441286575
0.00564425153635
0.00564341332482
0.00564890276334
0.00563977951267
0.0056443754824
0.00564145883462
0.00563814291078
0.00564131351609
0.00564388721701
0.00564581798385
0.00563976241373
0.00564692842447
0.00564602097537
0.00564412700859
0.00564128721535
0.00563739245428
0.00563976015759
0.00563427550261
0.00564235726364
0.00563572066681
0.00563566838269
0.00563517938643
0.00563414049763
0.0056397481724
0.00563758053261
0.00564179437617
0.00563804919364
0.00564037185854
0.00563460714527
0.005634927019
0.00563412107852
0.00563258959854
0.0056300395251
0.00563371057428
0.00562974930024
0.00563223072016
0.0056271138835
0.00562877024443
0.00562971045964
0.00563017238418
0.00563001210925
0.00562910584427
0.0056271466957
0.00563136013816
0.00562741970827
0.00562965850063
0.00563068843599
0.00563079127247
0.00562283198602
0.00562131676259
0.00562614952409
0.00562322924961
0.00561981280991
0.00561596402164
0.00561861415152
0.0056207135604
0.00561500860506
0.00562259372399
0.00562217924619
0.00562077328723
0.00561835203436
0.00561489554022
0.00561736932919
0.00561891232703
0.00561240223009
0.00561206690652
0.00561821151835
0.00561667346364
0.00561460404349
0.00561184881802
0.005615770369
0.00561192840526
0.00561463861865
0.0056162808419
0.00561698683875
0.00561670822068
0.00560822533539
0.00561280718309
0.00560919226561
0.00561177907608
0.00560629541384
0.00560695906017
0.00560695413891
0.00559914514931
0.00560494906809
0.00560310132842
0.00560796060594
0.00560502021502
0.00560824583207
0.00560378427534
0.00559809181511
0.00560553594108
0.00559777226487
0.00560305392623
0.00560009897214
0.00560310791653
0.00559827695051
0.00559958401861
0.00559295051324
0.00559986449386
0.00559217504517
0.00559085516672
0.00559589262085
0.00559344667427
0.00602436479742
