metodo_2_dt_1:12
3.00653240312e-06
0.0118454028164
0.0118498704699
0.0118569025527
0.0118625840023
0.0118689458032
0.0118750861923
0.0118810784977
0.0118869882673
0.0118945982902
0.0118986719568
0.0119056755571
0.0119120032106
0.0119186506381
0.0119237442027
0.0119314130464
0.0119386789839
0.0119455532984
0.0119511000404
0.0119562548534
0.0119636052441
0.0119697532439
0.0119792941321
0.0119830363894
0.0119902353024
0.0119992224711
0.0120070978779
0.0120137936614
0.0120183136569
0.012024786813
0.0120342446832
0.0120415415562
0.0120465624716
0.0120545756112
0.0120638725586
0.0120707722325
0.0120751213895
0.012085434501
0.0120931334198
0.0120971476593
0.0121081475279
0.0121153282988
0.0121184767515
0.0121277597262
0.0121328038276
0.0121440259838
0.0121507466577
0.0121581478874
0.0121653034915
0.0121729348439
0.0121800942446
0.0121866421901
0.012193249422
0.0121989291852
0.0122094412379
0.0122187819307
0.0122198686351
0.0122322757781
0.0122359726057
0.01224381209
0.0122486153807
0.0122572473155
0.0122688262663
0.0122701926679
0.0122805464967
0.0122866395673
0.0122947924297
0.0122980490485
0.0123110855543
0.0123113517754
0.0123213513984
0.0123255835523
0.0123302796905
0.0123414484746
0.0123510850929
0.012357932099
0.0123614309115
0.0123739985581
0.0123740327907
0.0123740725607
0.0123878994121
0.0123920426895
0.0124014214198
0.0123988813429
0.0124061674431
0.0124209963386
0.0124218567806
0.0124280076845
0.0124321188837
0.0124363593299
0.0124425943771
0.0124504354014
0.0124544440659
0.0124602942401
0.0124611087212
0.0124681408557
0.0124744666612
0.0124750871915
0.0124800875592
0.012483613183
0.0124907929106
0.0124959441781
0.0124980330106
0.0125020313667
0.0125025029345
0.0125093271553
0.0125129650292
0.0125155798718
0.0125194887782
0.0125217898338
0.0125248563628
0.012525798832
0.0125306723559
0.0125283714181
0.0125338287406
0.0125326216356
0.0125365890367
0.0125386290047
0.0125367892864
0.0125398875954
0.0125394884891
0.0125402891589
0.0125439479424
0.0125424970998
0.0125413904875
0.012543018666
0.0125399032806
0.0125423228002
0.0125404757416
0.0125390605695
0.0125363330876
0.0125352384005
0.0125344342507
0.012531492868
0.0125291811973
0.0125271259487
0.0125259334694
0.0125233364251
0.0125183120401
0.0125158296083
0.0125128895327
0.0125091818682
0.0125053798164
0.0125002175817
0.0124955724944
0.0124887268966
0.0124846824782
0.0124798468529
0.0124739616734
0.0124658065513
0.0124614875841
0.0124541120517
0.0124464065473
0.012438637573
0.0124313444334
0.0124240881158
0.0124151846501
0.0124060907364
0.0123981663428
0.0123878990632
0.0123784441591
0.0123686866154
0.0123586008981
0.0123481810804
0.0123367331336
0.0123255280615
0.012314019389
0.0123020970052
0.0122897376748
0.0122770278351
0.0122641389286
0.0122505914149
0.0122368730835
0.0122225994588
0.0122083567366
0.0121936694957
0.0121778524148
0.0121629001781
0.0121467908778
0.012130806798
0.0121136198562
0.012095554555
0.0120783109916
0.0120601101049
0.012042929484
0.0120236893289
0.0120046552403
0.0119853328819
0.0119650843314
0.0119445778001
0.0119242242805
0.0119031514356
0.01188241834
0.0118597336502
0.0118374066148
0.011813831906
0.0117915755644
0.0117667582349
0.011743177056
0.0117185445998
0.0116941933264
0.0116695312287
0.0116449688753
0.0116178812007
0.0115905222465
0.0115644738671
0.0115359111389
0.0115084673521
0.0114815997059
0.0114531910997
0.0114241107907
0.0113940122292
0.0113628982027
0.0113348512751
0.0113037482123
0.0112726144044
0.0112407859753
0.0112105943964
0.0111763320391
0.0111443245061
0.0111098785261
0.0110773919891
0.0110429763689
0.011009204651
0.0109764003645
0.0109404565342
0.0109040698043
0.0108684369228
0.0108346156117
0.0107975091875
0.0107618212859
0.0107212787528
0.010686432326
0.0106490727687
0.0106084130178
0.0105734202833
0.0105324991356
0.0104935100433
0.0104536590788
0.010414477915
0.0103747666574
0.0103315201256
0.0102935190815
0.010250953725
0.0102116897578
0.0101745476994
0.0101293895182
0.0100840601161
0.0100467909698
0.00999858029325
0.00995661184378
0.00991927953714
0.00987750772676
0.00982930074849
0.00979265059798
0.00974786006252
0.00970411088716
0.00965939499539
0.00961313606646
0.00957401385594
0.00953126557522
0.00948534004357
0.00944298357319
0.00939594859563
0.00935097776868
0.00930806927968
0.00926675200021
0.00922557352559
0.00918459205603
0.0091423810092
0.00909903180789
0.00905364881179
0.00901447787486
0.00897201547499
0.00892591477599
0.00888394177891
0.00884627766258
0.00880299128048
0.00876239233798
0.00872471521196
0.00868007704199
0.00863683260578
0.00860386415927
0.008562737763
0.00852185744872
0.00848965335998
0.00844925222927
0.00841621083448
0.0083828017627
0.00834790001107
0.00831191224095
0.00827425054053
0.00824351267547
0.0082110033123
0.00818487684044
0.00815645591088
0.00812574022638
0.00809225419299
0.00807400163422
0.0080438806034
0.00801994391727
0.00799353290094
0.00797264777649
0.00794911783889
0.00793168657187
0.00791151924703
0.00789748575298
0.00788089499213
0.00787073353306
0.0078581612805
0.00784335115753
0.0078353951504
0.00782546507865
0.00782286231565
0.0078187150039
0.0078131226993
0.00780691489535
0.00780840222527
0.00780975150369
0.00782014851983
0.00782133633397
0.00783215375341
0.00784393086658
0.00784753678091
0.00786201238089
0.00787831074646
0.00789737684076
0.0079190853322
0.00793469966937
0.0079639234403
0.00798796208655
0.00800710869931
0.00804157667806
0.00807221416085
0.00810003790552
0.00813493754734
0.00817738775344
0.0082189509695
0.00825978751742
0.00830068530334
0.00834216369781
0.00839493544033
0.00843980674884
0.00849741281355
0.00854857256985
0.00860406808446
0.0086548772555
0.00872125915157
0.00877460435092
0.00884493082985
0.00890386101587
0.00897177726757
0.00903948705298
0.00910910760446
0.00918137192071
0.009257709582
0.00932871384834
0.0094051811272
0.0094782055212
0.00955842323052
0.00963698824186
0.00970531013625
0.0097836254456
0.00986316109541
0.0099354305849
0.01001096096
0.0100907808841
0.0101665017355
0.0102389834572
0.0103093382551
0.0103786950682
0.0104577937097
0.0105285577787
0.0106017674623
0.0106687579698
0.0107405653846
0.0108085797035
0.0108740484156
0.0109476122733
0.0110113687905
0.0110759752226
0.0111419101703
0.0112146305002
0.0112780857412
0.0113411027411
0.0114069694949
0.011470084135
0.0115366120141
0.0116003135594
0.0116657730206
0.0117291202524
0.0117942591561
0.0118613054527
0.0119241900813
0.0119888805036
0.0120545795795
0.0121270378576
0.0121949610309
0.0122631088164
0.0123314625221
0.0124007564765
0.0124693523734
0.0125452311359
0.012613077455
0.012687473745
0.012767209757
0.0128398539682
0.0129177881091
0.0130019160866
0.0130842905814
0.0131640612954
0.0132500092797
0.0133331768169
0.0134218789527
0.0135156062178
0.0136063236932
0.0137020291035
0.0138022518366
0.0138991448219
0.0140009781082
0.0141067892205
0.0142088797914
0.0143153077993
0.0144256513759
0.0145403808098
0.0146590790114
0.0147726161622
0.0148903715136
0.0150212261665
0.0151463404878
0.0152752717798
0.0153985480781
0.0155347193558
0.0156746457891
0.0158084422565
0.0159552642541
0.0160958654957
0.0162398424559
0.0163968023455
0.0165475741815
0.0167015623478
0.0168589337318
0.0170195717258
0.0171736345042
0.0173409570415
0.0175116560035
0.0176757743779
0.017853193592
0.0180241512729
0.0182084637188
0.0183863753608
0.0185678580667
0.0187529264314
0.018931894621
0.0191243460872
0.0193109069363
0.0195109742371
0.0197053293281
0.019903713729
0.0200965376529
0.0203032194908
0.0205045982021
0.0207103981566
0.0209111953616
0.0211261800688
0.0213364035975
0.0215514623082
0.021762144283
0.0219779636941
0.0221897254068
0.0224161144623
0.022629594487
0.0228578770248
0.0230737158707
0.0233045378186
0.0235234106552
0.0237574275044
0.0239798684123
0.0242090795843
0.0244448666001
0.0246786906379
0.0249103707345
0.025141162147
0.0253788602356
0.0256073263795
0.0258514475998
0.0260864285875
0.0263209386451
0.0265639356926
0.0267983620002
0.0270412234062
0.0272847151944
0.0275207415639
0.0277653297709
0.0280032047188
0.0282500974586
0.0284910028249
0.0287332910395
0.0289778882079
0.0292238208428
0.0294654030753
0.0297096738346
0.0299562487918
0.0301983884796
0.0304442089457
0.030685748597
0.0309309924944
0.0311734601903
0.0314196313781
0.0316631333078
0.0319037321935
0.0321490635999
0.0323930381708
0.0326345928199
0.0328749647702
0.033120738438
0.033365311863
0.0336031445917
0.0338467511195
0.0340838166849
0.0343266069598
0.0345638650534
0.0348018859826
0.0350402625138
0.0352794174661
0.0355197521728
0.0357554970914
0.0359872505603
0.0362260016872
0.0364557178206
0.0366931809925
0.0369219295906
0.0371534087694
0.0373871287405
0.0376186276009
0.0378429449984
0.0380747078079
0.0383003165048
0.0385250399272
0.0387485125882
0.038974749099
0.0391963253723
0.0394172894084
0.039637249247
0.0398575914427
0.0400770007983
0.0402928527144
0.0405097471561
0.0407215828695
0.0409354972013
0.0411492151842
0.0413604123464
0.0415697321735
0.0417785722397
0.0419884493556
0.0421898965851
0.0423917309927
0.0425936073825
0.0427984143626
0.0429993063933
0.0431930369367
0.043391463474
0.0435881060654
0.0437825829297
0.0439744579367
0.0441698319728
0.0443525496661
0.0445502235805
0.0447316850403
0.0449153566861
0.0451035530128
0.0452839071222
0.0454679208103
0.0456409521327
0.0458263840046
0.0460025202149
0.0461785059571
0.0463444383344
0.0465190098189
0.0466902600756
0.046861978878
0.047029730431
0.0471951654856
0.0473567533242
0.0475242704739
0.0476778788656
0.0478457598085
0.0479988234607
0.048155575425
0.0483159928883
0.0484696749587
0.0486163616586
0.0487747331739
0.0489251527264
0.0490671291718
0.0492196431401
0.0493629057295
0.0495061057697
0.0496489389622
0.0497909309366
0.0499317534506
0.0500709838671
0.050208033906
0.0503427170282
0.0504842935583
0.0506129677948
0.0507477102044
0.0508784954359
0.0510049419545
0.0511364402993
0.0512627931559
0.0513935051193
0.0515183878491
0.0516467811168
0.0517687047443
0.0518935509301
0.0520209371663
0.0521407815359
0.0522624960417
0.0523857750668
0.052500584779
0.0526162659762
0.0527423418276
0.0528589330519
0.0529755852836
0.0530919001931
0.0532076248269
0.0533224791934
0.0534361394163
0.0535581221427
0.0536686481169
0.0537869115878
0.0539029669122
0.0540165000008
0.0541272815992
0.0542447846452
0.0543590367062
0.0544795475042
0.0545963271876
0.0547091766683
0.0548275688819
0.0549415827497
0.0550607208428
0.0551750614692
0.0552941175176
0.0554176929054
0.0555358714265
0.0556581955168
0.0557747721715
0.0559048679036
0.0560288450715
0.0561562910694
0.0562772997492
0.0564111764962
0.0565383219181
0.0566683223788
0.0568010434083
0.0569363330135
0.0570740928916
0.057214180269
0.057356484634
0.0575009220629
0.0576473457491
0.0577956831936
0.057945821538
0.058097699221
0.0582512147085
0.0584063178626
0.0585726261704
0.0587306376415
0.058899760066
0.0590701868147
0.0592418725819
0.0594245354627
0.0595986253853
0.0597836063383
0.0599697178513
0.0601666837988
0.0603647072096
0.0605638366575
0.0607640011386
0.0609652493779
0.0611773188349
0.0614002017525
0.0616144633466
0.0618395660989
0.0620755941786
0.062312802181
0.0625512046711
0.0627908924385
0.0630416211926
0.0632937460755
0.0635570369454
0.0638218107301
0.0640978875651
0.0643756059455
0.0646550646901
0.0649460787932
0.0652389644923
0.0655436279822
0.0658503825012
0.0661593170432
0.0664803732647
0.0668038109103
0.0671395843338
0.0674781079922
0.0678193711981
0.0681734204135
0.0685305728817
0.0689007871052
0.0692743783221
0.0696515938393
0.0700325593062
0.0704272347966
0.070835791626
0.0712388836443
0.071656291122
0.072078336664
0.0725052918739
0.072947217508
0.0733944257087
0.0738472097695
0.0743057356265
0.0747801713518
0.0752510495247
0.0757382152292
0.076232202158
0.0767332837735
0.0772416696674
0.077757646695
0.0782815747006
0.0788136196176
0.0793542284347
0.0798937652938
0.0804523189253
0.0810202744528
0.0815882239793
0.0821761545938
0.0827647157641
0.0833543391411
0.0839649814212
0.0845773759474
0.0852017441746
0.0858287278839
0.086468429899
0.0871115075456
0.0877682302595
0.0884291272193
0.0891045650841
0.0897752386327
0.0904712310313
0.0911634085442
0.0918620427923
0.0925774968954
0.0933007422967
0.0940218080709
0.0947616384328
0.0955004934802
0.0962593131238
0.0970178233487
0.0977871239307
0.09855851184
0.0993414319263
0.100137088803
0.100935768319
0.101748550629
0.102560784136
0.103383536365
0.104215085457
0.105053780374
0.105900176334
0.106753262302
0.107615166028
0.108483621987
0.109360147476
0.110243546412
0.111134854195
0.112033471358
0.112939623353
0.113851953368
0.114772160936
0.11569934538
0.116634156136
0.117575538279
0.118523408075
0.119478646554
0.12044020272
0.121409012898
0.122384015619
0.123365936235
0.124355339428
0.125350539193
0.126352010464
0.127359422162
0.128373124901
0.129394166444
0.130420583117
0.131452916281
0.132492221838
0.133536450027
0.134586835078
0.135642846371
0.136705277797
0.137772516241
0.138846446112
0.139924349262
0.141008209211
0.142097194855
0.14319248473
0.144292256662
0.145396688042
0.1465059455
0.147620211341
0.148739944759
0.14986545608
0.150993321481
0.152126871709
0.153264602516
0.15440567661
0.155552482117
0.156702194017
0.15785840597
0.159016097736
0.160179084312
0.161344091367
0.162515161136
0.163687872064
0.164866559275
0.166046686283
0.167229558385
0.168416788012
0.169606382959
0.17079940555
0.171993749942
0.173193980022
0.174395114614
0.175599259781
0.176803754446
0.178013578202
0.179223127411
0.180434958352
0.18165182217
0.182867610921
0.184085116078
0.185307392611
0.186527209113
0.187749281645
0.188974720674
0.190200937415
0.191427627861
0.192655423377
0.193883096916
0.195111308058
0.196342610043
0.197570267834
0.198801606483
0.200031742757
0.201262316348
0.202496317708
0.203724559115
0.204956968262
0.206185021139
0.207415332385
0.208645384598
0.209874223284
0.211098103836
0.212325207634
0.213551912149
0.214778232344
0.215998478006
0.217218318575
0.218442845928
0.219656312044
0.220874746331
0.222088956096
0.223302508536
0.224511141477
0.22571574784
0.226921053342
0.228121820824
0.22932383169
0.230522594798
0.231711718898
0.232903743666
0.234093230154
0.235274509462
0.236453760672
0.237631363814
0.238808524697
0.239977865573
0.241142016354
0.24230050729
0.243459391477
0.24461427524
0.245758984075
0.246906367535
0.248044433497
0.24918107055
0.250309273481
0.251430214543
0.25255136395
0.253667099522
0.254770157026
0.255876731906
0.256973160398
0.258065056563
0.259150896632
0.260231283267
0.261305326218
0.262372287882
0.26343484224
0.264487565123
0.265539403321
0.266579372294
0.267614288101
0.268646093215
0.269668303321
0.270682230682
0.271693438131
0.272692127466
0.273683854703
0.274676277553
0.275651118739
0.276627276789
0.277587688092
0.278543702913
0.279491933943
0.28043623306
0.281368233194
0.282292639651
0.283209722159
0.284120589189
0.285020706432
0.285914281634
0.286797759911
0.287675101235
0.288543765855
0.289402267833
0.290251777181
0.291097581675
0.291929732
0.292753544468
0.293569181846
0.294377706519
0.295177378999
0.295965624817
0.296746270893
0.297515960133
0.298278288653
0.299032301289
0.299776748804
0.300512986657
0.301238970699
0.301954901948
0.302663692712
0.303361624524
0.304049810038
0.304729854768
0.305397878227
0.306061012746
0.306711364643
0.307353401936
0.307986922828
0.308609056053
0.309221826752
0.309826937412
0.310421608918
0.311008316544
0.311583319275
0.312149841857
0.312706574205
0.313254492146
0.313792586103
0.314321729204
0.314840177646
0.315350386661
0.315850716243
0.316341513309
0.316822961998
0.317295215498
0.317758003144
0.318211025957
0.318655658339
0.319089886852
0.319515783862
0.31993170228
0.320339117811
0.320736999772
0.321125572509
0.321505482314
0.321876130417
0.322237098293
0.322590075906
0.32293299906
0.32326749883
0.323593631602
0.323909372816
0.324218915494
0.324517480262
0.324807299433
0.325089111453
0.325361720522
0.325625919974
0.3258825194
0.326129076856
0.326368550766
0.326599317643
0.326822643205
0.327035033738
0.32724050509
0.327438107435
0.327628546402
0.327810639719
0.327982923735
0.328148216063
0.328307330069
0.328457637347
0.328598772784
0.328735004752
0.328859752321
0.328981078189
0.329091160512
0.329195389853
0.329293590712
0.329382332202
0.329466444485
0.329541470428
0.329609795057
0.329670241746
0.329724357567
0.32977192979
0.32981455761
0.329848040248
0.329877026086
0.329898079538
0.329911761205
0.329923092946
0.329923932789
0.329918437307
0.329908977339
0.329889814803
0.329867972138
0.329843401989
0.329806008485
0.329768019956
0.329724278882
0.329669339534
0.32961376385
0.329550391692
0.329484144894
0.329409282708
0.329332970042
0.329249583052
0.329158614238
0.329068896755
0.328972972341
0.328864288725
0.328757458913
0.328646503619
0.328531376256
0.32840570558
0.32828414784
0.328152647143
0.328018741452
0.327882215943
0.327738427427
0.327592399797
0.327439610103
0.327286378211
0.327126021681
0.326965406012
0.326799511004
0.326633450411
0.326462320874
0.326285872874
0.326104628908
0.325924878177
0.325741175852
0.325553175867
0.325362161626
0.325166912915
0.324968680585
0.324773172325
0.324569266529
0.324362713435
0.324158911824
0.323947180918
0.323738708956
0.323524001731
0.323306563441
0.323087556733
0.322868157555
0.322645963512
0.322423005007
0.322199536673
0.32196980627
0.321743376421
0.321512192689
0.321280637558
0.321047059464
0.320814402007
0.320576428371
0.320341589655
0.320103793067
0.319864952741
0.319625199317
0.319382427135
0.319143224351
0.318900486548
0.318657505961
0.318414393873
0.318171248156
0.317928166951
0.317682708081
0.317440129804
0.317194562083
0.316949597073
0.316704340347
0.316459840982
0.316216176034
0.315971456624
0.315728694615
0.315485013119
0.315240846529
0.31499857137
0.31475655627
0.314515265484
0.314273348672
0.31403340667
0.313794195412
0.313555781948
0.313318141797
0.313082279075
0.31284661814
0.312612600824
0.312379772564
0.31214801829
0.31191762588
0.311688587252
0.311461275294
0.311235403163
0.31101141721
0.310788496021
0.310567466272
0.310348961311
0.310131910315
0.309917638116
0.309703521881
0.309492685889
0.309284282329
0.309077502834
0.308873222259
0.308671489128
0.308471235099
0.308274346937
0.308078754038
0.307886900011
0.307696733163
0.30750937346
0.307326194654
0.307144200264
0.306966305266
0.306790523302
0.306618798058
0.306449172997
0.306281240678
0.306119652973
0.305958646821
0.305801596251
0.305646783466
0.305498671936
0.30535178687
0.305206899686
0.305066924265
0.304931967566
0.304799825913
0.30466941521
0.304545003129
0.304423208988
0.304303936651
0.304191743481
0.304083021109
0.303976788035
0.303874849507
0.303777168877
0.303682814506
0.303593608732
0.303508651348
0.303427972814
0.30335251682
0.303283227298
0.303214631753
0.30315218105
0.303091160057
0.303036328948
0.302988688997
0.302943321872
0.302905276062
0.302870365025
0.302837683243
0.302814264077
0.3027948608
0.30277862634
0.302767244131
0.302759904978
0.302763236516
0.302766667093
0.302775138407
0.302789553091
0.30281001446
0.302837442533
0.302865768331
0.302901980791
0.302945472294
0.302991554687
0.30304517192
0.303105292838
0.303166501808
0.303238147357
0.303313490551
0.303393339276
0.30348540308
0.303569583412
0.303667853125
0.303767018103
0.303882012267
0.303992465086
0.304120610684
0.304252724781
0.3043760051
0.304519691854
0.304669684739
0.304813587124
0.304972932326
0.305134426774
0.30531293823
0.30548897706
0.305669706999
0.305855931589
0.306048462138
0.306256147062
0.306457892767
0.306674265861
0.306896081203
0.30711942605
0.307358017369
0.307594288096
0.307839371847
0.308094818905
0.308355247415
0.308619874941
0.308895550639
0.309176208196
0.309462726879
0.309755983547
0.310055099962
0.310360917431
0.310673391585
0.310993348793
0.311320717444
0.311655402295
0.311997300679
0.312343880102
0.312698479631
0.313060943939
0.313428051081
0.31380375011
0.314188766349
0.314578244122
0.314974068715
0.315377936885
0.315788921209
0.316208519087
0.316634092298
0.317066531921
0.317505794192
0.317951802186
0.318406474801
0.318866589107
0.319335947765
0.319812430043
0.320294256474
0.320785632578
0.321283190547
0.321787444587
0.32229918168
0.322820159036
0.323348230744
0.323882144353
0.324423858417
0.3249722836
0.325530942936
0.32609333445
0.326666432797
0.327244224729
0.32783076225
0.32842574469
0.329027641389
0.329637551384
0.330253031159
0.330877207473
0.33150975694
0.332148727479
0.332795725019
0.333450748209
0.334112695506
0.334782461907
0.335459917588
0.336145219256
0.336837587791
0.337538356659
0.338246076324
0.338961785641
0.339685191006
0.340416331047
0.34115497697
0.341901960982
0.342656103841
0.343417803885
0.344187794702
0.344965047855
0.345750077725
0.346542589559
0.347343593904
0.348152044149
0.348967847559
0.349792243278
0.35062389051
0.351462811228
0.352310389838
0.35316498637
0.354028365509
0.354898807413
0.355776195456
0.356664165489
0.357557070825
0.358458624555
0.359369549018
0.360286643982
0.361212041087
0.362144312601
0.363085763567
0.36403383165
0.364990027093
0.365955337379
0.366926987354
0.367907681856
0.368893526101
0.369889305597
0.370893165007
0.371906112915
0.372924902016
0.373950298098
0.374987180901
0.376029708987
0.377077724876
0.3781375461
0.379203798994
0.380275407722
0.381359186435
0.382449283726
0.383543754573
0.384647562354
0.385760823738
0.386882767539
0.388010054224
0.389147053926
0.390288502422
0.391439825508
0.392601201309
0.393766277405
0.39494249832
0.396127432833
0.397318047039
0.398512621433
0.399718008246
0.400933571299
0.402154305799
0.4033802541
0.404616026252
0.405862746096
0.407114335375
0.408371721689
0.409640675281
0.410914141936
0.412193898208
0.413485145209
0.41478150644
0.416084766635
0.417399586936
0.418714895578
0.420042331672
0.421376845546
0.422717136145
0.424071415962
0.425426470779
0.426788173565
0.428157605219
0.429541737855
0.430926948461
0.43232092698
0.433715761341
0.435126189537
0.436539633355
0.437961914734
0.439393501958
0.44082845263
0.442273562417
0.443722106404
0.445181740641
0.446645658549
0.448113586499
0.449591430245
0.451076939269
0.452572457085
0.45406609812
0.455579667824
0.457086213331
0.458607218882
0.460139117896
0.461665863723
0.463206058675
0.464755189174
0.466307585617
0.467866091241
0.469430339618
0.471002357527
0.472580901558
0.47416714826
0.475756759055
0.477355694469
0.478958891481
0.480566834787
0.482185193352
0.483803898967
0.485434584513
0.487067417207
0.48870706488
0.490349867632
0.492001163955
0.493661254487
0.495321148514
0.496989788383
0.498664683545
0.500340987346
0.502027108798
0.503716491528
0.505412121144
0.507110225509
0.508817220635
0.510527640344
0.512241995884
0.513960789912
0.515685417999
0.517414493927
0.519149372478
0.520890475934
0.5226329371
0.524382561836
0.526134587931
0.527890545582
0.529649093439
0.531415658968
0.533185724367
0.534956967743
0.536735598065
0.538515570969
0.540297591136
0.542087310575
0.543879135023
0.545672750305
0.547469764682
0.549271973292
0.551075721731
0.552883559742
0.554693129786
0.55650597347
0.558321663969
0.56013911404
0.561959671242
0.563782855542
0.565608180609
0.567435853287
0.569264634044
0.571095361893
0.572928471779
0.574762697545
0.576599577591
0.578436159791
0.580275206336
0.582115374658
0.583956540559
0.58579857753
0.587641255963
0.589484845579
0.591328914854
0.593173402188
0.595018229447
0.596863142491
0.598708236105
0.600553089162
0.602397748637
0.604241584517
0.60608519931
0.607928248155
0.609770184089
0.611611937973
0.613452459816
0.615291422504
0.617128670987
0.618966150328
0.62079914283
0.622633377631
0.624464069444
0.626291933914
0.628119402677
0.629942715696
0.631762616346
0.63358384859
0.635398535333
0.637211536506
0.639021660027
0.640826797888
0.64263023019
0.644429572578
0.6462247226
0.648015599494
0.649804968605
0.65158724961
0.65336720784
0.655140861086
0.656909257095
0.658676683507
0.660436794706
0.662189440712
0.663940651242
0.665681866778
0.66742205891
0.669151248639
0.670881799712
0.672600491475
0.674312136452
0.676021929577
0.677720874193
0.679417577338
0.681103684136
0.682784612211
0.684456063195
0.686121923371
0.687778697204
0.689432285125
0.691071517834
0.692708202475
0.694332656042
0.695950161841
0.69756110823
0.699165927056
0.700755044771
0.702339545664
0.703914385857
0.705480192599
0.707035959401
0.708583379313
0.710119835905
0.711648396291
0.713165290087
0.714673353917
0.716168072145
0.71765927801
0.719135449783
0.720605691519
0.722055535995
0.723500907732
0.72493559032
0.726360276225
0.727776300863
0.729175690406
0.730561287805
0.731939503431
0.733311513763
0.734663911024
0.736004370423
0.737340232101
0.738659142218
0.73996182885
0.741261319393
0.742544846147
0.74381454073
0.745069446938
0.746316319196
0.747550825992
0.748765791554
0.749973855529
0.751170857814
0.752349728429
0.753516773002
0.754673097914
0.755812565937
0.756941976209
0.758060693538
0.7591582438
0.760246590487
0.76132413837
0.762381703563
0.763429796545
0.764463567177
0.765488068914
0.766493005155
0.767484349201
0.768465032195
0.769428787077
0.770377690961
0.771317004319
0.772239193444
0.773146868189
0.774041019233
0.774924649029
0.775790920749
0.776643828394
0.777482467589
0.778304311556
0.779114528114
0.779911414711
0.780694772487
0.781460359477
0.782214971083
0.782955294978
0.783681286034
0.784392995286
0.785087605128
0.785772981679
0.786441251026
0.787095033369
0.787736557329
0.788363390509
0.788977466335
0.789577247242
0.790161320673
0.790732708024
0.791289503672
0.791833165858
0.792363381388
0.792879567354
0.79338091957
0.793870130781
0.794344942346
0.794807085939
0.795256077438
0.795690072169
0.796110706983
0.796519232825
0.796913815252
0.797295530076
0.797663783459
0.79801948599
0.798362224078
0.798691600783
0.799008517482
0.799312180061
0.79960291375
0.799881552975
0.800148196384
0.800400805286
0.80064271901
0.800871747459
0.801087514997
0.801292645022
0.801485714445
0.801666325999
0.801835100241
0.801992073638
0.802136357449
0.802271612704
0.802393717969
0.802504118
0.802604428005
0.802692040524
0.802769866136
0.802835922547
0.802891092594
0.802936985186
0.802970613756
0.80299335611
0.803007586672
0.803011088995
0.803001287202
0.802984800016
0.802955942434
0.802918400565
0.802873761943
0.802817254116
0.802751172486
0.802675037695
0.802589342081
0.802494613622
0.8023892134
0.802278951035
0.802154823655
0.802024633369
0.801889071225
0.801740783098
0.801580997563
0.801422662188
0.801245486514
0.801066163836
0.800877219011
0.800688182057
0.800482577477
0.800269434611
0.800049036939
0.799823223687
0.799591709721
0.799355230674
0.799105669445
0.798852659855
0.798588727899
0.798329756107
0.798052037741
0.797773091721
0.797484372077
0.797195696585
0.796897953398
0.796593073829
0.79628047811
0.79596842451
0.795650451948
0.795319047207
0.794989182825
0.794653873067
0.794314356048
0.793969813241
0.793620752351
0.793261290143
0.792904744471
0.792538186608
0.792169164586
0.791796658618
0.791422544449
0.79103910159
0.790660088632
0.790272626635
0.78987805825
0.789481013697
0.789084123576
0.788685376802
0.788279702789
0.787873671514
0.787467561111
0.787054923413
0.786636231403
0.786222626511
0.785798716008
0.785380317029
0.784956358134
0.784527263949
0.784098795979
0.783671114462
0.783239198738
0.782807686242
0.782371687113
0.781936507295
0.781497411491
0.78105953425
0.780622975759
0.780182348603
0.779743398457
0.77930088964
0.778859489147
0.778415013507
0.7779761165
0.7775303572
0.777090299428
0.776646992741
0.77620166787
0.775762096315
0.775318910629
0.774877821053
0.774435399639
0.773996918683
0.773556878419
0.773115196777
0.772678290077
0.772239879571
0.77180611873
0.771370987006
0.770937519329
0.770505773116
0.770075741581
0.769644890005
0.769218391911
0.76879360751
0.768370672042
0.767949619027
0.767528468552
0.76711099854
0.766698447952
0.766285142691
0.76587404305
0.765467747037
0.765062603686
0.76466065259
0.764262257508
0.763866025689
0.763473036002
0.763083380521
0.762695969435
0.762312710153
0.761932711154
0.761555719839
0.761183032308
0.760813232345
0.760448171087
0.760085457855
0.759727406951
0.759373906709
0.759023858342
0.75867822662
0.758336042419
0.757998916854
0.757665268429
0.757337833567
0.757013564506
0.756693751999
0.756379594371
0.756069658787
0.755764593109
0.754411891888
