metodo_1_dt_1:24
4.75419473464e-07
0.0194847539915
0.0194854159523
0.0194861059734
0.0194866635934
0.0194871221866
0.019487485711
0.0194877164335
0.0194877934151
0.0194878994496
0.019487614422
0.0194881795968
0.0194874059674
0.0194877059649
0.0194864047747
0.0194861752688
0.0194858971191
0.0194854540856
0.0194847086348
0.0194842774285
0.0194839870711
0.0194840018666
0.0194836384524
0.0194831211995
0.0194832578325
0.0194832166357
0.0194838341254
0.0194842198319
0.019484764253
0.0194862165449
0.0194875538325
0.0194887336584
0.0194916601637
0.0194933454864
0.0194964861616
0.0195002888298
0.0195045495075
0.0195093828061
0.0195150082174
0.0195210969804
0.0195280863382
0.0195356424681
0.0195443451923
0.0195534227889
0.0195638991954
0.0195753103573
0.0195883869643
0.0196013757245
0.0196164897638
0.019632770888
0.0196499748782
0.0196684736444
0.0196885517666
0.0197100562046
0.0197328753214
0.019757975369
0.0197838160128
0.0198118169802
0.0198416195206
0.0198732180152
0.0199067292309
0.0199421550607
0.0199796086947
0.0200192102121
0.0200608434169
0.0201047779932
0.020150461289
0.0201995258622
0.0202505146966
0.0203034664997
0.020359622248
0.0204179669471
0.0204781816572
0.0205427028632
0.0206089128391
0.0206782396411
0.0207502777331
0.0208250239691
0.0209029480188
0.0209836579914
0.0210675365293
0.0211546879816
0.0212451727207
0.0213389377272
0.021435256343
0.0215360391319
0.0216397257551
0.0217459863581
0.0218568427524
0.0219704904411
0.0220879175403
0.0222083065395
0.0223333379883
0.0224616283247
0.0225928246613
0.0227286379445
0.0228679973424
0.0230111078643
0.0231577626782
0.023308488255
0.0234629941712
0.0236221949774
0.0237844120583
0.023950094582
0.0241203408232
0.0242952040061
0.0244734820078
0.0246548899053
0.024841033239
0.0250312957807
0.0252251347963
0.025423719617
0.0256252623608
0.0258317473169
0.0260419062932
0.026256111196
0.0264743107623
0.0266964825621
0.0269228946099
0.0271530152777
0.027387221512
0.0276257133494
0.0278677437852
0.0281138394618
0.0283642771787
0.028618576978
0.0288764820471
0.0291375719833
0.0294040636341
0.0296735079227
0.0299467747568
0.0302237422443
0.030505115567
0.0307896559327
0.031078211883
0.0313706908074
0.0316660917542
0.0319660884833
0.0322695003483
0.0325756694403
0.0328866643861
0.0332002552866
0.0335169204892
0.033837979006
0.0341620557799
0.03448963891
0.0348195039347
0.0351537327645
0.035490512057
0.0358307411206
0.0361749064365
0.0365206331437
0.0368703907111
0.0372229271511
0.0375787419636
0.0379369692659
0.0382975853739
0.0386617049213
0.0390285625316
0.0393970140832
0.0397689940565
0.0401443136482
0.0405211465912
0.0409000209325
0.0412824074655
0.0416666508604
0.0420530449768
0.042441654066
0.0428325187746
0.0432254500316
0.0436200570191
0.0440171308472
0.0444160245506
0.0448168336466
0.0452194541132
0.0456237173001
0.0460300291513
0.0464376966978
0.0468469219928
0.0472577433521
0.047669953354
0.0480835970668
0.0484985520787
0.0489151600491
0.0493326814804
0.0497516237715
0.050171240837
0.0505921488109
0.0510142537738
0.051437470077
0.0518610691085
0.0522855742796
0.0527112069434
0.0531374348342
0.0535641268266
0.0539920051721
0.0544200761884
0.05484872975
0.0552782474319
0.0557075191767
0.0561372650638
0.0565677639819
0.0569990853997
0.0574292103847
0.0578606913221
0.0582919309762
0.0587233559334
0.0591555659468
0.0595873489909
0.0600187331398
0.0604509412771
0.060882585085
0.0613142390576
0.0617459714799
0.0621768743844
0.062608415391
0.0630402847538
0.0634708919169
0.0639017841287
0.0643327225276
0.0647623362648
0.0651929605176
0.0656227301602
0.066052892062
0.0664814975758
0.066910495696
0.0673397388263
0.0677678159049
0.0681959724372
0.0686238063705
0.0690512275929
0.0694782279354
0.0699050253489
0.0703314980586
0.0707576406598
0.0711834858641
0.0716092999211
0.0720342780867
0.0724594996365
0.0728840238866
0.0733091941304
0.0737331595135
0.074157613723
0.0745809937936
0.0750053750868
0.0754289978847
0.0758525060309
0.0762760373532
0.0766996499858
0.0771231215318
0.0775463449847
0.0779709887186
0.0783944731544
0.0788184017339
0.0792421469409
0.0796657669427
0.0800906845009
0.0805154157748
0.080940547572
0.0813659903204
0.0817923978176
0.0822184700959
0.0826458591044
0.083073426092
0.0835010755249
0.083929470289
0.0843596412335
0.0847903529541
0.085221627509
0.0856538985799
0.0860869036751
0.0865207222337
0.0869555912406
0.0873924119485
0.0878298005015
0.0882684357869
0.088708303637
0.089149615142
0.0895926223567
0.0900371878469
0.0904830706079
0.0909310774076
0.091379887797
0.0918310877711
0.0922842571684
0.0927384396718
0.093195094792
0.0936537125832
0.094114368947
0.0945771147141
0.0950421012607
0.0955092306615
0.0959787750405
0.0964507337744
0.0969249585875
0.0974013731947
0.097881230203
0.0983632617494
0.098848033084
0.0993348735247
0.0998251997962
0.100318151438
0.100815052716
0.10131403595
0.101815940351
0.102320961702
0.102828733935
0.103340669949
0.103854888128
0.104372989689
0.104893842303
0.105418854876
0.105946619969
0.106477819049
0.107013620021
0.107551915528
0.108094381864
0.108640268144
0.109189202707
0.109743168077
0.110299646286
0.110861324187
0.111425878655
0.111994502005
0.112566936274
0.113143331812
0.113724178726
0.11430818863
0.114897196445
0.115489124934
0.116085965554
0.116687091821
0.117291511079
0.117900107945
0.118513678836
0.119130776916
0.119751753189
0.120378091465
0.121007900081
0.12164132763
0.122279327015
0.122921861442
0.123568723557
0.124219047977
0.124873849059
0.125532969753
0.126196358281
0.126863672305
0.127535410112
0.128211052288
0.128891043464
0.129575099508
0.130262923349
0.130955066549
0.131651792074
0.132351746707
0.13305682529
0.133764120453
0.134476969536
0.135193281925
0.135912570941
0.136637167722
0.137364681799
0.138096744397
0.138831690702
0.139571121781
0.140313831438
0.141060197914
0.141809618869
0.142563628113
0.143320782807
0.144080941153
0.1448447495
0.145611768721
0.14638245107
0.147156427514
0.147932646729
0.14871274123
0.149495799347
0.150281861545
0.151071185188
0.151862570349
0.152657457354
0.15345448742
0.154254330767
0.155057063378
0.155861907735
0.156670680341
0.157480161014
0.158292691933
0.159107304904
0.159924500848
0.16074309909
0.16156452942
0.162387917999
0.163212441689
0.164040098813
0.164868825547
0.165699354136
0.166531366946
0.167364405371
0.168199489132
0.169035873786
0.169873740475
0.170712755524
0.17155303803
0.172394226303
0.173236653059
0.174080105273
0.174924259239
0.175769375801
0.176615611779
0.177461768105
0.178309306487
0.17915740713
0.180004787963
0.180853594613
0.181703149178
0.182552004056
0.183401495391
0.184251425351
0.185101178323
0.18595099833
0.186801263774
0.187650019781
0.188500092808
0.189349984926
0.190198837735
0.191047769572
0.191896410674
0.19274427301
0.193592510316
0.194439670983
0.195286499065
0.19613198441
0.196978084819
0.197823175902
0.198667569996
0.199511292718
0.200353904124
0.201195712555
0.202036590708
0.202878017811
0.203717147358
0.204555865476
0.205393951288
0.206230703327
0.207066893052
0.207901761455
0.208735159708
0.209568586455
0.210400337905
0.211231612193
0.21206250759
0.212890934781
0.213719805688
0.214546874561
0.215372831299
0.216198359988
0.217022688618
0.217846103056
0.218668642198
0.2194900911
0.22031085172
0.221130700674
0.221949707723
0.222768036629
0.223585319203
0.224401894252
0.225217694343
0.226033777634
0.22684790671
0.227661718084
0.228475078837
0.229288116573
0.2300996567
0.23091197943
0.231723900943
0.232534696367
0.233344977999
0.234156192045
0.234966359015
0.235776383784
0.236586202834
0.237396724633
0.238206795065
0.239017251101
0.239826872166
0.240637743221
0.241449070357
0.242259633751
0.243071317936
0.243882803357
0.244695999284
0.245508963897
0.246322921073
0.247137132215
0.247952615885
0.248769410335
0.249586510909
0.250405209091
0.251224240146
0.252045750331
0.25286773184
0.253690518106
0.254515240193
0.255341708426
0.256169814647
0.256998934162
0.257830867811
0.258663549302
0.259498808069
0.260336165606
0.261175229461
0.262016452137
0.262859230724
0.263704857824
0.264553608814
0.265403608743
0.266256619199
0.267112375186
0.267970375524
0.268831413116
0.269695237119
0.27056210744
0.271431634486
0.272304446881
0.273179936098
0.274058900845
0.2749415862
0.27582695069
0.276715464295
0.277607651702
0.278503714161
0.279402830775
0.280305962416
0.2812125323
0.282122119209
0.283036806917
0.283955052493
0.284876076358
0.285802279545
0.286731869908
0.287666416848
0.288603940657
0.2895457559
0.29049194855
0.29144167748
0.292397550747
0.293355892184
0.294319355703
0.29528652
0.296258600668
0.297235299278
0.298215979492
0.299201358373
0.300191564823
0.301186136062
0.302184713073
0.303187899662
0.304195821317
0.305208502241
0.306225969617
0.307247698896
0.308273548877
0.309304467445
0.310340107847
0.311380900373
0.312425232515
0.313474483697
0.314528641676
0.31558673168
0.316649666885
0.317717212496
0.318788961778
0.319865666981
0.320946878538
0.322032213317
0.323122062475
0.324216308246
0.325315057903
0.326417753177
0.327525134386
0.328636469918
0.329752190533
0.330872127851
0.331996197854
0.333123710626
0.334255895624
0.335391938118
0.336532477967
0.337676313126
0.338823891063
0.339974671948
0.341129957194
0.342288963314
0.343450540296
0.344616271142
0.345785526349
0.346958100961
0.348133826071
0.349312996905
0.350494403732
0.351679525964
0.352867693342
0.354058970538
0.355252894601
0.356449177868
0.357648071632
0.358850765796
0.360054223289
0.361260805248
0.362469563644
0.363681230637
0.3648946186
0.366109692525
0.367326506453
0.368545706051
0.369767122315
0.370989539988
0.372213538498
0.373439761702
0.374666091239
0.375894465309
0.377123759688
0.378354628924
0.379586468302
0.380819488479
0.382052862312
0.383286497063
0.38452129572
0.385756913176
0.386992969822
0.38822892842
0.38946521137
0.390702118836
0.391938813949
0.393175966847
0.394412560486
0.395649157664
0.396885638188
0.398121619795
0.399357351101
0.400592500305
0.401827060402
0.403060870408
0.404294115099
0.405526287956
0.406757573163
0.407987941
0.409217732289
0.410445777982
0.411673292343
0.412899613323
0.414124123852
0.415347733985
0.416569111591
0.417789446916
0.419008393515
0.420226240063
0.421441697222
0.422656110141
0.423868121718
0.425078792788
0.426287396774
0.427494609542
0.428699774322
0.429902631151
0.431103738277
0.432303671665
0.433500552831
0.43469558253
0.435888814829
0.437080369812
0.438269194016
0.439456536163
0.440640677762
0.441823554217
0.44300456404
0.444182697896
0.445359630289
0.446533984696
0.447706304094
0.448876493775
0.450044035933
0.451210264498
0.452374500723
0.45353580499
0.454696173355
0.455854415638
0.457010340514
0.458164498604
0.459316477258
0.460466596753
0.461615547109
0.462762395092
0.463907841709
0.465051313452
0.466193266778
0.467333579125
0.468472374274
0.46960983821
0.47074567903
0.471880438263
0.47301379555
0.47414585947
0.475276466272
0.476406661215
0.477535892665
0.47866391562
0.47979120128
0.480917257017
0.482042716147
0.483167618628
0.484292280234
0.485416415002
0.48653941703
0.487663453101
0.488786297103
0.48990849171
0.491031931816
0.492154586248
0.493277619172
0.49440057673
0.495523947722
0.496648098153
0.497773010452
0.498897624295
0.500023805394
0.501150162263
0.502277552216
0.503405583552
0.504535864048
0.505665632867
0.506797946346
0.507931293699
0.509066006298
0.51020230216
0.511340261137
0.512479795222
0.513621346033
0.514764448425
0.515909463428
0.51705754987
0.518207604302
0.519359546171
0.520514104569
0.521670847665
0.522830276933
0.523992806891
0.52515774026
0.526325218085
0.527496367637
0.52867022526
0.529846908667
0.531027136144
0.532210830955
0.533397405388
0.534587858633
0.535781749824
0.53697905777
0.538180244805
0.539384953727
0.540593815111
0.541806065624
0.543022548777
0.544243459721
0.545468252675
0.546696436078
0.547929705935
0.549166717748
0.550408481142
0.551654656745
0.55290435965
0.554159222388
0.555418683285
0.556682761215
0.557951237412
0.559224679839
0.56050250658
0.561785274209
0.563072289327
0.56436479699
0.565660852001
0.566963072039
0.56826972783
0.569580929538
0.570897338113
0.572218734959
0.573544553563
0.57487524588
0.576211016413
0.577551565723
0.578897684612
0.580248463732
0.581604087134
0.582964149945
0.584328710292
0.585698879666
0.587073166638
0.588453464408
0.589837712465
0.591226694902
0.592619869366
0.594018668464
0.595421339762
0.596828954045
0.598240457459
0.599657761173
0.601078409545
0.602504140542
0.603933475175
0.605367473941
0.606805954092
0.608247671936
0.609693854542
0.611144650313
0.612598744887
0.614057210677
0.615519058376
0.616984637652
0.618454127045
0.619926716525
0.621402864458
0.622882602943
0.624365732817
0.62585153905
0.62734076945
0.628833060449
0.630327817752
0.631825609439
0.63332663544
0.634829527485
0.636335654516
0.637843335267
0.639353543282
0.640866478443
0.642381269113
0.643897924833
0.645415936257
0.646935863052
0.648457923523
0.64998091118
0.651506137557
0.653031890433
0.654558448289
0.656087222465
0.657615453521
0.659146092591
0.66067600196
0.662206831136
0.663738494097
0.66527106514
0.666802229445
0.668334566013
0.669867309826
0.671399342406
0.672930534107
0.674462381368
0.675993262865
0.67752332657
0.679052478974
0.680581479125
0.682109891993
0.683636087479
0.685162346759
0.686686675042
0.688209886552
0.689730924932
0.691251434115
0.692769676452
0.694286046588
0.695801043853
0.697313807071
0.698824211866
0.700333151088
0.701838889303
0.703342979604
0.704844685129
0.706343646457
0.707840326563
0.709334199598
0.710825359029
0.712313466176
0.713799446671
0.715281925369
0.716761501723
0.718237987508
0.719711270421
0.721181079909
0.722648475646
0.724111454797
0.725572186567
0.727029095754
0.728482608257
0.729932168005
0.731379149122
0.732822343877
0.734261706922
0.735697369086
0.737129886212
0.738557955673
0.739983704616
0.741405026308
0.742822352082
0.744236795475
0.745647011793
0.747054231011
0.748457311719
0.749856198093
0.751252504083
0.752644223408
0.75403235437
0.755417699944
0.756798697517
0.758176696204
0.759551559211
0.760922037961
0.762289777418
0.763653154316
0.765014236947
0.766371024657
0.767725247554
0.769075589902
0.770423294114
0.771767810143
0.773109138751
0.774447336749
0.775782873476
0.777116052409
0.778444986006
0.779772089713
0.781097008662
0.782418961171
0.783737876492
0.785055124961
0.786370097906
0.787682108018
0.788992206543
0.790300199334
0.791606160946
0.792910532913
0.79421332508
0.795514077551
0.79681286523
0.798110566471
0.799406793172
0.80070220491
0.801996165505
0.803288882666
0.804580199095
0.805871989469
0.807161756494
0.808450927388
0.809740263072
0.811028861563
0.81231701708
0.813604741604
0.814892761183
0.816180454604
0.817469271657
0.818756939668
0.820045510328
0.82133460222
0.822624523929
0.823915021579
0.82520610927
0.826498813641
0.827791778398
0.829085917619
0.830381490374
0.831678407412
0.832976892966
0.834277025241
0.835577851082
0.836881889201
0.838186754735
0.83949448193
0.840804250463
0.842115860877
0.843429937074
0.844745908454
0.846065160659
0.847385760456
0.848710527652
0.850037592323
0.85136727601
0.852700362277
0.854035868986
0.855374500621
0.856716058731
0.858061917514
0.859410777247
0.860763676825
0.862119260139
0.863478193729
0.864840922604
0.866208577356
0.867578106602
0.868953067231
0.87033107375
0.871713338274
0.873099198299
0.874489501565
0.875883803194
0.877282791178
0.878685394121
0.880091945434
0.881503007579
0.882918647416
0.884337847261
0.885762543511
0.887190899969
0.888623651637
0.890061306026
0.891502133002
0.892948667767
0.894398840948
0.895853949109
0.89731319356
0.898776953758
0.900244947036
0.901718048226
0.903194277181
0.904675945724
0.906161041755
0.907651063359
0.909145807442
0.910643854848
0.912146796771
0.913653920542
0.915164750509
0.916680292543
0.918198964832
0.919722686517
0.921249612848
0.922780776235
0.924316122221
0.925854256574
0.927396640268
0.928943549361
0.930492957637
0.932045824885
0.933602742883
0.935162351418
0.936725929715
0.938292522473
0.939862365477
0.941434075985
0.943009712981
0.944588676888
0.946169493987
0.947753291646
0.94933854502
0.950927235248
0.95251878695
0.954111589853
0.955706924297
0.957304032273
0.958902907434
0.960503938918
0.962105834119
0.963709760419
0.965315180693
0.966922089553
0.968529575372
0.970138319274
0.971748419278
0.973358786368
0.974969795875
0.976581355932
0.978193872033
0.9798059104
0.981418249903
0.983031176892
0.9846438615
0.986255756267
0.987868062303
0.98947903403
0.991089393947
0.992699620434
0.994308155977
0.995916856361
0.997523785701
0.999128963043
1.00073278189
1.00233571584
1.00393674024
1.00553625468
1.00713378111
1.00872857196
1.01032124542
1.01191283984
1.01350132297
1.01508705748
1.01667080232
1.01825117794
1.01982858319
1.02140416539
1.02297583297
1.02454438276
1.02611017292
1.02767147111
1.02923042259
1.03078586543
1.03233658425
1.0338840995
1.03542841231
1.0369678514
1.03850344121
1.04003536728
1.04156348259
1.04308690052
1.04460565044
1.04612075853
1.04763039515
1.04913601047
1.05063664167
1.05213334841
1.05362499773
1.05511182739
1.05659472806
1.05807154882
1.05954445696
1.06101138367
1.06247436679
1.06393201543
1.06538421039
1.06683196773
1.06827460116
1.06971190505
1.07114351134
1.07257105514
1.07399258993
1.07540982661
1.07682078602
1.07822777032
1.07962913558
1.08102498718
1.08241594786
1.08380286275
1.08518366282
1.08655958214
1.08792994364
1.0892954562
1.09065591659
1.09201215668
1.09336255631
1.09470936629
1.09605026963
1.09738603209
1.09871794131
1.10004484858
1.10136677302
1.1026840077
1.10399688489
1.10530532966
1.1066100832
1.10790962585
1.10920422376
1.11049589621
1.11178242111
1.11306543795
1.11434400094
1.11561957539
1.11689015731
1.11815734713
1.11942144443
1.12068147249
1.12193820509
1.12319051064
1.12444091516
1.12568784362
1.12693072601
1.12817095869
1.12940887793
1.13064355205
1.13187435633
1.13310352345
1.13433056997
1.13555445661
1.13677658824
1.13799623295
1.13921368738
1.14042922033
1.1416424786
1.14285440075
1.14406438098
1.14527244696
1.14647969389
1.14768485896
1.14888933593
1.15009219939
1.15129430533
1.15249493057
1.15369533101
1.15489481313
1.15609375081
1.15729166628
1.15848966924
1.15968721423
1.16088454769
1.16208211629
1.16327946352
1.16447683194
1.16567444561
1.16687208501
1.16806963248
1.16926809538
1.17046745595
1.17166715399
1.17286775428
1.17406997219
1.17527199668
1.17647594778
1.17767955164
1.17888534134
1.18009263569
1.18130148043
1.18251062153
1.18372173538
1.18493516999
1.18614922607
1.18736552253
1.18858301591
1.1898031875
1.19102462107
1.1922482947
1.19347328823
1.1947012704
1.19593080091
1.19716286732
1.19839651203
1.199633179
1.2008718253
1.20211202045
1.20335545522
1.2046006436
1.2058485374
1.20709906936
1.20835242601
1.20960695727
1.21086440091
1.21212483955
1.21338807725
1.21465292666
1.21592011118
1.21719083091
1.21846337642
1.21973864924
1.22101575392
1.22229579417
1.22357809437
1.2248634196
1.22615048761
1.2274404556
1.22873230964
1.23002668293
1.2313231088
1.23262249864
1.23392341144
1.23522640829
1.23653116181
1.23783922291
1.23914815478
1.24045913575
1.24177262806
1.2430881023
1.24440407553
1.24572290012
1.24704340185
1.24836539908
1.24968814409
1.25101287034
1.25233850068
1.25366569456
1.25499385165
1.25632410922
1.25765442996
1.25898558779
1.26031784782
1.26165057979
1.26298359981
1.26431802503
1.26565242394
1.26698769962
1.26832264607
1.26965791719
1.27099353713
1.27232858096
1.27366294519
1.27499821228
1.27633260222
1.27766580823
1.27899904862
1.28033160787
1.28166327214
1.28299453814
1.28432347317
1.28565211842
1.28697969034
1.28830491657
1.28962845968
1.29095203907
1.292272263
1.2935910887
1.29490812149
1.29622342209
1.29753534022
1.29884569714
1.30015392456
1.30145851226
1.30276137899
1.30406154691
1.30535798133
1.30665180357
1.30794312536
1.30922996868
1.31051458737
1.31179538431
1.3130732285
1.31434701185
1.31561649444
1.3168824674
1.31814444904
1.31940276946
1.32065676894
1.32190629074
1.32315224804
1.32439279431
1.32562911404
1.32686199435
1.32808898224
1.32931135868
1.3305291425
1.33174205817
1.33295060479
1.33415300165
1.33535122501
1.33654390562
1.33773147145
1.33891327264
1.34009024684
1.34126202855
1.34242725096
1.34358816532
1.3447425988
1.34589250597
1.34703550357
1.34817395326
1.3493062717
1.35043202786
1.35155313074
1.35266769467
1.35377699595
1.35487967521
1.35597716429
1.35706826539
1.35815369239
1.3592326758
1.36030627163
1.36137373668
1.36243521673
1.3634900492
1.36454006302
1.36558330321
1.36662033343
1.36765216654
1.36867814128
1.36969732846
1.3707107353
1.37171884125
1.3727201268
1.37371616489
1.37470611736
1.37569012744
1.37666844143
1.37764110762
1.37860776139
1.37956868469
1.38052390467
1.38147320352
1.3824178914
1.38335620357
1.38428891087
1.38521640665
1.38613804012
1.38705469457
1.38796598451
1.38887221206
1.38977229257
1.39066797752
1.39155771014
1.39244258546
1.39332346733
1.39419787905
1.39506808745
1.39593409084
1.3967946104
1.39764991137
1.39850135135
1.39934778487
1.40018991824
1.40102768715
1.4018606897
1.40268975936
1.40351412382
1.40433459457
1.40515068311
1.40596304372
1.40677187628
1.40757605614
1.40837646218
1.40917320357
1.4099661172
1.41075558136
1.4115419304
1.41232443351
1.41310309931
1.41387890107
1.41465149149
1.41542055733
1.41618652091
1.41695000066
1.41770996898
1.41846726317
1.41922174952
1.41997349064
1.42072195586
1.42146813656
1.42221204819
1.42295308288
1.4236920917
1.42442901684
1.42516251986
1.42589382221
1.42662439744
1.42735186576
1.42807753159
1.42880054612
1.42952242449
1.43024172725
1.43095946434
1.43167544182
1.43239015161
1.43310276834
1.43381320357
1.43452299347
1.43523044445
1.43593748761
1.43664194021
1.43734608489
1.43804799959
1.43874852033
1.43944819818
1.44014620937
1.44084360776
1.44153896847
1.44223375525
1.44292695137
1.44361869749
1.4443103319
1.44500006721
1.44568949138
1.44637705302
1.44706327689
1.44774966618
1.44843432693
1.44911787072
1.44980094275
1.45048254652
1.45116332235
1.4518430721
1.45252092582
1.45319837796
1.45387575833
1.4545508677
1.4552254256
1.45589892557
1.45657054703
1.45724184314
1.45791151931
1.45858125351
1.4592483549
1.4599147521
1.4605800196
1.46124416567
1.46190682275
1.46256803772
1.46322799038
1.46388660635
1.46454359361
1.46519931939
1.46585327327
1.46650552994
1.46715680552
1.46780532366
1.46845302686
1.46909894392
1.46974254026
1.47038437911
1.47102429043
1.47166210688
1.47229843561
1.47293176415
1.47356312857
1.47419238518
1.47482007698
1.47544447101
1.47606654351
1.47668605157
1.47730330447
1.47791758916
1.47852872922
1.47913833566
1.47974376861
1.48034702399
1.48094705919
1.48154422549
1.48213787443
1.48272817023
1.48331563113
1.48389985357
1.48448023053
1.48505661292
1.48563072159
1.48620020181
1.48676625245
1.48732788702
1.48788651357
1.48844075482
1.48899145836
1.48953793736
1.49007966193
1.49061730183
1.49115093743
1.49167987793
1.49220521168
1.49272552344
1.49324192633
1.49375246659
1.49425913881
1.49476089838
1.49525840721
1.49575010907
1.49623756597
1.49672014496
1.49719737423
1.49766947532
1.49813707095
1.49859892574
1.49905592925
1.49950709642
1.49995285677
1.50039439317
1.5008293696
1.50125968598
1.50168431244
1.50210370322
1.50251675577
1.50292471274
1.50332691207
1.503724027
1.50411516762
1.50449991896
1.50487939809
1.50525353814
1.50562152042
1.50598317658
1.50633997904
1.50669022027
1.50703487565
1.50737366118
1.50770702396
1.50803313755
1.50835488257
1.50866993613
1.50897867313
1.50928209852
1.50958001754
1.50987120198
1.51015677874
1.5104365256
1.51070992563
1.51097766278
1.51123944766
1.5114951944
1.51174542806
1.51198889679
1.51222688607
1.51245908699
1.51268616633
1.51290588484
1.51312015519
1.51332932103
1.51353212996
1.51372873426
1.51392090889
1.51410659264
1.5142864461
1.51446003571
1.51462807323
1.51479101016
1.51494762075
1.51509919693
1.51524462709
1.51538477633
1.51551916771
1.51564822329
1.51577114296
1.51588874776
1.51600116393
1.51610779561
1.51620991545
1.51630601576
1.51639611207
1.51648135769
1.51656125443
1.51663629989
1.51670547814
1.51676924015
1.51682899868
1.51688206683
1.51693050111
1.51697424106
1.51701228856
1.51704550595
1.51707310412
1.51709651545
1.51711453345
1.5171276813
1.51713531908
1.51713845871
1.51713685765
1.51712996795
1.51711896172
1.51710271323
1.51708083349
1.51705560072
1.51702407483
1.51698893722
1.51694877473
1.51690341153
1.51685301408
1.51679924891
1.51674001795
1.51667602699
1.51660708118
1.5165346638
1.51645692095
1.51637491882
1.51628745963
1.51619605956
1.51610020256
1.51599985446
1.51589497721
1.51578494973
1.51567065771
1.51555224714
1.51542887529
1.51530111575
1.51516920075
1.51503264419
1.51489117637
1.51474569623
1.51459546148
1.51444074449
1.5142809103
1.51411717311
1.51394967136
1.51377681952
1.51359951383
1.51341807082
1.51323147954
1.51304025829
1.51284580911
1.51264570653
1.51244130045
1.51223229196
1.51201902324
1.51180066057
1.51157767005
1.51135045721
1.51111826298
1.51088154826
1.51063995722
1.5103942935
1.51014350255
1.50988716018
1.50962676213
1.50936170065
1.50909244534
1.50881773422
1.50853730921
1.50825348077
1.50796333702
1.50766965557
1.50736994219
1.50706541358
1.50675599379
1.50644230315
1.5061227355
1.50579834157
1.50546793569
1.50513291116
1.50479275821
1.50444725306
1.50409711273
1.50374054811
1.5033799366
1.50301292175
1.50264044755
1.50226319775
1.50187976083
1.501491194
1.50109723227
1.50069744011
1.50029176098
1.49988065116
1.49946429399
1.4990414399
1.49861324009
1.49817868135
1.49773847155
1.49729234222
1.49684117026
1.49638349023
1.49591887107
1.49544882074
1.49497302492
1.49449130004
1.49400316078
1.49350848076
1.49300753162
1.49250049177
1.49198704915
1.49146759263
1.49094182645
1.49040917661
1.4898705361
1.48932567872
1.48877415951
1.48821561971
1.48765159844
1.48707988652
1.48650195407
1.48591780879
1.48532665024
1.48472941072
1.48412495799
1.48351362188
1.48289585817
1.48227167676
1.48164077508
1.48100266457
1.48035761094
1.47970653949
1.47904823428
1.47838304078
1.47771125087
1.47703274838
1.47634720654
1.47565503693
1.47495537126
1.47424909876
1.4735367783
1.47281685939
1.47209038864
1.47135719558
1.4706167015
1.46987056141
1.46911697554
1.46835616875
1.4675889286
1.46681496172
1.46603447587
1.46524636584
1.46445252497
1.46365115217
1.4628438498
1.46202918802
1.46120907035
1.46038157664
1.45954741098
1.4587069475
1.45785971954
1.45700560027
1.45614577741
1.4552789233
1.45440633294
1.45352625762
1.4526409343
1.45174871588
1.45084994135
1.44994520806
1.44903474677
1.44811741701
1.4471939024
1.44626470511
1.44532961566
1.44438775936
1.44344113874
1.44248743337
1.44152818549
1.44056278705
1.43959227868
1.43861536184
1.43763327611
1.43664497729
1.43565180449
1.43465197202
1.43364700191
1.4326365925
1.43162098999
1.43060035671
1.42957346471
1.42854096696
1.42750418311
1.42646125412
1.42541408197
1.42436128091
1.42330315938
1.42223993736
1.42117145526
1.42009833493
1.4190199604
1.41793738622
