metodo_1_dt_1:12
1.16440452895e-06
0.015531585821
0.0155303430243
0.0155296578858
0.015526670738
0.0155243800883
0.0155222918787
0.015520126497
0.0155176508972
0.0155153964845
0.0155131377144
0.0155110517764
0.0155089482769
0.015507464622
0.0155067252166
0.015505291963
0.015505609361
0.0155063777934
0.0155072330226
0.0155089753818
0.0155104688449
0.0155145127031
0.0155184997365
0.0155232323419
0.0155288550403
0.0155352334646
0.015541848922
0.0155487582989
0.015556443799
0.015563313277
0.0155702481603
0.0155765434141
0.0155811541846
0.0155843676883
0.0155847965122
0.0155841477664
0.0155820082753
0.0155789466771
0.0155733454251
0.0155667182727
0.0155598788502
0.0155530361421
0.0155465715085
0.0155400956011
0.0155343534556
0.015530018524
0.01552790905
0.0155258982282
0.0155272202039
0.0155301226875
0.015535026452
0.0155423190904
0.0155509303757
0.0155625586997
0.0155760030223
0.0155921421526
0.0156096277514
0.0156291329323
0.0156499463963
0.0156718906396
0.0156939050825
0.0157159865976
0.0157378830435
0.0157593362958
0.0157797954636
0.0157994196636
0.0158181356051
0.0158356634611
0.0158519603419
0.0158672235891
0.0158827998476
0.0158976661884
0.0159126267209
0.015926238813
0.0159415572196
0.0159557442351
0.0159718468123
0.0159878838142
0.0160055984832
0.0160242123038
0.0160444504142
0.016066054508
0.0160887091446
0.0161139703872
0.0161406172041
0.0161685979663
0.0161995808166
0.0162303886902
0.0162641934507
0.0162978285152
0.0163331839127
0.0163689831413
0.0164052105601
0.0164418517316
0.0164798185841
0.0165172429544
0.0165562599418
0.0165950478021
0.0166343005237
0.0166745973784
0.0167154146416
0.0167578660244
0.0168019949649
0.0168464997966
0.0168928517425
0.0169414884862
0.0169929372522
0.0170454933347
0.0171010518581
0.0171595076599
0.0172204352272
0.0172853578649
0.0173537174632
0.0174248054414
0.0174993802934
0.0175774549747
0.0176580206057
0.0177414211586
0.0178264417484
0.0179131983175
0.0180022935505
0.0180925491766
0.0181832164464
0.0182750345932
0.0183669765906
0.018460268086
0.0185541782924
0.0186485596762
0.0187429285758
0.0188386561542
0.0189351381106
0.0190332042311
0.0191311095829
0.0192321699835
0.0193337889211
0.0194385111003
0.0195445343946
0.0196535412737
0.0197650972422
0.0198801254288
0.0199966398353
0.020118184047
0.0202427104208
0.0203707391889
0.020501455622
0.0206356855382
0.0207732036992
0.0209126353334
0.0210542050975
0.0211972651246
0.0213411394385
0.0214864392296
0.0216330066513
0.0217797266059
0.0219273394416
0.0220756246887
0.0222234770888
0.0223729556578
0.0225229687851
0.0226743116957
0.0228259164472
0.0229798658691
0.0231360275733
0.0232940180827
0.0234547187732
0.0236189996318
0.0237857345111
0.0239563061239
0.0241305147496
0.0243090274395
0.0244912614814
0.0246786378846
0.0248691654815
0.0250651455122
0.0252634886249
0.025467091635
0.0256727830282
0.0258822477798
0.0260952158198
0.0263093322352
0.0265263619597
0.0267458707041
0.0269667130457
0.0271884649125
0.0274119580458
0.0276369586868
0.0278640534977
0.0280913467734
0.0283202149188
0.0285503255964
0.0287818338373
0.0290148867434
0.0292497970155
0.029487045062
0.0297263564776
0.0299684956544
0.030213753915
0.030461921879
0.0307140944122
0.0309697456487
0.0312301048794
0.0314931480958
0.0317605960377
0.0320314029036
0.0323052674053
0.0325823145983
0.032862556161
0.0331460392264
0.033430937476
0.0337184424219
0.034007442777
0.034297746273
0.0345893992655
0.0348818741576
0.0351758346777
0.0354707592853
0.0357667239875
0.0360624056986
0.0363592360465
0.0366574633505
0.0369558188474
0.037255876567
0.0375572296841
0.0378601821755
0.0381649863874
0.0384726553803
0.0387834597522
0.0390966981273
0.0394131860364
0.0397336939897
0.0400571225878
0.0403832008196
0.0407126597247
0.0410462758017
0.0413813424039
0.0417193315559
0.0420599063905
0.042402283462
0.0427458609947
0.0430922234049
0.0434384285446
0.0437856076029
0.0441343949662
0.0444836555674
0.0448331769684
0.0451818481863
0.0455317249186
0.0458817257013
0.04623141223
0.0465813954786
0.0469317085701
0.047282394671
0.0476336793863
0.0479860040543
0.048339232486
0.0486943832594
0.0490501979326
0.0494076465068
0.0497661758818
0.0501262828577
0.0504893203263
0.0508565193161
0.0512266017849
0.0516016556698
0.0519787310998
0.0523596969055
0.0527425732667
0.0531272992422
0.0535138252411
0.0539020593182
0.0542908868679
0.0546802762139
0.0550700794066
0.0554592657285
0.0558496772893
0.0562394534186
0.0566291029203
0.0570186575043
0.0574074563103
0.0577967253801
0.0581868714356
0.0585760101572
0.0589680444322
0.0593590128681
0.0597539764939
0.0601507903654
0.0605496631655
0.0609506182272
0.061353405336
0.0617580313361
0.0621639412175
0.0625741291899
0.0629857608715
0.0634010318067
0.0638167231581
0.0642304122295
0.0646467082584
0.0650661852925
0.0654848346872
0.065903039828
0.0663221096852
0.0667414733293
0.0671598140332
0.0675770717318
0.0679942718374
0.0684100324064
0.0688257506639
0.0692396269797
0.0696538500998
0.0700672690901
0.0704799647815
0.0708941053968
0.0713084365275
0.0717245525646
0.0721416693773
0.072560363364
0.0729804609043
0.0734031084625
0.0738272567234
0.0742531815043
0.0746805069871
0.075109329788
0.0755398796416
0.0759716590285
0.0764046317916
0.0768383833979
0.0772727707224
0.077707157475
0.0781414816365
0.0785759115793
0.0790098267011
0.0794423104788
0.0798744429476
0.0803056836925
0.0807346728118
0.0811631995166
0.0815904342808
0.082016567914
0.0824418316176
0.0828669919517
0.0832919221968
0.08371737189
0.0841436613011
0.0845708719786
0.0849997538606
0.0854298669072
0.0858606503648
0.0862936921712
0.0867283355338
0.0871638098957
0.0876009122295
0.0880401781309
0.0884794717938
0.0889199275943
0.089361558525
0.0898034304098
0.0902460718449
0.0906877044944
0.0911298582774
0.0915710696487
0.0920108457001
0.0924505221899
0.0928877842602
0.0933241603684
0.0937592431432
0.0941938798483
0.0946266681075
0.0950586020745
0.0954896152774
0.0959217119229
0.0963529384407
0.0967855586709
0.0972180924581
0.0976524475385
0.0980874152589
0.0985238253487
0.0989623154384
0.0994016474963
0.0998418097135
0.100284697013
0.100728323937
0.101174759311
0.101621631307
0.102068660864
0.102515228456
0.102963791015
0.103414328278
0.10386292771
0.10430960452
0.104757553874
0.105205175391
0.105648890837
0.106091671027
0.106534764835
0.106976690733
0.107417801648
0.107857534002
0.108294827882
0.108734279568
0.109173995182
0.109614226094
0.110055507224
0.110497469041
0.110940925671
0.111385583458
0.111831883742
0.112280539943
0.112730272777
0.113181939575
0.113634902461
0.11409035371
0.11454687808
0.115004893529
0.115464048623
0.115924075154
0.116384439745
0.116844680582
0.117305035318
0.117765073853
0.118223636098
0.118682592807
0.119138841615
0.119595722
0.120050992159
0.120506865799
0.120961006417
0.121415681829
0.121870718709
0.122325609601
0.122781802386
0.12323932927
0.123697324176
0.124157080347
0.124618463962
0.125082175325
0.125548439787
0.126015659616
0.126485268011
0.126957350564
0.127431443425
0.127907896411
0.128386021163
0.128865933483
0.129346988052
0.129829189474
0.130312771244
0.130794836488
0.131277550129
0.131760634941
0.132242925114
0.132724509114
0.133205860068
0.133686403366
0.134167745105
0.134648299474
0.135129889412
0.135611540312
0.136093030457
0.136577551336
0.137061865526
0.13754788129
0.138036404825
0.138526244281
0.139019112867
0.139513736299
0.140011555178
0.140511429657
0.141013593565
0.141519406594
0.142027176979
0.142537378437
0.143050735444
0.143564838374
0.144080523965
0.144597576781
0.14511581012
0.14563503963
0.146152946488
0.146671527768
0.14719086452
0.14770838697
0.148226635129
0.148745995037
0.149266751615
0.149784816019
0.150304758189
0.150829759714
0.151352860025
0.15187578287
0.152401965612
0.1529304705
0.153461878133
0.153994486822
0.154530530997
0.155069622581
0.155611161667
0.15615642461
0.156704229039
0.157255168526
0.157808909742
0.158366094792
0.158924531177
0.159486031546
0.160048511745
0.160611939976
0.161176628903
0.161741884513
0.162307319133
0.162873147709
0.163439699288
0.16400657689
0.164573435185
0.165141343674
0.165710038292
0.166279785949
0.166850277297
0.167422666501
0.167995784156
0.168571551966
0.16914952423
0.169729417084
0.170312901093
0.170898246685
0.171487011328
0.17207874284
0.172674299684
0.173271716916
0.173874379228
0.174478739097
0.175086102368
0.175696329255
0.176308717841
0.176923880044
0.177539301468
0.178156961454
0.178774421936
0.179392464363
0.180011926349
0.180631776588
0.181251921473
0.181872680654
0.182493067667
0.183115196091
0.183738278781
0.184362285895
0.184987133729
0.185614313414
0.186242740357
0.186872950374
0.187505645696
0.188140597116
0.188778192551
0.189419013729
0.190062597353
0.190710165554
0.19136107223
0.192014454462
0.192671353946
0.193330712804
0.193993378292
0.194658050797
0.195324574905
0.19599216908
0.1966612968
0.197332497522
0.198003013833
0.198674099438
0.199345447542
0.200019361193
0.200691825191
0.20136475811
0.202038244155
0.202712407309
0.20338737029
0.204063162958
0.20473953062
0.205417816118
0.206097272455
0.206778911896
0.207463535217
0.208149748772
0.208838470501
0.209530423094
0.210225847998
0.210923526045
0.211624404989
0.212328811852
0.213035291963
0.213744431856
0.214455532694
0.215167903975
0.215882785898
0.216597800176
0.217314508029
0.218031085012
0.218748297125
0.219466193197
0.220184372362
0.220902186718
0.221619906721
0.222337771976
0.22305667154
0.223774766556
0.224493748565
0.225213235478
0.225932947483
0.226654653978
0.227377353683
0.228102230601
0.22882906748
0.229558024852
0.230289516049
0.2310236794
0.231760792312
0.232500793801
0.233243487462
0.233988375259
0.23473562491
0.235483779695
0.236234521678
0.236985606112
0.237738696741
0.238491915158
0.239245671941
0.239999435815
0.240754073204
0.241507894894
0.242261639415
0.243015205973
0.243769325895
0.244522147602
0.245275036085
0.246028080076
0.246780619953
0.2475340973
0.248288048926
0.249043176345
0.249799860926
0.250557349014
0.251317542298
0.252080268544
0.252845106977
0.253612562791
0.254382170199
0.255154336938
0.255928261312
0.256705269403
0.257482460504
0.258262042109
0.259042139269
0.25982389755
0.260605235539
0.261387800324
0.262170291662
0.262952799453
0.263735642884
0.264516838401
0.265298539808
0.266080057538
0.266861031433
0.267641452562
0.268419211339
0.269198761354
0.269978153746
0.2707577682
0.271537708757
0.27232140718
0.273103116837
0.273889052792
0.274675866405
0.275464162042
0.276256925506
0.27704973555
0.277846470106
0.278643076159
0.279446042877
0.28024676564
0.281049294209
0.281852484792
0.282657587626
0.283462506971
0.2842692782
0.285075824321
0.285882518766
0.286688138242
0.287493940446
0.288299842111
0.289104592166
0.289909351273
0.290712915932
0.291516615834
0.292319329803
0.293121914645
0.293924607677
0.294728527356
0.295532617043
0.296338593227
0.297146012873
0.29795572892
0.298767827928
0.299582237215
0.300398113682
0.301216104744
0.302037311332
0.30285931704
0.303684080789
0.304510294821
0.305337052576
0.306165713622
0.306994841066
0.307824912395
0.308655566198
0.309486433332
0.310317139177
0.311147734174
0.311978353886
0.31280865005
0.313637454969
0.314465861894
0.31529457757
0.316122703173
0.316950568922
0.317778733198
0.318606569206
0.319436674453
0.320268095302
0.321100772292
0.321936159726
0.322772737454
0.323612991357
0.32445495987
0.325298805518
0.326145611749
0.326994275682
0.327844980328
0.328697650481
0.329552904556
0.330408656378
0.331265730388
0.33212382548
0.332982860503
0.333843156823
0.334702396702
0.335562609698
0.336422373424
0.337282363443
0.338141363403
0.339000273378
0.339859118548
0.340717134004
0.341576189447
0.342434685109
0.343294665243
0.34415573732
0.345017679876
0.345881473687
0.346748119016
0.347616356923
0.348488744383
0.349363076339
0.350239248407
0.351117119837
0.351999403956
0.352883309379
0.353768299018
0.354657506903
0.355547320604
0.356436829732
0.357330715914
0.358226633769
0.359121761754
0.360019473616
0.360913826752
0.361808460291
0.362704567285
0.363600670102
0.364496196671
0.365390591878
0.366289500309
0.3671864632
0.368080934606
0.368978896234
0.369877498657
0.370778270849
0.371681099508
0.372585393319
0.373491682692
0.374401849835
0.375314237154
0.376229100619
0.377146808054
0.378067561352
0.378990093504
0.379916651839
0.380844441631
0.381774162412
0.382707128729
0.383641100243
0.38457662353
0.385512809023
0.386450766051
0.387388163462
0.388326897234
0.389265534389
0.390203304061
0.391141416454
0.392079493787
0.393018317847
0.393957317922
0.394896814472
0.395837152046
0.396779565331
0.397722595661
0.398667821064
0.399615500571
0.400564782177
0.401517130095
0.402472173881
0.403429867889
0.404390413674
0.405354176739
0.40632055804
0.407289205465
0.408260349985
0.409234438757
0.410210598746
0.411189087398
0.412167887975
0.413148850497
0.414130885303
0.415112905177
0.416094983729
0.417077928647
0.418059811359
0.419042824116
0.420024938485
0.421007512265
0.421989576402
0.422973482906
0.423957399558
0.424942519075
0.425929126737
0.426916878445
0.427907571972
0.428900165426
0.429894975903
0.430891790032
0.431891615281
0.432893204362
0.433898841648
0.434904356256
0.43591469788
0.436928010072
0.437943354005
0.43895904334
0.439979353726
0.440999272639
0.442020974265
0.443044262181
0.444065767658
0.445088316734
0.446111832065
0.44713273931
0.448154424354
0.449177096938
0.450196629093
0.451217674043
0.452239183033
0.453262700035
0.454282342774
0.4553087464
0.45633109165
0.457359562493
0.458388746103
0.459418818995
0.460447892217
0.461481512929
0.462517031055
0.463555215766
0.464595475662
0.465637559023
0.466682934589
0.467730206281
0.468778650455
0.469828828039
0.470880495619
0.471933220474
0.472986634586
0.474038906904
0.475091819155
0.476142953348
0.477194152862
0.478245331725
0.479294203858
0.480343634812
0.48139196874
0.48244067724
0.483488250854
0.484536757461
0.485584913604
0.486633932308
0.487683558396
0.488734673042
0.489786448556
0.49083936933
0.491894303108
0.492950183406
0.494007749944
0.495067648032
0.496129169148
0.497192202661
0.498256898332
0.499323782268
0.500391378967
0.501460134014
0.502529095874
0.503598207856
0.504667138061
0.50573494097
0.506801671516
0.50786743152
0.508931169292
0.509994842647
0.511056904698
0.512118337453
0.513178038859
0.514237336848
0.515296014984
0.516354442272
0.517412331181
0.518470917691
0.51952996985
0.520588533954
0.521648442995
0.522709560465
0.523770675286
0.524834509449
0.525898675184
0.526963819646
0.528031390053
0.529099911191
0.530169222519
0.531240821054
0.532312206527
0.533383308476
0.534453085501
0.535523653756
0.536592313116
0.537660583311
0.53872676575
0.539794261093
0.540857673983
0.541919767113
0.542980620321
0.544036991004
0.545095797235
0.546154034746
0.547207909065
0.548265143819
0.549322242146
0.550374693819
0.551431332762
0.55248348862
0.553540548612
0.554596373143
0.555656970881
0.556716557261
0.557774886043
0.558837634291
0.559900188803
0.560964050803
0.56202759487
0.563092744186
0.564157944875
0.565222951774
0.566287232902
0.567350588496
0.568412054019
0.56947351398
0.570532613467
0.571589917346
0.572645982368
0.573700663008
0.574753906693
0.575805561518
0.576856916892
0.577906737273
0.578955309839
0.580004253059
0.581052109312
0.582100191313
0.583148627298
0.584198118051
0.585247930375
0.586299164617
0.587351753734
0.58840605726
0.589461351036
0.590517807523
0.591575901708
0.592635093688
0.593694349973
0.594755247979
0.595815248056
0.596875096031
0.597934486673
0.598993331267
0.600051335576
0.601107847035
0.602163553152
0.603218198112
0.604271190118
0.605323616964
0.606374688643
0.607424837031
0.608474478289
0.609522676224
0.610571873828
0.611620407475
0.612668730383
0.613717905138
0.614768488472
0.615819627778
0.616873502604
0.617928152525
0.618984601344
0.62004364748
0.621105066574
0.62216748777
0.623231448368
0.624296494951
0.625362140903
0.626429607305
0.627496890241
0.628564271752
0.629632408195
0.630698577614
0.631765905055
0.63283247578
0.633899901454
0.634963857069
0.636029268178
0.637093808555
0.638158226602
0.63922149029
0.640285028589
0.641348783404
0.642412943102
0.643478019862
0.644544334289
0.645608473095
0.646678266382
0.64775017368
0.648824246982
0.649900491768
0.650978594524
0.652063420875
0.653143504085
0.654230336339
0.655321663624
0.656412510546
0.657501796209
0.658593921108
0.659688933983
0.660785979762
0.661877409013
0.662974840585
0.664071466517
0.665166236833
0.666264507347
0.667358923658
0.668455657703
0.669552500509
0.670649182414
0.671746851962
0.672844662685
0.673943187008
0.675043809911
0.676145729041
0.677249559741
0.67835598983
0.679465533118
0.680577956466
0.681693526847
0.682812365621
0.683934710345
0.685060495837
0.686188166061
0.687319479365
0.688451980062
0.689588443365
0.690725776138
0.691865731813
0.693007041926
0.694149233173
0.695292762473
0.696437624764
0.697582509122
0.698730073408
0.699876420832
0.701024580391
0.702173543511
0.703321913143
0.704472665676
0.705623801258
0.706776260214
0.707930647308
0.709087006985
0.710246373043
0.711409000863
0.71257480827
0.713743611465
0.714917088844
0.716093033687
0.71727388297
0.718456940706
0.71964477767
0.720835468118
0.722029294891
0.723225554542
0.724425393412
0.72562687457
0.726831169946
0.728036332889
0.729244466515
0.73045361498
0.731663729645
0.73287596199
0.734088726639
0.735303451342
0.736518450695
0.737734894436
0.738952093393
0.740169497896
0.741389644042
0.742613268905
0.743838211281
0.745064789411
0.746297352203
0.747529139094
0.748769291401
0.75001196139
0.751257202164
0.752505950014
0.753760149277
0.755017235801
0.7562807051
0.757543072375
0.758811647836
0.760082459781
0.761355160193
0.762629476155
0.763909641263
0.765190940402
0.766472886126
0.767755061205
0.769042041097
0.77032369083
0.771614501095
0.77289895861
0.774193407605
0.775479895493
0.776775641509
0.778062781998
0.779360119486
0.780660913255
0.781957885237
0.783265280782
0.784567473745
0.785879615966
0.787192305148
0.788513334575
0.789833540909
0.79115923423
0.79248657867
0.793819048992
0.795154878919
0.796493811531
0.797835587847
0.79918018347
0.800526767064
0.801875933579
0.803226058868
0.80457924469
0.805932796615
0.807287638368
0.808642487844
0.80999868121
0.811355162064
0.812712874133
0.814071197958
0.81542994287
0.816790302122
0.818152226945
0.819515977941
0.820880583892
0.822249399034
0.823619552253
0.824993264534
0.826370655776
0.827750225102
0.829133217004
0.830519855664
0.831908357772
0.833300463269
0.834695470169
0.836093066766
0.837493117406
0.838895215136
0.840299090047
0.841704380497
0.84311136368
0.84451886196
0.845926988115
0.847335359225
0.848744299369
0.85015236639
0.851561112771
0.852969039519
0.854376846635
0.855784178078
0.857192766685
0.858601251727
0.860010435722
0.861421875678
0.862833229647
0.864247009573
0.865662766007
0.867079868735
0.868499719055
0.869921514143
0.871344944659
0.872769317458
0.874199140667
0.875628432509
0.877057038186
0.878492181279
0.879925976598
0.881360161377
0.882794522411
0.884230304683
0.88566708516
0.887102788379
0.88853728776
0.88996748477
0.891401187308
0.892830791833
0.894259748726
0.895688882013
0.897113899096
0.89853975489
0.899966870824
0.901390738389
0.902811240887
0.904239458273
0.905664818026
0.90708738483
0.908512728141
0.909940746489
0.911365790976
0.912794030975
0.914224369808
0.915649934554
0.917083831344
0.918513082654
0.91994194625
0.921371028433
0.922805689485
0.924230735298
0.925660574928
0.927092780341
0.928519362445
0.929941873933
0.93136421811
0.932783151254
0.934199705564
0.935614134114
0.93702549857
0.938434300705
0.93984105574
0.941245428869
0.942648732634
0.94405004729
0.945449908285
0.946848481679
0.948246941326
0.949643733019
0.95103985728
0.952435831908
0.953830739604
0.955226295272
0.956620445245
0.958014919059
0.959408785488
0.96080085224
0.962193686771
0.963584325974
0.964974184982
0.966361633946
0.967747235051
0.969130341652
0.970510056612
0.97188675618
0.973259180277
0.974629083346
0.975994337987
0.977355929892
0.978715554401
0.980070094615
0.9814232736
0.98277300217
0.984119907002
0.985463816524
0.986806274225
0.98814693859
0.989486332341
0.990822941366
0.992159229249
0.993493474618
0.994827014411
0.996160081951
0.997491719436
0.998821222612
1.00015112438
1.00147870185
1.00280551176
1.00412916882
1.00545228529
1.00677108993
1.00808853094
1.00940152512
1.01071118616
1.01201644349
1.01331744822
1.01461672666
1.01590926574
1.01720050131
1.01848713213
1.01977220072
1.02104995626
1.02232757578
1.02360307703
1.02487567743
1.02614578042
1.02741465472
1.02867742121
1.02994435762
1.03120574573
1.03247215628
1.03373329068
1.03498890316
1.0362501092
1.03751149742
1.03876662011
1.04002110794
1.04128043704
1.04253269366
1.04378199417
1.04502729264
1.04627655781
1.04751364621
1.04875909298
1.04999095626
1.05122315214
1.0524475222
1.05367870013
1.05490024517
1.05611563212
1.05733134854
1.05854586285
1.05975660488
1.06096574338
1.06217361471
1.0633798993
1.06458452325
1.06578933153
1.0669930035
1.06819619216
1.06939915872
1.07060252792
1.07180495427
1.07300812922
1.07421094566
1.07541395635
1.07661590397
1.07781703332
1.07901649822
1.08021531175
1.08141207836
1.08260612829
1.08379838993
1.08498824337
1.08617670777
1.08736196005
1.08854532449
1.08972668296
1.09090541088
1.09208338157
1.09325911485
1.094434308
1.09560823051
1.09678080838
1.09795409717
1.09912722316
1.10029996757
1.10147327237
1.10264798312
1.10382380398
1.1050013678
1.10617916426
1.10735855798
1.10853983752
1.10972214082
1.11090461224
1.1120881056
1.11327162757
1.11445508913
1.11563852891
1.11682074336
1.11800262384
1.11918445705
1.12036505691
1.12154459817
1.12272306104
1.12390065213
1.1250785674
1.12625494204
1.12743197596
1.12860945918
1.12978473411
1.1309625132
1.1321435912
1.13332316498
1.13450444326
1.13568600121
1.13687339946
1.13806302719
1.13925513914
1.14044521766
1.14164254877
1.1428434443
1.1440421588
1.14524876536
1.14645285605
1.14766479866
1.14887365274
1.15008443992
1.15129113583
1.15250520242
1.15372061696
1.15493077557
1.15614802352
1.15735931059
1.15857715404
1.15978864518
1.1610059387
1.16222270477
1.16344567757
1.16466681681
1.16588638245
1.16711138348
1.16834098573
1.16956728682
1.17079809109
1.17203169806
1.17327674026
1.17451532744
1.1757631694
1.17701881304
1.17827285881
1.17953260763
1.18079474889
1.18206070912
1.18332987221
1.18460107156
1.18587401911
1.18715024953
1.18842857114
1.18970737421
1.19098947907
1.19227197325
1.19355725019
1.19484320441
1.19613145723
1.19742086644
1.19871250472
1.20000587531
1.2013011431
1.20259817313
1.20389879261
1.20520269395
1.20651028589
1.20782117628
1.20913592061
1.21045652726
1.21178098239
1.21310998875
1.21444458925
1.21578290566
1.21712573402
1.21847224245
1.21982312864
1.22117725155
1.22253536977
1.22389626344
1.22525965346
1.22662525279
1.22799475163
1.22936589934
1.23073839166
1.23211386532
1.23349110124
1.23486984222
1.23625070801
1.23763455306
1.23901934648
1.24040657651
1.24179720809
1.24318934718
1.24458584834
1.24598585784
1.24738995914
1.24879812481
1.25021005721
1.2516295535
1.25305198813
1.25447687769
1.25590813248
1.25734663339
1.25878387076
1.26022953373
1.26167861894
1.26312650295
1.2645837805
1.26604060422
1.26749621091
1.26896208569
1.27042270874
1.27189305015
1.27335772198
1.27482811089
1.27629944062
1.27777037155
1.27924778506
1.28072043929
1.28220009699
1.28368139665
1.2851585078
1.28664410113
1.28813257367
1.28962424345
1.2911193386
1.29261796321
1.29412022371
1.29562586535
1.29714184931
1.29865373454
1.30017476038
1.30169780482
1.30322237298
1.30474661877
1.30627903578
1.30781002912
1.30934747839
1.31088151366
1.31242006212
1.31396187255
1.31550621845
1.31704329559
1.31858918668
1.32013464332
1.32167829059
1.32321925313
1.32476505705
1.32630653403
1.32785950287
1.32940575447
1.33095258665
1.3325029879
1.33405616366
1.33561115546
1.3371683553
1.33872933057
1.34029172795
1.34185752874
1.34342543409
1.34499658095
1.34656860271
1.34814370111
1.34971916277
1.35129704687
1.35287576036
1.35445585215
1.35603616425
1.3576156599
1.35919617019
1.360775812
1.36235497651
1.36393313196
1.36551057372
1.36708572352
1.36866102096
1.3702339339
1.37180695593
1.37337863191
1.37494950072
1.37652012899
1.37809101694
1.37966257538
1.38123331894
1.38280636467
1.38437892346
1.3859530834
1.38752787197
1.38910304619
1.39067941076
1.39225671738
1.39383345053
1.39540945363
1.39698623678
1.39856301209
1.40013820349
1.40171145066
1.40328490234
1.40485495334
1.4064236282
1.40799045137
1.40955330736
1.41111482248
1.41266974999
1.41422437509
1.41577826142
1.41732455118
1.41886869629
1.42041592113
1.42195694256
1.42349262792
1.42503001812
1.42656866822
1.42809943613
1.42963331376
1.43116554651
1.43269678634
1.43422762686
1.43575782532
1.43728789438
1.43881253868
1.44033689526
1.44186288789
1.44338257164
1.44490324191
1.44641764094
1.44793286386
1.44944139651
1.45094288302
1.45244449911
1.4539461214
1.45543220479
1.456925713
1.45840311788
1.45988807949
1.46135651701
1.46282443079
1.4642919029
1.46575895763
1.46721701764
1.46866568695
1.47012186677
1.47156742641
1.47301987245
1.47446053966
1.47589796914
1.47733997327
1.47877670496
1.48020751502
1.48163971366
1.48307261103
1.48449558976
1.48591622246
1.48733494766
1.48875019213
1.4901612001
1.49156780299
1.49297032811
1.49436635098
1.495757881
1.49714326748
1.49852337902
1.49989803869
1.50126585367
1.50262967002
1.50398761294
1.50533999416
1.50668879622
1.50803299345
1.50937256948
1.51070831459
1.51204107753
1.5133695791
1.51469542449
1.51601713218
1.51733718172
1.51865292709
1.51996564548
1.52127652015
1.52258364989
1.52388690393
1.52518739143
1.52648377733
1.52777686571
1.52906602979
1.53035010651
1.53162904863
1.53290380798
1.53417158219
1.53543491345
1.5366913124
1.53794247018
1.5391882126
1.54042807358
1.54166282622
1.54289228337
1.54411808608
1.54533903514
1.54655573917
1.54776830728
1.54897802561
1.5501839556
1.55138638528
1.55258598357
1.55378373707
1.55497755851
1.5561683941
1.55735906189
1.55854672641
1.55973292765
1.56091168925
1.56208917524
1.56326674824
1.56443868459
1.56560425595
1.5667699825
1.56793049251
1.56908663218
1.57023636614
1.57137598064
1.57251743307
1.57365506948
1.57478310513
1.57590824201
1.5770312906
1.57815288399
1.57926581698
1.58037794031
1.58148977647
1.58259361546
1.58369753234
1.58479358189
1.58589818415
1.5869948474
1.58809178336
1.58918860735
1.59027647629
1.59137210717
1.5924662781
1.59355866774
1.59463890721
1.59573327716
1.59681323759
1.59789603891
1.59898007287
1.60005516561
1.60112918589
1.60220082929
1.6032688048
1.60432836354
1.60538871103
1.60644612079
1.60750006329
1.60855172785
1.60960145534
1.61064883423
1.61169416821
1.61273776413
1.6137814032
1.61482311903
1.61586420923
1.61690478113
1.61794599658
1.61898691276
1.62002837862
1.62107016921
1.62211200188
1.62315442952
1.62419783358
1.6252415592
1.62628478274
1.62732858897
1.62837099189
1.62941287364
1.63045332274
1.63149310241
1.63253138984
1.63356694497
1.63460203379
1.63563457054
1.63666672989
1.6376973498
1.6387270518
1.63975539747
1.64078375786
1.64181177557
1.64283982809
1.64386804693
1.64489686425
1.64592754959
1.64695880795
1.64799184853
1.64902616848
1.65006335143
1.65110158426
1.65214273224
1.65318613736
1.65423192118
1.65527921992
1.65632844652
1.65818077911
