metodo_2_dt_1:12
1.40069205966e-06
0.00343715259274
0.00343494949123
0.0034374734162
0.0034352745117
0.00343777715126
0.0034356279017
0.00343707463875
0.00343602357279
0.00343738116852
0.00343933510209
0.00343772237462
0.00343952391042
0.0034371311517
0.00343875699576
0.0034366469137
0.00343807680724
0.00343997856317
0.00343753229988
0.0034391931552
0.00343719041206
0.00343859829181
0.0034403888667
0.00343823014029
0.00343971193246
0.00344153356558
0.00343832523502
0.00343982009588
0.00344161139148
0.00343947953871
0.00343993074162
0.00344164160243
0.00343873740746
0.00344009924496
0.00344169176733
0.00344249566354
0.00344041606203
0.00344086536831
0.00344149842548
0.00344329554991
0.00344030379551
0.00344075678625
0.00344234784963
0.00344306963296
0.00344043001536
0.00344180773575
0.00344229839468
0.00344288336554
0.00344355737121
0.00344430617944
0.0034415305863
0.00344196953066
0.0034424707116
0.00344303138625
0.00344363624206
0.00344428342989
0.00344495861338
0.00344242470232
0.00344286071925
0.00344333158267
0.00344382493576
0.00344334278494
0.00344387927876
0.00344443760795
0.00344500751861
0.00344458914777
0.00344518107464
0.00344577531662
0.00344537628982
0.00344597499424
0.00344557461293
0.00344617584385
0.00344677329635
0.00344637085743
0.0034459713625
0.00344656952868
0.0034461712873
0.00344678045508
0.00344639497584
0.0034470199063
0.00344666277712
0.00344632060296
0.00344599634817
0.00344669406051
0.00344642282255
0.00344618256629
0.00344864139674
0.00344914929253
0.00344869216085
0.00344827999744
0.00344791537995
0.00344761015893
0.00344737371204
0.0034472158967
0.00344940269646
0.0034489291419
0.00344854242365
0.00344825729045
0.00344808601626
0.00345044637361
0.00344992802286
0.00344954156568
0.00344929959137
0.00344921628119
0.00345032835051
0.00344988693083
0.00344962887816
0.00344957056938
0.00345063833027
0.00345022417515
0.00345004013832
0.00345242892708
0.00345089080805
0.00345061669427
0.00345062699084
0.00345155589972
0.00345124010146
0.00345024904351
0.0034521849722
0.00345088879656
0.00345096141124
0.003452782017
0.00345157741368
0.00345285978641
0.00345239360361
0.00345137296848
0.0034533460012
0.00345210255249
0.00345437759368
0.00345292943253
0.00345201214519
0.00345381634743
0.00345274959333
0.00345372218958
0.00345353304458
0.00345462372283
0.0034533441486
0.00345449518081
0.00345415965895
0.00345532810657
0.0034539735421
0.00345511252409
0.00345379153141
0.00345586587397
0.00345462752121
0.0034556082428
0.00345449998984
0.00345535199887
0.00345443357646
0.00345512569649
0.00345445264233
0.00345496541616
0.00345596381435
0.00345590672447
0.00345667130071
0.00345600131796
0.00345651674385
0.00345643979054
0.00345556014473
0.00345619620422
0.00345718514762
0.00345621291671
0.00345688696859
0.00345787520824
0.00345693055955
0.00345758225734
0.00345850123228
0.00345772047157
0.00345728809515
0.00345809156193
0.00345910680959
0.00345805340155
0.00345869920072
0.00345952575393
0.00345796351003
0.00345842204456
0.00345903731967
0.00345979715135
0.0034596817851
0.00345878224592
0.0034592985314
0.00345992116158
0.00345965318941
0.00346048338877
0.00345968687059
0.00345920054801
0.00345979777611
0.00346047004559
0.00346020122345
0.00346098364416
0.00346045943379
0.00345997209617
0.00346053321098
0.00346112915593
0.00346075517546
0.0034614040649
0.00346106941197
0.00346174758268
0.00346242760988
0.00346210738816
0.00346278179981
0.00346136511144
0.00346191291499
0.00346147474996
0.00346204827914
0.00346163166255
0.003462223521
0.00346182548294
0.00346243205137
0.00346304582302
0.00346266731489
0.00346329749932
0.0034629378317
0.0034635902071
0.00346414027126
0.00346466042857
0.00346418028237
0.00346370332725
0.00346423366635
0.00346377368141
0.003464333415
0.00346431572602
0.00346432462001
0.00346446674109
0.0034645496612
0.00346478141462
0.00346538328934
0.00346532126432
0.00346521375764
0.00346526804121
0.00346529973096
0.00346541706548
0.00346620678143
0.00346598505497
0.003465863061
0.00346585095847
0.00346606699798
0.00346674717762
0.00346650515163
0.00346640730486
0.00346657367384
0.00346681688074
0.00346709414056
0.00346697283668
0.00346705438403
0.00346778754474
0.00346751775019
0.00346747558553
0.00346768475663
0.00346803279802
0.00346786595702
0.00346799460048
0.0034685012694
0.00346829311764
0.00346841056215
0.00346876421743
0.00346856623961
0.00346883526575
0.00346901980307
0.00346890288466
0.00346920588784
0.00346921333545
0.00346927068678
0.00346951891798
0.00346945566495
0.00346997876133
0.00346961563502
0.00346989522925
0.00346991213247
0.00347005148228
0.00347021428938
0.0034702437377
0.00347049886216
0.00347045013254
0.00347055027215
0.0034709638726
0.00347086056197
0.0034712784709
0.00347112710321
0.00347159760699
0.00347136221862
0.00347193213157
0.00347157345543
0.00347228431144
0.00347177015438
0.00347267983233
0.00347198023915
0.00347277699466
0.0034722467279
0.00347280838338
0.00347261060574
0.00347292326436
0.00347264707376
0.00347317580966
0.00347260997659
0.00347363219487
0.00347377182718
0.00347325092181
0.00347420285534
0.00347336047242
0.00347381796134
0.00347482757626
0.00347394340477
0.00347431703352
0.00347492940889
0.0034745279921
0.00347477042993
0.00347421866554
0.0034751898058
0.00347527056802
0.00347452854042
0.00347494803025
0.00347593832494
0.00347599275459
0.00347518593398
0.00347550409154
0.0034759340675
0.00347675999372
0.00347583831193
0.00347601261245
0.00347627173738
0.00347660471375
0.00347600019173
0.00347671053913
0.00347678973869
0.00347692381145
0.00347710414425
0.00347732258574
0.00347656916358
0.00347684121001
0.00347712970298
0.00347787045022
0.00347793193978
0.00347801369513
0.00347811084257
0.0034782189777
0.00347833189574
0.00347845062606
0.00347856995228
0.00347868735623
0.00347880079345
0.00347890534262
0.00347899692911
0.00347907193853
0.00347913094467
0.0034791749606
0.00347920313052
0.00347922192807
0.00347923148179
0.00347923238882
0.00347923238438
0.00347923309986
0.00348023655378
0.00348025197848
0.00348028249839
0.00348033175202
0.00348041032087
0.00348152267831
0.00348034380954
0.00348021599389
0.00348112395594
0.00348107267957
0.00348106301526
0.00348209680755
0.00348218765782
0.00348111906722
0.00348186904655
0.00348168571817
0.0034825755785
0.00348255453774
0.00348263012897
0.0034822920055
0.0034820011547
0.00348282904719
0.00348378504782
0.00348388808877
0.00348327628922
0.00348300757427
0.00348390614517
0.00348499046485
0.00348332762237
0.0034840442436
0.00348497935127
0.0034836291014
0.0034841941499
0.00348501066098
0.0034860929806
0.0034842763264
0.00348501580385
0.00348606194691
0.00348524000429
0.0034859611035
0.0034870316168
0.0034860791137
0.00348685106724
0.00348633936002
0.00348682098755
0.00348772814244
0.00348688306336
0.00348753823631
0.00348697739952
0.00348740340807
0.00348834208367
0.00348729423883
0.0034890689529
0.00348818513093
0.00348882478978
0.00348804923484
0.00348958001056
0.00348886119743
0.00348931939914
0.00348960897314
0.00349003425151
0.00348928788839
0.00349071784272
0.00348989473812
0.00349137674694
0.00349043978318
0.00349202297726
0.00349093875267
0.00349267604865
0.00349141472208
0.00349336119288
0.00349289441635
0.00349190098527
0.0034934164186
0.00349316690123
0.00349502794623
0.00349350781871
0.00349337883546
0.00349498215823
0.0034945455629
0.00349445281435
0.00349590604733
0.00349547723711
0.00349534860234
0.00349677218042
0.00349628731623
0.00349606307964
0.00349758987576
0.00349699530069
0.00349662847104
0.00349647157593
0.00349767413432
0.00349813661193
0.00349777783757
0.00349942666696
0.00349869197542
0.00349910790987
0.00349865980324
0.00349933263153
0.00350061013697
0.00349990493547
0.00350030017002
0.00349978354668
0.00350034020813
0.00350263792901
0.00350183975606
0.00350210360162
0.00350241716375
0.00350177527272
0.00350216669619
0.00350258552821
0.00350467511068
0.0035038047677
0.0035039593328
0.00350413688011
0.0035043284606
0.00350452539908
0.00350472682828
0.0035049226688
0.0035051129189
0.00350529092704
0.0035054502798
0.00350559258451
0.00350866265036
0.00350868321064
0.00350869570455
0.00350870351572
0.00350970029769
0.00350969132835
0.00350967150336
0.00351064674176
0.00351061469155
0.00351158016215
0.00350938301728
0.00351021102324
0.00351001872054
0.00351081375201
0.00351159519479
0.00351136960895
0.00351214348348
0.00351291741901
0.00351370142553
0.00351449672776
0.00351431249679
0.00351515703613
0.0035137293762
0.0035142635538
0.00351482944616
0.00351543079685
0.00351607949044
0.00351778948494
0.00351856668231
0.00351683761435
0.00351725422418
0.00351775385159
0.00351934239503
0.00352003501948
0.00351923936632
0.00351954208508
0.00351996629912
0.00352152509657
0.00351980335234
0.0035189606491
0.0035242715391
0.00351975867414
0.00352284925785
0.00351792966198
0.00352320879523
0.00352651074616
0.00352138609264
0.00352650809844
0.00352190371229
0.00352466030245
0.003529706362
0.00352506441008
0.00352776308302
0.0035227920734
0.00352598099141
0.00353068122624
0.00352575818696
0.00352866406211
0.00353344254931
0.00352864713597
0.0035311600086
0.00352610765669
0.0035288539462
0.0035335577621
0.00352647403681
0.00353095749072
0.00353597516461
0.00352827728341
0.00353314297222
0.00353550211296
0.00353025113885
0.00353262082648
0.00353728392867
0.00353962275279
0.00353424656116
0.00353651021261
0.00354113000411
0.0035332861097
0.00353796039686
0.00353996871984
0.00354252493764
0.0035365808661
0.00353892428359
0.00354314327003
0.00354525773643
0.00353970528965
0.00354156098898
0.00354383927944
0.00354786629678
0.00353983657731
0.00354422237061
0.00354586849195
0.00354785708377
0.00354201296253
0.00354364587031
0.00354558049891
0.00354961340066
0.00355117307843
0.00354299507054
0.00354703878743
0.00354846930151
0.00355012573837
0.00355198377076
0.00355557831753
0.00354703780357
0.00354866453961
0.00355045245431
0.00355381506564
0.00355518112481
0.00355667355486
0.00354827447992
0.00355164147503
0.00355282598859
0.00355410575528
0.00355546079168
0.003556885873
0.00356006560775
0.00356109627072
0.00356217644855
0.00355330439153
0.00355445916411
0.00355564083755
0.00355870699507
0.00355953641981
0.00356038754899
0.00356124559729
0.00356211045722
0.003562968813
0.0035638182071
0.00356465632746
0.00356547096994
0.00356626082321
0.00356895259343
0.00356951835204
0.00357007172549
0.00357060264426
0.00357111212827
0.00357159807978
0.0035720623408
0.00357249671349
0.00357290403085
0.0035732876379
0.00357364052732
0.00357396703642
0.00357426833331
0.00357454976582
0.00357480472325
0.00357503032828
0.00357522786248
0.00357339298075
0.00357335944753
0.00357328581479
0.00357318075504
0.00357304953198
0.00358289624067
0.00358272973305
0.00358255543244
0.00358238432266
0.00358221606646
0.0035800505919
0.00357952874528
0.00357901860073
0.00357852952031
0.00358806861123
0.00358765045281
0.00358541249692
0.00358459508307
0.00358383055176
0.00358313057724
0.00359250383419
0.00359011291778
0.00358906310852
0.0035881083884
0.00358726284507
0.00359653625978
0.0035935950298
0.00359244393324
0.0035914414401
0.00358881119904
0.00359737299499
0.00359611235848
0.00359504674529
0.00359194440538
0.00360045956488
0.00359919979537
0.00359608381669
0.00359442260467
0.00360302405093
0.00359976281801
0.00359797725827
0.00360649191332
0.00360296978695
0.0036011319275
0.00359794784921
0.00360576038963
0.00360395043855
0.00360032123695
0.00360820891194
0.00360477411276
0.00360237247113
0.00361044039791
0.00360640968209
0.00361424863775
0.00361028303023
0.00360792470459
0.00361397898868
0.00361144780909
0.00360746444943
0.0036147912716
0.00361071518447
0.00361793476407
0.00361373831225
0.00362088991801
0.00361653448026
0.00361367813808
0.00361912558983
0.00361630576541
0.00362153595692
0.00361725461522
0.00362379725686
0.00361924370561
0.00362595359236
0.00362110447802
0.00362665541005
0.00362288758603
0.00362810498539
0.00362464993336
0.00362950851553
0.00362466865002
0.00363088624497
0.00362564230647
0.00363066020304
0.00362665429399
0.00363124493251
0.00363606580041
0.00363194911793
0.0036363285284
0.00363089217307
0.00363562631364
0.00364092250879
0.00363519606395
0.00363960927109
0.00363511051717
0.00363906483597
0.00364313420863
0.00363730906156
0.00364156400537
0.0036463442421
0.00364015833071
0.00364403697108
0.00364797380987
0.00364196145649
0.003646424241
0.0036499715849
0.00364354933219
0.00364715056295
0.00365075406656
0.00365435528418
0.00364851596248
0.00365171842694
0.00365491746005
0.00364809353126
0.00365124314082
0.00365435972979
0.00365743628154
0.00366046625363
0.00365345040546
0.00365637618128
0.00365981101209
0.00366245584224
0.00366505598016
0.0036576090759
0.00366010918151
0.00366255501666
0.00366494424878
0.00366727498315
0.00366954576168
0.00366175642511
0.00366391082369
0.00366599740992
0.00366802258217
0.00366998705423
0.00367189197313
0.00367373891887
0.00367552357316
0.0036767787436
0.00367829282291
0.00366974575882
0.00367114170338
0.00367248550252
0.0036737819898
0.00367503642708
0.00367625450137
0.00367744232171
0.003678606416
0.00367934660745
0.00368010376439
0.00368084606923
0.00368157528117
0.00368230003301
0.00368302935997
0.00368377269634
0.00368381506184
0.00368409785529
0.00369441231628
0.00369476307021
0.00369516191715
0.00369485476314
0.00369478647778
0.0036947887057
0.00369487484265
0.00369443711707
0.00369404317914
0.00369375576335
0.00370358869756
0.00370276767696
0.00370212227865
0.00370162547767
0.00370084260834
0.00369986640366
0.00370906945726
0.00370818290167
0.00370691465551
0.00370586027306
0.00370474108737
0.00371322919595
0.00371196317109
0.00371051180871
0.0037088318479
0.00370746570916
0.00371559065532
0.00371383820819
0.00371216728533
0.00372004941341
0.00371851643643
0.00371605154386
0.0037140065175
0.0037218034089
0.00371946310039
0.00371727266902
0.0037246627167
0.00372243181619
0.00371958296557
0.0037272624964
0.00372420779683
0.00373175299647
0.00372852091539
0.00372589450158
0.00373252186744
0.00372967325404
0.0037362031963
0.00373309214622
0.00372957883296
0.00373618367275
0.00373322369629
0.00373896354474
0.00373566262094
0.0037414538167
0.00373779931326
0.00374370706418
0.00373966567651
0.00374595421942
0.0037413245545
0.00374718705614
0.00374332596394
0.00374825661037
0.00374394566589
0.00374986909129
0.00375445680412
0.00374992168291
0.00375557052252
0.00374994242314
0.00375510424802
0.00376042093762
0.0037547094983
0.00375952739492
0.00375446798445
0.00375951246163
0.00376322553822
0.00375775487609
0.00376236062015
0.00376702776866
0.00376039756238
0.00376454662363
0.00376873491314
0.00377294905658
0.00376718026294
0.00376990973883
0.00377364428393
0.00376738614938
0.00377112212978
0.00377484165696
0.00377853405495
0.00378061480845
0.00377384143176
0.00377703171131
0.00378017727505
0.00378326980114
0.00378630144702
0.00377926782988
0.00378215671201
0.00378496400997
0.00378599618232
0.003788413359
0.00379074203982
0.00379299607058
0.00379516218316
0.00378724071733
0.00378922722636
0.00379112045702
0.0037929185548
0.00379462009823
0.00379621456181
0.00379772040081
0.00379912800509
0.00380043767428
0.00380165013679
0.00380275695376
0.00380377882341
0.00380470823579
0.00380554763228
0.00380629019846
0.00380695849729
0.00380754667139
0.00380990643492
0.00381012222495
0.00381026074822
0.00381030815481
0.00382025544292
0.00382013509303
0.0038199402904
0.00381966789219
0.00381934548386
0.00382081713571
0.00382000355127
0.00381914580172
0.00382824040593
0.00382729210146
0.00382632801081
0.0038272053168
0.00382572333325
0.0038342254934
0.00383271962689
0.00383123443514
0.00383156391534
0.00383954253338
0.00383754449174
0.00383559540997
0.00383562004799
0.00384311947872
0.00384067526164
0.00384079819083
0.00384779625749
0.00384490156733
0.00384210168795
0.00385150432668
0.00384817189296
0.00384497794174
0.00385416404759
0.00385045054633
0.00385692111429
0.00385576270308
0.00385173651638
0.00385791357304
0.00385631122599
0.00386202721725
0.00386060639484
0.00386584294917
0.00386137560566
0.00386931243581
0.00386439897026
0.0038723815984
0.00386705130154
0.00387500316726
0.00386927738438
0.00387394374796
0.00387107278089
0.00387538789461
0.00387239447088
0.00387641079838
0.00388324360323
0.00387697893869
0.00388360414076
0.00387711118604
0.00388349111935
0.00388678365921
0.0038828862418
0.00388601475197
0.00389178439998
0.00388797798667
0.00389021904118
0.00389600646217
0.00389818040944
0.00389356640966
0.00389572144382
0.0039006754728
0.00389593133602
0.00389738882646
0.00390218230598
0.00390720854414
0.00390805874392
0.00390259303084
0.00390363390131
0.00390765563163
0.00391185890783
0.00391247585966
0.00391615151448
0.00390997910717
0.00391392450245
0.00391355193824
0.00391693443089
0.00392040710889
0.0039198628904
0.00392275273252
0.00392571539275
0.0039287226868
0.00392752304081
0.00392994935542
0.00393239556199
0.00393484786665
0.0039332026528
0.00393507568932
0.00393692211554
0.00393875564515
0.00394055183564
0.00394229953028
0.00393939350361
0.00394057518681
0.0039416885371
0.00394275023791
0.0039437382533
0.00394464397073
0.00394101697094
0.00395138202485
0.00395167911072
0.00395188215202
0.00395198456789
0.00395196675719
0.00395184969256
0.00396160082361
0.00396122840224
0.00396074195007
0.00396012397773
0.00396933968233
0.00396844703825
0.00396268206365
0.00396140216324
0.00396999620245
0.00396846333186
0.00396678173747
0.00397497035146
0.00397301746302
0.00397094279653
0.00397872579286
0.00398121635327
0.00397866910408
0.00398594088955
0.00398309918622
0.00399008258097
0.00398695676465
0.00398367939395
0.00399026760253
0.00398672746573
0.00399306385822
0.00398927937382
0.00399538420768
0.00399137656454
0.00400220167958
0.00399767893159
0.00400304000379
0.00399829767154
0.00400345734203
0.00400851396168
0.00400878370505
0.00401327557642
0.00400768981265
0.00401202822583
0.00401629056486
0.00401600241009
0.00401967073071
0.0040132942801
0.00401686138499
0.00402041892801
0.00401920632348
0.00402212993444
0.00402506382946
0.00402799202566
0.00402617749357
0.00402850080198
0.00403087909902
0.00403891348072
0.0040306923967
0.00403251269288
0.00404029541164
0.00404151337321
0.00404282632243
0.0040402172498
0.00404094727629
0.00404178974514
0.00404864543197
0.00404891074119
0.00404933938822
0.00405557258537
0.00405546252989
0.00406172904896
0.00406105688254
0.00405062576869
0.00405612081735
0.00405517187602
0.0040605880989
0.00405916132151
0.004064445095
0.00406255999658
0.00406102493503
0.00407533192621
0.00407338174115
0.00407747090174
0.00407514166543
0.00407895472205
0.0040762762941
0.00407977407898
0.00407677931759
0.00407992574733
0.00407665054071
0.00408938858656
0.00409248429774
0.0040882050595
0.00409087645042
0.00408641120502
0.00409859337586
0.00409399932641
0.00409571846947
0.00409768573609
0.00410223006101
0.00410366170116
0.00409821144205
0.0041090586308
0.00411011768581
0.00410397519342
0.00411443213689
0.00411504516406
0.00410829477965
0.0041182622889
0.00411836653494
0.00411110045192
0.00412055714726
0.00412008376853
0.00412964385927
0.00412130351123
0.00413022836956
0.00412918344262
0.00413056499676
0.00412889066242
0.00413718170396
0.00413546290552
0.00414368950944
0.00413375759703
0.00414131577481
0.004138864155
0.00414630980362
0.00414585218939
0.00414268007918
0.00414939669218
0.00415599728674
0.00415254419911
0.00415892235405
0.0041572166906
0.004153021966
0.00415866480569
0.00416419770363
0.00415961254221
0.0041648706679
0.0041699622772
0.0041749168868
0.00416973741483
0.00416609187329
0.00417032811419
0.00417442441469
0.00417834059158
0.00418210880038
0.00417572281062
0.00417915009216
0.00418238385087
0.00418545820323
0.00418833466631
0.00419104834885
0.00419356046191
0.00419588307012
0.00419803341111
0.00419997470276
0.00420174468835
0.00420330700117
0.00420468160935
0.00420588888576
0.0042068933365
0.00420771609498
0.00420837871254
0.00420884656854
0.0042178405136
0.00421780262907
0.00421756450841
0.00421714960178
0.00421656277867
0.00422578787301
0.00422487563231
0.00422380841229
0.00422259246968
0.00423002753843
0.00422819734578
0.00423617564407
0.00423406272288
0.00423183766955
0.0042294698554
0.00424577388668
0.00424275335758
0.00423961850546
0.00424633973504
0.00425232552907
0.00424840997571
0.0042543562101
0.0042502732616
0.00424612085975
0.00426080129851
0.00425596751492
0.00426104074469
0.00426556080454
0.00426995549875
0.00426436052887
0.00426871299542
0.00427221775496
0.00427588925274
0.00426962843868
0.0042826120879
0.00427568692331
0.0042787627664
0.00428121308929
0.00428363120222
0.00427618124146
0.00428790188228
0.00428977487388
0.00429151587327
0.00429275938374
0.00429413122076
0.00429502337888
0.00429581802813
0.0043065025581
0.00429677434583
0.00430725572762
0.00430690778917
0.00430679970647
0.00430629710635
0.00430564827316
0.00431479166355
0.00431367960466
0.00432247508155
0.00432090783876
0.00431938055757
0.00431735680944
0.00432536474477
0.00432297175862
0.00433053397132
0.00432778774986
0.00433485632671
0.00434221979588
0.00433838942925
0.0043452290904
0.00434111071347
0.00434739415451
0.00434305352899
0.00434872887451
0.00435458843313
0.0043492878317
0.00435450370835
0.00435986268569
0.0043536737873
0.00435835966374
0.00435210371422
0.0043660941559
0.00437018015934
0.00436320647889
0.00436661657784
0.00437008221759
0.00438348827457
0.0043751657318
0.00437793890786
0.00438067941401
0.00438180957064
0.00438383285254
0.00438583902248
0.00439769228061
0.00438784932041
0.00438907316004
0.00440012843405
0.00440116184908
0.00439045258424
0.00440070033869
0.00440092388155
0.00441093477343
0.00441091133918
0.00439895404164
0.00440815342933
0.0044072509581
0.00441615039609
0.00441493948541
0.00442348204095
0.00443186630281
0.00441801756168
0.00442570619216
0.00442329912478
0.00443060823063
0.00442781689317
0.00443472427742
0.00444142191318
0.00443798998722
0.00444428033835
0.00445032515317
0.00444395393127
0.00443949654705
0.00444473519365
0.00444975500715
0.00444462369816
0.00444922371406
0.00445357560978
0.00445770158933
0.00446160079085
0.00446529619903
0.00445881316297
0.00446202859952
0.00446501543182
0.00446777434685
0.00447033003084
0.0044726364449
0.00448726505251
0.00448901077273
0.00449052158077
0.00449180006482
0.00449284913492
0.00449369593031
0.00449429622806
0.0044946778006
0.0044948448701
0.00449480199407
0.0045074558309
0.00450674070923
0.00450581577549
0.00450468688436
0.00451327494444
0.00451176286023
0.00451006785749
0.00452105995484
0.00451864543005
0.0045160535851
0.00452320731742
0.00452028995155
0.00453020760442
0.00453644693584
0.0045326376567
0.00452868686421
0.00453784528454
0.0045430322323
0.00453819766529
0.00454316211658
0.00455130956769
0.00454559632623
0.00454969420706
0.00454380282748
0.00456072785896
0.00455408923186
0.00455731091458
0.00456372493785
0.00456620325056
0.00455875706577
0.00457441875651
0.00456625033618
0.00456799568578
0.00457295069125
0.00457398074905
0.0045887376533
0.00457917003189
0.00457953465844
0.00459335489303
0.00458316905469
0.00459675119569
0.0045957721046
0.00459916799232
0.00459755591657
0.00459606963458
0.00460823064191
0.00459625687304
0.00460800793122
0.0046053360085
0.00461667567084
0.00461341292035
0.00462428140219
0.00462050567756
0.00462096127763
0.00461665922141
0.0046264824842
0.00462170008253
0.00463099105335
0.00462573526228
0.00463444363402
0.00464330102638
0.00463688036184
0.00464510880984
0.00463832013505
0.00464590157136
0.00463878708852
0.00465559455784
0.0046626118834
0.00465444616939
0.00466076630284
0.00466710501207
0.00465798670402
0.00466359885286
0.00467911541047
0.00466908276454
0.00467394331984
0.00467880738835
0.0046778345827
0.0046819212195
0.00468592786724
0.00468423603426
0.00468748117231
0.00469061976073
0.00470355557036
0.00469067751534
0.00469292448531
0.00470495820182
0.0047069641297
0.00470282393776
0.00470402890193
0.00471498881663
0.00471588943521
0.00471079291954
0.00471092061627
0.00472072514758
0.00472046790388
0.00472988287727
0.00473911405719
0.00472222257962
0.00473065176948
0.00473886053952
0.00473697355811
0.00474475174113
0.00475225987662
0.00474966681067
0.00474062318893
0.00474715860322
0.0047534526782
0.00474965643477
0.00475545620773
0.00476100051352
0.00476628537055
0.00477130712353
0.00476620407206
0.00477069188024
0.00477490730003
0.00477884793191
0.00478251168159
0.00478589675647
0.00478902997153
0.00479185354754
0.00479439485483
0.00479665327773
0.00479862848879
0.00480032028057
0.0048017277782
0.00480285146196
0.0048036923493
0.00480425174996
0.00480453126241
0.00481436125709
0.00481408891729
0.00481354339759
0.00481272741418
0.00481164395743
0.00483694627065
0.00483514876035
0.00483308075313
0.00483074630331
0.00483800119528
0.00483515122731
0.00483201937502
0.00483853433246
0.00485175741299
0.00484763514154
0.00485311596035
0.00484851876862
0.00485352129833
0.00486559081433
0.00485996436321
0.00486396052337
0.00485787692412
0.00486147714322
0.00488191729747
0.004874852842
0.0048774150276
0.00486998489762
0.00488935396333
0.0048811049734
0.0048825085109
0.00490130913511
0.00489207995848
0.0048925158063
0.00489286556121
0.00490045337031
0.00489994298314
0.00489936692813
0.00491599230278
0.00491457425318
0.00490326592965
0.00491901621793
0.00491671938137
0.00493224727509
0.00492915841587
0.0049260741076
0.00494053912062
0.00492685121986
0.00492299216622
0.00493638362867
0.00493178388447
0.0049447958702
0.00493946892683
0.00495206040266
0.0049460218693
0.00495815349039
0.00496124164167
0.00495458630623
0.00496543145665
0.00495811055841
0.00496841280446
0.00496044999807
0.00497014971248
0.00497144295733
0.0049805270178
0.00498980674012
0.00497987147483
0.00499828185922
0.00498784223861
0.00499576052271
0.00499463116702
0.005001847764
0.00499039087053
0.00500675770452
0.0050133115431
0.00500065794983
0.00501631423409
0.00500327038292
0.00501812857522
0.00502314546914
0.00501884938767
0.00502306543368
0.00503704282768
0.00502189092023
0.00503505650086
0.0050481261745
0.00503198432014
0.00504422729169
0.00504657890611
0.00503935597583
0.00505063995762
0.00505197423814
0.00506296658403
0.00505428260328
0.00506441293898
0.00506456626031
0.00507434428103
0.00506427544048
0.00507319231043
0.00508190749065
0.00509044310311
0.00506938809328
0.00507704181151
0.00508447048518
0.00509166536613
0.00509861804198
0.00510532043082
0.00509185876858
0.00509771174077
0.0051033060968
0.00510863491657
0.00511369159087
0.00511846981736
0.00512296359659
0.00511694541913
0.00512061522709
0.00512399675075
0.00512708536555
0.00512987700117
0.0051323678436
0.00514434159805
0.00514621712629
0.00514778217708
0.00514903395184
0.00515974625157
0.00516036175491
0.00516065733466
0.00517036925577
0.00517001820971
0.00517911198568
0.00517811022707
0.00517678255692
0.00518489620406
0.00518291509448
0.00519034265652
0.00518770802966
0.00519451137397
0.00519121247081
0.00519735533693
0.00519336266908
0.00519885236045
0.00520402027076
0.00519908635845
0.00520358255915
0.00520779973014
0.00520191530529
0.0052055142771
0.00522929805976
0.00522231462016
0.00522478758216
0.0052269266478
0.0052288046215
0.00523039310978
0.00522187171431
0.00524353427286
0.00524397802861
0.00524410912334
0.00524400146023
0.00524362734014
0.00526378325729
0.00526253143778
0.00526098671702
0.00525922462326
0.00527833276495
0.00527564453291
0.00527274969416
0.00526958807438
0.00528744443418
0.00528338399669
0.00527913920985
0.00528442867828
0.00530085024196
0.00529550963775
0.00528994232375
0.00530553543771
0.00530882830866
0.00530220705409
0.00531686300874
0.00531911365926
0.00531150804881
0.00532511926404
0.00532639587064
0.00531776950882
0.00533033433044
0.0053306069283
0.00534274713446
0.00534220299278
0.00533180245427
0.00535248588075
0.00534130017532
0.00536149251569
0.00534949651941
0.0053471951485
0.00535632921356
0.00535327730564
0.00537158844409
0.00535799227037
0.00537570718542
0.00537116147501
0.00537849274228
0.00537318397178
0.00538963565512
0.00538363916565
0.00539935751633
0.00538293797674
0.00539799014584
0.00539066640024
0.0054049407502
0.00541923627703
0.00541051476954
0.00542406437438
0.00541475854177
0.00542747452298
0.00541761468589
0.00542951830931
0.0054413689026
0.00543025663536
0.00544127391037
0.00545220873231
0.00543982866248
0.00544990372515
0.00543709815367
0.00544630516308
0.00545538408004
0.00545119653241
0.00545937398414
0.00546743276492
0.00547528718631
0.00546931161467
0.00547623952162
0.00548297613043
0.00547604461798
0.00548184647632
0.00548743618348
0.00550250962359
0.00548427890347
0.00549843526465
0.00550262384206
0.0055162787396
0.00549661324708
0.00550936034908
0.00551211444958
0.00552431582198
0.00552652558877
0.00551472676737
0.00552573482833
0.0055267246078
0.00553713661784
0.00554723709428
0.00554732100874
0.00553325158471
0.00554214483493
0.0055409940018
0.00554924213713
0.00555715731781
0.00556473471341
0.00557193171216
0.00557881862754
0.00557566265578
0.00555818874914
0.00556387751996
0.00556918073264
0.00557417071938
0.00557880779722
0.00558308992242
0.0055869777473
0.005590544703
0.0055937519757
0.00559656085538
0.0055990455562
0.00561087514409
0.0056125966155
0.00561399286584
0.00561502636928
0.00561569734863
0.00562567693125
0.005625622802
0.0056251678171
0.00562438849291
0.00563296324848
0.00565555315014
0.00565360271246
0.00566092872946
0.0056582483889
0.00566489406021
0.00566145563627
0.0056576975878
0.00566324755405
0.00565878700044
0.00566365054203
0.00568269202393
0.00568664097218
0.00569029164458
0.00568387904921
0.005686864306
0.00567978339684
0.00570643320753
0.00570812008016
0.00569984417304
0.00570090007091
0.005701692149
0.00572650298925
0.00571666918388
0.00571617258627
0.00571538913996
0.00573889321097
0.00573715365953
0.00573517708178
0.00573289405773
0.00575483790095
0.00574195798712
0.00573845143098
0.00575948994389
0.00575506177631
0.00575035625207
0.00578003121217
0.00577442480862
0.00576856447097
0.00578747750414
0.00578071670304
0.0057737219663
0.0057914920957
0.00579323903105
0.00578519668994
0.00580173705389
0.00579274213401
0.00581843415169
0.00580858634772
0.00579856294708
0.00582293824256
0.0058120440958
0.00582620174943
0.00582409777962
0.00583758494705
0.00583462627613
0.00582194240797
0.00584364474299
0.00583012704925
0.0058511589154
0.00583682379044
0.00585708176407
0.00584194804592
0.00586144988034
0.00585521351957
0.00586426369233
0.00585727212556
0.00587518410469
0.0058834097636
0.00587494650744
0.00589198242019
0.00588280124951
0.00589897804584
0.00587947695112
0.00589480144582
0.00591001425376
0.00589877129809
0.00591308641206
0.00590125356091
0.0059146584431
0.00592790551006
0.00591475859121
0.00592703606456
0.00593917073188
0.0059247630552
0.00593595336078
0.00594693777939
0.00593132761886
0.00595100171025
0.00596079053367
0.00594406966857
0.00595289600073
0.00597107349381
0.00597938869816
0.00596091371357
0.00596825645408
0.00598496058212
0.00599173875386
0.00597156341691
0.00598699427679
0.0059924764981
0.00627161020398
