metodo_3_dt_1:4
3.96786040843e-05
0.00312755182016
0.00627257111318
0.00941771200488
0.0125624654558
0.01570678631
0.0188510956375
0.0219958352051
0.0251410058925
0.0282861654578
0.031430887038
0.034575201988
0.0377195672035
0.0408643906454
0.044009607647
0.0471547479791
0.0502994240073
0.0534437331044
0.0565881565514
0.0597330598094
0.0628783130295
0.066023425867
0.0691680565682
0.0723123667808
0.0754568537228
0.0786018339042
0.0817471144776
0.0848921934782
0.0880367809821
0.0911811001164
0.0943256553887
0.0974707088374
0.100616007947
0.103761047844
0.106905595478
0.110049931587
0.113194559204
0.116339681338
0.119484990182
0.122629986724
0.125774498833
0.128918859985
0.132063563003
0.135208748338
0.13835405824
0.141499008215
0.144643490046
0.147787884155
0.150932664596
0.154077906824
0.157223209358
0.160368110636
0.163512568232
0.166657002904
0.169801861706
0.172947153793
0.176092440923
0.179237292481
0.182381732563
0.185526214956
0.188671151953
0.191816486251
0.194961750462
0.198106552392
0.201250982236
0.204395518928
0.207540532842
0.210685901219
0.213831135641
0.216975889142
0.220120316446
0.223264913314
0.226410001775
0.229555395747
0.232700594268
0.235845301619
0.238989734363
0.242134396477
0.245279556054
0.248424966931
0.251570124296
0.254714788812
0.257859235112
0.26100396664
0.264149192899
0.267294611924
0.270439723823
0.273584349789
0.276728817754
0.279873621882
0.283018909456
0.286164327958
0.289309391094
0.292453983689
0.29559848127
0.298743360144
0.301888702822
0.305034112357
0.308179124497
0.311323689692
0.314468224543
0.317613179225
0.320758570052
0.323903962546
0.327048922556
0.330193467011
0.333338046347
0.336483076793
0.339628508187
0.34277387607
0.345918783927
0.349063314867
0.352207945335
0.355353050388
0.358498514267
0.361643850599
0.364788707387
0.367933232472
0.371077920029
0.374223097436
0.377368585351
0.380513883937
0.383658691823
0.386803219009
0.389947968814
0.393093215258
0.396238718537
0.39938397403
0.40252873622
0.405673273613
0.408818089934
0.411963401087
0.415108910978
0.418254118964
0.421398839644
0.424543395357
0.427688281487
0.43083365208
0.433979159898
0.437124316971
0.440269001224
0.443413583232
0.44655854143
0.449703965338
0.452849462612
0.455994566424
0.459139220142
0.462283836132
0.465428867579
0.468574337924
0.471719816536
0.474864865834
0.478009495605
0.481154152843
0.484299257612
0.487444766877
0.490590219199
0.493735213842
0.496879826834
0.500024532032
0.503169709085
0.506315249237
0.509460668258
0.512605609211
0.515750213041
0.518894972232
0.522040219433
0.525185782059
0.528331161502
0.531476050817
0.534620653412
0.537765471843
0.540910785987
0.544056362434
0.547201696858
0.550346537631
0.553491147085
0.556636029122
0.559781405986
0.562926987508
0.566072272397
0.569217068709
0.572361693139
0.575506642181
0.578652076596
0.581797654496
0.584942886334
0.588087643175
0.591232290571
0.594377308989
0.59752279492
0.600668360699
0.603813537023
0.6069582602
0.610102938286
0.613248027375
0.616393558021
0.61953910352
0.622684222959
0.625828918989
0.628973635079
0.632118795033
0.635264362941
0.638409880475
0.641554942767
0.644699618759
0.647844379626
0.650989609525
0.654135206714
0.657280689205
0.660425695197
0.663570358722
0.666715170475
0.669860468299
0.673006086394
0.67615152748
0.679296479108
0.682441138063
0.685586006037
0.688731368694
0.691876999063
0.695022393212
0.698167293462
0.701311955927
0.704456884581
0.707602307958
0.71074794186
0.713893284454
0.717038137302
0.720182811394
0.723327804234
0.726473283259
0.729618911988
0.732764199402
0.735909009743
0.73905370347
0.742198762978
0.745344291705
0.748489906738
0.751635136395
0.75477990995
0.757924631067
0.761069758654
0.764215330363
0.767360923499
0.77050609391
0.773650837122
0.77679559299
0.779940788968
0.783086396271
0.786231959772
0.789377070555
0.792521790473
0.795666587925
0.798811851494
0.801957486464
0.805103013181
0.808248065065
0.811392769213
0.814537614433
0.817682943689
0.820828597988
0.823974081482
0.827119076287
0.83026377253
0.833408670937
0.836554062901
0.839699727922
0.842845162568
0.845990103167
0.849134799569
0.852279755719
0.855425206385
0.858570873395
0.861716254475
0.864861144739
0.868005849416
0.871150866919
0.874296371316
0.8774420316
0.880587355381
0.883732200109
0.886876921084
0.890022002531
0.893167554806
0.896313199817
0.899458463607
0.902603268433
0.905748013492
0.908893160411
0.912038753921
0.915184375421
0.918329577613
0.921474348906
0.924619125455
0.927764338274
0.930909965701
0.934055555899
0.937200695993
0.940345440739
0.94349025567
0.946635533708
0.949781187179
0.95292673886
0.956071817465
0.95921654314
0.962361402709
0.96550674418
0.968652415398
0.971797922041
0.97494294086
0.978087655296
0.981232565007
0.984377967047
0.987523647429
0.990669103321
0.993814065115
0.996958776357
1.00010374086
1.00324919957
1.00639488039
1.00954028072
1.01268518925
1.01582990541
1.01897492842
1.02212043893
1.02526611147
1.02841145239
1.03155631236
1.03470104148
1.0378461257
1.04099168225
1.04413733794
1.04728261664
1.05042743361
1.0535721835
1.05671733056
1.05986292659
1.06300855716
1.06615377191
1.06929855216
1.07244333027
1.07558854073
1.07873416899
1.08187976659
1.08502491679
1.08816966724
1.09131448052
1.09445975381
1.09760540648
1.10075096384
1.10389604997
1.10704077805
1.11018563283
1.11333096728
1.11647663611
1.11962214662
1.12276717027
1.12591188378
1.12905678564
1.13220217851
1.13534785494
1.1384933128
1.14163827662
1.14478298358
1.14792793727
1.15107338476
1.15421906008
1.15736446037
1.16050936802
1.16365407654
1.16679908587
1.16994458322
1.1730902487
1.17623558749
1.17938044356
1.1825251617
1.18567022948
1.18881577101
1.19196141807
1.19510669243
1.19825150239
1.20139623797
1.20454136597
1.20768694521
1.21083256553
1.21397777362
1.21712254368
1.22026730421
1.22341249308
1.22655810286
1.22970368855
1.23284882963
1.23599356664
1.23913835913
1.24228360842
1.24542924097
1.24857478469
1.25171985914
1.25486457049
1.25800940131
1.26115470949
1.2643003566
1.26744585168
1.27059086095
1.27373555439
1.27688042924
1.28002579366
1.2831714468
1.28631688734
1.28946183398
1.29260651752
1.29575144121
1.2988968582
1.30204250867
1.30518788966
1.30833277722
1.31147745897
1.31462243542
1.31776790031
1.32091353939
1.32405885677
1.32720368976
1.33034837776
1.33349340991
1.33663891712
1.3397845362
1.34292978695
1.34607457072
1.34921927285
1.35236436255
1.35550990569
1.35865549643
1.36180067859
1.36494541929
1.36809014308
1.37123529112
1.37438086308
1.37752641753
1.38067153025
1.38381623466
1.38696098718
1.39010619323
1.39325178631
1.39639729707
1.39954234059
1.40268701605
1.40583180375
1.40897706637
1.41212267242
1.41526813274
1.41841310841
1.42155776263
1.42470259126
1.42784790795
1.43099351845
1.43413892235
1.4372838326
1.44042847357
1.44357334806
1.44671871524
1.44986432152
1.45300966389
1.45615451216
1.45929914796
1.46244407233
1.46558948544
1.46873507877
1.47188035545
1.47502514614
1.47816978486
1.48131476213
1.48446021569
1.48760578744
1.49075099529
1.49389573369
1.4970403832
1.50018541536
1.50333090306
1.50647644486
1.50962158181
1.51276627397
1.51591094185
1.51905602979
1.5222015446
1.52534704845
1.52849211353
1.53163676617
1.53478145953
1.53792660306
1.54107213733
1.54421759578
1.54736258911
1.5505072095
1.55365193488
1.55679713267
1.55994267829
1.56308808451
1.56623300733
1.56937760316
1.57252236637
1.57566761603
1.57881316453
1.58195851245
1.58510336708
1.58824794629
1.59139275237
1.59453805042
1.59768359313
1.60082887756
1.60397366732
1.60711823801
1.61026309106
1.61340843306
1.61655396126
1.61969917792
1.62284390712
1.62598847736
1.62913338052
1.63227876108
1.63542426612
1.63856941178
1.6417140856
1.6448586633
1.64800361866
1.65114903156
1.65429450505
1.65743957751
1.66058420192
1.66372879469
1.66687380328
1.67001924156
1.67316467545
1.67630967362
1.67945425528
1.68259887029
1.68574393201
1.68888938809
1.69203477487
1.69517969875
1.69832424488
1.70146888873
1.70461400238
1.70775946819
1.71090480096
1.71404965168
1.71719416991
1.7203388485
1.7234840118
1.72662947891
1.72977475152
1.73291953126
1.73606402953
1.73920874796
1.74235395756
1.74549941732
1.74864462447
1.75178933648
1.75493382286
1.75807858535
1.7612238369
1.76436928058
1.7675144179
1.77065906637
1.77380354894
1.77694835873
1.78009364694
1.78323906589
1.78638413003
1.78952872004
1.79267320674
1.79581806604
1.79896338478
1.80210877057
1.80525375922
1.80839829667
1.81154279514
1.81468770508
1.81783304746
1.82097839201
1.82412330396
1.82726779544
1.83041231289
1.8335572735
1.83670263201
1.83984792774
1.84299276289
1.84613721555
1.84928175865
1.85242676885
1.85557213547
1.85871737541
1.86186213475
1.86500655619
1.86815113091
1.87129618853
1.87444155486
1.87758673279
1.8807314184
1.88387581652
1.88702042806
1.89016552987
1.89331088728
1.8964559978
1.89960061279
1.90274499567
1.90588964834
1.90903479009
1.91218012986
1.91532516849
1.91846971698
1.92161409268
1.92475878983
1.92790396633
1.9310492798
1.93419424309
1.93733873006
1.94048310654
1.94362785049
1.94677305569
1.94991833439
1.95306321992
1.95620765118
1.95935203613
1.96249682812
1.96564205522
1.96878729104
1.97193209747
1.97507647954
1.97822088021
1.9813657204
1.98451096195
1.98765614725
1.99080087435
1.99394521433
1.99708963745
2.00023452487
2.0033797729
2.00652490064
2.00966954931
2.01281385475
2.01595830637
2.01910323897
2.02224848512
2.02539354899
2.02853812118
2.03168239995
2.03482688536
2.03797186002
2.04111709567
2.04426209019
2.04740658892
2.05055084907
2.05369537267
2.05684038524
2.05998560169
2.06313052229
2.06627495154
2.06941920116
2.0725637664
2.07570881181
2.07885400038
2.08199884348
2.08514320816
2.08828745521
2.09143206453
2.09457713681
2.09772228901
2.10086705208
2.10401135792
2.10715561011
2.11030026487
2.11344535729
2.11659046497
2.11973514656
2.12287939999
2.12602366465
2.12916836511
2.13231347029
2.13545852576
2.13860312552
2.14174733359
2.14489161749
2.14803636281
2.15118147284
2.15432646898
2.15747098769
2.1606151579
2.16375946717
2.16690425541
2.17004936196
2.1731942924
2.17633873189
2.17948287208
2.18262721209
2.18577204025
2.18891713473
2.19206199388
2.19520635707
2.19835047528
2.20149485053
2.20463971457
2.20778478828
2.21092957147
2.21407386223
2.21721796654
2.22036238059
2.22350727553
2.22665231978
2.22979702334
2.23294124648
2.23608534488
2.23922980026
2.24237472023
2.24551972652
2.24866434779
2.25180850896
2.25495260918
2.25809710738
2.26124204573
2.26438700586
2.26753154328
2.27067564884
2.27381975824
2.27696429965
2.28010924906
2.28325415529
2.2863986084
2.28954266532
2.29268679075
2.29583137463
2.29897632725
2.3021211724
2.30526554184
2.30840955759
2.31155370526
2.31469832979
2.31784327732
2.32098805493
2.32413234244
2.32727632483
2.33042050017
2.33356516247
2.33671009636
2.33985480076
2.34299900912
2.34614296616
2.34928717378
2.35243186992
2.35557678147
2.35872140789
2.36186554088
2.36500948066
2.36815372422
2.3712984493
2.37444332983
2.37758787448
2.38073193682
2.38387586733
2.38702014948
2.39016489774
2.3933097387
2.39645419882
2.39959819606
2.40274212507
2.40588644741
2.40903121228
2.41217600545
2.41532037936
2.41846431779
2.42160825271
2.42475261573
2.42789738996
2.43104212754
2.43418641467
2.4373303012
2.44047424893
2.44361865203
2.44676342781
2.44990810257
2.45305230343
2.45619614548
2.45934011229
2.46248455376
2.46562932285
2.46877392824
2.47191804446
2.4750618498
2.47820584122
2.48135031829
2.48449507216
2.48763960242
2.49078363667
2.4939274133
2.49707143403
2.50021594288
2.50336067284
2.50650512311
2.50964907906
2.51279283507
2.51593688886
2.5190814247
2.52222612206
2.52537048844
2.52851437071
2.5316581141
2.53480220372
2.53794676087
2.54109141708
2.5442356967
2.54737951076
2.55052324932
2.55366737647
2.55681194845
2.55995655524
2.5631007463
2.56624449836
2.56938823954
2.57253240485
2.57567698448
2.578821534
2.58196563581
2.58510933272
2.58825308348
2.59139728646
2.59454186598
2.59768635094
2.6008303639
2.60397401302
2.60711777971
2.61026201876
2.61340658999
2.61655100376
2.61969492937
2.62283853844
2.62598232667
2.62912659914
2.63227115356
2.6354154903
2.63855933113
2.64170290813
2.64484672268
2.64799102486
2.6511355538
2.65427980854
2.65742356817
2.66056712117
2.6637109659
2.6668552931
2.66999978787
2.67314395661
2.67628763954
2.67943117656
2.68257505435
2.68571940099
2.68886385302
2.69200793278
2.69515154439
2.69829507326
2.70143898592
2.7045833456
2.70772774657
2.71087173545
2.71401528188
2.71715881007
2.72030275834
2.72344712395
2.72659146599
2.72973536316
2.73287885119
2.73602238573
2.73916636924
2.74231073309
2.74545500883
2.74859881458
2.75174225152
2.75488579882
2.75802981611
2.76117417004
2.76431837278
2.76746208849
2.77060548205
2.7737490478
2.77689309631
2.78003743185
2.78318155566
2.78632518379
2.78946854192
2.792612131
2.79575620713
2.79890051562
2.80204455545
2.80518809946
2.80833143022
2.8114750466
2.81461914577
2.81776341852
2.82090737025
2.82405083456
2.82719414598
2.83033779263
2.83348190936
2.83662613777
2.83976999832
2.84291338821
2.84605668814
2.84920036699
2.85234449496
2.8554886707
2.85863243804
2.86177575957
2.86491905554
2.86806276744
2.87120689961
2.87435101475
2.87749468794
2.88063794783
2.88378124691
2.88692499161
2.89006912035
2.89321316746
2.89635674667
2.89949995219
2.90264326084
2.905787037
2.90893115421
2.91207512651
2.91521861302
2.91836177181
2.92150509583
2.924648901
2.92779299823
2.93093688972
2.93408028585
2.93722340586
2.9403667502
2.9435105809
2.94665464951
2.94979845503
2.95294176415
2.95608485342
2.95922822215
2.96237207391
2.96551610519
2.96865982054
2.97180304696
2.97494611354
2.97808950973
2.98123337715
2.98437736252
2.98752098449
2.9906641334
2.99380718515
2.99695061087
3.00009448771
3.00323841879
3.00638194524
3.00952502263
3.01266806712
3.01581152332
3.01895540264
3.02209927144
3.02524270131
3.02838571383
3.03152875818
3.03467224473
3.03781611895
3.040959918
3.04410325135
3.0472462062
3.05038925695
3.05353277262
3.05667663367
3.05982035614
3.06296359412
3.06610649891
3.06924956192
3.07239310439
3.07553694387
3.07868058365
3.08182372847
3.08496659112
3.08810967144
3.09125323734
3.09439704662
3.09754059846
3.10068365339
3.10382648194
3.10696958372
3.11011316868
3.11325693907
3.11640039866
3.1195433679
3.1226861704
3.12582929684
3.12897289555
3.13211661844
3.13525998246
3.13840287113
3.14154565546
3.14468880872
3.14783241504
3.15097608203
3.15411934823
3.15726216221
3.16040493598
3.16354811715
3.16669172419
3.16983532725
3.17297849447
3.17612124035
3.17926401072
3.18240721978
3.18555082004
3.18869435164
3.1918374198
3.19498010472
3.1981228783
3.20126611414
3.20440969961
3.20755315283
3.21069612297
3.21383875452
3.21698153724
3.22012479765
3.22326835995
3.22641172861
3.22955460284
3.23269718889
3.2358399859
3.23898326762
3.24212679815
3.24527007691
3.24841285836
3.25155540695
3.25469822251
3.25784152126
3.26098501133
3.26412819578
3.26727088858
3.27041340775
3.27355624514
3.27669955574
3.27984299672
3.28298608343
3.28612869258
3.28927119025
3.29241405175
3.29555736813
3.2987007516
3.30184373821
3.30498626953
3.30812875332
3.31127164014
3.31441495549
3.31755827338
3.3207011586
3.3238436186
3.32698609573
3.33012900797
3.33327231486
3.33641555957
3.33955834322
3.34270073898
3.34584321613
3.34898615278
3.35212944325
3.35527260781
3.35841529079
3.36155762985
3.36470011304
3.36784307201
3.37098633771
3.37412941585
3.37727200018
3.38041429039
3.38355678482
3.38669976298
3.38984299532
3.39298598162
3.39612847031
3.3992707197
3.40241322974
3.40555622291
3.40869941322
3.41184230316
3.41498470023
3.41812691684
3.42126944588
3.42441244897
3.42755558861
3.43069837865
3.43384068902
3.43698288078
3.44012543121
3.44326843825
3.44641151877
3.44955420643
3.45269643583
3.4558386104
3.45898118354
3.4621241878
3.46526720109
3.46840978498
3.47155193983
3.47469410449
3.47783670056
3.48097969465
3.48412263308
3.48726511288
3.49040720023
3.4935493617
3.49669197982
3.49983495585
3.50297781235
3.50612018887
3.5092622162
3.51240438057
3.51554701876
3.51868996842
3.52183273665
3.52497501177
3.52811698691
3.53125915949
3.53440181472
3.53754472944
3.54068740389
3.54382958053
3.54697151148
3.55011369672
3.55325636493
3.55639923605
3.55954181209
3.56268389416
3.56582578897
3.56896799037
3.57211066656
3.57525348543
3.57839595943
3.58153795175
3.58467981836
3.58782203842
3.59096471671
3.59410747486
3.59724984423
3.60039175244
3.60353359855
3.6066758387
3.60981851244
3.61296120172
3.61610346493
3.6192452954
3.62238712833
3.6255293889
3.62867205079
3.6318146635
3.63495682014
3.63809857983
3.64124040637
3.64438268661
3.64752532878
3.65066785781
3.65380990855
3.65695160492
3.66009343122
3.66323572926
3.66637834346
3.66952078238
3.672662729
3.67580436983
3.67894620128
3.68208851421
3.68523109189
3.6883734351
3.6915152804
3.69465687368
3.69779871484
3.7009410387
3.70408357121
3.70722581398
3.71036756177
3.71350911555
3.71665097001
3.71979329991
3.72293577859
3.72607791719
3.72921957219
3.73236109442
3.7355029648
3.73864529494
3.7417877113
3.74492974302
3.74807131079
3.75121280921
3.75435469704
3.75749702086
3.76063936671
3.76378128991
3.76692277674
3.7700642587
3.77320616445
3.77634847471
3.7794907423
3.78263255645
3.78577396925
3.7889154416
3.79205736461
3.79519965351
3.79834183567
3.80148354132
3.80462488749
3.80776635645
3.810908295
3.81405055431
3.81719264453
3.82033424334
3.82347553063
3.82661700169
3.82975895295
3.83290117417
3.83604316675
3.83918466142
3.8423258978
3.8454673756
3.84860933574
3.85175151021
3.85489340034
3.85803479457
3.86117598809
3.86431747633
3.86745944055
3.87060155961
3.87374334344
3.87688464186
3.88002580048
3.88316730188
3.88630926448
3.88945131962
3.89259299434
3.89573420242
3.8988753339
3.90201685011
3.90515880461
3.90830078762
3.91144235147
3.91458347542
3.91772458716
3.92086611876
3.92400805798
3.92714996105
3.93029141338
3.93343246004
3.93657355896
3.93971510541
3.94285702162
3.9459988375
3.94914017875
3.95228115548
3.95542224786
3.95856380756
3.96170569257
3.96484741469
3.9679886464
3.97112956091
3.97427065232
3.97741222255
3.98055406788
3.98369569046
3.98683681521
3.98997767546
3.99311877063
3.99626034768
3.99940214468
4.0025436628
4.0056846842
4.00882549822
4.01196660095
4.01510818011
4.01824992013
4.02139132984
4.02453225241
4.02767302819
4.03081414131
4.03395571698
4.03709739149
4.04023868986
4.04337951899
4.04652026431
4.04966138958
4.05280295536
4.0559445561
4.05908574127
4.06222648309
4.06536720539
4.06850834351
4.07164989229
4.07479141142
4.07793248261
4.0810731439
4.08421385014
4.0873550007
4.0904965248
4.09363795501
4.09677891255
4.09991950061
4.10306019715
4.10620135865
4.10934284994
4.11248418457
4.11562502988
4.11876555239
4.12190624488
4.12504741474
4.12818886475
4.13133009794
4.1344708335
4.13761129839
4.14075199165
4.14389316624
4.14703456636
4.15017569309
4.15331632239
4.15645673769
4.15959743563
4.16273861035
4.16587995191
4.16902096814
4.1721614956
4.17530186931
4.17844257486
4.18158374421
4.18472501867
4.18786592135
4.19100635227
4.19414669219
4.19728740723
4.20042856488
4.20356976395
4.2067105511
4.20985089155
4.21299120516
4.2161319305
4.21927306943
4.22241418521
4.22555485594
4.22869511262
4.23183540694
4.23497614229
4.23811725487
4.24125828
4.24439883452
4.24753901468
4.25067929614
4.2538200401
4.25696111825
4.260102046
4.26324248562
4.2663825969
4.26952287122
4.27266362134
4.27580465663
4.27894548104
4.28208580812
4.28522585843
4.28836613052
4.29150688328
4.2946478671
4.29778858308
4.300928801
4.30406879836
4.30720907223
4.31034982314
4.31349074683
4.31663135021
4.31977146331
4.32291141572
4.32605169441
4.32919243805
4.33233329304
4.33547378068
4.33861379415
4.34175370945
4.34489399495
4.34803472509
4.35117550307
4.35431587287
4.3574557927
4.3605956784
4.36373597163
4.36687668132
4.37001737435
4.3731576253
4.37629745813
4.3794373213
4.3825776221
4.38571830377
4.38885890441
4.39199903662
4.39513878964
4.39827863677
4.40141894386
4.40455958947
4.40770009094
4.41084010558
4.4139797864
4.41711962329
4.42025993432
4.42340053548
4.42654093174
4.42968083106
4.43282044756
4.43596027922
4.43910059079
4.44224113889
4.44538142475
4.44852121202
4.45166077222
4.45480060275
4.45794091047
4.46108139687
4.46422156805
4.46736124752
4.47050075941
4.47364059196
4.47678089051
4.47992130663
4.48306135989
4.48620093665
4.4893404081
4.49248024477
4.495620528
4.49876086549
4.50190079861
4.50504027858
4.50817971713
4.51131955896
4.51445982
4.51760007087
4.52073988273
4.52387927248
4.52701868526
4.53015853219
4.53329876353
4.53643892031
4.53957861088
4.54271791754
4.5458573111
4.54899716199
4.55213735564
4.55527741146
4.55841698181
4.56155621295
4.56469559317
4.56783544577
4.57097559337
4.57411554211
4.57725499438
4.58039415785
4.58353352982
4.58667338085
4.58981347382
4.59295331019
4.59609264755
4.59923175136
4.60237111928
4.60551096444
4.60865099414
4.61179071377
4.61492994035
4.61806899251
4.62120835963
4.62434819371
4.62748815154
4.63062775107
4.63376687189
4.63690588026
4.6400452488
4.64318506575
4.64632494334
4.64946442044
4.65260344131
4.65574241349
4.65888178461
4.6620215776
4.66516136693
4.66830072036
4.6714396478
4.67457859096
4.67771796471
4.68085772632
4.68399741983
4.68713664947
4.69027549055
4.6934144113
4.69655378664
4.69969350893
4.70283309971
4.70597220648
4.70911096873
4.71224987302
4.71538924785
4.71852892249
4.72166840432
4.72480739027
4.7279460815
4.73108497452
4.73422434564
4.73736396408
4.74050333159
4.74364219976
4.74678082797
4.74991971402
4.75305907726
4.75619863085
4.75933787956
4.762476634
4.7656152072
4.76875408962
4.77189343986
4.77503292
4.77817204645
4.78131069207
4.78444921815
4.78758809928
4.79072743054
4.79386682883
4.79700583058
4.80014437313
4.80328285971
4.8064217408
4.80956104637
4.81270035474
4.81583923044
4.81897767634
4.82211613064
4.82525501189
4.82839428438
4.83153349523
4.83467224462
4.83781060089
4.8409490296
4.84408791008
4.84722714161
4.85036624795
4.85350487186
4.85664314598
4.85978155511
4.86292043282
4.8660596151
4.86919861064
4.87233711099
4.87547531076
4.87861370558
4.88175257745
4.88489170194
4.88803058122
4.89116896095
4.89430709434
4.89744547924
4.90058434121
4.90372339927
4.90686215772
4.91000042076
4.91313849578
4.91627687423
4.91941572125
4.92255470429
4.92569333833
4.9288314895
4.93196951407
4.93510788849
4.9382467147
4.94138561428
4.94452412136
4.94766216633
4.95080014809
4.95393851987
4.95707731862
4.96021612663
4.96335450528
4.9664924504
4.96963039663
4.97276876607
4.97590753004
4.97904623884
4.98218448868
4.98532234092
4.98846025834
4.99159862464
4.994737346
4.99787594853
5.00101407028
5.00415183706
5.00728973179
5.01042809305
5.01356676355
5.01670525344
5.0198432489
5.02298093799
5.02611881536
5.02925716863
5.03239577977
5.03553415146
5.03867202347
5.04180964283
5.04494750733
5.04808584865
5.05122439179
5.05436264062
5.057500393
5.06063795064
5.06377580583
5.06691413027
5.0700525968
5.07319071908
5.07632835657
5.07946586041
5.08260370884
5.08574201061
5.08888039208
5.09201838515
5.09515591331
5.09829337104
5.10143121421
5.10456948674
5.10770777501
5.11084563729
5.11398306241
5.11712048133
5.12025831965
5.1233965557
5.12653474306
5.12967247406
5.13280980304
5.13594718995
5.13908502274
5.14222321453
5.14536129386
5.14849889416
5.15163613438
5.15477349546
5.15791132094
5.16104946027
5.16418742512
5.16732489642
5.17046205562
5.17359939629
5.17673721162
5.17987528999
5.18301313473
5.18615047975
5.18928756586
5.19242489071
5.19556269203
5.19870070083
5.20183842069
5.20497564315
5.20811266419
5.21124997687
5.21438775936
5.21752568997
5.22066328115
5.2238003857
5.2269373496
5.23007465276
5.23321241072
5.23635025467
5.23948771441
5.24262470652
5.24576162099
5.24889891626
5.2520366432
5.25517439231
5.2583117189
5.26144860479
5.26458547718
5.26772276508
5.27086045383
5.27399810035
5.27713529319
5.28027207969
5.28340891686
5.28654619682
5.28968383965
5.2928213764
5.29595843596
5.2990951304
5.3022319386
5.30536920896
5.30850679771
5.31164421816
5.31478114601
5.3179177561
5.32105454082
5.32419179887
5.32732932508
5.33046662349
5.33360342226
5.33673995591
5.33987672184
5.34301396381
5.34615141887
5.3492885904
5.35242526369
5.35556172892
5.35869847981
5.36183570098
5.36497307627
5.36811011701
5.37124666938
5.37438307412
5.37751981274
5.38065700751
5.38379429454
5.38693120161
5.39006763844
5.39320399044
5.3963407185
5.39947788047
5.40261507103
5.40575184262
5.40888817004
5.41202447669
5.41516119485
5.41829831691
5.4214354032
5.42457203857
5.42770826337
5.43084453158
5.43398123939
5.43711831386
5.44025528864
5.44339178816
5.44652791762
5.44966415369
5.45280084961
5.45593786838
5.45907472504
5.46221109017
5.46534713194
5.46848334147
5.47162002288
5.47475697753
5.47789371025
5.4810299435
5.48416590548
5.48730209324
5.4904387565
5.49357563842
5.49671224226
5.49984834712
5.50298423733
5.50612040716
5.50925704765
5.51239384822
5.51553031917
5.51866630011
5.52180212648
5.52493828127
5.52807489348
5.5312116042
5.53434793927
5.53748380157
5.54061957188
5.54375571346
5.54689229106
5.55002890368
5.55316510094
5.55630085068
5.55943657235
5.56257270148
5.56570923745
5.56884574413
5.57198180273
5.5751174466
5.57825312661
5.58138924296
5.58452572968
5.5876621231
5.59079804329
5.59393358854
5.59706923325
5.6002053354
5.60334176479
5.60647803829
5.60961382142
5.61274927565
5.61588489074
5.61902097619
5.62215733986
5.62529348753
5.62842913598
5.63156450708
5.63470009741
5.63783616261
5.64097245199
5.64410846878
5.64724398596
5.65037928193
5.65351485144
5.65665089189
5.65978709834
5.66292298015
5.66605837041
5.6691935992
5.67232915088
5.67546516116
5.67860127616
5.68173701989
5.68487228844
5.68800745784
5.69114299364
5.6942789675
5.69741498278
5.70055058639
5.7036857392
5.70682085668
5.70995637748
5.71309230797
5.71622821564
5.71936367816
5.72249872189
5.72563379447
5.72876930005
5.73190517961
5.73504097229
5.73817629386
