metodo_1_dt_1:4
1.51723922767e-07
0.0122557607311
0.0122875030658
0.0123511296709
0.0124451543055
0.0125665692833
0.0127122409604
0.0128794999053
0.0130671132186
0.0132725631184
0.0134921424875
0.0137216213169
0.0139550758219
0.0141846412381
0.01440376656
0.0146020433482
0.0147721759402
0.0149062929074
0.0149958157997
0.0150356319689
0.0150220506339
0.0149492481119
0.014808302508
0.0145968648365
0.0143119086247
0.0139490408295
0.0135055555507
0.0129807876977
0.0123766249242
0.0116996610401
0.0109613955563
0.0101766960376
0.00937151490236
0.0085736761425
0.00781999301963
0.00715500179474
0.00662567018927
0.00628008359598
0.00615204971941
0.00625064058918
0.00655565055817
0.00702522787509
0.00761268547375
0.00827585565974
0.00898049622051
0.00970025467753
0.0104170092424
0.0111164090601
0.0117869575903
0.0124220719112
0.0130138700443
0.0135587763238
0.0140495246227
0.0144813204708
0.0148471865014
0.0151409513745
0.0153596818049
0.0154984127099
0.015564523944
0.0155671760103
0.0155249850128
0.0154621018969
0.0154042093109
0.0153760923415
0.0154010368981
0.0154951242541
0.0156700740855
0.0159283706438
0.0162723416576
0.0166943089931
0.0171861644837
0.0177372382115
0.0183331409407
0.0189607399273
0.0196065141124
0.0202567262298
0.0208966479681
0.0215146251578
0.0220977131853
0.0226355129846
0.0231153026012
0.0235268189588
0.0238604338505
0.0241065642425
0.0242576372573
0.0243104912216
0.0242635226459
0.0241218564486
0.0238981296696
0.0236070492952
0.0232738770491
0.022922240898
0.0225784751377
0.0222704379126
0.0220175516119
0.0218437675737
0.0217632933116
0.0217883560975
0.0219200827074
0.0221718052951
0.0225251490485
0.0229909001865
0.0235477721822
0.0241887583454
0.024899129837
0.0256559117166
0.0264474358442
0.0272553650682
0.028054525309
0.0288399037994
0.0295793392846
0.030262564671
0.0308728058956
0.0314037064284
0.0318280447986
0.032158598107
0.0323833758349
0.0325121391246
0.0325588103397
0.0325421616537
0.0324863923097
0.0324180316739
0.0323606910911
0.0323392454609
0.0323775226365
0.0324933205607
0.0327037777031
0.0330206635127
0.0334546273123
0.0340104129256
0.0346889648414
0.0354869474521
0.0363986655022
0.0374107499893
0.0385096323807
0.0396775825912
0.0408924077983
0.0421332847114
0.0433758674328
0.0445973659849
0.0457756972832
0.0468890930859
0.0479221013573
0.0488591829134
0.0496933236209
0.0504239961282
0.0510547879837
0.0516001399714
0.0520792889654
0.052512504701
0.0529273483926
0.0533467453583
0.0537963689115
0.0542993687151
0.054875581477
0.0555417436476
0.0563141437492
0.0572040430343
0.0582199809801
0.0593672447317
0.0606461883724
0.0620524255303
0.0635778092947
0.065208518157
0.0669247711133
0.0687051083796
0.0705239415724
0.0723536030148
0.0741673927228
0.0759396633441
0.0776474106638
0.0792740253891
0.0808051695447
0.0822345878166
0.0835634042377
0.0847976455189
0.0859518086279
0.0870425791285
0.088093257455
0.0891249951919
0.0901623593569
0.0912357002064
0.092356460232
0.093550525325
0.0948350751228
0.0962214129226
0.0977338848035
0.0993667283741
0.101143392142
0.103054782097
0.105099156268
0.107273890161
0.109559830042
0.111942488871
0.114390777263
0.116881505265
0.119378267559
0.121857229715
0.124285459488
0.126646779062
0.128918012276
0.13109533489
0.133174798954
0.135151757763
0.137041189675
0.138862486998
0.140618839918
0.14233752114
0.144038219662
0.145750737299
0.147488124985
0.149271775172
0.151126897403
0.153071268229
0.155120053085
0.157277568609
0.159570018933
0.161995805037
0.164566382144
0.167271042769
0.170107845615
0.17306123996
0.176098894091
0.179212539743
0.182355787034
0.185498942337
0.188610684056
0.191663903332
0.194638066991
0.19752053517
0.200302052964
0.202983140257
0.205567977963
0.208065063026
0.21048855955
0.212854022705
0.215179116092
0.217485005853
0.219792434776
0.222122760834
0.224494337179
0.226928439576
0.229442866095
0.232054517212
0.234776457732
0.237623649333
0.240603356117
0.243720636775
0.246975317262
0.25035771315
0.253852981804
0.257435860671
0.261076018685
0.2647385103
0.268389883308
0.271996455318
0.275533606142
0.278982476322
0.282330503813
0.285573729459
0.288712635615
0.291751523421
0.294700535473
0.297572114308
0.300381201871
0.303144875644
0.305881691045
0.308611193639
0.311353503186
0.31412865173
0.316957277825
0.319857999933
0.322848295051
0.325942933381
0.329157075262
0.332498155981
0.335972132857
0.33957824006
0.343306850301
0.347138136194
0.351050382931
0.35500855187
0.3589758484
0.362921319071
0.366809806925
0.370619991693
0.374331185276
0.377937638407
0.381433545365
0.38481900011
0.388098030494
0.391284267114
0.394384027546
0.397416513941
0.400393287607
0.403331966266
0.406253415128
0.409176703712
0.412126348842
0.415119812113
0.418172263796
0.421315559898
0.424553169677
0.427903014926
0.431379303202
0.434981447142
0.438706547058
0.442548737597
0.44647846621
0.450478885638
0.454517375276
0.458547773797
0.46254740917
0.466486430935
0.47033668819
0.474087678048
0.477723404121
0.481251036451
0.484652767912
0.487952223295
0.491148701367
0.494246085949
0.49727004083
0.500228575983
0.503137739997
0.506024721594
0.508894084447
0.51178855495
0.51471656502
0.517704258022
0.520764811529
0.523929322934
0.527194884058
0.530585988068
0.534095286742
0.537724917343
0.541453832816
0.545267190691
0.549129244339
0.55302317514
0.556907050551
0.560748753801
0.564519227822
0.568204786281
0.571787648024
0.575255961828
0.578606884794
0.58183856699
0.584955256943
0.587961271308
0.590866864488
0.593682399731
0.596425007811
0.599108367296
0.601754946004
0.604386787195
0.607025620248
0.609696541864
0.612424678862
0.615229231797
0.618130028025
0.621139164545
0.624263176443
0.627504502751
0.630852593511
0.634295223756
0.63780868928
0.641367535333
0.644942489856
0.64850236182
0.652019927135
0.655470333992
0.658834136424
0.662095966907
0.665245251159
0.668276360888
0.671186545749
0.673977367859
0.676652477702
0.679219510684
0.681688332411
0.684074105025
0.686391504528
0.688663563414
0.690912405983
0.693165319889
0.695448447657
0.697788058306
0.700207591347
0.702722908201
0.705348199609
0.708087550547
0.710939877397
0.713892126641
0.716931001499
0.720033291982
0.723174676518
0.726326683202
0.729462472981
0.732560092951
0.735593305562
0.738544363888
0.741398425553
0.744145455774
0.746776170746
0.749284451408
0.751673280659
0.75394408498
0.756099025493
0.758147905773
0.760107381003
0.761990205815
0.763819852394
0.76562441534
0.767425724814
0.769261564913
0.771151564592
0.773128978034
0.775202906226
0.777393470737
0.77969375004
0.782108877085
0.784617306383
0.787207271734
0.789858185508
0.792546787061
0.795248526583
0.797934317712
0.800591268077
0.8031878808
0.805711371545
0.808145191688
0.810484592488
0.812706932482
0.814811709541
0.81680185706
0.81866309661
0.820413284066
0.822051479749
0.82359679491
0.825051092686
0.826458043127
0.827830313834
0.829197881925
0.830599525413
0.83206512926
0.833618792344
0.835277800963
0.837057265245
0.838942781744
0.840942641667
0.843037192771
0.84521363258
0.847451785593
0.849731225757
0.852029916897
0.854325099682
0.856596291391
0.858823529543
0.860988969316
0.863076865491
0.865072415404
0.866966061132
0.868747721225
0.870414206565
0.871961401431
0.873390333764
0.874708636829
0.87592561833
0.8770598286
0.878131890037
0.879172217322
0.880213279968
0.881288600886
0.882429171189
0.883661850047
0.885001772075
0.886460370252
0.888037268221
0.889725434484
0.891515476252
0.893391456108
0.895336049683
0.89733175012
0.899358095689
0.901394193742
0.903422101015
0.905420529967
0.907373194251
0.90926106541
0.911070891452
0.91278848788
0.914403165744
0.915908991913
0.91729936442
0.918574702274
0.919740939116
0.920805648194
0.921786821914
0.922707604616
0.923594449339
0.924483038122
0.925406391537
0.926397932681
0.927481010223
0.928675031827
0.929986396273
0.931422951179
0.932971475203
0.934633322429
0.936388820334
0.938222035469
0.940125518715
0.942072575093
0.944047710038
0.946032350992
0.94800863721
0.949956191032
0.951854413849
0.953689690764
0.955447306215
0.957109754706
0.958667124341
0.9601234158
0.961461424891
0.962694960508
0.963833611997
0.964887642874
0.965879173043
0.966842331785
0.967809130096
0.968806595587
0.969871312253
0.971022775396
0.972284089995
0.973659917534
0.975161386623
0.976792162914
0.978533204394
0.980380209465
0.982322104024
0.984342991859
0.986434859668
0.988572401863
0.990735685759
0.992920752221
0.995082853848
0.997225874415
0.999315324636
1.00133839347
1.00327757735
1.00512226024
1.00686190443
1.00849428418
1.01002278583
1.01145673547
1.01280967257
1.01410528054
1.01536829288
1.01663069225
1.0179229811
1.01927281759
1.02070678175
1.02224199013
1.02389331961
1.02566541553
1.02756309504
1.02958093979
1.03171483475
1.03395658771
1.03629458334
1.0387158837
1.04120531149
1.04374430186
1.04631453677
1.04889341079
1.05145975971
1.05398946607
1.05646108737
1.05885612325
1.06115912365
1.06335888753
1.06545207774
1.06744192137
1.06933635281
1.0711525072
1.07290896497
1.0746324623
1.0763501761
1.07808967811
1.07987830547
1.08173889582
1.08369139858
1.08574975162
1.08792502472
1.09021985929
1.09263806771
1.09517635905
1.09783000236
1.10059014953
1.10344672715
1.10639068561
1.10939882119
1.11245270084
1.11553234359
1.1186126823
1.12166581213
1.12466565092
1.12758970153
1.13042421768
1.13315304985
1.13576761312
1.1382788145
1.14069344556
1.14302181289
1.14529406801
1.14752340315
1.14974107175
1.15197203015
1.15423438556
1.15656231895
1.15896347334
1.1614588943
1.16406049202
1.16677613161
1.16960416601
1.17255835214
1.17563047892
1.17880895183
1.18209865525
1.18547434033
1.18893413464
1.1924501582
1.19600004372
1.19956236834
1.20309975836
1.20659024344
1.20999966295
1.21331380696
1.21651784223
1.21960709958
1.22257555583
1.22544767877
1.22823098685
1.23095141822
1.23362185779
1.23627196657
1.23891616455
1.24159176509
1.24430159013
1.24708057839
1.24993488228
1.25287690137
1.25593278665
1.25909095786
1.26236290359
1.26574875194
1.26925416546
1.27286196384
1.27656812119
1.28035989528
1.28421553183
1.28811286477
1.29202139136
1.29590905667
1.29974539016
1.30350150297
1.30715499677
1.310691405
1.31410492919
1.3174005592
1.32058693754
1.32367910207
1.32669587169
1.3296571966
1.33258415137
1.33549856656
1.33842017706
1.34137073575
1.3443674878
1.34742808671
1.35056693728
1.35379706763
1.35712780404
1.36056551031
1.36411439201
1.36777507837
1.37154318782
1.37540986559
1.37936187534
1.38338062849
1.38744060238
1.39151109778
1.39556090495
1.39955510431
1.40346550834
1.40726844317
1.41095056049
1.41450466928
1.41793657771
1.421252659
1.42446818823
1.42759953116
1.43066490749
1.43368109095
1.43667640761
1.4396627199
1.44266006417
1.44569272337
1.44877346764
1.45192429894
1.45515081482
1.45847410592
1.46189393217
1.46542648807
1.46906455764
1.47281376003
1.476656748
1.48058085259
1.48457642752
1.48860218166
1.49264356907
1.49665765028
1.50061022003
1.50448016558
1.50823805237
1.51187015393
1.51537754761
1.51875546039
1.52201261772
1.52516712812
1.52822751693
1.53121058404
1.53413364252
1.53701577304
1.53988346697
1.54274914008
1.54563970036
1.54855943904
1.55154121411
1.55459390995
1.55773135658
1.56097218417
1.56431540911
1.56776322838
1.57132077671
1.57497030496
1.5787054227
1.58249611633
1.58632349326
1.59015792041
1.59395668747
1.5976973613
1.60134320496
1.604889981
1.6083067096
1.61159522375
1.61475513945
1.61780085898
1.62072305617
1.62355208724
1.62629300912
1.62897016992
1.63159180437
1.63417542488
1.63675000825
1.6393348469
1.64195007134
1.64461526304
1.64734800924
1.65015427822
1.65307529833
1.65608825162
1.65921480423
1.66244937876
1.66577124942
1.66917203978
1.67262800537
1.67611078906
1.67958942352
1.68304178184
1.68642778183
1.68973121177
1.69292126275
1.69599354184
1.69893966713
1.70176307229
1.70445975308
1.70704050193
1.7095140683
1.71189363453
1.71419540703
1.7164345172
1.71862993387
1.72080145797
1.7229722007
1.72516441946
1.72740120674
1.72970354315
1.73209177165
1.73457871173
1.73717423625
1.73987931759
1.74268954846
1.74559146737
1.74856682052
1.75159142897
1.75463846004
1.75767833052
1.76068399787
1.76362958733
1.76649182953
1.76925270432
1.7718995084
1.77442504177
1.77682560403
1.77910404955
1.78126099801
1.78330861578
1.78525715621
1.78712126982
1.78891169707
1.79064786036
1.7923517792
1.79404615014
1.79575640907
1.7975095793
1.79932625725
1.8012328361
1.8032468339
1.80536614671
1.80760315201
1.80994054401
1.81237499921
1.81487510208
1.81742298289
1.81999349748
1.8225537408
1.82507808285
1.827551363
1.8299458943
1.83224577999
1.83443916685
1.83651762619
1.83847810443
1.84031852243
1.84203540566
1.84364256096
1.845141666
1.8465513248
1.84788692889
1.84915163844
1.85039045861
1.85160361032
1.85282654343
1.85409636822
1.85543245226
1.85685888358
1.85839321081
1.86004455805
1.86181271052
1.86368868168
1.86565645056
1.86769504048
1.86978068756
1.87187936157
1.87398442172
1.87605421595
1.87808542702
1.8800406792
1.8819125471
1.8836879726
1.88535749753
1.88691400193
1.88835465873
1.88966991987
1.89088214813
1.89198789714
1.89299682398
1.8939220426
1.89478038633
1.89559260824
1.89639297348
1.89718982175
1.89804209219
1.89894890133
1.89995490301
1.90107748828
1.90231511906
1.90367604352
1.90514989971
1.90671943405
1.90835310006
1.91004718694
1.91176723333
1.91348923632
1.91520027253
1.91685895839
1.91847569904
1.9200131384
1.92146620775
1.92282732373
1.92407913435
1.92521994262
1.92624750523
1.9271647572
1.9279753324
1.92868914117
1.92931745176
1.92987774779
1.93039166952
1.93088408534
1.93138550742
1.93192605023
1.93253497332
1.93323961438
1.93405910555
1.93500198162
1.93606834312
1.93725033547
1.938531832
1.93989528617
1.94131846007
1.94277976549
1.94425916943
1.9457350623
1.94718775132
1.94859963269
1.94995314078
1.9512328929
1.952427262
1.95352367466
1.9545163901
1.95540041129
1.95617442635
1.95684302703
1.95741266574
1.95789750092
1.95831319173
1.95868226773
1.95903350654
1.95938755523
1.95978386857
1.96024587916
1.96080812089
1.96148295484
1.96227382497
1.96319921733
1.96423858785
1.96538814029
1.96662511032
1.96793969493
1.96929773231
1.97069663225
1.97210169564
1.97351003677
1.9748880867
1.97621842173
1.97749312117
1.97869860169
1.97980398183
1.98081694373
1.98172294969
1.98251926679
1.98320937542
1.98380052193
1.98430659866
1.98473582558
1.98512106645
1.9854892237
1.98586980665
1.98628376223
1.98676894581
1.98734996689
1.98803568694
1.98883701762
1.98976689368
1.99082190217
1.99198341724
1.99324810762
1.99459051708
1.99600326193
1.9974679143
1.99895558935
2.0004568123
2.00195193974
2.0034209208
2.0048342332
2.00619291512
2.00745968649
2.00862986375
2.00970253305
2.01066190417
2.01150789567
2.01224675722
2.0129009485
2.01348860589
2.01402239303
2.01453831648
2.01506394087
2.01563628089
2.01626074477
2.01697812854
2.01779434742
2.01872920631
2.0197840978
2.02095776781
2.02224503326
2.02363680034
2.02512004463
2.02668148016
2.02830487566
2.02997123253
2.03166325247
2.03336058676
2.03504311561
2.03669001615
2.03827831603
2.0397881777
2.04120339231
2.04251032117
2.04370077648
2.04477406585
2.04573937945
2.04660993319
2.04740708031
2.04815521624
2.04888276352
2.04961603799
2.05038382952
2.05121043747
2.05211394493
2.05311379861
2.05421973262
2.05543839367
2.05677147332
2.05821672159
2.05976783881
2.0614141728
2.06314526061
2.06494695384
2.06680371104
2.06869590702
2.07060405416
2.07250678145
2.07438116134
2.07620140225
2.07794404244
2.07959464566
2.0811284316
2.08253552838
2.08382442487
2.08498800987
2.08605837267
2.08705141469
2.08798466912
2.0888948422
2.08980909327
2.09074540964
2.09173558185
2.09279093545
2.0939368524
2.09516742107
2.09650887486
2.09795607225
2.09951023875
2.10115865574
2.10291325015
2.10475647776
2.10666626273
2.10864694545
2.11066287099
2.11270301988
2.114744787
2.11676385955
2.11872384313
2.12060812212
2.12239291506
2.12405953516
2.12558738207
2.12699451034
2.12826942818
2.12943818939
2.13052276507
2.1315483197
2.13254084745
2.13351561125
2.13451576256
2.13555220646
2.13665285602
2.13781247758
2.13906260789
2.14040149483
2.14184398026
2.14338147371
2.14502207096
2.14675049002
2.14856829905
2.15047371126
2.15243187718
2.15443454329
2.15646013387
2.15849375112
2.16049799192
2.16245324231
2.16432063954
2.16608325846
2.16772053852
2.16921953124
2.17057823221
2.17180321497
2.1729198218
2.17393813468
2.17489127554
2.17580306924
2.17669587972
2.17759131761
2.17850825393
2.17947250717
2.18049870296
2.18158897626
2.18276159521
2.18402260959
2.18538443063
2.18683703102
2.18838141398
2.1900121097
2.19171861968
2.1934887115
2.19530320569
2.19714031152
2.19897706974
2.20078467702
2.2025332441
2.20419510082
2.20574442103
2.20716122355
2.20843602414
2.20956599702
2.21056122283
2.21143544428
2.21220929153
2.2129059086
2.21354916337
2.21416156073
2.21476430401
2.21537705274
2.21601978918
2.21670780499
2.21745576781
2.21827606538
2.21917823925
2.22016910973
2.22125092913
2.22242660358
2.22368190875
2.22501848825
2.2264142922
2.22785128003
2.22930727415
2.23075715337
2.23217280412
2.23351735308
2.23477974774
2.23591991092
2.23692055052
2.23777306136
2.23848554919
2.239058017
2.23951328065
2.23985251013
2.24010578837
2.24029521276
2.24044320636
2.24057150226
2.24069079215
2.2408296834
2.24100697008
2.2412294485
2.24151209932
2.2418770551
2.24232342184
2.24286701271
2.24349865257
2.24421384427
2.24500280682
2.24585024094
2.24674519167
2.24765331791
2.24853693065
2.24938660326
2.25016357429
2.25084141796
2.25139837839
2.25181885287
2.25209460565
2.25222498511
2.25221615095
2.25207979977
2.25183160626
2.25148973604
2.25106367235
2.25059339212
2.25008887445
2.24956983911
2.24905559446
2.24856486819
2.24811551692
2.24773396989
2.24741464966
2.24717874604
2.24704268927
2.24699811387
2.24704941329
2.24716498328
2.24734637455
2.24755986653
2.2477873691
2.24798968547
2.24814673908
2.248229907
2.24820550196
2.24805328259
2.24777866734
2.24735501737
2.24679012581
2.24608823096
2.24526796089
2.24432259595
2.24327745894
2.24215783613
2.24097293656
2.23974149592
2.23849117968
2.23724171754
2.23600326359
2.23479568055
2.23365486182
2.23258751588
2.2315999096
2.23071590808
2.22992971348
2.22923533065
2.22861815766
2.22807373373
2.22755074051
2.22704282575
2.22650370948
2.22591187168
2.22524069761
2.22447590667
2.22359140182
2.22257471094
2.22142665132
2.22013771562
2.21871768515
2.21717304056
2.21552055686
2.21375975485
2.21191695581
2.21000714519
2.20804845261
2.20606153835
2.2040659461
2.20208321678
2.2001367969
2.19824537396
2.19643160216
2.19471023308
2.19309282473
2.19158297273
2.19017493635
2.1888535585
2.18759624884
2.18637558681
2.18516202962
2.18392327295
2.18263471011
2.18127177865
2.17981372614
2.17824382639
2.17656398635
2.17474948833
2.1728085775
2.17074512184
2.16855646652
2.16626220906
2.16386602916
2.16139257477
2.1588407373
2.15624869047
2.15361860135
2.15098201116
2.14836318183
2.14577638588
2.1432559907
2.1408055386
2.13846358285
2.13623379089
2.1341215533
2.13212171695
2.13020989618
2.12837336471
2.12658455456
2.12480425872
2.12300427071
2.12116926462
2.11925778769
2.11727247553
2.11518999968
2.11300096443
2.11068966932
2.10827391816
2.10573504828
2.10307759104
2.10031929989
2.09747106962
2.09453654021
2.09153191313
2.0884859292
2.08540956909
2.08232532765
2.07925766312
2.07623180598
2.07327266751
2.07041339063
2.0676537807
2.06501693087
2.06250718371
2.06010936074
2.05782747229
2.05561949292
2.05346752215
2.05134267308
2.04920781703
2.0470474389
2.04484002089
2.04255856657
2.04019807315
2.0377385659
2.03518156903
2.0325219411
2.02974984163
2.02687619047
2.02390478945
2.02083655607
2.01769187146
2.01448558523
2.01122771977
2.00794753224
2.0046685152
2.00140763691
1.99819853574
1.9950659085
1.99203335103
1.98911824121
1.9863324961
1.98367954639
1.98114529489
1.9787309008
1.97640519728
1.97415108202
1.97192551455
1.96971584412
1.96749211643
1.96523847699
1.96292894365
1.96055561731
1.95810427203
1.95556568429
1.9529256808
1.95018577081
1.94735185606
1.94441300623
1.9413886715
1.93828784762
1.93511605566
1.93190653502
1.92867156391
1.92544160564
1.92224318376
1.91910176778
1.9160426238
1.91309010399
1.91026069563
1.90756539327
1.90500501185
1.90257514583
1.90026347915
1.89804909528
1.89590918314
1.89382098566
1.89175891652
1.88970099017
1.88762549027
1.88551421485
1.8833508306
1.88111995441
1.87881089397
1.8764126637
1.87391996643
1.87132793335
1.8686384873
1.86585541778
1.86299119587
1.86005831187
1.85708058612
1.85408152937
1.85108844906
1.84813002042
1.84523481954
1.84242598189
1.83972724252
1.83716063862
1.83471650658
1.83241799972
1.83024125444
1.8281761974
1.82622790745
1.82434804587
1.82253655225
1.82075273005
1.81899639728
1.81722826766
1.81544052891
1.81360658296
1.81172139434
1.80976188738
1.80770691333
1.80556700788
1.80332725814
1.80098652331
1.79853915108
1.79599626986
1.79339388455
1.7907267157
1.78804175228
1.78536003488
1.7827128195
1.78012835971
1.77763249101
1.77524517692
1.77297124313
1.77083616158
1.76882346339
1.76693820564
1.76516104091
1.76348811415
1.76190219836
1.76037596523
1.75888987281
1.75743234862
1.75597493324
1.75450646504
1.75299975203
1.75143696128
1.749809189
1.74809308176
1.7462755883
1.74435506422
1.74231893733
1.74016788648
1.73791950178
1.73558963426
1.73319460659
1.73076344652
1.72833460724
1.72593937265
1.72359705298
1.72134571776
1.71918178365
1.71713677813
1.71520966002
1.71339528521
1.71170104419
1.71011189624
1.70861645669
1.7071989162
1.70584859047
1.70454644974
1.70326707101
1.70199553269
1.70070673233
1.69938945693
1.69801879809
1.69657404878
1.69503838639
1.69339902525
1.69163928766
1.68975674398
1.68775279895
1.68562871931
1.68340736346
1.68111317241
1.67877613285
1.67642959983
1.67410267339
1.67182485025
1.66961797371
1.66749693244
1.66547495964
1.66355759738
1.66174574393
1.66003809427
1.65842673199
1.65690339373
1.65545598889
1.6540680097
1.65272485136
1.65140744884
1.65009714642
1.64877153948
1.64741076974
1.64599341344
1.64449843934
1.64290593926
1.64119794971
1.63936146226
1.63738802585
1.6352769742
1.6330367136
1.63068588199
1.62824899095
1.62575828074
1.62324555535
1.62074160339
1.61826646066
1.6158569958
1.61351293316
1.61125673279
1.60909653775
1.60701662787
1.60503692111
1.60314463761
1.60133343635
1.59959418558
1.59790478779
1.5962604016
1.59464390562
1.59302667495
1.59139795645
1.58972689599
1.58799067141
1.58616797572
1.58423803879
1.58218222968
1.57999648699
1.57765432742
1.57516530398
1.57253041834
1.56978666006
1.56694102661
1.56402470284
1.56108588254
1.55813736857
1.55520396761
1.55231642906
1.5494821843
1.546722241
1.54404451944
1.54144512728
1.53892540039
1.53649145594
1.53413760523
1.53183938957
1.52960838355
1.52741358844
1.52523692499
1.52306499746
1.52087457804
1.51863387
1.51632530911
1.51391726551
1.51140139549
1.50874484011
1.50593939321
1.50297277003
1.49985905244
1.49660091156
1.49321583608
1.48972836446
1.48616592046
1.48255759729
1.47893609998
1.4753208388
1.47173591236
1.46819413043
1.4647125067
1.46130050044
1.45795917937
1.45470120296
1.45151710506
1.44841157845
1.44537234486
1.44239280448
1.4394485029
1.43653365063
1.43361566316
1.4306734411
1.42768000042
1.42460739631
1.42143103912
1.41813209033
1.41468809907
1.41108745414
1.40733301128
1.40341950209
1.39936288567
1.39517977919
1.39089547028
1.38653373203
1.38212014602
1.37768474454
1.37324700491
1.36882947749
1.36445011431
1.36012117969
1.35585707627
1.35166487386
1.3475502239
1.34351514137
1.33955791453
1.33567337631
1.33185196925
1.32807663296
1.3243274208
1.32057998621
1.31680470599
1.31297474738
1.30905903938
1.30503332376
1.30087601195
1.29657138871
1.2921127057
1.2874981424
1.2827339884
1.27783182223
1.27281047401
1.26768964776
1.26249346974
1.25725266051
1.2519735152
1.24669867692
1.24143969604
1.23621613256
1.23104444924
1.2259384621
1.22090026531
1.2159478556
1.21108633185
1.20630745326
1.20160733177
1.19697666369
1.19239989165
1.18786500398
1.18332562876
1.17876073698
1.17413938841
1.16943202239
1.16461396796
1.1596488529
1.15455265064
1.14930330272
1.14390310731
1.1383607263
1.13269875248
1.12692586994
1.12106316788
1.11513261624
1.10915741867
1.10316973613
1.09717349123
1.09119857578
1.08526446751
1.07937864481
1.07357355459
1.06784362344
1.0622075556
1.05666188185
1.05121675061
1.04586811687
1.04060542632
1.0354024829
1.03023580124
1.02508875689
1.01990444802
1.01466572282
1.0093410555
1.00389985047
0.998332461839
0.99262407285
0.986779698652
0.980797136812
0.974692947852
0.96847397652
0.962163775735
0.955774671889
0.949333894472
0.942856464593
0.936370519113
0.929897210327
0.923450662671
0.917056062213
0.910724861723
0.904478223723
0.898327750272
0.892278781933
0.886341851057
0.880517536185
0.874801152915
0.869173800101
0.863625567002
0.858118682579
0.852628926777
0.847111788217
0.841536144653
0.835878218405
0.830111169766
0.824222258969
0.818204819296
0.812060700163
0.805799610395
0.79943278813
0.792965853798
0.786428287304
0.779829462318
0.773189383258
0.76653814989
0.75988781583
0.753265175271
0.746689935168
0.740185770571
0.733762955448
0.727442164635
0.72123882711
0.715157533442
0.709206001446
0.703380423376
0.697671149586
0.692067777618
0.686540652057
0.681062027878
0.675595286687
0.670106027217
0.664561116849
0.658934774682
0.653208158117
0.647369973876
0.641421044312
0.635361907721
0.629204714374
0.622958105313
0.616639223109
0.610265989827
0.603857370919
0.597432502949
0.591016137993
0.584630412916
0.578298640195
0.572041911829
0.565882520763
0.559838795172
0.553925696681
0.548156208639
0.542536117524
0.537066104158
0.531738895753
0.526539595838
0.521447673881
0.516433805323
0.511463805492
0.506503669649
0.501518122721
0.496480933973
0.49137217093
0.486174155347
0.480876195267
0.475501264257
0.470028095721
0.46449956545
0.458902066401
0.453274519984
0.447628157054
0.441986295922
0.436363790478
0.430796568343
0.425311639955
0.419935397079
0.414673411514
0.409568569313
0.404629951422
0.399881422411
0.39531051717
0.390927162705
0.386723840721
0.382675009742
0.3787677216
0.374963325824
0.371238970859
0.367551125233
0.363868261775
0.360173515662
0.356427499717
0.352629065107
0.348774959796
0.34486942597
0.340922986056
0.336940880136
0.332942461981
0.328959486291
0.325016738518
0.321130718995
0.317329731232
0.313642973922
0.310100297715
0.306730754967
0.303571200327
0.300624620163
0.297918252383
0.295461429922
0.293254711741
0.291278945049
0.289526099336
0.28796008042
0.286568958501
0.28528735462
0.283689894897
