metodo_1_dt_1:12
3.46023857368e-07
0.0279813959321
0.028406354899
0.0288241256147
0.0292327887027
0.02962841092
0.0300087207368
0.0303711558584
0.0307146395494
0.0310358159612
0.0313346682225
0.031612408083
0.0318698843513
0.032110708015
0.0323379385208
0.0325572664248
0.0327753127123
0.0329991914024
0.0332369242235
0.0334968942796
0.0337888375012
0.0341189644996
0.0344960738817
0.0349284032152
0.0354216732571
0.0359821928492
0.0366152879911
0.0373244706959
0.0381120345276
0.0389821872997
0.0399346603197
0.0409718383074
0.0420936666844
0.0433001652564
0.0445907706917
0.0459650693276
0.0474218637801
0.0489599474313
0.0505790736631
0.0522771883942
0.0540526701304
0.0559054893735
0.0578338441547
0.0598375580282
0.0619157952958
0.0640658770931
0.0662895429296
0.0685850639686
0.070953336142
0.0733916773984
0.0759025317096
0.0784836138168
0.0811373774244
0.0838627692836
0.086659424465
0.0895303426187
0.0924740721365
0.0954920470154
0.0985853762949
0.101755564222
0.105001984952
0.10832878411
0.111734888328
0.115222561784
0.118793640175
0.122449769243
0.126192359513
0.1300241549
0.133946284641
0.137961090014
0.14207116741
0.146277704611
0.150582460836
0.154989454792
0.159497301512
0.164111387533
0.168831845628
0.173658925857
0.178594873217
0.183639981429
0.18879518
0.194058247077
0.199429540955
0.204904461298
0.210480910017
0.216151906
0.221912252183
0.227751432311
0.233659419202
0.239622164773
0.245621948298
0.251639006236
0.257651651182
0.263631716763
0.269550210493
0.275374401508
0.281069697257
0.286597206525
0.291920611373
0.297000134316
0.30179913976
0.306283379034
0.310421646258
0.314188125188
0.317562630226
0.320531085187
0.323089629747
0.325236048547
0.3269807941
0.328336736756
0.329325898758
0.32997430139
0.33031319866
0.330376495885
0.330201995045
0.329827763831
0.329292789621
0.328636759106
0.327897021017
0.327110288232
0.326311268641
0.325532025913
0.324800813115
0.324145582927
0.323589739628
0.323153421635
0.322858633995
0.322718932121
0.322750817577
0.322965334232
0.323374438685
0.323986522818
0.324809720151
0.325850795526
0.327114255339
0.328605694246
0.330328163503
0.332284624809
0.334476888365
0.336907083189
0.339576727965
0.342486071801
0.345635707052
0.349026455196
0.352657880234
0.356529849957
0.360642754969
0.364994930124
0.369586544841
0.374417056251
0.379485661602
0.38479242056
0.390335596263
0.396114437535
0.402129524837
0.408378363064
0.414861921243
0.42157673291
0.428524364226
0.435701279246
0.443106871856
0.450739850631
0.458596091259
0.466674916911
0.474970632219
0.483480273933
0.49219926178
0.501120400462
0.510235997346
0.519537407058
0.529014180574
0.538651957787
0.548437300651
0.558350653324
0.568372046154
0.578476190378
0.588635955688
0.59881970818
0.608990365371
0.619110897783
0.629135073657
0.639017631091
0.648708379115
0.658155669466
0.667305625152
0.676108274604
0.684513296985
0.692475299843
0.699954914762
0.706918893664
0.713345244403
0.719219537396
0.724539474992
0.729309372924
0.733545757258
0.737271093949
0.740517061053
0.743317995245
0.745710595895
0.747735589837
0.749432199134
0.750839574954
0.751991304321
0.752921654534
0.753658307923
0.754226229541
0.75464292474
0.754925342029
0.75508334876
0.755122169786
0.755047044548
0.754856060293
0.754547189364
0.754118135145
0.753563366884
0.752879946059
0.752065059742
0.751117766149
0.750040190682
0.748838565862
0.747522064719
0.746102851011
0.744598827101
0.74302929343
0.741419444516
0.73979331017
0.738179181027
0.736606544799
0.735105558396
0.733705166483
0.732434533479
0.731322175975
0.730394006391
0.729675004885
0.729189812699
0.728956994168
0.728996517139
0.729324082296
0.72995378704
0.730898766397
0.732168700389
0.733770991233
0.735711287955
0.737994207693
0.740621836231
0.743592660974
0.746906907389
0.750559506095
0.754545452553
0.75885793279
0.763486945367
0.76842210819
0.773648216977
0.779151723092
0.784913328775
0.790913054153
0.797128843896
0.803532494016
0.810096559624
0.816788870279
0.823572196572
0.830408307336
0.837251523191
0.844056002842
0.85077061557
0.857336681025
0.86369716182
0.869788446159
0.875545784906
0.880901544513
0.885788222502
0.890141487926
0.893896265082
0.896995702085
0.89938815195
0.901031589277
0.901896282459
0.90196203154
0.90122427243
0.899689739937
0.897380232667
0.894326962016
0.890572040407
0.886168801753
0.88117266466
0.87564607485
0.869653485139
0.863259729486
0.85652847657
0.849521128177
0.842298547198
0.834914551584
0.827421327658
0.819867396487
0.812295629203
0.804747212394
0.797257453899
0.78985899612
0.78258204094
0.775452407052
0.768493155969
0.761725264042
0.755167064077
0.748836590744
0.742747435224
0.736911490824
0.731341396982
0.726046236748
0.721034262032
0.716311420612
0.711885968291
0.707759473574
0.703937408761
0.700420647799
0.697211549286
0.694309058186
0.691711530594
0.689416897006
0.687422108449
0.685720057566
0.684306375836
0.683172691671
0.682308247485
0.68170430671
0.681346431226
0.68122166799
0.681313776779
0.681605284375
0.682078181366
0.682710597737
0.683480534763
0.684365549786
0.685341436409
0.686382352009
0.687462183058
0.68855606051
0.689637700277
0.690682471129
0.691666033809
0.692565628422
0.693359373266
0.694026187494
0.69454816815
0.694906329712
0.695084247043
0.69506545542
0.694834128654
0.694372672816
0.69366254767
0.692685809107
0.691419467487
0.689840193586
0.687921816632
0.685635997714
0.682950471886
0.679833703654
0.676251846819
0.672172137995
0.667563327494
0.662396742266
0.656647512691
0.650298944266
0.643338850455
0.635767488079
0.627590505513
0.618827207874
0.609502594261
0.599653401569
0.589322648177
0.578558593559
0.56741383398
0.555943992014
0.544204473102
0.532250075862
0.520132202694
0.507899398166
0.495598589649
0.483268250026
0.470946636261
0.458663565744
0.446449778085
0.434327465708
0.422317280439
0.410437906211
0.39870485828
0.387128891933
0.375723272276
0.364495611919
0.353456727459
0.34261185379
0.331970053829
0.321537544449
0.311321156752
0.301329324796
0.291569896228
0.282050783915
0.272783877703
0.263778733051
0.255049567992
0.246610712775
0.238479392958
0.230673775076
0.223216144379
0.216130320512
0.209442335639
0.203182711772
0.197383075985
0.192075193574
0.187297036686
0.183083342729
0.179470427277
0.176493113237
0.174184331669
0.172569722388
0.171673160521
0.171509702447
0.172088664732
0.173408365525
0.17546310879
0.178236856553
0.181710182656
0.185857488377
0.190648313955
0.196053557419
0.202038939473
0.208572629026
0.215624030279
0.223161450409
0.231158091356
0.239586543203
0.248421253064
0.257638394016
0.267217782589
0.277137160998
0.287375857668
0.297915196816
0.308732846953
0.319809183863
0.331120665036
0.342643939099
0.354350446636
0.366212577181
0.378197145161
0.390265739681
0.402379503019
0.414493315685
0.426557979927
0.43852201968
0.450331043368
0.461929637873
0.47325973276
0.484266784142
0.494898572927
0.505108163971
0.514852737335
0.524099092419
0.532821599269
0.54100244029
0.54863490735
0.555717847993
0.562258592799
0.568272328041
0.573776385047
0.578794429314
0.583352702313
0.587480700057
0.591205693657
0.594560936866
0.597575357542
0.600279807236
0.602706707598
0.604886820332
0.606850145567
0.608627789575
0.610250754786
0.611750291359
0.61315587383
0.614497641597
0.615805275716
0.617108794166
0.618434438009
0.6198103049
0.621263629039
0.622816379082
0.624494284466
0.626317105942
0.628305923797
0.630479227405
0.632854101172
0.635444266587
0.638264760817
0.641327283438
0.644641624374
0.648218013225
0.65206273796
0.656183780456
0.660585443819
0.665272352282
0.670246491091
0.67551048568
0.681065488295
0.686910866259
0.693045806951
0.699468787052
0.706177277848
0.71316661928
0.720432987166
0.727970797908
0.735773560885
0.743834158378
0.752144031766
0.760693296239
0.769470739554
0.778465178728
0.787663162035
0.797048341184
0.806604035903
0.816310994485
0.826147407152
0.836090389598
0.846112550403
0.856184391916
0.866273131519
0.876342621458
0.886351467193
0.896254563252
0.906005174832
0.915547896041
0.924824910542
0.933774209519
0.942328946587
0.950419429092
0.957971668581
0.96491148612
0.97116369691
0.976656081664
0.981317577154
0.985085502211
0.987904349429
0.989729511344
0.990527372163
0.99028106288
0.988987581973
0.986657003051
0.983315218917
0.97900238828
0.973767934288
0.967672146422
0.960780133323
0.95316429697
0.944896244779
0.936049796125
0.926697288266
0.916908475654
0.90674852523
0.896279319441
0.885559027515
0.874640064027
0.86356919716
0.852392540926
0.841146664252
0.829868601366
0.818588402903
0.807334908357
0.796131869264
0.785002379833
0.773965759846
0.763038512606
0.752235597501
0.741570694363
0.731056116983
0.720701162232
0.710515220911
0.700506007058
0.690679923494
0.681044755521
0.671602669583
0.662361284076
0.653322897663
0.644489471151
0.635865247983
0.627452793824
0.619251427055
0.611263471967
0.603490212259
0.595930822593
0.58858439339
0.581451175299
0.574529136863
0.567815205336
0.561308516073
0.555003993958
0.548898626057
0.542987583004
0.537264512766
0.531723215643
0.526356182061
0.521155187212
0.516109466201
0.51120885924
0.506440644971
0.501791654335
0.497245518847
0.492786607528
0.488395932111
0.484054087804
0.479739072169
0.475426515458
0.471091812243
0.466708751453
0.462248271212
0.457680920066
0.452975978474
0.448100879394
0.443023592937
0.437711083425
0.432131630343
0.426254055988
0.420048091407
0.413487512748
0.406547951308
0.399210612993
0.391461975831
0.383294965571
0.374709859902
0.365715927378
0.356331893913
0.346584971072
0.336512286563
0.326159857263
0.315584124662
0.304845877586
0.294013999216
0.283163379408
0.272370482441
0.261716189963
0.251281502093
0.241150935978
0.231407511956
0.222138852412
0.213431111384
0.205368573035
0.198037897982
0.191523803043
0.185904623489
0.181252144686
0.177630124084
0.175084085643
0.173644100911
0.173321748896
0.174104532127
0.175961947865
0.178847322056
0.182699806005
0.187447783615
0.193019414347
0.199339392103
0.206334077101
0.213935513299
0.222081811726
0.230717695965
0.239790804073
0.249260328902
0.259085759815
0.269237209302
0.279684968875
0.290405929462
0.301380037973
0.312590747653
0.32402380997
0.335666434906
0.347510469635
0.359546547964
0.371768470899
0.384170357373
0.396747742748
0.409497998965
0.42241804048
0.435504438612
0.448756009946
0.462170643796
0.475748501916
0.489485858204
0.503383517987
0.51743822705
0.531650179999
0.546015180453
0.560531729971
0.575196383295
0.590004961094
0.604952341617
0.620032068616
0.635237509426
0.650558436623
0.665984446198
0.681502106238
0.697094789586
0.712745882582
0.728431961694
0.744128513898
0.759806220303
0.77543157013
0.79096543562
0.806366061297
0.821582723739
0.836561804568
0.851243137967
0.865561126208
0.879446259158
0.892824921197
0.905618512168
0.917749171031
0.929139579668
0.939715071734
0.949406497655
0.958152585455
0.965902190703
0.972617946755
0.978274881357
0.982865319336
0.986394379867
0.988883100611
0.990367133757
0.990892735404
0.990514932741
0.989296939435
0.987308348101
0.984620498978
0.981306166377
0.977438550158
0.973087805396
0.968323148222
0.963209435306
0.957808693432
0.952177350744
0.946368847343
0.940432673417
0.934414920032
0.928355107011
0.922291526076
0.916258494181
0.910284811385
0.904400611523
0.898628633906
0.892990278767
0.887507084142
0.882193570462
0.877065257952
0.872134724349
0.867411021647
0.862904487292
0.858621548649
0.854565230213
0.850740140553
0.847147621545
0.843786343469
0.840654402129
0.83774962576
0.835067012071
0.832598470693
0.830336960139
0.82827504117
0.82640030059
0.824702036103
0.823169370017
0.821786575863
0.820542919573
0.819420748252
0.818408172932
0.817488086294
0.816646495009
0.815869354961
0.815141058905
0.814447526668
0.813776293609
0.813113376421
0.81244399365
0.811757959418
0.811039843976
0.810277869982
0.809458297055
0.808566051522
0.807583558593
0.806495380254
0.805281011944
0.803917570322
0.80238028103
0.800640835411
0.798668871486
0.796429764934
0.793883875757
0.790992761438
0.78771046561
0.783991702829
0.779789792577
0.775055590228
0.769741840553
0.763804162195
0.757200938824
0.749897315678
0.741864414016
0.733085630021
0.723551130508
0.713266993526
0.702248531985
0.690526586351
0.678142361184
0.665147416414
0.651604558587
0.637580824592
0.623149490763
0.608386290721
0.593367865682
0.578169135569
0.562861320581
0.547514025902
0.532191999022
0.516954186882
0.501857706023
0.486954440144
0.472291631797
0.457915581904
0.443867723443
0.430189024505
0.416919108104
0.404096460783
0.39175944312
0.379946756113
0.368698738067
0.358054543478
0.348055299476
0.338744453522
0.330162791372
0.322354011654
0.31535965969
0.309220021218
0.303973471496
0.299652593085
0.296287831011
0.293899621567
0.29250491141
0.292108808188
0.292709743757
0.294298757553
0.296856524024
0.3003572133
0.304770005042
0.31005676742
0.316177643565
0.3230899793
0.330751670891
0.339118495972
0.348147083765
0.357798690518
0.36803222562
0.378813469157
0.390106895291
0.401881871788
0.414110173991
0.426765405374
0.439822375669
0.453260115306
0.467057340318
0.481196687257
0.495658881071
0.510428066197
0.525487831588
0.540822089198
0.556414668874
0.572250656311
0.588311776593
0.604580388255
0.621036319156
0.637658262616
0.654422348661
0.671300112596
0.688262769766
0.705274731546
0.722298052269
0.739288624735
0.756196698868
0.772968199665
0.789542567402
0.805854147694
0.82183080856
0.837395706051
0.852469821242
0.866970807102
0.880815731121
0.893923039791
0.906217459731
0.917628473998
0.928096357686
0.93757231072
0.946021333925
0.953426129116
0.959779518373
0.965094991862
0.969395131093
0.972720759042
0.975117685035
0.976644539181
0.977364650054
0.977344896782
0.976655551742
0.975367413962
0.973550011663
0.971272277975
0.968597839343
0.96558909949
0.962305202253
0.958799360492
0.955121408432
0.951319109763
0.947433446699
0.943503448769
0.939563214299
0.935644369216
0.931774036918
0.92797681031
0.924273628869
0.920683632156
0.917222132844
0.91390323978
0.910736781431
0.907730891687
0.904892524941
0.902225314322
0.899732472502
0.897413472407
0.895267564117
0.893292734767
0.891483524446
0.889834488483
0.888340676302
0.886993975695
0.885787025637
0.884711515885
0.88375900225
0.882919243859
0.882185664968
0.881548950654
0.881000541379
0.880533853495
0.880141139453
0.879816155476
0.879552862062
0.879345981015
0.879189099981
0.879076743372
0.879004639108
0.878965173695
0.878952750952
0.878958786796
0.878973944892
0.87898722777
0.878985820114
0.878952635512
0.878871607241
0.878719917204
0.878472938864
0.878102637562
0.877576150566
0.876859186779
0.875910467457
0.874687260941
0.873142131566
0.871223330596
0.868878027638
0.866049494789
0.862680728706
0.858715067363
0.85409340256
0.84876374725
0.842676489701
0.835789544525
0.828066637732
0.81948629385
0.810035745325
0.799717351979
0.788548143663
0.776556650429
0.763788377686
0.750298597805
0.736153183849
0.721427311896
0.706201185544
0.690558145744
0.674582521387
0.658355707711
0.641960990572
0.625473114116
0.608966070815
0.592507273287
0.576158443123
0.559978596359
0.544023169198
0.528340675524
0.512979209356
0.4979841812
0.483397585124
0.469263506723
0.455622065081
0.442514316241
0.429980939719
0.418065158697
0.406808994471
0.396255720867
0.386448208173
0.377432114693
0.369249273874
0.361942287612
0.355550677906
0.35011385592
0.345663045046
0.342225728845
0.339823806584
0.338469989336
0.338171237003
0.338923846301
0.340718230794
0.34353459668
0.347347979537
0.352126831935
0.357834131052
0.364429572791
0.371870909577
0.380115031755
0.389115978758
0.398831182369
0.409219183231
0.420239175498
0.431851491972
0.44402076285
0.456714246473
0.469899948582
0.483547279686
0.497629854357
0.51212389557
0.527002787796
0.542246295379
0.557831676434
0.573738889455
0.589946182771
0.606435283866
0.62318310719
0.640170200769
0.65737244039
0.674765687908
0.692322790417
0.710016772053
0.72781280571
0.745677242409
0.763567960956
0.781441393174
0.799246716154
0.816929095159
0.834427467973
0.851673143157
0.868593349657
0.885109291058
0.901135864414
0.916588593162
0.931376775294
0.945410767276
0.958605061125
0.970877568632
0.982155379398
0.992374851952
1.00148607691
1.00945519703
1.01626198674
1.02190496486
1.02639733357
1.02976717366
1.03205615003
1.0333171075
1.03361281069
1.03300925061
1.03157984898
1.02939690753
1.02653800879
1.02307488367
1.01907890396
1.01462044766
1.00976351791
1.00457036612
0.999098077204
0.993399201575
0.987523503343
0.981516044475
0.975418055997
0.969268250656
0.963100474412
0.956945075978
0.950830335433
0.944781219684
0.938821178012
0.932970339623
0.927245209658
0.921661180026
0.916232069497
0.910970058912
0.9058838392
0.900980199597
0.896266580518
0.891747289772
0.88742423451
0.883298448222
0.879369563821
0.875637577305
0.872098213205
0.868746905319
0.865578808449
0.862587366204
0.859763472629
0.857098759519
0.854585100238
0.852210014794
0.849962187948
0.847831277667
0.845804441826
0.843867270855
0.842007957278
0.840212135585
0.838465068856
0.836755050462
0.835064605091
0.833380260303
0.831684900992
0.829963618261
0.828198776897
0.826371992785
0.824462469137
0.822450290311
0.82031076189
0.818018698114
0.815546913863
0.812864701465
0.809937671351
0.806731342549
0.803205748363
0.799319456595
0.795028071644
0.790285447685
0.785045111498
0.779258724985
0.772880563402
0.765864551856
0.758171081888
0.749763169491
0.740615170127
0.730706305642
0.720030301539
0.708590598338
0.696406955939
0.683509845033
0.669945492793
0.655771391628
0.641056558218
0.62587986067
0.61032470318
0.594482241953
0.578443955575
0.562302406175
0.546148839334
0.530072116013
0.514156988773
0.498487393088
0.483140441413
0.468192952558
0.453715635902
0.439778863978
0.426451127195
0.413797349185
0.40188345037
0.390770727643
0.380522801606
0.371195939676
0.362848951565
0.355535102765
0.34929871308
0.344182329243
0.34021805922
0.337429424565
0.335829023915
0.335417209231
0.336185609471
0.338114342224
0.341170570152
0.345317013159
0.350506106155
0.356687327484
0.363805501899
0.371804583902
0.380627100706
0.390217715276
0.400522902285
0.411490873906
0.423074004845
0.435227633388
0.447910251279
0.461084261064
0.474714577026
0.488771165341
0.503225099732
0.518050297843
0.533223302495
0.54872397454
0.56453080003
0.580628259128
0.596997431351
0.613623141236
0.630492439629
0.647586921356
0.664896595759
0.682403145196
0.700094024923
0.717953389364
0.735964416387
0.754108975385
0.772368738703
0.790721329885
0.809143961142
0.827609753282
0.846090093544
0.864549731071
0.88295199197
0.901254419003
0.919409654602
0.937365799062
0.955063568625
0.972437572255
0.989418736308
1.00592749638
1.02188311362
1.03719605501
1.05177580051
1.06552756091
1.07835819204
1.09017463134
1.1008886213
1.11042262926
1.11870569675
1.12568328796
1.13131430199
1.13557665074
1.13846525783
1.13999157057
1.14018561606
1.13909140973
1.13676573575
1.13327600505
1.12869714678
1.12310882616
1.11659348451
1.10923500106
1.10111459105
1.09231117774
1.08290213491
1.07295794903
1.06254740472
1.05173267866
1.04057040435
1.02911469982
1.017413707
1.00551217711
0.993448469965
0.981259836055
0.96897959537
0.956635668308
0.944254679216
0.931861852113
0.91947711531
0.90711955502
0.894807511933
0.882554782856
0.870376299072
0.858283546195
0.84628683684
0.834395910434
0.822619700878
0.810965757313
0.799439005173
0.78804511347
0.776790338212
0.765675535684
0.75470604167
0.743883344954
0.733208761019
0.722682542956
0.712305624336
0.702077132911
0.691994988699
0.682057511063
0.672262339721
0.662604387588
0.653079993424
0.643683790802
0.634409526804
0.625249372645
0.616195268469
0.607237491121
0.598367062911
0.589570370165
0.580836382544
0.572149706395
0.563496361034
0.554858360351
0.546218228459
0.537556262268
0.528853175333
0.520085427128
0.511231103221
0.502265587617
0.493164848691
0.483902963175
0.474454661432
0.464795911509
0.454900805744
0.444749114456
0.434320321833
0.423597907948
0.41257253631
0.401238656177
0.38959957443
0.377667077647
0.365465943252
0.353032423485
0.340415967686
0.327682680361
0.314913638309
0.302207076713
0.289676954046
0.277452964527
0.265680843231
0.254516578067
0.244130908537
0.234694952563
0.226384230976
0.219364823708
0.213785692327
0.20977135661
0.20740661868
0.206730507783
0.20773777842
0.210375195331
0.214549503795
0.220140817243
0.227013160867
0.235023500562
0.244033321199
0.253910288221
0.264537356819
0.275810183665
0.287635572877
0.299938315768
0.312651258857
0.325720742852
0.339100470782
0.352752447708
0.366644413909
0.380751164363
0.395051115487
0.409526775419
0.424163404634
0.43895067958
0.453879046652
0.468939745364
0.484126414348
0.499434906551
0.514861155233
0.530401912681
0.546053595814
0.561813866662
0.577680995941
0.593654647014
0.609731364564
0.625909935194
0.642189986227
0.658567557415
0.67504147977
0.691609566413
0.708267386612
0.725014276981
0.741844194734
0.758752649486
0.775734388681
0.792783719963
0.809892665714
0.827051932313
0.844252178674
0.86148263195
0.878729083098
0.89597655024
0.91320684697
0.930401632603
0.947538372817
0.964589739788
0.981529636603
0.998323894997
1.01493606187
1.03132600418
1.04744655864
1.06324782841
1.07867449915
1.09366279043
1.1081462617
1.12205095783
1.13529877877
1.1478059035
1.15948321
1.17024102681
1.17998684446
1.18862866629
1.19607742975
1.20225085385
1.20707433556
1.21048531211
1.2124339063
1.21288964335
1.2118377303
1.20928210421
1.20524630373
1.1997722846
1.19291712398
1.18474887391
1.17534914752
1.16480611605
1.15321141326
1.14066156597
1.1272477258
1.11306384723
1.09819789087
1.08273118582
1.06674343373
1.05030555387
1.03348342561
1.01633609378
0.998919542023
0.981280723523
0.963464261318
0.945509022129
0.927448947226
0.909315699129
0.891136597853
0.872934813736
0.854733604928
0.836550727254
0.818402735953
0.80030534308
0.782272918879
0.764316917818
0.746449367591
0.728678583797
0.711016557528
0.693470632484
0.676052145763
0.658766818528
0.641626192716
0.624636970375
0.607810377276
0.591156655584
0.57468617782
0.558410788002
0.542345737924
0.526503966213
0.510905090878
0.495565697513
0.480510160964
0.465761931795
0.451349979623
0.437306390272
0.423668321261
0.410477527407
0.397780469192
0.385630344327
0.37408545173
0.363210858824
0.353078477017
0.343764331886
0.335352120755
0.327924685664
0.321569426168
0.316371573473
0.312411641858
0.309761245535
0.308480704753
0.308614898163
0.310190986421
0.313213044717
0.317668512807
0.323523443764
0.330726039437
0.339207602321
0.348888459886
0.359675357309
0.371471800129
0.384170905799
0.397662577358
0.411834102085
0.426569708704
0.44175103985
0.457260589956
0.47297934315
0.488790711705
0.504579868178
0.520237841442
0.53566241936
0.550761188637
0.565449258047
0.579657851904
0.593330062974
0.60642337709
0.618907400755
0.630766908414
0.64199851473
0.652608689434
0.662614915459
0.67203948522
0.680911678804
0.689266045215
0.697137196979
0.704564266488
0.711584596434
0.718238171034
0.72456086128
0.730591194796
0.736364318822
0.741912855056
0.747270466235
0.752467920934
0.757533804772
0.762495413767
0.767379846373
0.772212263506
0.777014105533
0.781809349332
0.786617999307
0.791459772703
0.796352882816
0.801314681718
0.806360090338
0.811505200907
0.816762793686
0.822144410571
0.827663308792
0.833327494981
0.839145993226
0.845127075675
0.85127602113
0.857598592786
0.864098156567
0.870778189173
0.877638572465
0.884680688287
0.891903175269
0.899303252415
0.906877612257
0.914621111123
0.922527815619
0.930589367877
0.938798316058
0.947141959738
0.955608636324
0.964185093868
0.972855203057
0.981602076931
0.990405800401
0.99924469692
1.00809444333
1.01692898656
1.0257185262
1.03443221408
1.0430330854
1.0514838435
1.05974167792
1.06776094956
1.07549133175
1.08287835064
1.08986445767
1.09638686941
1.10237916411
1.10776953428
1.11248359302
1.11644547185
1.1195746946
1.12179172549
1.12301870318
1.1231790374
1.12220112145
1.12002179679
1.11658690766
1.11185629947
1.10580397617
1.09842070357
1.08971407704
1.07971202328
1.06845966722
1.05601798399
1.04246381535
1.02788298156
1.01237456206
0.996039814243
0.978985044649
0.96131403314
0.943132460408
0.924539255388
0.905629508475
0.886491616938
0.867210007189
0.847860807541
0.828515263484
0.809238107571
0.790090675095
0.77112685688
0.752400435083
0.733958503507
0.715847156517
0.69811010268
0.680791058921
0.663930921559
0.64756997924
0.631750495191
0.616511978642
0.60189814177
0.587948605938
0.574709638767
0.562223101226
0.550533236933
0.539684830473
0.529722167911
0.520688900134
0.512627297732
0.505578436947
0.499577617465
0.494658895652
0.490851723422
0.488176823279
0.486653195298
0.48628829346
0.487087016347
0.489043666455
0.492147681671
0.496379274089
0.501716490994
0.508126892106
0.515578999357
0.524034183325
0.533452653909
0.54379101296
0.555006831275
0.56705618995
0.579895203757
0.593480406498
0.607769002931
0.622719042168
0.638289326189
0.654440453178
0.671131720369
0.688323731599
0.705978006595
0.724054935091
0.742512976909
0.761311640154
0.780406961661
0.799753105252
0.819301426987
0.838998836391
0.858789848049
0.87861103716
0.898396615186
0.918073051055
0.937559746877
0.956773734143
0.97562069664
0.994003600654
1.01181943349
1.02896276797
1.04532542286
1.0608012144
1.07528515904
1.0886827679
1.10090545721
1.11187819975
1.12154407297
1.12986013505
1.13680218067
1.14236617163
1.14656510489
1.14942817419
1.15100103758
1.15133920784
1.15051049444
1.1485855407
1.14564518661
1.14176641524
1.13703225487
1.13152049886
1.12530960948
1.11847139453
1.11107951382
1.10319726665
1.09488744857
1.08620806956
1.07721176103
1.06794664928
1.05845989598
1.04879096236
1.03897729441
1.02905431803
1.01905334225
1.00900129295
0.998925108848
0.98884754219
0.978789440837
0.968771984675
0.958809731175
0.948918736208
0.939113034551
0.929405547417
0.919805729717
0.910324457957
0.900968999759
0.891746061034
0.882661553331
0.873720085051
0.864925702325
0.856280808374
0.847787014283
0.839443344682
0.831250224598
0.823204918627
0.815306064733
0.807547159154
0.799926445182
0.792433770914
0.785064407478
0.777809524032
0.770658618317
0.763599942589
0.756622173207
0.749711134567
0.742851358645
0.736027623378
0.729220327677
0.722410424633
0.715577872125
0.708699825665
0.701752048785
0.694709544778
0.687545767491
0.680231315317
0.67273718499
0.665032229903
0.657084911079
0.648859875772
0.640326201633
0.631447602201
0.622192710384
0.61252727594
0.602422843502
0.591851357241
0.580789683356
0.569221268615
0.557138064381
0.544538087541
0.53143392502
0.517849060493
0.5038197524
0.489397795981
0.474653056238
0.459666708575
0.444538223429
0.429377713099
0.414310618104
0.3994706078
0.38500216847
0.371053222036
0.357777299897
0.345329201208
0.333863478278
0.323527115442
0.314459660403
0.306789254353
0.300623975185
0.296046819642
0.293114352385
0.291853597949
0.292256543594
0.294286973649
0.297877678205
0.302943260735
0.309381397824
0.317080276066
0.3259246454
0.335800465751
0.346598650949
0.358220310609
0.370569600097
0.38356575758
0.397134338863
0.411209353315
0.42573410649
0.440658573674
0.455941609061
0.471544997958
0.487436735508
0.503590363843
0.51998078358
0.536587432173
0.553394960093
0.570385330876
0.587547777369
0.604868040653
0.622337013201
0.63994628987
0.657685699778
0.675549087847
0.693528801188
0.711616718968
0.729808024647
0.748095122733
0.766471392697
0.784929203681
0.80346155208
0.822392846446
