metodo_2_dt_1:1
3.46023857368e-07
0.00130535614255
0.0027661354321
0.00441782192174
0.00630252383442
0.00846659343922
0.010963670774
0.0138536076964
0.0172078886419
0.0211074750931
0.0256434592411
0.0309213684145
0.03705658953
0.0441791522638
0.0524302177462
0.0619630204329
0.0729431131078
0.0855467306683
0.0999672520402
0.116410242785
0.135105521102
0.156304419858
0.180298093846
0.207422089214
0.238080960176
0.272769914554
0.312108301328
0.356848392436
0.416768242903
0.407537862855
0.326834969226
0.825620692418
0.722085842718
0.651109022905
0.625066762989
0.650326451589
0.72220162743
0.829133077339
0.959822465168
1.10612985232
1.26281683289
1.42657652208
1.59530984732
1.76764761321
1.94262519138
2.11959172077
2.29805038367
2.4776500158
2.65808275106
2.83914395698
3.02063024767
3.2023992313
3.3843025228
3.5662439141
3.74809304432
3.92977750484
4.11120814519
4.29231173211
4.47299837615
4.6532031025
4.83285854221
5.01191243535
5.19029461175
5.36793628033
5.54479048643
5.72079781532
5.89589186321
6.07001427442
6.24310665818
6.41512492748
6.58599719412
6.75567234416
6.92409245599
7.09120031095
7.25693878046
7.42125069293
7.58408019621
7.74538091975
7.90507810456
8.0631497732
8.21953592759
8.37419428137
8.52708711078
8.6781921776
8.82748085904
8.97495161943
9.12059843531
9.26443944712
9.40651996814
9.54688872659
9.68562748831
9.82286043015
9.9587042553
10.0933496044
10.2269867434
10.3598579314
10.4922162057
10.6243771359
10.7566458496
10.8893622525
11.0228669078
11.1574898678
11.2935649729
11.4313914847
11.5712345531
11.7133244024
11.8578642485
12.0049806055
12.1547842486
12.3073045494
12.4625722288
12.6205479736
12.7811807496
12.9444098588
13.1100635227
13.2780676594
13.4482916576
13.6206659477
13.7949115845
13.9709468748
14.1486421233
14.3278433109
14.5084197569
14.6903129263
14.8732455656
15.0571692912
15.2419597989
15.4275182486
15.6137310778
15.8004965548
15.9877179498
16.1753031884
16.3631646388
16.5512187885
16.7394603129
16.9275976131
17.1157658887
17.3038283573
17.4917177602
17.6793693255
17.8667203922
18.0537102196
18.2402798108
18.4263050462
18.6118627806
18.796756413
18.9810811063
19.1647085164
19.3475856351
19.5295937118
19.7108126888
19.891124178
20.0704760859
20.2488162058
20.4260266305
20.6021863135
20.7771768287
20.9509453544
21.123363062
21.2944630275
21.4642468344
21.6325960913
21.7994580561
21.9647158203
22.1284478008
22.2904630588
22.450866414
22.6094722112
22.7663678164
22.9214519286
23.0746935784
23.2259283361
23.3754232366
23.5230339105
23.6687062561
23.8125933723
23.954675178
24.0948760023
24.2335664957
24.3707218716
24.5064873321
24.6408984302
24.7744448199
24.9072257721
25.0394478323
25.1715342699
25.3036620378
25.4362540621
25.5696973019
25.7042617769
25.8401263173
25.9778687357
26.1175492591
26.2595216304
26.4038289368
26.5506999725
26.7002793205
26.8524772181
27.0073943206
27.1650581441
27.3253505664
27.4880517132
27.6533444629
27.8209093089
27.9906739364
28.1625940764
28.3363918927
28.5120583459
28.6892494796
28.8681106624
29.0483673278
29.2297486424
29.4124110417
29.596027618
29.7805367768
29.9659141677
30.1519126114
30.3384853694
30.5255568853
30.7130894459
30.9008539059
31.0888521713
31.2770582982
31.465188668
31.6534510326
31.8415676961
32.0295245216
32.2173412425
32.4048124303
32.5919301423
32.778654673
32.9649052163
33.1506449665
33.3358711623
33.5203864827
33.7042222552
33.8873777159
34.0695923873
34.2510940471
34.4316229673
34.6111788576
34.7897306092
34.9672015281
35.1435606774
35.3188071213
35.492745593
35.6654100498
35.8367223793
36.0066523006
36.1751981726
36.3421011233
36.5075900708
36.6713315609
36.8335571176
36.9940138512
37.1527079631
37.309623705
37.4646987112
37.6179285242
37.7693410573
37.91871802
38.06633855
38.2119321805
38.3558074671
38.4977285202
38.6380438406
38.7766404491
38.9136862291
39.0493561799
39.183800963
39.317258611
39.4499429458
39.5821530999
39.7142358498
39.8463050307
39.9789735364
40.1122963741
40.2468869424
40.3827813989
40.5205551376
40.6601888409
40.8021877978
40.9465288269
41.0933987794
41.2429164972
41.3951049332
41.5500010014
41.7075543098
41.8677370751
42.0304451344
42.1956061889
42.363082062
42.5327743595
42.7046038307
42.8782304594
43.053799124
43.2308914257
43.4095897848
43.5896734864
43.7710381649
43.9535355599
44.1370697712
44.3215021096
44.5067459916
44.692672459
44.8792041746
45.0662213698
45.2536553653
45.4413947593
45.6293785928
45.8174381882
46.0057132286
46.1938474218
46.3820508308
46.5700486952
46.7578270407
46.9453442019
47.1325137916
47.319297634
47.5056122758
47.6914222873
47.8765818269
48.0612511553
48.2450923096
48.4283314403
48.6106315668
48.7922196469
48.9727592307
49.1524775828
49.3310384179
49.5086046896
49.685032888
49.8602929644
50.0343053057
50.2070399546
50.3784169821
50.5484067592
50.7168654932
50.8839566796
51.0493455177
51.2131846572
51.3753728047
51.5358357418
51.6945545027
51.8514614063
52.006546557
52.1596894242
52.3110852844
52.4604394623
52.6080317531
52.7535925121
52.8973677118
53.0393130878
53.179524418
53.3180666834
53.4550871824
53.5907070214
53.7251339189
53.8584882337
53.9912309782
54.1233531183
54.2554339692
54.3875105801
54.5201185074
54.6535444791
54.7880279195
54.9241033939
55.0617818287
55.2016051491
55.3435134427
55.4879041075
55.6348211968
55.7843825032
55.936608941
56.0915370015
56.2490513904
56.409238991
56.5719703725
56.7371217721
56.904606868
57.0742128857
57.2460270531
57.4196336431
57.595178294
57.7722437282
57.9509771272
58.1309656793
58.3122225048
58.4947648948
58.678192269
58.8626715796
59.0478116359
59.2337248922
59.4202222582
59.6072319139
59.7946377116
59.9822997288
60.17027486
60.3583933192
60.5466022288
60.7347383442
60.9229474492
61.1108780865
61.2987450654
61.4862015378
61.6733252383
61.8601949135
62.0464686718
62.2323690889
62.4175565148
62.6021907858
62.7861265675
62.969332648
63.1517288434
63.3332077716
63.513855502
63.693527878
63.8721951617
64.049777406
64.2262445615
64.4014523074
64.5754862174
64.7482400961
64.9195687027
65.0896347753
65.2581019417
65.4251977372
65.5905867773
65.7543578369
65.9166011709
66.0769872042
66.2357518982
66.3925726569
66.5476311041
66.7008068203
66.8520270734
67.0014201648
67.1488940323
67.294488735
67.438205176
67.5801186758
67.7202074481
67.8587058503
67.9956853308
68.1312044352
68.2656624792
68.3989908937
68.5316379996
68.6638273398
68.7957665632
68.9279924956
69.0605554622
69.1940088299
69.3285919219
69.4645706098
69.6024402471
69.7421778092
69.8842216901
70.0286585779
70.1755720823
70.3251915183
70.4774733128
70.6324529864
70.7900142539
70.9503204661
71.1130109949
71.2781927541
71.4457028473
71.6153284215
71.787157106
71.9607736442
72.1361833029
72.3133917823
72.4919835158
72.6721095156
72.8533609575
73.0357557699
73.2193158083
73.4036456478
73.5888535809
73.7747455764
73.9611702851
74.1481723884
74.3355711617
74.5233041096
74.7112622656
74.8993131218
75.0875202945
75.2757200584
75.463865904
75.6517988392
75.8395927146
76.0271307718
76.2142605106
76.4011372268
76.58741895
76.7731872098
76.9585245419
77.1430920382
77.3271142276
77.5102534658
77.692594819
77.8742238418
78.0548032662
78.2344957936
78.4131566085
78.5906796501
78.7671501756
78.9424232035
79.1164693284
79.2891431959
79.4605303147
79.6305243509
79.799044227
79.9660619594
80.1314339687
80.2952482627
80.4574041205
80.6177628749
80.7764973676
80.933284527
81.0882291747
81.2414422646
81.3926203854
81.5419693511
81.6893970736
81.8348670454
81.9785494336
82.1204016806
82.2604439198
82.3989117564
82.5358357638
82.6713952159
82.8057440604
82.9390470219
83.0716899105
83.203855562
83.3358716423
83.4679656503
83.6006101842
83.7340913746
83.8686479603
84.0047348008
84.1425925106
84.2823873264
84.4245562504
84.5689935966
84.7159719692
84.8657197346
85.0180011515
85.173041668
85.3307237398
85.4909421372
85.6537583726
85.8189840877
85.98645621
86.1561928512
86.3279740925
86.5016929812
86.677123708
86.8542723541
87.0329549461
87.2129510327
87.3942748249
87.576752342
87.7601756307
87.9446487605
88.1297813389
88.315673418
88.5021742236
88.6890985217
88.8764959278
89.0642273797
89.2521195619
89.4403096444
89.6284386788
89.8165732493
90.004782026
90.1927142076
90.3804434345
90.5680454948
90.7551749115
90.9419875892
91.1283333024
91.3141016897
91.4993748078
91.6840055646
91.8678860094
92.0511006574
92.233503981
92.4150659051
92.5956413673
92.7753158197
92.953983352
93.1314983058
93.3079462333
93.4832209813
93.6571768982
93.8299763215
94.0012817622
94.1711787944
94.3397531169
94.5066688942
94.6720128797
94.8358736554
94.9979191094
95.1582419555
95.3169374332
95.4736831612
95.6286611074
95.7817508357
95.9328810158
96.0821800618
96.229556835
96.3749752496
96.5186062872
96.6604075063
96.8004004994
96.9388216009
97.0756389943
97.211223171
97.3454756714
97.478752407
97.6114401829
97.7435328556
97.8754709417
98.0077150158
98.1403155384
98.2737487743
98.4084844305
98.5445549633
98.6824672319
98.822386188
98.9644798372
99.1090630961
99.2561753256
99.4058530682
99.5582816427
99.7133761119
99.8710594168
100.031416176
100.194276044
100.359490748
100.527088013
100.696854719
100.868688076
101.04236436
101.217889017
101.395077052
101.573705248
101.753784323
101.935137318
102.117551322
102.301049395
102.485467432
102.670606886
102.856440218
103.043008779
103.229935652
103.417347298
103.605066663
103.792958728
103.981084117
104.169275748
104.357408516
104.545551123
104.733544581
104.921270782
105.108805505
105.295995013
105.482726619
105.669080523
105.854907356
106.04009797
106.224735165
106.408672198
106.591878785
106.774209112
106.955747842
107.136388959
107.315986952
107.494563386
107.672203799
107.848570754
108.023749629
108.197825524
108.370461393
108.54174196
108.711752684
108.880156896
109.047040788
109.21249162
109.376175113
109.538181602
109.698603616
109.857114815
110.01389178
110.168807992
110.321784253
110.472939964
110.622109198
110.76943237
110.914874206
111.058374234
111.200123136
111.340142811
111.478438716
111.615275334
111.750756598
111.884975789
112.018289289
112.150895047
112.282977661
112.414978917
112.54716925
112.67978954
112.813252388
112.948027414
113.084146305
113.22203719
113.362095841
113.504256766
113.64891127
113.796096639
113.945848259
114.098350002
114.253516134
114.411268758
114.571691397
114.734549671
114.89988562
115.067536535
115.237288471
115.409152857
115.582946083
115.758442782
115.935649469
116.114382689
116.294422397
116.475783158
116.65829253
116.841742181
117.02616001
117.211386951
117.397228944
117.583663736
117.770736596
117.958075081
118.145732767
118.333767028
118.521815671
118.709942538
118.89821414
119.086277244
119.274203545
119.462002477
119.649518975
119.836638823
120.023441043
120.209774538
120.395529311
120.580787661
120.765401767
120.949264161
121.132458783
121.314839545
121.496300085
121.676925797
121.856506763
122.03512843
122.212684854
122.389030097
122.564249395
122.738236299
122.91084476
123.082159756
123.252075538
123.420446521
123.587358406
123.752707621
123.91635107
124.078315495
124.238693077
124.397157564
124.553808827
124.708751937
124.861676495
125.012701753
125.161957338
125.309162372
125.454472418
125.59799565
125.739691555
125.879583207
126.017908713
126.154701727
126.290066808
126.424330309
126.557617982
126.690128744
126.822279726
126.95421798
127.086404814
127.219123105
127.352616793
127.487354681
127.623599697
127.761547311
127.901592076
128.04389866
128.188547738
128.335743922
128.485711406
128.638210896
128.793386855
128.951351017
129.111764415
129.274610033
129.440160636
129.607944633
129.77790257
129.949133651
130.123110971
130.298800808
130.476132672
130.655037764
130.835259095
131.015963997
131.19863508
131.382257015
131.566780652
131.752097935
131.938168572
132.123995919
132.311088979
132.49865049
132.686466025
132.874515503
133.062718982
133.250293303
133.438576706
133.626791083
133.814931182
134.002802334
134.190403151
134.376964158
134.56383537
134.750250173
134.936149066
135.121537279
135.306229765
135.489462585
135.672783604
135.855239009
136.036836894
136.217584917
136.397300274
136.575220388
136.752831057
136.92936982
137.104653203
137.278689249
137.451485728
137.622088412
137.792047543
137.96053681
138.127565133
138.292951633
138.456707681
138.618073785
138.778418958
138.936989907
139.093809565
139.248715079
139.401741219
139.55209441
139.70137255
139.84867729
139.994086837
140.137696611
140.279431006
140.418653434
140.557008881
140.69391277
140.829393897
140.963702075
141.097118942
141.228992866
141.361212171
141.49336888
141.625657351
141.75847351
141.892151958
142.02631089
142.162681829
142.300840644
142.441102774
142.583554821
142.728430453
142.875082795
143.025203288
143.177932505
143.333337118
143.49145054
143.652087543
143.814458517
143.980007619
144.147913179
144.317924908
144.489976921
144.663999187
144.838958819
145.016327825
145.195202543
145.375517395
145.55701889
145.739649198
145.922584088
146.107124958
146.292456878
146.478539698
146.665147118
146.852248046
147.038981555
147.226864826
147.414916822
147.603121251
147.791464907
147.979746378
148.167187218
148.355258989
148.543188103
148.730782122
148.918040959
149.104966586
149.290600491
149.476487677
149.661799419
149.846541306
150.030529022
150.212999057
150.395500191
150.577078741
150.757742306
150.937435455
151.11616623
151.29298075
151.469428711
151.644747085
151.818752742
151.991453408
152.162793429
152.332008643
152.500460076
152.667385054
152.832793374
152.996505758
153.158534825
153.318060383
153.476645654
153.633351019
153.788204264
153.941240321
154.092311747
154.240698453
154.387947811
154.533365624
154.676857688
154.818539263
154.958547797
155.096082377
155.232879386
155.368321946
155.50266085
155.63598869
155.768618382
155.900118337
156.032211975
156.164510548
156.297346832
156.431118687
156.566027212
156.701673127
156.839951567
156.980213242
157.1227336
157.267998623
157.415118135
157.564732281
157.717157037
157.872890756
158.031267989
158.191594719
158.355059172
158.520154101
158.687674733
158.857996415
159.029718542
159.203978837
159.380007307
159.556262413
159.73542692
159.915964293
160.097112099
160.280021821
160.463303459
160.647346785
160.832949442
161.018599955
161.205473192
161.392837743
161.579966218
161.767274675
161.955584433
162.14340786
162.331942154
162.519839389
162.707531236
162.895852874
163.083329674
163.271170599
163.458675366
163.645144707
163.831021404
164.016513468
164.20206564
164.386982868
164.570571541
164.754048516
164.93594984
165.117125216
165.298020605
165.477307661
165.656203434
165.834015827
166.009281803
166.184760041
166.35898733
166.531272002
166.702829897
166.872333625
167.040227193
167.207364144
167.372283728
167.536204162
167.698439297
167.85830655
168.016258345
168.172529747
168.327582558
168.480753252
168.631387558
168.780743741
168.927416385
169.072333474
169.21602307
169.357903718
169.497416634
169.635929286
169.771528107
169.907184605
170.041680239
170.174601725
170.307466986
170.439921546
170.570862209
170.703424925
170.835902027
170.96989538
171.10509838
171.241187539
171.378940652
171.519521043
171.661731537
171.807007655
171.954204412
172.103896771
172.257034852
172.412211619
172.570664436
172.731699086
172.894598058
173.059758907
173.22734156
173.397720887
173.570131939
173.743805968
173.919879309
174.096811103
174.275376524
174.455946714
174.637124367
174.820060072
175.004001075
175.187427565
175.373046902
175.559348617
175.74559702
175.932970903
176.120743267
176.307420046
176.495732876
176.683557825
176.872091565
177.060623421
177.248445447
177.43599083
177.62409774
177.811293556
177.998788303
178.185246891
178.371881634
178.557225559
178.742125512
178.92702606
179.111233126
179.294053938
179.476705028
179.657086535
179.837957847
180.017855367
180.196087612
180.37387088
180.550513294
180.724551745
180.898744687
181.070993396
181.242513074
181.412612389
181.579828895
181.746922144
181.912431272
182.075669049
182.237855072
182.397671391
182.555570364
182.712422077
182.866784677
183.019898876
183.171109878
183.319773956
183.466388333
183.611247925
183.754881208
183.896707086
184.036167774
184.174631325
184.310819215
184.445802878
184.58026545
184.713794555
184.846008675
184.978454911
185.109396767
185.241970814
185.375103026
185.508494546
185.643739276
185.780512637
185.917690594
186.058336087
186.200617361
186.345968428
186.493876792
186.6437865
186.796230252
186.95211956
187.110013678
187.271121483
187.434090499
187.600089554
187.767597693
187.937400014
188.10986497
188.284224145
188.45970751
188.636680759
188.815283875
188.995887783
189.177731534
189.360058179
189.544022645
189.728105747
189.913106446
190.099422784
190.28568389
190.47306763
190.660847582
190.847529661
191.035845905
191.224309259
191.412206188
191.60073594
191.788554247
191.976093989
192.16419409
192.351381628
192.538866326
192.725949832
192.911935376
193.097264626
193.282148904
193.467031867
193.651220065
193.834020945
194.016650158
194.19764428
194.377854427
194.557725368
194.736565572
194.913683185
195.090294011
195.264298976
195.438456818
195.611304327
195.782149921
195.952208642
196.120789804
196.286431639
196.451894589
196.615084488
196.777220534
196.937620023
197.094831473
197.251628652
197.406569781
197.558992691
197.710146098
197.858752439
198.005308807
198.150744817
198.293687812
198.435459384
198.575501752
198.713283217
198.849426733
198.98437157
199.118801805
199.252305687
199.384502827
199.516940924
199.648517903
199.780470606
199.913624922
200.047048674
200.182335089
200.319159235
200.456396081
200.597106972
200.740092937
200.884884681
201.032870559
201.182858923
201.335381256
201.491348006
201.649317946
201.810499032
201.974172823
202.139603354
202.307173526
202.477034211
202.649553401
202.82396243
202.999491675
203.176506276
203.35578294
203.535785455
203.717659638
203.90001331
204.084001566
204.268105418
204.453124164
204.639455616
204.826365392
205.013123142
205.200911101
205.388235061
205.575918683
205.764383459
205.952280355
206.14080824
206.329259237
206.51615709
206.704249925
206.892065249
207.078903724
207.265975507
207.451947852
207.637262199
207.822766728
208.006995925
208.191164916
208.374580998
208.556552045
208.737522395
208.917707356
209.097551315
209.276362712
209.453450223
209.629257357
209.804635922
209.978122949
210.150933032
210.321739734
210.491757788
210.659523931
210.82589342
210.991310053
211.155086806
211.316538386
211.47688641
211.634044678
211.790787455
211.945673159
212.098039535
212.249135637
212.398318096
212.544182925
212.68956211
212.832449269
212.974166586
213.114157456
213.251890845
213.387990744
213.523530483
213.65729483
213.790773648
213.922953863
214.055384147
214.186962684
214.318926758
214.452102766
214.586191893
214.720886099
214.857760347
214.995054971
215.135830507
215.278886679
215.423752487
215.571814835
215.721742398
215.874481664
216.030525819
216.188571252
216.349825024
216.513568574
216.678292969
216.846698067
217.017252199
217.189190416
217.363649503
217.539225028
217.716281433
217.895596111
218.075632848
218.257537678
218.440554575
218.623931107
218.808055451
218.993728095
219.179438821
219.366361257
219.553129175
219.740924559
219.928253732
220.115940792
220.304406972
220.492939385
220.680828445
220.869275065
221.05616704
221.244252096
221.43205801
221.618885485
221.805944699
221.991767759
222.17720186
222.362689037
222.546899738
222.731048529
222.914443076
223.095619319
223.277336224
223.458130522
223.637310916
223.816092886
223.99314928
224.168923154
224.344267072
224.517717859
224.690490001
224.861891902
225.031233085
225.198955646
225.365280159
225.530649738
225.694377503
225.855778684
226.0160746
226.173813743
226.32986724
226.484696565
226.637005843
226.788044099
226.937168562
227.082975282
227.228296725
227.371761157
227.51279022
227.652729238
227.789640479
227.926469359
228.061970041
228.195701612
228.329155091
228.46195132
228.592966101
228.725319591
228.857295297
228.990493014
229.124613812
229.259349621
229.395501014
229.534261546
229.674468903
229.817595871
229.962536845
230.110677073
230.260684094
230.413502944
230.569625585
230.728382383
230.889076156
231.052891169
231.217683298
231.386152051
231.556765956
231.728760073
231.903270559
232.079528399
232.255992693
232.435346539
232.615418942
232.797355434
232.98040029
233.163029967
233.347947625
233.533639074
233.719365724
233.906301029
234.093079611
234.280111452
234.468218042
234.655908832
234.844376284
235.032908153
235.22079492
235.408465855
235.596758985
235.784200323
235.971996699
236.158813347
236.345859746
236.531668061
236.717086331
236.902555935
237.087383519
237.270875925
237.454247989
237.635400382
237.817091809
237.997859203
238.177011002
238.35576238
238.532649978
238.708526788
238.883835367
239.057248982
239.22998186
239.401342895
239.569869069
239.7383197
239.90523247
240.069919353
240.233597314
240.394947278
240.554417255
240.712874409
240.868872039
241.023644272
241.176529758
241.326875384
241.475167492
241.621688676
241.766951993
241.910359733
242.051333854
242.191220395
242.32871635
242.46486746
242.600329454
242.734028577
242.867456811
243.000236316
243.131243515
243.263599396
243.396220697
243.528807786
243.662961537
243.79696674
243.933943336
244.072763382
244.213037271
244.356236217
244.501887322
244.648699293
244.79955934
244.952458506
245.108660504
245.267495032
245.42826386
245.59137785
245.757645545
245.925544065
246.096218451
246.268268585
246.44283097
246.618364288
246.795644473
246.975038152
247.155781545
247.337114892
247.520188328
247.702843247
247.887783111
248.073493349
248.259236237
248.446184904
248.632838469
248.820014605
249.008126954
249.195821609
249.384290636
249.572822224
249.759935024
249.948372989
250.13665995
250.324093495
250.511880383
250.698685614
250.884947237
251.071512486
251.2569146
251.442366481
251.627174353
251.810645773
251.993223196
252.175123165
252.3567888
252.537528372
252.716651003
252.8953714
253.072226406
253.248068915
253.423341132
253.59671691
253.76941005
253.93995728
254.109212569
254.277617835
254.44448363
254.609121834
254.772749485
254.933274307
255.093463276
255.251865161
255.407806241
255.562520914
255.715347548
255.864860739
256.013866503
256.160328383
256.305533244
256.448883433
256.589802188
256.728862573
256.867082981
257.003189781
257.138612573
257.272279205
257.405682433
257.537671905
257.669445388
257.801803582
257.934437653
258.067047924
258.201235277
258.33528347
258.472312246
258.611192457
258.751533305
258.894804808
259.039758874
259.187423126
259.338363523
259.491343196
259.647624898
259.806536902
259.96660806
260.130566719
260.296902729
260.464865934
260.635600462
260.807706827
260.981548758
261.157902333
261.335226282
261.514659458
261.695438694
261.876804308
262.0591345
262.243222078
262.4275485
262.613277757
262.799036905
262.985999154
263.172663206
263.359847785
263.547966088
263.736300148
263.924135358
264.111894457
264.299776594
264.488210166
264.676490889
264.863916731
265.05169365
265.238351245
265.424735882
265.611286318
265.79667231
265.982105933
266.166894125
266.349572406
266.532898988
266.715409833
266.896413841
267.077125613
267.256218897
267.434136136
267.611730241
267.787538304
267.962774235
268.136746897
268.308765597
268.479270981
268.648482992
268.816843118
268.983662011
269.148251843
269.311056152
269.472936111
269.632437333
269.790784312
269.946669465
270.101326704
270.253322093
270.403549878
270.552496885
270.69953419
270.844047445
270.987341281
271.12743226
271.267214797
271.405387339
271.541450643
271.676835624
271.81110428
271.94307681
272.075824149
272.207591154
272.339952555
272.472599897
272.605233811
272.738680839
272.874179012
273.010625998
273.149565628
273.289972652
273.432541833
273.578344268
273.72608613
273.877105342
274.030798172
274.186523579
274.344738767
274.505656439
274.669685588
274.836088773
275.004115051
275.174908796
275.346932576
275.520963493
275.697363867
275.874730913
276.05420322
276.235017843
276.415643344
276.598773795
276.782886422
276.967234869
277.152983058
277.337986597
277.52496208
277.712408849
277.899601933
278.087726289
278.276064366
278.463129297
278.651659841
278.839539773
279.027969113
279.216243952
279.403661857
279.590657245
279.778075328
279.964447078
280.150983042
280.336352658
280.521768352
280.705764963
280.889194136
281.072497938
281.25498438
281.435962457
281.616646547
281.794938532
281.973596726
282.151158118
282.326931847
282.50213162
282.675294087
282.847272956
283.018509374
283.18767825
283.355993395
283.522765745
283.686534171
283.850061092
284.011889281
284.17133725
284.329629693
284.485458701
284.639285707
284.791996302
284.942165658
285.0910542
285.23803289
285.382488483
285.524952498
285.665762564
285.805493484
285.943618001
286.079637791
286.214984705
286.348448103
286.481170046
286.61390147
286.745661658
286.878025941
287.009912831
287.142569784
287.276823666
287.412364681
287.548863353
287.687862681
287.827562277
287.970976317
288.116854176
288.264674086
288.415772811
288.569544896
288.724575843
288.883640758
289.04463269
289.208733151
289.375203751
289.543293878
289.713374764
289.886226787
290.060309297
290.236757078
290.414167574
290.593679317
290.773757258
290.955187055
291.138345966
291.322483702
291.506854162
291.691849295
291.877640765
292.064629479
292.252086861
292.439288173
292.627418465
292.814987825
293.002826079
293.191355842
293.3792331
293.567657915
293.755925976
293.942563594
294.130320719
294.317726906
294.504085369
294.690605886
294.875958708
295.060583777
295.245332247
295.42873995
295.612020181
295.794481627
295.974660935
296.155316733
296.334351113
296.512977743
296.524918792
