metodo_1_dt_1:4
3.96786040843e-05
0.00232192307181
0.00235933191908
0.0023126681666
0.00234964001074
0.00238639779774
0.00233867841082
0.00237579439434
0.00232903341275
0.00236648564607
0.00231933779809
0.00235592988587
0.00239281988422
0.00234550980323
0.0023832411486
0.00233626205202
0.00237347681543
0.00232564902092
0.00236263204525
0.00231541787754
0.00235323274985
0.00230620034966
0.00239737833876
0.00235040495371
0.00238649114539
0.00242349280632
0.00237709512855
0.00241424661601
0.00236708774188
0.00240360354083
0.00235629208727
0.00239367030725
0.00234704143844
0.00238451660083
0.00233704419253
0.00237401675428
0.00232652546293
0.00241790435589
0.00237168285747
0.00240851409986
0.00236136740691
0.0023977436209
0.00235064357122
0.00238813998907
0.00234147702907
0.00237901857086
0.00233143337737
0.00242208288572
0.0023752003814
0.00241235690234
0.00236588095628
0.00240305077771
0.00235554776017
0.00239263620056
0.00234542636892
0.00243680258278
0.00239036348329
0.00234354049369
0.00237985064331
0.00233251880584
0.00236982005305
0.0023231496097
0.00241473270462
0.00236784351739
0.00240420868705
0.00235688704023
0.00239438737472
0.00234775575371
0.00243908184
0.00239204646461
0.00234471894617
0.00238132825639
0.00233451250691
0.00242633312544
0.00237979600043
0.0024163770253
0.0023688958299
0.00240619794021
0.00241346027544
0.00236713182527
0.00240394636719
0.0023567523903
0.00239367082951
0.00240068887624
0.00243760674531
0.00239114289058
0.00234438432173
0.00238156014518
0.00238819456241
0.0024247206321
0.00237810545197
0.00233162805259
0.00242307444998
0.00237580059227
0.0024123229469
0.00236529119578
0.00237355039349
0.00241021563412
0.00236332716573
0.00240039115417
0.0024070006424
0.00236002095399
0.00239727225591
0.00235076001399
0.00244184211062
0.00239445764545
0.00234706006202
0.00243844531148
0.00239190432843
0.00242937487696
0.00238240171497
0.00238930142452
0.00242557302379
0.00237875920678
0.00238708095745
0.00242369227323
0.00237660399495
0.00232919502777
0.00242002369152
0.00237316172226
0.00241130974776
0.00241820041557
0.00237098817021
0.0024079837791
0.00241450862993
0.00236768504913
0.00240556030083
0.00241268335869
0.00236536566123
0.00240222884817
0.00240890039639
0.00236210011631
0.00239999616883
0.00240697308376
0.00235959617823
0.00245038814077
0.00240311848605
0.00235639603818
0.00244806855263
0.00240111693761
0.00235375973972
0.00244441555752
0.00239729906146
0.00235074063086
0.00244221346607
0.00239533864127
0.00240252046191
0.0024385968511
0.00239175534178
0.00239918351297
0.00235244155807
0.00244361449979
0.00239604109673
0.00234861357595
0.00243968783358
0.00239315848816
0.00240107284919
0.0024375732036
0.00244440619135
0.00239675286738
0.00234973024727
0.00244124519969
0.00239461442562
0.00240206017186
0.00243809501837
0.0024449766598
0.00239784458012
0.00235123957048
0.00244254059327
0.0023954113652
0.00240212784346
0.00243883114655
0.0024457848354
0.00239914153002
0.00240698588953
0.00244324246347
0.00244984143581
0.00240233245556
0.00241043999649
0.00244702530459
0.00245449365024
0.00240680526791
0.0024142909877
0.00245001457507
0.00245771586537
0.00241074678994
0.00241883648853
0.0024543538811
0.00246117539833
0.00241362569915
0.00242180173828
0.00245829511993
0.00246553135873
0.00241777363675
0.00242490992054
0.00237720618113
0.00246848665285
0.00242169974604
0.00242894804978
0.00238109627271
0.00247155563686
0.00242460230801
0.0024318340825
0.0023850265192
0.00239213284707
0.00248246697778
0.00243473494053
0.00244206187192
0.00239497623269
0.00240280599523
0.00243917649776
0.00244532029288
0.00239791596824
0.00240483591618
0.0024129586346
0.00244935280331
0.0024559291511
0.0024082466184
0.0024148147385
0.00242272741314
0.00245913990775
0.00246613245553
0.00241869675393
0.00242499008798
0.00243232864251
0.00238462050397
0.00247578492997
0.0024289333882
0.00243525931291
0.00244203101478
0.00239408976762
0.00240159197293
0.00249261166445
0.00244528526327
0.00245181589073
0.00240395694963
0.00241065549384
0.00241837280967
0.00245509878087
0.00246161178862
0.00246818694752
0.00242019351046
0.00242693088886
0.00243470915514
0.00238707919471
0.0024777145204
0.00248420923376
0.0024363151813
0.0024429705504
0.00245052232288
0.00240308885762
0.00240993830864
0.00241684613498
0.00245240857629
0.00245883683689
0.00246606918482
0.00241903514412
0.00242543553158
0.00243188683147
0.00243890175612
0.00239064303089
0.00248160742279
0.00248867048714
0.00244111097502
0.00244701869911
0.00245351266087
0.00246076623536
0.00241310594248
0.00242016281236
0.00242698749001
0.00237836474104
0.00246872637302
0.00247536897341
0.00248257918377
0.00243528672284
0.00244132785257
0.00244749406801
0.0024541478021
0.00240654553065
0.00241349327762
0.00242036178415
0.00242703651571
0.00243371818477
0.00246873387361
0.0024753461182
0.00248227045521
0.00248908228611
0.00244093378459
0.00244683300929
0.00245324054981
0.00246027052004
0.0024675724842
0.00241923109672
0.00242530790124
0.00243146025196
0.00243823697343
0.0024455123618
0.00239713677636
0.00240363945635
0.00249331722532
0.00249931168491
0.0025058121499
0.00245881472421
0.00246525500168
0.00247140072976
0.00247722449948
0.00248331538049
0.00248990441334
0.00249697791871
0.00244898461363
0.00245508565663
0.00246088339461
0.00246698592528
0.0024735757867
0.00248051910697
0.00243251656562
0.00243843679287
0.0024442099402
0.00245026586932
0.00245679439531
0.00246366594296
0.00247025034827
0.0024764342703
0.0024272914241
0.00243326903366
0.00243969976719
0.00244640044032
0.00245274621616
0.00245869004157
0.00246443105582
0.00247058281414
0.00247715773419
0.00248392606393
0.0024352341129
0.00244095178483
0.00244659252663
0.00245255734097
0.00245904545516
0.00246552621469
0.00247166838651
0.00247729953815
0.00248296458186
0.00248904251702
0.00249547797917
0.00250196213318
0.00250793544955
0.00251354642492
0.00251911727536
0.00247087698876
0.00247727793783
0.00248353057988
0.00248938052406
0.00249479334343
0.00241645918916
0.0024225017216
0.00242881621163
0.00243505023238
0.00244079029594
0.00244612275599
0.00245167709427
0.00245764168777
0.00246396553648
0.00247008276525
0.00247563298062
0.00248096790261
0.00248652496473
0.00249250481795
0.0024987943667
0.00250482516094
0.0024266988002
0.00243190414488
0.00243738827789
0.0024432967829
0.00244946806783
0.00245533570098
0.00246065506825
0.00246589480761
0.00247148255899
0.00247749680525
0.00248372169482
0.00248960834747
0.00246643287941
0.00247128539107
0.00247652929417
0.00248219122894
0.00248801677383
0.00249347151968
0.00249850530083
0.00250347036095
0.00250896140563
0.0025149297385
0.00243726196111
0.00244262395062
0.0024476186707
0.00245270293474
0.00245822850467
0.00251877784427
0.00252437057616
0.00252956688413
0.00253438403466
0.00245612927858
0.00246139860017
0.00246711418216
0.00247272102931
0.00247801261651
0.00253752874555
0.00254227967308
0.00246473287034
0.00247010233137
0.00247539918413
0.00248032119308
0.00248508448957
0.00249013139633
0.00255004217887
0.00247286435916
0.00247781294546
0.00248241037363
0.00248685840355
0.00249181864031
0.00249744378367
0.00255735829457
0.00247963247406
0.00248390731722
0.00248826981709
0.00249315772036
0.00249873532071
0.00255859928161
0.00248069850448
0.00248482768012
0.0024891459994
0.00249407480393
0.00249971300167
0.00247662914021
0.00248102137934
0.00248513887552
0.00248955489847
0.00249466453159
0.00255421633178
0.00247631413235
0.00248078074672
0.00248512455745
0.00254438386217
0.00254879018361
0.00247076885919
0.00247560629782
0.00248032588646
0.00253926134739
0.00254337301413
0.00246480487374
0.00246980571318
0.00252976610298
0.00253380919226
0.00253797306707
0.00245872332425
0.00251860508985
0.00252315264873
0.00252794518755
0.00244881808553
0.00250806713378
0.00251173507256
0.0025163680193
0.00252174099598
0.00249772375999
0.0025013777754
0.00250529477758
0.0025641758821
0.00248559469283
0.0024900164867
0.00249468578942
0.00255323051755
0.00247381970332
0.00247771763326
0.00253723900874
0.00254165458974
0.00246267067336
0.00252182833487
0.00252493219289
0.00252903534897
0.0025058634913
0.00250956044251
0.00251352793794
0.00257213170706
0.00249261258816
0.00249620494591
0.00255571719075
0.00255978565051
0.00248047443764
0.0025392399098
0.00254226828104
0.00246295613972
0.00252259000165
0.00252628748254
0.00253031793338
0.00250558728136
0.00250840729222
0.00251253774311
0.00248870714888
0.00249222303456
0.00255100646529
0.00255387282558
0.00247397636766
0.0025328833487
0.00253676317534
0.0024574356334
0.00251584389073
0.0025188787759
0.00257694004054
0.0024974841465
0.00255675110878
0.00256005062436
0.00248007292256
0.0025382006784
0.00254127591894
0.00251740967225
0.00252045714112
0.00252430237678
0.0024991587108
0.00250160616909
0.00255970601997
0.00248012877923
0.00253924784512
0.00254214557879
0.00246185963003
0.0025195906219
0.00252279003227
0.00249828609651
0.00250143358399
0.00255967801727
0.00247922275071
0.00253705812429
0.00253978175818
0.00251572313484
0.00251837637898
0.00257647828652
0.00249592533049
0.00255372683222
0.00255623025744
0.00253221280473
0.0025346267312
0.00259254071214
0.00251182275552
0.00256948532467
0.00248912948485
0.00254769794122
0.00255014989776
0.00252570013167
0.00252694006415
0.00258438673047
0.00250399563939
0.00256228567407
0.00256515904746
0.00253975049073
0.00254146668005
0.00251613176405
0.00251837878749
0.00257632641107
0.00249597753694
0.00255320879468
0.00247214199968
0.00252934191409
0.00258711376743
0.00250676552834
0.00256454277451
0.00248338036613
0.00254033315369
0.00254249538225
0.00251699553618
0.00257489931889
0.00249398216305
0.00255101574408
0.00255261137712
0.00252669766527
0.00252911978963
0.0025036944621
0.00256102762213
0.00256249626017
0.00253612974691
0.00253818618907
0.00251239670502
0.00256992340568
0.00248873290486
0.00254532244939
0.00260190808837
0.00252063652925
0.00257798191232
0.00249708186105
0.0025539633274
0.0025282434483
0.00252865407594
0.00258555906304
0.00256039467011
0.00256182983565
0.00253575515742
0.00253685170888
0.00250995966526
0.00256683293672
0.00248572262547
0.00254261930704
0.00259911064371
0.00251715420919
0.00257343877608
0.00254740528334
0.00254927013573
0.0025228143032
0.0025790171394
0.00255302913739
0.00255304206694
0.00252704200663
0.00258392766258
0.00250205513207
0.00255813777524
0.00253184899701
0.00253189741186
0.00258850826452
0.00256238057913
0.0026187589136
0.00253630571453
0.00259203780426
0.00256552557502
0.00256662712495
0.00254003003922
0.0025961258441
0.00256957181948
0.00256944828893
0.00254239355732
0.00259866183275
0.0025728944016
0.00257303088487
0.00254559860822
0.00260094127158
0.00257451881198
0.00257509157668
0.00254822835919
0.00260397169285
0.00257691472876
0.00257679401179
0.00254935042287
0.00260550405668
0.00257895030019
0.00249611093376
0.00255118824213
0.00252385938213
0.00257931984438
0.00255329995359
0.00255305633383
0.0025254871624
0.00258034420551
0.00255305941966
0.00260846067267
0.00252601035527
0.00258175615955
0.0025539213217
0.00260870937448
0.00258117900904
0.00255483748613
0.00255397890302
0.00252665317743
0.00258148819098
0.00255365006641
0.00260835043296
0.00258152647862
0.00258128483632
0.00255336291797
0.00252558000443
0.00257989587483
0.0025523800231
0.00260732470183
0.00252434955829
0.00257952381734
0.0025510634677
0.00260542037017
0.00257737785794
0.00255012722454
0.00260500434208
0.00257761308138
0.0025761543633
0.00254730479681
0.00251915984665
0.00257411801784
0.00254655024144
0.00260084780372
0.00257246723482
0.0026263596959
0.00259836656573
0.00257120008648
0.00256996871112
0.00254120691253
0.00259533910537
0.00256638720921
0.00253809711503
0.00259276136228
0.00256474444459
0.00261864434141
0.00258975639037
0.00256128587722
0.00261512401024
0.00258734970988
0.002559636987
0.0026127359341
0.0025841264708
0.00263725748452
0.00255326972404
0.00252481694701
0.00257914463171
0.0025499310504
0.00260349601424
0.00257420619712
0.00254557768899
0.00259996927054
0.00257098474012
0.00254177995943
0.00259499959232
0.00256578967526
0.00253709959287
0.00259108915407
0.0025621075829
0.00261542944668
0.00258559909732
0.00255635455286
0.00261030660474
0.00258140445331
0.0025521169298
0.00260522127928
0.00257535515485
0.00254598750518
0.00259988320401
0.0025706548206
0.00254118124096
0.00259425246701
0.00262011574246
0.00259103643642
0.00264365749491
0.0026147027675
0.00258535005238
0.00263726639239
0.00260738888452
0.00257791628702
0.00263091906091
0.00260157366916
0.00257178920897
0.00262406452862
0.00259388582352
0.00256421245639
0.00253476995716
0.0025878840369
0.00261382067368
0.00258365905951
0.00263509337342
0.00260541474104
0.00257600557051
0.00262827477221
0.0025979348491
0.00256736204726
0.00261975879466
0.00258977027657
0.00261609592477
0.0025862271197
0.00263737175639
0.00260664688009
0.00257611959477
0.00262853922323
0.00259858567373
0.00256827422342
0.00259409028067
0.00264467260643
0.00261410507215
0.00258397939183
0.00255391450716
0.00260574169571
0.00257471633486
0.00259998190985
0.00265092320961
0.00262051611254
0.0025902031901
0.00255944156101
0.00261093655528
0.0026353156397
0.00260447398381
0.00257401122773
0.00262564287556
0.00259462839845
0.00261954030992
0.00258810762503
0.00263884021934
0.00260821360286
0.00257745203299
0.00260298730907
0.00265265540277
0.00262109239589
0.00258998816421
0.00255918493873
0.0026663759544
0.00263480718724
0.00260292009449
0.00257121649197
0.00267821681923
0.00264716581025
0.00261586911316
0.00258406701629
0.00255201268826
0.0026583364757
0.00262692250141
0.00259582689091
0.00256433809158
0.0026704130524
0.00263814397636
0.002606193704
0.00263125870217
0.00259964764456
0.00264963218914
0.00261743514229
0.00264115262903
0.00260886548556
0.00257706710595
0.00262798867566
0.00265164533881
0.00261904030851
0.00258640863434
0.00261088469333
0.0026604225825
0.00262863400005
0.00265265053998
0.00261965417547
0.00258670702698
0.00255436450441
0.00266047712152
0.00262835428454
0.00259585357883
0.00261915129874
0.00258593839032
0.00263576102585
0.00265932243495
0.00262691067097
0.00259412218289
0.00261723898289
0.0025838329551
0.00263355841058
0.0026567439739
0.00262422324162
0.00264770912117
0.00261389206083
0.00258039189179
0.00268568536456
0.00265311978336
0.00262037116121
0.00264312891342
0.00260924460872
0.00257577784634
0.00259933898159
0.00264833156191
0.00267118827217
0.00263738923928
0.0026035915933
0.00262627204297
0.00259288449505
0.00261672558829
0.00266456130171
0.00263102675039
0.00265270367776
0.00261891731691
0.00264193974847
0.00260848041295
0.00263173893985
0.00259696776328
0.00264473246184
0.00266663785063
0.00263316828132
0.00265585891184
0.00262179292269
0.00264402529916
0.00260906900174
0.00263205413136
0.00259773986383
0.00264590788305
0.00266741948582
0.00263292651679
0.00265437366363
0.00261999889514
0.00264263343559
0.00260827317469
0.00263046059186
0.00259499255632
0.00269827710347
0.00266388271213
0.00268595017608
0.00265161645135
0.00267318605826
0.0026378278622
0.00265936484295
0.00262435456755
0.00264685725661
0.00261172723723
0.00263347301378
0.00259751024145
0.00270028064164
0.00266558691434
0.002687235255
0.00265236288975
0.00267324659724
0.00263755646332
0.00265837788457
0.0026234893596
0.00264491048947
0.00260978956782
0.00263033788394
0.00265132582843
0.00261517068952
0.00263685481699
0.00260125261756
0.00262256022822
0.00266813043057
0.00268803459819
0.00265270572349
0.00267328345107
0.00269429482256
0.00265854070654
0.00267852313031
0.00264238501063
0.00266256610833
0.00268361857261
0.00264774744326
0.00266812033384
0.00263152406615
0.0026512920259
0.00267202851067
0.00263570903843
0.00265649106139
0.00261981393042
0.00263948826212
0.00265951327161
0.00262274769712
0.00264328983235
0.00266415129564
0.00262660666548
0.00264634589131
0.00260895168606
0.00262901734687
0.00264956196313
0.00261258413813
0.00263209710894
0.00265173562997
0.00261398208524
0.00263386140365
0.00265436137932
0.00261678883488
0.00263617468253
0.00265545589696
0.00261745295793
0.00263712689753
0.00265732383322
0.00261962947521
0.00263852586421
0.00265758256509
0.0026194646631
0.00263893977192
0.00265859906562
0.00262092017219
0.00263947810229
0.00265798591205
0.0026771417124
0.00263921937361
0.00265849395681
0.0026775116406
0.00263903035206
0.00265717417549
0.00267585852864
0.00269496630942
0.00265723065458
0.00267549813784
0.00269358351658
0.00271179902509
0.00267350274692
0.00269216304199
0.00271084091916
0.00272901962639
0.0026903718833
0.00262660736864
0.00264500966097
0.0026639471291
0.00262490422304
0.00264271448943
0.00266036891578
0.00267822316051
0.00263920437415
0.00265746889376
0.00267557981104
0.00269311219332
0.00271051238687
0.00267124540282
0.00268899896115
0.00270690114673
0.00272469251405
0.00266151397594
0.00262069445489
0.00263795862124
0.00265571443101
0.00267366460911
0.00269118446936
0.00265117421855
0.00266784352675
0.00268483555749
0.00270217248961
0.00271975184524
0.0027369629774
0.00261542327693
0.00263181101321
0.00264867573068
0.00266597624173
0.00268332089875
0.00270024238517
0.00271655570389
0.00267595511289
0.00269252827225
0.00270950360578
0.00264528459166
0.0026617385157
0.00267785527656
0.00269394961161
0.00265330243091
0.00267005497089
0.0026865831654
0.0027027427951
0.00271848571602
0.00265320417814
0.00266944638555
0.00268600413274
0.00270226913115
0.00271813318625
0.00267668726135
0.00269227010621
0.00270829717735
0.00264306069937
0.0026591074007
0.00267449106576
0.00268966935632
0.00270501609452
0.00272081206092
0.00273682515957
0.00267193669574
0.0026870538822
0.00270188632594
0.00271694087867
0.00267538086792
0.0026911855452
0.00270665817297
0.0026398546931
0.00265449192195
0.00266941931794
0.00268479925716
0.00270029133686
0.00271540953379
0.00264866702368
0.00266299005626
0.00267765730561
0.00269276967381
0.00270794188187
0.00272270737195
0.00265579136788
0.0026696939553
0.00268412457361
0.00269898798496
0.00271385974649
0.0027283018172
0.00266100092585
0.00267479476228
0.00268903536357
0.00270369133153
0.00271830628557
0.00265109137018
0.00266461851838
0.00267824778537
0.00269236925661
0.00270688354071
0.00263967705611
0.00265335533278
0.00272418660336
0.00273727757901
0.00275089538106
0.00268467420776
0.00269817746425
0.00271124078056
0.00272406165239
0.00273715025631
0.00266987964216
0.00268347913611
0.00269692026163
0.00270994580804
0.00272281825703
0.00265437942129
0.00266777905543
0.00273856943694
0.00275149393971
0.0026836017258
0.00269573888642
0.00270817507264
0.00272122281812
0.00273454902053
0.0026661699827
0.00267847545323
0.00274794844194
0.0027600979056
0.00269234403297
0.0027049836458
0.00271727065108
0.00272926861914
0.00266004508979
0.00267221771951
0.00274219175136
0.00275445614292
0.00268604585644
0.00269728958717
0.00270875530431
0.00272088420498
0.00265200575474
0.00272180339448
0.00273326337454
0.00274443664016
0.00267484159853
0.00268644431821
0.00269869421718
0.00276750451958
0.00269831180142
0.00270893082394
0.00271998416449
0.00273182818436
0.0027200488604
0.00273107075236
0.00274192298383
0.00267167242672
0.0026823960504
0.00275107710782
0.00276229038199
0.00269262548025
0.00270312626918
0.00277099873789
0.0027010036072
0.00271138421726
0.00272239691266
0.00273367185879
0.00272044020056
0.00272990351252
0.00274011620489
0.00267000795715
0.00273843002602
0.0027484257928
0.00267772336779
0.00268723993101
0.00275466509582
0.0027648575718
0.00269461617349
0.00270471754581
0.00277140594406
0.00270024165817
0.00270977301908
0.00277734658838
0.00270700591686
0.00271620301605
0.00272555053105
0.0027117535027
0.00272056728385
0.00273042508259
0.0027176737125
0.00272610339665
0.00273477451894
0.00272137373298
0.00272962236462
0.00273907521913
0.00266767501503
0.00273411893316
0.00274242408276
0.0026701820274
0.00273671558568
0.00274579640591
0.00267405030837
0.00274024222648
0.00274810338779
0.00267558415625
0.00274191431978
0.00275067784224
0.00273700540239
0.00274420281132
0.00275211807582
0.00273733220611
0.00274502170901
0.002753959594
0.00273906661266
0.00274643246334
0.00267318706071
0.00273858597214
0.00274654213995
0.00273240577316
0.00273943890866
0.00274695791667
0.00273109777563
0.00273808711447
0.00272390867067
0.00273075702359
0.00273841235604
0.00272245013878
0.00272886285742
0.00279351586459
0.00272053455724
0.00272812826669
0.00271238859694
0.00271847871265
0.00278258781651
0.00270880451588
0.00277384218611
0.00270036268336
0.00276500788091
0.0027706371872
0.00269620436569
0.00276046131521
0.00268675077614
0.00275134305135
0.00275734426982
0.00274073747792
0.00274598596857
0.0027303157049
0.00273605434016
0.0028000698759
0.0027254137062
0.00278859611677
0.002713663137
0.00277745848743
0.0027832812314
0.00270886271444
0.00277175737653
0.00269645979726
0.00275926170089
0.00268456422047
0.00274816833567
0.00281142099888
0.00273595042028
0.0027985462613
0.00272288389017
0.00278615519089
0.00271104067648
0.00277407611131
0.00277851818171
0.00276031912916
0.00276479774424
0.00274745976707
0.00275227032966
0.00273458150554
0.00273860169104
0.00272006666956
0.00278234946721
0.00278676740539
0.00276910004935
0.00277315236055
0.00275456700564
0.00275817469885
0.00273957280887
0.0028019026274
0.00272577630906
0.00278737159778
0.00271033082225
0.00277154542097
0.00269494614897
0.0027567092629
0.00281852746076
0.00274162103835
0.00280245447099
0.00272511936278
0.00278638730259
0.00276813661752
0.00277135299919
0.00275188394715
0.00281238546903
0.00273465429989
0.00279566459889
0.00271860296407
0.00277958345615
0.00276041368577
0.00276210718783
0.00274231628193
0.00280287173263
0.00272546148789
0.00278603585698
0.00276673988453
0.00276770512955
0.00274768063421
0.00280804987272
0.00273021584819
0.00279036459299
0.00277068933435
0.00277112481214
0.00275091708479
0.00281095437447
0.00273278688565
0.0027925173871
0.00277223652387
0.00277280588955
0.00275190046671
0.0028116298518
0.0027332451483
0.0027925885692
0.00277150235754
0.00283014232953
0.00275095024751
0.00281041179747
0.00278985974428
0.00279081923135
0.00276875471201
0.00274755708032
0.00280615749283
0.00272687424182
0.00278583274533
0.00276466312241
0.00282252236692
0.00274223327935
0.00280070367945
0.00277968292762
0.00283812715666
0.002757781022
0.00273565906603
0.00279322817366
0.0027721394395
0.00277168333975
0.00274979588443
0.00280732897812
0.00278502479235
0.00278427011842
0.0027617336649
0.00274007497251
0.00279761106888
0.00277550292012
0.00277363344338
0.00275060204476
0.0028081080824
0.00278599636983
0.00284314283764
0.00276183530436
0.00273834603447
0.00279506299178
0.00277254266277
0.00282963105965
0.00280704972948
0.00272477230083
0.00278087830186
0.00275756809901
0.00281442019969
0.00279173836012
0.0028478861256
0.0027656456208
0.00274152007412
0.00279760097682
0.00277435547348
0.00283067225977
0.0028070348148
0.0027833599499
0.00277973000768
0.00275550901306
0.00281173971913
0.00278799808092
0.00276400129834
0.0028187601046
0.00279439487272
0.00284953061823
0.0027672358216
0.00274290138398
0.00279802484804
0.00277294479039
0.00282773141418
0.00280301826467
0.00277888751163
0.00283378555963
0.00280885732959
0.00278388334306
0.00283783615668
0.00275435245045
0.00280968962631
0.00278431190051
0.00275866263714
0.00281273247612
0.00278693194483
0.00276181331072
0.00281626657509
0.00279086803314
0.00276532056139
0.00281838736714
0.00279259032859
0.00284646380958
0.00282107088881
0.00279564603317
0.00284847904552
0.00282205686046
0.00279612263983
0.00284948827397
0.00282385269997
0.0027979554956
0.00285010225687
0.00282356774305
0.0027973783077
0.00285004934174
0.00282404796578
0.00279787398052
0.0028494771292
0.00282242940034
0.00279588588218
0.00284831662788
0.00282185219285
0.00279500141293
0.00284638924568
0.00281891212117
0.00279194068609
0.00284414422736
0.00281714210143
0.00278970650614
0.00284091874058
0.00281296577763
0.00278551464193
0.00283768110141
0.00281009210984
0.00278203443786
0.00283328945166
0.00280483940268
0.00277688148997
0.0027493601017
0.00280102330857
0.00283142518497
0.002802978514
0.00285299720139
0.00282499180364
0.00279703546768
0.00284772017029
0.00281885888841
0.0027896301164
0.00276068098291
0.0028116853462
0.00278310526562
0.00281387211422
0.00286301047738
0.00283358075803
0.00280430857687
0.00285458512553
0.00282577662541
0.00279639380394
0.00276667201603
0.00287489533787
0.00284541376687
0.00281617278136
0.00278707720115
0.00283621976032
0.00280587807108
0.0027756452515
0.00288381569225
0.0028543083219
0.00282455670814
0.00279446182527
0.0028428855522
0.0028122603988
0.00278187796509
0.00281139427045
0.00285976695233
0.00282915333634
0.00279796520371
0.00276700562261
0.00287448663747
0.0028441767218
0.00281365030669
0.00278241627696
0.00283030930882
0.00285775436591
0.00282680899872
0.00279592668115
0.00284400338503
0.00281231738748
0.00283963765357
0.0028078853872
0.00285532705017
0.0028242364192
0.00285195670286
0.00281986064491
0.00286620029707
0.00283417505001
0.00280259189812
0.00283007559162
0.00279805927242
0.00284437134606
0.00281175423022
0.00283837538877
0.002806110083
0.00285330469999
0.00287986664014
0.00284665483786
0.00281348904163
0.002780516484
0.00288626431541
0.00285378169295
0.00282069931711
0.00278732068257
0.00281341305006
0.00285861488221
0.00282590282496
0.00285227766743
0.0028185699962
0.00278460531376
0.00288885844267
0.00285525671239
0.00282187574124
0.00284835684444
0.00281419888267
0.00285833049136
0.00282421255401
0.00284931004213
0.00281560622423
0.00278160965841
0.00288530629029
0.00285057047879
0.00287521636981
0.00284073591425
0.00280658536025
0.00283239022718
0.0028752949865
0.00284014952742
0.00286447170444
0.00282963894581
0.00279510726286
0.00289822883076
0.00286289223194
0.00282743377643
0.0028510343932
0.00281577067609
0.00284069719425
0.00280504122883
0.00284809129416
0.00287094900345
0.00283493775509
0.0028591733673
0.00282350518917
0.00278759238354
0.00288931263645
0.00285289959578
0.00287585780561
0.00283987757502
0.0028639597651
0.00282722402129
0.00279019562266
0.00289131698161
0.00285480655587
0.00287779170886
0.00284130383798
0.00286435633074
0.00282662713351
0.002789137629
0.00289023929653
0.00285378212369
0.00287613701472
0.00283877128417
0.00286037543525
0.00282237993517
0.00284493448487
0.00280740768747
0.00290810189962
0.00287021454301
0.00289149156426
0.00285311604283
0.00287517106899
0.00283726089367
0.00285952857934
0.00282060606138
0.00291983520224
0.0028812225312
0.0029025998602
0.00286444049903
0.00288567751613
0.00284648295325
0.00286718686848
0.00282778515212
0.00284924004535
0.00281026558906
0.00290940130497
0.00287011608204
0.00288981872288
0.00285049775904
0.00287093273643
0.00283201460525
0.0028521297694
0.00287247178771
0.00283179897421
0.00285211338881
0.0028121072684
0.00291064568799
0.00287095459483
0.00288981639975
0.00284952714433
0.00286859603332
0.0028885383481
0.00284835816124
0.00286766761733
0.00282654582969
0.00284524845858
0.00286479013303
0.00282385180325
0.00284365775228
0.00288095163614
0.00289874562128
0.00291699547764
0.0028759447146
0.0028947396775
0.00285393650347
0.00287183606669
0.00288972720695
0.00284786905181
0.00286608789762
0.00288491090908
0.00284295435684
0.00286077169796
0.00287857380906
0.00283555091927
0.00285388182331
0.00281176072888
0.00282957376205
0.00292485919658
0.00288235165316
0.00289914698385
0.00291648135628
0.00287458256663
0.00289143300013
0.00290800517071
0.00286482695833
0.00288134014961
0.00289834318402
0.00291565721189
0.00287223767304
0.00288849700169
0.00290463078341
0.00286079700524
0.00287734942886
0.00289428962448
0.00285045038427
0.00286595378595
0.00288153844691
0.00289781541246
0.00285370277081
0.00286982689412
0.00288562851863
0.00284082251272
0.00285578660688
0.00287127919565
0.00288725554629
0.00284280516555
0.00285783343446
0.0028725470647
0.0028875761535
0.00284229562369
0.00285754159047
0.00287289819014
0.0028876478346
0.00284152691294
0.00285581864806
0.00287044987456
0.0028854265873
0.00290042201882
0.00285398396249
0.00286758710012
0.00288158626253
0.00289590802047
0.00291049872191
0.00286424290161
0.0028776754603
0.002891042812
0.00290448815441
0.00291841080104
0.00287213982753
0.00288556501806
0.00289866021174
0.00291137813574
0.002924384189
0.00287789408693
0.0028911342673
0.00290417809491
0.00291653799407
0.00292874428713
0.00294144535207
0.00289463929396
0.00290751891568
0.00291979432714
0.0029317461558
0.00286578434485
0.00287815211731
0.00289072498146
0.00284252424522
0.0028543508855
0.00286586906976
0.00287715493197
0.00288881244869
0.00290098930961
0.00291287659764
0.00292441452519
0.00293530797303
0.00288606461183
0.00289721301476
0.00290883494575
0.0029202730356
0.00293098679177
0.0029414553005
0.0028743329861
0.00288531492614
0.00289636307117
0.00290733739026
0.00291755765342
0.00286684191096
0.00287674791634
0.00288724562396
0.00289793406312
0.00290813274095
0.00291793558882
0.00292723739774
0.00293689604098
0.00286917183064
0.00287934379855
0.00288914737958
0.00289819277355
0.00290714126065
0.00291631482159
0.00292571565528
0.00293537148853
0.00294443350939
0.00295311095265
0.00296158272037
0.00289313339999
0.00290216749795
0.00291122204854
0.00291963979227
0.00292769489277
0.00293560762112
0.00294366910528
0.00295228701655
0.00296086639482
0.002968781802
0.00289932030428
0.00290667198209
0.00291421271931
0.00292229124713
0.00293027735716
0.00293757607833
0.00294459917194
0.00295163774434
0.00288178696619
0.00288915764752
0.00289656761283
0.00290345920138
0.00290977055911
0.00291635708638
0.00292339256645
0.00293072814101
0.00285972719616
0.00286608624149
0.00293320327591
0.00293902455999
0.00294531843961
0.0029516997698
0.00295802386337
0.00296384045818
0.00289196616226
0.00289725202556
0.00290321899975
0.00290941777027
0.00291534603193
0.00292079496693
0.00298574090267
0.00291390559595
0.00291916252979
0.00292461393405
0.00292976405623
0.0029344629301
0.00293888619811
0.00286589923801
0.00293218927094
0.00293691727597
0.00294132092321
0.00294531331003
0.00294929714294
0.00287591099894
0.00288042823509
0.00294603997294
0.00294975164777
0.00295310410514
0.00295653960061
0.00288295268649
0.00288694398149
0.00295201331581
0.00295492826365
0.00295773000477
0.00296071133838
0.00288658967904
0.00289014339624
0.00295445663682
0.00295703872296
0.00295940166036
0.00288455654479
0.00288726788604
0.00295134358865
0.00295384955319
0.00295604029252
0.00295809939035
0.00288248218482
0.00294579339741
0.00294802946607
0.00295025838202
0.00295220538037
0.00293724526517
0.00293816694254
0.0029398225436
0.00294195646495
0.00292793733648
0.00292829385143
0.00292869752808
0.00292966971089
0.00299182228728
0.0029163930221
0.00291697639749
0.0029173677374
0.00297847213615
0.00297876722493
0.00290247787321
0.00290327739086
0.00296459160538
0.00296428022767
0.00288683931023
0.00294816248965
0.00294794924446
0.00294834290609
0.00368478818528
