metodo_2_dt_1:1
4.75419473464e-07
0.000286693530389
0.000575441800794
0.000867754441149
0.00116206236969
0.00146124972047
0.00176464579025
0.00207403398298
0.00238864339186
0.00271016204644
0.00303970519969
0.00337677997191
0.00372239398856
0.004077044354
0.00444236360553
0.00481810443614
0.00520552309569
0.005604067113
0.00601651641851
0.0064421436013
0.006881805408
0.00733645028936
0.00780658884226
0.00829408163929
0.00879671301487
0.00931909445924
0.00985981450832
0.0104191215889
0.0110000610281
0.0116464942335
0.0122564815633
0.0123776836391
0.0125316348098
0.0127922879111
0.0133296037582
0.0143613083864
0.016073956581
0.0185630228864
0.0218380627747
0.0258499510363
0.0305363355665
0.0358334692999
0.0416915743263
0.0480636553885
0.0549172064673
0.0622203343316
0.0699472690069
0.0780764625877
0.086586858307
0.095461835105
0.104684964647
0.114242741988
0.124119495806
0.134304940821
0.14478559715
0.155551822285
0.166594849281
0.177902667361
0.189469550388
0.201285236448
0.213345042819
0.225640026882
0.238166736783
0.250918149912
0.263891845595
0.277082620653
0.2904882955
0.304107640452
0.317938137515
0.331980997598
0.346236420179
0.360706891822
0.375395300252
0.390306683183
0.405446518687
0.420822904434
0.436444861138
0.452323727784
0.468473221128
0.484909402137
0.501650612427
0.518719139678
0.53614008074
0.553943235648
0.572163118433
0.590838520971
0.610016723741
0.629750719913
0.650103315769
0.67114866358
0.692973286755
0.715681164292
0.739394906942
0.764265190816
0.790475255466
0.818255849282
0.847898718699
0.879782806925
0.914419780565
0.952527292252
0.995163334357
1.04403368562
1.10226498984
1.17752770802
1.47577843378
1.85637888401
2.27743038518
2.71999506014
3.17493516611
3.63747952097
4.10492932494
4.57566568931
5.04866609731
5.52323633695
5.99891945039
6.47538230746
6.95236224176
7.42967746002
7.90718583796
8.38477134119
8.8623451243
9.33983902329
9.81719002983
10.2943368553
10.7712544055
11.2478934346
11.7242280666
12.2002289799
12.6758608796
13.1511209908
13.6259840041
14.1003957125
14.574469445
15.0480167687
15.521109158
15.9937420758
16.4659438685
16.9376617981
17.4088233031
17.8794857138
18.3496430486
18.8193659166
19.2884978376
19.757176132
20.2252674831
20.6928343529
21.1599504146
21.6264632349
22.092447724
22.557903787
23.0228975864
23.4872985782
23.9511740026
24.4145259291
24.8774317623
25.3397444679
25.8015429861
26.26283156
26.7236802604
27.183961864
27.6437481227
28.1030449686
28.5618587877
29.0202709215
29.4781395889
29.9355470419
30.3925014095
30.8490112376
31.3050854805
31.7607330829
32.2160314315
32.6708566337
33.1252859854
33.5793303563
34.033000972
34.4863094042
34.9393417136
35.3919618103
35.8442564145
36.2962383789
36.7479208499
37.1993172557
37.6504412946
38.1013069237
38.5519283459
39.0023199983
39.4524965393
39.9024728355
40.3523310435
40.8019522215
41.2514188728
41.7007465649
42.1499510068
42.5990480346
43.0480535976
43.4969837436
43.9458546051
44.3947564169
44.8435573766
45.2923478114
45.7411440461
46.1899624167
46.6388192561
47.0877308791
47.5367135675
47.9857835558
48.4349565832
48.8842496109
49.3336782105
49.7832582802
50.2330055985
50.6829358093
51.1330644086
51.5834067296
52.0339779302
52.4847929782
52.9358666391
53.387213462
53.8388477677
54.2907836351
54.7430348895
55.1956150903
55.6485375191
56.1018151684
56.55546073
57.0094865848
57.4639047915
57.9187270769
58.3740310278
58.8296952533
59.2857966487
59.7423455178
60.1993517868
60.6568249963
61.1147742939
61.5732084267
62.0321357349
62.4915641454
62.9515011657
63.4119538785
63.8729289367
64.3344325585
64.7964705233
65.2590481681
65.7221703836
66.1858416116
66.6500654055
67.1148461761
67.5801865675
68.0460892044
68.5125562538
68.9795894247
69.4471899681
69.9153586771
70.3840958879
70.8534014806
71.3232748811
71.7937150625
72.2647205479
72.7362894125
73.2084192867
73.68110736
74.1543503835
74.6281442402
75.1024856886
75.5773697573
76.0527914901
76.5287455166
77.0052260574
77.4822269299
77.9597415547
78.4377629621
78.9162837982
79.3952305305
79.8747266746
80.3546979533
80.835135549
81.3160302976
81.7973726957
82.2791524772
82.7613603514
83.2439854161
83.7270168974
84.2104437256
84.6942545442
85.1784377197
85.6629813506
86.147873277
86.6331010906
87.118652144
87.6045135613
88.0906722473
88.5770395869
89.0637526976
89.550722151
90.0379349388
90.5253765951
91.0130329271
91.5008895959
91.9889321267
92.4771459196
92.9655162603
93.454028331
93.9426672208
94.4314179369
94.9202654151
95.4091945305
95.8981901088
96.3872369367
96.8763193448
97.3654229302
97.8545319998
98.3436312926
98.8327055625
99.3217395892
99.8107181888
100.299626224
100.788448616
101.277170353
101.765776502
102.25425222
102.742582763
103.230753495
103.718749476
104.206557175
104.694161919
105.181549616
105.668706331
106.155618299
106.642271936
107.128653847
107.614675664
108.100474749
108.585963151
109.071128326
109.555892108
110.040374133
110.524496318
111.008247968
111.491617375
111.974593541
112.457165751
112.939323587
113.421056932
113.902355981
114.383211246
114.863613565
115.343554107
115.823024382
116.302016246
116.780521478
117.258533499
117.736044814
118.213048725
118.689538911
119.165509435
119.640954742
120.115869675
120.590249469
121.064089764
121.537386602
122.010136438
122.482261313
122.953908168
123.424999442
123.895534115
124.365510308
124.834926995
125.303783581
125.772079901
126.23981622
126.706993238
127.173612087
127.639674331
128.105115612
128.570071066
129.034477211
129.498336914
129.96165476
130.424434473
130.886680634
131.348398246
131.809592735
132.270269943
132.730436127
133.190097955
133.649262501
134.10793724
134.565757286
135.023625549
135.481028328
135.937975515
136.394476085
136.849794678
137.305431757
137.760652603
138.215468046
138.669889249
139.12318291
139.576850497
140.030159276
140.483121673
140.935750405
141.387313512
141.839314233
142.291021091
142.742447871
143.193541957
143.643706549
144.094378158
144.544827099
144.995068238
145.445116621
145.894243282
146.343951973
146.793513567
147.242944581
147.692260338
148.140732597
148.589865532
149.03893106
149.487945275
149.936924323
150.385140289
150.833764244
151.282801614
151.731868619
152.180237309
152.629411658
153.078664523
153.528011517
153.977468613
154.426307459
154.876032283
155.325248122
155.775303394
156.225547044
156.675249922
157.125915852
157.576815372
158.027962746
158.479373347
158.930316414
159.382295148
159.833912838
160.28651502
160.739448963
161.191982823
161.64561898
162.099625061
162.554013187
163.008795159
163.463237308
163.918175174
164.374206194
164.83067491
165.2875914
165.744219902
166.202060617
166.660377087
167.119177865
167.578471107
168.037518747
168.497155055
168.95797055
169.419306588
169.881170126
170.342820197
170.805754299
171.269231108
171.733254965
172.197083298
172.66221243
173.127235165
173.59348176
174.060290437
174.526916015
174.994852883
175.46335591
175.932424973
176.402059938
176.871513017
177.341614456
177.812941868
178.28483019
178.757277073
179.229532171
179.703087315
180.177191366
180.651839813
181.127029039
181.602005805
182.077598193
182.554377345
183.031674748
183.509483879
183.987049628
184.465861035
184.945162291
185.424945354
185.90520182
186.385174026
186.865688949
187.347311695
187.829370755
188.311856024
188.794008376
189.277314461
189.76101459
190.245097452
190.729551452
191.212954575
191.698115001
192.183609759
192.6694271
193.154804697
193.641227519
194.127933267
194.614908449
195.102139378
195.588863032
196.075902718
196.563817008
197.051930584
197.540228954
198.02794783
198.516571794
199.005336343
199.494226531
199.983227328
200.471574364
200.960090139
201.449331872
201.938623442
202.427949553
202.91654564
203.405894876
203.895232247
204.384543308
204.873812334
205.361613942
205.850753175
206.339804753
206.828753589
207.317584672
207.805534002
208.294084944
208.78247368
209.270685619
209.758705866
210.245110803
210.732706151
211.220067743
211.707181743
212.1932857
212.679863784
213.166153899
213.652142994
214.137818239
214.621756825
215.106766371
215.591425428
216.075721706
216.559643616
217.042431492
217.52557106
218.008303178
218.490617408
218.97250362
219.452541722
219.933542768
220.414087329
220.894166152
221.373771623
221.852147374
222.330781323
222.808918198
223.286550972
223.763672991
224.238867639
224.714949724
225.190503419
225.665523634
226.140005686
226.613197645
227.086591006
227.559434608
228.031725418
228.502797385
228.97322823
229.443846706
229.913904515
230.383399462
230.851587452
231.319960124
231.787771159
232.255021409
232.721712157
233.186434641
233.65201199
234.117031983
234.581506328
235.045434156
235.508073281
235.97092026
236.433233713
236.895018823
237.355616525
237.815616315
238.275847364
238.735579342
239.194815163
239.65356249
240.111083803
240.568878745
241.026210527
241.483088358
241.938856623
242.394105915
242.849680838
243.304842301
243.759601299
244.213969161
244.667212376
245.12083328
245.574098947
246.026356388
246.478200162
246.930476696
247.38244997
247.834133642
248.285541617
248.735943124
249.186842362
249.637508969
250.087957713
250.537533363
250.986846587
251.436732156
251.886460676
252.336047723
252.785508994
253.234115536
253.683372783
254.132551953
254.581669103
255.030070062
255.478366809
255.927394739
256.376425304
256.825474706
257.274559134
257.722949985
258.172152907
258.621439211
259.070154667
259.519655676
259.968542995
260.418321979
260.868263416
261.318382771
261.768695361
262.218471429
262.669215766
263.120193893
263.570763536
264.021521001
264.473304781
264.925383825
265.37777182
265.830482197
266.28278296
266.736177273
267.189928218
267.643391525
268.097905501
268.552071108
269.0073903
269.463128781
269.919297204
270.375905861
270.832219166
271.289733292
271.747720715
272.205520947
272.66447224
273.123171925
273.583119022
274.04357504
274.504546757
274.966040533
275.427316353
275.889867197
276.352296556
276.815933639
277.280118149
277.744107666
278.209397832
278.675245388
279.141652766
279.607875583
280.075403688
280.543500616
281.0114987
281.48072605
281.949771832
282.420128518
282.891048414
283.362529947
283.834571102
284.30641822
284.779570794
285.253274346
285.726861714
286.201655633
286.676241002
287.152106883
287.628500871
288.105417159
288.58284517
289.060039811
289.538484184
290.016760703
290.496187702
290.976094022
291.455723761
291.936562945
292.417855008
292.899586083
293.38175508
293.863599878
294.346605182
294.829350012
295.313148616
295.796579248
296.281125682
296.766028328
297.251270655
297.736848983
298.221998454
298.708201833
299.194035796
299.680811848
300.167854043
300.65440074
301.141933888
301.62969151
302.11765502
302.605818764
303.093415877
303.581927691
304.069929207
304.55873008
305.047653082
305.53593514
306.025057178
306.514251636
307.003511988
307.492818598
307.98140813
308.470099073
308.959452539
309.448790955
309.938099002
310.426613383
310.9158105
311.404935834
311.893969878
312.382149586
312.870955881
313.358963527
313.847482386
314.335835421
314.823260166
315.311233605
315.799002226
316.286547526
316.773855514
317.260164594
317.746294161
318.232808046
318.719030491
319.204948471
319.689797187
320.175068095
320.659996844
321.144571356
321.628779818
322.11186318
322.594642335
323.077684476
323.560316077
324.042526755
324.523554753
325.004893711
325.485782486
325.966211981
326.446173443
326.924911314
327.403248611
327.88175696
328.359765809
328.836516869
329.313506299
329.789976537
330.265921794
330.741336677
331.215469399
331.68914533
332.162940768
332.63618832
333.108880295
333.580275878
334.051861449
334.522888308
334.993354814
335.463259765
335.931856002
336.399971865
336.868189258
337.335840279
337.80293461
338.268723136
338.734700118
339.200121631
339.664990407
340.129309618
340.591672347
341.054903675
341.517593198
341.979754527
342.441388631
342.90175546
343.362352814
343.822441439
344.282028327
344.740375219
345.198316326
345.656439629
346.11409753
346.571294637
347.027294794
347.483598746
347.93947104
348.394922108
348.849962729
349.303193433
349.75744685
350.211319798
350.664833094
351.117994759
351.570072236
352.022568994
352.47475301
352.926637786
353.378237075
353.828154258
354.279220415
354.730048117
355.18064764
355.631033826
356.080476622
356.530481387
356.98031838
357.430003096
357.878885575
358.327563308
358.776885393
359.226118352
359.675278201
360.123636004
360.572697929
361.021735126
361.470763788
361.919800115
362.367445307
362.816545547
363.265701984
363.714930722
364.164247807
364.612924162
365.062465769
365.512143372
365.961972649
366.41129925
366.86073329
367.311110318
367.761700333
368.212518252
368.663578801
369.114151318
369.565740465
370.017615159
370.469784857
370.921606602
371.373674728
371.826827503
372.28033244
372.734202029
373.188448453
373.642338178
374.09737354
374.552820377
375.008020103
375.46357669
375.920321816
376.377519802
376.835180082
377.293311709
377.751177692
378.210277596
378.669873666
379.129968985
379.58991465
380.050296612
380.511947928
380.974128612
381.436844037
381.900099145
382.363152456
382.827499977
383.292395
383.757185082
384.223197424
384.689023731
385.156158134
385.62385592
386.092118051
386.560945045
387.029590647
387.499542719
387.970062921
388.440481591
388.911378652
389.383580802
389.856339046
390.329650385
390.803511394
391.277171598
391.752115562
392.227600771
392.703617745
393.179497319
393.655814164
394.133391813
394.611476825
395.090062122
395.569140253
396.04795209
396.527992017
397.008500214
397.488804404
397.970222129
398.451333353
398.933622253
399.416331574
399.899450783
400.38296904
400.866123673
401.350406323
401.835053776
402.319390939
402.804731875
403.289653702
403.775638218
404.261925243
404.74850162
405.234602294
405.721717068
406.209080512
406.696015708
407.183834534
407.671112354
408.159329512
408.647724093
409.136281428
409.624982365
410.11307333
410.602029799
411.091089296
411.57957377
412.068793843
412.557323923
413.04664358
413.535990067
414.025343687
414.514697826
415.003285364
415.492585829
415.981173573
416.470359195
416.959464567
417.447727151
417.936626664
418.425396353
418.914030039
419.402508563
419.890069904
420.378194191
420.865456606
421.35316894
421.83990676
422.327150689
422.81413529
423.300855683
423.787294113
424.272690193
424.758525352
425.243376407
425.728557259
426.213392438
426.697122835
427.181230898
427.664953673
428.148288669
428.631220615
429.112991922
429.595086244
430.076083101
430.557299757
431.038063409
431.517618204
431.997444825
432.4767968
432.955661814
433.434032272
433.911154254
434.387850563
434.864695515
435.341019298
435.81606965
436.291330115
436.766057919
437.240244232
437.713884993
438.186230136
438.658769313
439.130089157
439.601515486
440.072382275
440.541937387
441.011681026
441.480861892
441.949479778
442.417534919
442.884281873
443.350549583
443.816922273
444.282737545
444.747993467
445.211955671
445.676115054
446.139729366
446.602802783
447.065339912
447.526599972
447.987415331
448.448375501
448.908817698
449.368757365
449.827451583
450.286399268
450.744862643
451.202850032
451.659624563
452.116021507
452.572634719
453.028804684
453.484550336
453.93913239
454.394052696
454.848576998
455.302716856
455.756484151
456.2091457
456.661539517
457.114263445
457.566660956
458.018754126
458.46980688
458.921323652
459.372573212
459.823569859
460.274328107
460.723452071
461.173777858
461.623905573
462.073859218
462.523649815
462.972547717
463.422058971
463.871454163
464.320749171
464.769214791
465.217691967
465.666778119
466.115832716
466.564867556
467.013153669
467.462197587
467.911270338
468.360388091
468.809566982
469.257412492
469.706757464
470.156216006
470.605799588
471.05552396
471.504659537
471.954712246
472.404952238
472.855394715
473.30605471
473.7555321
474.206671493
474.658072363
475.109748944
475.561715237
476.01323966
476.465826391
476.918743346
477.372003492
477.824949968
478.278188839
478.732553465
479.1873102
479.642470483
480.097299909
480.553300245
481.009736412
481.466618465
481.923956089
482.380343665
482.83861999
483.297378673
483.756627862
484.216375304
484.675882596
485.136648134
485.597932711
486.059742421
486.521413876
486.983544588
487.446961998
487.910924634
488.375436432
488.840500888
489.305375051
489.771553519
490.238292481
490.705589273
491.172789573
491.640472462
492.109466179
492.579024554
493.049147088
493.51908659
493.990334148
494.462141721
494.934502671
495.406758972
495.879484984
496.353505761
496.828070983
497.303176265
497.77881681
498.254240904
498.730935918
499.208144979
499.685870444
500.163437308
500.641419455
501.1206387
501.600340523
502.080516638
502.561158405
503.041510106
503.523051474
504.005034893
504.486782379
504.969610885
505.452099331
505.935730437
506.41974619
506.904135099
507.388885402
507.87323379
508.358670528
508.844431819
509.329841458
509.815466385
510.302123846
510.789053476
511.27624166
511.7636746
512.250591304
512.738467277
513.226549961
513.714157199
514.202601104
514.690456575
515.179202893
515.668078098
516.157067183
516.646155059
517.134575132
517.62381506
518.113108145
518.601775781
519.091129254
519.579742849
520.069095365
520.558424396
521.047714625
521.536946398
522.025366152
522.514448434
523.002767714
523.49163561
523.979626786
524.468220423
524.956654716
525.444915006
525.9329824
526.420104255
526.907755932
527.395176357
527.881688157
528.368604488
528.854501445
529.340859524
529.826918655
530.312661552
530.798084246
531.28242308
531.767159536
532.250871196
532.734873573
533.218491663
533.700967585
534.183784016
534.666179286
535.148151888
535.629687546
536.110030021
536.590663367
537.070168157
537.54986347
538.02833071
538.507055157
538.985278372
539.46300196
539.940214814
540.416164136
540.892336864
541.367316888
541.842427156
542.316998857
542.790281315
543.263763253
543.736690438
544.209068497
544.680890389
545.151407671
545.622110938
546.091588236
546.561167288
547.030183259
547.497890005
547.965775687
548.433103749
548.899871069
549.366079333
549.830984722
550.295417117
550.759962725
551.223960414
551.687414061
552.149577781
552.611956728
553.073805853
553.53513075
553.995191698
554.455486624
554.91461176
555.373904048
555.832706314
556.290276614
556.748123418
557.20550554
557.662432196
558.118912974
558.574212292
559.029166503
559.484370796
559.939171149
560.393574528
560.846855895
561.300513778
561.753814998
562.206772143
562.659398085
563.110960595
563.562298652
564.014010949
564.465441825
564.916614184
565.366792696
565.817482606
566.267953356
566.718219912
567.167552119
567.616790566
568.066536001
568.516138709
568.965610015
569.414229223
569.863498401
570.312688267
570.761814881
571.210894356
571.659197591
572.107565949
572.55660104
573.005649344
573.454735811
573.903126949
574.352329404
574.801613973
575.250996652
575.700493352
576.148709305
576.598481394
577.048410235
577.498520049
577.948821758
578.398585178
578.849315925
579.300283467
579.751502392
580.202241707
580.653341098
581.105395146
581.557761092
582.010447968
582.462723492
582.916091392
583.369818831
583.823918096
584.278401165
584.731869137
585.187150078
585.642853194
586.098984751
586.555555044
587.011828409
587.469305594
587.927250208
588.385671059
588.844576563
589.30255982
589.762458301
590.222864291
590.683784592
591.145225589
591.606447444
592.068947273
592.531984406
592.995563519
593.458273954
593.922949318
594.388178072
594.85396314
595.320307001
595.786465696
596.253932788
596.72196345
597.190558384
597.659717851
598.128026793
598.598314331
599.069164524
599.540575864
600.01254641
600.484327568
600.957408942
601.431041101
601.905220385
602.379274165
602.853788735
603.329583241
603.805906062
604.282751478
604.760113368
605.237238799
605.715613703
606.194484399
606.673838854
607.153013872
607.632578082
608.113351805
608.594579464
609.076251645
609.557612016
610.040143659
610.523089621
611.006434833
611.489513284
611.972890233
612.457383628
612.942234993
613.427432236
613.91296301
614.398068004
614.884227826
615.370678341
615.85741504
616.343756431
616.830269389
617.317769943
617.805497312
618.293437313
618.78157561
619.269150919
619.757637863
620.246283659
620.734405508
621.22331564
621.711588609
622.200702963
622.6898967
623.179154592
623.667714528
624.157050498
624.646409079
625.135770556
625.624456011
626.113030426
626.602308578
627.091528356
627.580674522
628.069731894
628.557934176
629.046768689
629.535469296
630.023357518
630.511745842
630.99920925
631.487226802
631.975037356
632.462626704
632.949980798
633.436334669
633.923176823
634.409742654
634.895355127
635.381328605
635.866239834
636.351569526
636.836558604
637.321194921
637.804715611
638.288611025
638.772118829
639.254564087
639.737263773
640.218797033
640.7006468
641.182056693
641.663017208
642.143514805
642.622802947
643.102361692
643.581436453
644.05935539
644.537439243
645.014270587
645.491335504
645.967881375
646.443897973
646.919388575
647.393597507
647.868012635
648.341219173
648.814541835
649.287312961
649.758783427
650.23044299
650.701538993
651.172078482
651.641309769
652.110724177
652.57957524
653.047198503
653.514923464
653.981340613
654.447943263
654.913982886
655.379470481
655.844404379
656.308041862
656.771878236
657.234506919
657.697261768
658.159482961
658.620430042
659.081595901
659.542249651
660.002393482
660.462034371
660.920434035
661.378426704
661.836604663
662.294311602
662.751556477
663.20760304
663.663947805
664.119863993
664.575357656
665.029694047
665.484375339
665.93800237
666.391917041
666.845466376
667.297917306
667.75076906
668.203297889
668.655512654
669.107426857
669.558308847
670.008998253
670.460094242
670.910946084
671.361568426
671.811226367
672.261434422
672.711458034
673.161312552
673.611013469
674.059831073
674.508606527
674.957940838
675.407184695
675.856349728
676.304715459
676.753784281
677.202827036
677.651859912
678.10089911
678.548550239
678.997650645
679.446805889
679.896027686
680.344595513
680.794011619
681.243546555
681.693216106
682.143035942
682.592276249
683.041777936
683.492141332
683.942711923
684.393513394
684.843810683
685.295109098
685.746677556
686.198530139
686.65068069
687.101732238
687.55451925
688.007639836
688.461115553
688.914954504
689.368423367
689.823025028
690.278025545
690.733436144
691.189267712
691.64412024
692.100825012
692.557976911
693.01559416
693.472935797
693.931501786
694.39055479
694.850102709
695.310153037
695.769302329
696.230378323
696.691972352
697.154099025
697.61675936
698.079212513
698.542954653
699.007244085
699.472084481
699.93747907
700.402020134
700.868526653
701.335598794
701.803233628
702.27143217
702.739448983
703.208776192
703.678667492
704.149122127
704.619474496
705.090301304
705.562437016
706.03512866
706.508373302
706.981421405
707.455761522
707.930643292
708.406062097
708.88201291
709.357075443
709.834073568
710.3115862
710.789606719
711.268128118
711.746396667
712.225897292
712.705875541
713.186322936
713.666562225
714.147174674
714.628975168
715.11120746
715.593861393
716.076926495
716.559645501
717.043500312
717.527733091
718.012327825
718.496617472
718.981166746
719.466792413
719.95273528
720.438982459
720.924774256
721.41159052
721.898671151
722.386002436
722.872902295
723.35994642
723.847945636
724.336138949
724.824511844
725.313049677
725.800991036
726.289814349
726.778758005
727.267802575
727.756277923
728.244745345
728.734019159
729.223337419
729.712684808
730.20204599
730.690658956
731.180001694
731.669307836
732.157907055
732.647107241
733.135482753
733.624511733
734.113432428
734.602229819
735.090142342
735.578648442
736.066982391
736.555138338
737.042433622
737.529434969
738.016957602
738.504240913
738.991271074
739.478034442
739.963771016
740.449956299
740.93583944
741.420739337
741.905971255
742.390112455
742.874643869
743.358807173
743.842590823
744.325983553
744.808223585
745.290801858
745.772957181
746.25401542
746.735294962
747.215375978
747.695742131
748.175638311
748.65505614
749.133236926
749.611674363
750.089610479
750.566374131
751.04328724
751.518933238
751.994798827
752.470132431
752.94492911
753.419179962
753.892143484
754.365303875
754.837911711
755.309299708
755.780794278
756.250982977
756.721356332
757.191167161
757.660414773
758.129094541
758.596469451
759.064027669
759.53035969
759.996796223
760.46267463
760.927251445
761.392021232
761.856241388
762.319911244
762.782297901
763.244893156
763.706956206
764.167827683
764.628843024
765.088598013
765.548590772
766.008082677
766.46707686
766.925589978
767.382880328
767.840447879
768.296891107
768.753549351
769.209767496
769.664810158
770.120179015
770.575134992
771.029698066
771.483875406
771.936933378
772.389710103
772.842802685
773.295558831
773.747991594
774.199368843
774.651190695
775.102734278
775.55400928
776.005029996
776.455065518
776.904956225
777.355301924
777.805452533
778.254677905
778.704479839
779.15413724
779.603661386
780.053068055
780.501627749
780.950181972
781.399331797
781.848428115
782.297487069
782.745775083
783.194807854
783.643851828
784.092923198
784.542038132
784.99046739
785.4390526
785.888394814
786.337844773
786.787418331
787.23638146
787.686249344
788.136287712
788.586511927
789.036937192
789.486167972
789.937040265
790.38815816
790.839536112
791.290438521
791.742379064
792.194621679
792.64717988
793.100066919
793.552550273
794.00546858
794.459418853
794.913748127
795.368463793
795.822840523
796.278376157
796.734335929
797.190730271
797.647569255
798.103452045
798.561209065
799.019438723
799.478145198
799.937345442
800.396297144
800.856499054
801.317212451
801.77844388
802.240199469
802.701074396
803.16389499
803.627251184
804.091156164
804.554863683
805.019868937
805.485429204
805.95154714
806.418224959
806.884053923
807.351856376
807.350895152
