metodo_2_dt_1:12
1.51723922767e-07
0.0149791812523
0.0151059603844
0.0153713761115
0.0156368146328
0.0157230759545
0.0155270304595
0.015083809218
0.0145377879868
0.0140523895473
0.0137472477114
0.0136779628267
0.0138479910117
0.0142357503208
0.0148207500376
0.0156073949957
0.0166409086934
0.0179379392706
0.0187713840495
0.0177833597006
4.20917691319
4.22362171334
4.2383150595
4.25324782392
4.26839196041
4.2837333547
4.29925820801
4.3149443933
4.33077878469
4.34675282241
4.36287183085
4.37912441394
4.39554351312
4.41212575541
4.42890356821
4.44590026929
4.46312080095
4.48059916814
4.49834866806
4.51637543614
4.53468288825
4.55328270428
4.57216516533
4.59133087431
4.6107581451
4.63045503059
4.65039282745
4.67055496062
4.69093078398
4.71149227631
4.73222842265
4.75311168262
4.77412970741
4.79525610784
4.81648003646
4.83778047716
4.85915446391
4.8805898062
4.90209490558
4.92367295526
4.94534710969
4.96713121939
4.98906232282
5.01114882953
5.0334101238
5.05586124054
5.0785258798
5.1013949121
5.1244680715
5.14774853762
5.1712277239
5.19488743832
5.21872067639
5.24271021099
5.26683791414
5.29107659045
5.31540493062
5.33980875795
5.36426662923
5.38875775449
5.41325567642
5.43774978962
5.4622248777
5.48666286207
5.51106376147
5.535427834
5.55975421865
5.58406402502
5.60837709108
5.63271090317
5.65710496478
5.6815682644
5.70612703225
5.73079332934
5.75556693533
5.78045540562
5.80545482393
5.83054980221
5.85574232191
5.88101033168
5.90632375515
5.93168300413
5.95705557466
5.98243282061
6.00777760476
6.03307608574
6.05830687286
6.08344838181
6.10847619126
6.13338112232
6.15815245939
6.18278169017
6.2072680036
6.23161450033
6.25582550777
6.27992589254
6.30393742564
6.32789379443
6.35180716034
6.375701233
6.39960836758
6.42353233373
6.44747924633
6.47144020886
6.49541476983
6.51939351104
6.54336106441
6.56730892514
6.59119854386
6.6150360436
6.63878037374
6.66240932077
6.68591444583
6.70926538043
6.7324288408
6.75541157658
6.77818480088
6.800727664
6.82303815171
6.84512103359
6.86696531176
6.88859393507
6.91000801776
6.93122799935
6.95229827721
6.97322760674
6.99405189154
7.01478220113
7.03544417082
7.05604666689
7.07659588583
7.09708739144
7.11752166355
7.13787310574
7.1581328196
7.17828603006
7.19831987508
7.21820039889
7.23791235152
7.25743625285
7.27675586766
7.29583318056
7.31466624407
7.33322625934
7.35149260842
7.36946900349
7.3871369854
7.40451795236
7.42159468834
7.43840117681
7.45494885551
7.47126388478
7.4873699205
7.50330179429
7.51907066756
7.53471197028
7.5502281224
7.56564318611
7.58095263471
7.59615665583
7.6112395317
7.62620926147
7.6410316343
7.65569809193
7.67018773517
7.68448935964
7.69856883018
7.71241929818
7.72601160288
7.73932783534
7.7523543958
7.76506056741
7.77743905661
7.78949056938
7.80120858644
7.81259696381
7.8236637842
7.83445122835
7.84495923379
7.85523175763
7.8652912825
7.87515642791
7.884865058
7.89443691733
7.90387004488
7.9131924294
7.92239625749
7.93147353597
7.94043928914
7.94925777353
7.95792593293
7.96643334449
7.974754265
7.98287289308
7.99077589468
7.99843580547
8.00582788298
8.01294749511
8.01977751336
8.02628948201
8.03248677253
8.0383507628
8.04389796547
8.04913927101
8.05408543608
8.05875644229
8.06320430272
8.06743020999
8.07149489388
8.075409371
8.07919669699
8.08287732126
8.08646942853
8.08996623363
8.09338350925
8.09671023389
8.09994758812
8.10307937932
8.10608995119
8.10896655618
8.111695933
8.11425180416
8.11662560264
8.11879654946
8.12075339648
8.12247209721
8.12394084516
8.1251540083
8.12609631755
8.12676886187
8.12717557227
8.1273394643
8.12727587823
8.12701747088
8.12660441642
8.12605789261
8.12542431508
8.12473154716
8.12399362086
8.12322874289
8.12244484611
8.12165480621
8.12085069182
8.12003867521
8.11919297237
8.11832121405
8.11740032013
8.11641565383
8.11536739498
8.1142173038
8.11296083382
8.11157242151
8.11005506377
8.10837586273
8.10653802618
8.10453420117
8.10234773945
8.09999568473
8.0974806745
8.09483733873
8.09206289414
8.08922053871
8.08632553399
8.08342677946
8.08056134375
8.07774679862
8.0749974581
8.07234665211
8.06978944613
8.06733371599
8.06496298926
8.06268506132
8.06048296946
8.05835306855
8.05627584613
8.05423475154
8.05222196461
8.05022158323
8.04820416038
8.04616917864
8.04410393093
8.04199043372
8.03982335114
8.03759824519
8.03532514871
8.03300623709
8.03066915687
8.02831638722
8.02598515384
8.02371479191
8.02153765908
8.01949581498
8.01762061875
8.01592265726
8.01443274391
8.0131525274
8.01209265503
8.0112508213
8.01060668961
8.01016482101
8.00991343086
8.00982491416
8.00990601014
8.01011774775
8.01046693689
8.01091575842
8.01146933852
8.01209381752
8.01278590237
8.01355072635
8.01436463741
8.01525105454
8.01619433939
8.0172309951
8.0183590439
8.01961816359
8.02103120354
8.02264699043
8.02447768876
8.02656094534
8.02893032497
8.03160452912
8.03458797822
8.03788282971
8.04149382569
8.04541316123
8.04962182908
8.05410716595
8.05885999664
8.06386357531
8.06909279429
8.07453108442
8.08015959958
8.08596909389
8.09194418181
8.09806546225
8.10432862162
8.11072330586
8.11724966307
8.12391893507
8.13073793936
8.13773746991
8.14492006164
8.1523204276
8.15998090066
8.16791837135
8.17615944692
8.18473534738
8.19365709958
8.20294016108
8.21258207172
8.22258520067
8.23293216209
8.24361019433
8.25461525089
8.26591574364
8.27748427713
8.28932118745
8.30139987511
8.31368645508
8.32617602204
8.33885097419
8.35168949054
8.36468441617
8.37782264772
8.39110795642
8.40453619922
8.4181187761
8.43188474924
8.44583520184
8.4600171187
8.47443567855
8.48913019311
8.50412761766
8.51944527885
8.5350863405
8.5510700189
8.56739874036
8.584060635
8.60105065885
8.61835278132
8.63593985042
8.6537917815
8.67189076067
8.69021680706
8.70873803553
8.72743247271
8.74628855787
8.76527760349
8.78439628923
8.80361760049
8.82292302478
8.84232702687
8.86181747945
8.88140778137
8.90110426955
8.92093507371
8.94092492777
8.9610943906
8.98146786715
9.00208245111
9.0229380314
9.04405752221
9.06544241065
9.0871042226
9.10902387259
9.13118721314
9.15358694435
9.17619103708
9.19898811762
9.22195019942
9.24505630217
9.26825829226
9.29156846559
9.3149367338
9.33836256744
9.36181559785
9.3852861074
9.40874774298
9.43221224474
9.4556649325
9.47911540619
9.50256652648
9.52604424632
9.54957251831
9.57316497524
9.59686352351
9.62069928367
9.64467461853
9.6688203305
9.69312838891
9.71759989714
9.74223332817
9.76700787272
9.79192257268
9.81694075749
9.84204179044
9.86720464491
9.89240067949
9.91761060255
9.94281010714
9.96797052742
9.99307410476
10.018098628
10.0430336584
10.067866169
10.0925787421
10.1171748438
10.1416496087
10.1660215953
10.1902855082
10.2144762908
10.2386205776
10.2627423221
10.2868735122
10.3110358014
10.3352525225
10.3595330996
10.3838786689
10.4082748522
10.4327121932
10.4571796152
10.4816488771
10.5061058557
10.5305267349
10.5548868639
10.5791559874
10.6033126041
10.6273308443
10.651194806
10.6748853024
10.6983858816
10.721669504
10.7447458662
10.7675987317
10.7902246956
10.8126370471
10.8348551858
10.8568660351
10.8787289864
10.9004446823
10.9220656769
10.9436043232
10.965084714
10.986534521
11.0079548747
11.0293416092
11.0506961612
11.0719927537
11.0932093121
11.114327399
11.1353346578
11.1561966673
11.1768917286
11.1974026747
11.2176952432
11.237756521
11.2575535725
11.2770970208
11.2963459123
11.3153040515
11.333971318
11.3523277519
11.3703862519
11.3881757261
11.4056839704
11.4229424447
11.4399832874
11.4568237182
11.4735023718
11.4900473682
11.506467864
11.5228063982
11.5390413333
11.5551832673
11.5712214481
11.587130988
11.6029088907
11.6185160885
11.6339329826
11.6491384869
11.6641167367
11.6788341272
11.6932786149
11.7074260063
11.7212699858
11.7347827789
11.7479659024
11.7608013484
11.7732879184
11.7854469497
11.7972797739
11.8087931974
11.820011145
11.8309637014
11.8416756759
11.8521835043
11.8625044788
11.8726681079
11.882705466
11.892616004
11.9024162722
11.9120905795
11.9216416527
11.9310427048
11.9402653135
11.9493153217
11.9581483305
11.9667459602
11.975097706
11.9831650001
11.9909519835
11.9984252764
12.0055742885
12.0123984864
12.0188770898
12.0250196725
12.0308176207
12.0362888398
12.0414489834
12.0463194212
12.0509178398
12.0552822592
12.0594384514
12.0634273772
12.0672666219
12.0709764482
12.0745914692
12.0781049678
12.0815229106
12.0848425698
12.0880595123
12.0911512623
12.09409695
12.0968811712
12.0994831257
12.1018826055
12.1040468711
12.1059774876
12.1076484679
12.1090567942
12.1101811986
12.1110108431
12.1115505693
12.1118019369
12.1117670823
12.1114708263
12.1109151083
12.110154697
12.1091936859
12.108079916
12.1068470707
12.1055177041
12.1041353227
12.1026980772
12.1012386476
12.0997529884
12.0982376511
12.0967030794
12.0951207353
12.0934835434
12.091773441
12.0899658201
12.0880519845
12.085994301
12.0837948036
12.0814276186
12.0788851649
12.0761568359
12.0732213251
12.0701021037
12.0667769147
12.0632541464
12.0595420279
12.0556812311
12.0516695131
12.0475609249
12.0433691733
12.0391509842
12.0349280115
12.0307422723
12.0266120351
12.0225595686
12.0185823958
12.0146823548
12.0108969084
12.0071082784
12.003461935
11.9997694015
11.9961908733
11.9925302446
11.988941575
11.9852411576
11.9815803385
11.9777793591
11.9739109594
11.9700507131
11.9660221712
11.9620021154
11.9578170743
11.9535645199
11.9492595635
11.9450067171
11.9406686017
11.9363624488
11.93212646
11.928076332
11.9240926063
11.9202758052
11.9166516168
11.9132312844
11.9100177505
11.9070899084
11.9042731465
11.9016370152
11.8991601051
11.8968362001
11.8946358899
11.8925466386
11.8905566828
11.8886387831
11.886784633
11.884977004
11.883218713
11.8814989457
11.8797283467
11.8780854344
11.876483914
11.8749419368
11.8734775182
11.8721148555
11.8708016032
11.8697368089
11.8688696912
11.8682479309
11.8678099628
11.8677553048
11.8680048205
11.8685689157
11.869361664
11.870536598
11.8719967018
11.8736422243
11.8756120447
11.8777340405
11.8801410536
11.8826620432
11.8854319247
11.8883590508
11.8913484401
11.8945535794
11.8978039081
11.901172512
11.9047538029
11.908384109
11.9122317961
11.9161544808
11.9203363513
11.9246450599
11.9291806314
11.9340573937
11.9391566237
11.9445851679
11.9504499455
11.9565983901
11.9631246959
11.9700315194
11.9773776951
11.9849881968
11.9929237722
12.0011617248
12.0096790372
12.0184532999
12.027539247
12.0367653282
12.0461841084
12.0557918142
12.0655644375
12.07549854
12.0855887364
12.095833914
12.1062376863
12.116808513
12.1275540324
12.1385039318
12.1496691149
12.1610869524
12.1727742063
12.1847653632
12.1970876784
12.2097641239
12.2228110462
12.2361542133
12.2499553938
12.2641160539
12.278629318
12.2934604325
12.3085127503
12.3239120653
12.33955607
12.3554202416
12.3714000478
12.3876394156
12.4040387242
12.42057753
12.4371735149
12.4539716726
12.4708153384
12.4878586471
12.5050312162
12.5222678404
12.5397379728
12.5573035977
12.5751475511
12.5932246183
12.6114728245
12.6300751767
12.6488985063
12.6681105853
12.6875647874
12.7073308479
12.7274867394
12.7478498195
12.768561589
12.7894292825
12.8105063633
12.8318409055
12.853251146
12.8748715686
12.8965085182
12.9182305507
12.9400265324
12.9619547986
12.9838452458
13.0057747489
13.0278248074
13.0498330432
13.0718858852
13.0940087547
13.1162157997
13.138608008
13.1610501352
13.1836566456
13.206439942
13.2294249582
13.2526249139
13.2760458546
13.2996862169
13.3235366684
13.347575038
13.3718733867
13.3962322388
13.4207003924
13.4452531826
13.4698667214
13.4944192373
13.5190587382
13.5436801203
13.5682651835
13.5927991346
13.6172653448
13.6416670147
13.6659953604
13.6902462281
13.7144366377
13.7384835947
13.7625783481
13.7866592266
13.8107575926
13.8348900555
13.859003609
13.8832830416
13.9076696513
13.9321656152
13.9566800898
13.9813840264
14.0061666657
14.0309328821
14.0558157409
14.0807079069
14.1054954019
14.1303182922
14.1550641417
14.179622538
14.2041406251
14.2284291967
14.2526372593
14.2766782524
14.3004484107
14.3241237642
14.347523536
14.3708274429
14.393874498
14.4168498033
14.4396030592
14.4622443644
14.4848874429
14.5073903516
14.5299500032
14.5524106229
14.5749654943
14.5974359474
14.6199112316
14.6424527915
14.6648743328
14.6872373358
14.7096005479
14.731764659
14.7537874268
14.775641682
14.7973882324
14.8188275018
14.8400359044
14.8609871296
14.8817648124
14.902178338
14.9223138959
14.9421759623
14.9617580081
14.9810730799
15.0002200528
15.0190442686
15.0376493494
15.0560721039
15.0743369015
15.0924684305
15.1105029511
15.1284499119
15.1463293758
15.1641308814
15.1818494889
15.1994673199
15.2169614544
15.2343058206
15.2514731878
15.2684366449
15.2851701659
15.301649695
15.3178482935
15.3337568552
15.3493495138
15.364623677
15.3794741299
15.3940745528
15.40833787
15.4222677851
15.4358724288
15.4491642268
15.4620731895
15.4747938726
15.4872645162
15.4995083393
15.5115651326
15.5233723606
15.5351242017
15.5467572306
15.5581982598
15.5696091207
15.5808958989
15.5919520015
15.6029265725
15.613706039
15.6241766116
15.6344864462
15.6445201964
15.6541797484
15.6636157676
15.6726342187
15.681406917
15.6898286683
15.6978130382
15.7055336131
15.7128255886
15.7198615979
15.7264858823
15.7328897834
15.7389209499
15.7447733238
15.7503108093
15.7556449552
15.7608874696
15.7659022789
15.77087663
15.7756628359
15.7803447967
15.7850110326
15.7894749807
15.7938951026
15.7980629805
15.8020439271
15.8058938239
15.8094249414
15.8126979625
15.8156948727
15.8184827657
15.8208865742
15.8229752597
15.8247544865
15.8263008046
15.8274547039
15.8283017106
15.8288603005
15.8291487447
15.8292764604
15.8290965921
15.8287250835
15.8281927949
15.8275255392
15.8267624034
15.8259238314
15.8250246207
15.8241736616
15.823191548
15.8221644083
15.8210835641
15.8199188521
15.81865123
15.8172553103
15.8157065654
15.8139828571
15.8120653356
15.8099386818
15.8075913624
15.805010433
15.802201788
15.7991598817
15.7958833299
15.7922989433
15.7885969926
15.7846990094
15.7806328616
15.7764309885
15.7721142863
15.7677207992
15.763197826
15.758748729
15.7543098219
15.7499132092
15.7455685967
15.7412829517
15.7369641395
15.7327852441
15.7286346367
15.7245022664
15.720268922
15.716087431
15.711849363
15.7074489732
15.7030462378
15.6985323322
15.6938180308
15.6890645412
15.6841955069
15.6791231474
15.6740254152
15.6688229351
15.6634566638
15.658108342
15.6526435278
15.6472534662
15.6418970387
15.636513977
15.6313142851
15.6261578434
15.6212395048
15.6164055266
15.6118347052
15.607356695
15.603134605
15.5989844571
15.5950581598
15.5911588985
15.587444566
15.5837120683
15.5800362357
15.5764736163
15.5728502875
15.5693152292
15.5656973552
15.5620792756
15.5585474911
15.5549377766
15.5513446616
15.5478668378
15.5443530331
15.5409112664
15.5376540953
15.5344387246
15.5313953442
15.5286387309
15.5260270323
15.5236830427
15.5216154178
15.5198394049
15.518445416
15.5172456432
15.5163154786
15.5156357564
15.5152689447
15.5150227878
15.5149588531
15.5150555626
15.5152937598
15.5156519917
15.5161285085
15.5167938938
15.5174695232
15.518250238
15.5191290457
15.5201190007
15.521237127
15.522488368
15.5238978765
15.5254895964
15.5272914352
15.5293399628
15.5316574682
15.5342764867
15.5372366857
15.5405546871
15.5442429534
15.5483032693
15.5527219399
15.5574932772
15.5625844697
15.5679812367
15.5736468181
15.5795666614
15.5856222119
15.5919662498
15.5984965844
15.6051987284
15.612061934
15.6190794725
15.6262486487
15.6334867043
15.6409675153
15.6486163126
15.6564463007
15.6644690416
15.6726316183
15.68111544
15.6898737585
15.6989244481
15.7083073246
15.7179546716
15.7280627163
15.7385671968
15.7493775084
15.7606606376
15.7723155331
15.784233576
15.7965544095
15.8091635955
15.8219474595
15.8350474375
15.8483499008
15.8617608314
15.8754267025
15.8892449319
15.9031329136
15.9172435552
15.9314179668
15.94581726
15.9602852662
15.9750017939
15.9899025204
16.0049104953
16.0202207706
16.0356877723
16.0515050336
16.0675289215
16.0839519371
16.1006257372
16.1177283502
16.1351076789
16.152838743
16.1709860453
16.189367331
16.2081105557
16.2270235605
16.2462310736
16.2655379494
16.285006062
16.3046857281
16.3243936758
16.3442840165
16.3641764541
16.3841485507
16.4042821506
16.4244088363
16.4446184005
16.4649199073
16.4854112717
16.5059341199
16.5266030918
16.5475195307
16.5685311669
16.589756207
16.6112053229
16.6329922213
16.6549496302
16.6771740508
16.6996633106
16.7224957597
16.745470004
16.7686475522
16.7919943477
16.8154746014
16.8390534109
16.8627842049
16.8864693182
16.9101663924
16.9338680591
16.9575562852
16.9812172796
17.0048567919
17.0284639293
17.0520523615
17.0757045286
17.0992714413
17.1228433583
17.1464440169
17.1700997511
17.1938230268
17.2176416203
17.2415768246
17.2656463411
17.2898628564
17.314232808
17.3387547209
17.3634187859
17.3882020448
17.4130889337
17.4380432115
17.4630249138
17.4880088481
17.512865076
17.5377454909
17.5625288613
17.587204972
17.6117488456
17.6361554096
17.6604237258
17.6845421248
17.7085178104
17.7322706222
17.7559828849
17.7795820791
17.8030858467
17.8265150486
17.8498066028
17.8731523263
17.8964990909
17.9198620065
17.943255984
17.9665975785
17.9900699258
18.0135685091
18.037087266
18.060506822
18.0839768783
18.1073837551
18.1306841797
18.1537633099
18.1767637909
18.1995723579
18.2220850281
18.2444487968
18.2665700725
18.2883501542
18.30997019
18.3313398809
18.3523777335
18.3732666389
18.3938403689
18.4142990634
18.4345706151
18.4545861686
18.4745546929
18.4943181392
18.5140842892
18.5336890073
18.5533243159
18.5728203187
18.5923513406
18.6118070061
18.6310838819
18.6503300612
18.6693412048
18.6882604999
18.7068823268
18.7252647224
18.7434688183
18.7612979013
18.7789043093
18.7961103677
18.8130783901
18.8296257036
18.8459383123
18.8618369736
18.8774277896
18.8928010509
18.9078072921
18.9226309153
18.9371237898
18.9514031884
18.9655736218
18.9794917111
18.9932696337
19.0070147541
19.0205635609
19.0340056161
19.0474201638
19.0606141608
19.0736506481
19.0865885098
19.0992171011
19.1116037731
19.1237158114
19.1356113267
19.1471033498
19.158258011
19.1690582353
19.1795937114
19.189676395
19.199400298
19.2087759176
19.2178032893
19.2265881355
19.2349713577
19.2430601283
19.2508765975
19.2584501324
19.2657976483
19.2730345137
19.280021844
19.2868671076
19.2935893683
19.3001993751
19.3066974988
19.3130682857
19.319301038
19.3253639961
19.3312220554
19.3369421518
19.3423108556
19.3474008051
19.3521819072
19.3566429989
19.3607774372
19.364568742
19.3680192357
19.3711308359
19.3739097053
19.3763660604
19.3785139468
19.3803708893
19.3819575081
19.3832970836
19.3844150687
19.3853385301
19.3860077663
19.386625925
19.3871268203
19.3875429085
19.3878863564
19.3881610231
19.388375058
19.388506625
19.3885438165
19.3884489926
19.3881087585
19.3876731409
19.3870183358
19.3861272928
19.3849833917
19.3835800427
19.3819010449
19.3798618335
19.3776397107
19.3751537614
19.3724145114
19.3694364339
19.3661454244
19.3627475282
19.3591750373
19.3554548131
19.3515231445
19.347593603
19.3436027962
19.3395731184
19.3354512993
19.3314215198
19.3274193111
19.3233524073
19.319400223
19.3154515533
19.311401697
19.3073969582
19.3033251304
19.2990606865
19.2947580388
19.2903107886
19.2856185057
19.2808475094
19.2759082634
19.270715995
19.2654510643
19.25994504
19.2543958346
19.2487294687
19.2428804533
19.2370422702
19.2310786235
19.2251877429
19.2192216322
19.2133940235
19.2076367801
19.2018984415
19.1963630607
19.1908764949
19.1856240809
19.1804211952
19.1754364025
19.1704789009
19.1656980135
19.1608979397
19.1562132131
19.1514491972
19.1466700899
19.1419456123
19.1370921456
19.132272787
19.1273252635
19.1224226855
19.1174016558
19.1123567596
19.1074012027
19.1023773459
19.0974762362
19.0925617398
19.0877390376
19.0831351646
19.07859849
19.0742551828
19.0702079608
19.0663110617
19.0626707777
19.059370402
19.0562417382
19.0533619908
19.0508061707
19.0483698295
19.0461182411
19.0441098488
19.0421455585
19.0402873488
19.038510502
19.0368971808
19.0352621178
19.0336889385
19.0321804447
19.0308249002
19.0294720187
19.0282175777
19.0270746137
19.0260744957
19.0253168715
19.0246667621
19.0242284746
19.0240420573
19.0241267767
19.024600858
19.0253205429
19.0263774732
19.0277845048
19.029540281
19.031634666
19.0340499857
19.0368537647
19.0398372557
19.043063011
19.0465033101
19.0501276654
19.0539248455
19.0578730147
19.0619609029
19.0661828085
19.0705332324
19.0750270213
19.0796678698
19.0844631835
19.0894390361
19.0946036925
19.0999885569
19.1056066725
19.111579279
19.1177514707
19.1241606615
19.1309938469
19.1381933563
19.145776417
19.153757296
19.1621250759
19.1708743223
19.1799853946
19.1894319255
19.1991837034
19.2092092087
19.2194781389
19.2299628843
19.2406399499
19.2514904414
19.2625007265
19.2736571463
19.2848811489
19.2963403931
19.3079501546
19.3197306694
19.331690126
19.3438394276
19.3562073889
19.3687184977
19.3815764247
19.3947082703
19.4081428255
19.4219083136
19.436015536
19.4504009334
19.4652515259
19.4804729897
19.4960616726
19.511912603
19.5281692461
19.5447019693
19.5615210224
19.5785046702
19.5956380284
19.6129637337
19.6304768787
19.6479735892
19.6657171348
19.6835141428
19.7014658548
19.7193880528
19.7375620126
19.7558110777
19.7741142694
19.7927107848
19.8114314238
19.8303115529
19.8494421676
19.8688594607
19.8883963361
19.9083444695
19.9285321997
19.9489345917
19.9697778085
19.9907829923
20.0122074149
20.0338381842
20.055655964
20.0776935954
20.0997902352
20.1221319685
20.1445010066
20.166886788
20.1893426303
20.2117339237
20.2342758896
20.2566936014
20.2792116947
20.3017135499
20.3242810896
20.3469404762
20.3695205934
20.3922612606
20.4150582633
20.4380041528
20.4609955004
20.4842735128
20.5075828386
20.5310736917
20.5548919364
20.5787696812
20.6029262528
20.6272260635
20.6517217894
20.6762593803
20.7010244242
20.7257044718
20.7503956098
20.7751981161
20.7998105429
20.8244331191
20.8488772421
20.8732695476
20.897595278
20.9217308728
20.9459040781
20.9698515982
20.9937209311
21.0176130699
21.041419732
21.0651483621
21.0889543327
21.1126835659
21.1364905739
21.1603823845
21.1842479033
21.2081843084
21.2323317517
21.2564172495
21.2805670949
21.3047638451
21.329117622
21.3533246032
21.3774829559
21.4015533489
21.4256335223
21.4494193423
21.4730198534
21.4964160885
21.5196837449
21.5426909295
21.5654290829
21.5879509009
21.6103520224
21.6324690201
21.6544511204
21.676218874
21.6978385443
21.71932996
21.7408015938
21.7620988835
21.7833763949
21.8045551933
21.8256955005
21.8468040505
21.8679686433
21.8890068975
21.9099916515
21.9309485837
21.9517542166
21.9724230576
21.992919134
22.0132066293
22.0332520602
22.0531150048
22.0726451038
22.0918210774
22.1106826425
22.129228681
22.1474633563
22.1653949007
22.1830351031
22.2003984253
22.2175016771
22.2343634727
22.2510513807
22.2674928294
22.2837572105
22.299866381
22.3158404478
22.3316958522
22.3474438884
22.363088912
22.3786273641
22.3940475157
22.4093300368
22.4244492744
22.4393750336
22.4540746463
22.4685151
22.482665342
22.4965447811
22.5100375369
22.5231746342
22.5359469136
22.5482634262
22.5603040114
22.5719885944
22.5833294201
22.5943418444
22.6050437858
22.6154549433
22.6255967239
22.635491663
22.6450748288
22.6545465897
22.6638415034
22.6729804244
22.6819800621
22.6908511574
22.6995080169
22.7081210014
22.7165862842
22.7248807467
22.7329756723
22.7408396425
22.7483059529
22.7556152364
22.7626066038
22.7692592004
22.7755578842
22.7814051426
22.7869746773
22.7921808769
22.7970317407
22.8014513639
22.8056326452
22.809506297
22.8130935603
22.8163289253
22.819413011
22.8222821201
22.8248259634
22.8273395021
22.8297108864
22.8319608898
22.8340176106
22.8360675602
22.838023802
22.8397896148
22.8415234301
22.843110898
22.844385787
22.8455863276
22.8465468459
22.8471528722
22.8475602383
22.8475779084
22.8473739505
22.8468576789
22.8458968419
22.8447702248
22.8433551768
22.8415801018
22.8396411687
22.837384438
22.8349632207
22.8323212183
22.8296135981
22.8267784687
22.8237535076
22.8207395267
22.8175355816
22.8144319328
22.8112196665
22.8080827212
22.804844365
22.8016701728
22.7984044759
22.7950264205
22.7916321424
22.7880131052
22.7843159824
22.7802939056
22.7762017099
22.771806805
22.767282473
22.762456325
22.7573769569
22.752240639
22.7468406903
22.7413727721
22.7356361373
22.7299270205
22.7240484448
22.7182032138
22.7121952818
22.7062352553
22.700388404
22.6945027711
22.6887259786
22.6829951069
22.677448115
22.6719135802
22.6664265002
22.6611574629
22.65586092
22.6505954565
22.6453676997
22.6400671902
22.6347929594
22.6293007968
22.623762275
22.6182115716
22.6124758829
22.6066020502
22.600787267
22.5948247478
22.5887730569
22.5828391712
22.5768243524
22.5707934808
22.5648713144
22.5591242431
22.5533562433
22.5477783613
22.5424529395
22.5372261224
22.5321526579
22.527341477
22.5227867431
22.5184096983
22.514238538
22.5102063042
22.506473309
22.5027863189
22.4991513887
22.4956363941
22.492253906
22.4887625307
22.4853380203
22.4819295763
22.478493346
22.4752259797
22.4718704122
22.4686311724
22.4654804299
22.4623922755
22.4595774613
22.4568389176
22.4542409292
22.4519091307
22.4497703664
22.4479474112
22.4464113697
22.445215712
22.4442964773
22.4436455686
22.4433592854
22.443328234
22.4436344268
22.4442047518
22.4449612823
22.4459725
22.4471950115
22.4485269467
22.4499831923
22.4514992187
22.4531677802
22.454890401
22.4567743231
22.4587330439
22.4608831622
22.4631449638
22.46563995
22.4682917522
22.4712243108
22.4744125297
22.4778313776
22.4816048414
22.4856558085
22.4901040429
22.4948656042
22.5000506335
22.5055628064
22.5114979346
22.5177444014
22.524383054
22.5312890518
22.5385328787
22.5459831943
22.5529513042
