metodo_1_dt_1:24
3.46023857368e-07
0.0292424834974
0.0296777489658
0.030105192507
0.030520954691
0.0309208689148
0.0313012816811
0.0316556985853
0.0319828698054
0.0322779459461
0.0325366742693
0.032758502354
0.0329404112654
0.0330839088647
0.0331890381758
0.0332582392147
0.0332954827395
0.033305347648
0.0332935539974
0.0332663188294
0.0332313954827
0.0331943383507
0.0331626610145
0.0331435597103
0.0331422928651
0.0331652659626
0.0332185561028
0.0333047238042
0.0334307779591
0.033597835978
0.033809064857
0.0340679654964
0.0343758737051
0.034734520031
0.0351449863636
0.0356079986203
0.0361241285943
0.0366936470426
0.0373167435724
0.0379930160202
0.0387233295351
0.0395053072557
0.0403392243114
0.0412259096331
0.0421633789276
0.0431530137914
0.0441914940865
0.0452809848797
0.0464191802494
0.0476080824792
0.0488441287302
0.0501301880083
0.0514640636173
0.0528467969052
0.0542774922205
0.0557576776546
0.0572856300356
0.0588631232446
0.0604902738573
0.0621666273505
0.0638936171322
0.0656717496571
0.0675011948701
0.069383399684
0.0713186389064
0.0733078248756
0.0753525825687
0.0774533135349
0.0796111452366
0.0818280380834
0.0841043101649
0.0864415400088
0.0888408514738
0.091303529138
0.0938304977208
0.096423304061
0.0990821011351
0.101808795069
0.104603447718
0.107465232182
0.110395720581
0.113392917597
0.116456474617
0.119583801695
0.12277222808
0.126018715094
0.129316991847
0.132661335974
0.136044249193
0.139453524747
0.14287896875
0.146305687474
0.149716530341
0.153093613949
0.156414667098
0.159656806593
0.162795536779
0.165803872009
0.16865527396
0.171325253425
0.17378746948
0.176022442462
0.178011965449
0.179743269887
0.18120795297
0.182403988074
0.183336810907
0.184015508806
0.184455271479
0.184675984308
0.184699570364
0.184552734637
0.18426127852
0.183853538514
0.183355426563
0.182795998471
0.182196551842
0.181582966525
0.180976692349
0.180394917072
0.179856900594
0.179376598967
0.178967331868
0.178642669183
0.178410461978
0.178280907717
0.178260894944
0.178357094507
0.178574732851
0.178918456606
0.17939194927
0.179999017076
0.180740461273
0.181621436332
0.182641674171
0.183802348376
0.185105067939
0.186551596365
0.18814142465
0.189876779013
0.191755753667
0.193780282026
0.195951423865
0.198268198841
0.200730736396
0.203340349678
0.206096227531
0.209000077062
0.212051706182
0.215251308224
0.218600089227
0.222098155536
0.225747007453
0.229546448855
0.233498438793
0.23760358788
0.241862666728
0.246277437722
0.250848581821
0.25557749856
0.260464954701
0.265512317632
0.270720258228
0.276089265151
0.281620977329
0.287313837082
0.29316950331
0.299184130831
0.305359170361
0.311689930219
0.31817324546
0.324803893383
0.331576322992
0.338481016122
0.345507780438
0.352643548948
0.359872311787
0.367176066263
0.374532916617
0.381916729982
0.389298107191
0.396644167525
0.403920205239
0.411084244986
0.418097260566
0.42491421979
0.431491123761
0.437784523289
0.44375236626
0.449355644025
0.45456016325
0.459335026101
0.463655907288
0.467504737159
0.470869217913
0.47374186313
0.476122510961
0.478013920098
0.479424251685
0.480365995629
0.480855329727
0.480911749268
0.480557162858
0.479820010913
0.47872704893
0.47731258881
0.475610666432
0.473658250205
0.471493735202
0.469156057336
0.466685779512
0.46412173752
0.461503045052
0.458865297249
0.4562442679
0.453672294261
0.451179024644
0.448792782442
0.446537682152
0.444436643096
0.442510451106
0.440774565712
0.439246426694
0.437939070261
0.436864001083
0.436031684769
0.435450861215
0.435128874563
0.435072612053
0.435286639727
0.435775920825
0.436543640509
0.437593163883
0.438926934551
0.440547099265
0.442454604223
0.444649647678
0.447134127453
0.449908019176
0.452969950266
0.456320953108
0.459960466999
0.463886097777
0.468097428521
0.472594212011
0.477372911216
0.482432406203
0.48777095544
0.49338414802
0.499270307437
0.505424477792
0.511842653741
0.518520245478
0.525451969974
0.532629135175
0.540044755126
0.547689947156
0.555552497545
0.563620027536
0.571878829462
0.580310690378
0.588895613019
0.597611770793
0.606432782753
0.615329100384
0.624267717457
0.633212948779
0.642122855971
0.65095395748
0.659660474938
0.668191003287
0.676494914089
0.684522236667
0.692221917933
0.699546894011
0.706453515478
0.71290652385
0.718875420955
0.724342049406
0.729294151013
0.733732246721
0.737665915798
0.741111710665
0.744096356482
0.746650985564
0.748810316269
0.750614859355
0.752102758283
0.753313775368
0.754284088599
0.755048301981
0.75563753167
0.75607707303
0.756387404915
0.756586357169
0.756684192951
0.756687572337
0.756597562238
0.756412372983
0.756126012753
0.755728469728
0.755210722494
0.754560632137
0.753765712521
0.752815350499
0.75170104269
0.750418509896
0.748963599803
0.747339305978
0.745554409446
0.743618531424
0.741549879189
0.73936917757
0.737101705767
0.734775144587
0.732419982211
0.730068440792
0.727753132217
0.725507082851
0.723362882644
0.721350859365
0.719501059114
0.71784119466
0.716396902918
0.715190537746
0.714244281295
0.713575380196
0.713202902549
0.713138203459
0.713394145141
0.713980750323
0.714905662766
0.716174112424
0.717790312136
0.719755059516
0.722069438466
0.72473076105
0.727736578577
0.73107938902
0.734751997531
0.73874552039
0.743047993957
0.747644567642
0.752519763259
0.757654306692
0.763027127522
0.768612963898
0.77438473383
0.780311050696
0.786358198052
0.792487751377
0.798657307199
0.804821149687
0.810930925226
0.816931168745
0.822767238786
0.828377818162
0.833704482313
0.8386836024
0.843254675677
0.8473598245
0.850943346562
0.853958404527
0.856365273421
0.858131857603
0.859241549483
0.859686646009
0.859471210289
0.858614843627
0.85714487746
0.855100956033
0.852529284491
0.849481857692
0.846017342931
0.842195098263
0.838075261676
0.833718959433
0.829184373701
0.824527000012
0.819800844202
0.81505383279
0.810332374359
0.805677277078
0.801127248977
0.796715610954
0.792472601656
0.788425945792
0.78459809753
0.781010452318
0.777679406176
0.774620478396
0.771844475042
0.769362879562
0.767180373288
0.765302464479
0.763731226436
0.76246631422
0.761506042163
0.760843918761
0.760474433566
0.760386730664
0.76057038146
0.76101154029
0.761692788818
0.762595814876
0.763701040231
0.764984641498
0.766421380265
0.767986152872
0.769651604758
0.771388868027
0.773171471679
0.774968536362
0.776754239393
0.77850260826
0.78019145324
0.781800203457
0.783311983597
0.784714414203
0.785999863815
0.787166023059
0.788211415332
0.789140824535
0.789965010418
0.790692154199
0.791337337249
0.791912971191
0.79243477302
0.792916462224
0.79336920736
0.793803699924
0.794226962225
0.794642959869
0.795051093889
0.795446078242
0.795817694019
0.796152316297
0.796427775245
0.796620903585
0.796700487388
0.796630561029
0.796372288367
0.795881486251
0.795111215159
0.794012342644
0.792534459483
0.790629414506
0.788248465407
0.785348647337
0.781893348329
0.777852429949
0.773204741621
0.767940104182
0.762057840238
0.755571845241
0.748502401174
0.740881516731
0.732749621047
0.724152656695
0.715143088866
0.705774125295
0.696100874265
0.686177609101
0.676056086648
0.665786470563
0.655413877512
0.644981495432
0.634527714554
0.624084992811
0.613684341047
0.603351079348
0.593108737097
0.582976790323
0.572971604464
0.563106552727
0.553394198213
0.54384381474
0.534463729708
0.525260630011
0.516239034809
0.507403628043
0.49875738446
0.490303340256
0.482042363857
0.47397593509
0.466105135711
0.458430051218
0.45095024934
0.443666365584
0.43657808197
0.429683350174
0.422983184442
0.416475375158
0.410159030691
0.404033459592
0.398097851607
0.392350007951
0.386789146989
0.381412720855
0.376220412892
0.371209472806
0.366379258919
0.361725553611
0.35724715122
0.352941327735
0.348805211162
0.344834224206
0.341026945971
0.337376540854
0.33388060961
0.330531993249
0.327324963426
0.324252190295
0.321307322036
0.318480672237
0.315761886896
0.313140178175
0.310602912824
0.308136713506
0.305725738153
0.303353169025
0.300999947161
0.298646522143
0.296269985123
0.293845582144
0.291350093247
0.288755703306
0.28603421995
0.283157224516
0.28009726104
0.276825790604
0.273316562653
0.269544179326
0.265488232422
0.261129868483
0.256457994495
0.251463962784
0.246148116617
0.240517134003
0.234583559977
0.228367630736
0.221897001211
0.215204192138
0.208325901144
0.201302911507
0.194181253028
0.187003649954
0.17981735079
0.172667016417
0.165598727097
0.158655742408
0.151882027627
0.145319974075
0.13901183072
0.133001446554
0.127330180017
0.122043562734
0.11718632012
0.112804712064
0.108943361073
0.105646402824
0.102953960547
0.100900493625
0.0995133703051
0.0988069772161
0.0987853717637
0.0994384704238
0.100745986633
0.102677578746
0.105192144608
0.108247731814
0.111799211781
0.115801917724
0.120211544309
0.124988826297
0.130097500793
0.135506894224
0.141187037272
0.147116483128
0.153272600715
0.159639286872
0.166201787644
0.17294802184
0.179868648508
0.186955239198
0.194202106548
0.201605345283
0.209159027472
0.216863016115
0.22471413253
0.23271235214
0.240856108176
0.249147803978
0.257586652896
0.266174544408
0.274912836848
0.283804381695
0.292849432777
0.302050758754
0.311411111009
0.320931281034
0.330614860552
0.340461575297
0.350473354722
0.360652144977
0.370996799773
0.381506511411
0.392179852532
0.403014690506
0.414006089091
0.425148306296
0.436433501738
0.447850556309
0.459387257565
0.471026319775
0.482749683139
0.494533432242
0.506350456442
0.518170251135
0.529953978031
0.541664506089
0.553254793481
0.5646791287
0.575883738847
0.586817560127
0.597425924512
0.60765784223
0.617463386988
0.626796715418
0.635621403964
0.643905476523
0.651626752484
0.658774849104
0.665345275824
0.671343165988
0.676783859
0.681686249621
0.686077382792
0.689986822882
0.693443763489
0.696483080603
0.699135267797
0.701431889998
0.703400336348
0.70506675561
0.706454385343
0.707584753471
0.708476174082
0.709144076888
0.709603395468
0.709866941285
0.709948420743
0.709861166255
0.709617561083
0.709233509287
0.708724648805
0.708108192173
0.707403301457
0.706632061082
0.70581653246
0.70498012318
0.704148284263
0.703346196424
0.70259975783
0.701933718309
0.701374705095
0.700945633728
0.700671152178
0.700571004104
0.700668386493
0.700979782284
0.701523756363
0.702315245981
0.703368464677
0.704696569392
0.7063086936
0.70821432203
0.710421838688
0.712935738776
0.715762265195
0.718902856061
0.722359432809
0.726133693811
0.730222422774
0.734625442495
0.739338861742
0.744355622786
0.749671968044
0.755277886342
0.761165119281
0.767322830155
0.773737309854
0.780394584723
0.787278336443
0.794368457841
0.801644918939
0.809083947601
0.816658214796
0.824338998252
0.832091283237
0.839879839507
0.847664105521
0.855397945951
0.863034295145
0.870518966742
0.877796227334
0.884803111152
0.891478217795
0.897753308137
0.90355979559
0.90882958201
0.913496530898
0.917495150747
0.920769871534
0.923267428546
0.924948802169
0.925783965345
0.925755549134
0.924861870203
0.923111601284
0.92053002629
0.917152070159
0.913023959603
0.908200022133
0.902740604888
0.896711871258
0.8901789623
0.883210068874
0.875871943372
0.868226996844
0.860337084328
0.852258880077
0.844045575715
0.835746649557
0.827406242667
0.819065229286
0.810760207788
0.802524914443
0.794388398956
0.786377196618
0.778516358015
0.770825667959
0.763323735897
0.756028894635
0.748953922682
0.742113090201
0.735517338878
0.729176625065
0.723099558461
0.717292569281
0.711763569282
0.706516384909
0.701554150799
0.696882175802
0.692500654731
0.688410248643
0.684612305729
0.681105048748
0.67788648072
0.674952537601
0.672300385657
0.669923527129
0.667816425076
0.665970271234
0.664375562486
0.663022004093
0.661897735699
0.660989538723
0.660281445504
0.659757920882
0.659399565439
0.659188420823
0.659102499989
0.659119761005
0.659217689975
0.659370601122
0.659555023454
0.659743497015
0.659910775415
0.660031778669
0.660080606307
0.660030211314
0.65985666467
0.659536314102
0.659045174594
0.658359020454
0.65745476846
0.656310235596
0.654902078586
0.653206101056
0.651197037707
0.648848674302
0.646136449467
0.643029508682
0.639500329255
0.63551968973
0.631058384207
0.6260893713
0.620586406794
0.614529862114
0.60790155175
0.600692410359
0.592900748701
0.584532392726
0.575602755462
0.566137070808
0.556167014715
0.545734915269
0.53488613726
0.523674201121
0.512152429083
0.500376020473
0.488401434592
0.476281661887
0.464067726981
0.451805558946
0.439539403566
0.427305277909
0.415139996016
0.403073109163
0.391129929407
0.379333535111
0.367705659288
0.356261828006
0.345017813471
0.333987481687
0.323183775528
0.31261771234
0.302301327443
0.292246027183
0.282463252039
0.272965789039
0.263767086968
0.254880902783
0.246324035764
0.238114456139
0.230272619494
0.222820627758
0.215781405097
0.209183687623
0.203055921775
0.197427063523
0.192331099733
0.187799346959
0.183864821295
0.180557847132
0.177909283143
0.175941938554
0.174677383386
0.174128951627
0.17430410622
0.175202829891
0.176817596681
0.17913513734
0.182136063047
0.18579512379
0.190084290373
0.194973142333
0.20043097092
0.206425743889
0.212927928565
0.219906325643
0.227334864214
0.23518709137
0.243440783627
0.252073391128
0.261066347747
0.270401358791
0.280063004723
0.290037035752
0.300309183684
0.310866142496
0.32169590818
0.332785116227
0.344120450623
0.355688415742
0.36747359703
0.379457522862
0.391621124007
0.403942314479
0.416395217046
0.428950859891
0.44157587069
0.454233333649
0.466879822174
0.479470035781
0.491954532297
0.50427691076
0.516384602481
0.528217229797
0.539720707621
0.550838073766
0.561520147277
0.571720299223
0.581401967536
0.590534111654
0.599097454156
0.60708045472
0.614480248325
0.621303202171
0.627563136352
0.63327994073
0.638476179355
0.643179998628
0.647421604505
0.651229169405
0.654634274625
0.657667210367
0.660356336725
0.662729566535
0.664813434733
0.666635325001
0.668218188225
0.669586580339
0.67076534911
0.671777520262
0.672647364989
0.67339896483
0.674056680355
0.674646149767
0.675191129765
0.675717578266
0.676250311426
0.67681489811
0.677434827304
0.678134745094
0.678937792188
0.679864414779
0.68093671424
0.682174871796
0.683595104075
0.685215051219
0.687051079943
0.689114401
0.691419306564
0.693977032995
0.69679504793
0.699882251659
0.703245479383
0.706890396621
0.7108209436
0.715040109432
0.719549835498
0.724350459151
0.729441500617
0.734822123256
0.740488996559
0.746437899182
0.752664200764
0.759162590774
0.765924587527
0.772942350506
0.780205887573
0.787703183948
0.795421226059
0.803344536671
0.811457163347
0.819740481363
0.828172048826
0.83672944414
0.845385918459
0.854111393766
0.862873497901
0.871634921525
0.8803567297
0.888994094553
0.897498667438
0.905817002504
0.913892778051
0.921663392692
0.929063933571
0.936026497956
0.94247936342
0.948350245677
0.953567099758
0.958060538775
0.961764165924
0.964618676868
0.966572238606
0.967586082472
0.967630571026
0.966692704227
0.964773596597
0.961886527019
0.958061665631
0.953338067657
0.947768897002
0.941413415614
0.934336868972
0.926609067334
0.918302375279
0.90948590689
0.90023093814
0.890601936278
0.880664368535
0.870476442554
0.860091086128
0.849559858295
0.838927119572
0.82823416702
0.817517393609
0.806810326123
0.796142012643
0.785537557204
0.775020595102
0.764612452725
0.75432970045
0.744188769618
0.734204041868
0.724386225576
0.714748021942
0.705297319947
0.69604381432
0.686992722404
0.678151544392
0.669524561754
0.661117023921
0.652933319015
0.644975304766
0.637247295326
0.629748909395
0.622483461236
0.615450518573
0.60865157206
0.60208678482
0.595753629573
0.589651743739
0.583779474244
0.578133294966
0.572710541523
0.567507746349
0.562518958755
0.557740078682
0.553163072954
0.548781693164
0.54458652335
0.540567904613
0.536715494702
0.533016574952
0.529458018129
0.526024036849
0.52269914493
0.519464197222
0.516299742143
0.513185088396
0.510095662806
0.507006986173
0.503893207347
0.500726537458
0.497477367666
0.494114268623
0.490605755759
0.486919597459
0.483021575765
0.478879201082
0.474457990786
0.469726664212
0.464651654249
0.459204646887
0.453356785883
0.447084465628
0.440368413603
0.43319245009
0.425548728308
0.417435630161
0.408859896384
0.399834660286
0.390385086309
0.38054306917
0.370348673374
0.359849369377
0.349100217384
0.33815949006
0.327089534471
0.315954171717
0.304817513831
0.293745330912
0.282799689622
0.272043007609
0.26153599075
0.251335737967
0.241501927841
0.232089027121
0.223155836893
0.214758401746
0.206952876733
0.199796518277
0.193346429906
0.187655966635
0.182777100325
0.17875550934
0.175630551347
0.173430673452
0.172173262182
0.171860926671
0.172484425656
0.174020355742
0.176433545402
0.179679590361
0.183707398384
0.18846176622
0.193887764538
0.199929113955
0.206531711759
0.213646054929
0.221227282092
0.229234052747
0.237628954269
0.246380629626
0.255460371016
0.264843731985
0.274508337701
0.284439072457
0.294617096191
0.30503271668
0.315673079955
0.326528887913
0.337593983888
0.348860714691
0.360325030606
0.37198246608
0.383830286389
0.395864104795
0.408082427461
0.42048483994
0.433067146015
0.445828770155
0.458768218553
0.471883092516
0.485171806656
0.498630018937
0.512255094632
0.526042177223
0.539985392295
0.554078136998
0.568311312108
0.582673713426
0.597153372179
0.611734027593
0.626396164682
0.641119345177
0.65587660562
0.670638199613
0.685369182817
0.700030148609
0.714575683065
0.728956196168
0.74311671236
0.756996513529
0.770532248398
0.783654971277
0.796296480207
0.808386884212
0.819857751103
0.830646046824
0.840692857323
0.849951020189
0.858382219024
0.865959878724
0.872671783591
0.878519432615
0.883517488104
0.887691894287
0.891079368023
0.893728543344
0.895692164334
0.897027475799
0.897799094365
0.898066916741
0.897896505316
0.897349086671
0.89648368951
0.895356575736
0.894021104477
0.892524908986
0.890914279134
0.889228757873
0.887504906952
0.885773896145
0.884063980068
0.882398875377
0.880799484473
0.879280463276
0.877855721547
0.876535808782
0.875326497809
0.874231258373
0.873252672011
0.872388328703
0.871636694979
0.8709923814
0.870449831198
0.870001344361
0.869639025447
0.869355631561
0.869142876724
0.868993156285
0.868898489545
0.868855578482
0.868858183718
0.868903650107
0.868991372463
0.869122247966
0.869298218321
0.869524109656
0.869803916145
0.870146271135
0.87055721864
0.871046205659
0.871622153082
0.872292745758
0.873067502031
0.873952196625
0.874954424693
0.876077389294
0.877325067728
0.878696642623
0.880192127214
0.881805322396
0.883530913112
0.885357265278
0.887270211397
0.889254937918
0.891287380558
0.893346315417
0.895400478384
0.897417360348
0.89936094946
0.901188738521
0.902855424605
0.904311277371
0.905501583718
0.906369217482
0.906852340746
0.90688936874
0.906413964693
0.90536176032
0.903669213748
0.901275519776
0.898124336999
0.894166528938
0.88936346128
0.883685042811
0.877115352304
0.869650099605
0.861301102555
0.852093368941
0.842062128622
0.831257754677
0.819735195807
0.807561656339
0.794805132722
0.781535909938
0.767826124918
0.753744198036
0.739356519173
0.724727168102
0.709911408409
0.694961565652
0.679926594982
0.664846473978
0.64975857179
0.634695378188
0.619682883691
0.604747855079
0.589908580094
0.575182961536
0.560587097714
0.546131731446
0.531829640825
0.517688471988
0.503715862892
0.489919951108
0.476306715002
0.462880907324
0.449649049252
0.436614850718
0.423784599084
0.411164009849
0.398759522438
0.386577536608
0.374626519137
0.362914984169
0.351452836454
0.34025298242
0.329328669471
0.318695819332
0.308372735233
0.298380276389
0.288742225905
0.279486253923
0.270642003379
0.26224425485
0.254331580299
0.246943535223
0.240127489115
0.233929666117
0.228400682655
0.22359165826
0.219553914308
0.216334608023
0.213978230436
0.212524287047
0.212001999484
0.212430335787
0.213820552808
0.216169512109
0.219466607317
0.223688170328
0.228805345786
0.234779251891
0.241568760702
0.249128799155
0.257411500692
0.266371053453
0.275957479731
0.286123548153
0.296822241164
0.308005676228
0.319626617941
0.331637114422
0.34398577422
0.356622360223
0.369493020637
0.382539737028
0.395701965224
0.408917984087
0.42212192926
0.435246914692
0.448222427884
0.460981962648
0.473459056054
0.485591107104
0.497321666349
0.50860161844
0.51938984229
0.529654434664
0.539374102432
0.54853662029
0.557138443677
0.565186702589
0.572693498248
0.579677900901
0.586163957714
0.592177111816
0.597750378908
0.602912296792
0.607696379873
0.612135242306
0.616262875955
0.620110816973
0.623710424126
0.627094415501
0.630292706064
0.633336030283
0.636253975717
0.639075062951
0.641827095119
0.644536927028
0.647231983085
0.649936562753
0.652675788199
0.655470963916
0.658346427162
0.661319981179
0.664413438012
0.667643231132
0.671026690063
0.674578008029
0.678310747459
0.682239296706
0.686372552354
0.690721769392
0.69529490022
0.700098552046
0.705140867356
0.710424816066
0.715955867383
0.721735637505
0.72776688113
0.734049942864
0.740584933963
0.747371019596
0.754404750312
0.761684954372
0.769206938416
0.776964437718
0.78495345083
0.793165348305
0.80159247026
0.810224388978
0.81905112171
0.828059333539
0.837235538286
0.846564651418
0.856027511788
0.865605252333
0.875276140208
0.88501421223
0.89479408565
0.904583788808
0.914349286245
0.924053269507
0.933655301142
0.943109401756
0.952365870067
0.961369654037
0.970062772392
0.978380454687
0.986255856021
0.993618455458
1.00039256719
1.00650150375
1.01187013128
1.01642230329
1.02008516786
1.02279111483
1.0244817751
1.02510835337
1.02463346948
1.02303474617
1.02030619221
1.01645445186
1.01150331565
1.00549170005
0.998469607225
0.990498954934
0.981646435499
0.971987164435
0.961598086165
0.950557727448
0.938941458045
0.926824917765
0.914277177207
0.901364308038
0.888146878631
0.874681749533
0.861019655523
0.847203253554
0.833276039916
0.819272044801
0.805223850546
0.791159035304
0.777101644738
0.76307251683
0.749089487604
0.735169018973
0.721323947143
0.707565507631
0.693903394042
0.68034516747
0.666896576996
0.653564619927
0.640352514908
0.627263366614
0.614299391729
0.60146376293
0.588754854344
0.57617520569
0.563724001744
0.5513996633
0.539203212539
0.527132470942
0.515185170307
0.503359544598
0.491653479733
0.48006480311
0.468591126849
0.457228480106
0.445973466002
0.434824259648
0.423776665882
0.41282597508
0.401969484879
0.391202703418
0.380521746049
0.369922848967
0.359399779466
0.348950135973
0.338567393364
0.328249856563
0.317989738873
0.307785596359
0.297632559389
0.287525947608
0.277464260114
0.267444193905
0.257465492406
0.247528274548
0.237634116124
0.227789394694
0.218002077198
0.208284212562
0.19865497894
0.189139820999
0.179773294941
0.170602083565
0.161686376944
0.15310197441
0.144949214916
0.137346689916
0.130439429886
0.124395469693
0.119395009927
0.115622203495
0.113243167374
0.112376759814
0.113077589103
0.115322124873
0.119011388763
0.123994830965
0.130087086285
0.137098951124
0.144845732786
0.15316692251
0.161922556424
0.170997757292
0.18029916126
0.189755573281
0.199310518628
0.20892376857
0.218563976783
0.228212926904
0.237856150318
0.247488553661
0.257104974509
0.266708868355
0.276301884175
0.285890913588
0.295481197902
0.305080937178
0.314697979566
0.324340641566
0.334017891528
0.343735773243
0.35350432659
0.363330774311
0.373222049486
0.383185671035
0.393228444886
0.403356219008
0.413575550624
0.423891789082
0.434309941595
0.44483533554
0.455472545147
0.466225502913
0.477098091879
0.488094684281
0.499217658537
0.51047024292
0.521854778505
0.533375782994
0.545032937545
0.556828529712
0.56876507036
0.580841987385
0.593061829528
0.605423982725
0.617927927678
0.630574535078
0.643361174668
0.656287163125
0.66934841481
0.682543455589
0.695868335559
0.709317318426
0.722884088656
0.736562468038
0.750342980295
0.764215919706
0.778170269357
0.792190430858
0.806262539894
0.820366616167
0.834480957949
0.848583034032
0.862644869527
0.876633874497
0.890515300978
0.90424863905
0.917790108809
0.931089893609
0.944091792774
0.956737061304
0.968959013055
0.980688059572
0.991849844746
1.00236639966
1.01215612945
1.02114090266
1.02924045951
1.03637867824
1.04248764575
1.04750678947
1.05138757798
1.05409395139
1.05560681251
1.05592200884
1.05505049614
1.05301956982
1.04987159931
1.0456600052
1.04044803927
1.03430615613
1.02730969673
1.01953840799
1.0110694686
1.00198100668
0.992347436088
0.982241182711
0.971729129288
0.960874371601
0.949733951303
0.93836110914
0.926804724533
0.91510749809
0.903309473114
0.891446164332
0.879549459277
0.867645906291
0.855763176553
0.843922093369
0.832142620627
0.820443739149
0.808839988223
0.797344362538
0.785970387715
0.774728094124
0.763626548832
0.752674585192
0.741878253658
0.731244452188
0.72077907441
0.71048468371
0.70036602813
0.690425801277
0.680666656746
0.671090707419
0.661697818002
0.652488840332
0.643463503059
0.634621383656
0.625962285831
0.617483573406
0.609181451742
0.601055152665
0.593099119889
0.585309769527
0.577680999434
0.570208043223
0.562882332015
0.555697258129
0.548643916538
0.54171142182
0.534889787533
0.528166797213
0.52152801513
0.51495984758
0.508445253594
0.501967936289
0.49550834892
0.489045083663
0.482558182242
0.476023284025
0.469417184707
0.462711641191
0.455882422924
0.448901553677
0.441739146311
0.434369781795
0.426763219565
0.418895016898
0.410738154263
0.402272202014
0.393477714465
0.384340944778
0.374853071586
0.365013711678
0.354830000998
0.344318550253
0.333505830639
0.322431613426
0.31114266327
0.299702389006
0.288181417788
0.276662190512
0.265237056212
0.254006460193
0.243077259809
0.232565946937
0.222591789502
0.213275989761
0.204746565449
0.197126248333
0.190533891335
0.18507934165
0.180855467498
0.177933285917
0.176354889637
0.176130530832
0.177239298246
0.179628325844
0.183221493197
0.187926447895
0.193638498462
0.200253281632
0.207667769857
0.2157861028
0.224520785491
0.233794973659
0.243540781865
0.253700204592
0.264224228601
0.275070473508
0.286203591116
0.297594571754
0.309220250498
0.321058535545
0.333094261385
0.345313431375
0.357704191498
0.370259609401
0.382969793144
0.395831201777
0.408837988263
0.421987479896
0.435276006341
0.448703051947
0.462264870466
0.475962469453
0.489794490663
0.503758943964
0.517857468481
0.532088596853
0.546451562338
0.560946198529
0.575570743271
0.590325346859
0.605206507384
0.620214611815
0.635344145289
0.650593129102
0.665957497279
0.681430490449
0.697005231859
0.712674741013
0.728428696674
0.744255972033
0.760142362939
0.776071572948
0.792025723324
0.807982921525
0.823917386005
0.839800783838
0.855599361903
0.87127685937
0.886789281986
0.902090040662
0.91712459098
0.931835129844
0.946157473453
0.960019628447
0.97334880148
0.986065225154
0.998087073705
1.00932987075
1.01971264328
1.02915531721
1.03758230992
1.04492707114
1.05113674619
1.05616553429
1.05998843079
1.06259343138
1.06398481695
1.06418385549
1.06322545548
1.06115948646
1.05804532069
1.05394869231
1.04894531561
1.04311228542
1.03652632301
1.02926783295
1.02141170623
1.01303232361
1.00419939082
0.9949777759
0.985429259468
0.975609003151
0.965569848481
0.955358752785
0.945018062448
0.934588728235
0.924104398424
0.913596786305
0.903095322864
0.892624931272
0.882209545501
0.871869775987
0.861622793728
0.851487080335
0.841475743217
0.831602629628
0.82187892064
0.812314928923
0.802919616542
0.793700305581
0.784664855473
0.775818884103
0.767166505947
0.758711599918
0.750456690963
0.742405477628
0.734557277151
0.726914133155
0.719474948865
0.712239009251
0.705203793023
0.698366795726
0.691723073649
0.685268252568
0.678996619838
0.672901502044
0.666975038391
0.661206981074
