metodo_3_dt_1:24
4.75419473464e-07
0.0203316723034
0.0406566687269
0.0609708215919
0.0812700508699
0.101550284851
0.121807461115
0.142037527496
0.162236443027
0.182400178875
0.202524719264
0.222606062382
0.242640221271
0.262623224708
0.282551118066
0.30241996416
0.322225844081
0.341964858013
0.361633126028
0.381226788872
0.400742008734
0.420174969994
0.439521879955
0.458778969566
0.477942494118
0.497008733928
0.515973995008
0.534834609714
0.553586937379
0.57222736493
0.590752307492
0.609158208965
0.627441542601
0.645598811547
0.663626549386
0.681521320657
0.699279721359
0.71689837944
0.73437395527
0.751703142105
0.76888266653
0.785909288889
0.802779803705
0.819491040081
0.836039862094
0.85242316917
0.868637896451
0.884681015148
0.900549532881
0.916240494012
0.931750979962
0.947078109521
0.962219039145
0.977170963247
0.991931114472
1.00649676397
1.02086522167
1.03503383649
1.04899999665
1.06276112986
1.07631470354
1.08965822511
1.10278924214
1.11570534259
1.12840415503
1.1408833488
1.15314063426
1.16517376292
1.17698052771
1.18855876306
1.19990634517
1.21102119215
1.22190126419
1.23254456376
1.24294913575
1.25311306767
1.26303448978
1.27271157531
1.28214254058
1.29132564519
1.30025919219
1.30894152824
1.31737104376
1.32554617312
1.3334653948
1.34112723157
1.34853025063
1.3556730638
1.3625543277
1.3691727439
1.37552705912
1.38161606538
1.3874386002
1.39299354675
1.39827983407
1.40329643723
1.40804237751
1.4125167226
1.41671858677
1.42064713107
1.42430156354
1.42768113938
1.43078516113
1.43361297891
1.43616399058
1.43843764196
1.440433427
1.44215088802
1.44358961589
1.44474925024
1.44562947963
1.44623004181
1.44655072386
1.44659136244
1.44635184396
1.44583210478
1.44503213145
1.44395196083
1.44259168036
1.4409514282
1.43903139345
1.43683181632
1.4343529883
1.43159525238
1.42855900317
1.42524468711
1.42165280261
1.41778390022
1.41363858277
1.40921750552
1.40452137631
1.39955095566
1.3943070569
1.38879054632
1.38300234322
1.37694342004
1.37061480243
1.36401756932
1.35715285301
1.35002183919
1.342625767
1.33496592906
1.3270436715
1.31886039391
1.31041754941
1.30171664458
1.29275923942
1.28354694733
1.27408143502
1.26436442243
1.25439768264
1.24418304178
1.23372237883
1.22301762555
1.21207076625
1.20088383765
1.18945892864
1.17779818008
1.16590378456
1.15377798609
1.1414230799
1.12884141204
1.11603537913
1.10300742799
1.08976005524
1.07629580697
1.06261727828
1.04872711289
1.03462800264
1.02032268706
1.00581395286
0.991104633388
0.976197608121
0.961095802087
0.945802185288
0.930319772092
0.91465162061
0.898800832047
0.882770550032
0.866563959933
0.850184288146
0.833634801362
0.816918805824
0.800039646551
0.783000706554
0.765805406025
0.748457201514
0.730959585084
0.713316083448
0.695530257093
0.677605699383
0.659546035648
0.641354922258
0.623036045682
0.604593121531
0.58602989359
0.567350132839
0.548557636455
0.52965622681
0.510649750456
0.4915420771
0.472337098567
0.453038727757
0.433650897595
0.41417755997
0.394622684669
0.374990258306
0.355284283249
0.33550877653
0.315667768773
0.295765303101
0.27580543405
0.255792226484
0.235729754505
0.215622100371
0.195473353411
0.17528760895
0.155068967241
0.134821532415
0.114549411458
0.094256713267
0.0739475479129
0.0536260266417
0.033296265767
0.0129624370545
0.00737203296378
0.0277017423695
0.0480235051975
0.0683330657109
0.0886263330402
0.108899235519
0.129147713298
0.14936771775
0.16955521198
0.189706171599
0.209816585569
0.229882457077
0.249899804405
0.269864661798
0.28977308031
0.309621128648
0.329404893996
0.349120482824
0.36876402168
0.388331657975
0.407819560737
0.427223921362
0.446540954342
0.465766897978
0.484898015075
0.503930593626
0.522860947468
0.541685416936
0.560400369488
0.579002200319
0.597487332964
0.615852219869
0.634093342965
0.652207214212
0.670190376135
0.688039402337
0.705750898009
0.723321500411
0.740747879345
0.758026737616
0.775154811473
0.792128871041
0.808945720731
0.825602199652
0.842095181989
0.858421577389
0.874578331321
0.89056242543
0.906370877873
0.922000743655
0.937449114944
0.952713121377
0.967789930363
0.982676747364
0.997370816181
1.01186941922
1.02616987775
1.04026955216
1.05416584221
1.06785618725
1.08133806648
1.09460899915
1.10766654478
1.12050830338
1.13313191567
1.14553506325
1.15771546882
1.16967089638
1.18139915139
1.19289808098
1.20416557412
1.21519956183
1.22599801729
1.23655895608
1.24688043634
1.25696055891
1.26679746753
1.27638934898
1.2857344333
1.2948309939
1.30367734775
1.31227185556
1.32061292193
1.32869899553
1.33652856923
1.34410018035
1.35141241074
1.35846388699
1.36525328063
1.37177930825
1.3780407317
1.38403635828
1.38976504088
1.39522567821
1.40041721493
1.40533864186
1.40998899616
1.4143673615
1.4184728683
1.42230469384
1.4258620625
1.42914424597
1.43215056337
1.43488038154
1.43733311515
1.43950822694
1.44140522794
1.4430236776
1.44436318405
1.44542340428
1.44620404433
1.44670485951
1.44692565456
1.4468662839
1.44652665179
1.44590671254
1.4450064707
1.44382598127
1.44236534986
1.4406247329
1.43860433782
1.43630442324
1.43372529913
1.430867327
1.42773092009
1.42431654347
1.42062471429
1.41665600186
1.41241102783
1.40789046634
1.40309504417
1.3980255408
1.39268278862
1.38706767298
1.3811811323
1.3750241582
1.36859779553
1.36190314248
1.35494135062
1.34771362497
1.34022122402
1.33246545976
1.32444769769
1.31616935683
1.30763190972
1.29883688235
1.28978585416
1.28048045795
1.27092237983
1.26111335913
1.25105518827
1.24074971267
1.23019883058
1.21940449296
1.20836870324
1.1970935172
1.18558104272
1.17383343952
1.16185291896
1.14964174374
1.13720222762
1.12453673509
1.11164768104
1.09853753042
1.08520879786
1.07166404727
1.05790589141
1.04393699149
1.02976005666
1.01537784357
1.00079315582
0.986008843499
0.971027802574
0.955852974361
0.940487344919
0.924933944447
0.909195846641
0.893276168052
0.877178067402
0.860904744895
0.844459441498
0.827845438206
0.81106605529
0.794124651514
0.777024623352
0.759769404165
0.742362463378
0.724807305625
0.70710746989
0.689266528618
0.671288086818
0.65317578115
0.634933278996
0.616564277511
0.59807250267
0.579461708295
0.560735675073
0.541898209556
0.522953143163
0.503904331157
0.484755651622
0.465511004432
0.446174310205
0.426749509261
0.40724056057
0.387651440693
0.367986142731
0.348248675266
0.328443061314
0.30857333728
0.288643551931
0.268657765396
0.248620048204
0.228534480394
0.208405150733
0.188236156143
0.168031601491
0.147795600115
0.127532275873
0.107245768766
0.0869402499389
0.0666199661417
0.0462894041725
0.0259542334822
0.00564268815262
0.0147504072423
0.0350766536657
0.0553995620061
0.0757100437415
0.0960032558756
0.116274901104
0.136520829657
0.156736951135
0.176919207606
0.197063563875
0.217166003695
0.237222528376
0.257229156451
0.277181923862
0.297076884415
0.316910110359
0.336677693052
0.356375743663
0.376000393884
0.39554779666
0.415014126906
0.434395582227
0.453688383618
0.472888776163
0.491993029713
0.510997439554
0.52989832706
0.548692040324
0.567374954788
0.585943473844
0.604394029424
0.622723082575
0.640927124021
0.659002674702
0.676946286306
0.694754541777
0.712424055819
0.729951475374
0.747333480091
0.764566782781
0.781648129854
0.798574301745
0.815342113328
0.831948414309
0.848390089617
0.864664059771
0.880767281243
0.896696746806
0.912449485869
0.928022564806
0.943413087267
0.958618194485
0.973635065571
0.988460917798
1.00309300688
1.01752862722
1.03176511222
1.04579983446
1.05963020601
1.07325367861
1.08666774395
1.09986993384
1.11285782047
1.12562901661
1.13818117579
1.15051199255
1.16261920258
1.17450058296
1.18615395232
1.19757717104
1.20876814141
1.21972480783
1.23044515698
1.24092721801
1.25116906267
1.26116880552
1.27092460408
1.28043465902
1.28969721429
1.29871055732
1.30747301918
1.31598297473
1.32423884283
1.33223908643
1.33998221283
1.34746677379
1.3546913657
1.36165462979
1.36835525225
1.37479196446
1.38096354311
1.38686881041
1.39250663427
1.39787592846
1.4029756528
1.40780481334
1.41236246256
1.41664769951
1.42065967008
1.42439756711
1.4278606306
1.43104814794
1.43395945408
1.43659393168
1.43895101141
1.44103017203
1.44283094067
1.44435289301
1.44559565345
1.44655889536
1.44724234121
1.44764576285
1.44776898165
1.44761186872
1.4471743451
1.44645638197
1.44545800084
1.44417927371
1.44262032333
1.44078132332
1.43866249839
1.4362641245
1.43358652907
1.43063009113
1.42739524148
1.42388246289
1.42009229022
1.41602531061
1.41168216359
1.40706354124
1.40217018833
1.39700290243
1.39156253404
1.38584998669
1.37986621705
1.37361223499
1.36708910371
1.36029793976
1.35323991315
1.34591624733
1.3383282193
1.33047715957
1.3223644522
1.31399153481
1.3053598985
1.29647108792
1.2873267011
1.2779283895
1.26827785786
1.25837686412
1.24822721933
1.23783078751
1.22718948548
1.21630528273
1.20518020122
1.19381631519
1.18221575092
1.17038068652
1.15831335165
1.14601602722
1.13349104516
1.12074078802
1.10776768868
1.09457422998
1.08116294432
1.06753641328
1.05369726718
1.03964818463
1.02539189209
1.01093116334
0.996268818987
0.981407725955
0.966350796893
0.951100989619
0.935661306522
0.920034793937
0.904224541511
0.888233681539
0.872065388283
0.855722877271
0.839209404573
0.822528266062
0.805682796651
0.788676369511
0.771512395278
0.754194321232
0.736725630466
0.719109841029
0.701350505062
0.68345120791
0.66541556722
0.647247232024
0.628949881811
0.610527225578
0.591983000875
0.573320972838
0.554544933209
0.535658699347
0.516666113233
0.497571040468
0.478377369263
0.459089009436
0.439709891397
0.420243965148
0.400695199284
0.381067580019
0.361365110227
0.341591808528
0.321751708427
0.301848857547
0.281887316984
0.26187116088
0.241804476317
0.221691363756
0.201535938398
0.181342333193
0.161114704948
0.140857246659
0.120574213429
0.100269981231
0.0799491970257
0.0596172384175
0.0392821046867
0.0189684771763
0.00224226426237
0.0218802172538
0.0421932540359
0.0625160903518
0.082829381976
0.103125820601
0.12340023701
0.143648096727
0.163865114176
0.184047122583
0.20419002191
0.224289755481
0.244342298665
0.264343653145
0.284289843992
0.304176918235
0.324000944256
0.34375801169
0.363444231597
0.383055736831
0.402588682505
0.422039246535
0.441403630219
0.460678058842
0.479858782293
0.498942075686
0.517924239979
0.536801602589
0.555570517993
0.574227368331
0.592768563984
0.611190544144
0.629489777378
0.647662762168
0.665706027441
0.683616133087
0.701389670459
0.719023262862
0.736513566024
0.753857268559
0.771051092409
0.788091793275
0.804976161042
0.821701020178
0.838263230128
0.8546596857
0.870887317426
0.886943091925
0.902824012247
0.918527118205
0.934049486705
0.949388232057
0.964540506278
0.979503499389
0.994274439703
1.00885059409
1.02322926827
1.03740780704
1.05138359456
1.06515405454
1.07871665057
1.09206888626
1.1052083055
1.11813249268
1.13083907289
1.14332571214
1.15559011753
1.16763003748
1.17944326189
1.19102762234
1.20238099227
1.21350128718
1.22438646475
1.23503452508
1.24544351082
1.25561150733
1.2655366429
1.27521708886
1.28465105978
1.29383681361
1.30277265187
1.3114569198
1.31988800652
1.3280643452
1.33598441322
1.34364673235
1.35104986889
1.35819243388
1.36507308321
1.37169051783
1.37804348393
1.38413077309
1.38995122242
1.39550371484
1.40078717913
1.40580059022
1.41054296928
1.41501338399
1.41921094865
1.4231348244
1.42678421941
1.43015838906
1.43325663614
1.43607831104
1.43862281193
1.44088958497
1.44287812452
1.4445879733
1.44601872261
1.44717001255
1.44804153217
1.44863301971
1.44894426278
1.44897509857
1.44872541405
1.44819514613
1.44738428194
1.44629285891
1.44492096509
1.44326873921
1.44133637099
1.43912410123
1.43663222205
1.43386107701
1.43081106136
1.42748262213
1.42387625835
1.41999252116
1.41583201403
1.41139539283
1.40668336602
1.40169669477
1.39643619307
1.39090272789
1.38509721922
1.37902064024
1.37267401736
1.36605843033
1.35917501229
1.35202494983
1.34460948304
1.33692990555
1.32898756453
1.32078386074
1.31232024847
1.30359823557
1.29461938337
1.28538530666
1.27589767364
1.26615820579
1.25616867782
1.24593091753
1.23544680568
1.22471827585
1.21374731427
1.20253595965
1.19108630292
1.17940048708
1.16748070691
1.15532920872
1.14294829007
1.13034029945
1.11750763598
1.10445274906
1.09117813799
1.07768635159
1.0639799878
1.05006169324
1.03593416276
1.02160013896
1.00706241174
0.992323817716
0.977387239717
0.962255606235
0.946931890827
0.931419111515
0.91572033017
0.899838651859
0.883777224184
0.867539236594
0.85112791968
0.834546544446
0.817798421567
0.800886900619
0.783815369298
0.766587252616
0.749206012082
0.731675144861
0.713998182927
0.696178692185
0.678220271593
0.660126552257
0.641901196525
0.623547897055
0.605070375888
0.586472383496
0.567757697834
0.548930123381
0.529993490176
0.51095165286
0.491808489716
0.472567901717
0.453233811592
0.433810162913
0.414300919216
0.394710063168
0.375041595812
0.355299535905
0.335487919415
0.315610799225
0.295672245164
0.275676344536
0.255627203405
0.235528949119
0.215385734878
0.195201747828
0.174981223568
0.154728472951
0.134447934201
0.114144281933
0.0938226794511
0.0734894519528
0.0531543078697
0.032840811252
0.0126974830003
0.00859903721357
0.0285734706692
0.0488654242391
0.0691848311872
0.0895005639922
0.109801517324
0.130080987982
0.150333708985
0.170555001979
0.190740471159
0.210885874282
0.230987062049
0.251039947232
0.27104048802
0.290984678649
0.310868544007
0.330688136502
0.350439534286
0.370118840306
0.389722181875
0.409245710589
0.428685602461
0.448038058205
0.467299303617
0.48646559002
0.505533194757
0.524498421705
0.543357601806
0.562107093612
0.580743283822
0.599262587824
0.617661450235
0.635936345423
0.654083778028
0.672100283476
0.689982428469
0.707726811476
0.725330063208
0.742788847074
0.760099859636
0.777259831039
0.794265525438
0.811113741408
0.82780131234
0.844325106827
0.860682029039
0.876869019082
0.89288305335
0.908721144862
0.924380343587
0.939857736768
0.95515044922
0.970255643629
0.985170520844
0.999892320144
1.01441831952
1.02874583591
1.04287222549
1.05679488388
1.07051124641
1.08401878832
1.09731502501
1.11039751224
1.12326384635
1.13591166446
1.14833864468
1.16054250628
1.17252100994
1.18427195784
1.19579319395
1.20708260414
1.21813811639
1.22895770093
1.23953937047
1.24988118031
1.25998122856
1.26983765627
1.27944864761
1.28881243003
1.29792727446
1.30679149542
1.31540345122
1.32376154411
1.33186422046
1.3397099709
1.34729733052
1.35462487902
1.36169124086
1.36849508546
1.37503512736
1.38131012638
1.38731888781
1.39306026258
1.39853314743
1.40373648509
1.40866926449
1.41333052087
1.41771933605
1.42183483856
1.42567620383
1.42924265441
1.43253346013
1.4355479383
1.43828545391
1.44074541982
1.44292729695
1.44483059449
1.44645487008
1.44779973004
1.44886482951
1.44964987272
1.45015461314
1.45037885368
1.45032244692
1.44998529528
1.44936735125
1.44846861751
1.44728914723
1.44582904416
1.4440884629
1.44206760904
1.43976673936
1.43718616199
1.43432623662
1.43118737466
1.42777003939
1.42407474614
1.42010206245
1.41585260821
1.4113270558
1.40652613025
1.40145060937
1.39610132383
1.39047915733
1.38458504667
1.37841998188
1.37198500624
1.36528121646
1.35830976265
1.35107184842
1.34356873091
1.33580172085
1.32777218253
1.31948153384
1.31093124624
1.30212284476
1.29305790794
1.28373806778
1.27416500969
1.26434047239
1.25426624778
1.24394418089
1.23337616968
1.22256416492
1.21151017002
1.2002162408
1.18868448534
1.17691706369
1.16491618768
1.1526841206
1.14022317696
1.12753572212
1.11462417204
1.10149099285
1.08813870052
1.07456986048
1.06078708716
1.0467930436
1.03259044097
1.01818203808
1.00357064091
0.988759102086
0.973750320301
0.95854723979
0.943152849731
0.927570183635
0.911802318721
0.895852375264
0.879723515924
0.863418945059
0.846941908007
0.830295690363
0.813483617224
0.796509052423
0.779375397746
0.762086092124
0.744644610817
0.727054464577
0.709319198798
0.69144239265
0.673427658203
0.655278639535
0.636999011838
0.618592480501
0.600062780206
0.581413674003
0.562648952394
0.543772432414
0.524787956728
0.505699392732
0.486510631681
0.467225587851
0.447848197735
0.428382419316
0.408832231424
0.389201633211
0.369494643808
0.349715302233
0.329867667649
0.309955820149
0.289983862332
0.269955922065
0.249876157133
0.229748762926
0.209577985239
0.189368142021
0.169123661605
0.148849153184
0.128549545276
0.108230381621
0.087898529607
0.067564170146
0.0472479235801
0.0270200420986
0.00767977832717
0.0148086905421
0.0347938189208
0.055061967358
0.0753735079631
0.0956881357149
0.115990918992
0.136273411034
0.156529450936
0.176753857886
0.19694193311
0.217089241489
0.237191505594
0.257244550186
0.277244271392
0.297186618809
0.317067584751
0.33688319765
0.35662951796
0.376302635614
0.395898668485
0.415413761498
0.434844086187
0.454185840542
0.473435249068
0.492588562984
0.511642060518
0.530592047277
0.549434856658
0.568166850294
0.586784418519
0.605283980847
0.623661986452
0.641914914656
0.660039275412
0.678031609778
0.695888490394
0.713606521938
0.731182341586
0.748612619451
0.765894059022
0.783023397577
0.799997406603
0.816812892189
0.833466695417
0.849955692738
0.866276796336
0.882426954483
0.898403151879
0.914202409991
0.929821787367
0.945258379951
0.960509321385
0.975571783297
0.990442975591
1.00512014671
1.01960058391
1.03388161352
1.04796060116
1.06183495204
1.07550211113
1.08895956345
1.10220483422
1.11523548914
1.12804913457
1.14064341773
1.15301602691
1.16516469167
1.17708718299
1.18878131353
1.20024493774
1.21147595208
1.22247229519
1.23323194806
1.24375293419
1.25403331981
1.26407121398
1.27386476881
1.2834121796
1.29271168501
1.30176156724
1.31056015217
1.31910580957
1.3273969532
1.33543204102
1.34320957535
1.35072810303
1.35798621561
1.36498254946
1.37171578603
1.37818465192
1.38438791914
1.39032440523
1.39599297348
1.40139253306
1.40652203922
1.4113804935
1.41596694386
1.42028048491
1.42432025807
1.42808545177
1.43157530164
1.4347890907
1.43772614953
1.44038585653
1.44276763802
1.44487096852
1.44669537089
1.44824041656
1.4495057257
1.45049096746
1.45119586013
1.45162017133
1.45176371826
1.45162636786
1.45120803701
1.45050869272
1.44952835237
1.44826708383
1.44672500573
1.44490228757
1.44279914998
1.44041586484
1.43775275553
1.43481019702
1.43158861612
1.42808849158
1.42431035432
1.42025478751
1.4159224268
1.41131396039
1.40643012922
1.40127172706
1.39583960066
1.39013464985
1.38415782763
1.3779101403
1.37139264751
1.36460646236
1.35755275141
1.35023273483
1.34264768634
1.33479893328
1.32668785665
1.31831589106
1.30968452475
1.30079529956
1.29164981087
1.28224970757
1.27259669196
1.2626925197
1.25253899966
1.24213799381
1.23149141711
1.22060123731
1.20946947479
1.1980982024
1.18648954519
1.17464568019
1.16256883619
1.15026129345
1.13772538338
1.12496348828
1.11197804094
1.09877152435
1.08534647129
1.07170546392
1.0578511334
1.0437861594
1.02951326969
1.01503523961
1.00035489159
0.985475094629
0.970398763704
0.955128859243
0.93966838651
0.924020394992
0.908187977767
0.892174270842
0.875982452479
0.859615742493
0.843077401536
0.826370730361
0.80949906906
0.792465796298
0.775274328515
0.757928119121
0.740430657672
0.722785469036
0.704996112542
0.687066181115
0.668999300414
0.650799127943
0.632469352178
0.61401369167
0.595435894168
0.576739735728
0.55792901985
0.53900757661
0.519979261835
0.500847956294
0.48161756495
0.462292016265
0.4428752616
0.423371274735
0.403784051552
0.384117609953
0.364375990098
0.344563255105
0.324683492411
0.304740816107
0.284739370728
0.264683337294
0.2445769429
0.224424476106
0.204230312182
0.183998955811
0.16373511646
0.143443848831
0.123130833706
0.102802993623
0.0824700211555
0.0621489064616
0.0418816101034
0.0218505922001
0.00577480075453
0.0205383144997
0.0405247280259
0.0607729909928
0.081075143337
0.101385921217
0.121687544552
0.141970089095
0.162226578248
0.182451350115
0.202639405995
0.222786115222
0.242887068221
0.262937997893
0.282934735092
0.302873182282
0.322749297372
0.342559083562
0.362298582815
0.381963871652
0.401551058409
0.421056281499
0.440475708328
0.459805534671
0.479041984374
0.49818130927
0.517219789266
0.536153732536
0.5549794758
0.57369338466
0.592291853974
0.610771308265
0.629128202137
0.647359020713
0.665460280073
0.683428527696
0.701260342896
0.718952337265
0.736501155093
0.753903473798
0.771156004338
0.788255491619
0.805198714885
0.821982488113
0.83860366038
0.855059116237
0.871345776059
0.887460596392
0.90340057029
0.919162727636
0.934744135462
0.95014189825
0.96535315823
0.98037509567
0.995204929148
1.00983991583
1.02427735172
1.03851457192
1.05254895089
1.06637790267
1.07999888109
1.09340938006
1.10660693373
1.11958911673
1.13235354437
1.14489787286
1.15721979948
1.1693170628
1.18118744287
1.1928287614
1.20423888192
1.21541571001
1.22635719344
1.23706132236
1.24752612949
1.25774969025
1.26773012297
1.27746558904
1.28695429309
1.29619448315
1.30518445083
1.31392253147
1.3224071043
1.33063659267
1.33860946412
1.34632423065
1.35377944881
1.36097371991
1.3679056902
1.37457405101
1.38097753896
1.38711493611
1.39298507015
1.39858681458
1.40391908888
1.40898085872
1.4137711361
1.41828897957
1.42253349441
1.42650383283
1.43019919412
1.4336188249
1.43676201926
1.439628119
1.44221651381
1.44452664144
1.44655798793
1.44831008783
1.44978252434
1.45097492957
1.45188698468
1.45251842014
1.45286901591
1.45293860163
1.45272705682
1.45223431108
1.4514603443
1.45040518686
1.44906891978
1.44745167498
1.44555363539
1.44337503521
1.44091616005
1.43817734711
1.43515898538
1.43186151577
1.42828543131
1.42443127731
1.42029965148
1.4158912041
1.41120663819
1.40624670957
1.40101222706
1.39550405256
1.38972310115
1.38367034122
1.37734679455
1.37075353637
1.36389169546
1.35676245417
1.34936704852
1.34170676818
1.33378295653
1.32559701065
1.31715038131
1.30844457299
1.29948114378
1.29026170539
1.28078792308
1.27106151552
1.26108425479
1.25085796617
1.24038452809
1.22966587194
1.21870398188
1.20750089474
1.19605869971
1.18437953823
1.17246560363
1.16031914099
1.14794244677
1.13533786854
1.12250780468
1.10945470399
1.09618106538
1.08268943744
1.06898241804
1.05506265393
1.04093284026
1.02659572013
1.01205408407
0.997310769557
0.982368660478
0.967230686551
0.951899822766
0.936379088784
0.920671548317
0.904780308493
0.888708519192
0.872459372371
0.856036101364
0.839441980167
0.822680322705
0.805754482073
0.788667849776
0.771423854935
0.754025963494
0.736477677404
0.718782533794
0.70094410414
0.682965993411
0.664851839223
0.646605310976
0.628230108999
0.609729963688
0.591108634659
0.572369909906
0.553517604989
0.534555562235
0.515487649992
0.496317761933
0.477049816434
0.457687756053
0.438235547151
0.418697179694
0.399076667319
0.379378047749
0.359605383712
0.339762764567
0.319854308957
0.299884168979
0.279856536638
0.259775653841
0.23964582803
0.21947145711
0.19925707033
0.179007397774
0.158727494179
0.138422972951
0.118100483281
0.09776878423
0.0774415115393
0.0571458372544
0.0369595131826
0.0173056540377
0.00816308032523
0.0258328008113
0.0458343273717
0.0660721550035
0.0863680334396
0.106675750474
0.126976031426
0.147258000161
0.167514098172
0.187738297829
0.207925362054
0.228070499451
0.248169188876
0.268217083895
0.288209957855
0.308143670905
0.328014149506
0.34781737334
0.367549366787
0.387206193284
0.406783951578
0.426278773235
0.44568682101
0.465004287803
0.484227396042
0.503352397356
0.522375572467
0.541293231232
0.560101712796
0.578797385836
0.597376648846
0.615835930487
0.634171689941
0.65238041731
0.670458634008
0.688402893174
0.706209780077
0.723875912532
0.741397941306
0.758772550523
0.775996458057
0.79306641593
0.809979210689
0.826731663782
0.843320631923
0.859743007451
0.875995718672
0.892075730196
0.907980043271
0.923705696092
0.939249764118
0.954609360365
0.969781635702
0.984763779129
0.999553018054
1.01414661855
1.02854188563
1.04273616348
1.05672683571
1.07051132557
1.08408709623
1.09745165095
1.1106025333
1.12353732743
1.13625365819
1.14874919142
1.16102163407
1.17306873445
1.18488828238
1.1964781094
1.20783608896
1.21896013655
1.22984820996
1.24049830937
1.25090847758
1.26107680017
1.27100140566
1.28068046568
1.29011219516
1.29929485247
1.30822673962
1.31690620239
1.32533163054
1.33350145795
1.3414141628
1.34906826773
1.35646234004
1.36359499182
1.37046488015
1.37707070726
1.38341122072
1.38948521361
1.39529152467
1.40082903855
1.40609668589
1.41109344362
1.41581833503
1.42027043005
1.42444884539
1.42835274474
1.43198133895
1.43533388625
1.43840969245
1.44120811107
1.44372854364
1.4459704398
1.44793329756
1.44961666351
1.45102013294
1.45214335016
1.45298600858
1.45354785101
1.45382866981
1.45382830709
1.45354665494
1.45298365559
1.45213930165
1.45101363627
1.44960675335
1.44791879772
1.44594996536
1.44370050352
1.441170711
1.43836093822
1.43527158747
1.43190311307
1.42825602148
1.42433087153
1.42012827451
1.41564889439
1.41089344786
1.40586270454
1.4005574871
1.39497867132
1.38912718626
1.38300401429
1.37661019127
1.36994680652
1.36301500298
1.3558159772
1.34835097942
1.3406213136
1.3326283374
1.32437346223
1.31585815323
1.30708392924
1.29805236275
1.28876507989
1.27922376029
1.26943013709
1.25938599675
1.249093179
1.23855357665
1.22776913549
1.21674185407
1.20547378354
1.19396702745
1.18222374149
1.17024613328
1.15803646205
1.14559703843
1.13293022408
1.12003843139
1.10692412312
1.09358981203
1.08003806052
1.06627148018
1.05229273137
1.03810452277
1.02370961092
1.00911079969
0.994310939778
0.979312928185
0.964119707636
0.948734266007
0.933159635722
0.917398893131
0.901455157869
0.885331592192
0.869031400299
0.852557827628
0.835914160141
0.819103723589
0.802129882757
0.784996040695
0.767705637937
0.750262151704
0.732669095092
0.714930016253
0.697048497565
0.679028154797
0.660872636265
0.642585621993
0.624170822869
0.60563197982
0.586972862983
0.568197270913
0.549309029804
0.530311992764
0.511210039139
0.492007073907
0.472707027183
0.453313853851
0.433831533386
0.414264069918
0.394615492646
0.374889856714
0.355091244767
0.335223769444
0.315291577257
0.295298854511
0.275249836333
0.255148820527
0.23500018919
0.214808443244
0.194578259304
0.174314587167
0.154022825475
0.133709158836
0.11338125911
0.0930499075234
0.072733334896
0.0524716073731
0.0323945862866
0.013401989186
0.0120110583667
0.030709566387
0.050745344586
0.070983625187
0.0912772592733
0.11158279893
0.13188102965
0.152160833478
0.172414430965
0.192635629081
0.212819071575
0.232959881325
0.253053475004
0.273095460604
0.293081577775
0.313007661607
0.33286961989
0.352663418454
0.372385071511
0.392030635208
0.411596203273
0.431077904082
0.450471898683
0.4697743795
0.488981569511
0.508089721767
0.527095119152
0.545994074331
0.564782929825
