metodo_1_dt_1:24
3.96786040843e-05
0.00304326078979
0.00299690311943
0.00303402985361
0.00307092433434
0.00302361751562
0.00305999031562
0.00301315046592
0.00305033328887
0.0030039935671
0.00304065153008
0.00307713919599
0.00302978591687
0.00306672770861
0.00302023779146
0.00305751581544
0.00301046355948
0.0030469012287
0.00299961467692
0.00303665684565
0.00299014633518
0.00302742356785
0.00306448783623
0.00301677087831
0.00305374367196
0.00300668728298
0.00304448757372
0.00299748078851
0.00303469404
0.00304126358053
0.00307763047983
0.00303109507433
0.00306834331418
0.00302168772819
0.00305829507849
0.00301087876669
0.00304769756307
0.00300093890591
0.00303859875453
0.00299165631549
0.00302868975466
0.00303555544556
0.00307198472465
0.00302553788173
0.00306278729859
0.00301596385887
0.00305260439277
0.00300514094637
0.00304233137854
0.00299556679275
0.00308722858896
0.00304048396349
0.003076849775
0.003029469958
0.00306654587059
0.00301993461222
0.00305777809154
0.00306494284557
0.00310114196876
0.0030538483573
0.00309095320691
0.00304438982182
0.0030822280326
0.00303498854748
0.00312547352526
0.00307818999076
0.00303141755095
0.00306892160726
0.00302222316764
0.00311339325369
0.00306607372866
0.00310257960155
0.00305580149658
0.00309365508978
0.00304685663279
0.00305414662482
0.00309021656785
0.0030430377272
0.00308045159785
0.00303393482925
0.00312523721211
0.00307805721734
0.00311475008288
0.00306755659256
0.00307551540001
0.00311246872912
0.0030657197079
0.00310257737349
0.00305512396157
0.003146006324
0.00309939813014
0.00305292620031
0.00309042021528
0.00309718179426
0.00313353173364
0.00308646042895
0.0030398903296
0.00313156249281
0.00308466950497
0.00312144384306
0.00307407066726
0.00308139913586
0.00311850143232
0.0030719742587
0.00310966895216
0.00311578681759
0.00306837771178
0.00310572688174
0.00311327704542
0.00306667110903
0.00310352641873
0.00305614814858
0.00314682571866
0.00309997931358
0.00305350259496
0.00314500274999
0.00309788600381
0.00305044149746
0.00314136353149
0.00309451950669
0.00313230238119
0.00313959708719
0.00309236360487
0.00312899169292
0.00313586959286
0.00308902717811
0.00312659178093
0.00313404434817
0.00308670653765
0.00312326235985
0.0031302572112
0.00308343584593
0.00312100582478
0.00312832378453
0.00308091841617
0.00311761585659
0.00312445588809
0.003077695653
0.0031155184245
0.00312243095995
0.00307501895021
0.00316573787464
0.00311856844625
0.00307193285646
0.00316348931015
0.00311653599493
0.0031238558356
0.00315978918968
0.0031128752928
0.00312056635803
0.003157806388
0.00316499679699
0.00311738245882
0.00315429106835
0.00316101428002
0.00311439790051
0.00312244550749
0.00315877418526
0.00311142510463
0.00311811272214
0.003155294021
0.00316258672066
0.00311582265037
0.00320675131323
0.00315924043543
0.00316635106934
0.00311918632281
0.00315688983106
0.00316384270671
0.00311659279279
0.00320711311729
0.00315990161867
0.00316713673637
0.00312041015237
0.0032116807976
0.00316441068717
0.00317120285241
0.00312363879028
0.00321492394082
0.00316824568874
0.00317585655613
0.00312812894785
0.00316494135644
0.00317125408465
0.00312464565283
0.00313207019304
0.00316945966385
0.00317558502399
0.00312814657186
0.00313493794352
0.00322629195233
0.00317953914088
0.00318688044331
0.00313905429026
0.00322953296734
0.00318237290863
0.003189822748
0.00314297021937
0.00315033298207
0.00318649445504
0.0031928410362
0.00314571243364
0.00315319918108
0.00319076163056
0.00319709897595
0.00320380080348
0.00315596976407
0.00316343868285
0.00320044036309
0.0032074820157
0.00316023309313
0.00316660541944
0.00317383878571
0.00321010991122
0.00321742582739
0.00317046791202
0.00317722874171
0.00312943305572
0.00322001078209
0.00322708637993
0.00318025799567
0.00318747570475
0.00313986848037
0.00323023526564
0.00323678889444
0.00318984321405
0.00319710423681
0.0031500369247
0.00315651162397
0.00324678712019
0.00319952906888
0.00320639434783
0.00321391849576
0.00316650605192
0.00317315366698
0.00326326515651
0.00321586554854
0.0032229250444
0.00317614271339
0.0031828183573
0.00318952467254
0.00322584923259
0.00323208982465
0.00323923262677
0.00319239070183
0.00319895941716
0.00320553855083
0.00315747741084
0.00324825248093
0.00325524534636
0.00320856567133
0.00321490192282
0.00322119193904
0.00322792653738
0.00318006667032
0.00318738699062
0.00327821127302
0.00323079701461
0.00323680871928
0.00324319427491
0.0031958604238
0.00320288013211
0.00320997501056
0.00321685808004
0.00325254141292
0.00325856506395
0.00326532946868
0.00321859152199
0.00322516796776
0.00323149565676
0.00323784756512
0.00318982850841
0.00319665417116
0.00320387192882
0.00329434772685
0.00324686795956
0.00325262184638
0.00325892092721
0.00326583949031
0.00321875074005
0.00322528457617
0.00323146306639
0.00323772007275
0.00318978374343
0.00319657687338
0.0032035793365
0.00329396252233
0.00330009964495
0.00325228532302
0.00325846119485
0.00326516538837
0.00327208957055
0.00327867320888
0.00323047291893
0.00323637578858
0.00324276235778
0.00324972647484
0.00325671707134
0.00320867007604
0.00321452648159
0.00322058180556
0.00322712262116
0.00331769148986
0.00332440678356
0.00327693856603
0.00328255556449
0.00328842009968
0.00329477458379
0.00330153076031
0.00330824950644
0.00326045702798
0.00326611905186
0.00327196403048
0.00327840037975
0.00328517179658
0.00329172259548
0.00329787316333
0.00324951739519
0.0032554073283
0.00326176980361
0.00326845276737
0.00327484388528
0.00328082345091
0.00328656203965
0.00329266467237
0.00329921797157
0.00325155258859
0.00325776101805
0.00326355954367
0.00326917138933
0.00327519179586
0.00328169630106
0.00328826799707
0.00329453469967
0.00330028041585
0.0033059944261
0.00331203568592
0.00326425604529
0.00327071876319
0.00327672101224
0.00328234002981
0.0032878846726
0.00329390601007
0.00330034822837
0.00330671500989
0.00331269246531
0.00331819854768
0.00332379873529
0.00332984342799
0.00333621320262
0.00334255115018
0.00334835818769
0.00335384093679
0.00335942275728
0.00336541344596
0.003288501594
0.00329472577343
0.00330039343463
0.00330577368217
0.0033112490924
0.0032627654136
0.00326912188143
0.00327521065467
0.00328086111647
0.00328624027897
0.00329179334979
0.00329789578782
0.0033581348976
0.00336404672441
0.00336951444797
0.00337476058299
0.00338023322021
0.00330291465332
0.00330901855651
0.0033147514568
0.00332005271772
0.00332519603327
0.00333067861152
0.00333658949924
0.00334269138364
0.00334844251814
0.00335367687185
0.00335889335825
0.0033645105696
0.00328650934923
0.00329252128457
0.00329815260809
0.00330336182639
0.00330851298223
0.00331417577606
0.00337424139481
0.0033800930968
0.00338548176203
0.00339054897496
0.00331200417755
0.00331741967558
0.00332321742934
0.00332905284781
0.00333447501109
0.00333957758102
0.00334478470542
0.0034041718384
0.00332663893289
0.003332135991
0.00333715397634
0.00334196855145
0.00334702194916
0.00335264402797
0.00335865277796
0.00336449000113
0.00333982756558
0.00334437581408
0.00334923926046
0.00335469769278
0.00336045049522
0.00336611648335
0.00337140080976
0.00334641044498
0.00335112843817
0.00335640154503
0.00336205700116
0.00336753529733
0.00337266201168
0.00334787001818
0.00335250733931
0.00335771508132
0.00336327039276
0.00336862653808
0.00337367334062
0.00334867796325
0.00335331930758
0.0033586026343
0.00336407419778
0.00336939554245
0.00342792030002
0.00334888312959
0.00335363281775
0.00335902846684
0.00336463954891
0.00342352500109
0.00334436270871
0.00334865968364
0.0033536414072
0.00335926715881
0.00341838749092
0.0033395112349
0.00334376161545
0.00334837095326
0.00340743495111
0.00341264745016
0.00333400427086
0.00333860278432
0.00339722015489
0.00340148698928
0.00340654729326
0.00332782410025
0.00338724188605
0.00339151994653
0.00339583838495
0.00340071534834
0.00337564465057
0.00338054376209
0.00338555224866
0.00344402135297
0.00336449004983
0.00336867992949
0.00337375424262
0.00343278473689
0.0033538110298
0.00335796616837
0.00341634419625
0.00342053760118
0.00342564314753
0.00340107915548
0.00340526090105
0.00340940899534
0.00341390757592
0.00338818755451
0.00339281633962
0.00339800308216
0.00345635117666
0.00337653404502
0.00338063115525
0.00343893774349
0.00344387085722
0.00336470823981
0.00342311150203
0.00342705650779
0.0034018007434
0.00340552589083
0.00341023173582
0.0034689640246
0.00338936453433
0.00339309435192
0.0034510431763
0.00345541011019
0.00337617156064
0.00343477122591
0.00343889905149
0.00341322579282
0.00341652587629
0.00342098320004
0.00347952837925
0.00340007808483
0.00345827312083
0.00346165138009
0.00338157331218
0.00344000432055
0.00344448876294
0.00341948735416
0.00342266420071
0.003426359466
0.00340049822856
0.00340440221949
0.00346298312337
0.00346710205328
0.0034413214878
0.00344424339521
0.00344831455164
0.00342252560543
0.00342680354152
0.00348478331281
0.00340440325283
0.00346198447523
0.00346553787001
0.00344038549113
0.00344404272998
0.00344829578821
0.00342159756748
0.0034248488441
0.00348245181824
0.00340269144305
0.00346088750754
0.00346477559472
0.00343820562322
0.00344123637032
0.00349886452939
0.00341903441301
0.00347711809928
0.00348083315605
0.00345411938769
0.00345713848748
0.00343125564864
0.00343489005899
0.00349277456488
0.00341224845694
0.00346935384612
0.00347258717704
0.00344637050293
0.00345019045517
0.00350781128659
0.00342719119445
0.0034841138762
0.00345809655034
0.00346088735023
0.00351878649343
0.00343848707491
0.00349565593933
0.00349851311631
0.00347164937872
0.00347523887568
0.00344909916105
0.00345247663281
0.00350927362587
0.00348252742048
0.00348517552198
0.00345909609741
0.00346238212515
0.00351965656647
0.00343861256891
0.00349516716459
0.00346878995925
0.00347174917522
0.00352920468916
0.00344855708319
0.00350511929254
0.00347823095978
0.00348080418458
0.00345455734645
0.00345769776076
0.00351455368312
0.00348750751538
0.0034897678831
0.00346282764315
0.00352025453373
0.00352337667371
0.00349629897185
0.00349884794335
0.003471071522
0.00352799986356
0.00344728043906
0.00350434669098
0.00347770527869
0.00347939327506
0.0035356945368
0.00350899144142
0.00351192038717
0.00348500446688
0.00354144774076
0.00345955960666
0.00351589461858
0.00348933996827
0.00349181373256
0.00354863064682
0.00352121899873
0.00352329386397
0.00349541471092
0.00355216757352
0.00347122015738
0.00352780580442
0.00350028940441
0.00355614577012
0.00347433195726
0.00353094484984
0.00350441709882
0.00350646188356
0.00347852095404
0.0035343401199
0.0035072882553
0.00350918093676
0.00348214003334
0.00353841982537
0.00345619334613
0.00351193989308
0.00356799731985
0.0035409012941
0.00354355467321
0.00351541971057
0.00357111497251
0.00354307236326
0.00354530121466
0.00351748456238
0.0035739261035
0.00354612901693
0.00346367332241
0.00351919012763
0.00349151410663
0.00354773888342
0.00352077665625
0.00352188414557
0.00349343249097
0.00354888789484
0.0035213222587
0.00357744979344
0.0034954142658
0.003551031608
0.0035225208056
0.00357786191883
0.00355031556506
0.00355217611725
0.00352401982052
0.00357945485825
0.00355089439244
0.00360608773835
0.00352418350918
0.00349623434659
0.00355197994681
0.00352349763431
0.00357840152795
0.00355027262047
0.00355181313423
0.00352363790061
0.00357921721164
0.00355041276619
0.00352181973927
0.00357677105639
0.00354911818905
0.00355043247404
0.00352181436198
0.00357678979706
0.00354766080975
0.00360282608622
0.00357461947399
0.00354683737393
0.00360175988346
0.00351845386405
0.00357331533759
0.00354444145591
0.00359997711857
0.0035715488249
0.00354294064054
0.00359729183517
0.00356833483205
0.00362317691667
0.00359497917866
0.00351218238973
0.0035671406596
0.00353756187502
0.00359220725054
0.00356327113078
0.00353479631486
0.00358983780744
0.00356078000808
0.00361489375165
0.00358563416779
0.00355703100458
0.00361184079128
0.00358326308236
0.00363743571219
0.00360801789022
0.00357889645208
0.00363328133557
0.00355040900283
0.00360549492515
0.0035756243103
0.00354575125263
0.00360024160239
0.00357096452548
0.00354206249659
0.00359674238701
0.00356693771641
0.00353700398493
0.00359123984927
0.00356207689861
0.0036170016046
0.00358747804837
0.0035574944157
0.00361139880682
0.00358165833633
0.00355244466373
0.00360709371665
0.00357740177242
0.00354733452625
0.00360114835019
0.00357133571228
0.00354192110478
0.00359656684548
0.00362111591788
0.00367421750617
0.00364413463812
0.00361445525399
0.00366847406941
0.00363904538409
0.00360918900098
0.00366236372799
0.00363208306531
0.00360221385344
0.00357279792921
0.00362670990854
0.00359653036076
0.00356604005581
0.00361947007992
0.00358948622629
0.00355972972234
0.00366779711535
0.00363752700911
0.00360697958781
0.0036598799089
0.00362990215889
0.00360017183024
0.00365385130545
0.00362316191755
0.00359233067913
0.00356177181221
0.00366963382722
0.00363978203638
0.00360961436056
0.00366226501073
0.0036313254071
0.00360070054054
0.0036544521313
0.00362433109325
0.00364806057882
0.00361717716014
0.00366939236227
0.00363868004056
0.00360840666511
0.0036620966948
0.0036314137357
0.00365445325172
0.00362328529598
0.0036758789578
0.00364548756076
0.00361507628702
0.0035842136847
0.00369077500995
0.00365946840986
0.00362858172487
0.00359807028117
0.0036512479438
0.00367444308263
0.00364293918785
0.00369492983179
0.00366397319661
0.00363335302477
0.00365719567092
0.00370903476926
0.00367738326751
0.00364587050001
0.00361482540363
0.00372186900963
0.00369086460538
0.00365935490693
0.00362754720657
0.00359594375689
0.00370260113508
0.00367166037029
0.00364046470631
0.00360876902547
0.00371461766243
0.00368287920934
0.00365162756653
0.0036205734077
0.00372695269527
0.00369511384123
0.00366302518043
0.00363126781467
0.00365434639766
0.00370641718998
0.00367486102436
0.0036971110139
0.00366473097379
0.00363273148721
0.00368510220748
0.00370765692389
0.00367583943702
0.00364350786732
0.00366593830762
0.00371691245683
0.00368535135532
0.00365383676928
0.0036760410891
0.00364340598185
0.00369481236184
0.00371665058382
0.00368487577713
0.00365309797492
0.00367537088665
0.00372593141261
0.00369342967016
0.00371544235617
0.00368348342244
0.00365147555508
0.00367359006202
0.0037239118264
0.00369130695049
0.00371319192525
0.00368109582287
0.00364891005612
0.00367065949469
0.00372099026369
0.00374245585962
0.00370991584825
0.00367774815238
0.00369984324783
0.00366665410802
0.003717347766
0.00373824004563
0.0037057434834
0.00372784692974
0.00369506959239
0.0036618523415
0.00368306466138
0.00373326446999
0.00375495277671
0.00372231712581
0.00368950058187
0.00371042121484
0.00367682718975
0.00369837169113
0.0037486987501
0.00371625288867
0.00373714158583
0.00370360008029
0.00372422332132
0.00369077791819
0.00371262570501
0.00367939381689
0.00372996135569
0.00375001771716
0.00371637900293
0.00373703699204
0.00370410502229
0.00372534734072
0.00369160511565
0.00371221040382
0.00367801918385
0.00378225059793
0.00374908369881
0.00377016595227
0.00373621850148
0.00375653078781
0.00372227099951
0.00368871532656
0.00370967241519
0.00367609616861
0.00369640267181
0.00374593326643
0.00376553065339
0.00373208475633
0.00375257982489
0.00371903701667
0.00373876345238
0.00375885303604
0.00372420619256
0.0037450395949
0.00371099103
0.00373165954254
0.00369682202175
0.00379981397034
0.00376560344545
0.00378568991955
0.00375196424743
0.00377190879668
0.00373731626156
0.00375659373954
0.00372220257029
0.00374221578793
0.00376263650631
0.00372790781972
0.00374747975931
0.0037122235579
0.00373200463759
0.00369761119655
0.00371773347404
0.00382069346851
0.00378576935502
0.00380462207272
0.00377020431509
0.00378973939853
0.00380956177269
0.00377466561288
0.00379347313783
0.00375835701392
0.00377750257528
0.00379740050455
0.00376257683173
0.00378170748158
0.00374620915687
0.00376490785913
0.00378424805251
0.00374948909629
0.00376877426501
0.00378791173895
0.00375193015373
0.0037706195325
0.00373556118407
0.00375477242758
0.00377407560036
0.0037382875078
0.00375659446537
0.00377525208862
0.00373989059524
0.00375899876234
0.00377811126985
0.00374208486086
0.00376014764365
0.003778770403
0.00374317398416
0.00376216804986
0.0037809000788
0.00374471976326
0.00376264826
0.00378097129387
0.00379998976865
0.00376411152199
0.00378257288165
0.00380069632509
0.00376398455791
0.0037821340332
0.00380074648018
0.0037651454372
0.0037831847237
0.00380079979252
0.00381859368075
0.00378236845826
0.00380061725338
0.00381901920201
0.00383705887876
0.00380016680281
0.00381757044074
0.00383549762365
0.00385377508409
0.00381776013704
0.00383528178587
0.00385241160629
0.0038698077514
0.00374985061702
0.00376791911496
0.00378597594282
0.0038035879187
0.00376590865166
0.00378310050215
0.00380081033665
0.0038187402616
0.00378216498161
0.00379920856475
0.00381601912951
0.00383299480801
0.00385057117312
0.003814299749
0.00383157272183
0.00384827786603
0.00386488795515
0.00379873154197
0.00381619345585
0.00377889202196
0.00379605467551
0.00381273480824
0.00382916956826
0.00384603324747
0.00380904295026
0.00382626129021
0.0038431053594
0.00385938219814
0.00387566321133
0.00380930884167
0.00382649681265
0.00378876700055
0.0038052979943
0.00382146845646
0.00383760063167
0.00385413099087
0.00387105820842
0.00388784708936
0.00385021775057
0.00378237498389
0.00379833666635
0.00381472006724
0.00383136233933
0.0038479900396
0.00386412102321
0.00387985154238
0.00384164415775
0.00385784824206
0.00379061312658
0.00380687591147
0.00382272201449
0.00383821442844
0.00385384642874
0.00386993078865
0.00388627444658
0.00390237893906
0.00383501738225
0.00385017483411
0.00381099784206
0.00382694453168
0.00384309729588
0.00385895641863
0.00387429585539
0.00388939871303
0.00382114219805
0.00383690751948
0.00385282381859
0.00386839624258
0.00388335892726
0.00389824169375
0.00383019102515
0.00384574884283
0.00386140134217
0.00387666703755
0.00389143966509
0.00390610010676
0.00392112159568
0.00385342907153
0.00386880866777
0.00388376699041
0.00389826272758
0.00391271741971
0.0039275784705
0.00385972333025
0.00387483961382
0.00388950945798
0.00390375839265
0.00391804168777
0.00384966119246
0.00386461352914
0.00387949413943
0.00389391333016
0.00390796407836
0.00392212744316
0.00385337589701
0.00386818910173
0.00388287950352
0.00389710448426
0.00391102368266
0.00384150825285
0.00385591374177
0.00387064666396
0.00388521001095
0.00389931557693
0.00382921848301
0.00389761461419
0.0039117775705
0.00392613085612
0.00394027238104
0.00387069994635
0.00388396627523
0.00389756825494
0.00391171858613
0.00392611702935
0.00385642479366
0.00386988639315
0.00393743906718
0.00395087619909
0.00388168979453
0.00389548821759
0.00390901346627
0.00392215424291
0.00393529204747
0.00386505076076
0.00387890241035
0.00394704743059
0.00396027389779
0.0038899189786
0.00390254388553
0.00391570452504
0.00392942055528
0.00385939063357
0.00392712308917
0.00393947625394
0.00395199855665
0.00388170106714
0.00389498168495
0.00390845176748
0.00397547065946
0.00390471659682
0.00391683716059
0.00392960090114
0.00394299735621
0.00387248565729
0.00393949664786
0.00395136390537
0.00396358425155
0.00389297400467
0.00390596412809
0.00397301628865
0.0039020912817
0.00391374983186
0.00392575116367
0.00393847930289
0.00392235662684
0.00393451017886
0.0039463107537
0.00395813696412
0.00388651028736
0.00395328364654
0.00396565560859
0.00389447109478
0.00390611682213
0.00397195453507
0.00398357631248
0.00391236101583
0.0039247973251
0.00399087453488
0.00391898404511
0.00393002214465
0.00394186917976
0.00392497988187
0.003936579992
0.00394823610234
0.00395969138407
0.00394138995446
0.0039526521355
0.00396462297407
0.0039474783133
0.00395846904837
0.00396932488293
0.00389671299684
0.0039623619939
0.00397384087273
0.00390193379063
0.00396746756882
0.0039778258523
0.00390518664962
0.00397073260083
0.00398181628903
0.00390977980317
0.00397501988673
0.00398510415066
0.00391218914109
0.00397760472584
0.00398850974892
0.00391608974974
0.00398112469994
0.00399086476085
0.00391775379754
0.00398302843895
0.00399367646542
0.00392105491195
0.00398557357637
0.00399533234959
0.00392202106226
0.00398684599459
0.0039975903772
0.00392454998544
0.00398867891153
0.00399841953142
0.00397941084028
0.00398941973565
0.00391659269999
0.00398098035
0.00399054436327
0.00397124186662
0.00398054718888
0.00399090318509
0.00397199776992
0.0039815592535
0.00404514218928
0.00397093697263
0.00398075964492
0.00396153420303
0.00397135940907
0.00403500754739
0.00396072363172
0.00402404244111
0.00395011295943
0.00395975988508
0.00402362974132
0.003949408818
0.00401249683138
0.00402145119376
0.00400152756115
0.00401094690923
0.00399156666704
0.00400004049007
0.00406276935565
0.00398802862579
0.00399723239932
0.00397733178107
0.0039864778368
0.00404910840788
0.00397407720904
0.00403660157023
0.00396215798086
0.00402551938576
0.00395090301852
0.00401351007882
0.00402167248701
0.00400063173603
0.00400933476721
0.00398904778899
0.00399747663499
0.00405964125056
0.00398403275739
0.00404626531935
0.00397146791346
0.00403415666795
0.0040138913844
0.00402099849398
0.00399997341762
0.0040072075267
0.00406976128104
0.00399463081085
0.00405680675799
0.00398087364387
0.00404233153148
0.00396666972515
0.00402897760907
0.00409121101936
0.00401543056893
0.00407682181942
0.00400056610997
0.00406218034055
0.00398672190654
0.00404870809208
0.00402731279496
0.0040336550084
0.00401179741391
0.00401878378683
0.00399737829379
0.00405918065108
0.00406590743873
0.00404349059881
0.00405006815786
0.00402794943439
0.00408960616565
0.00401337372559
0.00407415772384
0.00399715233734
0.00405782319585
0.00403598522935
0.00404285776346
0.00402059007923
0.00408118961265
0.00400377343063
0.00406426060371
0.00398764870893
0.00404863044914
0.00402639332007
0.00403225644576
0.00400890611952
0.00406918669692
0.00399230891104
0.00405302831675
0.0040305302847
0.00403602441406
0.00401244192296
0.00407251067032
0.00399544005582
0.00405599365008
0.00403296083524
0.00409257768504
0.00401437606316
0.00407424362482
0.00405166130336
0.00405735090645
0.00403385874472
0.00409317486823
0.00401480695587
0.00407449818472
0.0040513444897
0.00411128512073
0.00403316776944
0.00409222573027
0.00406813383851
0.0041275594505
0.00404975414357
0.00410944292576
0.00408542633749
0.00400654476643
0.00406528048601
0.00404139364418
0.0041008881919
0.0040226790233
0.00408154442804
0.00405675019757
0.00411532517969
0.00409147942394
0.00409632953955
0.0040719223588
0.00413042879021
0.00410552665453
0.00402625416448
0.0040851282846
0.00406093761856
0.00411959290743
0.00409484564412
0.00409840732613
0.00407310431431
0.00404864044727
0.00410728345865
0.00408282426695
0.00408611805869
0.00406037621945
0.0041183740624
0.00409356785697
0.00415197199757
0.00412701222229
0.00404690980379
0.00410436591539
0.00407888127569
0.00413700949555
0.00411208395621
0.00408702909558
0.00408947976649
0.00406329772182
0.0041208764538
0.00409556815718
0.00415339008198
0.00412764349551
0.00410172787835
0.00410417982579
0.00407809406793
0.00413586694015
0.00411006821315
0.00408401631807
0.00414050820339
0.00411417346336
0.00417112185384
0.00409125169552
0.00406510123628
0.00412188708648
0.00409489200587
0.00415142948434
0.00412503050039
0.00409907669487
0.0041559591656
0.00412922786283
0.00410237508142
0.00415828385554
0.00407739227161
0.00413461611598
0.00410771207796
0.00408044595526
0.00413629542522
0.00410899941766
0.00408241070479
0.00413892790176
0.00411195988318
0.00416763043721
0.00413990189061
0.00411271345987
0.00416878943465
0.00414192977518
0.00411479021982
0.00417001722086
0.0041421686343
0.0041147665061
0.00417040204444
0.00414345490138
0.00411605348148
0.00417068289351
0.0041426392352
0.0041978162524
0.0041704396323
0.00414309492856
0.00419808014081
0.0041697106762
0.00414141410962
0.0041962241254
0.00416869270263
0.00414099850241
0.00419554154274
0.00416694253552
0.00413835049242
0.00419301462007
0.0041651636958
0.00413707089819
0.00419140217213
0.00416243297758
0.00413351928912
0.00418816012426
0.00415995429509
0.00413143164998
0.0041856849193
0.00415633622099
0.00412709162555
0.00409832343941
0.0041532662998
0.00417880475603
0.004149669656
0.00420273756449
0.004173358349
0.00414455802154
0.00419870804453
0.00416960239278
0.00413987391706
0.00419323191663
0.00416362692046
0.00413434966887
0.0041601585417
0.00421322443641
0.00418330361593
0.0041531351837
0.00420626407958
0.00417688123976
0.0041474049211
0.00411761151019
0.00417059965565
0.00419450012852
0.00416442186379
0.00421770111612
0.00418790267793
0.00415774741812
0.00412702023692
0.00417968166561
0.00420366439017
0.00417367530871
0.00422664614331
0.00419600803081
0.0041650704252
0.00413407011177
0.00424108903304
0.00421092007738
0.00418045749143
0.00414958852817
0.00420149127859
0.00422472997188
0.00419388996274
0.00416342501572
0.00421559425137
0.00418437752777
0.00415272462043
0.00417599535148
0.00422767099764
0.0041969290377
0.00416589693948
0.00418909772355
0.00423979825966
0.00420804152549
0.00417685080189
0.00414581569274
0.00425177074347
0.0042198156941
0.00418754275238
0.00415568074966
0.00426171369983
0.00423021055729
0.00419844211397
0.00416605571137
0.00418847254004
0.00423895181827
0.00420713748955
0.00417548636043
0.00419803962051
0.00424803820042
0.0042153639184
0.0041830864853
0.00420541497063
0.00417330891756
0.00422398084875
0.00424521266109
0.0042121451535
0.00417951168834
0.00428464773562
0.00425223630812
0.00421936649684
0.00418600016156
0.00420734031444
0.00425735754034
0.00422480974242
0.0042464225529
0.00421310241967
0.00417945970002
0.00428328024924
0.00425017905681
0.00421741130712
0.00423886480289
0.00420500431434
0.00417100400184
0.00427468981849
0.00424131763138
0.00420812246044
0.0042292211518
0.0041951062266
0.00424418479739
0.00426409140445
0.00423049607459
0.00425172051576
0.0042177239698
0.00418329946508
0.00428607417364
0.00425176525846
0.00421801248867
0.0042386071619
0.00420434498079
0.00422442562895
0.00427212578142
0.00423773319517
0.00425786671042
0.00422371303428
0.00424389822224
0.00420848273097
0.00425660663599
0.00427587791623
0.00424152458354
0.00426154082338
0.00422648710454
0.00424593897405
0.00429300785762
0.00425819077231
0.00427760847223
0.00424286438449
0.0042620079174
0.00422615086262
0.00424518923558
0.00429266562161
0.0043120235825
0.00427668545016
0.00424117119772
0.00425932677149
0.00422336552304
0.00424227249147
0.00420686079215
0.0043087570675
0.00427285162075
0.00429069025088
0.00425446980145
0.00427307274311
0.00423738226751
0.0042560786142
0.0042194417368
0.00432011739061
0.00428374144105
0.00430191000873
0.00426603498069
0.00428413507071
0.00424729267586
0.0042647219917
0.00422783206332
0.00424602598916
0.00429295683315
0.00431035235306
0.00432769114605
0.0042901932373
0.0043077075245
0.00427089234065
0.00428888210245
0.00425163638613
0.00426870593563
0.00423082391803
0.00433092459849
0.00429430497399
0.00431142971371
0.00432848144235
0.00429048370184
0.00430698625746
0.00426935914387
0.00428655480485
0.00424923299898
0.0042657865834
0.0042823728763
0.00424377251213
0.00434331726967
0.00430609727631
0.00432251334724
0.00433873241659
0.00430012323399
0.00431593424687
0.00427795928843
0.00429448521979
0.00431096398393
0.00427223623571
0.00428771130397
0.00430360075161
0.00426486191589
0.0042812755685
0.00424278502144
0.00434127782196
0.00435627301258
0.00431746665965
0.00433295386393
0.00434884003562
0.00431027152049
0.00432513083015
0.00433997212623
0.00430063632569
0.00431599275831
0.00433178480664
0.00429251161764
0.00430709418606
0.00432168983892
0.00428195586733
0.00429720621372
0.00431255569543
0.00427283297121
0.00428705604134
0.00430145477832
0.00431622689008
0.00427627842919
0.0042912236804
0.00430598146416
0.00426512570315
0.00427901491509
0.0043761537249
0.00439086772245
0.00435112941584
0.00436493368725
0.00437854394838
0.00439216118309
0.00435174899329
0.00436600852456
0.00438010608898
0.00433957155278
0.00435253836335
0.00436580962952
0.00437947539208
0.00433929820688
0.00435294352134
0.0043660227002
0.00437883185417
0.00439198084586
0.00435103834577
0.00436451608256
0.00437792350732
0.00439073670713
0.00434917174612
0.0043616725162
0.00437467372938
0.00438803143891
0.00440099642946
0.00435922344855
0.00437133044242
0.00438361287501
0.00439649890833
0.00440941806877
0.0043679238827
0.00429670625422
0.00430855418483
0.00432085804468
0.00433348436507
0.00434632191229
0.00430361243508
0.00431520546967
0.00432682836655
0.00433868430387
0.00435108449055
0.00436336774088
0.00437533475712
0.00433179394689
0.0043430519581
0.00435457123051
0.00436659621941
0.00437843103468
0.00438991029299
0.00440081801868
0.00435738131372
0.00436856200302
0.00438020417792
0.00439158530611
0.00440258236965
0.00441304756148
0.00442370948579
0.00435216203406
0.00436359365193
0.00431971023221
0.00433030691736
0.00434041005463
0.00435076798205
0.00436142835045
0.00437244764704
0.00438320031673
0.00439327911481
0.00440316643832
0.00441310651008
0.00442360465799
0.00443415005089
0.00444449569863
0.00437199006015
0.004326309203
0.00433607214553
0.00434613245193
0.00435643705679
0.00436636519993
0.00437562744135
0.00438481822268
0.00439416601023
0.00440405653699
0.00441400089424
0.00442339636104
0.00434953528447
0.00435835952109
0.00436738104293
0.00437692726481
0.00438646715546
0.00439541884997
0.00440400694482
0.00441252546678
0.00442128613587
0.00443054573958
0.00443973819057
0.00436542305546
0.00437359043953
0.00438175548826
0.004390324484
0.00439910497028
0.00440789008039
0.00441616970265
0.0044239164549
0.0044318675156
0.00435710208626
0.00436566889305
0.00437392653243
0.00438180045595
0.00444386688168
0.00445131885772
0.00445909732229
0.0044672690028
0.00439266514498
0.00439993420588
0.00440677677888
0.00441395749032
0.0044216097282
0.00442948428809
0.00443708254373
0.0044440498474
0.00436771317345
0.00437468462298
0.00443675621824
0.00444408984078
0.00445097722127
0.00445750835219
0.00446389006109
0.00438770192039
0.00439469071786
0.0044018101985
0.00440845164068
0.00446910284844
0.00447500515269
0.00448130776263
0.00440528411295
0.00441190296127
0.00441814895639
0.00442385407602
0.00448402785325
0.00448993835157
0.00441369727883
0.00441984146146
0.00442559591517
0.0044309891861
0.00443647858661
0.00449649640492
0.00441980351518
0.00442551446454
0.00443082847481
0.00443584041292
0.00444103315919
0.00450067570306
0.00442370029255
0.00442903497067
0.00443397604331
0.00443868387342
0.00449772171261
0.00442019409834
0.00442531470213
0.0044303458896
0.00443499800637
0.00449357262043
0.00449788118809
0.00441985797721
0.00442479671528
0.00448410624558
0.00448801394353
0.00449183903611
0.00441302236333
0.0044723378436
0.00447661214331
0.00448073357635
0.00448452958123
0.00440504831921
0.0044633860668
0.00446734242517
0.00447160674432
0.00452985023001
0.00445044039025
0.00445330775493
0.00445675206572
0.00451502921715
0.00443616667114
0.00443928287706
0.00444230414094
0.0044994906271
0.00450254144213
0.00442315944725
0.00448129750878
0.00448392709302
