metodo_2_dt_1:24
3.00653240312e-06
0.012383936912
0.0123914940072
0.0123975759049
0.012407488087
0.0124138751203
0.0124224625244
0.0124310241523
0.0124386583983
0.0124463892391
0.0124560938932
0.0124632990727
0.0124727274772
0.0124816380692
0.0124900609702
0.0124970748803
0.0125045923493
0.0125140635697
0.0125223206703
0.0125302999609
0.0125406172549
0.0125498464829
0.0125588873837
0.0125658496058
0.0125754891446
0.0125840343668
0.0125945346674
0.0126039592469
0.0126122217488
0.0126216779553
0.0126299338822
0.0126403846753
0.0126486565266
0.0126591732646
0.0126673876129
0.0126778506807
0.0126849622583
0.0126991313312
0.0127049696076
0.0127179178936
0.0127271977004
0.0127377361601
0.0127443058586
0.0127572303087
0.0127659705127
0.0127748440863
0.0127854577413
0.0127960542882
0.0128009076433
0.0128119277561
0.0128234226009
0.0128336109255
0.0128439758855
0.0128527236744
0.0128612794957
0.0128739478025
0.0128799567829
0.0128897678088
0.0129033389424
0.01290865252
0.0129173179947
0.0129300034646
0.0129385084857
0.0129506408544
0.0129588100442
0.0129693951241
0.0129814728286
0.0129887058652
0.0129990479127
0.0130079225726
0.0130193801033
0.0130253599862
0.0130389495309
0.0130520354808
0.0130567465571
0.0130658200272
0.0130713338222
0.0130863906682
0.0130958587703
0.0131062963579
0.0131081136542
0.0131229733507
0.0131345739478
0.0131432335904
0.0131465218699
0.0131573004273
0.0131682829832
0.0131724479109
0.0131868425524
0.0131940387696
0.0132024633568
0.0132141792767
0.0132215424144
0.0132300340948
0.0132393454046
0.0132445619869
0.0132547471298
0.0132641102846
0.0132732651299
0.0132803001231
0.0132858688954
0.0132948325231
0.013301861411
0.0133099667579
0.0133205456158
0.013326785142
0.0133350237872
0.013343211108
0.0133510678283
0.0133547869337
0.013362193962
0.0133685490856
0.0133787645454
0.0133823390318
0.0133892680633
0.0133973406864
0.0134041153595
0.0134114573575
0.0134162009229
0.0134219288399
0.0134273993607
0.013434179101
0.0134401268709
0.0134459115748
0.0134512832728
0.0134560092675
0.0134598685048
0.0134666369405
0.0134710245284
0.0134738059936
0.0134785570967
0.0134848821396
0.013487854405
0.0134902376342
0.0134948974076
0.0134984325149
0.0135011021854
0.0135045254396
0.0135074107642
0.0135104348197
0.0135133047673
0.0135176072437
0.0135192441903
0.0135199029841
0.0135219342665
0.013524295018
0.0135262270387
0.0135278504008
0.0135279607959
0.0135295257221
0.0135299767097
0.0135301436269
0.0135305718659
0.0135309610608
0.0135299089178
0.0135299751291
0.013529131339
0.0135282316013
0.0135270529671
0.013525684074
0.0135242122663
0.0135223281271
0.0135201317486
0.0135178000468
0.0135151185669
0.0135122839579
0.0135091377088
0.0135055568432
0.0135022600504
0.0134982865038
0.0134940689588
0.0134897991994
0.0134852700657
0.0134798154608
0.0134746369231
0.0134685303325
0.0134629166064
0.0134563760184
0.0134504580868
0.0134437397659
0.0134363152161
0.0134295438178
0.0134219755804
0.0134136042989
0.0134059264689
0.0133956159302
0.0133877887638
0.013379187617
0.0133691448834
0.0133581143239
0.0133497968681
0.0133391689136
0.0133278752265
0.0133153547406
0.0133055758064
0.0132937687692
0.0132827058231
0.0132691818547
0.0132572348053
0.0132443989071
0.0132300086881
0.0132152909158
0.0132018524877
0.0131868341033
0.013173866213
0.0131554368781
0.0131422171379
0.0131265799888
0.0131077285485
0.0130943255501
0.0130733945431
0.0130575942793
0.0130415432091
0.0130222790955
0.0130021672767
0.0129856792234
0.0129645124665
0.0129465322977
0.0129275790269
0.0129068437251
0.0128835040026
0.0128623192493
0.0128426366543
0.012819791247
0.0127986687905
0.012777665475
0.0127518137145
0.0127304300031
0.0127041823392
0.0126809041571
0.0126571328221
0.0126357189713
0.0126058000686
0.0125837804871
0.0125578221023
0.0125269357488
0.01250246618
0.0124755921338
0.0124483114698
0.0124197476689
0.0123900085556
0.0123637914448
0.0123344275107
0.0123015098064
0.0122711976571
0.0122436205995
0.0122170557695
0.0121827899206
0.0121481413051
0.012120263416
0.0120892071493
0.0120553018377
0.0120256338061
0.0119904424104
0.0119574241949
0.0119190149555
0.0118879694649
0.0118489075892
0.0118165013301
0.0117826422632
0.0117463906685
0.0117068220596
0.0116713155596
0.0116381066337
0.0116009262673
0.0115641243789
0.0115223387802
0.0114878941043
0.011446693844
0.0114044239591
0.0113680953528
0.0113303418501
0.0112903026371
0.0112479118827
0.0112085057952
0.011166581833
0.0111274115461
0.0110840657324
0.0110425287038
0.0109968255851
0.0109578889834
0.0109147767786
0.0108708866184
0.010828661761
0.0107856453267
0.0107426857312
0.0106935062554
0.0106492070089
0.010604325411
0.0105642934098
0.0105168271492
0.0104682891799
0.0104239961313
0.0103779926008
0.0103304625584
0.0102857433594
0.0102389390635
0.0101911495505
0.0101457253258
0.0100988483121
0.0100499159608
0.0100030242178
0.00995482400723
0.00990439089392
0.00985667692293
0.00981151471407
0.00976004161834
0.00971110464795
0.00966473386477
0.00961232703017
0.00956684070395
0.00951553740566
0.00946704707171
0.0094170884264
0.00936591213979
0.00931762372082
0.0092684718311
0.00921772845937
0.00916678422048
0.00911905850522
0.0090672889096
0.00901780000507
0.00896909700487
0.00891984612965
0.0088678399121
0.0088181932855
0.0087705449155
0.00871909603696
0.00866804146735
0.00861888968146
0.00857035425087
0.00851960226496
0.0084707316451
0.00841910907713
0.00837066873469
0.00832322628492
0.00827274016722
0.00822372437232
0.00817455634455
0.00812826600161
0.00807821690755
0.00803160323759
0.00798284015956
0.00793402761393
0.00789004869941
0.00783951146802
0.00779451992539
0.00774783009842
0.00770034655137
0.00765508452362
0.00761103875191
0.00756495518132
0.00752101267477
0.00747713681203
0.00743128988509
0.00738956083782
0.00734803812664
0.00730473531377
0.00726372456228
0.00722114327285
0.00718110105382
0.00714072009515
0.00710016316572
0.00705961185542
0.00702231298096
0.00698334434867
0.00694811082104
0.00691168787324
0.00687431992141
0.00684156736896
0.00680534390855
0.00677127865097
0.00673847765208
0.00670860684303
0.00667660464133
0.00664606549001
0.00661647995189
0.00658595006276
0.00656155818241
0.00653287099547
0.00650706390851
0.00648035408478
0.00646142495454
0.00643267396164
0.00641591931653
0.00639212107338
0.00637823684228
0.00635494783839
0.00634061774257
0.00632457445207
0.00630659280081
0.00629534562917
0.00628062657307
0.00627149587138
0.00625781979081
0.00624827549922
0.00624193443136
0.00622997821926
0.00622896236345
0.00622101844621
0.00621398548578
0.00621731185272
0.00621165241921
0.00621464892402
0.00621689343728
0.0062184797385
0.00622709364955
0.00623344772319
0.00623769900642
0.00624794583797
0.00625503681495
0.00626703433047
0.0062753473198
0.00629674636097
0.00630475880694
0.00632532026129
0.00634030350158
0.00635868346141
0.00637974312367
0.00640328113546
0.00642004567232
0.00644750001258
0.00646842300454
0.00649863116895
0.00652208421537
0.00655451169593
0.00657947605233
0.00661315406824
0.00664703925373
0.00668050272289
0.00671458729138
0.00674813186774
0.00678165344758
0.00682222320304
0.006862671693
0.0069018467895
0.00694031244866
0.00698564966678
0.00703025399716
0.00707356551397
0.00711502316165
0.0071633270497
0.00721039889816
0.00725628819765
0.00730790196059
0.00735038776787
0.00740729734904
0.00745402079045
0.00750724668361
0.00755904382584
0.00761686532515
0.00767341626387
0.00772758203598
0.00778067295753
0.00784012606592
0.00789748876288
0.00795348173913
0.00801614434605
0.00806974892463
0.00813695224231
0.0081953507838
0.00825287366581
0.0083168907706
0.00837987595766
0.00844988200967
0.00851105335851
0.00857157304354
0.00863939068657
0.00870673104617
0.00877373114018
0.00884053189616
0.00890724664883
0.00897410854683
0.00904911359435
0.00911668415946
0.00918481844116
0.00925370288387
0.00932322643896
0.00939418760177
0.00946678307621
0.00954061390793
0.00961588963136
0.00968599305088
0.0097573484458
0.00983196285721
0.00990827635647
0.00998022420181
0.0100629876496
0.0101331334358
0.0102070483525
0.0102849760348
0.0103665868169
0.010436979024
0.0105202642822
0.010591608319
0.0106769587841
0.0107519607604
0.0108321418624
0.0109112302702
0.010987770383
0.0110719897319
0.0111464423625
0.011229103931
0.0113108280656
0.0113929828754
0.0114668977308
0.0115496055949
0.0116335604568
0.0117190437568
0.0117978763007
0.0118787810832
0.0119620588655
0.0120480205716
0.0121294729622
0.0122141973295
0.0122944490927
0.0123791068596
0.0124598791242
0.0125467045099
0.012629751722
0.0127195079594
0.0127988950392
0.0128846448949
0.0129698398236
0.0130538248761
0.0131462087383
0.0132302176816
0.0133149597324
0.0134003129298
0.0134870964368
0.0135761253677
0.0136588295621
0.0137444622093
0.0138333991513
0.0139260298275
0.0140146089972
0.0140985985203
0.0141882602692
0.0142749244818
0.0143676251875
0.0144498058957
0.0145388077467
0.0146271453577
0.0147151925501
0.0148117460768
0.0149000221978
0.0149895940485
0.0150804909024
0.0151661142563
0.0152587219825
0.0153483791857
0.015435713929
0.0155329780333
0.0156165688961
0.0157059675777
0.0158019800465
0.0158865490002
0.0159792490198
0.0160776314364
0.0161668477388
0.0162539314554
0.016352339616
0.0164437607856
0.0165354228919
0.016628173084
0.0167132724299
0.0168135076971
0.0168980019849
0.0169963713911
0.0170901900134
0.0171802177864
0.0172794170494
0.0173737792528
0.0174666331367
0.0175563550017
0.0176484545913
0.0177487345277
0.0178408012952
0.0179329625775
0.0180281703167
0.0181271215504
0.01821678358
0.0183117056864
0.018406735049
0.0185017151335
0.0185964855912
0.0186908701468
0.0187872753617
0.0188827991023
0.0189792115551
0.0190753147648
0.0191708861722
0.0192676743234
0.0193644516851
0.0194597851696
0.0195568352606
0.0196530331068
0.0197502794893
0.0198472978669
0.0199439144475
0.0200426361443
0.020139722514
0.0202366055951
0.0203349495556
0.0204328656109
0.0205306976314
0.0206296588528
0.0207275823232
0.0208256016382
0.0209250992168
0.0210238854762
0.0211228834898
0.0212215903128
0.0213209693761
0.021419684321
0.0215195168891
0.0216192371194
0.0217196103935
0.0218193970934
0.0219193484478
0.0220192170857
0.0221197398889
0.0222206536488
0.0223213543053
0.0224223063753
0.0225236191295
0.0226243499426
0.0227261264223
0.0228268815535
0.0229282206789
0.0230310377829
0.0231328534465
0.0232346664395
0.0233373526563
0.0234394087595
0.0235415082676
0.0236448359879
0.0237482691603
0.02385102268
0.0239537478097
0.0240586704809
0.0241603253945
0.0242658628291
0.0243694191301
0.0244736719721
0.0245773408031
0.0246822478015
0.0247872632689
0.0248909020172
0.0249965808348
0.0251023793166
0.0252050238622
0.0253112440357
0.0254184378231
0.0255237382929
0.0256295574918
0.0257357326391
0.0258430641384
0.0259474621303
0.0260551175252
0.0261605352814
0.0262694045289
0.0263755830765
0.0264822064177
0.0265924824498
0.0266998742361
0.0268075462466
0.0269155695606
0.0270237635736
0.027132330103
0.0272411240857
0.0273501916149
0.0274594796795
0.0275690414268
0.027678279672
0.027788896901
0.027898660471
0.028009273077
0.0281196993447
0.028229833183
0.0283404593247
0.0284514672444
0.0285627549446
0.0286742202456
0.0287857669183
0.0288973139309
0.0290087716616
0.0291209490902
0.0292337594529
0.029346268033
0.0294592849423
0.029572753587
0.0296814573789
0.0297956178435
0.0299101056699
0.0300257364134
0.0301362256572
0.030252325549
0.0303639844242
0.0304822047568
0.0305958629989
0.0307096844239
0.0308253395368
0.030941219255
0.0310589962382
0.0311719471263
0.0312927883849
0.0314088097688
0.0315260474484
0.0316391924211
0.0317606521807
0.0318780897439
0.0319962627099
0.0321088998646
0.0322297172333
0.0323525104174
0.032486472701
0.032630162552
0.0327907789826
0.032966764918
0.0331595302693
0.0333690188038
0.0335937397838
0.0338281862263
0.0340854615642
0.034358684742
0.0346408256907
0.0349466974225
0.0352608064569
0.0355988250969
0.0359523475404
0.0363156600655
0.0367018524467
0.037104564855
0.0375159630754
0.0379520896729
0.0384037944588
0.0388726098518
0.0393580298834
0.039859577815
0.0403787927613
0.040921962885
0.0414751610783
0.042052132967
0.0426395658161
0.0432519708188
0.0438746439947
0.0445215354396
0.0451867554533
0.0458699368688
0.0465726833957
0.0472857526197
0.0480220428858
0.0487749844399
0.0495520209606
0.0503412635261
0.0511565756557
0.0519861555733
0.0528297154327
0.0537036808779
0.0545887608516
0.0554908953589
0.0564125801922
0.0573611311797
0.0583189566613
0.0592979730673
0.060294714193
0.0613103580529
0.0623442483604
0.0633993017521
0.0644690838845
0.0655628511801
0.0666705271711
0.0677992831168
0.0689443724409
0.070106236341
0.0712853067928
0.0724894160505
0.0737065778015
0.0749381382013
0.0761967675442
0.0774650627613
0.0787556367981
0.0800633324716
0.0813839893014
0.0827236752022
0.0840828671465
0.0854628729309
0.0868527057441
0.0882635904225
0.0896872608294
0.0911330222288
0.0925927902469
0.0940655472392
0.0955586892204
0.0970669327685
0.0985909355219
0.100131341798
0.101688789818
0.103259192999
0.104847087348
0.106450248957
0.108066770972
0.109699164194
0.111341979394
0.113005639874
0.114682135059
0.11637052629
0.11807165095
0.119791306297
0.121520312151
0.123264509025
0.125022829903
0.12679227683
0.12857288072
0.130369186544
0.132178364401
0.133995999159
0.135826585659
0.13766910487
0.139525351739
0.141388933587
0.143265360124
0.145151491817
0.147049297214
0.148956908655
0.150875309821
0.152801856081
0.154738375428
0.15668333161
0.158636925909
0.160600664555
0.162570054012
0.164549823532
0.166535515825
0.168529059273
0.170528533672
0.172537374232
0.174550089448
0.176570072419
0.178596891555
0.18062748197
0.182664558281
0.184706291206
0.186752875283
0.188803115023
0.190857792121
0.192915429676
0.194976933819
0.197041159081
0.199107146307
0.201177161403
0.203247244543
0.205320121099
0.207394078548
0.209469464302
0.21154472219
0.213620433926
0.215695463827
0.217770286094
0.219844093757
0.221917327206
0.223988679844
0.226058028435
0.22812452464
0.230189774117
0.232250259878
0.234309800122
0.23636333084
0.238415191168
0.240459958278
0.242502467048
0.244538896043
0.246568601149
0.24859424484
0.250613423247
0.252625620951
0.254629387294
0.256627838814
0.258619226806
0.26060226162
0.26257763568
0.264542138389
0.266500294797
0.268446882876
0.27038342946
0.272313055137
0.274228759333
0.276139202587
0.278032382543
0.279920130123
0.281791787331
0.283654961809
0.285503252757
0.287339637698
0.289165908708
0.290973994933
0.292772619992
0.294558163589
0.296327529093
0.298085373445
0.299822632344
0.301550030305
0.303265182094
0.304958562855
0.306639330809
0.30830149004
0.30995584417
0.311585533484
0.313200175695
0.31480043063
0.316379491511
0.317945998695
0.319492546809
0.321020340693
0.322530537562
0.324023608207
0.325499284812
0.32695985679
0.328396900716
0.329818791723
0.331219144334
0.332597577639
0.333955745206
0.335300081297
0.336617472174
0.337921796252
0.339206130231
0.340464601285
0.341710394995
0.342931061306
0.344132241223
0.345308254334
0.346471345286
0.347609639858
0.348722256554
0.349822341334
0.350891952271
0.351948101872
0.352978883989
0.353991132868
0.35497724028
0.355944640187
0.356890971396
0.357812213483
0.358718683338
0.359593988035
0.360453888481
0.361287174261
0.362104134333
0.362894823595
0.36366300585
0.364409622637
0.365137889854
0.365838646762
0.366517020155
0.367175865628
0.367811226813
0.368425722314
0.369017483662
0.369583717198
0.370130478454
0.37065463134
0.371156819681
0.371634834388
0.372090153003
0.372525922335
0.372936176767
0.373326148877
0.373695268577
0.374038684679
0.374363049203
0.374661685756
0.374940667737
0.37519759954
0.375430760308
0.375643199104
0.375833719323
0.376000726299
0.376146114462
0.376270699686
0.376371551632
0.376452271032
0.376511155129
0.376546972847
0.376562539436
0.376555570196
0.376527553494
0.376478201524
0.376406730801
0.376314415927
0.376200590802
0.376065728891
0.375908787197
0.375731741792
0.375533598946
0.375314194746
0.375073945195
0.374813501636
0.374531394705
0.374228744324
0.373905954968
0.373561998516
0.373199319432
0.372814772731
0.372409442368
0.371986185948
0.371542638427
0.371077040706
0.370592348339
0.370087842998
0.369565772381
0.369020759022
0.368457483068
0.367877307113
0.367275324156
0.36665415526
0.366015907903
0.365355923424
0.364678180357
0.363980764021
0.363264645135
0.362532279657
0.361778110743
0.361009984643
0.360220144532
0.359410365125
0.358588210521
0.357742484002
0.356882750091
0.35600430506
0.355108128508
0.354194319997
0.353260456703
0.352310867408
0.351345736269
0.350362437515
0.349364767344
0.348345178811
0.347313202762
0.34626507277
0.345195842942
0.344112237924
0.343013549
0.341900622642
0.340769430328
0.339617368604
0.338453687089
0.337279167976
0.336078147009
0.33486810606
0.333649288778
0.332411492092
0.33114818821
0.329883729501
0.328594389112
0.327296935219
0.325982458575
0.324651839946
0.323305334369
0.321950795985
0.320580725694
0.319195340477
0.317795513527
0.316380106697
0.314949962701
0.31351250207
0.312060507455
0.310594122966
0.309114189006
0.307620131806
0.306112061438
0.304590802637
0.303062544828
0.301513670851
0.299959300181
0.298391208705
0.29681019581
0.295216312679
0.293616028753
0.291996451888
0.290371171385
0.288726770327
0.287076566882
0.285413477405
0.28374511201
0.282057735457
0.280365733336
0.278654801355
0.27693825234
0.275210152808
0.273476090995
0.271725517524
0.269968745484
0.268200076161
0.266426482125
0.264635422497
0.262839162589
0.26103141391
0.259213804059
0.257389546949
0.25555511835
0.253714436194
0.251858436963
0.249996712236
0.248129828421
0.246251980796
0.244364827179
0.242470940854
0.240567376648
0.238654014226
0.23673589684
0.234810882084
0.232877223336
0.230932970608
0.228983801901
0.22702937806
0.225065503275
0.223092034276
0.221113470123
0.219129463016
0.217140596078
0.215142070923
0.213139057302
0.211126886838
0.209109660255
0.207087970782
0.205060520797
0.203024788729
0.200984618583
0.198939659098
0.196889557004
0.194833957176
0.192771639301
0.190704400383
0.188632464165
0.186558550191
0.184477548035
0.182392052029
0.180299800071
0.178205690915
0.176107305334
0.174004842803
0.171898270847
0.169789800357
0.16767538472
0.16555712405
0.163437072075
0.16131151484
0.159184355013
0.157053748786
0.154921523106
0.152784842506
0.150645470534
0.148504673043
0.146360148932
0.144213948135
0.14206524431
0.139915987904
0.137764479363
0.135609411745
0.133454572595
0.131297436973
0.129139712737
0.126979974771
0.12482084031
0.122658996263
0.120497969507
0.11833633668
0.116172929008
0.114011158057
0.111848625202
0.109686297907
0.107523495837
0.10536282989
0.10320193638
0.101041954873
0.0988840914291
0.0967270082188
0.0945713741013
0.0924178743102
0.0902672118731
0.0881181038995
0.0859719505069
0.0838291904395
0.0816902512838
0.0795549313435
0.0774227563705
0.0752961860832
0.0731748031968
0.0710578615216
0.0689476824561
0.0668449624727
0.0647490589647
0.0626608673764
0.0605817143677
0.0585129863012
0.0564550915683
0.05440807876
0.0523763403652
0.0503591302043
0.0483584341973
0.0463757147427
0.0444147571165
0.0424775949162
0.0405675381461
0.0386881602689
0.036842519619
0.0350402214673
0.0332813632087
0.0315797253985
0.0299383513163
0.0283680855934
0.026887652629
0.0255032453504
0.0242354287774
0.0231030364245
0.022126309323
0.0213175190903
0.0207028577618
0.0203065680556
0.0201245732356
0.0201689252631
0.0204370175596
0.0209189722664
0.0216087453587
0.0224673859905
0.0234835441826
0.0246461386059
0.025925512994
0.0272939475453
0.0287652847411
0.0302965717048
0.03188621674
0.0335336750704
0.0352210757624
0.0369508358027
0.0387081036164
0.0404878269368
0.0422958812985
0.0441148668663
0.0459461091724
0.047795503836
0.0496604309443
0.0515299999764
0.0534055910142
0.0552871433562
0.057171081998
0.0590664021715
0.0609664164475
0.0628559930166
0.064753135669
0.0666483955801
0.0685465757778
0.0704353512398
0.0723276338993
0.074230885843
0.0761165515567
0.0780031360864
0.0798843563662
0.08176491323
0.0836440496546
0.0855101196944
0.0873787649927
0.0892468026051
0.0911021723922
0.0929556302842
0.0948035049312
0.0966535838852
0.0984882971033
0.100318651182
0.102146109032
0.103968042338
0.105780595106
0.107591707021
0.10939222752
0.11118153785
0.112972704417
0.114755051332
0.116524450898
0.118293939539
0.120051002703
0.12180205699
0.123543957524
0.125281829156
0.12701029194
0.128734405015
0.130443354478
0.132151464575
0.13384885698
0.135535934434
0.13721668415
0.138886076007
0.140548011675
0.142203687312
0.143851608036
0.145487859747
0.147116180283
0.148735986921
0.150347613413
0.151946468089
0.153540077759
0.155120809176
0.156693052623
0.158258224443
0.159810879214
0.161357120936
0.162892605605
0.16441507879
0.165930325906
0.167437662236
0.168931441425
0.17041712238
0.171891670924
0.173357845248
0.1748127417
0.176255884027
0.177689871741
0.179111999192
0.180524760455
0.181928477288
0.183318732835
0.184697004315
0.186068274561
0.187426456911
0.188774679207
0.190112340185
0.191436386663
0.192749781906
0.194054270946
0.195345523766
0.196625362024
0.197893220108
0.199150489922
0.200397647005
0.201631043103
0.202854081975
0.204063391769
0.205262127765
0.206448872413
0.207624719661
0.208786857203
0.209938414825
0.211076244313
0.212202733445
0.213316911764
0.214418505995
0.215507690297
0.216585056834
0.217649938393
0.218701738643
0.219740862734
0.220766870807
0.221781036108
0.222781718253
0.223770279708
0.224746087401
0.225708093181
0.226657598875
0.227594212851
0.228517752039
0.229427755444
0.230324280549
0.231207945261
0.232078087619
0.232935066341
0.233778405713
0.234608343632
0.235424918098
0.236227625565
0.237017342369
0.237792553736
0.238554796652
0.239302257065
0.240036918636
0.240757279393
0.241463389543
0.242155950812
0.242835160474
0.243498814015
0.244149019005
0.244785983317
0.245408890452
0.246016936631
0.246610120245
0.247188737306
0.247753838765
0.248303313142
0.248840037782
0.249362580268
0.24986725129
0.250360341622
0.250838249555
0.251302269719
0.251749401341
0.252184606145
0.252603422919
0.253006610419
0.253396436689
0.253772275
0.254133502532
0.254477564006
0.254808506609
0.255122656642
0.255422311518
0.255707829547
0.255977208145
0.256232989019
0.256472069626
0.256697160748
0.25690594401
0.257098530537
0.257276942752
0.257443393984
0.257588527778
0.257725166913
0.257841643624
0.257941994137
0.258029651919
0.258100653905
0.258159506849
0.258198495385
0.258225695789
0.25823681273
0.258231061768
0.258210306972
0.258172872947
0.258120604895
0.258051833117
0.257972614596
0.257872900148
0.257756924022
0.257625614626
0.25748527654
0.25732353589
0.257146617378
0.256954558576
0.256747400475
0.25652517188
0.256282024789
0.256030441898
0.255763823222
0.255476084448
0.255173952549
0.254857396995
0.254525611279
0.25418010563
0.253813593799
0.25343886809
0.253042860503
0.252632713206
0.252209059853
0.25177031154
0.251310197609
0.250843037779
0.250354806146
0.249852242718
0.249335173463
0.248803417406
0.248258827955
0.247691057924
0.247118621966
0.246519107545
0.245905667138
0.24529143615
0.244647313196
0.243992752764
0.243320448444
0.242635643536
0.241937255955
0.241226338329
0.240491928
0.239754923487
0.238992125749
0.238218971634
0.237426353876
0.236632576024
0.23580882803
0.234977204716
0.234134188342
0.23327099299
0.232395931567
0.23150863758
0.230604058527
0.229685082743
0.228753240008
0.227810997593
0.226848335521
0.225874802789
0.224888213816
0.223890054117
0.222874306201
0.221843920441
0.220804237373
0.219749347625
0.218682611645
0.2176002798
0.216508834621
0.21540138332
0.214280082543
0.213148582023
0.212003611735
0.210845807905
0.209674144842
0.208493482196
0.207299877338
0.206093072289
0.204873831226
0.203643943021
0.202400138232
0.201147696424
0.199883330546
0.198606267717
0.197319529891
0.196020593227
0.194710762285
0.19339142741
0.192061176695
0.1907196438
0.189368459179
0.188006689525
0.186635428704
0.18525366982
0.183862539736
0.182462816297
0.181052927152
0.179633988993
0.178205794923
0.176769011918
0.175323473529
0.173869509047
0.172408655289
0.170938149069
0.169460457509
0.167974477593
0.166482800134
0.164981760946
0.163474173793
0.161960460962
0.160438902447
0.158911811013
0.157378411712
0.155839708622
0.154296436547
0.152745999254
0.15118882593
0.149628605308
0.148062628584
0.146494860663
0.144918731019
0.143342218886
0.141757958252
0.140174362493
0.138584112936
0.136992548742
0.13539795813
0.133799089712
0.132203819242
0.130598917653
0.128999471124
0.127395910384
0.125789490619
0.124184689689
0.122576443743
0.12097115076
0.119370349916
0.117760509212
0.116161645468
0.114554958911
0.112952934539
0.111356120213
0.109757967248
0.10816566613
0.106579580288
0.104991902107
0.10341138595
0.101828534877
0.100252218466
0.0986898095764
0.0971254971158
0.0955664603003
0.0940136790275
0.092474227716
0.0909396051117
0.0894099358481
0.0878925362857
0.0863788112723
0.0848771194535
0.0833866321972
0.0819065044904
0.0804369731807
0.078985644967
0.0775339022336
0.07610862083
0.0746902452827
0.0732875142457
0.0718994007229
0.0705250527178
0.0691731836101
0.0678329410257
0.0665132313659
0.0652130627241
0.0639312208691
0.0626666666882
0.0614282244373
0.0602147582935
0.0590251035244
0.0578581681438
0.0567127464425
0.0555975180428
0.0545114397073
0.0534543427542
0.0524326308826
0.0514352986903
0.0504687941796
0.0495361733013
0.0486422825575
0.0477815710539
0.0469604236025
0.0461745952968
0.0454314921135
0.0447289169826
0.044060906491
0.0434424082833
0.0428617759741
0.0423266043621
0.0418388294129
0.0413931520204
0.040989175264
0.0406366814429
0.0403188907361
0.0400542963766
0.0398339678051
0.0396490542693
0.0395181172169
0.0394218261186
0.0393693657025
0.0393599804653
0.039383179346
0.039447556166
0.0395423278642
0.0396758042379
0.0398466615968
0.0400435116454
0.0402646424422
0.0405181708063
0.0407927085811
0.0410960664756
0.0414167290646
0.0417621758775
0.0421212471419
0.0425015953194
0.0428920915494
0.0432996775354
0.0437139557328
0.044141604762
0.0445808736445
0.0450220895774
0.0454709229047
0.0459187005692
0.0463788725449
0.0468421421777
0.0472994167564
0.0477568644965
0.0482199003997
0.0486803476189
0.0491301481031
0.0495877934804
0.0500320773826
0.050475584598
0.0509152963679
0.0513446646944
0.0517697432721
0.052187126424
0.0525970715271
0.0529937799208
0.0533853595605
0.0537664658926
0.0541399763553
0.0544977362379
0.0548497479367
0.0551851312036
0.0555128939305
0.0558289412882
0.0561300135611
0.0564211835935
0.0566957610653
0.0569614618946
0.0572103093549
0.0574473068311
0.0576703784226
0.0578794781095
0.0580736756201
0.0582532492245
0.0584185983244
0.0585684153657
0.0587044879328
0.0588246167555
0.0589301971415
0.0590195178423
0.059093311698
0.0591524629238
0.0591951381689
0.0592231148199
0.0592336464714
0.0592289606405
0.0592081265599
0.059172840906
0.0591192014499
0.0590498824563
0.0589651470427
0.0588631210639
0.0587451817551
0.0586127740318
0.0584600753682
0.0582944012113
0.0581094459822
0.0579113455978
0.057695234599
0.0574610625814
0.0572114977945
0.0569479847337
0.0566643138454
0.0563682365637
0.0560521912178
0.0557203276954
0.0553739381939
0.0550089248973
0.0546300360036
0.0542339102689
0.0538207546654
0.0533916897544
0.0529478697669
0.0524888032062
0.052010355264
0.0515181675484
0.051008751531
0.0504872563523
0.0499500440511
0.0493906232038
0.0488228226515
0.048234929994
0.0476334228252
0.0470203172355
0.046388876405
0.0457408642093
0.0450766161389
0.0444040825508
0.0437100900597
0.0430025612689
0.0422834247253
0.0415525597689
0.0408045383417
0.0400417066508
0.0392687421911
0.0384718495717
0.0376675102564
0.0368554674197
0.0360260210606
0.0351835967481
0.0343279376365
0.0334658457567
0.0325904992389
0.0316981510534
0.030798965914
0.0298899782889
0.0289701564976
0.0280410769861
0.0271026626034
0.0261606842678
0.0252069691292
0.0242486586553
0.0232876557709
0.022321232951
0.0213556736668
0.020387142497
0.0194251643029
0.0184661866764
0.017518624282
0.0165827176948
0.0156680507382
0.0147788578087
0.0139238671864
0.0131117200547
0.0123573825968
0.011675788869
0.0110813346402
0.010594434775
0.010241510971
0.0100298740642
0.00997807290272
0.010093952585
0.0103759207475
0.0108153413817
0.0113980047262
0.0121070530196
0.0129255370887
0.0138289959215
0.0148201606779
0.0158783504982
0.0169863342321
0.0181439064364
0.0193452564499
0.0205839677051
0.0218564443686
0.0231586332159
0.0244822834737
0.0258302267424
0.0272013076875
0.0285939716644
0.0300053726153
0.0314308126736
0.0328733617499
0.0343322251123
0.0358076447207
0.0372927676404
0.0387929480493
0.0403025905883
0.0418269017634
0.0433629203786
0.0449131127469
0.0464708579912
0.048037268799
0.0496152087419
0.0512054978023
0.0528029578001
0.0544119436936
