metodo_2_dt_1:12
2.05249846306e-09
5.71215385976e-06
5.71890488164e-06
5.71897965098e-06
5.7220843644e-06
5.71620015944e-06
5.71555838122e-06
5.7178707287e-06
5.72090249014e-06
5.71931245691e-06
5.71842713334e-06
5.72261454434e-06
5.72751551162e-06
5.72554841295e-06
5.72648259953e-06
5.73033445958e-06
5.72734708262e-06
5.72732404978e-06
5.73030136013e-06
5.73426878584e-06
5.7335915283e-06
5.73604034598e-06
5.73964859924e-06
5.74650656802e-06
5.74685391722e-06
5.75053040079e-06
5.75757734801e-06
5.76803268295e-06
5.77211351111e-06
5.78760319186e-06
5.79866581431e-06
5.80158238024e-06
5.81972124657e-06
5.82978659012e-06
5.84346340551e-06
5.85091684435e-06
5.87184794648e-06
5.8865667149e-06
5.90492729627e-06
5.91543485244e-06
5.93124012818e-06
5.95068641147e-06
5.97222925773e-06
5.98909380111e-06
6.01799664443e-06
6.03224406775e-06
6.05858593739e-06
6.07870018405e-06
6.10380330926e-06
6.13118988555e-06
6.15230167614e-06
6.17825392559e-06
6.20656611056e-06
6.22968968792e-06
6.25521672337e-06
6.28431976921e-06
6.30805376179e-06
6.34422273648e-06
6.37490352918e-06
6.39816657746e-06
6.43573108397e-06
6.46593142161e-06
6.50034611028e-06
6.52814862572e-06
6.55928930259e-06
6.5931442903e-06
6.6309581709e-06
6.66207508799e-06
6.69691580707e-06
6.73449528051e-06
6.77530684755e-06
6.80964239967e-06
6.84680875005e-06
6.88734821605e-06
6.93093448135e-06
6.9675446838e-06
7.0071547975e-06
7.04974087084e-06
7.08522205013e-06
7.13363314734e-06
7.17477856138e-06
7.21869029568e-06
7.26533244953e-06
7.30468473083e-06
7.35631226786e-06
7.40090819699e-06
7.44760506139e-06
7.49674306832e-06
7.53829760421e-06
7.59151753946e-06
7.63767454491e-06
7.69526932685e-06
7.74497333106e-06
7.7967014173e-06
7.84943744062e-06
7.90496343009e-06
7.96125682337e-06
8.01920344148e-06
8.06881921352e-06
8.12990347852e-06
8.19115688719e-06
8.24519181206e-06
8.30909202285e-06
8.36434338939e-06
8.42081581738e-06
8.48835261492e-06
8.54720806434e-06
8.6054818187e-06
8.6666312383e-06
8.7270675866e-06
8.78855525893e-06
8.85110470654e-06
8.90494701815e-06
8.96748827025e-06
9.03320825294e-06
9.0879904047e-06
9.15348072972e-06
9.21023613711e-06
9.27767720616e-06
9.33385757455e-06
9.40318368656e-06
9.46115184052e-06
9.5199875665e-06
9.58927101333e-06
9.64980503852e-06
9.70822392225e-06
9.77687873492e-06
9.83668475904e-06
9.89717952641e-06
9.96781286213e-06
1.00296236954e-05
1.00887387014e-05
1.01577601478e-05
1.02178557954e-05
1.02877784679e-05
1.03451996442e-05
1.04159005523e-05
1.04739918282e-05
1.05416245005e-05
1.06094819978e-05
1.0664444223e-05
1.07326723148e-05
1.079704481e-05
1.08614573572e-05
1.09258897755e-05
1.0986121052e-05
1.10595238822e-05
1.11195106149e-05
1.1188315668e-05
1.12524554977e-05
1.1311791675e-05
1.13752693141e-05
1.14429494901e-05
1.1514509953e-05
1.15720652771e-05
1.1642612344e-05
1.17078263248e-05
1.17723977719e-05
1.18438330474e-05
1.19064805244e-05
1.19759133078e-05
1.20471724412e-05
1.21151087993e-05
1.21838299339e-05
1.22593651791e-05
1.23304585351e-05
1.24030746988e-05
1.24780184464e-05
1.25527089686e-05
1.26296381358e-05
1.27070811019e-05
1.27858279821e-05
1.28650063899e-05
1.29389542713e-05
1.30196449556e-05
1.31014546937e-05
1.31835069186e-05
1.32649492022e-05
1.33481590485e-05
1.34306479166e-05
1.35131656702e-05
1.35964582947e-05
1.36796453434e-05
1.37618758684e-05
1.38446555507e-05
1.39271201782e-05
1.40091947326e-05
1.40908087077e-05
1.4171878711e-05
1.42579558999e-05
1.43377924838e-05
1.44161224851e-05
1.4494421869e-05
1.45777003851e-05
1.4653554992e-05
1.47284915762e-05
1.48092045046e-05
1.48822565214e-05
1.49604069518e-05
1.50315058419e-05
1.51077758987e-05
1.5176157214e-05
1.5249812093e-05
1.53161943018e-05
1.53879443464e-05
1.54587570342e-05
1.55214607674e-05
1.55896761893e-05
1.56576550763e-05
1.57167041732e-05
1.5782095656e-05
1.58472342236e-05
1.59033309544e-05
1.59665528495e-05
1.60281746871e-05
1.60895146224e-05
1.61429679343e-05
1.62030117174e-05
1.62627384278e-05
1.63214922219e-05
1.63799092063e-05
1.64373372718e-05
1.64944048681e-05
1.65510940245e-05
1.66152673464e-05
1.66699846501e-05
1.67322317101e-05
1.67935361439e-05
1.6854497729e-05
1.69139167929e-05
1.6971802254e-05
1.7029354162e-05
1.70934948052e-05
1.7156203517e-05
1.7217484769e-05
1.7277936989e-05
1.73369998034e-05
1.73946857637e-05
1.74593019691e-05
1.75143259979e-05
1.75758281015e-05
1.76366484344e-05
1.7695715363e-05
1.7753599617e-05
1.78103241542e-05
1.78653919953e-05
1.79193572793e-05
1.79802576771e-05
1.80316114587e-05
1.80905395348e-05
1.81394233826e-05
1.81868563713e-05
1.82425394895e-05
1.82964052262e-05
1.83412594419e-05
1.8393551792e-05
1.84358802335e-05
1.84867256012e-05
1.85276372522e-05
1.85678789097e-05
1.86163351035e-05
1.86558093237e-05
1.86942392519e-05
1.87330154319e-05
1.87712530165e-05
1.88094024185e-05
1.88474865143e-05
1.888592895e-05
1.89238732674e-05
1.89621688284e-05
1.89913251357e-05
1.90294275252e-05
1.90674109814e-05
1.91139674013e-05
1.91516890006e-05
1.91884260685e-05
1.92249627378e-05
1.9270062819e-05
1.93053623978e-05
1.93400144183e-05
1.93832118644e-05
1.94161537069e-05
1.94576793721e-05
1.9489287713e-05
1.95291619092e-05
1.95591128561e-05
1.95977560779e-05
1.96261490817e-05
1.96536361142e-05
1.9689955577e-05
1.9716450135e-05
1.97421677404e-05
1.97674848516e-05
1.97830350859e-05
1.98076907342e-05
1.9822317227e-05
1.98370244674e-05
1.9851854768e-05
1.98665304537e-05
1.98718862682e-05
1.98777495848e-05
1.98838349983e-05
1.98907551986e-05
1.98886788097e-05
1.98969990514e-05
1.98963135223e-05
1.98965264109e-05
1.98974701581e-05
1.98990985771e-05
1.99013707657e-05
1.99042298482e-05
1.99076391061e-05
1.99211821437e-05
1.9925583977e-05
1.99304423609e-05
1.99358133509e-05
1.9931974454e-05
1.99383168645e-05
1.99451674694e-05
1.99429102256e-05
1.9950908838e-05
1.99498905107e-05
1.99495664792e-05
1.99403297767e-05
1.99319656113e-05
1.99245714049e-05
1.99183184711e-05
1.99036042245e-05
1.98903532533e-05
1.98689521206e-05
1.98589649258e-05
1.9840961252e-05
1.98246296054e-05
1.98098289028e-05
1.97964317165e-05
1.97940655581e-05
1.97830549731e-05
1.97828189086e-05
1.97736812711e-05
1.97656671004e-05
1.97680372016e-05
1.97616865936e-05
1.97466355854e-05
1.97328619131e-05
1.9720542342e-05
1.97004477868e-05
1.96826659777e-05
1.96577300252e-05
1.96446178365e-05
1.96428060858e-05
1.96413107739e-05
1.96395590642e-05
0.0583969314235
0.0583968536956
0.0583967723074
0.058396688647
0.0583966579348
0.0583965660101
0.0583965298349
0.0583964085371
0.0583963081621
0.058396261183
0.058396132006
0.0583961369709
0.0583960827036
0.0583959438961
0.0583958616014
0.0583957995769
0.0583957110463
0.0583956214844
0.05839552832
0.0583955147917
0.0583954185347
0.0583953201389
0.0583952183232
0.0583950929848
0.0583949883711
0.0583949395169
0.0583948308855
0.0583946961905
0.058394641403
0.0583945846766
0.0583944454822
0.0583943043869
0.0583942997379
0.0583941549006
0.0583940082231
0.0583939980544
0.0583939055412
0.0583937534753
0.0583936574386
0.0583935596759
0.0583934602118
0.0583932785231
0.0583932335103
0.0583931290925
0.0583929438439
0.0583928940306
0.0583928426687
0.0583926514563
0.0583925165257
0.0583924619884
0.0583923241384
0.0583921848659
0.0583920441952
0.0583919034678
0.0583918178513
0.0583916731274
0.0583915284154
0.0583914388811
0.0583913480837
0.0583911995819
0.0583910257707
0.0583909313033
0.0583908369674
0.0583906595973
0.0583905401718
0.0583904410612
0.0583902615987
0.0583901374908
0.0583900363753
0.0583899100924
0.0583897262786
0.0583895978681
0.0583894697276
0.0583893392315
0.0583891284765
0.0583889959319
0.0583888636933
0.0583887304513
0.0583885721271
0.0583884369017
0.0583882766102
0.0583881394338
0.0583879785263
0.0583878153489
0.0583876753169
0.0583875115874
0.0583873469439
0.0583871800855
0.058387013667
0.0583869041721
0.058386736069
0.0583865658486
0.0583864539583
0.0583862030123
0.0583860897057
0.0583859757564
0.0583857215675
0.0583856064777
0.0583854103448
0.0583852943154
0.0583850973412
0.0583849805633
0.0583847829247
0.0583846427855
0.0583844446151
0.0583842462099
0.0583841053584
0.0583839629665
0.0583837638858
0.0583836223426
0.0583834818581
0.0583833397732
0.0583831973784
0.0583829740942
0.0583828309853
0.0583826874688
0.0583824629607
0.0583823763011
0.0583821508018
0.0583820630812
0.0583818377703
0.0583816683047
0.058381578742
0.0583814079537
0.0583811786822
0.0583810077718
0.0583808925601
0.0583807187854
0.0583805455182
0.0583803701002
0.0583802516041
0.0583800757736
0.058379955507
0.0583797765506
0.0583796557578
0.0583794521507
0.0583793294488
0.058379123903
0.0583789992349
0.0583788722469
0.0583786650133
0.0583784554376
0.0583783844716
0.0583781741372
0.0583780192099
0.0583779450929
0.0583777315865
0.0583775734683
0.0583774155941
0.0583772566425
0.058377095293
0.058376991954
0.0583768297569
0.0583766664764
0.058376559888
0.058376394444
0.0583762051451
0.058376095322
0.0583759844284
0.0583757919189
0.058375678902
0.0583754842835
0.0583753691744
0.0583751724828
0.0583750325451
0.0583749143783
0.0583747724416
0.0583746308472
0.0583744292043
0.0583742843981
0.0583741386781
0.0583740511609
0.0583739036929
0.0583737553969
0.0583735270742
0.0583734350048
0.0583733435433
0.0583731117776
0.0583730190463
0.0583728438951
0.0583727501286
0.0583725753937
0.058372399
0.0583722814351
0.0583721059213
0.0583720673249
0.058371891723
0.0583716934316
0.0583715758746
0.0583714572693
0.0583713403357
0.0583711432819
0.0583710272868
0.0583708313107
0.0583707742899
0.0583705796282
0.0583704434664
0.058370330856
0.0583701962667
0.0583700625118
0.0583699296189
0.0583697976134
0.0583695859655
0.058369514894
0.058369385692
0.0583691769174
0.0583691074722
0.0583689585039
0.0583687541412
0.0583686878701
0.0583685421601
0.0583683989145
0.05836825553
0.0583681133588
0.0583679737546
0.0583678113335
0.0583676743399
0.0583675146073
0.0583673803831
0.0583672235025
0.0583671499845
0.0583669383592
0.0583667873994
0.0583666367459
0.0583665468496
0.0583664009021
0.0583662554014
0.0583660324765
0.0583659484176
0.0583657292632
0.0583656503903
0.0583654338837
0.0583652785198
0.058365125262
0.0583650547149
0.0583649044994
0.0583646773007
0.0583645329609
0.0583643909737
0.0583642513882
0.0583640901464
0.0583638749542
0.0583638006318
0.0583635905814
0.0583634409404
0.0583632362222
0.0583630920074
0.0583629492576
0.0583628106553
0.0583626749283
0.058362461566
0.0583623317263
0.0583621243418
0.0583620005704
0.0583618571102
0.0583616590309
0.0583614641441
0.0583613302612
0.0583611418975
0.0583610146315
0.0583608907461
0.0583606319691
0.0583605149965
0.058360321003
0.058360212477
0.058360025727
0.0583598426904
0.0583596634328
0.0583594880231
0.0583593742981
0.0583592068051
0.0583590433874
0.0583589418899
0.0583587076274
0.0583586146896
0.0583583878329
0.0583583037791
0.0583581437224
0.0583579318447
0.058357781097
0.0583576350874
0.0583574938603
0.0583573574506
0.0583572272029
0.0583570199393
0.0583568981059
0.058356700587
0.0583566475779
0.0583564597914
0.0583562768543
0.058356156512
0.0583560651012
0.0583559543676
0.0583557100852
0.0583556101906
0.0583555137025
0.0583553641545
0.0583551978002
0.0583551153384
0.058354956941
0.0583548850221
0.0583547357979
0.0583545911218
0.0583544522858
0.0583543166274
0.0583541867566
0.05835406001
0.0583539954374
0.0583538788122
0.0583536846669
0.0583536344912
0.0583535295417
0.0583534073793
0.0583532303837
0.0583531972388
0.0583530863943
0.058352921942
0.0583528206822
0.0583527235064
0.0583526290626
0.0583525399531
0.0583524535066
0.058352372324
0.0583522131694
0.0583521397691
0.0583519883225
0.0583519803109
0.0583518377389
0.0583516975687
0.0583517007165
0.0583515691857
0.0583514976919
0.0583513733209
0.058351310223
0.0583512492838
0.0583511353439
0.0583510825522
0.0583509525477
0.0583509050999
0.0583507816741
0.0583507420406
0.0583506250286
0.0583505917278
0.0583505374034
0.0583504297117
0.0583503250506
0.0583503617025
0.0583502629962
0.0583502249707
0.0583500515251
0.0583500192693
0.0583499898613
0.058349963281
0.0583498011943
0.0583497802259
0.0583496814845
0.0583497238522
0.0583496320142
0.0583495416598
0.058349534686
0.0583495077272
0.0583494258662
0.0583493481938
0.0583493298453
0.0583493144085
0.0583491635829
0.0583491553364
0.0583491487228
0.0583490658133
0.0583490651011
0.0583489867579
0.0583489126505
0.0583489206842
0.05834891008
0.0583488432323
0.0583488382382
0.0583487782365
0.0583486967966
0.0583486421445
0.0583486465299
0.0583485742257
0.0583485850038
0.0583485163666
0.058348532044
0.0583484695414
0.0583484093881
0.0583483515474
0.0583483524165
0.0583482991001
0.0583481674319
0.0583481762694
0.0583481872693
0.0583480620904
0.0583479967787
0.0583480141325
0.0583479529988
0.0583478939299
0.0583478369119
0.0583477819329
0.058347728983
0.058347597486
0.0583476063207
0.0583474788467
0.0583474339456
0.0583473695494
0.058347248088
0.0583471863816
0.0583471266826
0.0583470112445
0.0583469568925
0.0583469032462
0.0583467710654
0.0583467214937
0.0583465947269
0.0583464687073
0.0583463447672
0.0583462819911
0.058346162256
0.0583460446492
0.0583459882593
0.0583457944003
0.0583456832963
0.0583455529075
0.0583454234359
0.0583453203577
0.0583451954346
0.0583450741458
0.0583449538842
0.0583446989996
0.0583445835246
0.0583443899283
0.0583442806971
0.0583440921017
0.0583439073855
0.0583437817078
0.0583436022457
0.0583434254828
0.0583432501528
0.058343136702
0.0583428864818
0.0583427210764
0.0583425345417
0.0583422946461
0.0583421143392
0.0583418808346
0.0583417084115
0.0583415380923
0.0583413148595
0.0583410711237
0.0583409130033
0.0583406204056
0.0583404687584
0.0583402419238
0.0583400192531
0.0583397995288
0.0583395854837
0.0583392940058
0.0583390889421
0.0583388079206
0.0583386108181
0.0583383392038
0.0583380723775
0.058337866824
0.0583376097152
0.058337357528
0.0583371089819
0.0583369245052
0.0583366067409
0.0583363732873
0.0583361234433
0.0583359015427
0.0583356606843
0.0583353685952
0.0583351395033
0.0583348566178
0.0583346381243
0.0583342866702
0.0583340776143
0.058333736998
0.0583335401817
0.058333267007
0.0583329429635
0.0583326822856
0.0583324259441
0.0583321766207
0.0583319330415
0.0583316361784
0.0583313236582
0.0583310975808
0.0583307968629
0.0583305813587
0.0583302926215
0.058330009941
0.0583297320423
0.0583294616059
0.0583291973561
0.0583289380164
0.0583286057014
0.0583283602626
0.058328040611
0.0583278065973
0.058327499768
0.0583271994074
0.0583269847994
0.0583267552399
0.058326474506
0.0583262003852
0.0583258510268
0.0583256479842
0.0583253939016
0.0583250659961
0.0583248818624
0.0583245675327
0.0583243177852
0.0583240977122
0.0583238039595
0.0583235735514
0.0583232936507
0.0583230784648
0.0583228125192
0.0583225307716
0.0583223353131
0.0583220904909
0.0583218299436
0.0583216570842
0.0583213530575
0.0583211139584
0.0583208807516
0.0583207366774
0.0583204615702
0.0583202515336
0.0583199682944
0.0583197730373
0.058319585244
0.0583194049684
0.0583191516974
0.0583189866294
0.0583187486851
0.0583185184948
0.0583184344333
0.0583182199263
0.0583180133417
0.058317814726
0.0583176818627
0.0583174992954
0.0583173261102
0.0583171368552
0.0583169785116
0.0583168859918
0.0583166632283
0.0583165062618
0.0583164392195
0.0583162405511
0.0583161076016
0.0583159825966
0.0583158668206
0.0583157576003
0.0583155984776
0.0583154256412
0.0583153398235
0.0583152402169
0.0583151698162
0.0583150264953
0.0583148921117
0.0583148445678
0.0583147253174
0.0583146700016
0.0583144851735
0.0583144447895
0.0583143554047
0.0583142505679
0.0583141746064
0.0583140844496
0.0583140231086
0.058313947512
0.0583138791514
0.058313816679
0.0583137627041
0.058313577567
0.0583135365462
0.0583135039393
0.0583133978226
0.0583132987463
0.058313344996
0.0583132586015
0.0583131804868
0.0583131093071
0.0583129644585
0.0583129648056
0.0583129142774
0.0583127886857
0.0583127289556
0.0583126988554
0.0583126526709
0.0583125554908
0.0583125227581
0.0583124389844
0.0583123390339
0.0583123263103
0.0583121819017
0.0583121018318
0.0583121089276
0.0583119842792
0.0583119239122
0.0583118700771
0.0583117421783
0.0583117013599
0.0583115864494
0.058311558594
0.0583114566245
0.0583113611123
0.0583112720519
0.0583111894403
0.0583111132773
0.0583110435663
0.0583108997343
0.0583108429524
0.0583107120762
0.0583105877063
0.0583104698681
0.0583104163234
0.0583103129654
0.0583102149285
0.0583100429971
0.058309958382
0.0583098577061
0.0583097867239
0.0583096420607
0.0583095043514
0.0583094313785
0.0583093077287
0.0583091105944
0.0583090589035
0.0583088760632
0.0583087809877
0.0583086715801
0.0583085103315
0.0583083562945
0.0583082671975
0.0583081275748
0.0583079145671
0.0583078470557
0.0583076484071
0.0583075952307
0.0583074108928
0.0583072336928
0.0583071213497
0.0583069583948
0.0583067796987
0.0583066309579
0.0583064893167
0.0583063319205
0.0583061238906
0.0583060035386
0.0583058674338
0.0583056807029
0.0583055588103
0.0583053057233
0.0583051403428
0.0583050398267
0.0583048081468
0.0583045836263
0.0583045045896
0.0583042944308
0.0583040914765
0.0583039521534
0.05830376366
0.058303501843
0.0583033856142
0.0583031383733
0.0583029790336
0.0583027464529
0.0583025789634
0.0583024417141
0.0583022312922
0.0583020847121
0.0583018085983
0.0583016205489
0.0583014400066
0.058301186414
0.0583010786891
0.0583008402378
0.0583006080771
0.0583004654545
0.0583002499115
0.0583000997843
0.0582998996465
0.0582996266686
0.0582994407254
0.0582992638994
0.0582990143158
0.0582988531698
0.0582986193228
0.0582984511129
0.0582983123833
0.0582981023605
0.0582979003402
0.0582977063548
0.0582975204375
0.0582972607196
0.0582970910451
0.0582969295488
0.058296695687
0.0582965506732
0.058296333384
0.0582961231356
0.0582959803432
0.0582958688847
0.0582956853741
0.058295510463
0.058295263635
0.0582951061353
0.0582949561347
0.058294816349
0.0582946049503
0.0582944831892
0.0582942899664
0.0582941059392
0.0582940694803
0.0582939040319
0.0582937479521
0.0582936012825
0.0582934640564
0.0582932557098
0.0582931374358
0.0582930863744
0.0582929065016
0.0582928167112
0.0582926558181
0.0582925849894
0.0582925007506
0.0582923682392
0.0582922451555
0.0582921891979
0.0582920849128
0.0582919899976
0.0582919621487
0.0582918053227
0.0582917383971
0.0582916592054
0.0582915302486
0.0582915488484
0.0582914383723
0.0582913948218
0.0582913040666
0.0582912788782
0.0582912051268
0.0582911176288
0.0582911211529
0.0582909941421
0.0582910145069
0.0582909069331
0.0582908647798
0.0582908316308
0.0582908087824
0.0582907358607
0.0582907295865
0.0582906529487
0.0582906644707
0.0582905478666
0.0582904964897
0.0582905345141
0.0582905020443
0.0582904770078
0.0582904043032
0.0582903160918
0.0582903184589
0.0582902475477
0.0582902671541
0.0582902134199
0.0582901695459
0.0582901328613
0.0582901059716
0.0582900862054
0.0582900761674
0.0582899348803
0.0582899415586
0.0582898746299
0.0582898172927
0.0582898474695
0.0582898065748
0.0582896919362
0.0582896673488
0.0582896495466
0.0582895605409
0.0582895588529
0.0582894859012
0.058289419615
0.0582893626066
0.0582893122144
0.0582892710559
0.0582892364753
0.0582890727918
0.0582890539668
0.0582889637326
0.0582888800449
0.0582888042262
0.0582887376038
0.0582886775522
0.0582885690171
0.0582885248002
0.0582884092582
0.0582883003727
0.0582882236917
0.0582881308298
0.0582880460116
0.0582879705721
0.0582878441732
0.0582877042816
0.0582875940257
0.0582874689438
0.0582874338171
0.0582872670832
0.058287166046
0.0582870165696
0.0582869313969
0.0582867963852
0.0582866476353
0.0582865282331
0.0582863359733
0.0582862897104
0.0582861141092
0.0582859447933
0.0582858407502
0.0582856865192
0.0582855410916
0.058285321198
0.0582851893126
0.0582849842139
0.0582849247714
0.0582847343469
0.0582845525386
0.0582843766839
0.0582842080799
0.0582839889957
0.0582838348343
0.0582836072741
0.058283467489
0.0582832542774
0.0582830711056
0.0582828721969
0.0582826804268
0.0582824380777
0.0582822605663
0.0582820901782
0.0582818692003
0.0582816324597
0.0582814257236
0.0582811455167
0.0582810107416
0.0582807447931
0.0582804859823
0.0582802920274
0.0582800475155
0.0582798101674
0.0582795786749
0.058279355689
0.0582791170207
0.0582789084518
0.0582786265209
0.0582784324336
0.0582781059904
0.058277845865
0.0582775930489
0.0582773475644
0.0582771094354
0.058276877368
0.0582765963174
0.0582763804128
0.0582761719741
0.058275831409
0.0582756379989
0.0582753715608
0.0582750550178
0.0582748831052
0.0582745818958
0.0582743461301
0.0582740604391
0.0582738389747
0.0582735690149
0.0582733070107
0.058273030141
0.058272782932
0.0582725452116
0.0582722928542
0.0582720717228
0.0582717771059
0.0582714923353
0.0582713544959
0.0582710870837
0.0582708271885
0.0582705775546
0.0582703369666
0.0582701055257
0.0582698027314
0.0582696462556
0.0582694428124
0.0582691682679
0.0582689838872
0.0582687285369
0.0582684828703
0.0582683262161
0.0582681000604
0.0582678837221
0.0582676772377
0.058267480641
0.0582672939642
0.058267036639
0.0582668698946
0.0582666312431
0.0582664845533
0.0582662673375
0.0582660602273
0.0582659438561
0.0582657570568
0.0582655804642
0.0582654141137
0.0582651774405
0.0582650316836
0.0582648962798
0.0582646906657
0.0582645760833
0.0582643913684
0.058264217162
0.0582640535041
0.0582639004345
0.0582637579933
0.0582636262203
0.0582635051554
0.0582633142351
0.0582632147047
0.0582630453969
0.0582628305758
0.0582627636386
0.0582626270376
0.0582625014132
0.0582623061974
0.0582622026341
0.0582620524582
0.0582618904901
0.0582618202765
0.0582616806397
0.0582614945206
0.0582613773392
0.0582612714294
0.0582611191252
0.0582609552358
0.0582608256109
0.0582607650569
0.058260635297
0.0582604592668
0.058260352374
0.0582601992529
0.0582600576159
0.0582599851732
0.0582598665578
0.058259678871
0.0582596410346
0.0582594764655
0.0582593234774
0.0582591820844
0.0582591099912
0.0582589918304
0.0582588853075
0.0582587904375
0.0582586266277
0.0582585537934
0.0582584133751
0.0582582846832
0.0582581100522
0.0582580048866
0.0582579115266
0.0582578286851
0.0582577013486
0.0582575630023
0.0582575172191
0.0582573438144
0.0582571837689
0.0582570934933
0.0582569563353
0.0582568903458
0.0582567788649
0.058256678287
0.0582565106588
0.0582564345749
0.0582562914533
0.0582562411904
0.058256121227
0.0582560147894
0.0582559192064
0.0582558370785
0.0582557657219
0.0582555694297
0.0582555221037
0.0582553484137
0.0582553262146
0.0582551762141
0.0582550969701
0.0582549704156
0.0582548554915
0.0582548111376
0.0582547192875
0.0582546388816
0.0582544892436
0.0582544328604
0.0582543864175
0.0582542128775
0.0582541081571
0.0582540145146
0.058254013825
0.0582538844784
0.0582538237112
0.0582536354876
0.0582535963401
0.0582535102343
0.0582534347912
0.0582532893359
0.0582532927211
0.0582531682974
0.0582530543019
0.058253031293
0.0582529379789
0.058252854918
0.0582527243746
0.0582526616464
0.0582526089975
0.058252508693
0.0582523954119
0.0582523726551
0.0582523007512
0.0582522170175
0.0582521659609
0.0582520439646
0.0582519315906
0.0582519670773
0.0582518737799
0.0582517886183
0.0582517141764
0.0582516490806
0.0582515932768
0.058251546712
0.0582515080141
0.0582513991505
0.058251322317
0.0582513121916
0.0582512304315
0.0582512369105
0.0582511153078
0.0582511408475
0.0582510368998
0.0582509980717
0.0582509922407
0.0582509721551
0.0582509030602
0.058250900272
0.0582508471034
0.0582508038457
0.0582507462135
0.0582507200983
0.0582507025449
0.0582506129319
0.0582506688613
0.0582505963976
0.0582506131534
0.0582505579041
0.0582505112961
0.058250473355
0.0582504427875
0.0582504222578
0.0582504104691
0.0582504074399
0.0582504131836
0.0582504277076
0.0582503703888
0.0582504024683
0.0582503613666
0.0582503303276
0.0582503886319
0.0582503173348
0.0582503123655
0.0582503160212
0.0582503282661
0.0582502913957
0.0582502400854
0.0582502778796
0.0582501858268
0.0582502404782
0.0582501638976
0.0582501546542
0.0582500960651
0.0582501034399
0.0582500614196
0.058250085318
0.0582500597805
0.0582499618329
0.058250010377
0.0582499288152
0.0582499347339
0.0582498695133
0.0582498701186
0.0582498212094
0.058249780449
0.0582497478352
0.0582496427423
0.058249625101
0.0582494786356
0.0582494786143
0.0582494061251
0.0582493417987
0.058249284323
0.0582491786778
0.0582491388883
0.05824904963
0.0582490249301
0.0582488714805
0.0582488645598
0.0582487262784
0.058248597583
0.0582484771702
0.0582483637376
0.0582483176097
0.0582482208306
0.0582481337262
0.0582479167049
0.0582478450523
0.0582477025123
0.0582476477167
0.0582474644107
0.058247345939
0.0582471783096
0.0582470782029
0.05824692767
0.0582467640883
0.0582466307591
0.0582465060747
0.0582463107603
0.0582461228326
0.0582460242684
0.058245853854
0.0582456935699
0.058245483148
0.0582453392856
0.0582451237348
0.0582449401238
0.0582448232159
0.0582445771057
0.0582444207695
0.0582441943419
0.0582439758765
0.0582438473903
0.0582436477113
0.0582434562252
0.058243275655
0.0582431047666
0.0582428053543
0.0582426540882
0.0582424550917
0.0582422431545
0.0582420629453
0.0582418135884
0.0582416321159
0.0582414838696
0.0582412639905
0.0582410557779
0.0582408002728
0.05824061151
0.0582404344763
0.0582402101954
0.0582400526861
0.0582397686315
0.0582396319757
0.0582393687723
0.0582391952964
0.0582389529317
0.0582388002861
0.0582385787424
0.0582384469089
0.0582382461678
0.0582380545021
0.0582378155626
0.0582376459948
0.0582374854912
0.0582372777039
0.0582370816139
0.0582369522427
0.0582367755793
0.0582366106041
0.0582363740469
0.0582362284793
0.0582360945897
0.0582358891068
0.0582357746021
0.0582355898145
0.0582354973151
0.0582352755403
0.0582351217554
0.0582350012598
0.0582348694301
0.0582346889258
0.0582345763795
0.0582344164605
0.0582343244793
0.0582341864243
0.0582340573048
0.0582339384282
0.0582338297811
0.0582337903282
0.0582336214665
0.0582335434209
0.0582334755445
0.0582333385087
0.058233233261
0.0582331151561
0.0582330071482
0.0582329911691
0.0582329032959
0.0582327678024
0.0582326999815
0.0582326434743
0.0582325379637
0.0582325000603
0.0582324144298
0.0582323976823
0.0582323318457
0.0582322528966
0.0582322080904
0.0582320911577
0.0582321223221
0.0582320249907
0.0582319387578
0.0582318609723
0.0582317929453
0.0582317936446
0.0582317451209
0.0582317063497
0.0582316773371
0.0582315787787
0.0582315116654
0.0582314313734
0.0582314415413
0.0582313822445
0.0582312738532
0.0582312330212
0.0582312021232
0.0582311235321
0.0582311138947
0.0582310552834
0.0582309260454
0.0582309451069
0.0582308358882
0.0582308173007
0.0582307280536
0.0582306487561
0.0582305806953
0.0582305211944
0.0582304715309
0.0582304316599
0.0582304015338
0.0582303004677
0.0582302320325
0.058230150209
0.0582300995975
0.0582300368189
0.0582299258392
0.0582298242631
0.0582297320455
0.0582296491426
0.0582296331634
0.0582294291582
0.0582293739531
0.0582292472675
0.0582292103382
0.0582290428877
0.0582289434608
0.0582288760413
0.0582287933081
0.0582286632072
0.0582285407227
0.0582283478313
0.0582283007929
0.0582281486347
0.0582279810104
0.0582279041606
0.0582277541526
0.0582276372294
0.0582275047613
0.0582273233867
0.05822720971
0.0582270457761
0.0582268905408
0.058226743991
0.0582266074341
0.0582264782193
0.0582262193688
0.058226107447
0.0582259235212
0.0582257712075
0.0582256045249
0.0582254694414
0.0582252623279
0.0582250638168
0.0582248739048
0.0582246925895
0.0582245198693
0.0582242967746
0.0582241412442
0.0582239366615
0.0582237983277
0.0582236109487
0.0582233502218
0.0582231800687
0.0582230185408
0.0582227836908
0.0582226394466
0.0582224219076
0.0582222143684
0.0582220385197
0.0582218470848
0.0582216080721
0.0582214571595
0.0582212933916
0.0582210795118
0.0582208758514
0.0582206798202
0.0582204351459
0.0582202585013
0.0582200896647
0.0582199313446
0.0582197233281
0.0582195823022
0.0582193943717
0.0582192146195
0.0582191020851
0.058218862229
0.0582187114045
0.0582185703519
0.0582184391252
0.05821823845
0.0582181270077
0.0582178872245
0.0582177970151
0.0582176348327
0.0582175056518
0.0582173634844
0.0582172556561
0.0582171335319
0.0582169637924
0.0582169436859
0.0582167940057
0.0582166543576
0.0582165247436
0.0582164064863
0.0582162969497
0.0582162550982
0.0582161656569
0.0582160299532
0.0582159606342
0.0582159013887
0.0582158535458
0.0582157338316
0.0582156472282
0.0582155477346
0.0582155403347
0.0582154034736
0.0582154150511
0.0582152998346
0.0582152511186
0.058215154963
0.0582150690196
0.058215052259
0.058214986783
0.0582149315624
0.0582148866113
0.0582148532637
0.0582147482463
0.0582147341866
0.0582147304506
0.0582146564031
0.0582145940235
0.0582145636969
0.0582145207277
0.0582144881394
0.0582144083076
0.0582143965096
0.0582143374857
0.0582142095489
0.0582142289967
0.0582142012397
0.0582141032678
0.058214096383
0.0582140192915
0.058213952645
0.058213838813
0.058213873712
0.0582138370915
0.0582136739591
0.0582136595582
0.0582135979744
0.058213546839
0.0582134831327
0.0582134515706
0.0582133511237
0.0582133417715
0.0582132622141
0.058213134152
0.0582131561401
0.0582131079308
0.0582130112302
0.0582128456669
0.0582128275446
0.0582127636054
0.0582127088583
0.0582125853132
0.0582125516568
0.0582124479347
0.0582123791692
0.0582122967108
0.058212247955
0.0582121868914
0.0582120802629
0.0582119830872
0.0582118967065
0.0582118211373
0.0582117563884
0.0582117024601
0.0582116017155
0.0582114887424
0.0582114095618
0.0582113411164
0.0582112603404
0.0582112132344
0.0582110960686
0.0582110124627
0.0582109149861
0.0582108292393
0.0582107768622
0.0582107104166
0.0582105978724
0.0582104954682
0.0582104018153
0.0582104001378
0.0582103264202
0.058210263887
0.0582102098302
0.0582101091954
0.0582100745277
0.0582099124934
0.0582098393201
0.0582097756072
0.0582097226081
0.0582096776175
0.0582096418892
0.0582095360231
0.0582094609988
0.058209452666
0.0582093957105
0.058209325981
0.0582092868349
0.0582092564969
0.0582091542468
0.0582091413313
0.0582091370306
0.0582090619447
0.0582090746813
0.0582089575617
0.05820898708
0.0582088866145
0.0582089326597
0.0582089292507
0.0582089109127
0.058208923651
0.058208863712
0.0582088116897
0.0582088494987
0.0582090998478
