metodo_2_dt_1:1
3.96786040843e-05
6.14098556946e-05
3.80336833075e-05
5.03195078194e-05
4.09372543795e-05
4.13500789221e-05
4.90767273538e-05
3.73103937026e-05
5.77833224671e-05
3.66281945663e-05
5.79974293145e-05
4.0764207375e-05
5.31502893283e-05
6.05834510188e-05
6.02705282137e-05
6.04787755249e-05
5.2919205573e-05
6.07900486788e-05
4.41127487911e-05
6.0547004632e-05
3.62635266249e-05
5.79951874238e-05
2.90738767223e-05
4.76420746089e-05
2.19249530948e-05
3.85773299786e-05
1.86928667335e-05
3.25178278463e-05
2.22728614981e-05
3.03883230756e-05
3.1270985535e-05
3.55656920211e-05
7.38029871093e-05
6.57743820434e-05
6.17033315924e-05
5.02382597866e-05
4.89173806598e-05
3.50250194566e-05
3.78730180981e-05
2.41042714871e-05
3.33446894881e-05
2.29837034455e-05
3.77137201858e-05
7.47530805003e-05
6.85324765075e-05
5.6479735848e-05
4.95595343574e-05
3.8902113149e-05
3.19033462013e-05
3.0527121146e-05
2.49519418731e-05
3.9642231621e-05
7.11267861833e-05
6.64784597388e-05
4.46055248204e-05
5.19312407875e-05
2.10629986641e-05
5.03175700407e-05
2.0872980067e-05
8.58481471814e-05
5.84330512771e-05
5.78519665974e-05
3.48170624421e-05
3.54646112747e-05
3.0404671314e-05
8.21011434565e-05
7.16201073646e-05
4.88140896686e-05
5.53456834644e-05
2.1056352602e-05
5.81230835428e-05
7.70747003286e-05
6.79729360551e-05
4.79027101526e-05
3.51388589295e-05
4.01165848522e-05
8.37450961837e-05
7.98317416823e-05
4.60220818731e-05
4.81585516387e-05
2.93448754267e-05
8.67301589123e-05
7.15280701066e-05
4.43496786967e-05
5.69408614102e-05
2.4886559005e-05
8.34618126665e-05
6.119085528e-05
4.05795117892e-05
4.89309054685e-05
8.4488948659e-05
8.7546391706e-05
4.72503255757e-05
3.46123774092e-05
9.77725081975e-05
6.63416638502e-05
7.43116116618e-05
3.51831783952e-05
9.28933913376e-05
7.81383634809e-05
4.45237085077e-05
6.82979597199e-05
8.92234561067e-05
6.36057874803e-05
6.15998611888e-05
3.0280591073e-05
8.43273818764e-05
6.22900770762e-05
3.44747648119e-05
0.000109753923176
7.04748364382e-05
4.78610589691e-05
5.44826299853e-05
7.87156471445e-05
8.88224890374e-05
4.92069373676e-05
8.86697018886e-05
8.70684066768e-05
4.67320989165e-05
9.52964237389e-05
8.63738020557e-05
4.72946898451e-05
0.000101812380598
8.59842868397e-05
4.74194517251e-05
0.000129040349475
8.50031306836e-05
4.79987044028e-05
0.000127931997809
8.32239879678e-05
4.66329750929e-05
0.00012441239076
8.04477999462e-05
4.52731062861e-05
0.000121481556502
7.67581746207e-05
4.26110336305e-05
0.000116613487946
7.29911164677e-05
4.17515803719e-05
0.000112856621642
6.9601825004e-05
0.000103903127057
0.000108826934079
6.90129305279e-05
9.37819409119e-05
0.000107892808237
7.25614046997e-05
8.13375020961e-05
0.000109401384808
0.000116593725221
7.28410417022e-05
4.4865763306e-05
0.000108914763676
6.8411068243e-05
9.40625962727e-05
0.000107887832609
7.55944093301e-05
7.91038040547e-05
0.0001126088417
0.000111918027869
7.06523715758e-05
9.8896153673e-05
0.000109165725954
7.77454380364e-05
7.96043963459e-05
0.000116512031652
0.000113035727503
7.40092071137e-05
9.37514825591e-05
0.00011306588925
0.000120739824786
7.71153798428e-05
0.000128728761268
0.000114923606285
8.35409291446e-05
8.34799496444e-05
0.000125632349322
0.000117835146163
8.33531597063e-05
9.01085534014e-05
0.0001262770057
0.000122223776295
8.54026897183e-05
9.40614600169e-05
0.000129343741978
0.000126375662618
8.97942402487e-05
9.73093601779e-05
0.000133793777857
0.000129512071187
9.44413977175e-05
9.93168102663e-05
0.000141267335731
0.000133614213439
0.000101489559248
9.99923091716e-05
0.000151371021162
0.000139811496314
0.000112553175182
0.0001032153716
8.12042597957e-05
0.000147906411203
0.000128025078559
0.000111143272207
0.000114392464106
0.000160563706754
0.000152251150101
0.000124669274693
0.000116817827658
9.36681534197e-05
0.000164145949635
0.000145898699727
0.000127576539117
0.000125309135665
9.69395271948e-05
0.000171449136698
0.000149649622312
0.000135243966499
0.000134809224159
0.000103659460311
0.000181389495475
0.00015907350302
0.00014534904462
0.000132345081721
0.000114233616669
0.000192803346341
0.000172985280977
0.000158718200996
0.00015468351591
0.000128680839683
0.000207251087994
0.000191243219808
0.000175713292932
0.000168030963793
0.000147939594001
0.000135910726558
0.000215518656474
0.000197826114313
0.000186170992835
0.000174533539914
0.000157920660023
0.000148855156836
0.000138533098579
0.000211305259375
0.000201478455941
0.000188946166477
0.00017382106408
0.000165878492904
0.000155192474021
0.000230819310138
0.00022134013191
0.000210568007734
0.000196114072774
0.000186610226085
0.000180415400036
0.00016518920123
0.000155503580586
0.000240485519476
0.000225059120865
0.00021405373897
0.000207211996935
0.0001979969864
0.000185271148192
0.000177400160868
0.000174328286222
0.000250222392846
0.000240201615004
0.000241016545666
0.000225968642147
0.000214238771351
0.000205589677223
0.000206485762369
0.000193082098985
0.000182436430244
0.000266734848948
0.000265040394451
0.000252947660615
0.000243805452138
0.000236964264679
0.000237876707941
0.000225833780263
0.000216548516448
0.000209586520405
0.000215164216726
0.00029395422147
0.000285238662392
0.000277809359024
0.000283554628941
0.000272631680187
0.000263840791037
0.000256779909899
0.000250950838839
0.000257373086953
0.00024725738362
0.000239289015359
0.000232761654585
0.000248362245796
0.000327160212476
0.000318743610864
0.00031190420539
0.000306186287432
0.000302156868981
0.000311526395601
0.000303914651797
0.000297277387451
0.000291491096022
0.000287367833513
0.000303419319441
0.000295834494212
0.000289335813475
0.000283362884373
0.000278825600662
0.000275462718562
0.000295664229831
0.000289269652136
0.000283535926987
0.00027822021386
0.000274230111593
0.00027123785755
0.000362177920148
0.000380216470346
0.000376045999316
0.000372209472129
0.000369451465018
0.000367455066248
0.000365693152295
0.000364521163689
0.000363628902636
0.000385078118464
0.000382886591152
0.000381317732903
0.000379848270151
0.00037889130014
0.000378215678356
0.000377745293089
0.000378231757904
0.000379294704749
0.000380660272104
0.000406197479298
0.000405995840122
0.00040632111567
0.000406969430152
0.000408354663106
0.000409946564504
0.000411632155445
0.000413259727453
0.000415635743988
0.000418575503801
0.000421914740453
0.000425098150091
0.00042855967253
0.000432178745487
0.000463603160507
0.000467276178624
0.000383495139601
0.000387071868939
0.000390808320013
0.000394881746307
0.000399145351854
0.000404183731437
0.00040948479889
0.000414868878835
0.000420360742909
0.000425873855583
0.000432170451265
0.000438911199273
0.000445867962138
0.000452858831596
0.000459936143104
0.000467063158393
0.000474961985918
0.000483283528339
0.000491776915065
0.000500273662025
0.000508865260097
0.000517560774224
0.000437945928726
0.000447655926791
0.000457515310502
0.000467418680453
0.000477499491175
0.000487994518918
0.000498995174067
0.00051008823559
0.000521558555789
0.000533069739598
0.00054479828413
0.000523547030918
0.000535735556487
0.000456489037202
0.000469211087563
0.000481973777724
0.000494952185518
0.000508131739025
0.000522124383211
0.000536455656336
0.000550880460903
0.000565370674528
0.000580148466426
0.000595451374396
0.000524219567321
0.000501970145811
0.000517507468967
0.000533144171472
0.00054911204546
0.000565650257629
0.000582746164046
0.000600149369263
0.000529700288443
0.000547581563677
0.000528423798822
0.000546115345686
0.000564411085667
0.000583044319335
0.000601803548677
0.0006207579656
0.00055223488153
0.000572605204858
0.000555065164019
0.000574959112133
0.00059527771588
0.000615598306137
0.000636455865316
0.000570281089086
0.000554757060659
0.000576003659312
0.000597469600777
0.000619527726599
0.000641937265621
0.000633268688171
0.000563061646204
0.000585823161618
0.000609112290404
0.000632550350344
0.000625158490797
0.000648098802928
0.000580159551742
0.000604899646286
0.000629672197496
0.000622942995334
0.000647099168287
0.000671920162202
0.000606798083168
0.000633170544458
0.000626859797959
0.000651971642034
0.000677984230978
0.000615282392213
0.000610200869272
0.000636430427846
0.000663405400068
0.00069081000015
0.000596719444905
0.000624314079721
0.00065244437229
0.000653967430407
0.000680732569822
0.000615806289452
0.000644822222989
0.000646790391986
0.000674851670566
0.000703824407006
0.000615245125374
0.000643284149706
0.000672355268063
0.000702622104505
0.000614666259134
0.000643964865624
0.000674397632408
0.000681025098922
0.000710578016455
0.000648441518217
0.000656741544147
0.000686284387016
0.000717086542696
0.000633132619539
0.000663561390794
0.000695204740358
0.000707294357659
0.000643302573834
0.000675297128022
0.000687142594051
0.000718351436731
0.000640184667906
0.00067027308567
0.0007019337083
0.000718431100711
0.000654210108052
0.000686684199712
0.000703828376284
0.000735495760487
0.000660216946865
0.000690541207094
0.000722883297745
0.000743039325266
0.000679781426182
0.000702461819512
0.000732673802756
0.000670429995339
0.000691980187695
0.000723793278171
0.000748822914184
0.000684663198957
0.000710873102116
0.000740818881892
0.000678341019087
0.000703594823021
0.000735732695055
0.000763640535786
0.000699157547804
0.000727945105488
0.000758382274212
0.000694503532836
0.000724526088653
0.000757246110954
0.000690824782707
0.000724519333176
0.000753105819704
0.000689800766576
0.000722106355682
0.000752733102006
0.00069103736176
0.000721029277922
0.000755336933011
0.000786020742972
0.000726677750685
0.000756196623455
0.000792031363823
0.000726732613006
0.000763588129606
0.000804188426641
0.000736822357203
0.000777772670825
0.000803821658693
0.000751115929469
0.000777123677494
0.000726130854897
0.000751610828123
0.000793596446877
0.000726077494804
0.000768178114062
0.000813212982586
0.000744397762244
0.000789921686653
0.000813337835968
0.0007659916936
0.000789097893712
0.000834213032216
0.000790880133005
0.000811805249525
0.000768525936799
0.00078870910022
0.000835561999888
0.000766874764835
0.000814271744608
0.000863219401494
0.000792552192467
0.00084075960701
0.000802764510704
0.000819225250016
0.000869507850357
0.000798656420605
0.000848110131215
0.000811789825113
0.000826818431345
0.00087767607526
0.000843562430743
0.000857281184644
0.000822277203963
0.000874564511684
0.000887253422394
0.000853704333273
0.000907267228928
0.000833216139893
0.000885717479606
0.000939040827871
0.000864391110282
0.000917797036051
0.000889800459149
0.000897113640657
0.000950407759095
0.000921544536097
0.000928763937803
0.000900154357979
0.000954594730619
0.000878920077742
0.00093221331052
0.000986193332316
0.000960841527694
0.000964559014048
0.00093891650468
0.000993214597176
0.000915824045518
0.000969742007356
0.0009462415649
0.00100091454104
0.00100229354894
0.00097749164643
0.00103129502852
0.00100985815539
0.00100748850564
0.000985534754795
0.00103988707795
0.00102015591465
0.00101475197922
0.000993392022322
0.00104748324797
0.00102966465778
0.00108360582719
0.00107624062782
0.00105580768082
0.00110897100015
0.00109119656352
0.00114502210491
0.00106376845019
0.00111687754316
0.00109902880689
0.00115160116249
0.00113632966636
0.00112326154064
0.00110668744141
0.00115845803108
0.00114287055691
0.00119409620568
0.00118073789862
0.0011635193424
0.00114840767121
0.00119908711562
0.00118464890644
0.00123512887969
0.00122234451395
0.00127280607383
0.00118781716726
0.00123774955218
0.00122379128338
0.00127303565405
0.00126077691075
0.00131023176877
0.0012981550783
0.00134608561345
0.00125928156487
0.00130774232845
0.00129519353237
0.00128449075024
0.00133113904251
0.00132003862629
0.00136588927741
0.00135556763547
0.00140143127398
0.00139178923085
0.00143686527264
0.00134776257476
0.00139284913656
0.00138134415437
0.00142706499964
0.00141600331119
0.00140560969913
0.00144852816883
0.00143814981973
0.00148120670694
0.00147161364503
0.00151444191958
0.00150384619208
0.0015454077423
0.00153476974942
0.00152577114282
0.00156660682158
0.00155747804424
0.0015972432587
0.00158677772012
0.00162616763699
0.00161637485785
0.0016078254364
0.00164612129373
0.00163641932078
0.00167370582351
0.00166362488788
0.00165492710695
0.00169169245801
0.00168241752668
0.00171818926145
0.00170772454246
0.00174351656751
0.00173335474207
0.00172409612829
0.00175878856142
0.0017481117474
0.00178211936977
0.00177111134892
0.00176125449412
0.00179492923363
0.00178413414034
0.00177351460523
0.00180497900489
0.00188183767289
0.00191311181983
0.00190278719614
0.00189257797198
0.00192183993632
0.00191046090695
0.00194032567183
0.00192933732346
0.00191855463429
0.00194730755338
0.00193489949226
0.00201253853044
0.00203934425555
0.00202818708139
0.00201757293938
0.00204326446602
0.00203075737868
0.00205649819109
0.002043812964
0.00203182073398
0.00214691631143
0.00213401047136
0.00212108946986
0.0021442495415
0.00213141942658
0.00211893967072
0.0022321615377
0.002218601563
0.00220524332025
0.00222610709627
0.0022124201551
0.0021992038382
0.00231101936933
0.00229659403647
0.00228214367369
0.00230120805996
0.00228669374157
0.0023647196424
0.00238276643424
0.00236730450453
0.00235182940536
0.00236912691156
0.00244570347126
0.0024310065119
0.00241584894341
0.00243044264204
0.00241403636872
0.00249096643736
0.00250539152146
0.00248921449287
0.00247271138126
0.00257858557939
0.00256098884755
0.00254408325308
0.00255703467826
0.00263273222825
0.00261504774856
0.00259718257464
0.00260740450667
0.0026825947822
0.00266477969292
0.00267516027267
0.00274953564058
0.00273036079543
0.00271106131533
0.00271946747977
0.00279403762131
0.00277498468438
0.00275522006767
0.00285540553316
0.0028347562233
0.00281476401641
0.00282133632146
0.00289457450404
0.00287349164518
0.00285185267515
0.00295039193873
0.00292897519782
0.00290755962549
0.00298098321952
0.00298344037812
0.0029602683955
0.00303237398024
0.00301013122765
0.00310664022838
0.00308361181499
0.00305999258218
0.00313124438135
0.00313084860992
0.00310704401595
0.00317834407951
0.00315423653801
0.00312953290193
0.00322225397885
0.00319686553887
0.00326762357087
0.00324283840877
0.00323949403107
0.00330832092646
0.00328176486174
0.00335134179821
0.00332543446531
0.00332041889385
0.0033888514995
0.00336125224907
0.00342957501102
0.00342285804688
0.00349109241614
0.00346335837441
0.00343501730595
0.00350214638406
0.00349324949022
0.00356014373209
0.00353131428882
0.00359851367298
0.00356882442936
0.00365425283018
0.00362361397953
0.0036896084707
0.00365947100411
0.003725402703
0.00369429464736
0.00368113118259
0.0037455291213
0.00371388414701
0.00377895563349
0.00374703843334
0.00382914683683
0.00379577021157
0.00385903063213
0.00382602054052
0.00388984383439
0.00385642666631
0.00393647930408
0.00399839574652
0.00396368917256
0.00402617728926
0.00399191904865
0.0040540308198
0.00401838699499
0.00409564505876
0.00405951146565
0.0041206344354
0.00408467602636
0.00414527850004
0.00420533322665
0.00418361259688
0.00424323873674
0.00420589243232
0.00426554773092
0.00422741267844
0.00428589904508
0.00434424858866
0.00430555487746
0.00437906956592
0.00433997740877
0.00439750375025
0.00435710367112
0.00441406871299
0.00447117284876
0.00443094786101
0.00448799617768
0.00455848457573
0.00451647933724
0.00457178627964
0.0045298750832
0.00458577527557
0.00464121319151
0.00459831588699
0.00465269735021
0.00470689233126
0.00467685769058
0.00473118214792
0.00478497121312
0.00474039793104
0.00479315074168
0.00484576908862
0.00480086795948
0.00485394508966
0.00490641444663
0.0048602695123
0.00492416331487
0.0049751904684
0.00492888788577
0.00498013235839
0.00503087349923
0.00498320733577
0.00503282095861
0.00508270951934
0.00513269568006
0.00508474764349
0.00513403721936
0.00518279785374
0.00513297444118
0.0051929421305
0.00524127317414
0.0052896148103
0.00523919393992
0.00528619900253
0.00533276945912
0.00537967445295
0.00532853010821
0.005375370065
0.00542138994972
0.00546691225842
0.00541387890711
0.0054593343678
0.00550494646888
0.00555010467956
0.00549648637963
0.00554028515819
0.00558407280496
0.00562806689503
0.00567201281908
0.00562744976517
0.00567011328511
0.00571234690888
0.00575447327059
0.00579666713104
0.005740841816
0.00578279667553
0.00582401255267
0.00586452418692
0.00590513643477
0.0058476760296
0.00588833903007
0.00592866790219
0.00596824849699
0.0060073283379
0.00604624703811
0.00608554090212
0.00602639556245
0.0060650679653
0.0061028371837
0.00614031333031
0.00617782935354
0.00621555400019
0.00625316106812
0.00619157200779
0.00622782570785
0.00626368786429
0.00629963269024
0.00633576762541
0.00637172148483
0.00640687772484
0.00644146359024
0.00647571758757
0.00641158986335
0.00644611844037
0.00648040143937
0.00651400002653
0.00654690189415
0.0065795336325
0.0066123175862
0.00664508296694
0.00667768795226
0.00670229571742
0.00673353779115
0.00676456370411
0.00679576072535
0.00682704957103
0.00675930580088
0.00678948138508
0.00681902978651
0.00684842447185
0.00687800978564
0.00690764320724
0.00693684345337
0.00696529041728
0.00699315763543
0.00702093213459
0.00704905651985
0.00707703093279
0.00710451307972
0.00713123540051
0.00715743128199
0.00718359281967
0.00720368487707
0.00722995147706
0.00725567394973
0.00728063807825
0.00730527445598
0.0073297773644
0.00735447811347
0.00737906662313
0.00740306055854
0.00742630677772
0.00744928671191
0.0075709387025
0.00759401929915
0.0076113418083
0.00763354284343
0.00765515762775
0.00767627505239
0.00769749474569
0.00771887809188
0.00774017211228
0.00776064745097
0.00778042008555
0.00779990608737
0.00781967688958
0.00783424813925
0.00795249087276
0.00797129959721
0.0079892962885
0.00800706743098
0.00802514835876
0.00804318848561
0.00806087286904
0.00807797177043
0.00808952389847
0.00820448555354
0.00822086847219
0.00823717117458
0.00825305991217
0.008268347772
0.00828291303991
0.00829752042553
0.00830775194108
0.00842124066979
0.00843546473372
0.00844880077898
0.00846174637145
0.00847450968998
0.00848762307045
0.00859541556453
0.00860782872719
0.00861935625767
0.00863054822719
0.00864161217023
0.00875196656988
0.00876313911843
0.00877005837084
0.00877978267857
0.00878923021395
0.008897571194
0.00890726802916
0.00891667867521
0.00892207990437
0.00893014739723
0.00903671508417
0.00904452596551
0.00905237862122
0.0090601614643
0.00916627128599
0.00916912685797
0.00917511188028
0.00918110297847
0.00918738555395
0.00929239606181
0.00929444488253
0.00929894690189
0.00940224810965
0.00940655627521
0.00941112220948
0.00941536137966
0.00951487465107
0.00951747541717
0.00952005160514
0.00952282727318
0.00962471096014
0.009624204329
0.00962577333764
0.0097258142459
0.00972670394397
0.00972767477058
0.00982519842041
0.00982570995425
0.00982549484009
0.00992368068768
0.00992289869677
0.00991979043826
0.0100181059032
0.0100168463502
0.0100148609792
0.0101090792434
0.010106445593
0.0101040352356
0.0102006417365
0.0101976184495
0.0101916477756
0.0102863963849
0.0102821163938
0.010278052911
0.0103709293383
0.0103658212356
0.0104592444457
0.010453216509
0.0104473054119
0.010538644955
0.0105325431618
0.0105258191668
0.010617516883
0.0106079355755
0.0106993090934
0.0106917386698
0.0107830442472
0.0107728050972
0.0107634849933
0.0108530668194
0.0108437124441
0.0109319478856
0.0109222226039
0.0109118201605
0.0110000632348
0.0109872971555
0.0110752591762
0.011064193825
0.0111505694595
0.0111382322607
0.0112244735987
0.011211481188
0.0112965578285
0.0112837633855
0.0113695766289
0.0113555339825
0.0114388429087
0.011424033772
0.0114094665046
0.0114931085964
0.0114778664921
0.0115610714744
0.0115446660934
0.011626332359
0.0116100915577
0.0116928451019
0.0117741597866
0.0117563093629
0.0118373586374
0.011818425633
0.0118994284797
0.0118811673263
0.0119616480772
0.0119413048902
0.012020410239
0.0120005926
0.0120793324058
0.0120592217906
0.0121378198279
0.0122150531389
0.0121931753222
0.012270774936
0.0122487836484
0.0123260100913
0.0123035491742
0.0123791439566
0.01245479656
0.0124313285289
0.0125069292045
0.0124832503245
0.0125579841658
0.0126320418429
0.0126066034825
0.0126807156735
0.0126554794211
0.0127291577291
0.0128020413179
0.0127751999183
0.0128472100532
0.0128203903609
0.0128926704521
0.0129645203608
0.0129363580434
0.0130069959497
0.0130772759699
0.0130487289375
0.0131192907558
0.013189318396
0.0131593250832
0.0132282199383
0.0132969104815
0.0132665209302
0.0133354518471
0.0134035398172
0.0133720903199
0.0134389886673
0.0135058554961
0.0134740906514
0.0135408973287
0.013607303848
0.0136732321514
0.0136390510813
0.0137047577427
0.0137700507914
0.013735876906
0.013800840895
0.0138645569353
0.0139280157273
0.0138925976575
0.0139561987952
0.0140201193677
0.0139834584162
0.0140452936884
0.0141074870115
0.0141692089426
0.0141324975883
0.0141937949706
0.0142545931119
0.0143153431734
0.0142759389459
0.0143367083675
0.0143965592997
0.0144562450541
0.0145158787662
0.0144748855076
0.0145338187108
0.0145919982272
0.0146511994151
0.0147087687356
0.0146665584799
0.014723897313
0.0147801792596
0.0148376591049
0.0148940283384
0.0148507466614
0.0149068458233
0.0149614615437
0.0150170467644
0.0150717281129
0.0151274711104
0.0150822074445
0.0151367030129
0.0151893974444
0.0152421987966
0.0152962772445
0.0153490598562
0.0154024509457
0.0153545713585
0.0154068524253
0.0154577988676
0.0155103219343
0.0155611810614
0.015611506566
0.0156623415994
0.0157115322706
0.0156628719922
0.015712228492
0.0157627443378
0.0158111173224
0.0158604031436
0.0159077308906
0.0159567447278
0.01600425203
0.0160515610883
0.0160995177483
0.0160461317331
0.0160933330041
0.0161390800757
0.0161863928134
0.0162317947947
0.0162780150558
0.0163221320698
0.0163675636097
0.0164115123967
0.0164571445433
0.0165007706592
0.0165452290558
0.0165873653084
0.0166311301127
0.0166734101476
0.0167173319368
0.0167589511258
0.0168016289647
0.0168420434403
0.016884125387
0.0169245084005
0.0169668105443
0.0170065506287
0.0170474318838
0.0170860261947
0.0171264103072
0.0171651424398
0.0172055616845
0.017243432163
0.0172826216271
0.0173192985566
0.0173579705974
0.0173949415887
0.0174335720137
0.017469701448
0.0175069517518
0.0175419685275
0.0175789147007
0.0176141322431
0.0176509509673
0.0176873439956
0.0177206533639
0.0177560161552
0.0178884047844
0.0179239574135
0.0179568620583
0.0179913785373
0.0180228931245
0.0180564681266
0.0180878708512
0.0181216306543
0.0181527360897
0.0181853707538
0.0182174873839
0.0183461806423
0.0183782330911
0.018407836818
0.0184394635827
0.0184680102402
0.0184981506778
0.0185259806771
0.0185561314378
0.0186857757853
0.0187131478469
0.0187421119439
0.0187681898965
0.0187966200567
0.018822810294
0.0188511941729
0.0189785424799
0.0190032512056
0.0190299078792
0.0190541178145
0.0190809998372
0.0192045732248
0.0192305835617
0.0192560581943
0.0192784468601
0.0193034717906
0.0193259488719
0.0194502017375
0.0194746139561
0.0194955548417
0.0195188151385
0.0196387703645
0.0196620688475
0.0196826553621
0.0197051131025
0.0197269481044
0.0198450308965
0.0198665997896
0.019885633506
0.0199068493594
0.020026853585
0.0200441099393
0.0200638313992
0.0200837621259
0.0202001777582
0.0202197671338
0.0202358344576
0.0202540035848
0.0203713472263
0.0203866454486
0.0204048250037
0.0205190859113
0.0205360409377
0.0205524692257
0.0205658625799
0.0206815663478
0.0206980230212
0.0207110225248
0.0208254927436
0.0208372351342
0.0208517127608
0.0209657262504
0.0209774328285
0.0209914920611
0.0211041600521
0.0211140123404
0.02112679011
0.0212392098667
0.0212490279079
0.0212612746204
0.0213721315384
0.0213801147966
0.0213911837636
0.0215017656649
0.0215098140436
0.0215202337451
0.0216261734442
0.0216354081379
0.0216447593935
0.0217505802209
0.0217597715967
0.0218676548748
0.0218724004421
0.0218798762071
0.0219869170856
0.0219915078326
0.0220981944209
0.0221050303333
0.0221079055289
0.0222129286081
0.0222188110408
0.02232423527
0.022326563995
0.022430735501
0.022435104991
0.0224358245568
0.0225392694048
0.0225435989437
0.0226433827605
0.022646374586
0.0227482225476
0.0227471810217
0.0228489825121
0.0228513910471
0.0229493367627
0.022950563567
0.0229511614
0.0230511256196
0.0230484064217
0.0231484209089
0.0231485213132
0.023243770685
0.0232426496837
0.0233407258766
0.0233398025947
0.0234344648616
0.0234327874422
0.0235295905634
0.0235232738635
0.0236195723418
0.0236168546472
0.023713310782
0.0238054928867
0.0238012079261
0.0238957614435
0.0238876705893
0.0239823537239
0.0239776320957
0.0240715896643
0.0240618442258
0.0241546871254
0.0241482181869
0.0242413119732
0.0243305120011
0.0243231302344
0.0244145125418
0.0244063318805
0.0244938134046
0.0244857652917
0.0245767091482
0.0246668399801
0.0246534219433
0.0247427327849
0.0247328906891
0.0248223153049
0.0249077334366
0.0248967379994
0.0249844677235
0.0250719488033
0.0250566539033
0.0251443414625
0.0251322644439
0.0252186576142
0.0253008594362
0.0252873130518
0.0253732696754
0.0254591913818
0.0254415435406
0.0255260169256
0.0256100998084
0.0255948328465
0.0256790619955
0.0257593793733
0.0257435507234
0.0258263061191
0.0259085030753
0.0258877002119
0.0259701062585
0.0260523637683
0.0260346969882
0.0261156206925
0.0261922936631
0.0261734755746
0.0262541325559
0.0263345805065
0.0264143807226
0.0263902503261
0.0264689271691
0.0265476965064
0.0265272713689
0.0266058956951
0.0266799104674
0.0267570891454
0.0267346705704
0.0268116973416
0.0268888162088
0.0269616684801
0.026938342559
0.0270136918004
0.0270888248243
0.0271642107042
0.0271362790575
0.0272111474323
0.0272852814997
0.0273588015877
0.0274321628808
0.0274063635937
0.0274758962512
0.0275490165581
0.0276212796071
0.0276929732326
0.0276652415469
0.027736998736
0.0278047920385
0.0278759366169
0.0279463271936
0.0279168732861
0.0279866936655
0.0280567882372
0.0281226292281
0.0281918991525
0.0282604172563
0.0282292513514
0.0282973007408
0.0283655073027
0.0284336704394
0.0284970067198
0.0285636536096
0.0286299988916
0.0285969493071
0.0286633684156
0.0287296843006
0.0287911472559
0.0288559255316
0.0289204608207
0.0289849654319
0.0290496955751
0.0290147189691
0.0290783806333
0.029141451469
0.0291999632644
0.0292628020074
0.0293256194632
0.0293881024845
0.0294499752208
0.029511073489
0.0295720461276
0.0296330423858
0.0296900184067
0.0296512916145
0.0297112679724
0.0297705087207
0.0298296826888
0.0298888972065
0.0299482256506
0.0300069924979
0.0300651125536
0.0301184201148
0.0301756909676
0.0302332270388
0.030290613115
0.0303475962231
0.0304038183569
0.030459398797
0.0305150208011
0.0305706933978
0.030626378169
0.0306772380966
0.0307314584106
0.030785305802
0.0308391371746
0.0308930127742
0.0309468438178
0.0310000638772
0.0310524269146
0.0311044725893
0.0311565454994
0.0312087548296
0.0312606467615
0.0313076761504
0.0313582595466
0.0314084779078
0.0314586558427
0.0315090553
0.0315591836363
0.0316086218655
0.0317565781677
0.0318050015562
0.0318535230901
0.0319021295371
0.0319504041325
0.0319979590345
0.0320447310284
0.0320913629563
0.0321337492004
0.0321805318002
0.0322269216786
0.0322725690641
0.032416916778
0.0324617390009
0.0325065964954
0.0325515671436
0.0325960864454
0.0326398484594
0.0326830168382
0.0327260548529
0.0328685788908
0.0329117269885
0.0329543676956
0.0329962441063
0.0330375757069
0.0330788304616
0.0331202389986
0.0332608869117
0.0333016421882
0.0333416340677
0.0333811341234
0.0334206070114
0.0334557877138
0.0335945921084
0.0336334433027
0.0336716460599
0.0337093086782
0.0337469906118
0.0338841507337
0.0339217605084
0.033958718616
0.033994939016
0.0340307838049
0.0341660298856
0.0342021526532
0.0342379031653
0.0342729651496
0.0344066563506
0.0344406883851
0.0344749179632
0.0345091280408
0.03454301097
0.0346755176977
0.0347079987708
0.0347403299124
0.034772673867
0.0349044124427
0.0349364194489
0.0349677900311
0.0350977553317
0.0351281793096
0.0351588461192
0.0351894176298
0.0353188884896
0.0353483608607
0.0353771273909
0.0355051023627
0.0355339839523
0.0355627238468
0.035595504589
0.035722417501
0.0357493368304
0.0357761708555
0.0359025989333
0.0359294970609
0.0359559455272
0.0360808623666
0.0361059407003
0.0361310897847
0.0362556221493
0.0362807761735
0.0363052218654
0.0364283575067
0.0364516029704
0.0364749654415
0.0365977027284
0.0366210003923
0.0367428922005
0.0367648014534
0.0367862221913
0.0369071484805
0.0369287380734
0.0369501725174
0.0370701670813
0.0370947948766
0.0372138345081
0.0372335162566
0.0372533916506
0.0373721844455
0.0373910244621
0.0375085215295
0.0375263061706
0.0375443098066
0.0376617146984
0.0376792888224
0.0377955763927
0.0378118660158
0.037927198399
0.0379434192996
0.0380636246114
0.038079304592
0.0380943335725
0.0382080989488
0.0382222703947
0.0383360392268
0.0383504315906
0.0384636770501
0.0384767059348
0.0385886317396
0.038601116179
0.0387131063406
0.038730305698
0.0388415370803
0.0388527639764
0.0389628315862
0.0389735131339
0.0390836927275
0.0390943882224
0.0392037339898
0.0392130749222
0.0393213210153
0.039334888123
0.0394432515257
0.0394520780675
0.0395596111213
0.0395670548577
0.0396733541216
0.0396804560415
0.0397870303514
0.0398933557647
0.0399043275566
0.0400092251229
0.0400144456604
0.0401190990848
0.0401244970406
0.0402289354145
0.0402333114598
0.0403363525718
0.0404391272355
0.0404473295356
0.0405502453
0.0405534415216
0.0406552538687
0.0407564163031
0.0407580153214
0.0408592086204
0.0408656648895
0.0409663125172
0.0410662109693
0.0410661486702
0.0411652883489
0.0412645788613
0.0412644896923
0.041367979601
0.0413667197278
0.0414641445722
0.0415614765153
0.0415596088333
0.0416570246094
0.0417539030282
0.0417554733439
0.0418510431754
0.0419465721448
0.041942899364
0.0420385596129
0.0421335302011
0.0421331155035
0.0422268388381
0.0423206717702
0.0423151900418
0.0424088817853
0.0425019427271
0.0425990957335
0.0425916301367
0.0426835644624
0.0427757289406
0.0427681918188
0.0428593422598
0.0429546066016
0.0430446654671
0.0430354520548
0.0431257983767
0.0432157431558
0.0432057259641
0.0432989971026
0.0433872346895
0.0434756898174
0.0434647518006
0.0435529159375
0.0436449841247
0.0437317251975
0.0437187936484
0.0438054578543
0.0438920517334
0.0439829701226
0.0440684587817
0.0440538758688
0.0441385996436
0.044223373299
0.0443129819607
0.0443973248134
0.0443814504548
0.0444644740514
0.0445472992094
0.0446351274932
0.0447180026618
0.0447010910166
0.0447827814387
0.0448638596997
0.0449497296062
0.0450308735162
0.0451120058838
0.0450931954163
0.0451776614198
0.0452569590737
0.0453362612065
0.0454156108258
0.0454948923951
0.0455782865943
0.0455566946022
0.0456341677916
0.0457116888374
0.0457940002967
0.0458713742664
0.0459480870465
0.0460240837731
0.0461044144648
0.0460807463904
0.0461565462759
0.0462320581859
0.0463068757975
0.0463856394852
0.0464594423599
0.0465333605199
0.0466073567757
0.0466857408358
0.046758514085
0.0468307368513
0.0469027453176
0.0468802640859
0.0469523944561
0.0470241183248
0.0470951033877
0.0471702178271
0.0472402805761
0.0473105995639
0.0473857001635
0.0485063325768
