metodo_1_dt_1:12
3.00653240312e-06
0.01184540537
0.0118500573239
0.0118574570336
0.011865629134
0.0118703030601
0.0118762742906
0.0118832332206
0.011891972987
0.0118982738334
0.0119038083139
0.0119115404029
0.0119187641592
0.0119255162083
0.0119327718832
0.0119409629199
0.0119465186693
0.0119541487844
0.0119606065447
0.0119704068232
0.0119754990682
0.0119831260593
0.0119935035673
0.0119989936305
0.0120073036157
0.0120177046447
0.0120229587419
0.0120303239217
0.0120408656098
0.0120494107564
0.0120558551644
0.0120646506728
0.0120712585477
0.0120802672216
0.0120917580481
0.0121000451216
0.0121058323854
0.0121139675089
0.0121236181219
0.0121348178365
0.0121423024542
0.0121511885912
0.012156877436
0.0121684219845
0.012175697481
0.0121840660755
0.0121926277087
0.0122021158149
0.0122116083874
0.012221795448
0.0122317383455
0.0122412865362
0.0122502756381
0.0122585274407
0.0122713683456
0.0122776100242
0.0122881421491
0.0122971895601
0.0123110610754
0.0123215355919
0.0123298172464
0.0123348503194
0.0123507393141
0.0123553270133
0.0123697276996
0.0123798629987
0.0123917369911
0.0123993547649
0.0124060519516
0.0124198268193
0.0124294130997
0.012440680354
0.0124459896163
0.0124576353571
0.0124679220976
0.0124835190938
0.0124944862338
0.0125024892943
0.0125114787266
0.0125281653367
0.0125375282893
0.0125525958091
0.0125642875524
0.0125737466567
0.0125835043631
0.0125947534052
0.0126092019522
0.0126206069732
0.0126305647599
0.0126417726143
0.0126536768969
0.0126671774679
0.0126777095702
0.0126902769657
0.0126988185859
0.0127122026012
0.0127260557222
0.012735494278
0.0127489519694
0.0127614994325
0.0127730135915
0.0127868540425
0.0127993089144
0.0128126978429
0.0128244350591
0.0128376132838
0.0128519792573
0.0128625446383
0.0128777693199
0.0128889604012
0.0129042705321
0.0129188761263
0.0129316998622
0.0129445077002
0.0129594701149
0.0129731340648
0.0129854495364
0.0130012739131
0.01301346447
0.013028592631
0.0130418129642
0.0130582527088
0.0130715543438
0.013086084559
0.013099733397
0.0131164316072
0.0131317410826
0.0131445347628
0.0131615844563
0.0131759139554
0.0131927584406
0.0132067409227
0.0132220498139
0.0132383609668
0.0132543752041
0.0132705961529
0.0132861351779
0.0133027104367
0.013319068963
0.0133349713756
0.0133521777624
0.0133684789142
0.013385666823
0.0134029208291
0.0134202090022
0.0134370100592
0.0134547875042
0.0134723541659
0.0134904028432
0.013507801653
0.0135260832627
0.0135438311174
0.0135621765245
0.0135810181342
0.0135997540909
0.0136184024488
0.0136378757812
0.0136562721372
0.0136759376812
0.0136954342076
0.0137149851646
0.0137345234989
0.013755656315
0.013775221521
0.0137948481453
0.0138163420312
0.013836192323
0.0138581233356
0.0138783658296
0.013901048553
0.0139216959973
0.013943109338
0.0139642415143
0.0139860739771
0.0140082269637
0.0140312780615
0.0140538814375
0.0140785058219
0.0140996207214
0.0141250604998
0.0141469163304
0.0141708062142
0.0141944185088
0.0142182455719
0.0142427674659
0.0142684354506
0.0142938521946
0.0143203657311
0.0143432384494
0.0143703066308
0.0143934013751
0.0144216082142
0.0144491535117
0.0144772417548
0.0144995887963
0.014526864213
0.0145537251266
0.0145854809957
0.0146105160969
0.0146401476304
0.0146685724862
0.0146950725052
0.014725306589
0.0147539670524
0.0147860035598
0.0148150534485
0.0148478341687
0.0148761373648
0.014907599273
0.0149353831401
0.0149703300041
0.0150008618694
0.015032447348
0.0150643506879
0.0150965699344
0.0151283133593
0.0151602433579
0.0151968965748
0.0152328902511
0.0152658683283
0.0152963380857
0.0153305156571
0.0153683390897
0.0154009957694
0.0154362194808
0.0154724844401
0.0155102399807
0.0155479081703
0.0155851976241
0.0156211324988
0.0156625665416
0.0157013805975
0.0157371068936
0.0157760945434
0.0158180169986
0.0158537218844
0.0158990994457
0.0159361105932
0.0159766459252
0.0160185557906
0.0160583224205
0.0161029750661
0.0161412650704
0.0161885629725
0.0162290155276
0.0162718508066
0.0163170772695
0.0163592981773
0.0164069594933
0.0164502639457
0.0164939595752
0.0165406140833
0.0165870306307
0.016635636015
0.0166826115791
0.0167274171962
0.0167777413585
0.0168254297006
0.0168734677582
0.0169220703785
0.0169714995324
0.0170232480727
0.0170713463332
0.0171241482095
0.0171740593611
0.0172252330921
0.017277797634
0.0173319203874
0.0173835361225
0.0174373588394
0.0174907247684
0.017544888415
0.0176010591548
0.0176557164088
0.0177102291105
0.0177665242176
0.017823260875
0.0178811964815
0.0179382687169
0.0179970418636
0.0180547192746
0.0181136853405
0.0181734016304
0.0182330715885
0.0182929373243
0.01835425676
0.0184150178975
0.018477203106
0.0185386478684
0.0186019638845
0.0186644781107
0.018728251112
0.01879207753
0.0188571521009
0.0189222222555
0.0189877935918
0.0190538920948
0.0191205270464
0.0191870968173
0.0192549905674
0.0193223152601
0.0193909575488
0.0194596109576
0.0195291749097
0.019599359151
0.0196704623773
0.0197405222816
0.0198114793791
0.0198832235799
0.0199558928561
0.0200295245936
0.0201015391185
0.0201769546739
0.0202506178263
0.0203250877792
0.020400115276
0.0204760236349
0.0205519734814
0.0206296807878
0.0207065898927
0.0207848553594
0.020861908776
0.0209435297933
0.0210217766639
0.0211033516099
0.0211808123826
0.0212612429695
0.0213450957322
0.0214276319179
0.0215098607206
0.0215891766189
0.021676569419
0.0217569157359
0.0218451018608
0.0219293675031
0.0220114576154
0.0220996616407
0.0221842309419
0.0222746647022
0.0223607847042
0.0224470193093
0.022538141671
0.0226233553451
0.0227137954442
0.0228023605173
0.0228949169657
0.0229857681123
0.0230792835728
0.0231703465208
0.0232626653004
0.0233571676384
0.0234468102014
0.023544281327
0.0236345260907
0.0237320333523
0.0238280738045
0.0239226076111
0.0240223773909
0.024119123458
0.0242119928025
0.0243156395981
0.0244146175353
0.0245072955263
0.0246086630881
0.0247101341249
0.0248116059133
0.0249115918163
0.0250099219337
0.0251127061427
0.0252199166238
0.0253230974714
0.0254206930909
0.0255281448725
0.0256289789902
0.0257376036533
0.0258459243246
0.0259525000875
0.0260564743452
0.0261575339983
0.0262713397237
0.0263794789634
0.0264815654521
0.0265946086758
0.0267041312203
0.0268070915886
0.026919068788
0.0270387244004
0.027142399647
0.0272598311393
0.0273704586149
0.0274825409602
0.0275956471342
0.0277084779498
0.027825006516
0.0279369472227
0.0280517060751
0.028169608865
0.0282851809012
0.0283999909058
0.0285167220465
0.0286348923437
0.028754972707
0.028872976129
0.0289912988959
0.0291104855582
0.0292311152414
0.0293519048582
0.0294694257766
0.0295906229272
0.0297149434547
0.0298361960998
0.0299581130774
0.0300811946314
0.0302052977944
0.0303307717038
0.0304524304451
0.0305791676134
0.0307037549588
0.030828583333
0.030956206482
0.0310824002031
0.0312098901524
0.0313383416108
0.0314658093528
0.0315932496651
0.0317235452824
0.0318524471102
0.0319822134631
0.0321125935961
0.0322443394491
0.0323752429006
0.0325062514167
0.0326381554314
0.0327707559632
0.0329038608108
0.0330372945486
0.033171881372
0.033306116072
0.0334406225923
0.0335758235388
0.0337114995289
0.0338477566073
0.0339844112925
0.0341212187001
0.034258369677
0.0343962651991
0.0345354669237
0.0346740287191
0.0348122342939
0.0349527222067
0.0350920253642
0.0352326983523
0.035373668453
0.0355149261591
0.0356563121819
0.0357987456618
0.0359425082525
0.0360849068951
0.036228125054
0.0363710981884
0.0365157275698
0.0366617569246
0.0368056204279
0.0369509129922
0.0370978369585
0.037243191658
0.0373908757693
0.0375387673196
0.0376868758661
0.0378351188228
0.0379834327687
0.0381316739872
0.0382797451052
0.0384304105594
0.0385809987057
0.0387312138988
0.0388839950781
0.039033308566
0.0391852160616
0.0393401202493
0.0394898795769
0.0396431962378
0.0397982903941
0.0399525832282
0.0401059255718
0.0402610007109
0.0404149646821
0.0405706507824
0.0407290425705
0.0408851903316
0.0410398231872
0.0411993883015
0.0413573468717
0.0415160663148
0.041672003903
0.0418303620431
0.0419884580273
0.0421489483207
0.0423091503443
0.042470801948
0.0426329806759
0.0427906655674
0.0429536656146
0.0431170111963
0.0432797640095
0.0434426931038
0.0436048459647
0.0437706692578
0.0439364803885
0.0441013019387
0.0442641647414
0.0444305946592
0.0445949088059
0.0447635542341
0.0449290527587
0.0450979644249
0.0452634830744
0.0454314674561
0.0456018937732
0.0457677497641
0.0459358383863
0.0461053165378
0.0462768856368
0.0464481506814
0.0466148208841
0.046787442221
0.0469602236603
0.0471330330893
0.0473057228435
0.0474766625624
0.0476464322128
0.0478217691037
0.0479949586833
0.0481728359916
0.0483482696367
0.0485196295178
0.0486952910767
0.0488744680267
0.0490490695806
0.04922619537
0.0494057260632
0.0495793903456
0.0497544126999
0.0499382085608
0.0501148614115
0.0502917151107
0.0504762987222
0.0506523685204
0.0508352076761
0.0510168556573
0.0511964473159
0.0513731237843
0.0515540476551
0.0517438373189
0.0519264878277
0.0521012202968
0.0522951125876
0.0524712319766
0.0526591456305
0.0528443089163
0.0530286684397
0.0532141109149
0.0533945002888
0.0535882802455
0.0537723044946
0.053962825596
0.0541505682542
0.0543397635738
0.0545245069925
0.0547127730534
0.0548999526138
0.0550891677755
0.0552844537867
0.0554760980907
0.0556675530547
0.055853713127
0.0560516253283
0.0562382201347
0.0564303537058
0.0566277311937
0.0568157445735
0.0570158388377
0.0572008135635
0.0574054292026
0.057593506987
0.0577904527398
0.0579823915315
0.0581815072297
0.0583833705886
0.0585770029997
0.0587729413254
0.0589700986218
0.0591704232142
0.0593679752149
0.059568064521
0.0597668092702
0.0599685687829
0.060166472092
0.0603686096559
0.0605684553896
0.0607727021746
0.0609741781682
0.061175809964
0.0613787609802
0.0615822756033
0.0617855977499
0.0619911879326
0.0621947467136
0.0624009161192
0.0626047373575
0.062810574176
0.0630184847819
0.0632239821483
0.0634319977033
0.0636390139821
0.0638478955141
0.0640562754531
0.0642635004647
0.0644745707806
0.0646836280484
0.0648936354551
0.0651047404403
0.0653150705693
0.0655269316254
0.065738616369
0.0659511901463
0.0661641433793
0.0663765603157
0.0665906391617
0.0668040851563
0.0670191995382
0.06723427207
0.0674493169038
0.0676649346491
0.0678817218905
0.0680979245963
0.0683147998821
0.0685325045966
0.0687504276666
0.0689685638192
0.069187616459
0.0694072855686
0.0696271122865
0.0698479358381
0.0700673900173
0.0702894355435
0.0705100449596
0.0707321485279
0.0709550611485
0.0711780990877
0.0714014910221
0.0716254969811
0.0718492063834
0.0720730367512
0.0722992985011
0.0725238915092
0.0727504396348
0.0729772988199
0.0732041100055
0.0734309879526
0.0736579139017
0.0738871939398
0.0741162083286
0.0743461518707
0.074575241515
0.074804570136
0.0750350833387
0.0752675116695
0.0754969567021
0.0757308259632
0.0759615724803
0.0761942948503
0.076429147977
0.0766634942018
0.0768972326566
0.0771303174288
0.0773656868563
0.0776004873472
0.0778377172264
0.0780743714506
0.0783103800312
0.0785490353088
0.0787869343796
0.0790246439655
0.0792646494676
0.0795045253027
0.0797425125068
0.079984371763
0.0802217133505
0.0804653380984
0.0807055338556
0.0809475943721
0.0811894716848
0.0814336496638
0.081677911802
0.0819205132578
0.0821668455214
0.0824126564837
0.0826562056813
0.082899314841
0.0831458372188
0.0833951285019
0.0836443187667
0.0838907982694
0.0841363247412
0.0843850826073
0.0846330083469
0.0848835521287
0.0851325117567
0.085385169915
0.0856354614727
0.0858887973032
0.0861406525225
0.0863901296257
0.0866419803485
0.0868979808671
0.0871508195517
0.0874062506744
0.0876592820941
0.0879149542825
0.0881741426541
0.0884292238249
0.0886808604111
0.0889413293909
0.0891975183207
0.0894563754482
0.0897107458049
0.0899741117928
0.0902320913141
0.0904925732906
0.0907540047517
0.0910104066823
0.0912742953616
0.0915328980357
0.0917989572523
0.0920594212855
0.0923195505011
0.0925876933744
0.092848274362
0.0931159905898
0.0933757340716
0.0936423907793
0.0939079265892
0.0941801936681
0.0944429444079
0.0947114251122
0.0949786816522
0.0952424841048
0.0955121646157
0.0957862958682
0.0960492730974
0.0963239988335
0.0965954000128
0.0968618953252
0.0971316982263
0.0974045827417
0.0976797161752
0.09794936283
0.0982206525615
0.0984904336996
0.0987641931679
0.0990420778478
0.0993175340049
0.0995897640937
0.0998633881344
0.100137421901
0.100419380681
0.100694688988
0.100972856745
0.101242602027
0.101521833736
0.101804611924
0.102081391955
0.102356030981
0.102640351931
0.102920600298
0.10320457008
0.103477865702
0.103761974882
0.104038025699
0.104323042947
0.104607106152
0.104889276207
0.105171734957
0.105455800566
0.105737857156
0.106018883837
0.106305472219
0.106590905302
0.106873444043
0.107160183764
0.107444000304
0.10773265748
0.108016559246
0.1083019155
0.108589912047
0.10887636183
0.109163198687
0.109451400058
0.109741743117
0.110029467267
0.110316594653
0.110604792654
0.110893948689
0.111183968168
0.111473799924
0.111763379123
0.112055721806
0.112345558561
0.112636026775
0.112927009281
0.113218472199
0.113510155873
0.113802233773
0.114094297123
0.114385742156
0.114680299268
0.114971869459
0.115264281479
0.115558073022
0.115852143954
0.116144512066
0.116438947867
0.116732416589
0.117026849601
0.117320742209
0.117615346637
0.117909638622
0.118204880417
0.118499625048
0.118794974736
0.119089677905
0.119384689962
0.119680779453
0.119975732826
0.120271693794
0.120567292195
0.120862808928
0.12115902756
0.121454337916
0.121750569517
0.122046671587
0.12234317978
0.12263907544
0.122935108267
0.123230885997
0.123527685849
0.123823789687
0.124120323002
0.124415561475
0.124712784316
0.125008222054
0.125304745703
0.125600380417
0.125897098914
0.126193040927
0.126488023763
0.126784457129
0.127080044356
0.127374787455
0.127671239052
0.127966958307
0.12826194532
0.128556108038
0.128852392402
0.12914763586
0.129439464991
0.129737236794
0.130030221733
0.130323030554
0.130618721114
0.130913571204
0.131204430802
0.13149715653
0.131793427796
0.132085217566
0.132376724748
0.132670649823
0.132963515399
0.133251481748
0.133546824583
0.133837151589
0.134126196911
0.134418023022
0.134708545554
0.134997200367
0.135290020932
0.135575043616
0.135864065632
0.136155840908
0.136439621656
0.136732014584
0.137015953298
0.137302213495
0.137591174017
0.137876766576
0.138163923078
0.13844721084
0.138732494082
0.139013307439
0.139300799102
0.139582496464
0.139865276974
0.140148488748
0.140425176677
0.140707157189
0.140988287584
0.14126859745
0.14154732336
0.141830343734
0.142103621311
0.142381200325
0.14266170451
0.142938979318
0.143211392309
0.143485113748
0.143760818683
0.144037030811
0.144306362821
0.144582504028
0.144850636389
0.145124656937
0.145396305591
0.145665307321
0.145930697745
0.146199238211
0.146470737623
0.146735847306
0.147002671171
0.147269677251
0.147536529708
0.147794144241
0.148057679264
0.148322744993
0.148584484389
0.148842689958
0.149106799482
0.149365907027
0.149623105326
0.149879367518
0.150138262867
0.15039385573
0.150647255523
0.15090582759
0.151155969431
0.151409663069
0.151663953726
0.151912749662
0.152163522061
0.152413716628
0.152660903163
0.152909499864
0.153155536152
0.153401492289
0.153648410303
0.153890849236
0.154136598787
0.154378462757
0.154618581943
0.154860609774
0.155101288967
0.155340017043
0.155576214492
0.155814224515
0.156051324891
0.156286783049
0.156521871724
0.156754192526
0.156988332507
0.157219436973
0.157451741894
0.157680830956
0.157909448682
0.158138992994
0.158366644813
0.158593778846
0.158818846362
0.159044888684
0.159268564836
0.159491334324
0.159713027027
0.159935828275
0.160155862693
0.160375675562
0.160594601255
0.160813023962
0.161030217949
0.161246470957
0.161462562884
0.161676519423
0.161890657087
0.162104090966
0.16231667214
0.162527428277
0.162737814431
0.162948275083
0.163157173709
0.163365870432
0.163572731336
0.163780122614
0.163985620007
0.164190587221
0.164395605685
0.164598838358
0.164802365317
0.165003949539
0.165205885581
0.165406977049
0.165607241739
0.165806621309
0.166004966642
0.166202327951
0.166400544054
0.166597355042
0.16679406254
0.166988432408
0.167181741263
0.167375702497
0.167570888441
0.167762680875
0.167954479183
0.168146827056
0.168337362667
0.168529279697
0.168718085792
0.168908088264
0.169098787911
0.169285392385
0.169473369918
0.169660311091
0.169848471869
0.170035424917
0.170218628849
0.170404114653
0.17058938413
0.170772892032
0.17096000199
0.171140864607
0.17132852493
0.171508564242
0.171691776631
0.171875013075
0.172056622459
0.172237980318
0.172420324421
0.172598125789
0.172780684083
0.172958227562
0.17313950003
0.173320508539
0.173498903045
0.173675698461
0.173854926409
0.174037770548
0.174216357179
0.174390747662
0.174571942803
0.174747686227
0.17493004484
0.175105601856
0.175280477349
0.175460290346
0.175637459563
0.175812829636
0.175990635979
0.176170371981
0.176346343859
0.176522984201
0.17670117756
0.176878826449
0.17705530009
0.177230658874
0.177411277647
0.177589497719
0.177763185745
0.17794025727
0.178119435955
0.178292711041
0.178474198654
0.178648363832
0.178828226429
0.179004362447
0.179181832556
0.179366913124
0.179538044553
0.179720443224
0.179900468811
0.180074980347
0.180257825313
0.180438895044
0.180615193157
0.180796181745
0.180977252717
0.181158010029
0.18133724064
0.181520764941
0.181697492489
0.181882898106
0.182066874661
0.182247444253
0.182431023849
0.182611435027
0.182798895122
0.182978682298
0.183164709442
0.1833509383
0.183534354385
0.183723583802
0.183907723258
0.184093615254
0.18428326828
0.184469051322
0.184658828055
0.184844437175
0.185033436074
0.185226295383
0.185415431546
0.185606999966
0.185797185408
0.185987741792
0.186180847001
0.186376143089
0.186568127099
0.186763989018
0.186960251217
0.187154963439
0.187351756653
0.187547739451
0.18774543029
0.18794456993
0.188142571757
0.188342689583
0.188541560013
0.188744362345
0.188946652132
0.189147523016
0.189352626467
0.189556118749
0.189761693909
0.189965676524
0.190173048323
0.190380679091
0.19058897275
0.19079661947
0.191006918026
0.191216489363
0.191428381997
0.191640491361
0.191852973247
0.192067269785
0.192281916159
0.192497537654
0.192713045077
0.19293106098
0.193148962767
0.193367754397
0.193588059951
0.193809088866
0.194030834658
0.19425322153
0.19447717299
0.194701607206
0.194927970339
0.195154235257
0.195381524168
0.195610247409
0.195839805973
0.196069916988
0.196301754788
0.19653410175
0.19676819216
0.197002808771
0.197237924522
0.197474703263
0.19771182032
0.197950846246
0.198189978501
0.198430949355
0.198674297364
0.198916479165
0.199161823828
0.199406314959
0.199652096189
0.1998979011
0.200148464957
0.200397159829
0.200648375189
0.200898543798
0.201153051959
0.20140650767
0.201660716296
0.201916700731
0.202173562479
0.20243230001
0.202692002108
0.202952702924
0.20321785949
0.20348069635
0.203743638376
0.204011295197
0.204275446887
0.204543512229
0.20481570024
0.205083298121
0.205355092339
0.205627100789
0.205902571562
0.20617645517
0.206454853985
0.206731637033
0.207011239098
0.207293775856
0.207575541783
0.207853747693
0.20814056682
0.208423832149
0.20871010804
0.208997697415
0.209286638684
0.209577809074
0.209870354914
0.210163421731
0.210457002841
0.210751906144
0.211052807828
0.211347774221
0.211647936228
0.211947657183
0.212252684051
0.212556399448
0.212859495485
0.213165479958
0.213470707774
0.213778816526
0.214090637746
0.214406188045
0.214718323813
0.215032512323
0.215349505442
0.215661943655
0.215982087003
0.216304132137
0.216620507593
0.216943822313
0.217268026585
0.21759154928
0.217921979765
0.218244540338
0.218580218365
0.218906301906
0.219238285727
0.219577498687
0.219909027645
0.220248928153
0.220582228773
0.220915602028
0.221261489161
0.221599394888
0.221948128443
0.222293937266
0.222642472167
0.222986665095
0.22333821563
0.223683893851
0.224035148065
0.224387035233
0.224750897176
0.225103791611
0.2254610942
0.225822142226
0.226178017694
0.22654179968
0.226907127032
0.227270388966
0.227642109579
0.228010108174
0.228376704371
0.228746418803
0.229118410182
0.22949547311
0.229864670072
0.230242511649
0.230628287676
0.231003674256
0.231385429291
0.231772852167
0.232151804934
0.232539545349
0.232921796367
0.233320118577
0.233707135008
0.234097858117
0.234490944292
0.234887906287
0.23528484414
0.235681099353
0.236081647354
0.236481003291
0.236884021926
0.237289863964
0.237695154952
0.238102700039
0.238509297547
0.238921809608
0.239332868953
0.239746910755
0.240162209034
0.240576001592
0.240995397806
0.241415674472
0.241834336395
0.242258068731
0.242682396233
0.243108535915
0.243535778151
0.243964394518
0.244395932489
0.244826123726
0.245259666199
0.245693654597
0.246131310634
0.246569901673
0.247008783691
0.247449988872
0.2478946197
0.248337774288
0.248784408053
0.249231306826
0.249680991351
0.250131947036
0.250583589146
0.251037439376
0.251493481781
0.251950159419
0.252408531974
0.25286908997
0.253330939715
0.253793726706
0.254258893309
0.254725606124
0.255194000198
0.255663574003
0.256133982861
0.25660747613
0.257081312215
0.257557748943
0.258035054226
0.258514495689
0.258995350382
0.259477899457
0.259961422816
0.26044720861
0.260933916572
0.261423028238
0.261913494022
0.262405252948
0.262898607436
0.263393869222
0.263891342814
0.264389156839
0.264888658908
0.265390168063
0.265893999677
0.266397976248
0.266903769299
0.267412690159
0.267921341589
0.26843164052
0.268944799955
0.269458172987
0.269975886212
0.270491872304
0.271010141942
0.2715309184
0.272054142988
0.272577585658
0.273103636419
0.273629832648
0.274158644865
0.274687473019
0.275219054224
0.275753512927
0.276287878748
0.276825309604
0.277362674619
0.277902804002
0.278442421339
0.278985918459
0.279528253158
0.280074900461
0.280623344759
0.281172990391
0.281721096154
0.28227248236
0.28282742369
0.283381284557
0.283939081407
0.284496023254
0.285056347781
0.285620304268
0.286182876043
0.286744990293
0.287310244239
0.287878871898
0.28844644774
0.289017674301
0.289591872584
0.290165266637
0.290741007834
0.291316023665
0.291894472951
0.292475657708
0.293054540191
0.293637190048
0.294222893869
0.294806371931
0.295392186045
0.295982126721
0.29657379665
0.297163276834
0.297755372876
0.298350166348
0.298947720266
0.299548091358
0.3001437104
0.300742894382
0.301349433402
0.301951913577
0.302556424926
0.303162952197
0.3037707117
0.304379679702
0.304984055988
0.305596014224
0.306214942349
0.306829006473
0.307442495378
0.308057521272
0.308678672689
0.309299792814
0.309921459455
0.310542093939
0.311162249932
0.311788247586
0.312420771034
0.313043805721
0.313673068805
0.314307813178
0.314939831067
0.315569540699
0.316203603814
0.316841909443
0.317477285038
0.3181158807
0.318750391676
0.31939617186
0.320036767263
0.320680385727
0.321325589686
0.321965298363
0.32261412188
0.323264386052
0.323909882652
0.324560924033
0.325210826567
0.325864258635
0.326517700494
0.327169906379
0.327825878038
0.328481648157
0.329139631104
0.329795642891
0.330457350997
0.331115208584
0.331776985871
0.332441849564
0.333104856144
0.333773307847
0.334438046694
0.335106865243
0.335774346888
0.336439711511
0.337110675158
0.337777682027
0.338444069094
0.339118019095
0.33978948033
0.340465799456
0.34113871559
0.341811948666
0.342488241906
0.343163903691
0.343841543649
0.344518607403
0.345197578995
0.345877422846
0.346555893546
0.347235274718
0.34791752833
0.348598558089
0.349279491609
0.349963046506
0.350643773201
0.35132957662
0.352012680844
0.352697187326
0.353380668857
0.354067631491
0.354751389307
0.355438415138
0.356124505413
0.356810720338
0.35749876458
0.358185984726
0.358872238683
0.359560990298
0.360249597611
0.360937096644
0.361624518469
0.362314059225
0.363001490007
0.363690847295
0.364379976537
0.365067933796
0.365756545679
0.366445078762
0.36713372893
0.367822690533
0.368510545249
0.369198978859
0.369887342902
0.370574987838
0.371262630257
0.371950234002
0.372637576958
0.373324673994
0.374011524825
0.374697662847
0.375383832892
0.376069454121
0.37675456375
0.377439361889
0.378123630022
0.378807157356
0.379489738379
0.380172381329
0.380854862089
0.381534618221
0.382215144685
0.382895955684
0.383574909172
0.384252061144
0.384930661641
0.385605974156
0.386281563796
0.386956292776
0.387631090605
0.388303025473
0.388974651533
0.389646110496
0.390317456502
0.390986176734
0.391652175667
0.392318171054
0.392984197753
0.39364754327
0.394311177198
0.394971943921
0.395633172973
0.396291900682
0.396947036594
0.397602447016
0.398258894988
0.398909676202
0.39956365251
0.400211056287
0.400859131473
0.401503598164
0.40214996607
0.40279194037
0.403435179911
0.404075019213
0.404711842753
0.405348820505
0.405981904895
0.406611436221
0.407240823234
0.407872384235
0.408499033562
0.409121057644
0.409743036022
0.410361059227
0.410978980369
0.41159725196
0.412210800586
0.412818119118
0.413430673273
0.414037592898
0.414637344506
0.415237530621
0.415841178491
0.416439110622
0.41702814372
0.417622267363
0.418208550484
0.418798084438
0.419378394619
0.419963140869
0.420543769331
0.421114457897
0.421687713162
0.42226302012
0.422826843919
0.423392063222
0.423958095327
0.42451867882
0.425072248926
0.425625160317
0.426177430022
0.426721681565
0.427271125278
0.427811586769
0.428348954321
0.428882430062
0.429412481458
0.429945330929
0.430473121267
0.430994936745
0.431509844211
0.432033453103
0.432540419093
0.43305504042
0.433560303965
0.434062776545
0.434562124349
0.435057404526
0.435556030847
0.436040859017
0.436527664299
0.437017116942
0.437493819233
0.437971315759
0.438443049531
0.438911681999
0.439377374137
0.439840337105
0.440298168627
0.440757435609
0.441211096305
0.441659499017
0.442101229854
0.44254592849
0.442984480948
0.443415557741
0.443847454791
0.444275473264
0.444699011244
0.445118423989
0.445536681963
0.445950512013
0.446358491159
0.446764331011
0.447167317894
0.44756467446
0.447961917829
0.448352425227
0.448739584585
0.449125473895
0.449505082426
0.449883097675
0.450256349124
0.450625316538
0.450991710036
0.451355767681
0.45171479976
0.452069382939
0.45242270725
0.452771438338
0.453116823511
0.453458249027
0.453797090877
0.454131782275
0.454462751779
0.45479143801
0.455115326315
0.455435887439
0.455753417993
0.456066741553
0.456378465316
0.456685052169
0.456989137033
0.457289694959
0.457587495933
0.457880729521
0.45817198815
0.458458683889
0.458743223563
0.459024234346
0.459301941309
0.459576681413
0.459848397339
0.460116032513
0.460380938748
0.46064336724
0.460902979546
0.461158236294
0.46141139017
0.461661209503
0.461908852243
0.462151792372
0.462392676007
0.462631756558
0.462867533716
0.463099774611
0.463330495287
0.463555660909
0.463781430957
0.464003600341
0.464222191382
0.464436935865
0.464652377511
0.464862593334
0.465070182315
0.465277631089
0.465479674617
0.465681514295
0.46588081278
0.466076770664
0.466271014265
0.466463086575
0.466654396957
0.466839940817
0.467023557939
0.467208508382
0.467388682958
0.467566292683
0.467744824286
0.467917570996
0.468091192977
0.468261977205
0.468429311425
0.468597057469
0.46876205901
0.468922762264
0.469083241131
0.46924482529
0.469401275117
0.469556865065
0.469711975622
0.469866108699
0.470018735828
0.470170168641
0.470314439578
0.470461691412
0.470611564465
0.470752398996
0.470896412386
0.471041533127
0.471176380323
0.471317897315
0.471454564736
0.471590948905
0.47172653163
0.471861554382
0.47199621187
0.47212758984
0.472263871539
0.472390754802
0.472520620581
0.472653005412
0.472780657954
0.472908967053
0.473038865739
0.473162811005
0.473285622846
0.473414537662
0.473541260869
0.473659306352
0.473789025837
0.473907329661
0.474035635529
0.474151775409
0.474276825667
0.474395152756
0.474521972385
0.474642597311
0.474765479578
0.474886116355
0.475003213408
0.475121509761
0.475249603251
0.475362293725
0.475488360468
0.475612714169
0.47572600378
0.475854710744
0.47596425202
0.476090864083
0.476215205591
0.476334951216
0.476455130777
0.476581339703
0.47670211124
0.476827242246
0.476947352677
0.477071975413
0.477195930831
0.477322723644
0.477449145418
0.477573237459
0.477700990215
0.477830220254
0.477959063894
0.478084707922
0.478216950771
0.47834733545
0.47847968813
0.478609029548
0.478743664648
0.478875876935
0.47901015678
0.479147864807
0.479283717658
0.479421069489
0.479558815435
0.479699899018
0.480967251089
