metodo_2_dt_1:4
1.51723922767e-07
0.0122855907552
0.0127016672939
0.0132714452648
0.013373236725
0.0127435335762
0.0117247351087
0.0108161716516
0.0103569143037
0.0105272858182
0.0114746976982
0.0127151540279
0.0139678949099
0.0189479681937
0.0240881143661
0.0292406574946
0.0343396306856
0.0393539954997
0.0442707892556
0.0490871588045
0.0538093335669
0.0584484277098
0.0630219480499
0.0675525651457
0.072067967305
0.0765997990821
0.0811871423889
0.0858660258074
0.0906797036122
0.0956613713323
0.1008429402
0.106244427237
0.111871968773
0.117719941725
0.123772049343
0.130003531499
0.13638437919
0.14288581093
0.149479634371
0.156138612442
0.162844088273
0.169578961417
0.176333978265
0.183104376305
0.189891725723
0.196700708692
0.203545824987
0.210441501454
0.217409512874
0.224475535348
0.231665373723
0.239012243092
0.246549846185
0.254315907987
0.2623457573
0.270680692288
0.279354370031
0.288400419552
0.297841024374
0.307689420096
0.317946425588
0.328601916291
0.33963619585
0.351022229223
0.362731583269
0.374737097373
0.387016232015
0.399548201381
0.412319928107
0.425320809063
0.438545618871
0.451994383225
0.465669006583
0.479576009881
0.493726141848
0.508130060037
0.522803339591
0.537761718956
0.55302249941
0.568603812713
0.584523780586
0.600800736527
0.617452325205
0.634492858742
0.651933651678
0.669782448306
0.688037300187
0.706686952072
0.725709288744
0.745069557932
0.764723883134
0.78461914212
0.804701692029
0.82491409758
0.845202778361
0.865517683973
0.885810149003
0.906036193329
0.926157808673
0.94613711391
0.965943304074
0.985546887301
1.00492359324
1.02405347746
1.04291995787
1.06151174814
1.07982229842
1.09784882717
1.11559280777
1.13306090927
1.1502624949
1.16721022679
1.18391932874
1.20040607736
1.21668390001
1.23272374918
1.24834229841
1.26354285841
1.27832083138
1.29266834794
1.30657049893
1.32001062933
1.33297427617
1.34544542192
1.35741498489
1.36887243925
1.37981332837
1.3902339902
1.40013369233
1.40951360653
1.41837715744
1.42672926826
1.43457870106
1.44193565869
1.44881406948
1.455229176
1.46120297553
1.46675869644
1.47192231707
1.47672100136
1.48118802279
1.48535363098
1.48924868992
1.49290193438
1.49633857133
1.49957773055
1.50263178603
1.50550316873
1.50818924137
1.51068187605
1.51296500411
1.51502334628
1.51684069552
1.51839935275
1.51968471282
1.52068111071
1.52137481282
1.5217543219
1.52180665482
1.52152180167
1.52089158556
1.51990731677
1.51856471438
1.51686456196
1.51480689675
1.5123987665
1.50965270594
1.50658436186
1.50321098902
1.49955538869
1.49564046701
1.49148775505
1.48712029774
1.48255338834
1.47780003521
1.4728696689
1.46776034767
1.46246657558
1.45697683247
1.45127462152
1.44533759494
1.43914453718
1.43266901157
1.4258861731
1.41876742823
1.41128504222
1.40341070375
1.39511420396
1.38636318429
1.37712800736
1.36737485055
1.35707206179
1.34618974086
1.3347021504
1.3225846948
1.30981975222
1.29639432583
1.28229896427
1.26752847581
1.25208181925
1.23595737421
1.21915624648
1.20167806973
1.18352517897
1.16469741525
1.1451987254
1.12503243234
1.10420641587
1.08273284475
1.06062936238
1.03792300451
1.01464922391
0.990854585796
0.966595882122
0.941939242142
0.916964604207
0.89175467709
0.866404809908
0.841011729918
0.815678237189
0.790506744497
0.765605637589
0.741081526045
0.717047715504
0.693620148259
0.67092160627
0.64907785006
0.628215564654
0.608463626534
0.589946374151
0.572782935391
0.557082403684
0.542942766905
0.530445409325
0.519656280139
0.510617464174
0.50335035203
0.497852506072
0.494099070734
0.492039144822
0.491606327933
0.492714524986
0.495265064756
0.499147673864
0.504248092488
0.510447374508
0.51762869984
0.525677889957
0.534489255367
0.543964568218
0.55401931763
0.56458599026
0.575612365878
0.58706270303
0.59891484868
0.611158598835
0.623786648805
0.6367973956
0.650186043264
0.663949413463
0.678079913656
0.692569471174
0.707405741746
0.722576198394
0.738065593444
0.753857770083
0.769933269274
0.786273733128
0.802856018559
0.819659206624
0.836659264614
0.853831360933
0.871150031533
0.888586604538
0.906113176576
0.923698413473
0.941309891812
0.958914071859
0.976478488722
0.993972166505
1.01136683489
1.028638468
1.0457669353
1.06273331648
1.07951697331
1.09609150944
1.11242328471
1.12846782439
1.14416702103
1.15945312841
1.17424287934
1.18843894684
1.20193496025
1.21460667905
1.22632421357
1.23694491319
1.24632151157
1.25430456647
1.2607476146
1.26551118309
1.26846902093
1.26951845277
1.2685770195
1.26559716706
1.26055947816
1.25347679367
1.24439470372
1.23338463983
1.22054453969
1.20599360652
1.18986892766
1.17232055013
1.15351037398
1.1336052911
1.11277483266
1.09118758226
1.06900787235
1.0463964939
1.02350918519
1.000499266
0.977516939949
0.954708992956
0.932227620011
0.910222405414
0.888850203256
0.868269346319
0.848644702033
0.830144901718
0.812943605887
0.797217222665
0.783144924373
0.770904826473
0.760670516767
0.75261103028
0.746883034479
0.743630756023
0.742982988472
0.745050119577
0.749922893644
0.75767258693
0.768347080558
0.781967778119
0.798524133293
0.817970457253
0.840218585712
0.865135212268
0.892534651111
0.922175287366
0.953749589998
0.986878804837
1.02110131176
1.05586329739
1.09051470524
1.12430976618
1.1564179876
1.18595339159
1.21202172344
1.23377630266
1.250488852
1.26160380389
1.26677851295
1.26589484896
1.25904648712
1.24650837818
1.22870518825
1.20618002282
1.17958280884
1.14966842846
1.11731986999
1.08358539497
1.04973722495
1.01734241257
0.988340486398
0.965100716992
0.95041071047
0.947321478411
0.958737407856
0.986627495105
1.03064669379
1.08561128959
1.13601785581
1.13578935218
1.29666602103
1.32604140608
1.35965874019
1.39722268343
1.4384399871
1.4830162705
1.53068606143
1.58116834323
1.63421420326
1.68959156082
1.74707313998
1.80644714244
1.86753497202
1.93014471002
1.99411715862
2.05929837073
2.1255485079
2.19275187369
2.26078695031
2.32956503766
2.39900944569
2.4690349317
2.53957597755
2.61058635008
2.68201807021
2.75383103888
2.82599262963
2.89847758182
2.9712777027
3.04437154496
3.11775449897
3.19144604683
3.26541909554
3.33970681559
3.41430018739
3.48918660755
3.56437276983
3.63983333761
3.71554162352
3.79146607231
3.86758188033
3.94383815388
4.02019403728
4.09662055627
4.17306482907
4.2495063736
4.3258965585
4.40222108175
4.47845639286
4.55457153536
4.6305618242
4.70641979487
4.78213733103
4.85771544742
4.9331446939
5.00845408759
5.08363331258
5.15872068967
5.23371497032
5.30865287375
5.38356720256
5.45846707938
5.53339292614
5.6083460324
5.68332438817
5.75833792034
5.83337417635
5.9083909116
5.98336546656
6.05827841329
6.1330870309
6.20776422642
6.28226311142
6.35656995711
6.43065643485
6.50449929475
6.57808180112
6.65138319738
6.7244071548
6.79713024847
6.86957597729
6.94173314606
7.01360961259
7.08521743841
7.156578448
7.22771710487
7.29864906999
7.36939854122
7.44000845874
7.51049858671
7.58090279069
7.65123379981
7.72149684859
7.7916784363
7.86177155791
7.93175117528
8.00158853781
8.0712558329
8.14071183569
8.20993473027
8.27888275888
8.34754793627
8.4158995676
8.48391023379
8.55157434426
8.61889538559
8.68584535184
8.75242737106
8.81865370167
8.88452752205
8.9500609092
9.01527885815
9.08018408517
9.1448182221
9.20919094149
9.27335026143
9.33731363023
9.40111471161
9.46478301384
9.52832660791
9.59176061229
9.65507922761
9.71826095991
9.78128122733
9.84410903309
9.90671704001
9.96906515876
10.031133181
10.0928906629
10.1543251849
10.2154002248
10.276115184
10.3364599707
10.3964200456
10.4560027338
10.5152112548
10.5740485465
10.6325372053
10.6906757339
10.7484992003
10.8060328152
10.8632961758
10.9203372098
10.9771703078
11.0338303192
11.0903471967
11.1467512403
11.2030455331
11.2592434812
11.3153387185
11.3713141564
11.4271360944
11.4827780639
11.5382190541
11.593418918
11.648347494
11.7030045254
11.757344292
11.8113666092
11.8650567519
11.9184113035
11.9714410815
12.0240985139
12.0764888795
12.1285708832
12.1802828324
12.2318073394
12.2830917421
12.3340817531
12.3849804436
12.435736766
12.4862992954
12.5368632076
12.5872957976
12.6377757843
12.6881556268
12.7385958971
12.7889240698
12.839291998
12.8895058282
12.9396217086
12.9896947777
13.0395282918
13.0892673504
13.1387233691
13.1879611463
13.2370660661
13.2858534973
13.3344179449
13.3828370513
13.4309555912
13.4788711148
13.5266016924
13.5742549035
13.6216900364
13.6690239423
13.7162922406
13.7635320674
13.8108590264
13.858148963
13.9055098082
13.9529585617
14.0005200017
14.0481887844
14.0959663622
14.1438404808
14.191791753
14.2398853664
14.287914664
14.3359422516
14.3839377982
14.431890789
14.4797794845
14.5275926181
14.5753186969
14.6229670171
14.6705356363
14.7180269455
14.765379127
14.8127676467
14.8601348009
14.9075124188
14.9549213181
15.0024023798
15.0499938253
15.0977346553
15.1456618246
15.1937224315
15.2421108431
15.2907579301
15.3396644684
15.3888376866
15.43817575
15.4878251136
15.5376882096
15.5877339011
15.6379302745
15.6881719941
15.7386118329
15.7891355162
15.8396490199
15.8903193482
15.9410470782
15.9918387226
16.0426146223
16.0935559443
16.1445917672
16.195655456
16.246941362
16.2983916094
16.3499525628
16.4018259383
16.4538883474
16.5063434212
16.5591395058
16.6122128872
16.6657632728
16.7196154308
16.7739473297
16.8285631792
16.883619451
16.9390096087
16.9946094026
17.0505679254
17.1066906023
17.1631154074
17.219653658
17.2764612573
17.3333534731
17.3904960684
17.4477140873
17.5051832544
17.5627378057
17.620562484
17.6784997015
17.7366506299
17.7951354212
17.8538025728
17.9128561992
17.9721504396
18.0319030259
18.0919628139
18.1524546831
18.213476079
18.2748717522
18.3367160079
18.3990912573
18.461789436
18.5249601914
18.5884011227
18.6521572334
18.7162900569
18.7805969327
18.8451413794
18.909996318
18.9749619216
19.0401203256
19.1054660586
19.1710863303
19.2368095508
19.3027319477
19.368953891
19.4353112181
19.5019211845
19.5688019175
19.6360672273
19.7035641019
19.7714189839
19.8396557861
19.9083979389
19.9774801605
20.0469554897
20.1169178839
20.1873084202
20.2581919308
20.3293131053
20.400816677
20.4726181112
20.5446351289
20.6170168288
20.6895121755
20.7621869791
20.8349773677
20.9079628941
20.9810892544
21.0544416979
21.1277981043
21.201344715
21.2750453338
21.3488680522
21.4229219234
21.4971815185
21.5716697231
21.6463654214
21.7214742687
21.7967976769
21.8724017759
21.9483964576
22.0247482698
22.1014148602
22.1784792522
22.2558764207
22.3335312624
22.4114970329
22.4896881949
22.5680182492
22.6465409145
22.7251788478
22.8038609941
22.882656066
22.9615041895
23.040439377
23.1193680157
23.1983337865
23.2772943311
23.3563478448
23.4354612005
23.5146055986
23.5938890447
23.6732438295
23.7526939385
23.8323970292
23.9122428369
23.9923414023
24.0726656586
24.1531824659
24.2339860487
24.3149808868
24.3962418597
24.4776989644
24.5592736982
24.6410166224
24.7227957261
24.8046607751
24.8865308695
24.9683308299
25.0501261244
25.1318097716
25.213369025
25.2949311933
25.3763599016
25.4577468456
25.5390091059
25.6202457635
25.7013818445
25.7825249354
25.8636512689
25.9446500929
26.0258146137
26.1069890249
26.1882855146
26.269632246
26.3511313498
26.432742955
26.5143295348
26.5961475266
26.677995533
26.7599346199
26.8418391134
26.9237598667
27.0054777124
27.0872235054
27.168830322
27.2502249139
27.3314773096
27.4124826736
27.4932337703
27.5738147542
27.6542282674
27.7343894296
27.8143973516
27.8940857995
27.9737403619
28.0532013962
28.1325830759
28.2117307
28.2909390305
28.3700524684
28.4491836243
28.5282555644
28.6072789342
28.6863846927
28.7654280536
28.8444817885
28.9233391362
29.0022371284
29.0809592294
29.1595603986
29.2378227718
29.3159829132
29.393831514
29.4713033545
29.5486054449
29.625546466
29.7022142583
29.7784281629
29.8544627641
29.9301456672
30.0054942823
30.0806077804
30.1555105936
30.2301321789
30.3045026463
30.3787323316
30.4528533478
30.526708954
30.6005895911
30.6743263276
30.7479285108
30.8214723782
30.8949476568
30.9681480101
31.0412669172
31.114228763
31.186816536
31.259266499
31.3313643928
31.4030891793
31.4744994172
31.5455848948
31.6161516547
31.6864175032
31.756342139
31.8257473767
31.8949132808
31.9636695321
32.0320402622
32.1001247505
32.1678656493
32.2353674357
32.3026173746
32.3696046516
32.4364353992
32.5030563772
32.5695661547
32.6359849855
32.702129809
32.7682134153
32.8340887862
32.8998057005
32.9653407484
33.0304753118
33.0953992183
33.1599560897
33.224196941
33.2880231597
33.3514956138
33.4145650908
33.477188169
33.5394415844
33.6012540918
33.6627117489
33.7237032274
33.7844691954
33.8447580219
33.9048160377
33.9645441366
34.0240452045
34.0832726713
34.1423307795
34.2012098675
34.2598972788
34.3184865309
34.3768633289
34.4352496106
34.4933597818
34.5514430317
34.6091958413
34.6668068984
34.7241185733
34.7811736444
34.8378222716
34.8941801493
34.9502190085
35.0058060778
35.061160336
35.1160099089
35.1705837462
35.2247696334
35.278655274
35.3321366673
35.3854590323
35.4383742701
35.4911325881
35.5436400518
35.5959995766
35.6481183967
35.7001623957
35.7521440429
35.8039638582
35.855861079
35.9075697444
35.9593093173
36.0109430489
36.0624312599
36.1138787993
36.1651293991
36.2162211654
36.2670037056
36.317540659
36.3679529415
36.4179576383
36.467774177
36.5172830815
36.5664759105
36.6155004117
36.6642517777
36.712819741
36.761106204
36.8092235785
36.8573376388
36.9052054702
36.953081608
37.00087659
37.0486052005
37.0964323758
37.14421044
37.1920951189
37.2400822631
37.288053242
37.3361386744
37.3843050315
37.4324053869
37.4805799665
37.5286742751
37.5766410063
37.6245908023
37.6723833893
37.7199909206
37.767545363
37.8148761615
37.8621264911
37.9092927285
37.9562690875
38.0031609268
38.0501280794
38.0969230122
38.1437116813
38.1906113844
38.2375338441
38.2844962043
38.3315812805
38.3789039291
38.4263691353
38.473980288
38.5218869123
38.5699216359
38.6182171389
38.6667448165
38.7153622856
38.7641279292
38.8130606354
38.8621139188
38.9111368978
38.9601919898
39.009348701
39.0584764888
39.1075581638
39.1566488173
39.2058443157
39.2550367886
39.3042300583
39.3535818734
39.4029444084
39.4524816247
39.5021222134
39.5520345495
39.6020787889
39.6523728657
39.7029981674
39.7539657984
39.805173876
39.8567214255
39.9086127265
39.9609798016
40.0135363541
40.0663979449
40.1195389705
40.1730151093
40.2266721375
40.2804659376
40.3344201891
40.3885140923
40.4428201561
40.4972081586
40.5516655052
40.6062478364
40.6610528931
40.7159229857
40.7710133333
40.8262460347
40.8816948378
40.937473878
40.9934379492
41.0497531906
41.106350502
41.1633088331
41.2207407781
41.2784948867
41.3367205949
41.3953234215
41.4543475492
41.5138649722
41.5736791374
41.6338476041
41.6943883278
41.7551690873
41.8162943132
41.8775616352
41.9390342958
42.0006941084
42.0625798322
42.1245881775
42.1868568829
42.2492189849
42.3117733158
42.3745839864
42.4375727619
42.5008964892
42.5644041248
42.6282076437
42.6923331272
42.7568068578
42.8217048756
42.8869541138
42.9527116506
43.0188179501
43.0853667322
43.1523536598
43.2198133166
43.2876236386
43.3558884674
43.4243967975
43.493198809
43.5622586627
43.6315456903
43.7010812523
43.7707482697
43.8405806636
43.9106573605
43.9808020355
44.0511050606
44.1216227018
44.1922711467
44.2631142548
44.3341700149
44.4054597938
44.4770927295
44.5489164401
44.6210419153
44.6935397046
44.7663370083
44.8395007669
44.9130461097
44.9869814602
45.0613934761
45.1360960016
45.2112012229
45.2865812368
45.3622445497
45.43814895
45.5142548425
45.5905254845
45.6669305245
45.7434462838
45.8201907305
45.8968834279
45.9736546503
46.0505050986
46.1274402757
46.2044694524
46.2816068334
46.3588682202
46.4362721248
46.5138859712
46.5916356872
46.6695908214
46.7478598571
46.8262865338
46.9049764317
46.9839432166
47.0631967357
47.1427383415
47.2226078489
47.3026928811
47.3830114422
47.4635266075
47.5441945158
47.624970562
47.7058126911
47.7866861949
47.8675625802
47.9485568263
48.0293856235
48.1101773142
48.1909319673
48.2716531388
48.3523489856
48.4330308065
48.5137142736
48.5944162111
48.6751557494
48.7559531904
48.8368758669
48.9178508507
48.9989437833
49.0801714399
49.1615468275
49.243079707
49.3247725165
49.4066206097
49.4886104197
49.5707181932
49.6529120557
49.7351982912
49.8174382406
49.8997221919
49.9818345052
50.0638296802
50.1456830308
50.2273779405
50.3089067746
50.3902670522
50.4714620371
50.5524988837
50.6333896465
50.7141952298
50.7948380454
50.8753840072
50.9558529293
51.0362667293
51.1166459359
51.197010437
51.2773774808
51.3577622432
51.4381739942
51.5186166704
51.599086894
51.6795747849
51.760060734
51.8405644865
51.9209558837
52.0012425963
52.0813813553
52.1613307377
52.2410538284
52.3205225457
52.3997162314
52.4786233156
52.5572394821
52.6355680733
52.7136161405
52.7913950808
52.8689189352
52.9462055432
53.0232734802
53.1001433846
53.1768842375
53.253423812
53.3298309959
53.4060380084
53.4822368736
53.5583530364
53.6343924985
53.7103546577
53.7862307091
53.8620051448
53.9376534643
54.0131448553
54.0884429346
54.1635097535
54.2383059697
54.3127951204
54.3869476128
54.4607400547
54.5341578903
54.607194397
54.6798996465
54.7521840947
54.8241076865
54.8956853686
54.9669360372
55.0378793002
55.1085367617
55.1789307688
55.2490856933
55.3189372614
55.3886825625
55.4582555006
55.527672259
55.5969438422
55.6660736051
55.7350578793
55.8038830271
55.8725277066
55.940963338
56.0091577753
56.0770750073
56.1446789011
56.211936896
56.2788195614
56.3453040695
56.4113744707
56.4769367138
56.5421644365
56.6069769037
56.6714345937
56.7354568755
56.7991117051
56.8624204068
56.9254071734
56.9880959622
57.0505118238
57.112679599
57.1746250444
57.2363713041
57.2978519097
57.3592581772
57.4205128052
57.4816176322
57.5425645939
57.6033373895
57.6639101269
57.7242509872
57.7843264907
57.8441018776
57.9035454279
57.9626295742
58.0212472156
58.0795570939
58.1374646551
58.1949704694
58.2520803692
58.3088064343
58.3651651632
58.4211781644
58.4768685242
58.5322612065
58.5872969606
58.642175754
58.6968376265
58.751310172
58.8056186583
58.8597869047
58.9138351585
58.9677801468
59.0216304463
59.0753858137
59.1289506286
59.1824774583
59.2358507856
59.2890377184
59.3420027344
59.3947131021
59.4471407602
59.4992656789
59.5510738749
59.6024722357
59.6536352376
59.7044829771
59.7550276198
59.8052874854
59.8552836049
59.9050406113
59.954584998
60.0038596486
60.0530659907
60.1021462917
60.1511299239
60.2000437485
60.2489127691
60.2977606128
60.3466057768
60.3953755755
60.4442488586
60.4931379567
60.5420301797
60.5909028061
60.6397262126
60.6884647997
60.73699651
60.7854636277
60.8337552748
60.8818553743
60.9297577272
60.977462631
61.0249771329
61.072228985
61.1194081833
61.1664501798
61.2133794136
61.2602240861
61.3070128046
61.3537751686
61.4004560556
61.4472573143
61.4941206576
61.5410733387
61.5881384348
61.6353353064
61.6826799194
61.7300947262
61.777753825
61.8255653396
61.8735131334
61.9215721185
61.9697113898
62.0178086995
62.0659511362
62.1141242894
62.1622559913
62.210334439
62.258356759
62.3063295755
62.3541784616
62.402093088
62.4500093969
62.4979513005
62.5459449819
62.5940196348
62.6421178642
62.6904418123
62.7389356415
62.7876274452
62.8365433161
62.8857077231
62.935053474
62.9847676917
63.0347738684
63.0850739063
63.1356623137
63.1864406035
63.237560362
63.2889067967
63.3404477572
63.3921477471
63.4439731563
63.4958109438
63.5478147592
63.5998886297
63.6519840056
63.70420904
63.7564418745
63.8088762167
63.8614480861
63.9141822349
63.9671062322
64.0202472385
64.0735462686
64.127205384
64.1811647739
64.2354496001
64.2900837127
64.3449991475
64.4003828996
64.4561573
64.5123230743
64.5688735327
64.6257090914
64.6829817955
64.7405773176
64.7984646704
64.8566090362
64.9148891539
64.9733993869
65.0321272435
65.0910069645
65.1500329792
65.2091205395
65.2684531012
65.3279609493
65.387664039
65.4475850221
65.5076625757
65.5680950499
65.6288221861
65.6898690815
65.7512601859
65.8129330728
65.875082715
65.9376400052
66.0006195727
66.0640287542
66.1277316346
66.1919939352
66.256663638
66.3217172831
66.3871265288
66.4527702583
66.5187865403
66.585053979
66.651539819
66.7181293682
66.7849777022
66.851985351
66.9191484567
66.9864724724
67.0538806422
67.1215647949
67.1894574741
67.2575318915
67.325822533
67.3944783505
67.4634349895
67.5327158947
67.6023419506
67.6722449587
67.7426173404
67.8133845843
67.8845543363
67.9560415841
68.0280139521
68.1003682397
68.1730812421
68.2461205497
68.3193630012
68.392895594
68.4666889958
68.5406607542
68.6146934454
68.688938774
68.7632951442
68.8377548792
68.9122303443
68.9869043672
69.0617016403
69.1366385797
69.211648342
69.2869264332
69.362408251
69.4381151159
69.5140193648
69.5901502563
69.6666520842
69.7434523552
69.8205643484
69.8979082668
69.9756614935
70.0537329724
70.1321089401
70.210680543
70.2895914627
70.3687154712
70.4480112347
70.5273001785
70.6068138115
70.6863841468
70.765985073
70.8455110285
70.9251287446
71.004747643
71.0843730651
71.1639268204
71.2435980548
71.3233175016
71.4031043277
71.4828910924
71.5628269646
71.6429397648
71.7232000254
71.8035379682
71.8841427398
71.9649392836
72.0459352487
72.1270459852
72.2084454507
72.290035986
72.3717114608
72.4536210494
72.5355925789
72.6176803162
72.6997030443
72.7817919072
72.8638216697
72.94576165
73.0275028191
73.1092097984
73.1907905213
73.2722492692
73.3535068021
73.4347512656
73.5158643622
73.5968722164
73.6779218525
73.7589468458
73.8399663937
73.9209127167
74.0019780533
74.0830892021
74.1642590267
74.2454078182
74.3267146684
74.4080439786
74.4894836822
74.5708850634
74.6524009861
74.7339129382
74.8152960975
74.8966818543
74.9779368414
75.0590194026
75.1398053615
75.2204448696
75.3007863804
75.3808321172
75.4607128257
75.5403489045
75.6197547528
75.6988590555
75.7778554381
75.8566773143
75.9352573815
76.0137910119
76.0921633034
76.1704879861
76.2486466059
76.3268272674
76.4049518098
76.4829391535
76.5609645879
76.6389351792
76.7168405997
76.7945744194
76.8722390948
76.9498108246
77.0271152531
77.1042862594
77.1811931895
77.2577984489
77.3339833387
77.4099017425
77.4854574476
77.5605625512
77.6353528922
77.7098516623
77.7840282699
77.8578167227
77.9314130961
78.0047517461
78.0777682628
78.1506579364
78.2233545462
78.2957887844
78.3681022405
78.4403180456
78.5123951058
78.5842502971
78.6560553686
78.7277139846
78.7991246817
78.8704395467
78.9415444765
79.0122701014
79.0828510574
79.1531140302
79.222934654
79.2924550824
79.3615651629
79.4302502412
79.4984208315
79.5662572359
79.6336370813
79.7005913544
79.7672673577
79.8336032453
79.8995363821
79.9652651417
80.0307271602
80.0958572014
80.160851352
80.2255919733
80.2901926998
80.3545305277
80.4187859645
80.4828744299
80.5467035605
80.6104350735
80.6739642657
80.7371786166
80.8001740677
80.8629286971
80.9252717665
80.9873449338
81.0490309886
81.1102206503
81.1710721799
81.2314925552
81.2913502927
81.3509294255
81.410113969
81.4689276264
81.5273100574
81.5854638056
81.6433291179
81.7008471703
81.7582168391
81.8153253971
81.8722079491
81.9290070386
81.9856529169
82.0420703653
82.0984390686
82.1546734073
82.2106787682
82.2665651714
82.322322987
82.3777879213
82.4331029525
82.488148055
82.5428064132
82.5972237086
82.6512915222
82.704860415
82.7581966788
82.8111677945
82.8636978988
82.9159781095
82.9679466904
83.0195440861
83.0709744201
83.1221310923
83.1730583658
83.22390796
83.2746198814
83.3251332373
83.3756424313
83.4260809878
83.4763775183
83.5266657818
83.5769655316
83.6271381851
83.6773486449
83.7274928347
83.7774592311
83.8273915322
83.8771695184
83.926625504
83.976003974
84.025146419
84.0739536658
84.1225927393
84.1709814094
84.2190434327
84.2669704513
84.3146488736
84.3621195078
84.4095364066
84.4568439649
84.5039884916
84.5511733765
84.5982545186
84.6453824706
84.6925942306
84.7397751663
84.7871151922
84.8345408838
84.8819753763
84.929593609
84.9773062151
85.0249642295
85.0728219443
85.120715292
85.168524987
85.2163905075
85.2641925792
85.3118198429
85.359377572
85.4068718802
85.4541694482
85.501452974
85.5485680822
85.5957097091
85.642819194
85.6897891199
85.7369231604
85.7841172211
85.831315015
85.8787200177
85.9262729198
85.9739116621
86.0217815996
86.0699134057
86.1181852853
86.166778581
86.2155254289
86.2645967278
86.313897382
86.3633263959
86.4129830744
86.4628523405
86.51276324
86.5628533011
86.6130052468
86.6631075224
86.7133202245
86.7634168074
86.8136786535
86.8639847678
86.914270182
86.9647350052
87.0153204012
87.0659705322
87.1168379071
87.1679662031
87.21924697
87.2708795207
87.3227156557
87.3749486422
87.4274602692
87.4802756341
87.5335274658
87.5871319986
87.6409999503
87.6952974387
87.7499226459
87.8047194499
87.8599333228
87.91530888
87.9709854862
88.02684093
88.0827590599
88.1388902715
88.1950879322
88.2513644071
88.3078539672
88.3644030086
88.4212085747
88.4782123331
88.5353553864
88.5927914888
88.6505603508
88.7085517844
88.7669649585
88.8256476582
88.8847938194
88.9442822607
89.0041375914
89.0644907414
89.1252562567
89.1863443486
89.247918188
89.3097892726
89.3720598286
89.4347156692
89.4975889553
89.5608189073
89.624197577
89.6878650853
89.7517079774
89.8155703915
89.8797172963
89.9440150765
90.0083891876
90.0730349915
90.1378028572
90.2028462002
90.2682031272
90.3337653595
90.3997312915
90.4659507356
90.5326178502
90.5996138059
90.6669646826
90.7348053005
90.8030555158
90.8716282011
90.9406936048
91.0100659875
91.0798530034
91.1500428321
91.2204700137
91.2912771261
91.3622537948
91.4335395718
91.5049641552
91.5765077799
91.6482741064
91.7200737963
91.7920781464
91.8642049906
91.9363339415
92.0087570779
92.0812772184
92.1540950844
92.2271493241
92.3003782838
92.373977958
92.4478329257
92.5219686497
92.5965252077
92.6713371122
92.7465839892
92.822180129
92.8979840152
92.9742572757
93.0507582602
93.1276383809
93.2047792692
93.2820596689
93.3595679024
93.4371877669
93.5150106029
93.5929167307
93.6707947104
93.7325749885
