metodo_2_dt_1:12
3.96786040843e-05
0.00290496172871
0.00285829045187
0.00289564137056
0.00284874617422
0.00288515009971
0.00292176326174
0.00287465746138
0.00291205460567
0.00286542009587
0.0029023246225
0.00285488804971
0.00289143207421
0.00284449072961
0.00288187114614
0.00291941723315
0.00287208795817
0.00290880409905
0.00286125229963
0.00289855306477
0.00285181028247
0.00288937962535
0.00284196109448
0.00287877100301
0.00283120848475
0.00292270479291
0.00287655186427
0.00291337793884
0.00295003694064
0.00290259796302
0.00293930973766
0.0028925580949
0.00293009428389
0.00288325253689
0.00292019044226
0.00287256484039
0.00290970008675
0.00286276926871
0.00295440348374
0.00290782504538
0.00294419043911
0.00289685800589
0.00293363688091
0.00288697817024
0.00292458783648
0.0028776177571
0.00291463499365
0.00286696743064
0.00295798198179
0.0029115425466
0.00294884521403
0.00290191010578
0.0029386612056
0.0028911685011
0.00292865379869
0.00288189898827
0.00288981382069
0.00292629500867
0.00287902506724
0.00291550793734
0.00286855968024
0.00290631676292
0.00291419397699
0.00295063487619
0.00290330644086
0.00293989339136
0.00289301756807
0.00293096908586
0.0029383876966
0.0028914676109
0.00292752416884
0.00288030468877
0.00291761997905
0.00287108835562
0.00296255646407
0.00291543113826
0.00295195750984
0.00290471234678
0.00285797824707
0.00294978539129
0.00290314719998
0.00293975996474
0.00289227585923
0.00292967799786
0.00293675730486
0.0028903499734
0.00292739573372
0.00288012431865
0.00297086730159
0.00292379972315
0.0029611925886
0.00291469630182
0.00292258350692
0.00295861744106
0.00291121657034
0.00294845066996
0.00290184101546
0.00290951590985
0.00294630414032
0.00289895881133
0.00298974422543
0.00294276657264
0.00289622563163
0.00293390241856
0.00294113338927
0.00297741188136
0.00293006877172
0.0028831781887
0.00297474117487
0.00292816347736
0.00288113042163
0.00297195800114
0.00292459686051
0.00296188846454
0.00291546937822
0.00292289609313
0.00295965417663
0.00291227462752
0.00291935824572
0.0029561508795
0.00290970597408
0.00291762963775
0.0029539152266
0.00290648762968
0.00299733951548
0.00295058115851
0.00290411066356
0.00299548865678
0.00294823932544
0.00290079093209
0.0029917076235
0.00294498876096
0.00289851352239
0.00298980359926
0.00294250765072
0.00289508861871
0.00298599906823
0.00293936377928
0.00294750527495
0.00298406060122
0.00293678359564
0.00294373032495
0.0029803224516
0.00293383949934
0.00294135729499
0.0029784387011
0.00298510049986
0.00293751908071
0.0028904333464
0.00298195240129
0.00293533637182
0.00294308777748
0.00297897381768
0.00293165437016
0.00293888784819
0.00297624468931
0.00298366371434
0.00293642977935
0.00288892977054
0.00297960159241
0.00293276121635
0.00294055954035
0.00297766854278
0.0029846193201
0.00293693725904
0.00294453964305
0.00298072816716
0.00293426285799
0.0029416936326
0.00297851509386
0.00298482295699
0.00293742496654
0.00294514941185
0.00298220410226
0.00298956630867
0.00294205483584
0.00294934673969
0.00298526595908
0.00299285631968
0.00294596293154
0.00289900999295
0.00298968309814
0.00294232127817
0.00294905427115
0.0029021793561
0.00299361186248
0.00294679923944
0.0029533392852
0.00290566932116
0.00299651327201
0.00295002175307
0.0029572413433
0.00296504443229
0.00300070916302
0.00300740084008
0.00295998571247
0.00296786613772
0.00292074430068
0.00301163638407
0.00296398881579
0.00297073380824
0.00292333044284
0.00301465377644
0.00296809989303
0.00297480405015
0.00298192260574
0.00293378731944
0.00302468459219
0.00297792541616
0.00298534198294
0.00293780564022
0.00294456220208
0.00298098805713
0.00298769015502
0.00299537659232
0.00294811155366
0.00295525337028
0.0029912867261
0.00299762797915
0.0030050606011
0.00295790884721
0.00296544572442
0.00300179085333
0.00300782730045
0.00301471867481
0.00296739218491
0.00297504353912
0.00292763869993
0.00301812697884
0.00302455917983
0.00297701603017
0.00298419049351
0.0029920604867
0.00294422809609
0.00303458867411
0.0029870104085
0.00299341759403
0.0030007823017
0.00295368954383
0.00296066723526
0.00296765427713
0.00300321512397
0.00300971707622
0.00301710156761
0.00296988526927
0.0029767881311
0.00298362518152
0.00293514968854
0.00302581784675
0.00303307654849
0.00298597235794
0.00299261570716
0.00299918210773
0.00295098103521
0.00295790572096
0.00304882263523
0.0030020384301
0.00300826301213
0.00301451521738
0.00302115555001
0.00297344547902
0.00298065454674
0.00298801001377
0.00293983147607
0.00302994960324
0.00303618410656
0.00304322616663
0.00299601459149
0.003002803592
0.00300941048926
0.00301594914177
0.00296745578948
0.00297449820463
0.00298194735591
0.00301834236579
0.00302425934114
0.00303019691516
0.00303669023629
0.00298945678266
0.00299630894367
0.00300297919873
0.00300935464783
0.00301581588772
0.00296737619469
0.00297435101417
0.00298154562425
0.00298853019868
0.00302394931076
0.00302968519399
0.00303601223305
0.00304287474945
0.00304996845635
0.0030021307499
0.00300801532935
0.00301406748656
0.00302060598583
0.00302773070423
0.00297994526828
0.00298630030297
0.00299229968367
0.00299850037644
0.0030051876504
0.00301234636073
0.00296402355137
0.00297032852075
0.0029764021501
0.0030659673927
0.0030724903375
0.00307936515861
0.00303192612598
0.00303788609653
0.00304364970586
0.00304959348643
0.00305613158682
0.0030629534114
0.00306966678436
0.00302130893258
0.00302700444957
0.00303292231836
0.00303942430309
0.00304613931767
0.00305267505518
0.00305868739157
0.00306456524902
0.00301604584475
0.00302248125229
0.00302905723196
0.00303539089706
0.0030412573106
0.00304693072735
0.00305301101167
0.00305951849139
0.00306620670967
0.00307247800871
0.00302379188382
0.00302933740098
0.00303533195285
0.00304172568363
0.00304822905179
0.00305432727015
0.0030599245564
0.00306555577969
0.00307154680938
0.00307801605724
0.00308446651908
0.00309041276895
0.0030959961475
0.00301865967388
0.00302474372637
0.00297588991065
0.00298216763566
0.00298803159565
0.002993455684
0.00299903803132
0.00300508462363
0.00301140907683
0.00301764307523
0.0030233248613
0.00302873286271
0.0030343029658
0.00304029330675
0.00304663332618
0.00305276389071
0.00305833605049
0.00306369147505
0.00306927446565
0.00307528808091
0.00299774022183
0.00300371438358
0.00300912779717
0.00301438097926
0.00301985671867
0.00302588528408
0.00303210209907
0.00303801028819
0.00304337747993
0.00304866025565
0.00305429178624
0.00306035283847
0.00303773205416
0.0030432676432
0.00304827240311
0.00305324731169
0.00305861395296
0.00306439869688
0.00307032821043
0.0030758784183
0.00308100461338
0.00308606827815
0.0030080394867
0.00301386815223
0.00301966773549
0.00302513202131
0.003030222173
0.00303539578097
0.00309531041163
0.0031010526626
0.00310677786621
0.00302884252662
0.00303350809721
0.00303839257069
0.00304381518074
0.00304966243517
0.00305538599641
0.0031151234871
0.00311979949324
0.00304164066547
0.00304674733337
0.00305231610712
0.00305778427213
0.00306285435793
0.00306774601432
0.0031270981974
0.00304947637922
0.00305478650368
0.00305996139755
0.00306475738519
0.00306938768362
0.00307449435065
0.00313428082257
0.00305671801158
0.00306164865754
0.0030661670846
0.00307073440911
0.00307579249573
0.00313561902232
0.00305795618425
0.00306271541067
0.00306710581254
0.00307163930688
0.00307674062905
0.00313637341139
0.00305848409126
0.0030631685312
0.00306754032242
0.00307215609108
0.00313145846125
0.00305349591039
0.0030584220507
0.00306315220887
0.00306770475258
0.0031264756543
0.00304802788304
0.00305292196564
0.00305802778511
0.00311750241143
0.00312150318972
0.00304247902761
0.00304706647636
0.00310726801628
0.00311179133131
0.00311620504964
0.00303685154396
0.0030963692469
0.00310059570278
0.00310547875893
0.00311052048146
0.00308653748502
0.00308998848426
0.00309401949063
0.00309892548466
0.00307553603912
0.00307965365488
0.00308359991867
0.00308778643466
0.00306346343021
0.00306760189169
0.00307237980255
0.00313169712157
0.00313555070643
0.00305592774291
0.00311519505609
0.00311933803322
0.00312409884719
0.0030449305396
0.00310367439202
0.00310719771265
0.00311160386714
0.00308749118951
0.00309166505542
0.00309598054778
0.00307152706639
0.003074552164
0.00307855605071
0.00313773276252
0.00305887470303
0.00306272688396
0.00312113372987
0.00312459690466
0.00310085302609
0.0031044190908
0.00310857009092
0.00316723414532
0.00308735560004
0.00309065801918
0.00314942527519
0.00307039843726
0.00307439467241
0.0031328641251
0.00313617044391
0.00311155082348
0.00311479396994
0.00311910378837
0.00309491713017
0.00309788439454
0.00315608803416
0.00307614391981
0.00307962937955
0.00313860456047
0.00314238569329
0.00311770296782
0.00312011200153
0.00312363206784
0.00309891426785
0.00310254052683
0.00316113971038
0.00308095025471
0.00313906348704
0.00314180843905
0.00306216462371
0.00312094029402
0.00312436488457
0.00309926725138
0.00310154735366
0.00315974193491
0.00308002273401
0.00313888570288
0.00314169176214
0.00311701673531
0.0031188079499
0.00317701796685
0.0030972663982
0.00310054445609
0.00315845597619
0.00307778893207
0.0031353879595
0.0031384651362
0.00311363450075
0.00311677496847
0.00317451694067
0.00309370540958
0.0031511933087
0.00307084340509
0.00312929540183
0.00313237651642
0.00310700487862
0.00310895151348
0.00316626406781
0.00314190281203
0.00314411385093
0.00312005490281
0.00312135581566
0.00317864580373
0.00309769873676
0.00315566048385
0.00315837731375
0.00313335583323
0.00313518236376
0.00310956828252
0.00311125444126
0.00316893050242
0.00314454893536
0.00314630017324
0.00312115515449
0.00312205672416
0.00317926939092
0.00309870571092
0.00315651799657
0.00313194266659
0.00313262839134
0.00318954476906
0.0031083303505
0.00316593217154
0.00314168928282
0.00314261507184
0.00319943253834
0.00311777340487
0.0031749163211
0.0031503079491
0.00315159105325
0.00312645392425
0.00312705649826
0.00318361468437
0.00315831367468
0.00315979486181
0.00313451283114
0.00319148120566
0.00310941716075
0.00316594979244
0.00316748835507
0.00314174723093
0.00319894075526
0.00311719361484
0.00317355324186
0.00314774594532
0.00314847117474
0.0031231275696
0.00318014012971
0.00309808953647
0.00315422400926
0.00321052123133
0.00312890909536
0.00318592184882
0.0031604215154
0.003160785474
0.00313402386406
0.00319028469721
0.00310845704935
0.00316532099084
0.00313971373252
0.00319574048637
0.00311292882631
0.00316900171586
0.00314366340039
0.00314392062197
0.00320029112495
0.003173724636
0.00322936159075
0.00314679847348
0.00320332759307
0.00317756961725
0.00317792965001
0.00315070133208
0.00320630630229
0.00318003055744
0.00318033196409
0.00315396825558
0.00320986569405
0.0031832535885
0.00318258363005
0.00315568310665
0.00321186776984
0.00318590999934
0.00318564664099
0.00315813255889
0.00321340887671
0.00318687056408
0.00316128217336
0.00316022595241
0.00313342899535
0.00318837573492
0.00316172729583
0.00321707070061
0.0031341806146
0.00318987568406
0.00316303068078
0.00321773175967
0.00319105988431
0.0031898420416
0.00316309626618
0.00321863485444
0.0031914904985
0.00324607732261
0.00316239367867
0.00313548183216
0.00319095308436
0.00316426373864
0.00321879696281
0.00319160377438
0.00318965534288
0.00316243098009
0.00321790206725
0.00319064613298
0.00316340592017
0.00321740178093
0.00319046466602
0.00318850835043
0.00316135835015
0.00321621279753
0.00318826506979
0.0031606674346
0.00321482552944
0.00318813256967
0.0032426685061
0.00315838323697
0.00321259065798
0.00318423953827
0.0031566973568
0.00321132513156
0.00318414782968
0.00323821317367
0.00321018721766
0.00326375292965
0.00323627094705
0.00315179388943
0.00320642169565
0.00317826566986
0.00323188355369
0.00320341503385
0.00317556641634
0.00322984195592
0.00320223677595
0.00325575096084
0.00322725723063
0.00319912738261
0.00325261820944
0.0032251836155
0.00319775344038
0.00325053630204
0.00322220581896
0.00321831620324
0.00318993999912
0.00316189294072
0.00321571392144
0.00318688278089
0.00315789172359
0.00321101884752
0.0031827381447
0.00323652473939
0.00320798840868
0.00317909203745
0.00323179093669
0.00320281377636
0.00317451090444
0.00322798425988
0.00319929583159
0.00317014898836
0.00322253429624
0.00319356238629
0.00324685551699
0.00321823851283
0.00318930698581
0.00324181213019
0.0032122100205
0.00318299975972
0.0032362741308
0.00320740398327
0.00323607746674
0.00328736734023
0.00325793983795
0.00322899890771
0.0032812596197
0.00325246227011
0.00322315821108
0.00327455985013
0.00324483446389
0.00321560318818
0.00326803257021
0.00323875707164
0.00320910792682
0.0032607343826
0.00323070449835
0.00320117058096
0.00323021723108
0.00328146059989
0.00325166020516
0.00322156559791
0.00327247237149
0.00324288252594
0.00321346470545
0.00326519916866
0.00323494296198
0.0032044434835
0.00323270206759
0.00328341879279
0.00325389336233
0.00322396881305
0.00327452621396
0.00324383923768
0.00321345039009
0.00318352292886
0.00329279045939
0.00326264646788
0.00323199283445
0.00328198769412
0.00325134108322
0.00322121867066
0.00319114894202
0.00329970810892
0.0032687407893
0.0032376826092
0.0032879797823
0.0032576529579
0.00322730964677
0.00325494454084
0.00330414740654
0.00327285641316
0.00324196891263
0.00321136625309
0.00331985496185
0.00328875391993
0.00325721846028
0.00322571835013
0.00327573705117
0.00330310478364
0.00327219891003
0.0032407747273
0.00328977627773
0.00325810753588
0.00328521785914
0.00325420357422
0.00330363947988
0.00327194876869
0.0032399295965
0.00326646000006
0.00323494557703
0.00328435585581
0.00325291354143
0.00327933735227
0.00324694055377
0.00329549298315
0.00326391686808
0.00329078506833
0.00325890816296
0.00322651069251
0.00327490094662
0.00330073675705
0.00326882081181
0.00323704778422
0.00334405458893
0.00331135844331
0.00327852446517
0.00324613641878
0.00327294687012
0.00332111910688
0.00328873311923
0.00331441674497
0.00328121207863
0.00324841079327
0.00321606783199
0.00332286656595
0.0032900563146
0.00325682625242
0.00328240323738
0.00324938456246
0.00329742743536
0.00332324609694
0.00329003320001
0.0032564488608
0.00328202567964
0.00324863936315
0.00329624971939
0.00332188905017
0.00328840443813
0.00325451886363
0.00327986229565
0.00332657397696
0.00329368611418
0.00331890987757
0.00328503479051
0.0033102484596
0.00327591157645
0.00324214476327
0.00334795852138
0.00331427843591
0.00328018985025
0.00330473052355
0.00327029785981
0.00329604530439
0.00334199852575
0.00330817959844
0.00333243326478
0.00329768189773
0.00332251977479
0.00328814107011
0.00325406244436
0.00327922609941
0.00332422681739
0.0033481847913
0.00331329354749
0.00333845475404
0.00330392466562
0.00326908601504
0.00329339121499
0.00325768850638
0.00336185135103
0.00332727718806
0.0033520491564
0.00331671118673
0.00328112819224
0.00330489453983
0.00326944269628
0.00329419438153
0.00333908679804
0.00336267968522
0.00332674961823
0.00335017226362
0.00331458683997
0.00333900624874
0.00330337109419
0.00332737134901
0.00329073028832
0.00331458092773
0.00335791821541
0.00338193234872
0.00334610864139
0.00336946484637
0.00333270183404
0.00335596054017
0.00331957065383
0.00334373367745
0.00330722967135
0.00333060330688
0.0032932296614
0.00331655089764
0.00327964147928
0.00338277619796
0.00334634386014
0.00336879935952
0.00333160930304
0.00335408535415
0.00331746624507
0.00334062778017
0.00336381688062
0.00332591807718
0.00334845165012
0.00331064415593
0.00333387361981
0.00329658792012
0.00331934075276
0.00328123727981
0.00330327475343
0.00332615417849
0.00336760770646
0.00339007199859
0.0033525398869
0.00337397113052
0.00339580301478
0.00335761624354
0.00338000443806
0.00334235848801
0.00336408139817
0.00338577992973
0.00334674740541
0.00336870605292
0.00333060238333
0.0033526385153
0.00337437547391
0.00333492703697
0.00335622756131
0.00337814337563
0.00333935276515
0.00336121250762
0.00332194115706
0.00334270187974
0.00336393426887
0.0033245810964
0.0033463151686
0.00336794808024
0.00332801619924
0.00334856502964
0.00336960761623
0.00332979010044
0.00335126703864
0.00337255033544
0.00333212407311
0.0033523584659
0.00337311090884
0.00333299860466
0.0033541094651
0.00337494248747
0.00333420805267
0.00335404699173
0.00337442878403
0.00339539734339
0.00335486572673
0.00337526598217
0.00339518536543
0.00335381515782
0.00337366646352
0.0033941602278
0.0034147959466
0.00337349233921
0.00339292412842
0.0034122858506
0.00337114784638
0.00339101909975
0.0034110439991
0.00343068162537
0.00338882632776
0.0034077272804
0.00342702160815
0.00344684866641
0.00332689036442
0.00334605553811
0.00336495507203
0.00338395862267
0.00334142498044
0.00336092378829
0.00338020919077
0.00339911472848
0.00341767702046
0.00337446272168
0.00339333952114
0.00341252636837
0.00343141982999
0.00338864495278
0.0034065273566
0.00342452056677
0.00344309436552
0.00338419855409
0.00334061396721
0.00335857471812
0.00337627377485
0.00339411572168
0.00341252119208
0.00343109645347
0.00338740478898
0.00340489106127
0.00342216824941
0.00343973303774
0.00345764603559
0.00339838749067
0.00335365974686
0.00337070198204
0.00338768267109
0.0034049842768
0.00342270432103
0.00344035217033
0.0034576480838
0.0034126697292
0.00342922931545
0.00336804379948
0.00338542332814
0.00340275845583
0.0034195994967
0.00343584383751
0.00345213663915
0.00340678148232
0.00342375350793
0.00344061190411
0.0033790184177
0.00339492277022
0.00341083953059
0.00342716151009
0.00344379037555
0.00346013927063
0.00347603653827
0.00342968229422
0.00336715260375
0.00338313401909
0.00339927525545
0.00341527579966
0.00343071513363
0.00344579077707
0.00346101214323
0.00339937900991
0.00341507642312
0.00343057527773
0.00344550652662
0.00346012590467
0.00347494768271
0.00349021088109
0.00342887667339
0.00344373597829
0.00345813404181
0.00347228077859
0.00342413532947
0.00343914705237
0.00345426182404
0.00339107987044
0.00340512636184
0.00341900257197
0.00343310102199
0.00344773602419
0.00346241931123
0.00339892093063
0.00341249348194
0.00342597017918
0.00343982311145
0.00345409659118
0.00339076399778
0.00340436583092
0.00341750251251
0.00343062287065
0.00350687412987
0.00352042780974
0.00345758625233
0.00347045410373
0.00348289797487
0.00349539681334
0.00350835760779
0.00344509158177
0.00345803898408
0.00347050121341
0.00348260247962
0.00349484478138
0.00343067661441
0.00344345258171
0.00345607643055
0.00346822021068
0.00348007646866
0.00341479932065
0.00342707131642
0.0035029069586
0.00351488027419
0.00352638312548
0.00346110727479
0.00347231824823
0.00348408266149
0.00349612729908
0.00343102656768
0.00344200954809
0.00345285898143
0.00352735971213
0.00346269613185
0.0034738199634
0.00348468628477
0.00349514139574
0.00350554825277
0.00343946309023
0.00345045760746
0.00352514522996
0.0035355229978
0.00346933317108
0.00347890937406
0.00348900900222
0.00349979750567
0.0034336932558
0.00350773089915
0.00351689916117
0.00352620037634
0.00345968517512
0.0034696356457
0.0034797192626
0.00355285273729
0.00348593317167
0.00349453172304
0.00350377964331
0.00351360440382
0.00351108042043
0.00351948696491
0.00352771775081
0.00346027137838
0.00346894323712
0.00354232663592
0.00355093152117
0.00348335433778
0.00349098775514
0.00349915618784
0.00357156679075
0.00350437643938
0.00351241077114
0.00352020223676
0.00345157689094
0.0035235123663
0.00353120154389
0.00353942056273
0.00347106841113
0.00354272030089
0.00354939244102
0.00348063161569
0.00348805467627
0.00356005479037
0.00349161477199
0.00349786788262
0.00350432430689
0.00357524845584
0.00350655517735
0.00351347988559
0.00358451127112
0.00351509362677
0.00352061025912
0.00352692817891
0.00352252482796
0.0035286227833
0.00353461731996
0.00352958106554
0.00353426285798
0.00353993051718
0.00353580026389
0.00354095843249
0.00354623264803
0.0034755208609
0.00354519767737
0.00355022765995
0.00348020773721
0.00355045882618
0.00355503216723
0.00348385808874
0.003553130561
0.00355765677749
0.00348718340985
0.00355689500054
0.00356091060922
0.0034892165249
0.0035579953493
0.0035621679558
0.00355684268543
0.00356025497151
0.00356387502425
0.00355710874474
0.00355994267053
0.00356382263001
0.00355749402729
0.00356074353752
0.00355444674139
0.00355613830633
0.00355891629824
0.00355251700602
0.0035552953474
0.00362339002553
0.00355073569354
0.00355246442384
0.00354554137822
0.00354754472277
0.00361556804249
0.00354294291901
0.00354423868004
0.00361102533201
0.00353776374387
0.00360527391238
0.00353255510571
0.00359968315913
0.00360024811193
0.00352619110925
0.00359293617651
0.00351962654671
0.0035867461362
0.00358731990174
0.00357903952257
0.00357867265186
0.00357118134626
0.00357115488704
0.00363769945672
0.00356320183991
0.0035627950641
0.00355383450665
0.00355352917449
0.00361951103207
0.00354507001314
0.0036103064359
0.00353487610112
0.0035997951979
0.00359939248756
0.00359044414332
0.00358976131125
0.00358020490107
0.00357833943095
0.00356886883564
0.00356726344271
0.00363234045798
0.00355663107438
0.00362078931836
0.00361105096366
0.00360820426536
0.00359929030952
0.00359675805884
0.00366095427993
0.00358404719462
0.00364738983498
0.00357045938156
0.00363444529876
0.00355807854607
0.00362155678059
0.00361148269592
0.0036069698923
0.00366996546276
0.00359302974471
0.00365639027712
0.00357895537282
0.00364136928506
0.00363034700775
0.00362574544315
0.00361540952723
0.00361109195314
0.00360003525502
0.00359489882755
0.00358299404493
0.00364508817087
0.00364076152188
0.00362919594019
0.00362436559766
0.00361167754697
0.00367278970494
0.00359396116649
0.00365585356294
0.00364435713777
0.00363813266475
0.00362547002522
0.00361917719893
0.00360658376971
0.0036678864531
0.003588472399
0.00364881363068
0.00363595306675
0.00362867569778
0.0036160066835
0.00367659169164
0.00359649261578
0.00365628446319
0.0036430238065
0.00363489409124
0.00362183118813
0.00368191728019
0.00360116233725
0.00366020420999
0.00364635971627
0.00363785219124
0.00362420480601
0.00368370186957
0.00360222422186
0.00366077330374
0.0036461806986
0.00370464105098
0.00362305244812
0.0036818877256
0.00366760758356
0.00365797193825
0.00364248408383
0.00370050537046
0.00368624532342
0.00360378275914
0.00366147711999
0.00364632368849
0.00370322299358
0.00362004703156
0.00367779031053
0.00366290742671
0.00371979417125
0.00363576146806
0.00369230637291
0.00367669760976
0.00373375087216
0.00365020932752
0.00363418657711
0.00368982699218
0.00367374591897
0.00366168672206
0.00364563744966
0.00370188823802
0.00368530646808
0.00374039419138
0.00365522201741
0.00363870207818
0.00369448093507
0.00367809460517
0.00373279237072
0.00364666718714
0.00370149207024
0.00368431744303
0.00366779594425
0.00372233687451
0.0036359363034
0.00368993652563
0.00367188931039
0.00372639093606
0.00370898037053
0.0036916090027
0.00367612371731
0.00365725679931
0.00371081634625
0.00369272389507
0.00374658064039
0.00372812192786
0.00370951399472
0.00369309422914
0.00367394262455
0.00372731979938
0.00370854278626
0.00368963670393
0.00374148129154
0.00372196576071
0.00377399076616
0.00368611117082
0.00366682068863
0.00371873797465
0.00369840095056
0.00374973692745
0.00372973361564
0.00371034643475
0.00376191639342
0.00374173846102
0.00372139879464
0.00370237312613
0.00368176119211
0.00373318552361
0.00371252111106
0.00369154540444
0.00374138345446
0.00372001005862
0.00369930146261
0.00374965763324
0.00372874890662
0.00377812924913
0.00375615610641
0.0037345639852
0.0037838797009
0.00376272890878
0.00374142929514
0.00378977935387
0.00376743661858
0.00367515314347
0.00372427070327
0.00370215847282
0.0037510748464
0.00372781211411
0.00370460215348
0.00375278132071
0.00372996227171
0.00370733162397
0.0037553197125
0.00373159856794
0.00370774225805
0.00375517561211
0.00373182594356
0.00370857507764
0.00375586215132
0.00373137716078
0.00370691003466
0.00375372638655
0.00372976089299
0.00377646389564
0.00382205996922
0.0037972613
0.00377251713232
0.00381804453
0.00379377721665
0.0037694333168
0.00381446457429
0.00378898035872
0.00376348674846
0.00380855234068
0.00378351204827
0.00375842234519
0.00380305549314
0.00377663462429
0.00375047659335
0.00372467678504
0.00376951471264
0.00381388943181
0.00378767562598
0.00383046133209
0.00380368694598
0.00377748383376
0.00382126950726
0.00379454751483
0.00376737892351
0.00373981845372
0.0037826124786
0.003826207703
0.00379943362231
0.00384166006622
0.00381378486717
0.00378556549858
0.00375761533191
0.00379997604134
0.00377226811549
0.00381526268237
0.00385602072493
0.00382710957936
0.00379861552305
0.0037703954647
0.00381186759543
0.0037830457156
0.00382469415651
0.00379536162338
0.00383529743079
0.00380636326746
0.00377744467731
0.0038177944193
0.00385836327941
0.00382817167948
0.00379844974815
0.00383835713521
0.00380852685482
0.00384951094556
0.0038187106824
0.00385703244108
0.0038264899019
0.00379631777527
0.00383749462964
0.0038752619603
0.00384365885907
0.00381222082482
0.00378105708696
0.00389059053347
0.00385941738898
0.0038275113711
0.00379531164487
0.003903596281
0.00387188077229
0.00384020016339
0.00380826142491
0.00384774368119
0.00388313785821
0.00385037004905
0.00381787904593
0.00385768811069
0.00389323695731
0.00385988334443
0.00382612703108
0.00386466367065
0.00383146422299
0.00386700602701
0.00383338743373
0.00387101724007
0.00383662113597
0.00387126003809
0.00390905041592
0.00387511767617
0.00384077868047
0.00387823980036
0.00391112749176
0.00387634928372
0.00384179963263
0.00387930653781
0.00384399547482
0.00387690799284
0.00391283682907
0.00387722240743
0.00384203305826
0.00387915329314
0.0039111043368
0.00387467089394
0.00391008858474
0.0038738625908
0.00383791420123
0.0038743328191
0.00390531718213
0.00386810494582
0.00390294583176
0.00386600747665
0.00390223858653
0.00393265956126
0.00389508389171
0.00392938982965
0.00389134001435
0.00385360081468
0.0038889762566
0.00391885510656
0.00395268649236
0.00391377706227
0.00387506597309
0.00390942416977
0.00387104120626
0.00397268884947
0.00393335768151
0.00389366279001
0.00392690552539
0.00388774972957
0.0039218758028
0.00388200917778
0.00390952829743
0.00394158652311
0.00390143043784
0.00393440491902
0.00389442019895
0.00392736085485
0.00388610057744
0.00398509114319
0.00394400504496
0.00390346194398
0.00393571531502
0.00389436118328
0.00392582320811
0.0038835121666
0.00398211505586
0.00394077814902
0.0039723068279
0.0039300671886
0.00396063578769
0.0039176652538
0.00394889477923
0.0039063984546
0.00400413428293
0.00396106785461
0.00399085297886
0.00394706585864
0.00397743327396
0.00393421890069
0.00396468934865
0.00392042229559
0.00401619620575
0.00397190383523
0.00400119064283
0.00395733106319
0.00398667306477
0.00394170938434
0.0039701554062
0.00392483683244
0.00395390471125
0.00390897951381
0.00400416450455
0.0039586127235
0.00398586864723
0.00401367458358
0.00396788784231
0.0039961725104
0.00395000061413
0.00397724449717
0.0039301163292
0.00395736672055
0.00398529048587
0.00400475439334
0.00403150290386
0.00398401616259
0.00400997478459
0.00396254662866
0.00398912072075
0.00401588666647
0.00396783879936
0.00399345371771
0.00394468129102
0.00397044825345
0.00399677141561
0.00394818228644
0.00397371980704
0.00406423741157
0.00401481880466
0.00403969303277
0.00399092816449
0.00401578019342
0.00404023717569
0.00398989351058
0.00401377203655
0.00403821379638
0.00398835792716
0.00401264489016
0.00403648782454
0.00398494133323
0.00400828782947
0.00403217972773
0.00398106665819
0.00400467227448
0.00402779673466
0.00397512928133
0.00399784757261
0.00408600473242
0.00403469119451
0.00405705548171
0.00407892275629
0.0040260062899
0.0040475827804
0.00406966210702
0.0040172843603
0.00403892944854
0.00405994978552
0.00408080273639
0.00402698402532
0.00404828253093
0.00406967001323
0.00401568227993
0.00403591402364
0.00405590999823
0.00407626343473
0.00402184836208
0.00404231039312
0.00406241723961
0.00408189735696
0.00402594367705
0.00404542614528
0.00406528650698
0.00408518017698
0.00402900173312
0.00404748156224
0.00406593648806
0.00408478222109
0.00402863654686
0.00404738388458
0.00406556799639
0.00408328354604
0.00410113497847
0.00404367980862
0.0040618496415
0.0040797786095
0.00409722450879
0.00411411832568
0.00405545026916
0.00407272830819
0.00409009397855
0.00410714312945
0.0041235719628
0.00406416089995
0.00408013790496
0.00409651310744
0.00411313893551
0.00412926350739
0.00414475648528
0.00408449850276
0.00409966645293
0.00411522031415
0.00413095517027
0.00414612568328
0.00409703691352
0.00403504434288
0.00404952060136
0.00406435981185
0.00407931108009
0.00409363874783
0.00410733861509
0.00412091194567
0.00413461988343
0.00407248973803
0.0040863714969
0.00409969823838
0.00411253542809
0.00412508288671
0.00413803446622
0.00415117467032
0.00416416741609
0.00417667728476
0.00411264479254
0.00412442598057
0.00407246332477
0.0040847476143
0.00409693165451
0.00410837125948
0.00411938250625
0.00413022656225
0.00414152383774
0.00415292543963
0.00416415745772
0.00417462506499
0.00418470923704
0.00419469361902
0.00420514648601
0.00413953283424
0.00408610152619
0.00409559091332
0.00410475184398
0.00411387323213
0.0041234746443
0.00413307707309
0.00414238959066
0.00415092590201
0.00415919596844
0.00416749251784
0.00417627074885
0.0041219102602
0.00413019169516
0.00413770210444
0.00414500610583
0.00415238843272
0.00416024547061
0.0041679888444
0.00417534300773
0.00418206556159
0.00418842706317
0.00413223075167
0.00413902922971
0.00414588694632
0.0041522018619
0.00415779625776
0.00416333090143
0.00416904847531
0.00417520898931
0.00418125140355
0.0042012755259
0.00420581850384
0.00421013606675
0.00421490264849
0.00421996855922
0.00422474376339
0.00422903883017
0.00423281613647
0.00417415220055
0.00417802739022
0.00418217098213
0.00418596726017
0.00418927425493
0.00419212087806
0.00419490653275
0.00427512690174
0.0042165672004
0.0042191868574
0.0042213119804
0.00422303463914
0.00422476652078
0.00422703860965
0.00422949998683
0.00416906117779
0.00424807724827
0.00424869061612
0.00424949721539
0.00425062633484
0.00425201411778
0.00419099511028
0.00419107353889
0.00419078020404
0.00426860372931
0.00426883812239
0.00426916897551
0.00420740075403
0.00420626471823
0.00420506848089
0.00428213289724
0.00428138787084
0.00428057598031
0.00421790050846
0.00421582983596
0.00421366641659
0.0042898663846
0.00428806850422
0.0042863832284
0.00422266068578
0.00421959946867
0.00429476677245
0.00429177635366
0.00428909195087
0.00422514405378
0.00422157545554
0.00429598753014
0.00429170310607
0.00428790976335
0.00428451766303
0.00421919880031
0.00429317054609
0.00428795370221
0.00428290345926
0.00427838884258
0.00429129366652
0.0042860633049
0.00428036036345
0.0042743854275
0.00434654380721
0.00428014857596
0.00427434076009
0.00426835662661
0.00434014872107
0.00433307160591
0.00426523509617
0.00425849947354
0.00433046577729
0.00432336655222
0.0042549309876
0.00432566782893
0.00431736653606
0.00430967404263
0.00430225555248
0.00431217865411
0.004303014776
0.00429382951647
0.00436355431317
0.00429462916784
0.00428563469459
0.00455613385863
