metodo_1_dt_1:1
3.96786040843e-05
6.14098556946e-05
3.80336833075e-05
5.03195078194e-05
4.09372543795e-05
4.13500789221e-05
4.90767273538e-05
3.73103937026e-05
5.77833224671e-05
3.66281945663e-05
5.79974293145e-05
4.06904946715e-05
5.31502893283e-05
4.81568776373e-05
5.16650762187e-05
6.04787755249e-05
5.2919205573e-05
6.07138933421e-05
4.41127487911e-05
6.0547004632e-05
3.61352679205e-05
5.79951874238e-05
2.90738767223e-05
4.76420746089e-05
2.19249530948e-05
3.85773299786e-05
1.86928667335e-05
3.25178278463e-05
2.22728614981e-05
3.03883230756e-05
3.1270985535e-05
3.55656920211e-05
4.22048133331e-05
4.5267189631e-05
6.17033315924e-05
5.02382597866e-05
4.89173806598e-05
3.50250194566e-05
3.78730180981e-05
2.41042714871e-05
3.33446894881e-05
2.29837034455e-05
3.77137201858e-05
3.6841658349e-05
6.83708517554e-05
5.6479735848e-05
4.95595343574e-05
3.8902113149e-05
3.1513094893e-05
3.0527121146e-05
2.49519418731e-05
3.9642231621e-05
3.86140993056e-05
6.64784597388e-05
4.46055248204e-05
5.19312407875e-05
2.10629986641e-05
5.00164206361e-05
2.0872980067e-05
6.33989795051e-05
5.84330512771e-05
5.75830891179e-05
3.43492270514e-05
3.54646112747e-05
3.0404671314e-05
3.56011833059e-05
7.13816641765e-05
4.84574569117e-05
5.5018899778e-05
2.1056352602e-05
5.81230835428e-05
3.32668836453e-05
6.76964761055e-05
4.75027105742e-05
3.45710209062e-05
4.01165848522e-05
2.97348480281e-05
7.95770517889e-05
4.55774147878e-05
6.86820366687e-05
2.8604363808e-05
3.7564058454e-05
7.15280701066e-05
4.38549921321e-05
5.65552009134e-05
2.39745534444e-05
8.31854943891e-05
6.08011278494e-05
3.99793552448e-05
4.79509149029e-05
2.96904586233e-05
8.72747592689e-05
4.67290561377e-05
3.38765524288e-05
4.83040946657e-05
6.59552981489e-05
7.39656438091e-05
3.3695697141e-05
3.49033244369e-05
7.74436767387e-05
4.32805404938e-05
6.79046849185e-05
8.89215202994e-05
6.31736761947e-05
6.11413562148e-05
2.93161729648e-05
8.39834671835e-05
6.13710647923e-05
3.27768328875e-05
6.44664058007e-05
6.96237040918e-05
4.65754864469e-05
5.33514999904e-05
7.79382629235e-05
5.89036214776e-05
4.79235671928e-05
8.79476691857e-05
8.63218968032e-05
4.53223539862e-05
3.47503847576e-05
8.52523737969e-05
4.51757562468e-05
3.61238712924e-05
8.47981337821e-05
4.52310990323e-05
3.86857746762e-05
8.37962028688e-05
4.5788217378e-05
4.16571508764e-05
8.19321165657e-05
4.42876132196e-05
4.32728708097e-05
7.91038190852e-05
4.27966220183e-05
9.86095699539e-05
7.52881236064e-05
3.99069873096e-05
9.07200224404e-05
7.14361454359e-05
3.89216736568e-05
8.22889637641e-05
6.79070897869e-05
0.000102778554403
6.99168616941e-05
6.72950391288e-05
9.20535905028e-05
5.822227258e-05
7.02749825574e-05
7.93112715927e-05
4.55423235518e-05
0.000115177524176
7.0516990723e-05
4.09385786899e-05
7.83635332414e-05
6.59070491666e-05
9.22573957251e-05
5.7892708952e-05
0.000122386584064
7.62746995887e-05
4.36499196033e-05
0.000110323453677
6.80966297425e-05
9.70694541076e-05
6.14957909111e-05
0.000123393765939
7.66510841061e-05
4.48112962589e-05
8.12731906916e-05
7.08009337555e-05
9.12091874972e-05
5.41160364504e-05
0.000118344924076
7.33249732399e-05
0.000104080429921
6.5746140988e-05
0.000128029019049
8.04712441562e-05
0.000115232693224
7.42443411961e-05
7.97020953171e-05
8.67092557744e-05
5.12009904422e-05
8.07074491739e-05
8.17011108978e-05
9.07263498311e-05
5.36860972448e-05
8.33103044821e-05
8.55667118686e-05
9.34160105641e-05
5.54402795292e-05
8.08418151715e-05
9.09904754556e-05
9.54118804658e-05
0.000124877030373
7.7465892559e-05
0.000118138907587
9.55062033011e-05
0.00011926969677
7.28672557801e-05
0.000107833381332
9.87127028497e-05
0.000113058108748
6.86421176973e-05
9.46640115562e-05
5.96546330469e-05
0.000110231266165
0.000132840822822
8.22599669848e-05
0.000113829157888
7.17404865953e-05
0.000124065071487
7.95977516587e-05
9.62366864303e-05
0.000128699684325
8.17732524107e-05
0.000136041678274
8.85022907937e-05
0.000107105140045
6.39692857579e-05
8.76521884019e-05
0.00014501861166
9.69276271159e-05
0.000114102479128
7.01964133771e-05
8.95403622341e-05
0.000121604248414
0.000105076231661
0.00011860497084
0.000142953971654
8.90079485172e-05
0.000115613593297
7.13017050244e-05
0.000122035994734
0.0001404025692
8.95093102246e-05
0.00010850947165
0.000135801398224
8.3531913292e-05
0.000138854390467
9.72785419939e-05
0.000104167866679
0.000122479109766
7.55342984699e-05
9.24340631442e-05
0.000119078041261
0.000110669732349
0.00011694564947
0.000132135671045
8.43786186986e-05
9.76940891956e-05
0.000119804312344
0.000146732096518
9.21385601216e-05
0.000139543086902
0.000156315775059
0.0001034365918
0.000118288312554
0.000139191396007
8.57633825653e-05
0.000103088365199
0.000125946131364
0.000116491321629
0.000121639455126
0.000133641556605
0.000150872824827
9.64421604429e-05
0.000109486450726
0.000128942516078
0.000151198580082
9.28941970687e-05
0.000112347746435
0.000158587506208
0.000111821297511
0.000118685664798
0.000130510885987
0.000146502453648
9.38355356036e-05
0.000103432699422
0.000118771045998
0.000136981842932
0.000157639514444
9.70290854128e-05
0.00011304632851
0.000158468663248
0.000171405078344
0.000119405106495
0.000127465613895
0.000138509668638
0.000152177914555
0.000167146327331
0.000107549618018
0.000119107580941
0.000133654091188
0.000148730002025
0.000164470532558
0.000101401480929
0.000113823478221
0.000129038474153
0.000144628482102
0.000160894815339
0.000135093829835
0.00014140644154
0.000149552128651
0.000159495551246
0.000170861188326
0.000182156895358
0.000124161438986
0.000131139285333
0.000140659517506
0.000150918343137
0.000162231567889
0.000173116466911
0.000113934767628
0.000120540561196
0.000129488960823
0.000138873079187
0.000149167035157
0.000158836634017
0.000169170004047
0.000179542167087
0.000115648817661
0.000123161459493
0.000131655065256
0.000139455126325
0.000148051114822
0.000156651249153
0.000166377514638
0.000175675025715
0.000185009647023
0.000118868535619
0.000124427493515
0.000131403654447
0.000138385945613
0.000146140643887
0.0001529132014
0.000159857527454
0.000166286626366
0.000173680715224
0.000181374467287
0.000188365442609
0.000195218655093
0.000130404533523
0.000135525667297
0.00014054938833
0.000146588614413
0.000152463136566
0.000157272625389
0.000162399114047
0.000167189723933
0.00017299418613
0.000178962514038
0.000151885022667
0.000155304087798
0.000157681675178
0.000160755778053
0.000164299645396
0.000167545797055
0.000171067827238
0.000174012228839
0.000176132274246
0.000179078431987
0.000182018892957
0.000185660397747
0.00018895015307
0.000191256375053
0.00019400998581
0.000197231188825
0.000200518122168
0.000174621708324
0.000174694004599
0.000173792071519
0.00017343340783
0.000173642086961
0.000174016207736
0.000175278020514
0.0001763824005
0.000176771248419
0.000178088433862
0.00018026055928
0.000182695736269
0.000151617450497
0.000149602342841
0.000146953938094
0.000145574465459
0.000145372946417
0.000146394861958
0.000147494462497
0.000218294118319
0.000217078066772
0.000216168047063
0.000186493592651
0.000182289421652
0.000178703721882
0.000174818329419
0.000172070124865
0.000170556982826
0.000170720873096
0.000171764259356
0.000174411795022
0.000209785460017
0.000202220427896
0.000196283036068
0.000191968183433
0.000189152006676
0.000187404136666
0.000186067439874
0.000150396415317
0.000144254878148
0.000214609095271
0.000207782942452
0.000202489945287
0.000198250475724
0.000195675156508
0.000159980089323
0.000152202517654
0.000147705645901
0.000214920702117
0.000208131088408
0.000203214968774
0.000200382464018
0.000160470594302
0.000153803856813
0.000221384079143
0.000212952539071
0.000206179656461
0.000202935894099
0.000162580511889
0.000155089379999
0.000221004421049
0.000211939625635
0.00020503372801
0.000202181679514
0.000158589765271
0.000225052710726
0.000214268122228
0.000205898966076
0.000200992927073
0.000158787880813
0.000224038067172
0.000212304125493
0.000203178111767
0.000197448873099
0.000156085172105
0.000218424558301
0.000206255829161
0.000196942856081
0.000192000798433
0.000223948193033
0.000207759553346
0.000195745667901
0.000188488851485
0.000252091232326
0.000209638484171
0.000194233801747
0.00018376288114
0.000247066997795
0.000237657632624
0.000190949314982
0.000178542560648
0.000239857570664
0.000229077012066
0.000184537381839
0.000171873381113
0.000231766982965
0.000220047584678
0.000176336754666
0.000236036242823
0.000219938679293
0.000209281041294
0.000166801226365
0.000222872446604
0.000206208520545
0.000196364492972
0.000256115879253
0.000207013250105
0.000192270839931
0.0002514537653
0.000207656408201
0.000188442227894
0.000247836493031
0.000232929388443
0.00018752524509
0.00024418639543
0.000225144251979
0.000213576947724
0.000240629241969
0.000219328499219
0.000204520045389
0.000262178076596
0.000211436293771
0.000194362262014
0.000251654842769
0.000204959037128
0.000185397587168
0.000239552956114
0.000225565272885
0.000249897539281
0.000227555012693
0.000213013634841
0.000238428828126
0.000213790820283
0.000198349759771
0.00025319371859
0.000200229477524
0.000255042510722
0.000237397449659
0.000185940635381
0.000237019880189
0.000220204188377
0.000245033123198
0.000219567275888
0.000274556525523
0.000224676522948
0.000199869766445
0.000252895209958
0.000237238123181
0.000255849124969
0.000231644868499
0.000286598883602
0.00023084819358
0.00021016886325
0.000263313376593
0.000207693272911
0.000258323857108
0.000239584885161
0.000257893746666
0.000232655812168
0.000286817827511
0.000229630595823
0.00020809710479
0.00025847339126
0.000201899177577
0.00025118256333
0.000235224394331
0.000245902963848
0.000222904960088
0.000242377370199
0.000214601470279
0.000264601165951
0.000209619762728
0.000256101060264
0.000234177200028
0.000249347827905
0.000222964580887
0.000273284173944
0.00021403506754
0.000261090499628
0.00020663670898
0.000250251276539
0.000228556106574
0.000241734332508
0.000215589449063
0.000263483090906
0.000277727067981
0.000248162687519
0.000267679065824
0.000235795065326
0.000283766209036
0.000222981201165
0.000267495843345
0.000211554194774
0.000253478554159
0.00030147239581
0.000239886349471
0.000284798439933
0.000226373483306
0.000267810972782
0.000242327930674
0.000253116496226
0.000297581156274
0.000237224336291
0.000278783302443
0.000251746191357
0.000260950161995
0.000233327189605
0.000244049228981
0.000285130933939
0.000258287301017
0.00026493341623
0.000309833149265
0.0002455913833
0.000288022456183
0.000226121397925
0.000264810379673
0.000310311518879
0.000243957372896
0.000286956828207
0.000223491275409
0.00026298361248
0.000274484763466
0.000240346134428
0.000251781542972
0.000289767054052
0.000260563796697
0.000263694046893
0.000304871426721
0.000239079562467
0.000279053670159
0.000290105384412
0.00025322609244
0.000261892584873
0.000299313015289
0.000235431999227
0.000270960245588
0.000312864486496
0.000243393211532
0.000283266429438
0.000288413016093
0.000255874908674
0.000258963009776
0.0002970800809
0.00030572709677
0.000266343279028
0.000271702684446
0.000309031914197
0.000241285735047
0.000277087834989
0.000284115033324
0.00031894024453
0.000249915569154
0.000284317772781
0.000293511642717
0.000252677621963
0.000257229219895
0.000289702175746
0.0002984816288
0.00025661425073
0.000261626827782
0.000293825050032
0.000301264971913
0.000258233128522
0.000261803465261
0.000294391308961
0.000300422073562
0.000259165363332
0.000259576500014
0.000292089093592
0.000295685316241
0.000328943267812
0.000255900507023
0.000289169868503
0.000289139670748
0.000322339915688
0.000325139131503
0.000284339235519
0.000281781923135
0.000315587476425
0.000313951042345
0.000319838198695
0.000271450018467
0.00027289418122
0.000302376335159
0.000303686719862
0.000332875795043
0.000257339048427
0.000289663486699
0.0002869445192
0.0003188789882
0.000315722244381
0.00031887504071
0.000269885401902
0.00026811686541
0.000297163851497
0.0002954246301
0.000323875668571
0.000321204501485
0.000350990055327
0.000272780051094
0.000271649352672
0.000297581097464
0.000294637614107
0.000321654830554
0.000318116728247
0.000347885790977
0.000343011334882
0.00026535684593
0.000290547586068
0.00028510887532
0.000313549107229
0.000306850810377
0.000306253914675
0.000329004140539
0.000325124961628
0.000349776113048
0.0003452402673
0.000266478349218
0.000289732407396
0.00028386994207
0.000308436519968
0.000300322280898
0.000297740721232
0.00031885830761
0.000313767567727
0.000337498903995
0.000328813393644
0.000325310205139
0.000345797460981
0.000339810460426
0.000363148280034
0.000354452485209
0.000272237627244
0.000295055751122
0.000284889560985
0.000279431033191
0.000299186596682
0.000289740194469
0.000313770152727
0.000301638951317
0.00029323468884
0.00031562091928
0.000304371603504
0.000296586843858
0.000314985143036
0.000304200449446
0.000297546783334
0.000315532016766
0.000304410794877
0.000326607138291
0.000312524007433
0.000302094036623
0.000323448770472
0.000309957494331
0.000299263755506
0.000319296783129
0.000304251049568
0.00029332871675
0.000313988889892
0.000299726078624
0.000288116698459
0.00030703751286
0.000366197967776
0.000355532006349
0.000371281808034
0.000357424924291
0.000345499699487
0.000360163022316
0.000344827242381
0.000332266813709
0.00034968602637
0.00033370092934
0.000319559928991
0.000336947055929
0.000319418139481
0.000304540978499
0.000292401148482
0.000380709741785
0.000364936954341
0.000350436448997
0.00036221830932
0.000345666731682
0.000331187111201
0.000346248904579
0.000327577172585
0.000310738692985
0.000296427056078
0.000383018134706
0.000365487025302
0.000349819108647
0.000360854521317
0.000341442516522
0.000324089774259
0.000309093845955
0.000320847917851
0.000376487767025
0.000358877333639
0.000368786978104
0.00034855892149
0.000329548457255
0.000312820808027
0.000324546848029
0.000377111431534
0.000357612895046
0.000340074716324
0.000347859555713
0.000327484241598
0.000308249614265
0.000392837544281
0.000370120479642
0.000349002804716
0.000329551180976
0.000341699080132
0.000392060529483
0.000369535022538
0.000348429778644
0.000358141521274
0.000335276846051
0.000388187965928
0.000366077616342
0.000373466839503
0.000349092622975
0.000326295286787
0.000380092817459
0.000358464533593
0.000362088638232
0.000337508908362
0.000390241609641
0.000367414572892
0.000372410058536
0.000347316725415
0.000398713972417
0.000373803756047
0.000350372527809
0.000353653722228
0.00040402720717
0.000378338104515
0.000353270882696
0.000358807710598
0.000406169642896
0.000379660345787
0.000354129246441
0.000329462751585
0.000406830813804
0.000378443073332
0.000351414633806
0.000402787815265
0.000376273299982
0.00037714690759
0.000348766801953
0.000395745945856
0.000367749199094
0.000341253262826
0.000418626368333
0.000388566977328
0.000359123334419
0.000407107851749
0.000378044509051
0.000351042790724
0.000425909025426
0.000394777597201
0.000364316749227
0.000335288524935
0.000382149790782
0.000382450226026
0.000426996220921
0.000394848577727
0.000363487462326
0.000410128315706
0.000379024770816
0.000379006757833
0.000421662768963
0.000388673496585
0.000356673105678
0.000400832493179
0.000368934945889
0.000339273007629
0.000410406692524
0.000376952472521
0.000419186506517
0.0003852027615
0.000353580617461
0.000397995331044
0.000364877323115
0.000434467428534
0.000399463218103
0.000365618931038
0.000407163134956
0.000372906283617
0.000416670150404
0.000381517432337
0.000376580193648
0.000414194018608
0.000379151866341
0.000420152326902
0.000383789311417
0.000425375874133
0.000388573748146
0.000353268107921
0.000421992360465
0.00038586765269
0.000423802669044
0.000386038219109
0.000424855739376
0.000387529330308
0.000428469933863
0.000390103488511
0.000353080241738
0.000419841310697
0.000382298942709
0.000417522422184
0.000380478333553
0.000416808286106
0.000377766370214
0.000414809524038
0.000375211679248
0.000413080248537
0.000374290890405
0.00041258354712
0.000400584442929
0.000434570582146
0.00039430288533
0.000429000909601
0.000389396881764
0.000424177029069
0.000383382506636
0.000417668929991
0.000376179339741
0.000411919384369
0.000370791181968
0.000405569653234
0.000364100147222
0.000425705309284
0.000459203294104
0.00041644770539
0.000449626127169
0.000406812180295
0.00043878224453
0.000395557122516
0.000427531607616
0.00038460722441
0.000417025899414
0.000450359464647
0.000404699178714
0.000437024765746
0.000392085040932
0.000424524446729
0.000380234496076
0.000411253852748
0.000443510131438
0.000396367397571
0.000428304791116
0.000382474782836
0.000440447129913
0.000470447819
0.000423380258593
0.00045237045808
0.000406755871899
0.000435426416934
0.000464751555526
0.000417490148722
0.000444947218506
0.000398767888041
0.000425730351088
0.000454847570793
0.000407044917419
0.000434109163491
0.000461579079554
0.000412793593886
0.000439788276182
0.000468531413985
0.00041845762704
0.000445070915826
0.000471903555976
0.000421349718703
0.000447702019134
0.000399416877339
0.00042454744215
0.00044958037625
0.000399992120993
0.000423813688728
0.000449603001834
0.00047556918718
0.000423914917991
0.000448121466567
0.000472449355984
0.000420929117428
0.000444640681067
0.000469528629114
0.000418276065374
0.000440177818808
0.000463387450243
0.000487048414986
0.000434902193336
0.000457883323664
0.0004803283673
0.000428259120751
0.000420653593375
0.00044348658858
0.00046703805178
0.000410227375253
0.000431751311536
0.000453276938466
0.000474706702316
0.000417859900308
0.000439296286877
0.000460270393067
0.000481528098356
0.000424101636301
0.000443398236844
0.000464095542221
0.000485227225304
0.000428574064394
0.000447575139797
0.000466629034264
0.000485667276938
0.000431090498282
0.0004212262315
0.00043918013069
0.000457403866738
0.000475573371026
0.000415712529892
0.000432931520727
0.000451095870352
0.00046900293521
0.000485963472259
0.00042680861208
0.000443559240421
0.000460924466993
0.00047786472162
0.000469428960095
0.00048530918468
0.000421810427502
0.000436539616683
0.000452483019247
0.000468507312196
0.000484116333436
0.00049879337086
0.000437249178269
0.000452257647447
0.000467739436424
0.000456148598159
0.000469281868754
0.000482645651627
0.000496155914137
0.000432045531324
0.000445869274096
0.000459046891737
0.000472375852872
0.000485432446297
0.000498740643381
0.000485212818532
0.000497178888065
0.000431219684112
0.000442733233204
0.000454067704339
0.000465753622717
0.000478047791774
0.000490088961385
0.000474812407999
0.000484773694121
0.000494592751075
0.000504812499719
0.000438982092889
0.000450041494969
0.000460308602882
0.000442621339264
0.000450673974577
0.000459262033303
0.000468553122057
0.000478150683972
0.000487518736638
0.000496552622594
0.000479229412497
0.000485731495043
0.000493520487875
0.000501583081757
0.000509409135837
0.000516965655474
0.000524726023728
0.000506309691822
0.000512635680352
0.000519210537659
0.000448715646094
0.000455508111811
0.000462700455888
0.000440269195672
0.000445728257913
0.000451550108193
0.000457292855547
0.000462452352779
0.000468769830594
0.000444907478855
0.000449420628481
0.000454304750231
0.000459174735165
0.00046421030902
0.000440514969607
0.000521742368091
0.000524733868105
0.000527977137705
0.000531169399645
0.000509945512676
0.000510508890646
0.000512162229498
0.000514656973993
0.000517450392937
0.00052031673388
0.000494634823924
0.000495571979255
0.000497163524724
0.000499665262505
0.000475966126712
0.00047495478413
0.000474559797438
0.000475366067424
0.000477560488403
0.000451494588193
0.000528516249798
0.00052670033679
0.000525617040909
0.000525825399876
0.000498919883012
0.000497112486921
0.000495862369145
0.00049574563613
0.00046789152118
0.00046494561179
0.000540840236881
0.000538837123225
0.0005373906807
0.000507424712274
0.000503169435419
0.000500594935018
0.000500274251078
0.00046991727777
0.000543730195266
0.000538742216156
0.000535107844872
0.000504991906753
0.000499859244471
0.000496594451768
0.000493719372729
0.00053975857598
0.000532257482432
0.000526682640427
0.00052291534806
0.000491363051481
0.000484691694734
0.000556003046705
0.000550156425852
0.00051716434912
0.000510576125385
0.000504885763814
0.000472666033348
0.000541544386756
0.000532677448896
0.000526679762903
0.000493540166492
0.000484919392693
0.000553936741308
0.000545864666211
0.000510831654592
0.000501807182689
0.000495090789854
0.000538122586805
0.000526586260818
0.000516446797476
0.000508979736336
0.000550000088338
0.000539177059499
0.000529555536296
0.000493023785751
0.000559684888788
0.000547969040401
0.000513064710498
0.000500294966617
0.000567227493695
0.000555498058282
0.000516648021357
0.000504754463385
0.000571179749228
0.000533482321443
0.000519211315727
0.000507896533691
0.000547028622665
0.000531422252078
0.000519566276878
0.000560725181398
0.00054357043273
0.000529385358284
0.00049073887497
0.000552673016007
0.000538350109237
0.000499993546483
0.000561818700087
0.0005449446974
0.000531488927088
0.000567378329684
0.000550732383453
0.000537047923609
0.000572113842014
0.00055379923134
0.000513653754657
0.000573984789443
0.000556241566317
0.000515594362922
0.00057479598153
0.000556314838999
0.000513745131065
0.000573047603313
0.000555500568389
0.000512084725782
0.000570635829042
0.000551705967166
0.000506844420491
0.000565564574265
0.000547981432745
0.000581101750776
0.000559243408182
0.000515518800475
0.000571732922959
0.00055197104501
0.000507004849987
0.000563231539451
0.000542997022144
0.000574176602117
0.000551270780428
0.000506614286162
0.000561666145137
0.000539976299514
0.000571368064559
0.000546362883676
0.000603579497067
0.00055477811962
0.000532874203007
0.000563895345097
0.00053771501643
0.000592887636151
0.000543372005181
0.000598353192589
0.000550295180338
0.000524574327778
0.00057740577597
0.00052742921924
0.000579918913717
0.000531858788655
0.000583213430863
0.00055836988401
0.000585443161736
0.00055784345047
0.000587667945972
0.000558689069685
0.000611938433383
0.000558474712425
0.000609849495799
0.000557957282796
0.000530325020123
0.000557990401986
0.000528299276709
0.000578421055983
0.000525121603245
0.000573689765095
0.0006014044499
0.000569923967364
0.000621015560003
0.000565090533736
0.00061394105639
0.0005589599869
0.0006081034629
0.000553643447217
0.000601167586338
0.000547114291306
0.000592321840931
0.000563382827247
0.000584724575244
0.000554667116053
0.000575831915489
0.000622284250163
0.000565052926566
0.000610960245447
0.000555584632996
0.00060007073045
0.000569571038689
0.000587625143122
0.000555979174787
0.000574365770863
0.000620452407254
0.000562077872918
0.000605850003315
0.000547137565516
0.000590303477859
0.000611313055017
0.000575115231268
0.0005961190454
0.000559289734321
0.000578224687967
0.000619578899219
0.000561010267041
0.000602187648492
0.000568277958053
0.00058285742933
0.000625378503189
0.000563056101595
0.000605659647639
0.000622326223823
0.000585451519734
0.000600588057996
0.000564154797222
0.000578061537467
0.000618714653178
0.000556138887551
0.000596405792792
0.000611044933461
0.000572641560876
0.000585360879723
0.000625410293766
0.000561519163207
0.00060063766875
0.000613892892734
0.000574699629182
0.00058588886472
0.000625051903142
0.000559860224484
0.000598149498959
0.00060921969036
0.000647095359132
0.000579889777243
0.000594171402232
0.000629124488825
0.000563739009231
0.000597536569315
0.000610523294628
0.000645103068789
0.000578433715685
0.000613154866897
0.000624916718981
0.000579857360633
0.000589103249639
0.000623899143714
0.000634619403186
0.000591230026293
0.000598725126796
0.000633090316243
0.000641153320541
0.000572764181553
0.000604769269094
0.000614701965346
0.000646150009113
0.000575432422414
0.000607460338749
0.00061496928539
0.000647987490786
0.000576436520162
0.000583821134482
0.000612688151401
0.000620690852031
0.000650897771425
0.000579167161
0.000609919898374
0.000614600293323
0.000645185030579
0.000649898750366
0.000577784624506
0.000606578056495
0.000611735617796
0.000640191869308
0.000644895526336
0.000597039315335
0.000598930685636
0.000604075370831
0.000631042518916
0.00063457764445
0.000661853099809
0.00058602103275
0.000590394158116
0.000616241617275
0.000619139488093
0.000644958788507
0.00064663848889
0.000651432102903
0.000596455021468
0.000598416455603
0.000623586566214
0.000624195732143
0.000627015724646
0.000649820688571
0.000652152754804
0.00067616427429
0.000596902397595
0.000597679597782
0.000619575919462
0.000619659596524
0.000644283477652
0.000642954579913
0.000643417981643
0.000664044629576
0.000663088220077
0.00068595734984
0.000604921151948
0.000603962975756
0.000625289181317
0.000621489155636
0.00062014510795
0.000640141813096
0.000637718449466
0.000659726175296
0.00065481993972
0.000651727392931
0.000671187397107
0.000667229620291
0.000665654867248
0.000683536717046
0.000678791301528
0.000675713818827
0.000613204951117
0.000608527080491
0.000629023862379
0.000621430265678
0.000615183564356
0.000634082646557
0.00062641428566
0.00062078211104
0.00063879430138
0.000631237104964
0.000624334122572
0.000640557020571
0.000632228740207
0.000626347846813
0.000642505105104
0.000633385608341
0.000625411528194
0.000640806275156
0.000631425783213
0.000623747015417
0.000639332699608
0.000628875318757
0.000619508160182
0.000634235705239
0.000623477332665
0.000614273804888
0.000707439082698
0.000696117707838
0.000685698041673
0.000698274353639
0.000686629048808
0.000676228497281
0.000667202237375
0.000676168494402
0.000663815007319
0.000653434459859
0.000663596424371
0.000651144461816
0.000639991876697
0.000650124772219
0.000635683356826
0.000623235266803
0.000712955276464
0.000699294402971
0.000685576411314
0.000672332753023
0.000679651868622
0.000664714582655
0.000651670868126
0.000660789254739
0.000645238310863
0.000629593220871
0.00069491370616
0.000700476442268
0.000684643734999
0.000670094456396
0.000676818241819
0.000659420975114
0.000642333651324
0.000626532619059
0.000711769139726
0.000694165171164
0.000677344459083
0.000660391429898
0.000663985085647
0.000645691226065
0.00070903866542
0.000712796024172
0.000693351225502
0.000673720343073
0.000655558089743
0.000659792923383
0.000719357816908
0.000699655813242
0.000680644619807
0.000682122997138
0.000661370425366
0.000641153404044
0.00070187970134
0.000702511729642
0.000680740705046
0.000659414140782
0.000718898676343
0.000719045595317
0.000696570904762
0.000674833981635
0.00065266253012
0.000732162662392
0.00070816160181
0.00068564657741
0.000663781031417
0.0007223212696
0.000718299090353
0.000693359680539
0.000669906805215
0.000647503325362
0.000724560743088
0.000699519555361
0.000674004179583
0.000649652238043
0.000726936954545
0.000700778150513
0.000675573865042
0.000730327583335
0.000703904433607
0.000699404833172
0.000672917347021
0.000725680794781
0.000699473759082
0.000673349965792
0.000746650447735
0.000718255604267
0.000690806865628
0.000663627002792
0.000717088768967
0.000709597791657
0.000679952905202
0.000730736477058
0.000702254033098
0.000674007384257
0.000746500115205
0.000716098735615
0.000685389983868
0.000735910012091
0.000706354576896
0.00069907567571
0.000746950361194
0.000715413845444
0.000684231247779
0.00073378241634
0.000702614182739
0.000693222368891
0.000740374776229
0.000707771027723
0.000675042855488
0.000723076263769
0.000691460840152
0.000759870695504
0.000726213532128
0.000692077537208
0.000738579755104
0.000705012056962
0.000672542787569
0.000738788356646
0.000704219497891
0.000749182967664
0.000713820081715
0.000679537401923
0.000725664450637
0.00071142385803
0.000754850051509
0.000718173224877
0.000682249405706
0.000725924418186
0.00069043482259
0.000734835374314
0.000718271625815
0.000760108925395
0.000722050605604
0.0006851901639
0.000727745417573
0.00069063781788
0.000733261923779
0.000714851099322
0.000755040017504
0.000716233408949
0.000757854952821
0.000718651786716
0.000760039613914
0.00071970625155
0.000761464624916
0.000741026791461
0.000701557255744
0.000739617302489
0.000698909444286
0.000737224441593
0.000696264218997
0.000735647517651
0.000695014290821
0.00075435142311
0.000712185199712
0.000748472908037
0.000706194692203
0.000743463589543
0.000701412964891
0.000738429775228
0.000695248352234
0.000731655356232
0.000789304541493
0.000745251412752
0.000781320811709
0.000736523136115
0.000771587151264
0.000726103550035
0.000761429723786
0.000716575353968
0.00075203972068
0.000706529790277
0.000740788186168
0.000795280506339
0.000748586583103
0.000782329358904
0.000735690796111
0.000768446765549
0.000720849223704
0.000752950771489
0.00078638335326
0.000738922366661
0.000772008032285
0.000723316013958
0.000755015901854
0.000706201127119
0.000758374915265
0.000789451096529
0.000740317796004
0.000770039880006
0.000720245389416
0.000749334187442
0.000780160754303
0.000730160142225
0.000759666803537
0.00078923440374
0.000737121797077
0.000766063894625
0.000714976121885
0.00074438753977
0.000773380795988
0.000720687158251
0.000748195602762
0.000776488513105
0.000744257954591
0.000771004251595
0.000798344165946
0.000744618713819
0.000770029719373
0.000796268840549
0.000742551038446
0.000768943446696
0.000794684067153
0.000739450163717
0.000763830270774
0.000788980654143
0.000734575083549
0.00075916379682
0.00078357190644
0.000807783960722
0.000750856619842
0.000774647867105
0.00079904264003
0.000741930257297
0.000765337658169
0.000787966975779
0.000729867071432
0.00075210462078
0.000775432579171
0.000798161295036
0.000738962572025
0.000759852831042
0.000781595328329
0.00080336493472
0.000743699831808
0.000765130128888
0.000785541062412
0.00080571340008
0.000744938579368
0.000764851482776
0.00078506916674
0.000805566857834
0.000743477459288
0.000761682460266
0.00078076827964
0.000799796431067
0.000818985140951
0.000756381192937
0.00077374778931
0.000790936029844
0.00080898255242
0.000745734374108
0.000762868560719
0.000780153471446
0.000796325862904
0.000812884812953
0.000748321444779
0.0007642522559
0.000780745080397
0.000796166336518
0.000811583260123
0.000826342037098
0.000760507669309
0.000775816173764
0.000790439678845
0.000805046564072
0.000818569617197
0.0008320443242
0.000766082881288
0.000779571490995
0.000793411906242
0.000806080078701
0.000818800424138
0.000811516336845
0.000824292665008
0.000755079722139
0.0007673279388
0.000778355228206
0.000789460437736
0.000800029602301
0.000811513911439
0.000822602754666
0.000833848078103
0.000843872761544
0.000773010467634
0.000782346757253
0.000792623833754
0.000802429120369
0.00081234607568
0.000821040963511
0.000810774782415
0.000818603292523
0.000827329730258
0.000835548905818
0.000843805624762
0.000769486125761
0.000776601084007
0.000783918604377
0.000791021405956
0.000798667020745
0.00080521660042
0.000811690852408
0.000817942286683
0.000823918236257
0.000810536523566
0.000815830489847
0.000821113101963
0.000825778126092
0.000829728003667
0.000834530414909
0.000839106123176
0.000844066274207
0.00084842689569
0.000851707028954
0.000836773907175
0.0008397592354
0.000842505911223
0.000845601996772
0.000848094716164
0.000849551607142
0.000851559969297
0.000853974340653
0.000856121507961
0.000858547511541
0.000841132595873
0.000840744356565
0.00084098787876
0.000841675709453
0.000842075741289
0.00084274627966
0.000842848903914
0.000842093547018
0.00084211134228
0.000822171887456
0.00082141020831
0.000819810040876
0.000818239011273
0.000816442086455
0.000814965981678
0.000813470991892
0.000792839432389
0.000790177479105
0.00086837967178
0.000864041588541
0.000860619507572
0.00085774689532
0.000855053093282
0.000852041679231
0.000827885830986
0.000822680341294
0.00081796344291
0.000813848876724
0.000809361358456
0.000885588094108
0.000880292867883
0.000855206768727
0.000848713087436
0.00084282145064
0.000836536125772
0.000830525662184
0.000824293656546
0.000797855163006
0.000871698574521
0.000864146493603
0.000856725586158
0.000848492783369
0.000840670588778
0.000813400452646
0.000804519925915
0.000877315218
0.00086835086587
0.000859157961022
0.000849939255091
0.000820731554265
0.000810555565959
0.000882111471695
0.00087178166154
0.000861280735317
0.000850885441704
0.000820364555185
0.000890696437843
0.000879104804878
0.000867637647621
0.000856086046807
0.000825011809599
0.000811955637635
0.000880552622031
0.000868059739017
0.000855183835007
0.000823572191738
0.000890668167232
0.00087585585301
0.000862070727101
0.000848994940082
0.000816792227819
0.000882511606866
0.000866342144199
0.00085116901892
0.000837152479358
0.000885526230422
0.0008684520994
0.00085152771693
0.000835265607864
0.000900320418069
0.000866386499542
0.000849005798103
0.000831927724943
0.000895340337077
0.000877970828454
0.000841266644593
0.000904950507567
0.000886487519086
0.000868355242394
0.000831208190195
0.000892603336302
0.000872810240261
0.000854298161819
0.00366112448586
