metodo_2_dt_1:24
2.15492411701e-06
0.00755406100556
0.00755575377061
0.00755576368497
0.00755796184669
0.00755986768138
0.00756235523166
0.00756294267096
0.00756479088536
0.00756512480512
0.00756716647805
0.00756955784578
0.0075715278708
0.00757450572943
0.00757572812249
0.00757789753905
0.00757860957484
0.00758028770557
0.00758099242975
0.00758218155875
0.0075842105206
0.00758604077951
0.00758735292269
0.00758805319164
0.00758893910734
0.00759117250875
0.00759397226667
0.00759612319274
0.00759805719129
0.00759934400344
0.00759958882839
0.00760212780796
0.00760320828523
0.00760467416649
0.00760716281479
0.00760959876606
0.00761000326507
0.00761032947911
0.00761171520762
0.00761255526752
0.00761397852861
0.00761658217712
0.00761910724037
0.00762082719925
0.00762106597504
0.00762229196751
0.00762474410448
0.00762557727915
0.00762809482467
0.00763044072437
0.00763166886828
0.00763209192572
0.00763427053457
0.00763437612531
0.00763498784689
0.00763802954588
0.00763921601024
0.00764124726479
0.00764148296056
0.00764348558061
0.00764433841415
0.00764573271789
0.00764819629126
0.00765076741826
0.00765292249715
0.00765300872394
0.00765447373942
0.00765527223671
0.00765663705219
0.00765765704957
0.00766065983347
0.00766137831026
0.00766183909185
0.00766286952771
0.00766422361254
0.00766504409153
0.00766731901239
0.00766933424752
0.00767134476878
0.00767229138803
0.00767413053226
0.00767494540792
0.00767630896566
0.00767765446305
0.00768029659548
0.00768100991588
0.00768214348175
0.00768333452571
0.00768344511317
0.00768470329059
0.00768634804951
0.00768850964469
0.00769024460272
0.00769101948157
0.00769313096562
0.00769361700681
0.00769501089844
0.00769691768996
0.00769912762684
0.00770114903617
0.00770207089031
0.0077028459718
0.0077032073611
0.00770419723653
0.00770523387361
0.00770659059785
0.00770785567435
0.00770949076502
0.00771083826926
0.00771149651074
0.0077127738544
0.00771389896291
0.00771618243216
0.00771814944964
0.0077197983754
0.00772070358429
0.00772174195496
0.00772263387452
0.00772339586276
0.00772503745667
0.00772641736103
0.00772774273511
0.00772823761372
0.00772909545912
0.00772992693132
0.00773086994498
0.00773273180203
0.00773449585475
0.00773649441669
0.00773735516359
0.00773863182236
0.00773966442485
0.00774064215978
0.0077421584883
0.00774405864338
0.00774531172076
0.00774606433529
0.00774687520985
0.00774727726898
0.00774727626559
0.0077486653608
0.00774990354517
0.00775229243232
0.00775314197492
0.00775377694306
0.00775488906056
0.00775660516663
0.007758393172
0.00775985931878
0.00776166214302
0.007762192145
0.00776308863533
0.00776326375878
0.00776349795072
0.00776459053765
0.00776578904424
0.00776725075047
0.00776830092662
0.00776902247736
0.00776971345278
0.00777124274639
0.00777260578799
0.00777411119294
0.00777605828073
0.00777752069344
0.00777773015954
0.00777858972406
0.00777953658491
0.00778025009665
0.00778156968149
0.00778315135785
0.00778376085691
0.00778445706568
0.0077848904589
0.00778592699239
0.00778613457001
0.00778752946755
0.00778914488514
0.00779052181773
0.00779170438078
0.00779251048033
0.007793884203
0.00779370300255
0.00779544540697
0.0077963334956
0.00779770099532
0.00779871491051
0.00779829247076
0.00779900302732
0.00779912709485
0.00780037085866
0.00780158572352
0.00780366144917
0.00780330462352
0.00780448605786
0.00780662692616
0.00780612534008
0.00780829767173
0.00780920692467
0.00781004164119
0.00781170061715
0.00781187185614
0.00781260432579
0.00781245487076
0.00781375815716
0.00781375568181
0.00781585787096
0.00781672756001
0.00781726522629
0.00781720581404
0.00781746201106
0.00781887298927
0.00781997764967
0.00782210841577
0.00782277542724
0.00782375091869
0.00782495223215
0.00782498827283
0.00782581059988
0.00782618507664
0.0078272717827
0.0078280130579
0.0078290098128
0.00782896120372
0.00782910079275
0.00782859103476
0.00783107142268
0.00783226808315
0.00783286942044
0.00783390640178
0.0078342396877
0.00783499717174
0.00783550164035
0.00783649911056
0.00783821788734
0.00783916505829
0.00783889906073
0.00783950343137
0.0078397268979
0.00783983346638
0.00783909108473
0.00784059447748
0.00784102022362
0.00784319940552
0.00784424209368
0.00784285232132
0.00784452538202
0.00784575134559
0.00784684055065
0.00785020121032
0.00784750409124
0.00785179782219
0.00785238841631
0.00785015029887
0.00784805424114
0.00785249819301
0.0078544922982
0.00785264142121
0.00784971883923
0.00785296882427
0.00785329321092
0.00785213497598
0.00785899383847
0.00785187332972
0.00785390217556
0.0078610160951
0.00785602172353
0.00785753712454
0.00785545122637
0.00785302809555
0.00785625877207
0.00785865715203
0.007856275022
0.00785952371697
0.00786134809166
0.00785952810316
0.00785744075327
0.00786116690388
0.00786205092005
0.00786005553719
0.00786336607519
0.00786511680559
0.00786278198749
0.00786766815042
0.00786058898507
0.00786987242761
0.00786433435976
0.00786786151323
0.00786572896091
0.00786134869808
0.00786414642596
0.00786501363797
0.00787243272807
0.00786516633699
0.00786479715081
0.00787064544898
0.0078642158771
0.0078647386166
0.00787297451306
0.00786569345439
0.00786742907891
0.00787340676817
0.00787570026265
0.00787507203927
0.00786919600133
0.00787328556456
0.00787150675635
0.00786691881428
0.00786874297288
0.00786710693325
0.00787211938124
0.00787417945464
0.00787180349735
0.00787545866873
0.00787858963671
0.00787567316623
0.00787645096616
0.00787604419671
0.00787242128704
0.00787369154367
0.00787115747296
0.00787532077618
0.00787568416156
0.00787262695625
0.00787549335978
0.00787272401573
0.00787980959734
0.00787104902938
0.00787864887077
0.00787266886743
0.00787293647009
0.00787609692079
0.00787851096117
0.00787555728189
0.00787845590603
0.00788072371875
0.00787352874646
0.0078751453687
0.00787232185106
0.00787578954829
0.00787367517183
0.00787763090707
0.00787834559717
0.00787498307111
0.00787788808477
0.00787620210714
0.00788071056321
0.00787922897373
0.00787416122076
0.00787791817623
0.00787455938434
0.00787720007561
0.00787489487383
0.00787566718273
0.00787574148777
0.00787905001827
0.0078815441303
0.00787696498961
0.00787844905777
0.00787503846663
0.00787757841875
0.00787346461448
0.00787853343225
0.00787970007331
0.00787365929607
0.00787339615965
0.00787751959545
0.00787766731405
0.00787365156031
0.00787575028005
0.00787363696682
0.00787373802753
0.0078730212826
0.00787366800737
0.0078702977562
0.00787219879805
0.00787089232892
0.00787483080675
0.00787467575478
0.00788000697739
0.00787710283199
0.00787304672185
0.0078706984322
0.00787762076066
0.00787671929072
0.00787157322634
0.0078715313639
0.00787585385316
0.00787233258305
0.00786732922073
0.00786843998555
0.00787109635343
0.00786971040556
0.00787668178909
0.00787547737634
0.00786953842961
0.00786816085493
0.00787270338808
0.00787241321475
0.00786456249196
0.00787413035743
0.00786934681789
0.00786538018988
0.00786568793322
0.00786567527659
0.00786670216224
0.00786358712978
0.00786500489037
0.00786174058321
0.00786260958915
0.00786780256286
0.0078656666861
0.00786215588177
0.00786383294406
0.00786624785188
0.00786395092004
0.00786889764335
0.00786496542512
0.0078567623893
0.00786215421854
0.00786313547975
0.0078588506048
0.00785926976116
0.0078632150953
0.00786192802253
0.00785259327778
0.00786066052627
0.00785507498993
0.00785912818929
0.00786237505218
0.00785593434135
0.00785341186753
0.00785530579782
0.00785593886499
0.00785737150221
0.00785327986324
0.00785378190632
0.00785731174094
0.00785538751976
0.00784832453948
0.00785105123577
0.00784359628383
0.0078492321318
0.00784648731848
0.00785066380409
0.00784944735348
0.00784813405165
0.00784586037357
0.00784383084277
0.00784544241477
0.00784617400882
0.00784577605179
0.00783970485822
0.00783692560231
0.00784238376896
0.00783855309691
0.0078384031077
0.00784260097961
0.00784056453201
0.00783294648652
0.00783763733049
0.00783755904566
0.00783204686045
0.00783937573005
0.00782845383029
0.0078335898913
0.00783285263524
0.00783480380654
0.00782763507454
0.00782786514341
0.00783166280389
0.00783015959636
0.00782739885865
0.00782285382824
0.00782579694091
0.00781891631585
0.00782436345599
0.0078202537851
0.00782403225273
0.0078175824021
0.00781833714172
0.00781716217071
0.00781506879052
0.00782062493042
0.00781586935105
0.00781908041726
0.00782054445166
0.00781131114135
0.00781753650349
0.00781410407052
0.00780878414176
0.00781170479285
0.00781310888318
0.00780442464318
0.0078073184414
0.00780773594703
0.00779828158769
0.00780482975772
0.00780142649971
0.0078051856729
0.00780315938253
0.00779887856277
0.00780092583454
0.00779260175596
0.00780011144564
0.00779746633478
0.00779292934708
0.00779172735898
0.00778815771117
0.00779113008651
0.00778808658089
0.00778299212721
0.00778567282062
0.00779074453902
0.00779024554524
0.00778704063102
0.00778139468051
0.00777810043413
0.00777705798548
0.00777886960512
0.00777388932188
0.00778096911512
0.00777207432743
0.00777391258534
0.00776901415715
0.00777118985718
0.00777147917843
0.00776506234277
0.00777072808568
0.00776519828668
0.00776566517857
0.0077637686254
0.00775937229409
0.00776211629784
0.00776190615646
0.00776064303377
0.00775605325302
0.00775801225101
0.00775250816383
0.00775797718968
0.00775686684301
0.00774889776645
0.00775261208351
0.0077492009925
0.00774768228239
0.00774728272368
0.007745274346
0.00774029565986
0.00773708578154
0.0077413653921
0.00774217347724
0.00774083852415
0.00774017617949
0.00774150953697
0.00773071656019
0.00772657274187
0.00772476613762
0.00772951914685
0.00773098085535
0.00772440039026
0.00771988812025
0.0077218170498
0.00772049137355
0.00771766382684
0.00772507856918
0.0077203137355
0.00771229933629
0.00771465456861
0.00770937267318
0.00770564112792
0.00770864746021
0.0077081064802
0.0077089016577
0.00770647496731
0.00770573098393
0.00770074645093
0.00769402729493
0.00769736539854
0.00769392294243
0.00769178038376
0.00769504752684
0.00769453127519
0.00769132235596
0.00768434611662
0.00768358810552
0.00768446022785
0.0076862841141
0.00767965373125
0.00768259699211
0.0076775037938
0.00767909408307
0.0076677312303
0.00767195896705
0.00766868474555
0.00766566411883
0.00766357644403
0.00766192970669
0.00766690752625
0.0076585945395
0.00766576431234
0.00766513830978
0.00765923341663
0.00765071047693
0.00765620086748
0.00764885287922
0.00765011603881
0.00765002181516
0.0076504932703
0.00764287981726
0.00764393652057
0.00763692912218
0.00763922769061
0.00763877673684
0.00763444304514
0.00763601551956
0.0076295311478
0.00763124187283
0.00763022918425
0.00762419993906
0.00762351268643
0.0076185521576
0.00761932731912
0.00762596314707
0.0076183053532
0.00761081005991
0.00760928639827
0.0076076433724
0.00760724434884
0.00760710961998
0.00760742427632
0.00760445257958
0.00759596686003
0.00760139884939
0.00759823029907
0.00759586267049
0.00759092615714
0.00758883024775
0.00759138227124
0.00758568551164
0.00757971149969
0.00758730218419
0.00758158118096
0.00758169572338
0.00757405412367
0.00757357249678
0.0075731483945
0.00756984445742
0.00756620234498
0.0075709685726
0.00756756079105
0.00756436558226
0.00756560401265
0.00755848372309
0.0075586144694
0.00755822057606
0.00754950570735
0.00754659934814
0.00755198591249
0.00754794317496
0.00754371575763
0.00754442000804
0.00753078625953
0.007530712427
0.00753067823183
0.00752852534953
0.00753304755267
0.00752313159355
0.00752375803897
0.00752589226172
0.00751901792345
0.00751793333168
0.00751662071635
0.00751179201989
0.00750838583069
0.00750956698933
0.00750219244621
0.00750171252258
0.00749922812866
0.0075044957554
0.00750049757974
0.00749571053385
0.0074894095864
0.00748842827351
0.00748590096468
0.00748313426915
0.00748576994569
0.00747907535004
0.0074791358671
0.00746954676551
0.00747309713714
0.00746694531094
0.00746847356077
0.00746137241737
0.00745927476368
0.00746381580695
0.00745884997445
0.00745909340363
0.00745124527162
0.00745530280698
0.00744433008289
0.00744623469219
0.00744024546155
0.0074447858464
0.00743397998512
0.00743495233174
0.00743524908215
0.00742648294015
0.00743073362554
0.00742531119393
0.0074182106432
0.00742381931596
0.00741941634747
0.00741426796738
0.00740780996533
0.00740668200723
0.00740343186461
0.00739838878177
0.00739789636898
0.00739493177022
0.00739706598104
0.00739755944501
0.00739700760067
0.00739266301294
0.00739425726032
0.00739259647177
0.00739626381287
0.00739089345742
0.00739800992776
0.00739658906095
0.00739273425523
0.00739361549205
0.00739883635584
0.00740270781522
0.00741019653455
0.00740927792507
0.00741377032672
0.00740798263102
0.00741439135821
0.00741825722498
0.00742627279718
0.00743210964906
0.00743532118132
0.00744484196422
0.00744431193323
0.00745609392234
0.00746524725368
0.0074647160186
0.00747543372207
0.00748450668843
0.00749188134252
0.00749642885804
0.00751299573971
0.00751939342685
0.00753029471768
0.00753817077083
0.00755092964805
0.00756204872322
0.0075703424491
0.00758365390408
0.00759389495723
0.00760900201269
0.00762086720626
0.00763786467028
0.00765302303687
0.00767286639896
0.00769032000176
0.00769785945184
0.00771692011416
0.00773978642496
0.00775365078185
0.00777162572859
0.0077944093112
0.00780808334377
0.00783240020367
0.00784777520995
0.00787326768243
0.00789000713052
0.00791823800294
0.0079378065339
0.00796852946201
0.00798988447955
0.00801657360897
0.00804497938987
0.00807280397732
0.00809763523067
0.00812544635279
0.00815244488289
0.00818415941918
0.0082128026846
0.00825085916688
0.00828028655578
0.00830634806507
0.00833827999414
0.00837526624308
0.00841399319838
0.00845292442814
0.00848754515326
0.00851879678584
0.00856377173391
0.00859742804917
0.00863599019522
0.0086797613643
0.00871991747766
0.00876438300189
0.00880497791596
0.0088503816101
0.00889296089903
0.00894041086402
0.00898429013727
0.00903337714288
0.00908718205506
0.00913693737951
0.00918249063599
0.00923435071804
0.00929121981784
0.00934453965603
0.00939371732225
0.00944774797503
0.00950651223795
0.00956069029269
0.00962095349798
0.00968607955402
0.00973801815482
0.00980428858715
0.00986620921127
0.00993271828676
0.00999456492801
0.0100529723542
0.0101259936531
0.010185741238
0.0102600496395
0.0103302023382
0.010395187126
0.0104623791152
0.0105380478353
0.0106090827318
0.0106857673958
0.0107574810338
0.0108345988074
0.0109061217977
0.0109921280043
0.0110640985955
0.0111412256954
0.0112240044003
0.0113116344968
0.0113951497747
0.0114730380805
0.0115574954925
0.0116454906561
0.0117388242315
0.0118278008789
0.0119116512606
0.0120010987456
0.0120945141187
0.0121827060363
0.0122756759503
0.0123739097757
0.0124685146961
0.0125667278631
0.0126606027261
0.0127585275724
0.0128612401556
0.0129594046508
0.0130622377229
0.0131602816362
0.0132632135025
0.0133722591876
0.0134748049071
0.0135819877623
0.0136937501244
0.0138004579853
0.0139119219929
0.0140183684796
0.0141298036035
0.0142453049346
0.0143553785515
0.0144693151239
0.0145886406936
0.0147026616339
0.0148215075509
0.0149456900117
0.015063976297
0.0151869631222
0.0153034186578
0.0154251175882
0.0155515796367
0.0156724352738
0.0157985745853
0.0159284141601
0.0160623208496
0.0161896647412
0.0163127974583
0.0164493083838
0.0165806940533
0.0167067211555
0.0168481436321
0.0169828254599
0.0171110567313
0.0172541981201
0.0173914851605
0.017533637019
0.0176702017806
0.0178113451839
0.0179562748305
0.0180945591929
0.0182373818616
0.0183840003681
0.0185352821356
0.0186806935889
0.0188292609023
0.0189731269324
0.0191203626428
0.0192720067179
0.0194258721375
0.0195762778664
0.0197306583711
0.0198881083167
0.0200410735311
0.0202072218831
0.0203558200174
0.0205198318724
0.0206764730202
0.0208386722823
0.0210035424573
0.0211639882696
0.0213256334221
0.0214908535516
0.021652236874
0.0218254675277
0.0219925338836
0.0221547010002
0.0223322772266
0.022501299085
0.0226736565148
0.0228400657303
0.0230201838559
0.0231940060815
0.0233627538221
0.0235442962714
0.0237194931935
0.0238975457647
0.0240792206525
0.0242549754691
0.0244340759074
0.0246176990254
0.024804572853
0.0249825577752
0.0251756602403
0.0253534041215
0.0255414146165
0.0257356974668
0.0259247691758
0.0261140947336
0.0263002632836
0.0264952693061
0.0266873482897
0.0268794828308
0.0270779211939
0.0272676981639
0.0274606721696
0.0276602150011
0.0278587733172
0.028060921692
0.0282566676096
0.0284591059829
0.0286620756462
0.028868443406
0.0290687956025
0.029271236676
0.029477126829
0.0296857150815
0.0298975049426
0.030103274064
0.0303123550919
0.0305245881099
0.0307387221581
0.0309431967415
0.0311631083345
0.0313770108638
0.031594098046
0.0318017702263
0.0320256455193
0.0322423224042
0.0324584369776
0.0326807684949
0.0329025168504
0.0331216790436
0.0333496960346
0.03357139976
0.0337988963363
0.0340252729168
0.0342446199509
0.0344801769219
0.0347050840518
0.0349335631558
0.0351621760458
0.0353929012094
0.035628630087
0.0358607205014
0.03609501371
0.0363289344165
0.0365664880741
0.0368040516048
0.0370428460556
0.0372779198441
0.0375174455417
0.0377588607639
0.0380013499697
0.0382445909111
0.0384851142431
0.0387313118447
0.0389778366874
0.039220317404
0.039469072486
0.0397144990658
0.0399661090841
0.0402140243833
0.0404679812596
0.04071844198
0.0409737436735
0.0412261003504
0.0414783881355
0.0417375682644
0.0419935433059
0.0422501270634
0.0425073296728
0.0427648073207
0.0430292083489
0.0432889004472
0.0435499606031
0.0438133827995
0.0440777103646
0.0443426296644
0.0446088777158
0.0448754765047
0.0451429192421
0.0454083639783
0.0456790905054
0.0459515058272
0.0462232972624
0.0464971097682
0.0467659675023
0.0470413329917
0.0473174717769
0.0475908520403
0.0478701152272
0.0481446540863
0.0484255064669
0.0487029948711
0.0489855730848
0.0492645535271
0.0495500128284
0.0498330202391
0.0501152940167
0.0504046899922
0.0506893845516
0.050973963605
0.0512655175559
0.0515531620253
0.0518432504958
0.052132569157
0.0524238418627
0.0527146075193
0.053012426827
0.0533066375953
0.0536014667666
0.053898790064
0.0541963668093
0.0544958519271
0.0547893330413
0.0550898736782
0.0553916172902
0.0556938170925
0.0559981819097
0.0563035361634
0.056609679922
0.0569103804833
0.0572181985127
0.0575261622707
0.0578300184758
0.0581415254206
0.0584543282292
0.0587623932964
0.0590761119015
0.0593859940086
0.0597022142631
0.0600141649083
0.060333592647
0.0606478460731
0.0609689911485
0.061285206684
0.0616077258505
0.0619241873741
0.0622491446749
0.0625692650444
0.0628908583607
0.0632128097218
0.063541392253
0.0638657652915
0.0641905974761
0.0645224099725
0.0648508365672
0.0651800878157
0.0655094616558
0.0658404572114
0.0661718742612
0.0665042693674
0.066843392902
0.0671778841374
0.0675132088178
0.0678500252299
0.068187714447
0.0685257415782
0.0688648416799
0.0692047703664
0.0695467698208
0.0698898740593
0.0702340299469
0.0705791143294
0.0709191371296
0.071265389169
0.0716129914313
0.0719616425239
0.0723120575829
0.0726628751831
0.0730147507539
0.0733611759193
0.0737140765872
0.0740680845532
0.0744232323236
0.0747804034627
0.0751319499037
0.075490944613
0.0758507668599
0.0762111485328
0.0765662699499
0.0769287005173
0.0772931617029
0.0776517282912
0.0780178124328
0.0783843151985
0.0787451310943
0.0791128254959
0.0794815332906
0.0798458166339
0.0802171148704
0.0805894717884
0.0809564956995
0.0813304375817
0.0816982463726
0.0820740093425
0.0824521692215
0.0828234531574
0.0832036588568
0.0835774580813
0.083958180312
0.0843394551159
0.0847148255691
0.0850986811369
0.0854770354794
0.0858626897738
0.0862425194171
0.0866294662231
0.0870168359446
0.0873991044892
0.087789127772
0.0881738398819
0.0885667094612
0.0889529595719
0.0893472020824
0.0897416100751
0.0901299225894
0.090526399425
0.0909174139496
0.0913163140363
0.0917157267874
0.0921089944184
0.0925088683807
0.0929032477882
0.0933056792956
0.0937087947013
0.0941071775279
0.0945122456766
0.094912692693
0.0953191014913
0.0957266902779
0.096128607537
0.0965387643867
0.0969498635722
0.0973547296109
0.0977674944683
0.0981799676291
0.0985926023739
0.0989998565525
0.0994154565582
0.0998318441773
0.100248949162
0.100660293998
0.101079121693
0.10149813804
0.10191782654
0.102332993319
0.102755747017
0.10317855428
0.10360297607
0.104027899208
0.104452657062
0.104878397981
0.105304932725
0.105732540867
0.106161599872
0.106590637265
0.107020307135
0.107450425307
0.107880794815
0.108313525555
0.108746662917
0.1091807478
0.109616155835
0.110051639112
0.110488024195
0.110930841229
0.111369368656
0.111807314514
0.112246742472
0.112694275641
0.113134033315
0.113575072627
0.114023196541
0.114465482141
0.114908637902
0.115359952935
0.115805027622
0.11625770575
0.116703663291
0.117157475786
0.117605220141
0.118060329263
0.118517640489
0.118966957026
0.119425240881
0.119882938522
0.120341035657
0.120792638544
0.121252289516
0.121713392024
0.122175094842
0.122637363029
0.123099705744
0.123561916937
0.12402619738
0.124490702935
0.124956626255
0.125422387347
0.125890065437
0.126364280186
0.126831425211
0.127299465682
0.127775701701
0.12824560965
0.128715183564
0.129194116822
0.129664618649
0.13014301109
0.130622148773
0.131094781597
0.131579340214
0.132059762806
0.132532686459
0.133018083509
0.13350253312
0.133986024845
0.134469122317
0.13495167858
0.135439730262
0.135921055287
0.136413603473
0.136898572439
0.137389892721
0.137879784521
0.138369039763
0.138865094322
0.13935338866
0.139847779726
0.140339970373
0.140838408652
0.141336634329
0.141832729071
0.142329245622
0.142831733933
0.143332567014
0.14383215535
0.144336286917
0.144833720426
0.145336382753
0.145844538637
0.146345860085
0.146859831614
0.147358577581
0.147869595394
0.148378877019
0.148888555573
0.14939602727
0.149910620874
0.150423915663
0.150934208892
0.151450236049
0.151965755572
0.152479818662
0.152993090493
0.153511539815
0.154036650519
0.154552379655
0.155072171899
0.155599337836
0.156117214164
0.156642400761
0.157158660315
0.157688027745
0.158215825605
0.158741527066
0.1592725478
0.159801969011
0.160330612815
0.160857852872
0.161390174142
0.161914614185
0.162450854035
0.162984087549
0.163517722278
0.164048614305
0.164592057984
0.165128900862
0.16566991072
0.166200874007
0.166746773834
0.167289001858
0.167824499277
0.168364270915
0.168909242725
0.169454341372
0.169995096552
0.170548190676
0.171093744699
0.171636009806
0.172184616653
0.172732642342
0.173284461547
0.173834366749
0.174390705142
0.17494322056
0.175494692826
0.176052604588
0.176601803126
0.177162841378
0.177721945188
0.178278919521
0.178839996191
0.179399664648
0.179957399988
0.180514396967
0.18108314161
0.181641786199
0.182211992337
0.182766852352
0.183334182174
0.1839053822
0.184470295265
0.185038851872
0.18561126209
0.186175546854
0.18675223761
0.187318893556
0.187897513907
0.188466803308
0.18904231108
0.189615950321
0.190192265051
0.19076706182
0.191345416662
0.191930346668
0.192505849573
0.193087897768
0.19366535514
0.194248367491
0.194829975103
0.1954149642
0.195998232445
0.196585550855
0.197174051498
0.197763038764
0.198351959171
0.198936163686
0.199526416062
0.20011488592
0.200707064947
0.201297580621
0.201900045427
0.202485752286
0.203088958144
0.203676049468
0.204275311432
0.204872808986
0.205474101138
0.206073472312
0.206678311509
0.20727278895
0.20786986439
0.208478878311
0.209080504241
0.209685833681
0.210294257583
0.210894507616
0.21149794613
0.212112511171
0.212716847561
0.213327533063
0.213937007297
0.214549579782
0.215159362296
0.215772098379
0.21639078552
0.216999058635
0.217618443967
0.218236483584
0.218857260036
0.219470169173
0.220090631526
0.220703348069
0.221327823026
0.221949648963
0.222566595002
0.223189991893
0.22381584389
0.22444288701
0.225068572631
0.225687381628
0.226317067694
0.22695038606
0.227576421687
0.228209721297
0.228835171789
0.229471516401
0.230096871609
0.23073287788
0.231367466059
0.231999650499
0.232634375184
0.23327086522
0.233908838363
0.234549368106
0.235183091098
0.235824170434
0.236471690187
0.237108271496
0.237746313553
0.238395331252
0.239041728413
0.239685143612
0.240331461477
0.240975279501
0.24161692934
0.242268627601
0.242917852791
0.243569022638
0.244217386553
0.244868540029
0.245512793709
0.246173192621
0.246830140857
0.247484695071
0.248136350084
0.248789736776
0.24945434656
0.250103097345
0.250767707028
0.251424117131
0.252082507711
0.252742229508
0.253408077542
0.254071490761
0.254737143004
0.255400827662
0.25606548059
0.25672772894
0.257395785765
0.258065632969
0.25873721135
0.2594021785
0.260073810948
0.26074645888
0.261411846433
0.262087115354
0.262759612459
0.263429026279
0.264109564822
0.264787907064
0.265458131924
0.266134750357
0.266821314678
0.267496288863
0.268177150647
0.268851195814
0.269532063873
0.270222978356
0.270902039176
0.27159085289
0.272267871532
0.272954589208
0.273648166657
0.274330159203
0.275013119007
0.275706316247
0.276395996707
0.277083003194
0.277779645916
0.27846512805
0.279161363923
0.279854753696
0.28054511178
0.281245272973
0.281946759376
0.282635307014
0.283330754804
0.284036624797
0.284730485949
0.285434125751
0.286138258218
0.286835455659
0.287536709275
0.288240858784
0.288937021737
0.289643776404
0.290356346528
0.291060419367
0.291770769783
0.29247731511
0.293185370269
0.293894408368
0.294600961944
0.295313079816
0.29602572618
0.296738958013
0.297453605552
0.298163954263
0.298880462032
0.299594601551
0.300318065627
0.30102915621
0.301750027013
0.30246715508
0.303185283137
0.303909703572
0.304626381014
0.305348571353
0.306080673216
0.306799981515
0.307528453027
0.308253740673
0.308975827654
0.309702874853
0.310431650708
0.311151665418
0.311890279813
0.312615941859
0.313341893721
0.314074111288
0.314807719125
0.315546918176
0.316273866067
0.317013553893
0.317746197609
0.318478749133
0.319220999974
0.31996081562
0.320700248394
0.321436562129
0.322172377112
0.322914053604
0.323655255715
0.324402689709
0.325141716068
0.325886480868
0.326631691321
0.327373038394
0.328123935177
0.328870801724
0.329617961115
0.330362501858
0.331116222353
0.331866777424
0.332616590467
0.333366340912
0.334117794277
0.334872613781
0.335624523279
0.3363824128
0.337130905443
0.33788812838
0.338651620763
0.339404502054
0.340163756968
0.340920074348
0.341685888322
0.342442135976
0.343203900723
0.343965569148
0.34473208273
0.345498437895
0.346264585179
0.347027519744
0.347786882761
0.34855489715
0.349319598267
0.350092272737
0.350864757317
0.351633860812
0.352403152986
0.353168914501
0.353943514445
0.354714822951
0.355494093485
0.356260412397
0.357035595443
0.35782040458
0.358591820215
0.359368970983
0.360145522322
0.360929906033
0.361710672531
0.362490538521
0.363267678607
0.364053455255
0.3648261369
0.365617351827
0.366397469001
0.367183515894
0.367965697228
0.368757647558
0.369538854061
0.370326107737
0.371121969274
0.371906575718
0.372696755385
0.373482802038
0.374278447908
0.375072755965
0.37586363869
0.376653413663
0.377448669089
0.378242601895
0.379042143668
0.379841716899
0.380639974521
0.381434938013
0.382238224748
0.383037472055
0.383834986599
0.3846282627
0.385430838517
0.386241497212
0.38703909479
0.387842184771
0.388646517839
0.389453440258
0.39026132533
0.391066235592
0.391867216836
0.392679683075
0.393485541616
0.394302443143
0.395112228297
0.395922802183
0.396730116177
0.39754312028
0.398357569679
0.399174932425
0.399993466421
0.400807077109
0.401616461085
0.402434457679
0.403250991454
0.40407385487
0.404885159691
0.405714842036
0.406529965474
0.407350745402
0.408170211088
0.408998019687
0.409814860312
0.410646857022
0.411465629966
0.412291324009
0.413115009268
0.413944381876
0.414772291565
0.415598707043
0.416430627869
0.417261343926
0.418087103279
0.418920709922
0.419750205403
0.420580600532
0.421414902034
0.422249384391
0.423090204501
0.423926064928
0.424759792276
0.42559109629
0.426428673011
0.427264274304
0.428107552832
0.428947229684
0.429784024103
0.430626353851
0.431466091597
0.432314334329
0.433158564176
0.434000912097
0.434839723973
0.43568564449
0.436539062551
0.437377887941
0.438225114184
0.439077877448
0.439918802274
0.440777390008
0.441621486922
0.442472786976
0.443320956556
0.444175562497
0.445027682083
0.445876067308
0.446732261416
0.447585966476
0.44844509304
0.449301106241
0.450153782349
0.451013709618
0.451871709338
0.452737200275
0.453598441391
0.454454983835
0.455308117327
0.456179026613
0.457037225349
0.45790156342
0.458763335853
0.459630991285
0.460495618989
0.461356926751
0.462224492382
0.463089300423
0.463960433228
0.464828902214
0.46569519598
0.466568099416
0.467435975276
0.468309771015
0.469182107324
0.470050677803
0.470924594423
0.47179630562
0.472674436505
0.473549114091
0.474419683113
0.47529725031
0.476171178339
0.477052027142
0.477930878165
0.478814743214
0.479685353448
0.480572818264
0.481455937949
0.482336580331
0.483212597923
0.484097683752
0.484986234714
0.48586272388
0.486754326402
0.487633037209
0.48851771304
0.489409070044
0.490298337054
0.49118271231
0.492073709163
0.492961184767
0.493854486705
0.494744994003
0.495632200371
0.496525850679
0.497425650683
0.498312045589
0.499213108326
0.500101209877
0.500994912779
0.501896286652
0.502792955436
0.503687046598
0.504586580733
0.505482008847
0.506383427241
0.507282686576
0.508186500719
0.509088850087
0.509986541563
0.510890733877
0.511799425707
0.512695121333
0.513607056112
0.514504621629
0.515410180625
0.516320086526
0.517227387647
0.518139094697
0.519047736927
0.519951712505
0.520862399467
0.521770084964
0.522683457773
0.523593328685
0.524508542081
0.525419736077
0.526327799076
0.527250737784
0.528161119001
0.529077181831
