metodo_1_dt_1:24
2.05249846306e-09
5.97898524729e-06
5.97600687947e-06
5.97608025005e-06
5.97691554881e-06
5.9830370674e-06
5.98239515927e-06
5.98248508435e-06
5.98773738359e-06
5.98395216953e-06
5.99501683208e-06
5.99703825759e-06
5.99219054465e-06
6.00000647802e-06
6.00095448937e-06
5.99504021777e-06
6.00184083434e-06
6.00182617029e-06
6.0027607031e-06
6.00879602794e-06
6.00812206394e-06
6.00856331007e-06
6.01220574207e-06
6.01126387133e-06
6.02142110881e-06
6.01529566903e-06
6.02234503984e-06
6.02298671718e-06
6.02516650461e-06
6.03272514781e-06
6.03395674445e-06
6.03685441847e-06
6.03532172571e-06
6.03552151649e-06
6.04112074362e-06
6.04851012119e-06
6.04968021241e-06
6.05622509463e-06
6.05477992116e-06
6.0569610909e-06
6.06276983255e-06
6.06234868385e-06
6.06721532337e-06
6.06414613813e-06
6.07454437317e-06
6.07867745179e-06
6.07652622405e-06
6.0795313025e-06
6.08449102752e-06
6.08311962262e-06
6.08681111948e-06
6.09245847308e-06
6.09171696431e-06
6.09592770413e-06
6.10355970588e-06
6.10324507123e-06
6.10776852883e-06
6.11564234969e-06
6.11694137762e-06
6.12153751007e-06
6.11949892999e-06
6.13061215422e-06
6.12512155058e-06
6.13402869348e-06
6.13485776581e-06
6.1400727324e-06
6.1483433811e-06
6.14971309296e-06
6.15406736721e-06
6.15144478652e-06
6.15289919546e-06
6.15604337827e-06
6.16315110806e-06
6.16308092334e-06
6.16572605896e-06
6.17211106328e-06
6.1800392786e-06
6.18163183409e-06
6.18571957157e-06
6.18230242313e-06
6.19123297958e-06
6.19349043774e-06
6.19799355392e-06
6.19472415386e-06
6.20354095891e-06
6.20531262735e-06
6.20821011962e-06
6.21384368126e-06
6.21210326626e-06
6.21129752944e-06
6.2128871836e-06
6.21601224552e-06
6.22127719437e-06
6.21721934644e-06
6.22505918018e-06
6.22468141996e-06
6.22471695099e-06
6.22629364339e-06
6.22871035728e-06
6.22190398804e-06
6.2262645212e-06
6.22121031441e-06
6.22710765014e-06
6.22299727834e-06
6.21970317996e-06
6.22672938276e-06
6.22441649307e-06
6.22232837348e-06
6.22043951974e-06
6.21873160865e-06
6.21746544546e-06
6.21630515099e-06
6.21523354747e-06
6.21423578352e-06
6.21348997771e-06
6.21274040961e-06
6.21196517601e-06
6.21128113772e-06
6.21048442305e-06
6.20954352077e-06
6.20842821084e-06
6.217108809e-06
6.21559724248e-06
6.21377275417e-06
6.21159804785e-06
6.21902349711e-06
6.2159824933e-06
6.21243097736e-06
6.21832652922e-06
6.21362972927e-06
6.21818870175e-06
6.22202757626e-06
6.21510297733e-06
6.21720344594e-06
6.21841177496e-06
6.21867917985e-06
6.21796012053e-06
6.22620888904e-06
6.22312517491e-06
6.22887820143e-06
6.22342939392e-06
6.22672766324e-06
6.22839088655e-06
6.22867710158e-06
6.2275409377e-06
6.22494028533e-06
6.23082653519e-06
6.23471707743e-06
6.23697654212e-06
6.23756292605e-06
6.23593251687e-06
6.23302901035e-06
6.2377741353e-06
6.23066007998e-06
6.23161763008e-06
6.24060659475e-06
6.23699563274e-06
6.24194868558e-06
6.23817964508e-06
6.23925613229e-06
6.23915612581e-06
6.2400942588e-06
6.24050350086e-06
6.24084008157e-06
6.24081339303e-06
6.24138425722e-06
6.24152101156e-06
6.24218589225e-06
6.24144912222e-06
6.2420417022e-06
6.24210918668e-06
6.24151635116e-06
6.24121816849e-06
6.24117351627e-06
6.24134070464e-06
6.23962285985e-06
6.24005157618e-06
6.23956246247e-06
6.23796031786e-06
6.23528689496e-06
6.23347242845e-06
6.23267366849e-06
6.23044190751e-06
6.22790258611e-06
6.22271885917e-06
6.21936353536e-06
6.21553221441e-06
6.21117587279e-06
6.20485783824e-06
6.20028465104e-06
6.19408506501e-06
6.18674179963e-06
6.17867704056e-06
6.17139427397e-06
6.1628844458e-06
6.1552186257e-06
6.14531639392e-06
6.13572919843e-06
6.12711513544e-06
6.11727055796e-06
6.10684642575e-06
6.09853277518e-06
6.08805479041e-06
6.07809372152e-06
6.06940726851e-06
6.05961334175e-06
6.05217672214e-06
6.04269696194e-06
6.03566358778e-06
6.02839759275e-06
6.01916735822e-06
6.01349313642e-06
6.00670060372e-06
6.00079095572e-06
5.99659556242e-06
5.99156547323e-06
5.98554813778e-06
5.98233545812e-06
5.97919008818e-06
5.97614135138e-06
5.97321944912e-06
5.97045556597e-06
5.96788196503e-06
5.96735171583e-06
5.96525386356e-06
5.96428528412e-06
5.96363921643e-06
5.9633463887e-06
5.96245588549e-06
5.96382621612e-06
5.96380258385e-06
5.96512837754e-06
5.96599135663e-06
5.96740489034e-06
5.9684185467e-06
5.97004811848e-06
5.97321256661e-06
5.97420711614e-06
5.97680721658e-06
5.98015831062e-06
5.98330954065e-06
5.98818353014e-06
5.991030107e-06
5.99567260746e-06
6.00024822934e-06
6.00478517007e-06
6.00931214324e-06
6.01385836673e-06
6.01845346268e-06
6.02505970126e-06
6.03079966859e-06
6.03667766933e-06
6.04369714258e-06
6.04991957573e-06
6.05536725746e-06
6.06400698323e-06
6.06992753274e-06
6.07712960875e-06
6.08461984319e-06
6.09240789803e-06
6.10050119995e-06
6.1099766807e-06
6.1167419507e-06
6.12589409407e-06
6.13439651068e-06
6.14110426714e-06
6.15020863137e-06
6.15978403715e-06
6.16846895787e-06
6.17543453319e-06
6.18480076528e-06
6.1911793788e-06
6.19992892464e-06
6.20558568906e-06
6.21260536043e-06
6.21969651346e-06
6.2248829313e-06
6.23105937907e-06
6.23765624514e-06
6.2418919181e-06
6.24513668894e-06
6.24983146084e-06
6.25209787591e-06
6.25491708938e-06
6.25529533239e-06
6.25825326305e-06
6.25684496944e-06
6.25811619313e-06
6.25956839293e-06
6.25930224199e-06
6.25927940717e-06
6.25686953946e-06
6.25547125927e-06
6.25536516811e-06
6.25368615218e-06
6.25238333954e-06
6.2514769651e-06
6.25002266167e-06
6.24899860839e-06
6.24745732695e-06
6.24356583691e-06
6.24292857123e-06
6.2418026061e-06
6.24211138715e-06
6.24193947059e-06
6.2424388679e-06
6.24045072672e-06
6.24179625046e-06
6.24361312318e-06
6.24608679197e-06
6.24611582992e-06
6.24958044809e-06
6.25377078322e-06
6.25546477442e-06
6.26077053607e-06
6.26657131605e-06
6.27000176333e-06
6.27701876956e-06
6.2844807946e-06
6.28958973271e-06
6.29811859086e-06
6.30417374056e-06
6.31368496367e-06
6.32064189562e-06
6.33106467632e-06
6.33895097029e-06
6.35020631115e-06
6.3588515504e-06
6.37093189843e-06
6.38032186106e-06
6.39003791106e-06
6.40323571655e-06
6.41371286602e-06
6.42451963593e-06
6.43571952248e-06
6.44718469451e-06
6.45897713946e-06
6.47106334022e-06
6.48340927968e-06
6.49607510481e-06
6.50940445211e-06
6.51915756169e-06
6.5327337483e-06
6.54686047598e-06
6.55817782298e-06
6.5723152985e-06
6.58445720066e-06
6.59599206884e-06
6.61121941305e-06
6.62329744892e-06
6.63649674338e-06
6.64888417299e-06
6.66134137643e-06
6.67474104333e-06
6.6845150693e-06
6.69769937836e-06
6.71068638349e-06
6.72067574476e-06
6.73393996354e-06
6.74305144754e-06
6.75344237438e-06
6.76224347456e-06
6.77122466709e-06
6.78030155757e-06
6.78847182084e-06
6.79658376216e-06
6.80456831559e-06
6.81235994436e-06
6.81494922536e-06
6.82215556283e-06
6.82399706609e-06
6.8253915411e-06
6.8304941182e-06
6.83185326777e-06
6.83178350083e-06
6.83208228522e-06
6.83182930693e-06
6.83101373281e-06
6.82962731065e-06
6.82321258187e-06
6.82150926386e-06
6.82009462374e-06
6.8126176525e-06
6.810810042e-06
6.80284757352e-06
6.79593387931e-06
6.79296104161e-06
6.78457442404e-06
6.77717362141e-06
6.76897396749e-06
6.75995758087e-06
6.75185701995e-06
6.74289679258e-06
6.73392618627e-06
6.72492409706e-06
6.71177271153e-06
6.70259397179e-06
6.69330566023e-06
6.67884370404e-06
6.66922733588e-06
6.66028437193e-06
6.64515092142e-06
6.63059005031e-06
6.62172149614e-06
6.60652512984e-06
6.59701373408e-06
6.58193919237e-06
6.56730637172e-06
6.558337047e-06
6.54367458474e-06
6.52853182294e-06
6.5198809006e-06
6.50542060409e-06
6.49126320288e-06
6.47654231923e-06
6.46827614857e-06
6.45407211315e-06
6.44009564155e-06
6.4325474022e-06
6.41898212207e-06
6.41098781354e-06
6.39861551557e-06
6.39095757706e-06
6.3780431436e-06
6.3706702777e-06
6.36426675096e-06
6.35714007186e-06
6.35012084258e-06
6.34403932176e-06
6.33720721643e-06
6.33045634459e-06
6.32921184261e-06
6.32259764574e-06
6.32147706171e-06
6.31496489724e-06
6.31308809753e-06
6.31123745104e-06
6.30939913743e-06
6.30755767989e-06
6.31114338248e-06
6.30840074044e-06
6.31104793409e-06
6.31360804863e-06
6.30974709765e-06
6.31119269434e-06
6.31791865089e-06
6.31893995836e-06
6.31884435456e-06
6.32307092661e-06
6.32776508456e-06
6.3248634196e-06
6.32782189986e-06
6.33494433531e-06
6.33515493205e-06
6.33559272346e-06
6.3392684621e-06
6.34229486141e-06
6.34464999444e-06
6.34549093758e-06
6.34564379658e-06
6.34428312332e-06
6.34785250865e-06
6.3499540099e-06
6.34580493565e-06
6.34584755193e-06
6.3501385395e-06
6.34824640223e-06
6.34583980714e-06
6.34779604668e-06
6.34849255817e-06
6.34795917167e-06
6.3470477433e-06
6.3457871626e-06
6.34338596519e-06
6.3455888446e-06
6.34672059409e-06
6.34189164716e-06
6.34258419907e-06
6.34720029286e-06
6.34591906771e-06
6.3445007638e-06
6.34708504917e-06
6.3495805718e-06
6.35200294766e-06
6.35273512069e-06
6.35342663466e-06
6.35409304801e-06
6.35971450114e-06
6.35874235887e-06
6.36275751405e-06
6.36680509935e-06
6.37007970906e-06
6.37340605011e-06
6.37516421533e-06
6.38360827069e-06
6.3846991697e-06
6.3916805664e-06
6.39794178497e-06
6.40430049906e-06
6.40994684806e-06
6.41488433352e-06
6.42236860183e-06
6.42345679985e-06
6.43373170305e-06
6.4473708997e-06
6.45041614573e-06
6.45452650438e-06
6.47011551195e-06
6.47281653189e-06
6.48698236837e-06
6.49410606465e-06
6.50682474801e-06
6.52061391533e-06
6.52375649052e-06
6.53606757424e-06
6.54580027021e-06
6.55658358372e-06
6.57063319788e-06
6.57984338152e-06
6.59228370781e-06
6.60793073955e-06
6.62458770426e-06
6.63850470853e-06
6.64748718755e-06
6.66549423141e-06
6.68064684347e-06
6.69671031363e-06
6.70983066916e-06
6.72380076156e-06
6.74068019916e-06
6.76040640854e-06
6.78291420376e-06
6.80012542309e-06
6.81198589285e-06
6.83441699134e-06
6.85134323137e-06
6.86873473325e-06
6.89038325869e-06
6.91234913265e-06
6.93038645739e-06
6.94860747637e-06
6.96880382976e-06
6.99087686596e-06
7.0068483239e-06
7.02454302051e-06
7.04387908247e-06
7.070987678e-06
7.08557924531e-06
7.10788145376e-06
7.11756745766e-06
7.14269828121e-06
7.15366151334e-06
7.17371750072e-06
7.19505081832e-06
7.21630628024e-06
7.22474857341e-06
7.24205672628e-06
7.25932491051e-06
7.27776542122e-06
7.2973274448e-06
7.31039831281e-06
7.32453206308e-06
7.33967502969e-06
7.34827903211e-06
7.37194366611e-06
7.38238005993e-06
7.39292038075e-06
7.40499532212e-06
7.41715130813e-06
7.43004746772e-06
7.44361818388e-06
7.4573357883e-06
7.4721026865e-06
7.48698782722e-06
7.48824279168e-06
7.504069636e-06
7.51309964603e-06
7.52247472111e-06
7.53212092851e-06
7.54196551188e-06
7.55902544134e-06
7.56205015873e-06
7.57225309011e-06
7.5824667646e-06
7.59261410198e-06
7.59571807735e-06
7.60553175629e-06
7.61549924356e-06
7.61788777835e-06
7.62723362886e-06
7.62942071326e-06
7.63789159614e-06
7.63911044345e-06
7.64721367064e-06
7.64721174994e-06
7.65399551948e-06
7.66001665876e-06
7.66519842636e-06
7.66297722591e-06
7.67391757812e-06
7.66975787096e-06
7.67220827867e-06
7.67355610186e-06
7.68147339239e-06
7.67413040885e-06
7.67957439102e-06
7.67745464407e-06
7.68014289861e-06
7.67518302678e-06
7.67662566571e-06
7.67652844564e-06
7.67481076474e-06
7.67139335814e-06
7.67422715182e-06
7.67525195667e-06
7.66850443157e-06
7.66569145264e-06
7.66314665544e-06
7.65039877107e-06
7.64939001321e-06
7.6486073878e-06
7.6455458719e-06
7.63181475864e-06
7.63213540459e-06
7.62155356191e-06
7.61658499593e-06
7.60335815973e-06
7.60108058846e-06
7.58733609597e-06
7.57354412421e-06
7.57032279653e-06
7.55000257356e-06
7.53479770852e-06
7.52980467703e-06
7.50747546081e-06
7.49007072357e-06
7.47757651344e-06
7.45260563167e-06
7.43733255792e-06
7.42189507737e-06
7.38891336775e-06
7.37428013599e-06
7.34678429518e-06
7.32396496733e-06
7.29697963179e-06
7.27465088917e-06
7.24353587326e-06
7.21274519778e-06
7.18657173426e-06
7.15162745901e-06
7.1257694097e-06
7.09116776903e-06
7.05655441305e-06
7.02221361895e-06
6.99679052163e-06
6.9536135116e-06
6.92832008741e-06
6.885266003e-06
6.84680821116e-06
6.8170807887e-06
6.77869255144e-06
6.74489993181e-06
6.70657097721e-06
6.67686936505e-06
6.63855154534e-06
6.60482125395e-06
6.56652105542e-06
6.5328121971e-06
6.49452768945e-06
6.45689113254e-06
6.41864591039e-06
6.38502439811e-06
6.35210306964e-06
6.3185760644e-06
6.27659262679e-06
6.23929338862e-06
6.20669656247e-06
6.16962663746e-06
6.13730035612e-06
6.10974218447e-06
6.0777857725e-06
6.03751776441e-06
6.00605651676e-06
5.97550782281e-06
5.94069261319e-06
5.91082199664e-06
5.88592885857e-06
5.85690576409e-06
5.81975062582e-06
5.80089583593e-06
5.76485215962e-06
5.74309885747e-06
5.71747000461e-06
5.6929282386e-06
5.66881444899e-06
5.64585005929e-06
5.61924233431e-06
5.59810314243e-06
5.57348429569e-06
5.56344894612e-06
5.53667001375e-06
5.52449407306e-06
5.50906255445e-06
5.49048127659e-06
5.48201482434e-06
5.46157206794e-06
5.4558300345e-06
5.44711302292e-06
5.43551602543e-06
5.4250836939e-06
5.42054687697e-06
5.41318613182e-06
5.41176745545e-06
5.41129752795e-06
5.40801259624e-06
5.40196285321e-06
5.41039885047e-06
5.4109292492e-06
5.40867165566e-06
5.41220521975e-06
5.41625294592e-06
5.42280971338e-06
5.42139048413e-06
5.42880608808e-06
5.43890835935e-06
5.44099391181e-06
5.44889643532e-06
5.45712180675e-06
5.46839885739e-06
5.48004786472e-06
5.48374091293e-06
5.49904994627e-06
5.50651492466e-06
5.52007233335e-06
5.52583004713e-06
5.53774911971e-06
5.55587277729e-06
5.57213775182e-06
5.58884346284e-06
5.60379705194e-06
5.61710159313e-06
5.63890282701e-06
5.65111263015e-06
5.67780245362e-06
5.68902261218e-06
5.71471950976e-06
5.73112627804e-06
5.76205350608e-06
5.78554979878e-06
5.8078111158e-06
5.83052116573e-06
5.8520500009e-06
5.88025821347e-06
5.90737428142e-06
5.93491697746e-06
5.96140373526e-06
5.98688896656e-06
6.02048894301e-06
6.0453795522e-06
6.07702081e-06
6.10900387417e-06
6.14003662121e-06
6.17014839122e-06
6.20701216377e-06
6.23652809836e-06
6.2727756138e-06
6.30165256209e-06
6.343728604e-06
6.37842658183e-06
6.41223633765e-06
6.44624299241e-06
6.47934600667e-06
6.51912923643e-06
6.55799945014e-06
6.58942752536e-06
6.63402849162e-06
6.67220281128e-06
6.7083703371e-06
6.75114201687e-06
6.79396530109e-06
6.83578157268e-06
6.87004592985e-06
6.91736079812e-06
6.95708342867e-06
6.99570413434e-06
7.04078397841e-06
7.0923025033e-06
7.12853251823e-06
7.18523989522e-06
7.22658501893e-06
7.27423978274e-06
7.31408879557e-06
7.36662577103e-06
7.41127423219e-06
7.46208400926e-06
7.51132360576e-06
7.55890626782e-06
7.60611433731e-06
7.65154197328e-06
7.70914041174e-06
7.75845221838e-06
7.79942551117e-06
7.852288271e-06
7.8966609838e-06
7.95269331826e-06
8.00007880931e-06
8.04487959583e-06
8.09491240099e-06
8.13613078515e-06
8.18050415838e-06
8.22392782859e-06
8.27832642248e-06
8.3156327286e-06
8.36596550694e-06
8.39917674874e-06
8.44307080151e-06
8.48360523501e-06
8.5232753776e-06
8.56518936643e-06
8.59798794528e-06
8.63558945183e-06
8.66964523709e-06
8.70846956654e-06
8.74365757967e-06
8.77513252379e-06
8.80601560381e-06
8.8384222928e-06
8.87549058841e-06
8.90352257567e-06
8.93274866545e-06
8.96152380137e-06
8.98632125058e-06
9.02067818548e-06
9.04598217465e-06
9.06712356095e-06
9.09757367471e-06
9.118947584e-06
9.13597629904e-06
9.15745876935e-06
9.18340500052e-06
9.19594074088e-06
9.22180152604e-06
9.2384578189e-06
9.25500221876e-06
9.27586035333e-06
9.29196330319e-06
9.30322957782e-06
9.31871232219e-06
9.33327392581e-06
9.34792974261e-06
9.35755293549e-06
9.36590280106e-06
9.37442779624e-06
9.39074908264e-06
9.39806673178e-06
9.40368405665e-06
9.40962783421e-06
9.41366171373e-06
9.42151914043e-06
9.42378121377e-06
9.42982415148e-06
9.43019050855e-06
9.424816708e-06
9.43264268658e-06
9.42823112644e-06
9.42436800918e-06
9.42710694961e-06
9.42094917306e-06
9.42123875475e-06
9.41543638775e-06
9.41312001657e-06
9.40464583602e-06
9.3996306206e-06
9.38840383524e-06
9.38305710278e-06
9.37863590971e-06
9.37026093874e-06
9.35544133517e-06
9.34388301807e-06
9.33559037689e-06
9.32078057818e-06
9.31123451934e-06
9.29301819145e-06
9.27990345879e-06
9.26984802054e-06
9.25299321237e-06
9.2391331938e-06
9.21838193014e-06
9.20215424645e-06
9.18712422263e-06
9.16653194528e-06
9.14857981354e-06
9.12331453169e-06
9.10056158785e-06
9.08152616636e-06
9.05364748862e-06
9.02923704611e-06
9.0069865536e-06
8.98684384344e-06
8.95881237251e-06
8.92373368717e-06
8.90046785434e-06
8.86827732047e-06
8.82875224157e-06
8.80163922588e-06
8.76557587678e-06
8.73125138437e-06
8.6891718291e-06
8.65868755547e-06
8.61981846567e-06
8.57290228753e-06
8.53717543057e-06
8.49329537679e-06
8.45090783551e-06
8.41001699772e-06
8.36062289395e-06
8.31272815888e-06
8.2663410093e-06
8.22136688329e-06
8.17780866934e-06
8.12566811105e-06
8.07480427393e-06
8.03545927049e-06
7.97732824275e-06
7.93054857521e-06
7.88512192925e-06
7.831058153e-06
7.77802944494e-06
7.72665737663e-06
7.67627501592e-06
7.62721087377e-06
7.57946853709e-06
7.52306270554e-06
7.47797824172e-06
7.42378197192e-06
7.37136788072e-06
7.3298104339e-06
7.27959801452e-06
7.23072783839e-06
7.17322138046e-06
7.12706488459e-06
7.08180151784e-06
7.02841462179e-06
6.98641397e-06
6.9353713893e-06
6.88577386856e-06
6.84806186057e-06
6.80139229451e-06
6.75622626811e-06
6.7125849236e-06
6.67049286628e-06
6.62997378696e-06
6.58075684038e-06
6.5434900068e-06
6.50787929939e-06
6.46375322661e-06
6.43157639848e-06
6.39115063151e-06
6.36241468933e-06
6.32558163058e-06
6.30068046632e-06
6.26771740679e-06
6.23667134262e-06
6.20773325216e-06
6.18089484608e-06
6.15593261113e-06
6.13334855929e-06
6.11297553855e-06
6.09484613629e-06
6.078492821e-06
6.06487031197e-06
6.05356549229e-06
6.04459162072e-06
6.02798449514e-06
6.02287660608e-06
6.02084339974e-06
6.01116365663e-06
6.01272622078e-06
6.00752670191e-06
6.01448182991e-06
6.01366351142e-06
6.0206486204e-06
6.02690498554e-06
6.03378506519e-06
6.04390706734e-06
6.0534367886e-06
6.06621659727e-06
6.07819685779e-06
6.09181181421e-06
6.10772892774e-06
6.12357797968e-06
6.13999413806e-06
6.15794717322e-06
6.17930419044e-06
6.19935848833e-06
6.21994577831e-06
6.24204492605e-06
6.26360713354e-06
6.28771367644e-06
6.31236119875e-06
6.33853140767e-06
6.36305378398e-06
6.39126616373e-06
6.41777541025e-06
6.44804465252e-06
6.47655577084e-06
6.50557146724e-06
6.53606832807e-06
6.56946623354e-06
6.60100173046e-06
6.63401309785e-06
6.66506642167e-06
6.69905806606e-06
6.73451220096e-06
6.77045337814e-06
6.80434487177e-06
6.84121728081e-06
6.87696380383e-06
6.91313701626e-06
6.95229031367e-06
6.98928650073e-06
7.02667612968e-06
7.06540978894e-06
7.10353938447e-06
7.14298346909e-06
7.18017842462e-06
7.22026991122e-06
7.26065887377e-06
7.29875649621e-06
7.33969223489e-06
7.37830771265e-06
7.41716212126e-06
7.45877353226e-06
7.49803375894e-06
7.53844569264e-06
7.57805044674e-06
7.61779778293e-06
7.65669664916e-06
7.69666876483e-06
7.73428983389e-06
7.77442077938e-06
7.81362316053e-06
7.85144813069e-06
7.89069038022e-06
7.92991061397e-06
7.96679196862e-06
8.00593155618e-06
8.04274374709e-06
8.07853084295e-06
8.11740937603e-06
8.15398676273e-06
8.19160293491e-06
8.22791105436e-06
8.26308937494e-06
8.29809762294e-06
8.33588134346e-06
8.37043328346e-06
8.4057145095e-06
8.44162119282e-06
8.47626405567e-06
8.51055436127e-06
8.54444594159e-06
8.5806076742e-06
8.61351103084e-06
8.64683917153e-06
8.68115079814e-06
8.71410281458e-06
8.74529528568e-06
8.7766344322e-06
8.80945390003e-06
8.83979542581e-06
8.86904722288e-06
8.89939601402e-06
8.92717346273e-06
8.953633793e-06
8.98081492261e-06
9.00637796946e-06
9.03044418055e-06
9.05389934214e-06
9.07575390456e-06
9.09780203347e-06
9.11728587481e-06
9.13606925826e-06
9.15377537321e-06
9.17001440591e-06
9.1850048934e-06
9.19860632146e-06
9.21080013685e-06
9.22269411833e-06
9.23301501477e-06
9.2413500307e-06
9.2495220952e-06
9.25589227962e-06
9.26019720457e-06
9.26454396035e-06
9.26682625083e-06
9.26803231794e-06
9.26837156586e-06
9.26743727897e-06
9.26438851745e-06
9.2611994142e-06
9.2558680738e-06
9.24937307789e-06
9.24269836354e-06
9.2338377493e-06
9.2237758159e-06
9.21249619122e-06
9.20098482643e-06
9.18723676257e-06
9.17322744228e-06
9.15591047547e-06
9.1392896631e-06
9.12138219164e-06
9.1009394801e-06
9.08134290879e-06
9.05906933023e-06
9.0367514564e-06
9.01161819622e-06
8.98600270894e-06
8.96048648e-06
8.93294463311e-06
8.9039047471e-06
8.87336684163e-06
8.84328702489e-06
8.81091073052e-06
8.77799809892e-06
8.74425551178e-06
8.70947853985e-06
8.6739618845e-06
8.63760914999e-06
8.59825178193e-06
8.56026950606e-06
8.52155020887e-06
8.47979062963e-06
8.43965703803e-06
8.3965069131e-06
8.35508534477e-06
8.31067360959e-06
8.26558359587e-06
8.2225866526e-06
8.17653993659e-06
8.13001996297e-06
8.08309381239e-06
8.03572815868e-06
7.98816185025e-06
7.94021938136e-06
7.8920154461e-06
7.843658648e-06
7.79516347816e-06
7.74653724548e-06
7.69778559246e-06
7.64900721429e-06
7.60019559265e-06
7.54830785375e-06
7.49937412329e-06
7.45045428212e-06
7.40152172368e-06
7.34963417083e-06
7.30017239989e-06
7.25106505297e-06
7.19923333733e-06
7.14974206808e-06
7.09743841844e-06
7.04741714068e-06
6.99451223292e-06
6.94479747083e-06
6.89425479667e-06
6.84076656358e-06
6.79043664093e-06
6.73621279238e-06
6.68609831264e-06
6.63212654926e-06
6.58132636683e-06
6.52673491135e-06
6.47629455599e-06
6.42511940462e-06
6.37125735401e-06
6.32065082062e-06
6.26654019667e-06
6.21668324026e-06
6.16630497471e-06
6.11459425676e-06
6.0652893719e-06
6.01659393889e-06
5.96857014931e-06
5.91771729158e-06
5.87128762182e-06
5.82574072616e-06
5.78018058901e-06
5.73662350041e-06
5.69320838285e-06
5.65196272752e-06
5.60888410088e-06
5.56939420275e-06
5.53234742055e-06
5.49776012943e-06
5.46284393653e-06
5.43065348169e-06
5.3993164818e-06
5.37090356006e-06
5.34353696484e-06
5.31929549306e-06
5.29843450639e-06
5.27863492307e-06
5.26225646781e-06
5.24917836804e-06
5.23680387859e-06
5.2296488676e-06
5.22362005661e-06
5.22171423004e-06
5.22248080259e-06
5.22599196925e-06
5.23343438742e-06
5.24373911834e-06
5.25695958466e-06
5.27414195183e-06
5.29432825987e-06
5.31855149582e-06
5.34584166095e-06
5.37514180623e-06
5.40849717743e-06
5.44463409054e-06
5.48509056835e-06
5.52709625178e-06
5.57296354231e-06
5.62169480598e-06
5.67327645147e-06
5.72866953882e-06
5.78686507937e-06
5.84783263568e-06
5.91153588463e-06
5.97556472184e-06
6.04304534156e-06
6.11546956178e-06
6.18782909669e-06
6.26250497241e-06
6.3394303862e-06
6.41949162002e-06
6.49786473314e-06
6.58196447847e-06
6.6641080701e-06
6.75187027912e-06
6.83834785066e-06
6.92633933479e-06
7.01478313584e-06
7.10547463116e-06
7.1973498916e-06
7.29029785339e-06
7.38113307011e-06
7.47495524312e-06
7.5674138698e-06
7.65960569623e-06
7.7533570564e-06
7.84669520872e-06
7.94050912027e-06
8.03569196125e-06
8.12933298322e-06
8.22123491175e-06
8.31642896293e-06
8.4079368542e-06
8.50063488058e-06
8.59258028892e-06
8.68469131507e-06
8.77597951621e-06
8.86832742162e-06
8.95978380985e-06
9.04854675651e-06
9.14007512618e-06
9.22796411856e-06
9.31846799165e-06
9.40630959549e-06
9.49410463341e-06
9.58181768776e-06
9.66844222035e-06
9.75491545644e-06
9.84022510754e-06
9.92628162685e-06
1.00089011536e-05
1.00934730799e-05
1.01767300324e-05
1.02575764365e-05
1.03381219444e-05
1.04202382144e-05
1.04990311747e-05
1.05774065524e-05
1.06553338009e-05
1.07344290918e-05
1.08102868731e-05
1.08855782527e-05
1.09588087869e-05
1.10319316066e-05
1.110536209e-05
1.11770842207e-05
1.12480508624e-05
1.13172315586e-05
1.1385537462e-05
1.14530891995e-05
1.15197387543e-05
1.15846360989e-05
1.16494449975e-05
1.17115882918e-05
1.17744235448e-05
1.18346781639e-05
1.18934099504e-05
1.19536513205e-05
1.20111542856e-05
1.20652676596e-05
1.21264211843e-05
1.21742966483e-05
1.22289972895e-05
1.2280529085e-05
1.23286771253e-05
1.23837674279e-05
1.24252773265e-05
1.24738515483e-05
1.25186292454e-05
1.25599839111e-05
1.26085772156e-05
1.26431102624e-05
1.26850175412e-05
1.27226317544e-05
1.27666786193e-05
1.27972574331e-05
1.28354512866e-05
1.28689334243e-05
1.29087299759e-05
1.2935007048e-05
1.29675248708e-05
1.29963567265e-05
1.30214700941e-05
1.30526513802e-05
1.30780780444e-05
1.31014666045e-05
1.31209345485e-05
1.31439870974e-05
1.3155356098e-05
1.31797001765e-05
1.31924456077e-05
1.32080971323e-05
1.32192791139e-05
1.32259582878e-05
1.32281057267e-05
1.32352582682e-05
1.3237787304e-05
1.32451791028e-05
1.32446646047e-05
1.32425534856e-05
1.32323573268e-05
1.32301342937e-05
1.32195939269e-05
1.32134444775e-05
1.32023343779e-05
1.31862657228e-05
1.31613478167e-05
1.31445494361e-05
1.31227869663e-05
1.3101014973e-05
1.30741071124e-05
1.30554366068e-05
1.30273557893e-05
1.29941614473e-05
1.29601309461e-05
1.29255159797e-05
1.28858202985e-05
1.28536636846e-05
1.28124561049e-05
1.27697779226e-05
1.27218610843e-05
1.26772545747e-05
1.26358967355e-05
1.25807896489e-05
1.25373019865e-05
1.2488504592e-05
1.24288541655e-05
1.23777501891e-05
1.23156448404e-05
1.22621527214e-05
1.21975138968e-05
1.21355419927e-05
1.20742315502e-05
1.20095353581e-05
1.19394592347e-05
1.18718676761e-05
1.18066574165e-05
1.17360435614e-05
1.16612512724e-05
1.15874545901e-05
1.15083239097e-05
1.14388637393e-05
1.13498525958e-05
1.12769568137e-05
1.11918248538e-05
1.11081313074e-05
1.10266069992e-05
1.09394171951e-05
1.08540883601e-05
1.07703843053e-05
1.06741954225e-05
1.05868047585e-05
1.04937205101e-05
1.04025640182e-05
1.03055483964e-05
1.02173045539e-05
1.01163097047e-05
1.00166134794e-05
9.91918917046e-06
9.81550255818e-06
9.72067411242e-06
9.62707089395e-06
9.52055831117e-06
9.41667630641e-06
9.32027033003e-06
9.21092189851e-06
9.10439060275e-06
9.00513509103e-06
8.89481267086e-06
8.79165644156e-06
8.68354879847e-06
8.57648137058e-06
8.47039416679e-06
8.35936478154e-06
8.2573825938e-06
8.14814052941e-06
8.04208420745e-06
7.93682584864e-06
7.82406305512e-06
7.71445718306e-06
7.61110460472e-06
7.50525051903e-06
7.39724276058e-06
7.2840423809e-06
7.17951806422e-06
7.06145835168e-06
6.95757277787e-06
6.8484090936e-06
6.74231485548e-06
6.63364682689e-06
6.51969206432e-06
6.41430421392e-06
6.3036411474e-06
6.19322658431e-06
6.08310275333e-06
5.98160872991e-06
5.8665993347e-06
5.76027821391e-06
5.65443514245e-06
5.54347867683e-06
5.44132418986e-06
5.33983998569e-06
5.23103429942e-06
5.1335889269e-06
5.02905216271e-06
4.92773575871e-06
4.83371111928e-06
4.73511137716e-06
4.63195727051e-06
4.54467474628e-06
4.45308788955e-06
4.3637612532e-06
4.27040384462e-06
4.1939626502e-06
4.1138276838e-06
4.03713793024e-06
3.95682776564e-06
3.88739899536e-06
3.82229049217e-06
3.76082478573e-06
3.71189185307e-06
3.65263721471e-06
3.60707319648e-06
3.56529346906e-06
3.52981485901e-06
3.49771210659e-06
3.47225035143e-06
3.45398093196e-06
3.43441129509e-06
3.42682531521e-06
3.42714289531e-06
3.4392205428e-06
3.44684463537e-06
3.45941385236e-06
3.48703252311e-06
3.51606992494e-06
3.5437458773e-06
3.59150928267e-06
3.63765377072e-06
3.68220826572e-06
3.73603424068e-06
3.79786173308e-06
3.86816476558e-06
3.93613939988e-06
4.00182754187e-06
4.08521617247e-06
4.15594873512e-06
4.24345235229e-06
4.32871209928e-06
4.41953527101e-06
4.50811826698e-06
4.60253221499e-06
4.6936922588e-06
4.79013541713e-06
4.89297756332e-06
4.99222891962e-06
5.09615014265e-06
5.20609716112e-06
5.31039911737e-06
5.41062071593e-06
5.51652282277e-06
5.62612390402e-06
5.73131351937e-06
5.84184726359e-06
5.95560086602e-06
6.06465939006e-06
6.1669241999e-06
6.27404477144e-06
6.3860036459e-06
6.49091139341e-06
6.60052019562e-06
6.71470538375e-06
6.8216816999e-06
6.92340549246e-06
7.02764140465e-06
7.13637132807e-06
7.23970219302e-06
7.3455618172e-06
7.44597767732e-06
7.548957145e-06
7.65803794913e-06
7.74830947912e-06
7.85440327673e-06
7.95166671665e-06
8.0548145708e-06
8.15081178242e-06
8.24117545653e-06
8.34419151953e-06
8.43166765176e-06
8.53323163148e-06
8.61784155484e-06
8.71654500253e-06
8.79840119157e-06
8.89432359768e-06
8.98446729179e-06
9.06769831721e-06
9.15506911371e-06
9.23566262391e-06
9.3211607135e-06
9.40904907221e-06
9.48181172845e-06
9.56782633207e-06
9.64731011418e-06
9.72128474612e-06
9.79823942367e-06
9.86957192456e-06
9.94446427741e-06
1.00231972336e-05
1.00956285813e-05
1.01618996816e-05
1.02319981457e-05
1.02958267684e-05
1.03634050192e-05
1.04249453624e-05
1.04902763644e-05
1.05493325217e-05
1.06120328329e-05
1.06688139589e-05
1.07292401565e-05
1.07832941336e-05
1.08415301708e-05
1.08933757456e-05
1.09388041803e-05
1.09985285976e-05
1.10418995364e-05
1.10887293578e-05
1.11400605802e-05
1.11849592792e-05
1.12233473777e-05
1.12664493675e-05
1.13115336269e-05
1.13529613698e-05
1.13863801511e-05
1.14247059311e-05
1.14565109962e-05
1.1491623297e-05
1.1531786508e-05
1.1555646718e-05
1.15925300097e-05
1.16249117231e-05
1.16486245812e-05
1.16776023364e-05
1.17023013312e-05
1.17278324813e-05
1.17490863553e-05
1.17733895653e-05
1.17935937066e-05
1.18141233168e-05
1.18305170824e-05
1.18497450687e-05
1.18620531473e-05
1.18799145963e-05
1.18908385359e-05
1.19042638904e-05
1.19200317656e-05
1.19223420577e-05
1.19364435294e-05
1.19432554434e-05
1.19427467422e-05
1.1947757603e-05
1.19511929219e-05
1.19507378148e-05
1.19465476538e-05
1.19404867266e-05
1.19399769198e-05
1.19280749268e-05
1.19217156067e-05
1.19118220927e-05
1.18995021563e-05
1.18837498905e-05
1.18695590706e-05
1.18568261964e-05
1.18365036312e-05
1.18130118997e-05
1.1795430641e-05
1.17747146811e-05
1.17464182153e-05
1.17240945604e-05
1.16895457752e-05
1.16697710577e-05
1.16336741317e-05
1.16075115747e-05
1.15737586277e-05
1.15374265623e-05
1.14971977662e-05
1.14630889389e-05
1.14300069518e-05
1.13945742574e-05
1.13464238795e-05
1.13130061837e-05
1.12693900098e-05
1.12209339985e-05
1.11744846548e-05
1.11300008377e-05
1.10868944444e-05
1.10379506264e-05
1.09909336612e-05
1.09370154818e-05
1.08850108886e-05
1.08354654529e-05
1.07790583413e-05
1.07326608711e-05
1.06718746332e-05
1.06204603697e-05
1.05633994179e-05
1.05081836839e-05
1.0446192298e-05
1.03946340444e-05
1.03363054942e-05
1.02718625412e-05
1.02171889666e-05
1.01564189924e-05
1.0097487045e-05
1.00325165984e-05
9.96941834259e-06
9.90818187381e-06
9.84819439917e-06
9.79070952397e-06
9.72668361334e-06
9.66521883654e-06
9.60506619906e-06
9.53973082505e-06
9.4757632487e-06
9.41446297276e-06
9.35458262964e-06
9.29679400294e-06
9.23400026925e-06
9.17273927042e-06
9.11429661807e-06
9.05808772996e-06
8.99574353867e-06
8.94410212138e-06
8.8869921841e-06
8.83285033757e-06
8.78044364627e-06
8.72320717819e-06
8.67677061858e-06
8.62423218835e-06
8.57464669935e-06
8.52799065585e-06
8.48361122128e-06
8.4414936143e-06
8.39426846728e-06
8.35775911407e-06
8.31603231473e-06
8.27637487783e-06
8.23936418292e-06
8.2049548059e-06
8.17312680184e-06
8.14326860096e-06
8.10839161141e-06
8.08413736782e-06
8.05360332966e-06
8.0260749014e-06
8.00921198873e-06
7.9870903325e-06
7.95851128263e-06
7.94115189412e-06
7.92617282239e-06
7.91413273345e-06
7.89549871033e-06
7.88871216493e-06
7.87580705505e-06
7.86520596136e-06
7.85742047135e-06
7.85243996373e-06
7.85024597816e-06
7.85031362971e-06
7.85313319e-06
7.85819617022e-06
7.85774933082e-06
7.86818888652e-06
7.87300941658e-06
7.8799304979e-06
7.89870517576e-06
7.91073573703e-06
7.92572460868e-06
7.94316929448e-06
7.96303598849e-06
7.98528921733e-06
8.00092401189e-06
8.02825451162e-06
8.05785336843e-06
8.080646776e-06
8.10601150018e-06
8.1425418756e-06
8.17250287784e-06
8.20446613856e-06
8.23881351418e-06
8.27548616436e-06
8.31403695431e-06
8.35440664309e-06
8.38818940975e-06
8.43286621582e-06
8.47042478989e-06
8.51881278226e-06
8.56036694026e-06
8.60343915328e-06
8.65801894656e-06
8.70481421728e-06
8.7533954477e-06
8.79447708427e-06
8.84649917039e-06
8.90057634813e-06
8.94663056193e-06
9.00354314601e-06
9.05310258155e-06
9.11347627824e-06
9.16603429649e-06
9.22006461488e-06
9.27551918151e-06
9.33274049674e-06
9.3820474366e-06
9.44200000116e-06
9.49433772677e-06
9.55726197497e-06
9.61216875155e-06
9.66867843484e-06
9.72638199257e-06
9.78564193675e-06
9.84598889481e-06
9.90780290269e-06
9.9613911546e-06
1.0025548785e-05
1.008175646e-05
1.01387889165e-05
1.02057851684e-05
1.02554233862e-05
1.03152558846e-05
1.03759812614e-05
1.04371134486e-05
1.04898454557e-05
1.0542844822e-05
1.05964729138e-05
1.06506039816e-05
1.07052328031e-05
1.07602424784e-05
1.08152066591e-05
1.08614738204e-05
1.09080676194e-05
1.09544444082e-05
1.10014832595e-05
1.10482869093e-05
1.10952401439e-05
1.11334298925e-05
1.11806249705e-05
1.12186148839e-05
1.12571747972e-05
1.12953613923e-05
1.13335678551e-05
1.13631454884e-05
1.1392913796e-05
1.1431192549e-05
1.14607958195e-05
1.14903105011e-05
1.151128908e-05
1.15407020791e-05
1.15616086805e-05
1.15824976687e-05
1.16032910039e-05
1.16239728317e-05
1.16445744451e-05
1.16567973676e-05
1.1668949628e-05
1.1689215912e-05
1.16929682788e-05
1.1704810867e-05
1.17164680794e-05
1.17199021255e-05
1.17232403247e-05
1.17264158615e-05
1.17294378259e-05
1.17243229811e-05
1.17269556133e-05
1.17216106994e-05
1.17160261203e-05
1.17102063739e-05
1.16965047544e-05
1.16901937476e-05
1.16760493452e-05
