metodo_3_dt_1:1
2.15492411701e-06
0.00788257120243
0.0157655404571
0.0236487870827
0.0315328345049
0.0394168837361
0.0473018219927
0.05518616064
0.0630704791939
0.0709552234038
0.0788404333174
0.0867263611916
0.0946122391004
0.102498947094
0.110384850975
0.118270570282
0.126156262505
0.134042353538
0.141928909836
0.149815386633
0.157702715423
0.165589326786
0.173475909426
0.181362390415
0.189249554636
0.197137209105
0.205024972797
0.212913624384
0.220801611753
0.22868950164
0.236576927673
0.244464940459
0.25235309211
0.260241240436
0.268130039022
0.276018162367
0.28390612892
0.291793462648
0.299681532317
0.307569737328
0.315458209953
0.323347403787
0.331236220375
0.339124956638
0.347012951202
0.35490167722
0.362790306427
0.370679148592
0.37856838455
0.386457211574
0.394345714416
0.40223321202
0.410121323495
0.418009192827
0.42589740897
0.433785971362
0.441674472011
0.449562757599
0.457450150231
0.465338235671
0.473226081061
0.481114372404
0.489002801256
0.49689125568
0.504779248661
0.512666134804
0.520553398446
0.528440179192
0.536327314306
0.544214349643
0.552101598282
0.559988362835
0.567874168468
0.575760360526
0.583646223531
0.591532626987
0.599418918889
0.60730567826
0.615191878607
0.623077115777
0.630962417847
0.638847219604
0.646732341563
0.654617030635
0.662502164112
0.670386545729
0.678269993736
0.686153298584
0.694036217612
0.701919537102
0.709802503253
0.71768620564
0.725569269824
0.733451626455
0.741333659953
0.749215350122
0.757097264714
0.76497862338
0.772860597528
0.780741708628
0.788622032832
0.796501631077
0.804380849686
0.812260129635
0.820138861817
0.828018321454
0.835897076827
0.843775335483
0.851652813272
0.859530140131
0.867407483886
0.875284327171
0.883161825677
0.891038561707
0.898914745461
0.906789743262
0.914664458213
0.922538838202
0.930412607455
0.938286853777
0.946160395583
0.954033519752
0.961905391945
0.969777197247
0.977648677177
0.985519779624
0.993391366392
1.00126244399
1.00913318187
1.01700247583
1.02487161669
1.03274009523
1.04060807065
1.04847615814
1.05634369176
1.06421078473
1.07207627262
1.07994160959
1.0878062002
1.09567049243
1.1035348669
1.1113990204
1.11926290609
1.12712527621
1.13498753014
1.1428489039
1.15070997635
1.15857078347
1.16643134879
1.17429142511
1.18214980227
1.19000782291
1.19786474239
1.20572136278
1.2135775225
1.22143368389
1.22928945849
1.2371437717
1.24499779927
1.25285081427
1.26070367362
1.26855591622
1.27640827948
1.28426011095
1.29211043872
1.29996014963
1.30780860994
1.31565672304
1.32350387776
1.33135116735
1.33919783273
1.34704317603
1.35488783716
1.3627314009
1.37057476332
1.37841718854
1.38625997561
1.39410217626
1.40194325176
1.40978341574
1.4176224044
1.42546096204
1.43329826821
1.44113576863
1.44897244796
1.45680803861
1.46464244005
1.47247571034
1.48030850854
1.48814009641
1.49597202765
1.50380328415
1.51163380322
1.51946307813
1.52729137497
1.5351190823
1.54294548051
1.55077203187
1.55859772048
1.56642264035
1.57424594113
1.58206817055
1.5898895336
1.59770952488
1.60552956215
1.61334882302
1.62116759642
1.62898477417
1.63680114176
1.64461664481
1.65243093287
1.66024516731
1.6680586487
1.67587167986
1.68368286472
1.69149312504
1.69930215269
1.70710983027
1.71491709055
1.72272354117
1.73052957889
1.73833373273
1.7461371057
1.75393923396
1.76174026622
1.76954083155
1.77734081329
1.78514053141
1.79293839192
1.80073546466
1.80853105225
1.8163254737
1.82411899078
1.83191180263
1.83970416483
1.84749455279
1.85528405038
1.86307192131
1.87085875428
1.8786445428
1.88642986701
1.89421488825
1.90199819367
1.90978070986
1.9175616038
1.92534155003
1.93312015999
1.94089826676
1.94867583882
1.95645162475
1.96422634431
1.97199921072
1.97977103836
1.9875412324
1.99531097872
2.00308016729
2.01084785806
2.01861454461
2.02637954688
2.0341436969
2.04190615349
2.04966826901
2.05742972423
2.06518980075
2.07294861491
2.08070559097
2.08846149941
2.09621536512
2.10396871962
2.1117211801
2.11947240663
2.12722224549
2.13497038652
2.14271755194
2.15046274354
2.15820756637
2.1659515449
2.17369460671
2.18143618949
2.18917613944
2.1969149481
2.20465158125
2.21238757871
2.22012242731
2.22785635413
2.23558850353
2.24331901563
2.25104824479
2.25877532695
2.26650175172
2.27422709304
2.28195185457
2.28967489427
2.2973965555
2.30511690878
2.31283518735
2.32055260875
2.32826877633
2.3359843339
2.34369788007
2.35140995126
2.35912039115
2.36682868618
2.3745358405
2.38224168117
2.38994705347
2.39765047019
2.40535266824
2.41305327657
2.42075201749
2.42844953342
2.43614579739
2.44384164718
2.45153546378
2.45922801521
2.4669186743
2.47460739001
2.48229444084
2.48998005917
2.49766512227
2.50534810676
2.51302987801
2.5207097158
2.52838787135
2.53606428861
2.54373946513
2.55141419394
2.55908703474
2.56675874445
2.57442842643
2.58209647551
2.58976241477
2.59742694924
2.6050907318
2.61275253445
2.62041302247
2.62807130978
2.63572802568
2.64338244208
2.65103556109
2.65868793326
2.66633863933
2.67398816086
2.68163561553
2.68928169453
2.69692533926
2.70456766913
2.71220899118
2.71984865847
2.72748687234
2.73512282905
2.74275727364
2.75038899003
2.75801928495
2.76564835895
2.77327599772
2.78090218795
2.78852632387
2.79614914634
2.80376932527
2.81138819689
2.81900575052
2.82662207344
2.83423678462
2.84184940773
2.84946053627
2.85706878608
2.86467546635
2.8722804585
2.87988424584
2.88748621749
2.89508619385
2.90268468639
2.91028043658
2.91787469228
2.92546726783
2.93305895124
2.94064883144
2.9482369094
2.95582342945
2.96340720661
2.9709892419
2.97856927004
2.98614831346
2.99372524627
3.00130032544
3.00887361736
3.01644421401
3.02401293405
3.03157960304
3.03914548828
3.04670934929
3.05427165529
3.06183221775
3.06939034785
3.07694649161
3.08450047775
3.09205361207
3.09960452306
3.10715379752
3.11470100189
3.12224574731
3.12978816291
3.13732824973
3.14486740648
3.15240434926
3.15993983374
3.16747327835
3.17500462215
3.18253362878
3.19006042552
3.19758630664
3.20511002704
3.21263230711
3.22015234227
3.22767030098
3.23518555047
3.24269837702
3.25020996185
3.25771928683
3.26522709751
3.27273256111
3.28023616746
3.28773701543
3.29523560816
3.30273296003
3.31022830756
3.31772226258
3.32521390517
3.33270385479
3.34019085793
3.34767550678
3.35515853408
3.36263946574
3.37011874848
3.37759551922
3.38507057452
3.39254251195
3.40001211612
3.40747993504
3.41494590966
3.42241031674
3.42987240705
3.43733302192
3.44479059095
3.45224591253
3.45969920602
3.46715071244
3.47460040558
3.48204764836
3.48949324322
3.49693558584
3.50437551631
3.51181306133
3.51924888978
3.52668279481
3.53411441014
3.54154450458
3.548971562
3.55639637468
3.56381873748
3.5712396036
3.57865845904
3.58607509822
3.5934900706
3.60090194626
3.6083113558
3.61571791465
3.62312286282
3.63052550675
3.63792593945
3.64532458102
3.65272029638
3.66011359473
3.66750403249
3.67489308024
3.6822798752
3.68966471681
3.69704774564
3.7044280464
3.7118058146
3.71918049163
3.72655361545
3.73392418577
3.7412927021
3.74865908339
3.75602278484
3.7633837792
3.7707415901
3.77809785681
3.78545161001
3.79280355782
3.8001534071
3.80750095342
3.81484582777
3.82218756274
3.82952766746
3.8368651501
3.84420076401
3.85153396512
3.8588648691
3.86619279697
3.87351741392
3.88084012869
3.88816014119
3.89547832186
3.90279403868
3.91010778525
3.91741862884
3.92472638184
3.93203221325
3.93933548178
3.94663697475
3.95393588971
3.96123292385
3.96852683299
3.97581753522
3.98310589773
3.99039154662
3.99767521252
4.00495611135
4.01223521757
4.01951116685
4.02678408818
4.03405457964
4.0413226021
4.04858874243
4.05585222631
4.06311411481
4.07037286096
4.07762864438
4.0848816554
4.09213212665
4.0993804149
4.10662583286
4.11386950667
4.12110989301
4.128347315
4.13558169847
4.14281367684
4.15004344717
4.15727052612
4.16449603133
4.1717184696
4.17893817113
4.18615470087
4.19336893184
4.20058075399
4.20778982014
4.21499708715
4.22220117396
4.2294023892
4.23660005581
4.24379535306
4.25098800497
4.2581779668
4.26536609084
4.27255127929
4.27973380857
4.28691281419
4.29408966197
4.30126383752
4.30843547994
4.31560514599
4.32277195786
4.32993600269
4.33709623673
4.34425412192
4.35140898968
4.35856123966
4.36571122058
4.37285846091
4.38000294809
4.38714364862
4.39428211168
4.40141760525
4.4085507423
4.41568158343
4.42280998283
4.42993566136
4.43705752933
4.44417700562
4.45129326964
4.4584070558
4.4655181501
4.47262679092
4.47973251166
4.48683435861
4.49393366886
4.50102973689
4.50812346859
4.51521447318
4.52230337291
4.52938948104
4.53647195302
4.54355184512
4.55062850021
4.55770279345
4.56477408727
4.57184326463
4.57890940454
4.58597182883
4.59303131252
4.60008741624
4.60714104713
4.61419151996
4.6212400439
4.62828559954
4.63532775148
4.64236694905
4.64940297393
4.65643660648
4.66346705731
4.67049564567
4.67752117483
4.68454334661
4.69156218914
4.69857771933
4.70559056363
4.71259997847
4.71960742094
4.72661171931
4.7336128348
4.74061049171
4.74760504347
4.75459695727
4.7615855923
4.76857239103
4.77555617864
4.78253701431
4.78951419954
4.79648828862
4.8034594595
4.81042717726
4.81739277503
4.82435519805
4.83131464963
4.83827017342
4.84522263383
4.85217204129
4.85911812486
4.86606210251
4.87300314103
4.87994151078
4.88687598467
4.89380757619
4.90073599979
4.90766113923
4.91458390795
4.92150367121
4.92842066791
4.93533348477
4.94224327799
4.94914959189
4.95605260311
4.96295301005
4.96985055778
4.97674550314
4.9836363932
4.99052446197
4.99740908668
5.00429064139
5.01116946065
5.018045564
5.02491904278
5.03178837727
5.03865471806
5.04551730215
5.05237669582
5.0592329359
5.06608643783
5.07293722382
5.07978392901
5.08662765918
5.09346766923
5.1003047224
5.10713857295
5.11396996788
5.12079874121
5.12762363019
5.13444547579
5.14126348724
5.14807846208
5.15488984576
5.16169866895
5.16850460921
5.1753066497
5.18210541492
5.18890027153
5.19569212189
5.20248027501
5.20926607301
5.21604908493
5.22282856637
5.22960480566
5.23637727894
5.24314679221
5.24991244679
5.25667569848
5.26343594149
5.27019267568
5.2769458203
5.28369505913
5.29044112988
5.29718312643
5.30392267178
5.31065916198
5.31739245195
5.32412215163
5.3308482048
5.33757119204
5.34429019815
5.35100680567
5.35772033051
5.36443082668
5.37113748921
5.37784045013
5.38454004979
5.39123545131
5.39792816785
5.40461760128
5.4113040985
5.41798661462
5.42466558944
5.43134119301
5.43801278761
5.44468173628
5.45134754529
5.45801071329
5.46466988909
5.47132565302
5.47797785878
5.48462600577
5.49127115884
5.49791296556
5.50455204448
5.5111868881
5.51781828366
5.52444591086
5.53106957474
5.53769010341
5.54430742565
5.550922259
5.55753301796
5.56414057651
5.57074436517
5.57734437597
5.58394102083
5.59053441748
5.59712521683
5.60371178807
5.61029501133
5.61687415345
5.62344947156
5.63002106492
5.63658939745
5.64315513042
5.64971679355
5.65627527342
5.66282975892
5.66938072136
5.67592788281
5.68247194277
5.68901339069
5.69555086297
5.70208505295
5.70861504518
5.71514143403
5.72166359983
5.72818251329
5.73469855705
5.74121067419
5.74771943345
5.75422401368
5.76072517937
5.76722208515
5.7737159478
5.78020698992
5.78669443363
5.79317854629
5.79965852904
5.8061351132
5.81260717902
5.81907605172
5.82554176317
5.83200387016
5.8384623664
5.84491664132
5.85136745608
5.85781363412
5.86425666157
5.87069649289
5.87713308492
5.8835661383
5.88999522651
5.89642097892
5.90284212122
5.90926007838
5.91567462767
5.92208600888
5.92849356415
5.93489706412
5.94129698251
5.94769211301
5.95408384867
5.96047196978
5.96685710441
5.97323837932
5.97961585881
5.98598985381
5.99235929151
5.99872538445
6.00508786275
6.01144756017
6.01780329403
6.02415528744
6.03050356217
6.03684719224
6.04318712974
6.04952315707
6.05585634048
6.06218537504
6.06851075382
6.07483233214
6.0811494927
6.08746293661
6.09377257491
6.10007960293
6.10638259536
6.11268215702
6.1189778494
6.12526925669
6.13155666298
6.13784006621
6.14412067156
6.15039703187
6.15666986701
6.16293857362
6.16920307647
6.17546335738
6.18171966268
6.18797323121
6.19422274437
6.20046898001
6.20671117102
6.21294948219
6.21918347037
6.22541350877
6.23164066429
6.237863721
6.24408336904
6.2502987077
6.25651013539
6.26271688066
6.26891955412
6.27511912579
6.28131469778
6.28750692609
6.29369493204
6.29987934477
6.30605910514
6.31223498646
6.31840771982
6.32457665903
6.33074222361
6.33690349382
6.34306116353
6.34921388877
6.35536255706
6.36150767584
6.36764897913
6.37378671891
6.37992013617
6.38605005427
6.39217503973
6.39829612243
6.40441361373
6.41052762934
6.41663815078
6.42274452859
6.42884750866
6.43494551749
6.44103953833
6.44712960713
6.45321617001
6.45929892668
6.46537743581
6.47145239184
6.47752229937
6.48358816205
6.48964990238
6.49570837774
6.5017630807
6.50781382676
6.51386116389
6.51990368235
6.52594221495
6.5319764771
6.53800755215
6.54403463589
6.55005773047
6.55607715513
6.56209168322
6.56810197286
6.57410769064
6.58011021039
6.58610861694
6.59210321875
6.59809417296
6.60408055651
6.61006279598
6.61604051821
6.6220152144
6.62798579674
6.6339527145
6.63991581753
6.64587442436
6.65182861382
6.65777800816
6.663724159
6.66966595942
6.67560407143
6.68153818049
6.68746800897
6.69339337965
6.699314047
6.7052315739
6.71114490518
6.71705479832
6.72296069801
6.72886260158
6.73475992813
6.74065247476
6.74654163021
6.75242641665
6.75830761649
6.76418452201
6.77005747416
6.77592562469
6.78178897609
6.78764880087
6.79350438735
6.7993565498
6.80520451178
6.81104889092
6.81688853336
6.82272354296
6.82855487908
6.83438202265
6.84020563113
6.84602483528
6.85184042723
6.85765101224
6.8634568455
6.86925863009
6.8750562159
6.88085018299
6.88663976714
6.89242596641
6.89820728035
6.9039841032
6.90975682023
6.91552559244
6.92129075391
6.92705157231
6.93280903636
6.93856151009
6.94430941036
6.95005277525
6.95579210511
6.96152752777
6.96725850967
6.97298608213
6.97870870219
6.98442688301
6.99014042967
6.99585021343
7.00155614092
7.00725786923
7.01295629879
7.01864994272
7.02433921289
7.03002358862
7.03570416637
7.04138057442
7.04705267539
7.05272120948
7.05838491301
7.06404415447
7.06969827771
7.07534867989
7.08099485495
7.08663696467
7.09227557357
7.09790969717
7.10353953717
7.10916425867
7.11478534982
7.12040207539
7.12601476237
7.13162367147
7.13722810181
7.14282804014
7.14842259234
7.15401334344
7.15959951241
7.16518170332
7.17075999361
7.17633410988
7.18190385888
7.18746837701
7.1930292222
7.19858555764
7.20413810532
7.20968663092
7.2152311625
7.22077118913
7.22630585629
7.23183656549
7.23736251223
7.24288454419
7.24840224739
7.25391606909
7.2594253193
7.26492933231
7.2704293687
7.27592478674
7.28141650199
7.28690392082
7.29238778357
7.29786711748
7.30334134383
7.30881137634
7.31427669159
7.31973813325
7.32519496352
7.33064818845
7.33609666728
7.34154004157
7.34697895908
7.35241320635
7.35784361077
7.36326944639
7.36869195698
7.37410988218
7.37952302725
7.38493163981
7.39033572409
7.39573589247
7.4011313712
7.40652345691
7.41191078025
7.4172932865
7.42267085627
7.42804381633
7.4334126373
7.43877670188
7.44413740604
7.44949346428
7.45484500882
7.46019159723
7.46553385224
7.47087199936
7.47620552549
7.48153570312
7.48686127378
7.49218239034
7.49749823284
7.50280964804
7.50811660851
7.51341880739
7.51871741082
7.52401139367
7.52930101671
7.53458526869
7.53986527926
7.54514083925
7.5504118932
7.55567939548
7.56094254145
7.56620152583
7.57145507822
7.57670440988
7.58194903893
7.58718909355
7.59242523324
7.5976569514
7.60288439218
7.60810621336
7.61332376197
7.61853646358
7.62374474731
7.62894904234
7.63414923174
7.639345364
7.64453605754
7.64972261346
7.6549042939
7.66008166252
7.66525477664
7.67042382006
7.67558864382
7.68074789112
7.68590276298
7.69105250348
7.6961978832
7.70133873655
7.70647568006
7.7116084661
7.71673592067
7.72185909884
7.72697728181
7.73209132651
7.73720077243
7.74230650862
7.7474080459
7.75250432687
7.75759608949
7.76268266602
7.76776493159
7.77284223018
7.77791576551
7.78298494465
7.78804900876
7.7931084536
7.79816283431
7.80321304884
7.80825833419
7.81330011221
7.818337641
7.82337037069
7.82839837959
7.8334213563
7.838440035
7.84345353253
7.84846336681
7.85346870527
7.85846927263
7.86346481526
7.86845531727
7.87344142893
7.87842235099
7.88339970842
7.88837269667
7.89334130998
7.89830492725
7.90326375276
7.90821818355
7.91316743722
7.91811301777
7.92305410202
7.92799084721
7.9329222697
7.93784881282
7.94277066273
7.9476872274
7.95259993428
7.95750814775
7.96241226474
7.96731108239
7.97220530215
7.97709488116
7.98197941034
7.98686006145
7.99173632175
7.99660863211
8.00147550992
8.0063377655
8.01119507163
8.01604722205
8.02089510836
8.02573848191
8.03057788562
8.0354117768
8.0402411483
8.04506552946
8.04988500902
8.05470018604
8.05951109811
8.06431826049
8.0691200511
8.07391743826
8.07870971007
8.08349711773
8.08827985255
8.09305821504
8.09783264103
8.10260157355
8.10736597313
8.11212506768
8.11687938197
8.12162883245
8.12637409414
8.13111554709
8.13585180399
8.14058370396
8.1453103964
8.15003251762
8.15474959573
8.15946252645
8.16417148639
8.16887525198
8.17357443343
8.17826818683
8.18295726887
8.18764096993
8.1923204995
8.19699595563
8.20166646521
8.20633244525
8.21099317921
8.21564948211
8.22030042057
8.22494736729
8.22959021945
8.23422835559
8.23886182085
8.24348997674
8.24811355879
8.2527314645
8.25734518853
8.26195452581
8.26655923967
8.27115911317
8.27575377043
8.28034392176
8.2849284644
8.28950897198
8.2940851608
8.29865711342
8.30322424397
8.30778633981
8.31234388768
8.31689573909
8.32144335878
8.32598637501
8.33052515876
8.33505882035
8.33958741343
8.34411127709
8.34862943259
8.35314328158
8.35765253083
8.3621578708
8.36665817695
8.37115373688
8.37564463678
8.38013002154
8.38461101252
8.3890873133
8.39355975286
8.39802694499
8.40248934312
8.40694677742
8.41139862666
8.41584576269
8.42028806789
8.42472657908
8.42915985561
8.43358857667
8.43801238603
8.44243094141
8.44684477315
8.45125390169
8.4556593759
8.46005964939
8.46445543397
8.468846099
8.47323151685
8.47761181678
8.48198721437
8.48635876818
8.49072502716
8.49508680088
8.4994433647
8.50379492106
8.50814128403
8.51248293129
8.51682086105
8.52115375308
8.52548234434
8.52980574371
8.53412431476
8.53843744114
8.54274575788
8.54705008285
8.55134929384
8.55564402062
8.5599333526
8.56421788594
8.56849674921
8.5727708518
8.5770409071
8.58130614088
8.58556704602
8.5898227427
8.5940739321
8.59831943887
8.60256027593
8.60679688911
8.61102877583
8.61525614429
8.61947816067
8.62369556327
8.6279069984
8.63211362245
8.63631573285
8.64051326491
8.64470623841
8.64889403317
8.6530774231
8.65725498255
8.66142791271
8.66559629536
8.66976039107
8.67391987716
8.67807425673
8.68222415225
8.68636807314
8.69050715311
8.6946413018
8.69877114975
8.70289614016
8.70701606112
8.71113146171
8.71524100342
8.71934577398
8.72344560967
8.72754147554
8.73163256056
8.73571885956
8.73980067636
8.74387676671
8.74794796282
8.75201396818
8.75607595099
8.76013286926
8.76418494742
8.76823228875
8.77227392467
8.77631049963
8.78034177653
8.78436917354
8.78839156975
8.79240943801
8.79642265963
8.80043053242
8.80443335751
8.80843088057
8.81242454614
8.81641310128
8.82039712473
8.82437622436
8.82834998592
8.83231837477
8.83628125427
8.84024012868
8.84419383405
8.84814313496
8.85208750551
8.85602690372
8.85996097405
8.86388971116
8.86781452168
8.87173430385
8.87564980852
8.87956027976
8.88346590971
8.88736594031
8.89126047513
8.89515075315
8.8990358716
8.90291659721
8.90679212653
8.910662988
8.91452818318
8.91838803643
8.92224362079
8.92609431711
8.92994080265
8.9337822056
8.93761921659
8.94145051078
8.94527648596
8.94909788868
8.95291435935
8.9567263942
8.96053314077
8.96433545311
8.96813185782
8.97192293073
8.97570920453
8.9794907394
8.98326789676
8.98703996057
8.99080787238
8.99457004123
8.9983270821
9.00207918221
9.00582669416
9.00956967944
9.01330750993
9.01704107068
9.02076872731
9.02449111438
9.02820816992
9.03192064376
9.03562841896
9.03933113875
9.04302967581
9.04672252881
9.05041032784
9.05409278068
9.05777093447
9.06144439308
9.06511296939
9.06877731916
9.07243603528
9.07608958327
9.07973743608
9.0833808801
9.0870193143
9.09065282631
9.09428192707
9.09790551879
9.10152397549
9.10513670492
9.1087452318
9.11234881737
9.11594778836
9.11954239915
9.12313180725
9.12671610653
9.1302945657
9.13386874258
9.13743773497
9.14100204479
9.14456166773
9.14811611927
9.15166527653
9.15520846273
9.15874731536
9.16228096804
9.16581015785
9.1693346875
9.17285445759
9.17636906228
9.17987784798
9.18338231622
9.18688157392
9.19037640403
9.19386633028
9.19735155981
9.20083137606
9.2043052235
9.20777445481
9.21123833753
9.2146977709
9.21815218076
9.22160217544
9.22504683601
9.22848578536
9.23192014572
9.23534935786
9.23877426877
9.24219413336
9.24560977238
9.24901997255
9.25242445121
9.25582398056
9.25921822212
9.26260794477
9.26599238351
9.26937262445
9.27274735288
9.27611651723
9.27948061675
9.28283965512
9.28619429479
9.2895437984
9.2928893679
9.29622954771
9.29956436698
9.30289389671
9.30621838109
9.30953823614
9.31285277145
9.31616322283
9.31946812835
9.32276766322
9.3260616033
9.32935057203
9.33263483788
9.33591392336
9.33918907904
9.34245893923
9.345723746
9.34898292563
9.35223733968
9.35548695688
9.3587314231
9.36197180632
9.36520684084
9.36843675082
9.37166067911
9.37487974818
9.37809373781
9.38130257993
9.3845072294
9.38770672413
9.3909013125
9.394089971
9.39727402265
9.40045303249
9.40362713677
9.40679699762
9.40996188162
9.41312187569
9.4162757561
9.41942490071
9.42256868162
9.42570746532
9.42884166613
9.431970941
9.43509530461
9.43821354905
9.44132714034
9.4444353991
9.44753893657
9.45063789388
9.45373228095
9.45682190066
9.45990550727
9.46298442482
9.46605786012
9.46912652936
9.47219025445
9.47524939604
9.47830357106
9.48135165785
9.48439487328
9.48743251819
9.49046549273
9.49349344126
9.49651712848
9.49953600827
9.50254911567
9.50555740527
9.50856022704
9.51155846537
9.51455149649
9.51754032459
9.52052416888
9.52350222428
9.52647512806
9.52944240134
9.53240494541
9.53536205816
9.53831505936
9.5412630969
9.54420565486
9.54714306857
9.55007509233
9.55300253655
9.5559246025
9.5588427252
9.56175589204
9.5646637485
9.56756619098
9.57046316677
9.57335530807
9.57624181667
9.57912422651
9.58200153636
9.58487367455
9.58774023653
9.590601503
9.59345797254
9.59630896544
9.59915601812
9.60199815517
9.60483546009
9.6076671222
9.6104936114
9.61331512893
9.61613107204
9.61894282679
9.62174950304
9.62455133443
9.62734723342
9.63013795199
9.63292351577
9.63570358422
9.63847942817
9.64125039398
9.64401684684
9.64677746753
9.64953317618
9.65228371797
9.65502891395
9.65776971276
9.66050563383
9.66323702273
9.66596235758
9.66868266629
9.67139748807
9.67410691387
9.67681164576
9.67951156314
9.68220706766
9.6848966302
9.68758138122
9.69026071312
9.69293494746
9.69560443021
9.69826931383
9.70092986738
9.70358450756
9.70623426851
9.708878367
9.71151729418
9.71415105039
9.71678013616
9.71940475126
9.72202347533
9.72463730254
9.72724546505
9.72984868027
9.73244667613
9.73504029399
9.737629589
9.7402132883
9.74279214372
9.7453653313
9.74793360556
9.7504963516
9.75305464796
9.75560837184
9.75815649061
9.76069952386
9.76323677218
9.76576909758
9.7682957365
9.77081807205
9.77333589709
9.77584850608
9.77835612484
9.78085817759
9.78335546227
9.78584700603
9.78833428656
9.79081690606
9.79329441032
9.79576664286
9.79823319357
9.80069477347
9.80315036705
9.80560158471
9.80804801309
9.81048958666
9.81292587096
9.81535673124
9.81778275985
9.820202954
9.82261889258
9.8250300828
9.82743669402
9.82983788985
9.83223370429
9.83462447422
9.8370092421
9.83938947155
9.84176470447
9.84413540664
9.84650050446
9.84886033478
9.85121507778
9.85356399273
9.85590840547
9.85824796494
9.86058334118
9.8629131946
9.86523801985
9.86755768799
9.86987159218
9.8721807314
9.87448484149
9.87678470325
9.87907880673
9.88136783176
9.88365145428
9.88592936878
9.88820232726
9.89047032682
9.8927342843
9.89499265531
9.89724624551
9.89949450582
9.90173734928
9.90397511515
9.9062079596
9.90843673467
9.91065984775
9.91287809723
9.91509073421
9.91729791982
9.91949964688
9.92169636864
9.92388894494
9.92607596312
9.92825825839
9.9304350191
9.93260666424
9.93477283219
9.93693420884
9.93909150036
9.9412434262
9.94339064547
9.94553222127
9.94766869158
9.94979932002
9.95192500664
9.95404631383
9.95616225897
9.95827338118
9.96037882409
9.96247932076
9.96457392246
9.96666377721
9.96874930192
9.97082983636
9.97290566367
9.97497595801
9.97704144462
9.97910089423
9.9811555297
9.98320553318
9.98525056397
9.98729062159
9.9893250332
9.99135454979
9.99337787311
9.995396371
9.99741013184
9.99941924696
10.0014234689
10.0034223332
10.005416503
10.0074046077
10.0093879581
10.0113664385
10.0133404269
10.0153093184
10.0172728181
10.0192314175
10.0211837887
10.0231311782
10.0250734197
10.0270112792
10.0289439544
10.0308714579
10.0327941508
10.0347108738
10.0366227202
10.0385294639
10.0404321039
10.042329554
10.0442219912
10.0461094844
10.0479910117
10.0498673807
10.0517383498
10.0536051245
10.055466483
10.0573228641
10.0591741676
10.0610196982
10.0628600323
10.0646950438
10.0665260955
10.0683518829
10.0701729942
10.071989054
10.0737995927
10.0756047741
10.077404511
10.0792001501
10.0809903425
10.0827757768
10.084555881
10.0863305211
10.0880995531
10.0898631038
10.0916225526
10.0933767007
10.0951263378
10.0968707513
10.0986100951
10.1003438339
10.1020722105
10.1037964246
10.1055153758
10.10722977
10.1089387289
10.1106426319
10.1123405955
10.1140330519
10.1157210649
10.1174038404
10.1190820705
10.1207549006
10.1224229821
10.1240851819
10.125742109
10.1273945932
10.1290421116
10.130685153
10.1323228147
10.1339558253
10.13558276
10.1372043081
10.1388210191
10.1404327171
10.1420397163
10.143641248
10.1452381815
10.1468290172
