metodo_1_dt_1:1
1.40069205966e-06
4.73404004959e-05
3.30305355267e-06
4.68459100708e-05
2.38625734435e-06
4.9186256876e-05
1.47960260016e-06
4.56217660301e-05
8.06710048026e-06
3.75426144056e-05
1.76000499237e-05
2.65517315714e-05
3.00484564549e-05
1.26240870758e-05
4.54524943086e-05
4.27999266607e-06
3.61744163834e-05
2.41540307521e-05
1.48020587853e-05
4.70393042613e-05
9.62403448353e-06
2.70382051936e-05
3.70286288479e-05
1.83432362239e-06
3.27087595866e-05
3.35140914428e-05
4.94773440067e-07
3.19128682689e-05
3.64759264377e-05
5.61275567546e-06
2.45940831068e-05
4.59738490051e-05
1.72933551801e-05
1.07500063579e-05
3.79467263291e-05
3.5557633596e-05
9.8582200526e-06
1.52375719084e-05
3.95095100031e-05
3.69716599301e-05
1.41984192372e-05
7.92929104024e-06
2.91891359684e-05
5.02359058708e-05
3.03916943884e-05
1.12648753472e-05
7.15431285274e-06
2.48174048461e-05
5.82490104037e-05
4.20386706954e-05
2.65517791533e-05
1.18058779359e-05
2.23538852556e-06
1.55681167966e-05
2.81168382819e-05
6.00537809265e-05
4.89358371924e-05
3.85642485135e-05
2.89019424168e-05
1.99651028019e-05
1.17644600758e-05
4.51497322522e-06
2.62020934402e-06
8.63516001355e-06
1.37659636727e-05
1.83361847892e-05
2.2053388046e-05
2.51288569088e-05
2.74161798459e-05
2.89626781325e-05
2.97640338338e-05
2.98636717268e-05
2.91783604004e-05
2.77418037615e-05
2.56110933936e-05
2.26877411544e-05
1.9009760892e-05
1.46635809473e-05
9.5130736234e-06
3.96065653434e-06
3.87704028629e-06
1.06461427084e-05
1.87619172905e-05
2.75961224345e-05
3.7146377123e-05
4.74130782198e-05
5.83731703191e-05
7.00769724389e-05
1.76200373953e-05
4.81235446813e-06
9.72787001742e-06
2.41322563152e-05
3.94330557252e-05
5.54694287702e-05
7.22369766969e-05
1.05359938098e-05
8.26677453632e-06
2.70056636298e-05
4.66617198543e-05
6.70584448224e-05
1.19612756029e-05
1.02776479782e-05
3.27983269798e-05
5.61864956575e-05
1.98324286459e-05
5.38297164235e-06
3.08013236872e-05
5.70869317843e-05
1.60641264456e-05
1.21244198606e-05
4.05265613574e-05
6.98123932934e-05
1.81771645269e-06
3.06484983895e-05
6.20905864739e-05
6.12363934193e-06
2.74058398645e-05
6.10454006003e-05
5.4533378023e-06
3.07221502295e-05
6.65995772745e-05
4.4182463024e-06
4.06584441977e-05
7.87399073605e-05
1.77692045877e-05
5.71686391928e-05
3.89506308448e-06
3.85349669766e-05
8.02347693546e-05
2.27794647625e-05
6.59265445581e-05
1.0262510375e-05
5.46047844066e-05
2.98352588965e-06
4.62079093013e-05
7.80976250338e-06
4.07200898253e-05
1.12894792003e-05
3.82465233534e-05
1.24055764584e-05
3.86837402166e-05
1.05314066064e-05
4.21057705999e-05
6.23032103704e-06
4.83803920551e-05
4.44691495883e-06
5.76041005835e-05
1.37694711812e-05
6.97486405448e-05
2.70390321055e-05
8.48622856439e-05
4.35921163761e-05
5.19998862337e-06
6.30347548264e-05
2.4052962096e-05
8.54599969565e-05
4.78431420455e-05
1.16867350735e-05
7.47442888466e-05
3.94297977221e-05
5.85880616839e-06
7.07486535804e-05
3.76370495924e-05
6.50982081737e-06
7.33250743207e-05
4.24932507254e-05
1.2659771521e-05
8.25694074339e-05
5.38271601014e-05
2.59562822396e-05
4.51415562917e-06
7.1776544581e-05
4.59366030657e-05
2.09756269673e-05
5.9429616465e-06
7.24411136859e-05
4.9401345161e-05
2.72819569461e-05
6.78603782672e-06
8.44809471942e-05
6.42774791475e-05
4.48962310946e-05
2.63085260629e-05
8.90894641872e-06
9.07864936364e-05
7.4349799471e-05
5.87146513586e-05
4.38184042268e-05
2.98462772746e-05
1.66796913254e-05
6.23021520622e-06
9.1565159126e-05
8.03810820259e-05
7.00026534279e-05
6.03001649956e-05
5.14210348669e-05
4.31382408729e-05
3.57522847207e-05
2.89843494465e-05
2.31358450614e-05
1.81290388381e-05
1.36706440203e-05
1.04871047792e-05
7.8197870536e-06
6.7558320428e-06
6.1115006303e-06
5.50014935669e-06
5.8859680525e-06
6.31323859632e-06
6.10742136365e-06
7.32634389712e-06
9.36216994295e-06
1.18364423919e-05
1.57456981856e-05
2.0473245278e-05
2.57704618225e-05
3.20874323715e-05
3.91535208249e-05
4.68409501456e-05
5.54006548184e-05
6.46666311385e-05
7.47073794573e-05
8.5448738036e-05
9.69407361038e-05
1.10574080336e-05
2.28910736736e-05
3.62677901049e-05
5.0566336907e-05
6.56800169139e-05
8.15880711242e-05
9.82087197244e-05
1.68204770308e-05
3.42167900593e-05
5.28422341719e-05
7.23409661119e-05
9.26487439754e-05
1.52307294621e-05
3.59851907969e-05
5.82510424557e-05
8.14562262749e-05
8.91621665863e-06
3.07559402149e-05
5.58447213858e-05
8.19705691368e-05
1.1272116677e-05
3.70241585207e-05
6.52025766704e-05
9.42444804465e-05
2.49533701956e-05
5.50465464571e-05
8.62239427442e-05
1.94611400758e-05
5.14228661131e-05
8.47623266312e-05
2.01341560653e-05
5.42973591682e-05
8.98105752579e-05
2.71468243671e-05
6.36292209097e-05
0.000101391004893
4.04947475428e-05
7.9450177477e-05
2.08299357218e-05
6.05153121245e-05
0.000101896570287
4.46359540397e-05
8.73392238914e-05
3.18609201853e-05
7.57691632177e-05
2.22438531592e-05
6.71639214336e-05
1.60829018479e-05
6.15251928989e-05
0.000109560958574
5.87906073669e-05
0.000108314800647
5.92077800062e-05
0.00011012159664
6.23777478476e-05
1.71089596314e-05
6.86459192096e-05
2.40499467914e-05
7.77445252882e-05
3.43078217871e-05
8.97978956028e-05
4.74024012873e-05
0.00010479227195
6.3634883161e-05
2.42297271948e-05
8.28926863046e-05
4.41272500787e-05
0.000105030062832
6.7406590476e-05
3.1300208747e-05
9.39361133486e-05
5.86124245743e-05
2.51610373449e-05
8.92437051436e-05
5.62125842085e-05
2.49469850734e-05
9.11932260066e-05
6.03225804274e-05
3.04912515141e-05
9.96695569867e-05
7.08170340268e-05
4.31261468455e-05
0.000114779374301
8.81932921764e-05
6.23529808563e-05
3.77681130352e-05
0.000112142205495
8.8516200354e-05
6.55543230701e-05
4.37609027527e-05
2.3282865021e-05
0.000100512178721
8.04706056283e-05
6.12263140783e-05
4.30882438732e-05
2.60180096011e-05
0.000107049543048
9.06184744411e-05
7.49482126354e-05
6.02290037873e-05
4.62930527508e-05
3.35575130882e-05
0.000119039114278
0.000106988405002
9.56810790255e-05
8.52443079596e-05
7.54418940047e-05
6.63906079151e-05
5.82831101847e-05
5.0767348665e-05
4.41167162355e-05
3.81471219551e-05
3.32920205333e-05
2.89144029301e-05
0.000122747063283
0.000119568686363
0.000117090546455
0.000115347881744
0.000114416146168
0.000114091317438
0.000114516479327
0.000115615705972
0.000117433659529
0.000119974268204
0.000123277554765
2.95327135688e-05
3.38637142652e-05
3.91176622164e-05
4.50334097891e-05
5.17508184822e-05
5.93443937958e-05
6.76342138381e-05
7.67137465497e-05
8.66351520397e-05
9.72769798018e-05
0.000108751233652
0.000120957277618
3.60202485346e-05
4.91278479447e-05
6.29348920625e-05
7.79299385098e-05
9.36442092142e-05
0.000110176130733
0.000127405559978
4.66656420184e-05
6.49720632994e-05
8.41464461687e-05
0.00010421078031
0.000124901765866
4.80225409689e-05
6.97624145556e-05
9.24500428204e-05
0.000116161813677
4.22405542068e-05
6.67868782067e-05
9.24373081229e-05
0.000118929026509
4.79636889925e-05
7.52908747585e-05
0.000104000777356
3.57839144014e-05
6.49584243465e-05
9.55428147283e-05
0.000127249902064
6.09498835792e-05
9.36626146828e-05
0.00012756536084
6.34175852389e-05
9.8367937709e-05
3.7073527318e-05
7.24121624401e-05
0.000109688268188
4.96650599946e-05
8.80297869134e-05
0.000127660734842
6.93708399218e-05
0.000110249638775
5.37779937327e-05
9.57732318402e-05
4.18253989087e-05
8.44760169067e-05
0.000129122259806
7.5867193892e-05
0.00012185594833
7.02349956871e-05
0.000117553333478
6.74819001706e-05
0.00011616455337
6.75855636404e-05
0.000117551362503
7.02210976039e-05
0.000121945207761
7.60667509432e-05
0.000129320499078
8.46261268734e-05
4.21390439399e-05
9.63323290594e-05
5.47420969725e-05
0.000110832149253
7.02128110422e-05
0.000128425108732
8.88336032198e-05
5.10391097978e-05
0.000110528127234
7.35041255525e-05
0.000135246227897
9.93544685628e-05
6.45024116426e-05
0.000128351507239
9.45457432253e-05
6.20132062761e-05
0.000127918342734
9.62990229017e-05
6.57949106215e-05
0.000133984453694
0.00010450181144
7.60136986286e-05
4.90757707042e-05
0.000119321298613
9.28922907442e-05
6.75401388144e-05
0.00014063804048
0.000116267871236
9.28365933705e-05
7.03561888744e-05
4.92109267644e-05
0.000125008917536
0.000104429155385
8.4681964942e-05
6.59345601665e-05
4.80719712396e-05
0.000127515399134
0.000110476068518
9.4253217533e-05
7.87245768202e-05
6.42605627682e-05
5.08773231736e-05
0.000134406359107
0.00012164857375
0.000109673593564
9.83502803144e-05
8.7952107641e-05
7.81972193547e-05
6.9429041566e-05
6.11912030991e-05
5.38596996352e-05
0.000144249738569
0.000137984481239
0.000132415523434
0.000127792267683
0.000123706487639
0.000120411572469
0.000117803218204
0.000116166679804
0.00011503669616
0.000114702286339
0.000115048827858
0.000116191373206
0.000117996249907
0.000120578926316
0.00012382371745
0.000127846934813
0.000132431411527
0.000137850035415
0.000144049152179
5.42407653848e-05
6.14497472708e-05
6.91384744894e-05
7.78642024513e-05
8.74698290589e-05
9.76144873235e-05
0.000108697721223
0.000120423596505
0.00013309812828
0.000146314197493
6.3341803638e-05
7.73495831677e-05
9.23041970249e-05
0.00010847752137
0.00012528137599
0.000142918645368
6.39784820197e-05
8.26443906338e-05
0.000102094863744
0.000122504245069
0.000143782805517
6.84124117103e-05
9.0439926224e-05
0.0001136103042
0.00013826299914
6.48990599986e-05
9.11199172633e-05
0.000115795422811
0.000143696332983
7.29972359796e-05
0.000102079438072
0.000129787399747
6.11948240819e-05
9.23615247924e-05
0.000122411647452
5.94678175422e-05
8.93104155276e-05
0.000123682188238
6.02614998541e-05
9.55112296602e-05
0.000129688672719
6.77333943064e-05
0.000105553861983
0.000142479273274
8.48627756131e-05
0.000122435628891
6.78632758667e-05
0.00010553971162
0.000146130671215
9.18238420504e-05
0.000133238194765
8.13022109872e-05
0.000123331864298
7.01694862975e-05
0.000116461963533
6.5435480194e-05
0.000110325615988
6.36383056308e-05
0.000109191807643
6.47190422253e-05
0.000111040345193
6.42735978715e-05
0.000115896262105
7.06322703738e-05
0.000121212724927
7.97706997297e-05
0.000131764126973
8.85156183145e-05
0.000145171088603
0.000103345889379
6.32819907249e-05
0.000121133088241
8.20686766155e-05
0.000139579703182
0.000101173824005
6.79043293636e-05
0.000126163835977
9.02525142805e-05
0.000154155156113
0.000119463486559
8.59570533665e-05
0.000149759822561
0.000119383440893
8.80936449404e-05
0.000153741755766
0.000123269418368
9.65283396868e-05
6.89348460022e-05
0.000135953003906
0.000108506702354
8.53757522511e-05
0.000155108954157
0.000129748569932
0.000105179515842
8.163772975e-05
0.000157543950483
0.000135111599978
0.000113448739956
9.27320598293e-05
7.3024947017e-05
0.000150108387156
0.00013333150076
0.000115322189609
9.82130429103e-05
8.1907584381e-05
6.66664973249e-05
0.000147571501306
0.00013520529183
0.000121590928447
0.000108686020302
9.66389849543e-05
8.54011935365e-05
7.48766650537e-05
0.000161180586539
0.000151765302868
0.000145145153861
0.000137248645923
0.00013008434739
0.000123651096753
0.000117868993232
0.000112886803484
0.000108630489688
0.000105098212341
0.000102197083512
0.000100104480922
9.87337533422e-05
9.80857181368e-05
9.80688163562e-05
9.88719074778e-05
0.000103579150092
0.000105760877055
0.000108671964578
0.000112316730918
0.000116599483197
0.000121677794509
0.000127477880568
0.000134004248867
0.000141260603887
0.000149249901848
0.000157974442477
0.000167435978535
8.30766223327e-05
9.31995671622e-05
0.000100906066059
0.000113005028202
0.000125985265376
0.000139746484695
0.000154280103639
7.41591372732e-05
8.92350308083e-05
0.000105364387559
0.000122437738282
0.000140455486173
0.00015924824812
8.40964684579e-05
0.000103262302361
0.000123636424847
0.000142522346607
0.000165115485454
9.21444690563e-05
0.000115450559699
0.000139851715794
0.000165199018472
9.60609303715e-05
0.00011893527283
0.000146438909191
7.96663742106e-05
0.000107397745544
0.000136607690504
0.000166974122607
9.92751718365e-05
0.000130727155114
0.000163295600658
0.000100798154333
0.000134018714188
0.00016623027363
0.000105148244264
0.000140831979259
8.36496409146e-05
0.000119320787755
0.000154419557579
9.77972390301e-05
0.000136630303749
8.37205090623e-05
0.000119206831792
0.00016095589193
0.000107987675438
0.000147905063954
9.63669336e-05
0.000140265232693
9.18347810789e-05
0.000133028602576
8.56866580671e-05
0.000131623996645
8.23360550268e-05
0.000129980377894
8.62380222171e-05
0.000131213897837
8.80594767805e-05
0.000138213036347
9.28083380228e-05
0.00014507372143
0.000100635845891
0.000154978082471
0.00011497860963
0.00016797299413
0.000128695155422
9.2766512712e-05
0.000145710577262
0.000109796229382
0.000166020245203
0.000130596262719
9.38302463632e-05
0.000154955166163
0.00012236102851
8.80899380026e-05
0.00015046847922
0.000116826429439
8.87640373677e-05
0.000149509373566
0.000121032059444
9.06893531969e-05
0.000157678097706
0.000128117720943
0.000103267365022
0.000169667187018
0.000144865804369
0.000118308136859
9.69225248314e-05
0.000165239215928
0.000143539657862
0.000119895990453
9.70634517624e-05
0.000172427703027
0.000150677595977
0.00013282577804
0.000112827343607
9.80822260928e-05
0.000172438582634
0.000154329971306
0.000139974625639
0.000123465052463
0.000107723507087
9.69464761425e-05
0.000176261138205
0.000165197931517
0.000152206636897
0.000139946410502
0.000131790250042
0.000121031445671
0.000110995693575
0.000105976943897
9.74561505121e-05
8.96232622356e-05
0.000175892589051
0.000171976300495
0.000166186659762
0.000161119734484
0.000159643665677
0.000155942153782
0.000152964632291
0.000150717210048
0.000152243185747
0.000151344939264
0.000151185799025
0.000151773682656
0.000153115998311
0.00015811849664
0.000160821211746
0.000164358623098
0.000168601595886
0.000173622149842
0.000182017414725
9.62234981254e-05
0.000102258364484
0.000109241763176
0.000117258620455
0.000126097314525
0.000135841566152
0.000146471528482
0.000160905329333
0.000173049810464
9.40104867419e-05
0.000106063070872
0.000119362316016
0.000133867394212
0.000149305331348
0.000165702236316
9.04049903234e-05
0.000106681392471
0.000124386777744
0.000143284949193
0.0001632988047
9.10604499972e-05
0.000110956494162
0.000132500587888
0.000155198465961
0.00017903257028
0.000109009136298
0.000133200705835
0.000158829917428
9.2773620878e-05
0.000118210502689
0.000145392409187
0.000173931966939
0.000109820622344
0.000138560824799
0.000168998619961
0.00010778132097
0.000138218614058
0.000170440098584
0.000107138016623
0.000140280764813
0.000175197807771
0.000117089533483
0.000152442296914
9.83625787233e-05
0.000133417091122
0.00016794589047
0.000113532466331
0.000152442126761
0.000101459774936
0.00014039315958
0.000178981787399
0.000127487361428
0.000170558287746
0.000121747216338
0.000165352944609
0.000114402377524
0.000159780358515
0.000114432406292
0.000157103989049
0.000112635195488
0.000160543101026
0.00011814604246
0.000163620891932
0.000121648596731
0.000172668222251
0.000128289542034
0.000181440624142
0.000141730151746
0.000100727361112
0.000154192084723
0.000118283668077
0.000169873006643
0.000133938249235
9.65544016151e-05
0.000153255367979
0.000120679105622
0.000176025003409
0.000143404443309
0.000108933537208
0.000169896308169
0.000140003297723
0.000108057642056
0.000170501483896
0.000138904543643
0.000113526858461
0.000174286501881
0.000148332927662
0.00012010495413
0.000187922690626
0.000160362096871
0.000137872249801
0.000112806226326
0.000179413730215
0.000157974385874
0.000134245488344
0.00011629828184
0.000185379487952
0.000166819689572
0.000145835850863
0.000125716892787
0.000111618459326
0.000183541957806
0.000168641943917
0.000151212957234
0.000134592137276
0.000123668024465
0.000109091533012
0.000185216329155
0.000174556668713
0.000161350789031
0.000148881329487
0.00014151439615
0.000130665927853
0.000120551027605
0.000111164117032
0.000108119367646
0.000189009175679
0.000181404516703
0.000174503086729
0.000171846700068
0.000166442337858
0.000161675034653
0.000157621234524
0.00015428192276
0.00015571441263
0.000153756751603
0.000152507612664
0.000152059618664
0.000152241648222
0.000153149332145
0.000154877054178
0.000161134890282
0.000164125284178
0.000167943002065
0.000172430585356
0.000177679506796
0.000183767916968
0.00019055077678
0.000108214557475
0.000115307261957
0.000123423594074
0.000132328657722
0.000142128134379
0.000152889799672
0.000164422428176
0.000176875518739
0.000190082383714
0.000113358513929
0.000126649127268
0.000141156919556
0.000156599976267
0.00017309180412
0.000190492931229
0.000118484966689
0.000135770673277
0.000154255179503
0.000173968288184
0.000191241162401
0.000121411091697
0.000142554758409
0.000164940014599
0.000188551353296
0.000123098929366
0.000146360190961
0.000167342536088
0.000105483761701
0.00013003710248
0.000156759566463
0.000184996192503
0.000119960525608
0.00014857739398
0.000178915592739
0.000121553324445
0.000146738012571
0.000179327941897
0.00012359955727
0.000155820167688
0.00018630980472
0.000131683916434
0.000166642555195
0.000111143318766
0.000146175755019
0.000183909412824
0.000128821901036
0.00016727080525
0.000114482588807
0.000153516964887
0.000195089491212
0.000142516250956
0.000185194415302
0.00013442317195
0.000178225570492
0.000134403312215
0.000174104707083
0.000131880582838
0.000172835521254
0.000132001752148
0.000174433661774
0.000134791020594
0.000178924614828
0.000140283043824
0.000186253025422
0.000148481114254
0.000196412888599
0.000154846634751
0.000121443402437
0.000168970966436
0.000135733618321
0.000186032820427
0.000148281841839
0.00011890427633
0.000169249457103
0.000139505452765
0.000193343231706
0.000158979999763
0.000132262285306
0.000187192723913
0.000155185601486
0.000125085610975
0.000187406839478
0.000157582097438
0.000129629275001
0.000194086461911
0.000166298668835
0.00014004898786
0.000115828171928
0.000177097624209
0.000156736094703
0.000133771833351
0.000198592236106
0.000175399880775
0.000153286815504
0.000138052165911
0.00011967643672
0.000184907868719
0.000165539455065
0.000147325023267
0.000130520672407
0.000115117799707
0.000184600678422
0.000168553432351
0.000153419963177
0.000139341553526
0.000132418208511
0.000121255498084
0.000193439217806
0.000181679245882
0.000170809543182
0.000160933594005
0.000151879962007
0.000143847243587
0.000130781739311
0.00012424744468
0.000118494051506
0.000113624380623
0.000193599089209
0.00018883117028
0.00018492090618
0.000181699525736
0.000179320170745
0.000177663117542
0.000172058038627
0.000171698733995
0.000171950356465
0.000172991318728
0.000174632841601
0.000177052244678
0.00017547847644
0.000179226469128
0.000183667385026
0.000188715227413
0.000190293552121
0.000196811806772
0.000120086258462
0.000127484249731
0.000129242197162
0.000138059702705
0.000147708602118
0.000152695495485
0.000163847100866
0.000175825195527
0.000183986944062
0.000197458895434
0.000121409376626
0.000135330680529
0.0001501560017
0.000160634776162
0.000177329489099
0.000190551337511
0.000124638596
0.000136046734774
0.000154932944999
0.000170067449752
0.000191226650758
0.000123077694506
0.000144084037947
0.000161194896984
0.000184938710989
0.000120674062063
0.000143885669022
0.000163365828446
0.000189800040531
0.000128228077411
0.000148441849975
0.000176538270125
0.0002014815697
0.000145761737052
0.000169568022757
0.00019629542804
0.000143226666134
0.000168741918551
0.000197451460044
0.000140292541365
0.000174010457666
0.000122560363166
0.000149380090806
0.000180675739248
0.000134598496399
0.000164585543869
0.000198628303272
0.000146794521602
0.000186150642288
0.000138336954994
0.000172028035335
0.000126788211709
0.000160727849028
0.000199673362042
0.000152293000615
0.000196752895063
0.000152319814844
0.000192127602695
0.000149167940755
0.000190356246726
0.000148692347361
0.00019126805256
0.000150690216335
0.000194973432989
0.000155441760985
0.000201588181885
0.000162814210013
0.000128978669417
0.000173138076859
0.000139323279615
0.000186300616674
0.000152566999145
0.000202549051674
0.000163550557561
0.000132929072012
0.000183692167301
0.000152760038976
0.000126328107752
0.000176169193382
0.000148591791413
0.000198303457704
0.000169532169778
0.000143791513839
0.000200473632835
0.000174204644881
0.000144506325515
0.000203992722233
0.00017926752297
0.00015120048148
0.000131441508274
0.000190891791888
0.00016988533651
0.000145140500843
0.000129127784077
0.000189387692607
0.000165780230343
0.000149677608885
0.000129071001048
0.000193891365793
0.00017809093073
0.000158259009154
0.000145914085818
0.000128789049106
0.00019598303377
0.000178327820302
0.000167147593992
0.000151328811853
0.00014320432947
0.000129595468706
0.000200918536293
0.000187325531864
0.000179781637019
0.000167817079775
0.000156596814515
0.000152279212569
0.000142686158682
0.000140834957929
0.000132698234309
0.000204393214951
0.000201811845463
0.000195108462798
0.000189000003044
0.000188899408974
0.000184246130285
0.000180270591442
0.000176873171262
0.000179740802603
0.000177742492508
0.000176419734481
0.000175681135266
0.000181270373208
0.000181911189894
0.000183255554043
0.000185316292226
0.000188106141238
0.000191637297066
0.000200888009519
0.000205765035039
0.000134151819208
0.000138589546167
0.000143901076107
0.000150114621677
0.000157249217898
0.000165315432732
0.000174316569534
0.00018425011796
0.000195110545079
0.000206896889585
0.000139721853138
0.000150581203786
0.000162751585868
0.000176159053139
0.000190733515724
0.00020641151516
0.000144404076895
0.000152045559075
0.000168551783271
0.000186459574122
0.000205624542918
0.000145759964312
0.000163568217152
0.000177419236415
0.00019913232862
0.000142353285968
0.000162469715197
0.000184808782459
0.000203565183565
0.000148345656303
0.000171490854361
0.000191375362159
0.000140151242324
0.000164417770836
0.00018561054351
0.000137563833724
0.000163045156948
0.000185917190342
0.000140089034001
0.000167433418847
0.000192426479177
0.000147606283988
0.000171232109902
0.00020508645142
0.000153770161936
0.000187455218712
0.000140276544742
0.000173328703303
0.000204785948282
0.00016252052739
0.000193708899316
0.000154730401646
0.000185676679214
0.00014249212721
0.0001804706242
0.000140084962594
0.000178173270155
0.000140160052831
0.000172179820733
0.000142371011306
0.000175022047171
0.000138966592027
0.000180437285278
0.000145604026899
0.000182178884051
0.000146976998698
0.00019274183151
0.000158326505011
0.000200193338009
0.000165381162651
0.000135982702078
0.000175901218286
0.00015250829435
0.000195693469301
0.000164976895396
0.000139055618036
0.000181612072768
0.000153780883005
0.000202378518867
0.000173604121641
0.000148321430411
0.000198018678833
0.000171327244826
0.000148149555839
0.00019973585629
0.000174908374718
0.000153210549947
0.000207540031364
0.000184323186889
0.000163758530598
0.000146417416903
0.000199803884059
0.000180255191334
0.00016321313547
0.000141160091059
0.00019727535114
0.000180092724886
0.00016506930992
0.000152524475173
0.000205654059747
0.000190513580194
0.000177115475729
0.000165627607593
0.000148464365564
0.000140491549184
0.000200521438796
0.000183905040216
0.000174578467438
0.000166808847361
0.000153039388276
0.000147786006692
0.000213944994672
0.00020111208184
0.000194974015059
0.000183579478283
0.000179367326096
0.000169391109199
0.000167066733021
0.000158462970009
0.00015793345913
0.000150628712194
0.000151749938159
0.000145650037691
0.000148110563488
0.000143111911757
0.000147004639978
0.000212818261503
0.000210214860377
0.000213871068167
0.000212499877314
0.000140794037412
0.000147721925958
0.000146807342476
0.000146519155714
0.00015491991239
0.000155813646607
0.00015745188762
0.000159881677948
0.000170466203579
0.000174323175182
0.000179183348651
0.000184841473267
0.000191435398202
0.000198977611182
0.000213329934491
0.000152384643373
0.000159057020809
0.000166909412667
0.000176067119738
0.000186503781155
0.000198182012216
0.000211153667134
0.000153003780985
0.000163914530148
0.000176585189596
0.000190983303385
0.000206757432279
0.000153223143643
0.000166602213314
0.000182278370063
0.000199755082047
0.000143696526312
0.000158909235428
0.000176710432892
0.000196779007478
0.000150875752806
0.000167891343216
0.000181021192482
0.000204344888658
0.000157705426572
0.000178609826978
0.000195948467301
0.00015266693015
0.000174624157455
0.000193457989011
0.000152451611871
0.00017592583885
0.000196915312994
0.000156727435238
0.000182698061849
0.0002061904168
0.000166144414205
0.000188168631155
0.000153680613171
0.000173724664506
0.000207082571563
0.000162733259998
0.000195662691044
0.000154968519664
0.000187298264143
0.000150094678128
0.00018177884144
0.000212934617703
0.00017892172529
0.000210204385841
0.000170877106013
0.000210167973949
0.000172848061164
0.000206325003758
0.000177003298202
0.000211519844786
0.000175822930717
0.000212993667018
0.000184717752086
0.000156657019808
0.000188715891829
0.000159710857207
0.000195890405816
0.000173592236933
0.000212538640637
0.000182676716807
0.000158371156906
0.000195339616245
0.00016915810484
0.00021196317881
0.000184483554677
0.00016139916011
0.000204159917872
0.000179294061105
0.000158873968639
0.000202386767137
0.000179668174817
0.000160919226342
0.000206293016028
0.000185251172413
0.000167794663394
0.000216097760065
0.000196408666509
0.000179719203036
0.000157984111606
0.000206583453527
0.000189823786489
0.000175708336683
0.000164862567866
0.000207220387646
0.000192754052987
0.000180644937939
0.00016273714095
0.000155403335566
0.000205754420697
0.000187735378962
0.000178492944537
0.000171376895548
0.000157671997882
0.000213436655215
0.000198212190729
0.000191187706036
0.000185673473067
0.000173608491604
0.000170860287787
0.000160851767845
0.000160745093714
0.00020970278674
0.000206607936605
0.000197339882386
0.00018886996739
0.000188528514307
0.000181351509708
0.000182787614434
0.000176908784724
0.000171599065501
0.000175358280056
0.000171179659971
0.000167510930704
0.000164343451861
0.00017029013574
0.000168233598051
0.000166530903049
0.000165329356106
0.000164654620178
0.000173172716646
0.000173523459269
0.000174464086212
0.000176155562417
0.000178375121636
0.000181288326472
0.000185050646607
0.000189446164579
0.000194628425591
0.000200732921499
0.000207549065076
0.000215207797494
0.000161179872788
0.000167106087436
0.000174134528848
0.000182401982424
0.000191656129148
0.000202126533481
0.000213567384735
0.000166785713529
0.000175620164606
0.000177846051538
0.000190405359056
0.000204333501046
0.000219771375763
0.000174264563861
0.000178703569653
0.000193839814835
0.000210919411886
0.000162434147367
0.000176614526638
0.000193376863006
0.000204955057148
0.000167058650376
0.000182917574975
0.000194082999295
0.000216021931215
0.000169904813027
0.00018946394913
0.000204629552044
0.000170523120564
0.000181950443157
0.000206123505442
0.000166435567803
0.000187666436048
0.000205609657566
0.000166411898839
0.000189969664506
0.000210638573241
0.000179586780292
0.000197677129118
0.000164656398119
0.00018894090887
0.000211153298921
0.00017539233374
0.000196591120184
0.000173926866978
0.000192966394741
0.00021958755202
0.000183957005168
0.000210764023894
0.000177429215332
0.000211934605032
0.000181770130986
0.000208076855035
0.000179385987245
0.000206704098789
0.000179066630822
0.000207697253548
0.000180698941011
0.000211091668969
0.000184248242712
0.000216850500115
0.000190142888947
0.000171746520205
0.000198458084407
0.000178843741231
0.000201658896722
0.000179796658314
0.000215807670283
0.000192845734547
0.000176577904866
0.000201423020944
0.000182130832675
0.000221685583521
0.000200824559405
0.000176510837294
0.000216114923916
0.00019765532544
0.000175390683674
0.000216069168698
0.000199417621818
0.00017852600176
0.000221479745086
0.000198112110312
0.000186089344167
0.000178684943923
0.000210378091904
0.000198714923269
0.000181903286897
0.000177560380211
0.000208927021694
0.000191561320022
0.000185319330936
0.000173318263731
0.000216917607327
0.000201504952592
0.00018785934889
0.000185189137213
0.000175978036472
0.000212946693637
0.00020013212042
0.000197175315752
0.000187650935843
0.000179441214128
0.000172673868916
0.000213694699226
0.000212124508715
0.000203829768381
0.000196532313713
0.000190340144755
0.000184962815681
0.000180487008843
0.000177002979694
0.00017416904359
0.000219450606404
0.000215149710285
0.00021145343292
0.000208452072843
0.000206240352243
0.000204548675616
0.00020359630765
0.000203109931906
0.000203316912792
0.000203946986398
0.000196634583578
0.000198416033195
0.000200597995188
0.000203428265879
0.00020666933844
0.000202219250745
0.000206577795579
0.000211622734651
0.000209068037399
0.000215348959786
0.000222131172694
0.000221999154324
0.000181027785814
0.000187705487678
0.000185831836888
0.000193906724617
0.000194049753837
0.000203850845143
0.000206262296336
0.000217907578627
0.000222735139256
0.000186934155592
0.0001880582456
0.000191083386858
0.000204451716549
0.000210629385896
0.000226542589347
0.000185719844205
0.000189658758929
0.00020482591559
0.000213179536523
0.000223661484601
0.000184086359679
0.000199960041051
0.000209322273446
0.000221303668327
0.000185649394823
0.000193874605078
0.000205587663338
0.000220376280829
0.000193653144701
0.000204448535401
0.000219073480024
0.000189232997482
0.000199859414607
0.000215090302739
0.000188420279242
0.000199741160219
0.000216083320679
0.000191011516092
0.000194724334006
0.000213436294384
0.000187294913579
0.00020295160456
0.000224342787444
0.000197203473299
0.000207640981742
0.000186053509574
0.000202976358585
0.000226702138582
0.000192703115831
0.000215503126841
0.00019437702
0.000206924919997
0.000189005188758
0.000209451342577
0.000185432816329
0.000205494428318
0.000183406801023
0.000203512950471
0.00019246858852
0.000203429600616
0.000183422374833
0.000205236201981
0.000185439831499
0.000208994789774
0.000188957563526
0.000214829199205
0.000194209637024
0.000214543712986
0.000201620604818
0.000225272130593
0.000202203542987
0.000195983832763
0.000214769104889
0.00019690139119
0.000222139453755
0.000201802193407
0.000197243143171
0.000219570978717
0.000202790999469
0.000191978252555
0.000213772105812
0.000199040357775
0.000189712340961
0.000212658609887
0.000199195658868
0.000190552087689
0.000216132328607
0.000203424538901
0.000194743411158
0.000224765632157
0.000212281024923
0.000203134551847
0.000197628523992
0.000226516210716
0.000207790171232
0.000200550357046
0.000196536717996
0.000228205565511
0.000211197815593
0.000204911748706
0.000201121651956
0.000199897056077
0.000223091123636
0.000217396339765
0.000213531291321
0.000202133693103
0.000201865416453
0.000193394420157
0.0002276578992
0.000216232426017
0.000214862351188
0.000205532697517
0.00020664538749
0.000199269715151
0.000202537879626
0.000196866507994
0.000226856470062
0.000227883213863
0.0002213025143
0.000224179917227
0.000218799671051
0.000214111218598
0.000209833368752
0.000215387421818
0.000212286533354
0.000209514659119
0.000207319033384
0.000205421679768
0.00021344256026
0.000212518334936
0.000211879313751
0.000211795688982
0.000212154831033
0.00021284523226
0.000214151518372
0.000215970965123
0.000218206779228
0.000221146501767
0.000224696779044
0.000228891781887
0.000233645755569
0.000205744011321
0.000198868922345
0.000202574082623
0.000206963352041
0.000212368459658
0.000218704397265
0.000216986319447
0.000225505196509
0.000234942130536
0.000208624141608
0.000205437955096
0.000213429393219
0.000222847730532
0.000224791493656
0.000205963859828
0.000203253214556
0.000212392470731
0.000214247500383
0.000227522894497
0.000200752721297
0.000209871551818
0.000212140275058
0.000226517732432
0.000203417358304
0.000213400222226
0.000217076963749
0.000224385221304
0.00021051111568
0.000213066646407
0.00021984997616
0.000239430411125
0.000213325683189
0.000220041492265
0.000231406402288
0.000207258576902
0.000224307567605
0.000236735007798
0.00021394502992
0.000223134716864
0.000208684734552
0.000214216085565
0.000226249197385
0.000209498466486
0.000218527213282
0.000234360518697
0.0002144281936
0.000228062908467
0.0002131331814
0.000224631477918
0.000214201055949
0.000214275623203
0.000232947406315
0.000215643340515
0.000233247577221
0.000218779978927
0.000226746449766
0.000213924329153
0.000231420037176
0.000220068803266
0.000228793794282
0.000217975350015
0.000228231494513
0.000217193716904
0.000238544540286
0.000218161130824
0.00021629050773
0.000220864329984
0.000217569999038
0.000225872455557
0.000220595167345
0.000233381842941
0.00021647299271
0.000216656919787
0.000225037846292
0.000222292497803
0.000236848993119
0.000221815070601
0.00021254953895
0.000235221005595
0.000222693763662
0.000215544734012
0.000228554934771
0.000217359465784
0.000221101795286
0.000235191835854
0.000225106904775
0.000219122496788
0.000236954934169
0.000226765574709
0.000220376304039
0.000217578238305
0.000233072377224
0.000225681158858
0.000221584759811
0.000220458064497
0.00356239273382
