metodo_2_dt_1:24
1.40069205966e-06
0.00359300771271
0.00359188401482
0.00359432669156
0.00359320983781
0.00359563408675
0.00359356808476
0.00359594055304
0.0035949715338
0.00359726110617
0.00360012100886
0.0035976211383
0.00360033842464
0.00359905047456
0.00360059986877
0.00359958571013
0.00360095387188
0.00360377303099
0.00360144732329
0.00360403968105
0.00360213832992
0.00360349318263
0.00360621025577
0.00360416468828
0.00360559634241
0.0036083494005
0.00360626041807
0.00360770146429
0.00360942962209
0.00360742146067
0.00360882736452
0.00361047939338
0.0036096894075
0.0036110171334
0.00361256316175
0.00361330886866
0.00361136229841
0.00361277576711
0.00361436221438
0.00361611301357
0.00361425452392
0.00361567407755
0.00361623343478
0.00361791431479
0.00361970100754
0.00361675465998
0.00361821638879
0.00361977497767
0.00362041700155
0.00362212712592
0.00361949435253
0.00362091270023
0.00362139796276
0.00362293410764
0.00362352012382
0.00362514047511
0.00362579546445
0.00362647101655
0.00362482609576
0.00362528396493
0.00362577040687
0.00362727439412
0.00362780416265
0.00362835012245
0.00362891452219
0.00362948780847
0.00363007011646
0.00363166118584
0.00363225423562
0.00363285299038
0.00363345032174
0.00363404854907
0.00363465031114
0.00363524992272
0.0036358510381
0.00363545825538
0.00363606608793
0.00363668017315
0.00363730595504
0.00363794046393
0.00363859015374
0.00363825857073
0.00363894761584
0.00363965576889
0.00363939152354
0.00364016032119
0.00364348776098
0.00364302099338
0.0036435870338
0.00364419416045
0.00364385064411
0.00364456708964
0.00364434701655
0.00364520233267
0.00364727622805
0.00364783204514
0.00364747451491
0.00364821396248
0.00364806548133
0.00365030809446
0.00365083039404
0.00365047918395
0.00365026560417
0.00365120295146
0.00365321495853
0.00365281650096
0.00365259229564
0.0036535577228
0.00365553127402
0.0036551632116
0.00365501342216
0.00365729328984
0.00365681091463
0.00365757921692
0.00365761725481
0.00365946595195
0.00365919860772
0.00365923850943
0.00366109661645
0.00366085085214
0.00366095121917
0.00366270330532
0.00366254992446
0.00366473846719
0.00366433861171
0.00366335955678
0.00366525985454
0.00366506973272
0.0036672588267
0.00366688087864
0.00366700427886
0.00366774971908
0.00366773109164
0.00366963886102
0.0036695103091
0.00367052823678
0.00367031301991
0.00367239129394
0.00367212875832
0.00367322232693
0.00367294290371
0.003675009439
0.00367376430332
0.00367577182427
0.0036746062541
0.0036765275272
0.0036764860703
0.00367728809322
0.00367742743375
0.00367808059343
0.00367845250335
0.00367893633343
0.00368088210324
0.0036798937805
0.00368162180225
0.00368100135449
0.00368249434402
0.0036833707678
0.00368255626762
0.00368416502524
0.00368510542972
0.00368520704782
0.00368585360623
0.00368679595516
0.00368692594886
0.00368755408247
0.00368843326771
0.0036887196108
0.00368927045715
0.00369004034245
0.00368961267939
0.00369104791707
0.00369167424851
0.00369247005673
0.00369196242662
0.00369341689736
0.0036940155194
0.00369474711848
0.00369560088199
0.00369478185585
0.00369628565732
0.00369689463552
0.00369760391088
0.0036984062939
0.00369768795969
0.0036981962063
0.00369978348961
0.00370043927307
0.00370115623052
0.00370191913549
0.00370146116893
0.00370197321236
0.00370253140197
0.00370312240174
0.00370374191115
0.0037043832364
0.0037050401553
0.00370570691091
0.00370638094543
0.00370705187774
0.00370771810206
0.00370736540403
0.00370791397883
0.00370847621808
0.00370904992929
0.00370963336655
0.0037102252287
0.00371082465741
0.0037114338344
0.00371204756568
0.00371266893109
0.00371329882443
0.00371393857269
0.00371458993408
0.00371525509601
0.00371660726802
0.00371713593015
0.00371766793607
0.00371820720269
0.0037187553933
0.00371932257377
0.00371951097658
0.00372002418753
0.00372056838317
0.00372115061607
0.00372177836974
0.00372284379068
0.0037231982138
0.00372360352535
0.00372406623629
0.00372460140018
0.003725216405
0.00372636399114
0.00372656393577
0.00372695689488
0.0037274520403
0.00372806685242
0.00372871136744
0.00372938879169
0.00372980532908
0.00373037508892
0.00373100946378
0.00373177552777
0.00373217106047
0.00373265533176
0.00373343131647
0.0037340066558
0.00373442791437
0.00373508060406
0.00373586309504
0.00373616560382
0.00373679296345
0.00373767787065
0.00373789230062
0.0037385086424
0.00373934357714
0.00373956679458
0.00374022987583
0.00374090726544
0.00374120714832
0.00374199100139
0.0037424104187
0.00374296847981
0.00374370369565
0.00374395728257
0.0037447833097
0.00374511545806
0.003745786881
0.00374630726436
0.00374684865199
0.00374750402565
0.00374794349905
0.00374868415085
0.00374905338732
0.00374953316828
0.00374996479681
0.00375084364845
0.00375127906711
0.00375211537774
0.00375259697028
0.0037533526977
0.00375392842461
0.00375456940266
0.00375527413624
0.00375577052079
0.00375665792678
0.00375698158022
0.00375810941694
0.00375824288574
0.00375880648257
0.0037595917596
0.00375992461793
0.00376063643331
0.00376116762529
0.00376161099761
0.00376259916018
0.00376276761084
0.00376325106536
0.00376417049145
0.00376435632258
0.00376482099375
0.00376578996152
0.00376593569082
0.00376631862457
0.00376745554181
0.00376750995452
0.003767772341
0.0037682211028
0.00376914894027
0.00377025740577
0.00377052860445
0.00377094795329
0.00377189257522
0.00377197403763
0.00377218260678
0.00377250564835
0.00377393095346
0.0037747202203
0.00377482009758
0.00377500776079
0.00377627279195
0.00377660508557
0.00377763377914
0.00377767200393
0.00377876816981
0.00377891410988
0.00377910177463
0.00377932366514
0.00378057270511
0.00378175165096
0.00378177428837
0.0037828223885
0.00378289580069
0.00378298700408
0.0037840914529
0.0037842052468
0.0037853246466
0.00378544655169
0.0037855657216
0.00378668466413
0.00378679913918
0.00378790659158
0.00378799859822
0.00378907131026
0.00378913020551
0.00379017384964
0.00379020366359
0.0037912189859
0.00379122692666
0.00379222772764
0.00379222214749
0.00379321838416
0.00379421812976
0.00379422356231
0.00379524406517
0.00379628279797
0.0037963434634
0.00379743663075
0.00379856700774
0.00379721668295
0.00379812054684
0.003799063123
0.00380003781714
0.00380005501565
0.00380111819098
0.00380224080756
0.00380186943033
0.00380267859589
0.00380255289387
0.00380350721276
0.0038045502409
0.00380569081724
0.00380499778707
0.00380580492727
0.00380672979151
0.00380778762342
0.00380727487672
0.00380798960771
0.00380885559402
0.00380989230342
0.00380932506666
0.00381002249715
0.00381091386029
0.00381201749883
0.00381218473371
0.00381296294494
0.00381398461362
0.00381326922449
0.00381397416307
0.00381595980801
0.00381523267738
0.0038159155837
0.00381691593247
0.0038170665544
0.00381779034431
0.00381887432599
0.00381879702306
0.00381963622453
0.00381887563595
0.00382048271708
0.00382152588416
0.00382137172896
0.00382223175023
0.00382227723744
0.00382298458489
0.00382317868732
0.00382475730757
0.00382589231765
0.00382552298923
0.00382659127588
0.00382626709589
0.00382830089907
0.0038279818615
0.00382901786197
0.00382866047451
0.00383073757352
0.00383030859066
0.00383147037243
0.00383093723155
0.00383092132298
0.00383256345451
0.00383238198006
0.00383420997442
0.00383383699809
0.00383590438122
0.00383532100803
0.00383513917998
0.00383687744774
0.0038364442392
0.00383855638597
0.0038378615485
0.00383849767504
0.00384045063604
0.00383979708726
0.00383943355625
0.00384133360827
0.00384165888741
0.00384123741022
0.00384319903098
0.00384345301883
0.00384292674428
0.00384608238541
0.00384522977385
0.00384556879105
0.00384508180314
0.00384807836911
0.0038472580681
0.00384758655497
0.003847050234
0.0038501048589
0.00385023309322
0.00384947540595
0.00384981837316
0.00385024814239
0.00385319794133
0.00385230529795
0.00385248398252
0.00385272861877
0.00385302715232
0.0038533700769
0.00385625211698
0.00385630189217
0.00385639522109
0.00385652322124
0.00385668297045
0.00385686321259
0.00385706173883
0.00385727039144
0.00386126767443
0.00386127767782
0.00386129909749
0.00386133191632
0.00386236729813
0.00386240721727
0.00386244587135
0.00386347782799
0.00386350630018
0.00386452409789
0.00386453514988
0.00386553325679
0.00386552309637
0.00386649963532
0.00386646772668
0.00386742941781
0.00386838246655
0.00386933235734
0.0038692778379
0.00387022411522
0.00387117069653
0.00387212283096
0.00387308600426
0.00387406055518
0.00387505478595
0.00387160499612
0.00387337523434
0.00387416265874
0.00387496925839
0.00387580357885
0.00387667456164
0.00387758555316
0.00387854637368
0.00387697061879
0.00387763819501
0.00387836361779
0.00388015746581
0.00388103042311
0.00388199397876
0.00388020875472
0.00388084093272
0.0038825743347
0.00388442278538
0.00388186196663
0.003883358442
0.00388498598052
0.00388176168038
0.00388768691273
0.00388958090415
0.00388516438891
0.00389092236869
0.00388307936995
0.00388848668927
0.00389410183721
0.00388996666572
0.00389170205828
0.00388726991794
0.00389310767135
0.00389486354153
0.00389042455456
0.00389629206114
0.00388795346728
0.00389355917184
0.00389561459978
0.0038909658543
0.00389668603757
0.00389844575131
0.00389394682684
0.00389595906601
0.00390123835322
0.00389697377275
0.00389853132532
0.00390408534555
0.00389578032105
0.00390119026372
0.00390296685031
0.00389827015184
0.00390008855875
0.00390530237381
0.00389712856518
0.00390230030557
0.00390408357331
0.00390924530915
0.00390096224199
0.00390615820517
0.00390776423289
0.00390304812247
0.00390451854604
0.00390992028083
0.00391123410199
0.00390682577717
0.00390795641637
0.0039095130505
0.00391470227988
0.00390603627405
0.00391152003739
0.00391259153865
0.0039140127673
0.00391923927317
0.00391038347002
0.00391605001914
0.00391689761037
0.00391802849803
0.00392362518564
0.00391446036377
0.00391553157443
0.00391683447222
0.00392193262908
0.00392290121842
0.00391407398159
0.00391938092268
0.00392021016317
0.0039212106363
0.00392237085628
0.00392751945144
0.00391833686937
0.00391926828929
0.00392031759195
0.00392552436294
0.00392622658634
0.00392702408098
0.00392790940192
0.00392886717388
0.00393397426547
0.00392461757274
0.00392530710735
0.00392605177436
0.00392683844263
0.00393225332449
0.00393275193723
0.00393328668912
0.00393385400378
0.00393444303888
0.00393504924953
0.00393566866377
0.0039362921447
0.00393691642914
0.00394217072421
0.00394259862454
0.00393304844536
0.00393348495779
0.00393392309216
0.00393435679671
0.00393478550713
0.00393520735532
0.00393562252457
0.00393602665988
0.00393642084439
0.00393680489178
0.00393718073403
0.0039375456153
0.00394788965975
0.00394823941293
0.00394858304097
0.00394891304642
0.00394923208389
0.00394953988575
0.00394984187332
0.00395014209291
0.0039504449919
0.00394560830069
0.00394568707303
0.0039457660356
0.00394585124215
0.00394594916002
0.00395605268992
0.00395619526236
0.0039563739749
0.00395659344744
0.0039513940375
0.00395131484723
0.00395128663728
0.00395131922849
0.00396140504234
0.00396158476533
0.00395618429423
0.00395603765176
0.0039559859329
0.00395604098442
0.00396085358084
0.00396055945783
0.00396039105025
0.00396036180375
0.00396048553949
0.00395478673626
0.00396455361521
0.00396451128441
0.00395908074103
0.00395869638071
0.00396850204069
0.00396854341338
0.00396268383126
0.00396240504299
0.00397236142325
0.00396648886793
0.00396615378489
0.00396610924676
0.00397008922436
0.00396975807573
0.00396413893783
0.00397351681066
0.00397326336162
0.00396734680569
0.00396685433369
0.00397674680602
0.00397045557983
0.00397017138656
0.0039740462864
0.00397358726463
0.00397759755815
0.00397698714432
0.00397109739264
0.00398035218023
0.00398017327255
0.00397367357826
0.00398340386915
0.00397688788819
0.00398657774655
0.0039800109457
0.00397972672922
0.00398305482845
0.00397692896745
0.00398603637568
0.00397977149806
0.00397899863863
0.0039825526459
0.00398193459563
0.00398530574278
0.00398489925615
0.00398807105464
0.00398165520469
0.00399089592954
0.00398424619488
0.0039938329091
0.00398692214082
0.00399029958233
0.00398969380303
0.00399276159619
0.00398611447971
0.00399537379957
0.00398840377418
0.00399164588947
0.00399091894581
0.00399381985614
0.00399692446495
0.00399630859012
0.00399906607982
0.00399201598789
0.00399510567919
0.00399423579974
0.0039969689004
0.00399983785386
0.00399284464753
0.00400191109466
0.00400455879767
0.0039973351975
0.00400018838533
0.00400312798182
0.00400202541717
0.00400463465724
0.00400731303871
0.00400006807202
0.00400285360244
0.00401190812334
0.00400441581457
0.00400693587723
0.00400948924485
0.00401206445442
0.00400467223049
0.00400726975453
0.00400986876895
0.00401873627705
0.00401112028199
0.00401347849698
0.00401583833446
0.00401819600335
0.00401056905135
0.0040129092715
0.00401523603433
0.00401754633068
0.00401983755349
0.00402210749692
0.00401437280812
0.00401659501969
0.00401879184439
0.00402096267324
0.00402310729595
0.00402522590042
0.00402731907224
0.00402938779423
0.00403143344617
0.00402347900259
0.00402548355887
0.00402747405431
0.00402945753481
0.00403143850616
0.00403342077126
0.0040354085263
0.00403078254816
0.00403252840588
0.00403427819597
0.00403603621346
0.00403780864289
0.00403960204178
0.00404142179523
0.00404327821998
0.00403838683089
0.00403992712563
0.00404150761693
0.00404314014335
0.00404483237451
0.00405656349795
0.00405135903867
0.00405276991111
0.0040542695248
0.00405586845311
0.00405082371059
0.00405207194857
0.00405343739736
0.00405493605753
0.00405979413442
0.00406092738985
0.00406221596049
0.00406367046874
0.00405825340346
0.00406933427036
0.00407062435858
0.00406528476434
0.00406622450623
0.00406739022638
0.00407197621714
0.00407279646631
0.00407387366613
0.0040683176173
0.00407906244093
0.00408012875149
0.00407435122509
0.00408512466156
0.00408626733359
0.00408017806296
0.00409105893477
0.00408519754535
0.00408588140716
0.00409016553312
0.00409064419242
0.00409157709645
0.00409534310325
0.00409612139584
0.0040899727322
0.00410060570909
0.00409447562983
0.00410501348721
0.00409885901017
0.00410933560459
0.00410311367875
0.0041035754418
0.00410722001422
0.00410767982169
0.00411118409288
0.00411168389854
0.0041150243922
0.00410882508159
0.00411875847641
0.00411234495637
0.00412241690819
0.0041257469087
0.00412602930719
0.00412910603329
0.00412254503947
0.00413244875118
0.00412560014413
0.00412902462556
0.00413865220924
0.00413178577635
0.00414181375109
0.004134639803
0.00413768099444
0.00414094891951
0.00414036948923
0.00414328702414
0.0041463955531
0.0041558403588
0.00414861322626
0.00415151819205
0.00416112776799
0.00415369477533
0.00415636304738
0.00415914821544
0.00416857344106
0.00416101248857
0.00416351565918
0.0041661001618
0.00416875362815
0.00417776157357
0.00417007837885
0.00417243211415
0.00417483961062
0.00417728999927
0.00418626853973
0.00418838822136
0.00418056310446
0.00418273343429
0.00418491519117
0.00418710424537
0.00418929071607
0.0041914671995
0.00419992548553
0.0042018169818
0.0042036962596
0.0042055575054
0.0042073931174
0.00420920241067
0.00421097862352
0.00421271812118
0.00421442164825
0.00421608526153
0.00421771120708
0.0042192955923
0.00422083707904
0.00422233472231
0.00422378573636
0.00422519437053
0.00422655867625
0.00422787709837
0.00422915493462
0.00423039147368
0.00423158850759
0.00424272794054
0.0042438520689
0.00424494427708
0.00424600562106
0.00424704429849
0.00424806224651
0.00425903572702
0.00426001113303
0.00425469858924
0.00425537976896
0.00425603539809
0.00426665170143
0.00426727352757
0.00426788713187
0.0042685048168
0.00427910565236
0.00427329668614
0.00427357052502
0.00428384116233
0.00428415729311
0.00428450732241
0.0042886495875
0.00428862215393
0.00428864763689
0.00429871048661
0.00429886666251
0.00429265681016
0.00430240949048
0.00430226689427
0.00431219827634
0.00430582115728
0.00431537016975
0.00431506085088
0.00430883333152
0.00431812089565
0.00431757576565
0.00432717192314
0.00432043746373
0.00432967633013
0.00432912708288
0.00433227832474
0.00433138049275
0.00433490705699
0.00434364939095
0.00434266062025
0.0043459136613
0.00434460457645
0.00435356310569
0.00435643818716
0.00435510525704
0.00435813239192
0.00436649629425
0.00436522088748
0.00436773525178
0.00437619545023
0.00436878110678
0.00437702496115
0.00437960502208
0.0043776648586
0.00438021287656
0.00438808995698
0.00439057509781
0.00438833372211
0.00439071526645
0.00439835598788
0.004400608414
0.0044081821922
0.00440027758911
0.00440780971095
0.00440968031747
0.0044172039075
0.00441884916852
0.00442085669762
0.00442780298714
0.00441954890869
0.00442659451124
0.00442803611833
0.00442977413051
0.00443636765658
0.00443778406516
0.00444458871968
0.00444567626307
0.00444699937238
0.00445350464581
0.00445447616277
0.00445564450714
0.00446194545839
0.00446274738473
0.00446371457801
0.00446483084747
0.00447048907856
0.00447120517797
0.00447204070592
0.00448770067683
0.00448813376688
0.00448865610081
0.00448926136389
0.00449458150489
0.00449477283597
0.00449502197403
0.00450530459076
0.00451045454359
0.00451034104489
0.00451025597608
0.00451018902616
0.00452011789359
0.00452005994958
0.00452444993128
0.00452400377933
0.00453353762272
0.00453307607227
0.00453259451459
0.00454207459048
0.00454153303306
0.00454533946036
0.00455444215767
0.00455352004533
0.00455256038178
0.00456154400837
0.0045604841207
0.00456936405663
0.00456819049374
0.00456695807933
0.00457565276158
0.00457428244558
0.00458283858442
0.00458132336465
0.00458972336859
0.0045880443949
0.00459627017076
0.00459441966806
0.0046024737879
0.00460045195775
0.00460833573301
0.00461613956267
0.00461386288043
0.00462150335463
0.00461906752703
0.00462655272946
0.00463395987413
0.00463130822535
0.00463857724031
0.00464578647126
0.00464294185309
0.00465003224362
0.00465707603494
0.00464997850437
0.00465668460062
0.00466332913928
0.00466992198909
0.00466648191335
0.00467299040113
0.00467946575006
0.00468189896293
0.00467798107219
0.00468403243791
0.00469006983456
0.00469609224871
0.00469829061994
0.0047038924276
0.00470949090713
0.00470510859237
0.00471074019373
0.00471239383144
0.00471759102089
0.00472282557142
0.00472810934639
0.00472944846947
0.00473431088662
0.00473924896779
0.00474062026563
0.00474513271665
0.00474974697788
0.0047510332533
0.00475521786564
0.00475952404716
0.00476061380184
0.00476450164155
0.00477853604397
0.00477933190542
0.00478296074982
0.00478676777666
0.00478717391897
0.00479059398985
0.00479422497478
0.00480415505801
0.00480742150655
0.00480742394369
0.00481035496552
0.00481038136316
0.00482298714155
0.00482589400107
0.00482529813518
0.00483791792168
0.00483725415583
0.0048396180595
0.00483884329363
0.0048509638698
0.00485004466661
0.00485195648734
0.00486085278003
0.0048625774579
0.00487126395576
0.00487283167439
0.00487128321666
0.00488007498358
0.00488091160272
0.00488941204187
0.0048901757672
0.00489837909242
0.00489910908462
0.00490698954537
0.00490512247894
0.00491526605361
0.00491303077127
0.00492323054503
0.00493062152647
0.00492820192484
0.00493792901592
0.00493509798727
0.00494241962933
0.00495174214973
0.00494863681173
0.0049556402702
0.00496463314777
0.00496119704523
0.00496784120057
0.00497659842397
0.00498281077236
0.00497909797916
0.0049854350614
0.00499357560477
0.00499946446346
0.00499538365078
0.00500132843477
0.00500900014274
0.00501448337079
0.00501996922164
0.00502544060314
0.00502089953221
0.00502784578599
0.00503283412438
0.0050377953249
0.00504270809407
0.00504757581676
0.00505404756512
0.00505846646898
0.00506282536689
0.00506713039178
0.00507136279131
0.00507552829982
0.00507960884285
0.00508361086458
0.00508898941886
0.00509260162274
0.00509612288726
0.00509956108909
0.00510289992176
0.00511614660496
0.0051192884236
0.00512232689592
0.00512526549979
0.00512808939944
0.00513080906837
0.00514340940876
0.00514589675633
0.00514827470835
0.00515052330207
0.00516265346542
0.00516465354029
0.00516652995502
0.00516829010266
0.00517992111328
0.00518143241209
0.00518282500952
0.00519410653682
0.00519526784791
0.00520631601741
0.00520726305379
0.0052080975774
0.00521787581937
0.00521833345718
0.00522868252852
0.00522893467882
0.00523908031252
0.00523913209115
0.00524909396281
0.00524897322478
0.00525795217666
0.00525739449482
0.00526675571546
0.00526604250701
0.00527526021535
0.00528441556506
0.00528267815497
0.00529136407347
0.00528999633956
0.00529858176903
0.00530662521119
0.00531472184354
0.00531278369174
0.00532081874934
0.00532845647782
0.00532599376601
0.00533351888354
0.00534104157927
0.00534810209413
0.00535513222061
0.00535218431869
0.00535905615128
0.0053656218163
0.00537223075444
0.00537881530796
0.00538494440761
0.00539114069071
0.00538734821009
0.00539307587787
0.00539889748841
0.00540464550923
0.00541001520366
0.00541550765245
0.00542072378856
0.00542578613355
0.00543097395755
0.00543561486488
0.0054404278776
0.00544497455364
0.00545939411293
0.00546382317722
0.00546785626587
0.00547213106439
0.00547581103159
0.00547989787399
0.00548323781267
0.00549709673538
0.00550012013995
0.00550373883153
0.00550647029657
0.005509814336
0.00552227301956
0.005525317603
0.00552754990954
0.00554026533851
0.00554229467366
0.00554467846451
0.00555728355807
0.00555855517752
0.00556077050262
0.00557189749672
0.0055736865107
0.00557469937614
0.0055860593684
0.00558756189638
0.00559792965498
0.00559897004743
0.0056101196077
0.00560990743843
0.00562057547097
0.00562132601305
0.00563059355958
0.00563085566412
0.00564115501473
0.00564999828322
0.00564980085995
0.00565963401052
0.00566812043625
0.00566745197598
0.0056767737008
0.00568609110653
0.00568381752602
0.00569261887159
0.00570138113244
0.00570011366845
0.00570721729326
0.00571543175484
0.00572358256322
0.00573167811206
0.00572969538209
0.00573590417336
0.00574341826582
0.00575084111756
0.00575818281038
0.0057654187632
0.00577255101298
0.00577774627913
0.00577439174294
0.00578092660831
0.00578734744889
0.00579363042042
0.00579978006277
0.00580580119236
0.00581167211628
0.00581739816873
0.00583094963397
0.00583623401206
0.00584136770362
0.00584635711981
0.00585119993642
0.00585590316571
0.00586044683959
0.00586483851305
0.00587907445533
0.00588316767301
0.00588709673669
0.00589087039575
0.00589448848819
0.00590794771941
0.00591124892426
0.00591439793341
0.00592737410474
0.00593019271508
0.00593285209853
0.00594535128206
0.00594769635994
0.0059498867309
0.00596435907729
0.00596612727085
0.00597774010807
0.00597919192751
0.00599048561664
0.00599163320138
0.00599263363977
0.0060034878981
0.00601420372399
0.00601737660456
0.00602759886531
0.0060276901155
0.00603764633275
0.006037481572
0.0060471932616
0.0060594901207
0.00605868498669
0.00606775900239
0.00607672475856
0.00607559141229
0.00608708806513
0.00609540873949
0.00610363615401
0.00610178081874
0.00611272663289
0.00612031379378
0.00612782640528
0.00613527233787
0.00613550474072
0.00614238347386
0.00614922008586
0.00615910667346
0.00616539568504
0.00617166057723
0.00618113673822
0.00618686917535
0.00619259723257
0.0062016042244
0.00620680807216
0.00621201924591
0.00622047402883
0.00622518373912
0.00622993499192
0.00623776180532
0.00624201841242
0.00624973537631
0.00625349342208
0.00625734449902
0.00627433025605
0.00627770934223
0.00628449521557
0.00628743159329
0.00629396275871
0.00630644331362
0.00631270129807
0.00631474746815
0.00632069731221
0.00633233062275
0.00633793240196
0.00633918044546
0.0063544130867
0.00635528984781
0.00637013931659
0.00637066821115
0.00637513610509
0.00638532101929
0.00638936774965
0.0063992575131
0.00640286709044
0.00641249069042
0.00641564906586
0.00642888580269
0.00642773386661
0.00644049326527
0.00645332732777
0.00645141737084
0.00646374731102
0.0064616827548
0.00647348942733
0.00648532604429
0.00648260589324
0.00649391087977
0.00650519752525
0.00651187023674
0.00651262931944
0.00652333853754
0.00652948542235
0.00653963535749
0.00653974495586
0.0065497937522
0.00655495691618
0.00656442134116
0.00657382252839
0.00658312904937
0.00658745245773
0.00659619097037
0.0066048414947
0.00661337255951
0.00661698161066
0.00662494297678
0.00663279469667
0.00664050616038
0.00664808140614
0.00665067877194
0.00665769865512
0.00666456134915
0.0066712720254
0.0066778245316
0.00668421297408
0.00670042723591
0.00670145187764
0.00670711800187
0.00671261853449
0.006727938111
0.00673309641845
0.00673807797759
0.00674289078853
0.00675749259799
0.00676192197943
0.00676616128988
0.00678019060917
0.00678404128051
0.00679767631401
0.00680112949068
0.00679909424316
0.00681208456119
0.00681489218282
0.00682749333747
0.00682991011902
0.00684211875949
0.00684414205145
0.00686132582433
0.00686293093425
0.00687431100929
0.00688548591241
0.00688647458839
0.00689724110069
0.00690780519663
0.00690818501383
0.00691834792468
0.00692831300425
0.00692809712761
0.006937659489
0.00694704263301
0.00696184652775
0.00696070950593
0.00696935868218
0.0069778179437
0.00698609052687
0.00699416737379
0.00700207691466
0.00701550255965
0.00702284228015
0.00703001503832
0.00702704266485
0.0070338823315
0.00704643657535
0.0070527076534
0.00705882834776
0.00707477497695
0.00708061444443
0.00709206188282
0.00709731089564
0.00710241835824
0.00710741645885
0.00711805427688
0.0071224453396
0.00713672194026
0.00714691718505
0.00715060310418
0.00715420515892
0.00716388635309
0.00717685525612
0.00717977826071
0.00718886450129
0.0072011589764
0.00720342668262
0.0072118453748
0.00722350908215
0.00722515344207
0.00724284004056
0.00724392017874
0.00725494806947
0.00726191062664
0.00726241036739
0.00727909898275
0.00728904081324
0.00729546296264
0.00730488946655
0.00730435938455
0.00731989373893
0.00731886289697
0.00733402992433
0.00734248924505
0.00734728939096
0.00735526014396
0.00736962701664
0.00737713151555
0.00738109151952
0.00738814492232
0.00740163383028
0.00740824835437
0.0074113096534
0.00741751664491
0.00743007685358
0.00744268137643
0.00744795904357
0.00746006843654
0.00746499802726
0.00747657535237
0.00748119842876
0.00749224811537
0.00750329304947
0.00750707666387
0.00751755995039
0.00752801201129
0.00753097538807
0.00754086063347
0.00754359184919
0.00755287850032
0.00756209968889
0.00757410080851
0.00758272130367
0.00759125623632
0.00759969598643
0.00760054368382
0.0076183410356
0.00762605024569
0.00762628876247
0.00764335249315
0.00765031159204
0.00765714912452
0.00766635081781
0.00767255449214
0.00767861377373
0.00769449039786
0.00769282792889
0.00770809122567
0.00771321639221
0.00772814339347
0.00773293801195
0.00774004437901
0.00774421190992
0.00775817005765
0.0077719379397
0.00777554144421
0.00778891570896
0.00780208549541
0.00779742328923
0.00781000382103
0.00782237737487
0.00782456887212
0.00783651290599
0.00784823388657
0.00785972924106
0.00787099658845
0.00787206793522
0.00788287368397
0.00789344535625
0.00789599041621
0.00790601822051
0.00791581649003
0.00792538412665
0.00793472021845
0.0079438240391
0.00795269504742
0.00796133288699
0.00796973738583
0.00797789392782
0.00798583191494
0.00799353714673
0.00800100947361
0.00800824454182
0.00801522746328
0.00803987131956
0.00804633810134
0.0080525627143
0.00805854678758
0.00806427724496
0.00807975154131
0.00808502635504
0.00809006900896
0.00810483557767
0.00810942261675
0.00811378567313
0.00813586098623
0.00813963233092
0.00815314562651
0.00815647655336
0.00815957715745
0.00817245047201
0.00818327154234
0.0081955066492
0.00820754991719
0.0082094093178
0.00822105010117
0.00823072783018
0.0082417149566
0.00825252596862
0.00825316916297
0.00827195723433
0.00828193705269
0.00828176072051
0.00829138961543
0.00830919428782
0.00831817945986
0.0083170248328
0.0083256933162
0.00834243112072
0.0083504607525
0.00835833452655
0.00837442902855
0.00838166470526
0.00838878674929
0.00839418578326
0.00840067075333
0.00840702739248
0.00842163781332
0.00843733385312
0.00844299111822
0.00845676757054
0.00846180021448
0.00847526910616
0.00847969831716
0.00848407823696
0.00849664915547
0.00851039288401
0.00852259263134
0.00852580178292
0.00853758063411
0.00854024117819
0.00856154683463
0.00856364050103
0.00857454396498
0.00858604878916
0.00859645323896
0.00860744206702
0.00861734435483
0.00861783990969
0.0086371820277
0.00863718996912
0.00865599669238
0.00865550108596
0.00867375801517
0.00867280763429
0.00869050165788
0.00869904487371
0.00870620210716
0.00872326910977
0.00873085953737
0.00873736944187
0.00874453731599
0.00876040494402
0.00876624038626
0.00877251918771
0.00878769923293
0.00879366223269
0.00880822341683
0.00881271738185
0.00881783939054
0.00883165736415
0.00884534334413
0.00885888820971
0.00886272550788
0.00887561560853
0.00888834763136
0.00889145592499
0.00890352532418
0.00891542139925
0.00892713657158
0.00892907648053
0.00894011914493
0.00895097720249
0.00896164558466
0.00897248246933
0.00898249181994
0.00899230108806
0.0090019043836
0.00901178895576
0.00902073470339
0.00902946612149
0.00903797804863
0.00905621639408
0.00906427266785
0.00907246197943
0.00907986486322
0.00908703315765
0.00910389906568
0.00911058447608
0.00912697362639
0.00913316138298
0.00913948619183
0.00914503704612
0.00916027552863
0.00916532026258
0.00918006272476
0.00919454527768
0.00919881395569
0.00921275533431
0.00922644867908
0.00922992564285
0.00924308607411
0.00925596133183
0.00926858434483
0.00927098890529
0.00928307213298
0.00929486777729
0.00930640952046
0.00931768042708
0.0093286636409
0.00933939335288
0.00934985310473
0.00936002665858
0.00936994844717
0.00937960197614
0.00938897078255
0.00939808978132
0.00940694286097
0.00941551392144
0.00942383845637
0.0094319007109
0.00944948415508
0.0094569198179
0.00947402120501
0.00948093110373
0.00948756335285
0.00949395462862
0.00951004270884
0.00952583791443
0.00953131512436
0.00954646711869
0.00955143958636
0.00955615082529
0.00957059216749
0.00958473874792
0.00959850953463
0.00960208290919
0.00961539199591
0.00961850733708
0.00964120770004
0.00964366732337
0.0096558367403
0.00965785912867
0.00967949582415
0.00969078731157
0.00969190706827
0.00971286663957
0.00972326749298
0.00973345573621
0.00973352104017
0.00975325106191
0.00976256842669
0.00977172783506
0.00979066033085
0.00978918657448
0.00979751140057
0.00981561145805
0.00982325643793
0.00984098860967
0.00984799054618
0.00985483348865
0.00987165393266
0.00987786452756
0.00988393159252
0.00989980706792
0.00990523696842
0.00992067841175
0.00993542330513
0.00995036751349
0.00995454570025
0.00995863419748
0.00997257544574
0.00998600526681
0.00999940622698
0.0100022932845
0.0100251021289
0.0100274062604
0.0100397336852
0.0100514096819
0.0100631473743
0.0100742658025
0.0100854182601
0.0100965080578
0.0101065483205
0.0101269668637
0.0101265416575
0.0101463406324
0.0101454226404
0.0101645931147
0.0101631629898
0.0101816971617
0.0102001046465
0.0101976869073
0.0102154497469
0.010233070964
0.0102396455217
0.0102566042227
0.0102528238546
0.0102691201945
0.0102852493345
0.0102905226503
0.0103059758674
0.0103212286562
0.0103256524702
0.0103402405366
0.0103546332324
0.0103688239751
0.0103719524081
0.0103854501098
0.0103987345223
0.01040110518
0.0104136945521
0.0104260377794
0.0104381664055
0.0104599928988
0.0104607157907
0.0104718985842
