metodo_1_dt_1:24
1.51723922767e-07
0.0156588173659
0.0156928466132
0.0157571762814
0.0158511459139
0.0159675338666
0.0160987970998
0.0162402446454
0.016384765425
0.0165255520954
0.0166586978836
0.0167788782508
0.0168826344036
0.0169662735173
0.017026518511
0.0170601377901
0.0170639705493
0.0170373441286
0.0169763948978
0.0168794960381
0.0167474751958
0.0165755931182
0.0163666066799
0.0161200728133
0.0158394575641
0.0155291285474
0.0151992738986
0.0148625802887
0.0145396131154
0.0142539241901
0.014035607993
0.0139153149415
0.0139148584482
0.0140478768644
0.0143150198692
0.0146992742112
0.0151780153293
0.0157200573772
0.0162978172128
0.0168823549099
0.0174534054347
0.0179921308631
0.0184857059669
0.0189214126072
0.0192903018584
0.0195860406746
0.0198033943526
0.0199366704238
0.0199826540832
0.0199366062814
0.0197972877639
0.0195621376863
0.0192282608515
0.0187944141216
0.0182608048978
0.0176296813052
0.0169057415503
0.0161015481042
0.0152351884449
0.0143352487412
0.0134372021225
0.0125906101634
0.0118519321722
0.0112814935666
0.0109327144419
0.0108473117664
0.0110361965046
0.0114846517213
0.0121524486646
0.0129904148733
0.0139441500991
0.0149667731735
0.0160150315543
0.0170512524285
0.0180456303528
0.0189717086774
0.0198084346983
0.0205419071196
0.0211583441713
0.0216491085337
0.0220084499384
0.0222323474748
0.0223157230584
0.0222589452949
0.0220641559796
0.0217344850218
0.0212800518291
0.0207135216258
0.0200560155332
0.0193296556462
0.0185621089134
0.0177827163155
0.017020049792
0.0162988949734
0.0156421834995
0.0150716224016
0.014600647955
0.0142400237783
0.0139954947253
0.013865346252
0.0138457771859
0.0139250096802
0.0140859946287
0.0143129267367
0.0145855751311
0.014884915219
0.0151929538124
0.0154920766412
0.0157678901608
0.0160075890811
0.0162009225758
0.0163421248591
0.0164257946575
0.016453758137
0.0164313374655
0.0163704521844
0.0162863029154
0.0162011793179
0.0161366171268
0.0161149330136
0.0161542451283
0.0162646000571
0.0164524135808
0.0167168976818
0.0170532853653
0.0174540129502
0.0179109509018
0.0184121425025
0.018948518998
0.0195085528443
0.0200805731495
0.02065310919
0.0212115608247
0.0217442026466
0.0222374909352
0.0226765681116
0.0230492631696
0.0233409365679
0.0235405681823
0.0236376195722
0.0236228055504
0.0234893268062
0.0232331736235
0.022854879131
0.0223586526206
0.0217545952288
0.0210553179893
0.0202817782004
0.0194548212357
0.01860135448
0.0177466613759
0.0169180734803
0.0161445742904
0.0154533210561
0.0148697060166
0.0144194413622
0.0141216705452
0.0139890619388
0.0140265739487
0.0142293080086
0.0145815871631
0.0150623225158
0.0156428487951
0.0162931041645
0.016984296259
0.0176859121676
0.0183755169735
0.0190281076744
0.0196271317163
0.0201594880439
0.0206147582784
0.0209879113849
0.0212779585124
0.0214894247465
0.0216306137982
0.0217126873883
0.0217497716481
0.0217592485085
0.0217595555913
0.0217661585291
0.0217972508418
0.0218641224542
0.021979444989
0.0221530611892
0.0223907144328
0.022694776026
0.0230656586157
0.0235022538873
0.0239977022074
0.0245428552304
0.0251252291179
0.0257286759059
0.0263343044185
0.0269209608238
0.0274663565482
0.0279491172732
0.0283490321227
0.0286494121759
0.0288370715687
0.028903825528
0.0288444965202
0.0286592239773
0.0283522704061
0.0279319307088
0.0274079019028
0.0267953627747
0.0261100320633
0.0253720734355
0.0246029819233
0.023824502638
0.0230598583831
0.0223330858071
0.0216701241731
0.0210976808939
0.020637571443
0.0203135989357
0.0201434774835
0.020136339247
0.0202960749714
0.0206137842724
0.0210720357698
0.0216431535451
0.0222939610238
0.0229890858222
0.0236937963062
0.0243749887375
0.0250093559917
0.025579170447
0.026071561442
0.0264830366881
0.0268147443638
0.0270716443594
0.0272601629037
0.0273944586032
0.0274851054749
0.0275482672194
0.0275977499429
0.0276530135876
0.0277263113337
0.0278351585188
0.0279929318318
0.0282133841133
0.0285074396119
0.0288834718091
0.0293490723056
0.0299065648104
0.0305554138
0.0312903882717
0.0320998128922
0.0329681351862
0.0338712840992
0.0347833973237
0.0356740702609
0.0365145663102
0.0372776172603
0.0379424985498
0.0384926444431
0.038919182554
0.0392173158411
0.0393876684221
0.0394333762966
0.0393594248355
0.0391737622728
0.0388867506023
0.0385089780758
0.0380519952963
0.0375312548811
0.0369610016148
0.0363600348769
0.0357447001253
0.0351357096188
0.0345530967231
0.0340208763252
0.0335605195905
0.0331924598586
0.032937092262
0.0328076376934
0.0328126216018
0.0329500364494
0.0332054656962
0.033557036976
0.0339752855814
0.0344257199524
0.0348741842259
0.0352973235746
0.0356679209768
0.0359717279638
0.0362039165937
0.0363573663778
0.0364374892528
0.0364444888612
0.0363870275504
0.0362781807959
0.0361262938787
0.0359484187778
0.0357592874717
0.0355786262667
0.0354262312029
0.0353237322001
0.0352933597532
0.0353551981147
0.0355291568826
0.0358305700971
0.036271280568
0.0368574154942
0.0375877910012
0.0384504269517
0.0394290531941
0.0404950092402
0.0416165292741
0.0427573094885
0.0438818747722
0.0449583033498
0.0459617506613
0.0468725658776
0.0476779274043
0.0483718291321
0.0489521239182
0.0494188023563
0.0497752078719
0.0500285705683
0.050185163117
0.0502551403758
0.0502496404072
0.0501824916445
0.0500678751399
0.0499254357929
0.0497719998748
0.0496278581821
0.0495146620771
0.0494517149504
0.0494563834082
0.0495446512586
0.049726857147
0.0500089826296
0.0503861010038
0.0508501727209
0.0513798037769
0.0519521538647
0.0525374077773
0.0531026966951
0.0536192161412
0.0540620563924
0.0544100966086
0.0546476936197
0.0547661079928
0.0547596289827
0.0546287261858
0.0543772497137
0.0540122588934
0.0535434952143
0.052986501916
0.0523559223477
0.0516708155051
0.0509534556491
0.0502270026509
0.0495188623498
0.0488570631022
0.0482700632609
0.0477871621776
0.0474345367046
0.0472345588326
0.0472027342222
0.0473463903996
0.0476626031403
0.0481386476824
0.048751927531
0.0494760004101
0.0502770854178
0.0511218415656
0.0519782887554
0.0528174161488
0.0536173790322
0.0543594557898
0.0550301579064
0.0556194075978
0.0561223403835
0.0565355274152
0.0568571207289
0.0570917523632
0.0572433750626
0.0573218940211
0.0573355013348
0.0573039451292
0.0572473127602
0.0571865182052
0.0571480663418
0.057160967407
0.0572526189759
0.0574431398186
0.057750804942
0.0581839002418
0.0587476557936
0.0594353650514
0.0602332318357
0.0611215190375
0.0620757275484
0.0630711647357
0.0640791862256
0.0650740550262
0.0660348854953
0.0669401734332
0.0677755715485
0.0685254436648
0.0691825211879
0.0697385703775
0.0701882445689
0.0705293725841
0.0707621900967
0.0708894796767
0.0709176169725
0.0708562799844
0.0707208175275
0.0705303193426
0.0703089476017
0.0700843357541
0.0698849054035
0.0697386586474
0.0696699751166
0.0696967074714
0.0698301745779
0.0700719053248
0.0704189869167
0.0708590119584
0.0713752031884
0.0719474801092
0.0725521435441
0.0731635206045
0.0737566031749
0.0743059368217
0.0747878604136
0.0751800744208
0.0754607923775
0.0756117016772
0.0756143763814
0.0754601717702
0.0751443755321
0.0746777988606
0.0740843481814
0.0733949432163
0.0726459291157
0.0718689795398
0.0710923101825
0.0703423100238
0.0696465016921
0.0690344124057
0.0685323105863
0.0681646924887
0.0679478072991
0.0678909829741
0.067996310656
0.0682556980107
0.0686588271929
0.0691866805154
0.0698189662681
0.0705322850893
0.0713035585478
0.0721092543447
0.0729242899578
0.073728076829
0.0745013495721
0.075225118167
0.0758839589466
0.0764635808642
0.0769529953105
0.0773434309503
0.0776288234791
0.077804942409
0.077874523684
0.077844606767
0.0777292556466
0.0775480598555
0.0773301656707
0.0771074433242
0.0769141087499
0.0767825033394
0.0767405595086
0.0768066519137
0.0769929372091
0.0773029139396
0.0777327469995
0.0782743722162
0.0789153078812
0.0796403738333
0.0804300632308
0.0812666194578
0.0821283855003
0.0829973497286
0.0838515264118
0.0846739086752
0.0854450035004
0.0861495352625
0.0867710252928
0.0872973192179
0.0877174003291
0.0880240655451
0.0882128719047
0.08828444046
0.0882448243554
0.0881065616087
0.0878929224106
0.0876294539115
0.0873497681974
0.0870887533752
0.0868777038937
0.0867425978004
0.0867050966827
0.0867747056168
0.0869593499114
0.0872556611567
0.0876577315341
0.0881563497736
0.0887378407381
0.0893881684696
0.0900886218561
0.0908211435332
0.0915668590937
0.0923047164066
0.0930150296228
0.0936778536062
0.094274150827
0.0947863055907
0.0952001663526
0.0955027234772
0.0956842480085
0.0957395270597
0.0956687432546
0.0954791017159
0.0951829945652
0.0948025587142
0.0943644918821
0.0939014707412
0.0934466523995
0.0930304690698
0.0926792314364
0.0924138443524
0.0922469489075
0.092184695465
0.0922288967789
0.0923749475841
0.0926156533859
0.0929401827861
0.0933349293574
0.0937838899905
0.0942706867461
0.0947727501565
0.0952701130341
0.0957419551961
0.0961647086371
0.0965177385315
0.096780106398
0.0969352446626
0.0969700158188
0.0968741187475
0.0966430876382
0.0962784693976
0.0957902127393
0.0951925525403
0.0945076994549
0.0937640003639
0.0929922769748
0.0922238245179
0.0914882450783
0.0908112345277
0.0902122227174
0.0897052359431
0.0892979860973
0.0889933866007
0.0887893376952
0.0886802637185
0.0886555678687
0.0887051257671
0.0888104523885
0.0889542465816
0.0891167606112
0.0892729105435
0.0893993873608
0.0894703529828
0.0894618923252
0.0893523874357
0.0891239975346
0.0887629549642
0.0882624926081
0.0876235635942
0.0868510098724
0.0859595929365
0.0849685581998
0.0839022710643
0.0827910080071
0.0816651114673
0.0805556887931
0.0794892532003
0.0784916266909
0.0775817874008
0.0767726793358
0.0760733689364
0.0754860315137
0.0750087097274
0.074635541881
0.0743549780958
0.0741534615304
0.0740129865199
0.0739111482413
0.0738243024895
0.0737248249956
0.0735845044502
0.0733756992428
0.0730735990995
0.0726552577607
0.0721077934325
0.0714245298926
0.0706066303027
0.069664040802
0.068615266871
0.0674833046206
0.0662968697627
0.0650895744318
0.0638947674156
0.0627457992873
0.0616728116059
0.0607060200629
0.0598653265191
0.0591685344833
0.0586235837821
0.0582338113826
0.0579939575249
0.0578940334629
0.057918810646
0.0580475305497
0.05825658087
0.058519220432
0.0588033264974
0.0590808082803
0.0593185423057
0.0594881075155
0.0595658435572
0.0595355987737
0.0593915703981
0.0591360244874
0.0587873677358
0.0583689818897
0.0579146640637
0.057462018039
0.0570495514892
0.056716171025
0.0564968233382
0.0564224233157
0.056516139616
0.0567931511538
0.0572590225733
0.0579127680987
0.0587435820828
0.0597350701717
0.0608657736717
0.0621075004592
0.0634342470736
0.064816375929
0.0662236280485
0.0676265710707
0.0689967662876
0.0703088399798
0.0715390602022
0.0726675685
0.0736834073308
0.0745835498212
0.0753751017487
0.0760778933611
0.076719128161
0.0773339342536
0.0779578570589
0.0786291192635
0.0793784554669
0.0802327847763
0.0812120263439
0.0823301607055
0.0835916952932
0.0849977180763
0.0865411476817
0.0882096429772
0.0899903454861
0.0918622641358
0.0938046675778
0.0957935601735
0.097807253163
0.0998199235573
0.101807253196
0.103746577106
0.105616184928
0.1073938663
0.109063807681
0.110611230268
0.112030086151
0.113318410937
0.114487502165
0.115555673385
0.116550183925
0.117504539087
0.118453994262
0.119432218722
0.120467754857
0.1215840735
0.122798382348
0.124121787616
0.125557586099
0.127107118249
0.128765412329
0.130523429801
0.132369694694
0.134287839773
0.136261832234
0.13827174203
0.140296081608
0.142311403118
0.144296829993
0.146229655086
0.148086905131
0.149850106799
0.151499208538
0.153021517078
0.154406536443
0.155651392691
0.156762492904
0.157753709811
0.158648039942
0.159474548387
0.160265908465
0.161055692861
0.161873776045
0.162745180993
0.16368951396
0.164720833557
0.165846803059
0.167071687754
0.16839491277
0.169811652396
0.171314796151
0.172893524961
0.174532079138
0.176216986854
0.17792619521
0.179640025566
0.181334528829
0.182987526224
0.184576667202
0.186076762242
0.187470020548
0.188738273578
0.189869973321
0.190858238376
0.19170195983
0.19241120235
0.193002855726
0.193500822526
0.193932305191
0.194330205798
0.194723680958
0.195141199174
0.195604952738
0.196132446225
0.196739636891
0.197432077205
0.198216775268
0.199094233088
0.200060262223
0.201111259914
0.202235436773
0.203421936507
0.204653396493
0.205910858654
0.207173463561
0.208415260705
0.209611461334
0.210738232229
0.2117710617
0.212689832961
0.213479419131
0.214127401148
0.214631543984
0.214993898793
0.215224759292
0.215343537977
0.215372132978
0.215337626756
0.215268532075
0.215192671309
0.215135503895
0.215117394241
0.215158647977
0.21527085071
0.215465995544
0.215748783915
0.21612339442
0.216590799851
0.217145733061
0.217780978218
0.21848585104
0.21924406204
0.220036112326
0.220839270118
0.221627058183
0.222371295318
0.223045994782
0.223626215949
0.224092436006
0.224427479524
0.224623791397
0.224680740002
0.22460267591
0.22440227428
0.224095551868
0.223705199988
0.223255369061
0.222770513518
0.222276057389
0.221794832576
0.221348965253
0.220955547563
0.220629754441
0.220383521136
0.220226039886
0.220162895936
0.220197006606
0.220327525228
0.220549537689
0.220853535436
0.221225074397
0.221644389429
0.222086722935
0.222524170861
0.222927222471
0.223266788766
0.223516137771
0.223655784937
0.223671789888
0.223557218596
0.223311956645
0.222942088107
0.222458834427
0.221879065418
0.221221311885
0.220506856986
0.219756667405
0.218994669803
0.218242074354
0.217518993269
0.21684249098
0.21623131267
0.215697180289
0.215252819043
0.214906592849
0.214665284951
0.214531041138
0.214501828369
0.214571479461
0.214726177457
0.214947965292
0.21521156097
0.215487963367
0.215745208814
0.215951685955
0.216081699004
0.216114123763
0.216035453108
0.215838485122
0.215524112822
0.215097241319
0.214567782902
0.213949931248
0.213258269899
0.21251041741
0.211727018649
0.21092747236
0.210131193999
0.209357941808
0.208625950825
0.207953660624
0.207356565294
0.206849361046
0.206443608135
0.206149275387
0.205972779855
0.205915666255
0.205975989685
0.206142519577
0.206399459186
0.206722326042
0.207082369939
0.207446547209
0.207782406951
0.208062342738
0.208264315097
0.208373486533
0.208382280371
0.208288223426
0.208094190991
0.207808241455
0.207437635987
0.20699665805
0.20649898029
0.205960945401
0.205399194657
0.20483200296
0.204278504979
0.203757812838
0.203288290878
0.202887441886
0.202574143326
0.202362298874
0.202265840326
0.202295150995
0.202456436096
0.202750422796
0.203171360698
0.203705635898
0.204331910096
0.205022203901
0.205744963672
0.206467866383
0.207161555608
0.207802511896
0.20837335272
0.208861615296
0.209262209017
0.209575744031
0.209802431732
0.209948210515
0.21002193401
0.210033304139
0.209994624062
0.209920635129
0.209827843063
0.209733110971
0.209655539923
0.209614817965
0.209631179024
0.209725317886
0.209915656422
0.210219242755
0.210649332222
0.211217320117
0.211926957191
0.212776067884
0.213754684581
0.214843527687
0.216021133259
0.217254041208
0.218514205992
0.219771183116
0.220998575782
0.222177134714
0.223291979697
0.224331822494
0.225291875066
0.226169351525
0.226963887415
0.227680587981
0.228324241864
0.228903690497
0.229429469448
0.22991514936
0.230377387009
0.230834867005
0.231309322706
0.231820700849
0.232394534378
0.233050234763
0.233811019306
0.234691397639
0.235707123822
0.236862514063
0.238158995816
0.239590483492
0.241139799738
0.242786830726
0.244505019776
0.246266533263
0.248044204492
0.249810312801
0.251543790796
0.25322711191
0.254845262666
0.256388440523
0.257850464613
0.259224955804
0.260511652002
0.261712976115
0.262831934745
0.263875383393
0.264855932794
0.265785711292
0.26668627781
0.267576474571
0.268482430275
0.269429358775
0.270442783937
0.271545978465
0.272758735207
0.27409573046
0.275565128177
0.277168603713
0.278900290253
0.280747954252
0.28269305715
0.284713873335
0.286784573336
0.288880631762
0.290977954751
0.293052461078
0.295086748927
0.297062967335
0.298966892676
0.300788529122
0.302519484522
0.304154243741
0.305689049236
0.307124522011
0.308463549975
0.30971527534
0.31089110826
0.312010287674
0.313093667662
0.314170012241
0.315266543455
0.316412492927
0.317632562168
0.318949366149
0.320379299801
0.321928784786
0.323601483598
0.325391992642
0.327289898195
0.329280073709
0.331344380247
0.333459764023
0.335604887093
0.337755769542
0.33989342056
0.341996265113
0.344045929051
0.346026868577
0.347926262989
0.349730666553
0.351431626283
0.353021228293
0.354497434239
0.355858620524
0.357111507648
0.358265189215
0.359337788411
0.36035322701
0.361339964685
0.36232933747
0.363351927404
0.364435481771
0.365603546916
0.366870998318
0.368248253036
0.369735463168
0.371331337582
0.373026721053
0.374807000392
0.376658754734
0.378561392059
0.380495439079
0.382441753674
0.384378827847
0.38628811289
0.388148632696
0.389944054464
0.39165854191
0.39327691602
0.394787218614
0.396179197395
0.397444489788
0.398582830619
0.399594756517
0.400490951407
0.401287746626
0.402009587991
0.402686673375
0.403351857232
0.404038130062
0.404774305095
0.405583870223
0.406482970566
0.40748102949
0.408581230886
0.409781464744
0.411074194234
0.412449338769
0.413893872119
0.415391387396
0.416924721014
0.418475402484
0.420023190013
0.421549759772
0.423034777267
0.424458258514
0.42580429625
0.427055297295
0.428195043913
0.429212554236
0.430097824587
0.430845509717
0.431456658424
0.43194066893
0.43231418668
0.432602406301
0.432834663861
0.433046084476
0.433268977843
0.433533206983
0.433861310052
0.43427169888
0.434771984267
0.435368549233
0.436060563776
0.436842621369
0.437706849053
0.438643304837
0.439637302829
0.440673881863
0.441735661258
0.442804471259
0.443859575505
0.444881543051
0.445850285418
0.446744472731
0.447546818628
0.448239697034
0.448808436622
0.449241477603
0.449533941668
0.449685641504
0.449706562968
0.449612091829
0.449427478205
0.44918232888
0.44891024209
0.44864336137
0.448410130595
0.448234272841
0.448132803721
0.448116017535
0.448191276851
0.44835933714
0.448619180512
0.448964476709
0.449387928988
0.449877242218
0.450419984233
0.451000204589
0.451598666951
0.452195389264
0.452770386961
0.453300122775
0.453763607694
0.454140194449
0.454410780478
0.454558881986
0.454573585466
0.454447524028
0.454184488544
0.453790714716
0.453283843174
0.452688775733
0.452030274084
0.451344133526
0.450655137085
0.449996114751
0.449384419309
0.448843170797
0.448380196435
0.448008563719
0.44772849978
0.447543036693
0.447451455894
0.447445191644
0.447518880091
0.447658503028
0.447851148156
0.448078817632
0.448321584335
0.448554975588
0.448756686561
0.44890236816
0.448968757941
0.448935026658
0.448784184539
0.448506335055
0.44809478739
0.447550754653
0.446883886079
0.446109617178
0.445250035358
0.44433082831
0.443378905029
0.442423119022
0.44148774002
0.440594504081
0.439763818888
0.439008234354
0.438340544162
0.43776728729
0.437291776754
0.436917658616
0.436641658796
0.436458763589
0.436360621399
0.436335493185
0.436365078135
0.436429149525
0.436503080107
0.436562451297
0.436578685292
0.436526804529
0.436385493653
0.436136345895
0.435768287005
0.435277543401
0.434663638872
0.433937089914
0.433110641939
0.432204219091
0.431239998977
0.430241390188
0.42923350253
0.42823854476
0.427279201095
0.426374651252
0.425539766734
0.424788747569
0.424133132605
0.423579651437
0.423134393308
0.422799033413
0.422573175822
0.42245232486
0.422424544987
0.422476640372
0.422586744042
0.422729544704
0.422877526217
0.423002314319
0.423073329598
0.423067813963
0.422967720347
0.422761326945
0.422442476216
0.422013596348
0.421481006077
0.420857246601
0.420156467015
0.419399293861
0.418604516916
0.417793190654
0.416988019961
0.416208026176
0.415473257359
0.414800639111
0.414206386771
0.413703920515
0.413305125807
0.413019202342
0.412853037012
0.412809682864
0.412888254443
0.413082357047
0.413379306684
0.413759906631
0.414198970387
0.414666484358
0.415129920944
0.415560033141
0.415929206512
0.416218766028
0.416415073967
0.416511090848
0.41650783251
0.416407335738
0.416220896693
0.415960039199
0.415638855223
0.415274642146
0.414885014956
0.414489043569
0.414105178568
0.413754057339
0.413453194474
0.413219656372
0.413070539887
0.413020585392
0.413082609833
0.413266966215
0.413582144
0.414031352141
0.414611225036
0.415313184572
0.416119423905
0.417007119905
0.417945554289
0.41890028186
0.41984036272
0.420737055102
0.421568984907
0.422319313956
0.42298076902
0.42354892633
0.424024317718
0.424414636929
0.424726436125
0.424971265671
0.425161249016
0.425312962923
0.425441703023
0.425565369807
0.425702723062
0.425872177907
0.426092933748
0.426383755854
0.426762617414
0.427244665785
0.427845759922
0.428575251856
0.429442278461
0.430446143175
0.431581555333
0.432834986073
0.434182284774
0.43559671917
0.437043967344
0.438492824876
0.439914270884
0.441282608924
0.442581367717
0.443797366901
0.44492394589
0.4459597948
0.446905359605
0.447764623104
0.448544620317
0.449255755656
0.449908546111
0.450517950033
0.451099329635
0.451671530819
0.452252692763
0.452863628791
0.453524742414
0.454256809266
0.455079002197
0.456008808121
0.457059965941
0.45824257606
0.459560135495
0.461008960129
0.462577522911
0.464245415179
0.4659873741
0.467773251048
0.469571076432
0.471352815617
0.473092465856
0.474770854809
0.476372974309
0.477888334683
0.479310418383
0.480636113805
0.481866451879
0.483002973699
0.484053218333
0.485025173486
0.485928910561
0.486780125305
0.487595361575
0.488394265759
0.489199915842
0.490034342498
0.490920049977
0.491880790114
0.492935454356
0.494101830987
0.495389255677
0.496803976372
0.498344369652
0.499998652194
0.501750961652
0.50357727713
0.505451985326
0.507344954718
0.509230552598
0.511083535433
0.512883383291
0.51461145884
0.516255434048
0.517805602757
0.519254171712
0.520598944251
0.521836623272
0.522972321766
0.524007725323
0.524954377293
0.525822153815
0.526630438727
0.527398246107
0.528148446174
0.528907421678
0.529703508481
0.53055820395
0.531497248213
0.532535337944
0.533687693725
0.534957158669
0.536343029453
0.537837353843
0.539423037159
0.541080692607
0.542787824524
0.544517845811
0.546247319097
0.547951127006
0.549609527268
0.551203738482
0.552717768564
0.554139253658
0.555457151669
0.556665159164
0.557758427867
0.55873405545
0.559595028365
0.560346975719
0.561001121199
0.561572547954
0.562082920642
0.562557604295
0.563025700266
0.56351618961
0.564057462137
0.564673275272
0.565382298626
0.566196405518
0.567121023165
0.568154190843
0.569288243804
0.570509255812
0.571800113714
0.573140462683
0.574509590272
0.57588319727
0.577240530745
0.578559896132
0.579824346911
0.581013809549
0.582116254412
0.583116635489
0.584006250912
0.584774745599
0.585418660536
0.585935577547
0.586330308018
0.586610700369
0.586792724467
0.586898003232
0.586953570802
0.586992184495
0.587045194802
0.58714290932
0.587309394322
0.587564735323
0.587918832732
0.58837754263
0.588939450317
0.589597696672
0.590340923317
0.591154222929
0.592020602579
0.592919803137
0.593831561274
0.594737669275
0.595615635174
0.596447426263
0.597215587782
0.5979022123
0.598492241266
0.598974299432
0.599334348019
0.599566898483
0.599665272623
0.599634101494
0.599478045737
0.599213347527
0.59886181345
0.598453505247
0.598020748631
0.597597485901
0.597214980014
0.596896971671
0.596663078607
0.596526065025
0.596488471124
0.596552156872
0.596709947429
0.596954364126
0.597271796309
0.597647797077
0.59806566791
0.598507449884
0.598953519578
0.599386009229
0.599784054961
0.600128765137
0.600402588063
0.600587941821
0.600669580274
0.600634406436
0.600470863994
0.600174484582
0.59974497316
0.599182533705
0.598511182305
0.597745328045
0.596923060265
0.596066902565
0.595220698813
0.594408905365
0.593660487146
0.592990427952
0.592414627054
0.591938889238
0.591558348628
0.591278899963
0.591087994614
0.590976041477
0.590933557972
0.590945882871
0.590993963178
0.591063859427
0.591133648342
0.591184342663
0.591195335709
0.591149543596
0.591024665667
0.590804043564
0.590473196268
0.590019096037
0.589434736021
0.588716842555
0.587872555284
0.586915235938
0.585867263418
0.58475654797
0.58361471136
0.582474694637
0.581366768006
0.580315285974
0.579340884976
0.578455168023
0.57766652865
0.576978975431
0.576393513818
0.575903689884
0.575506129731
0.575188595341
0.574941795063
0.574748860064
0.574595687921
0.574460949185
0.574326620447
0.574169588374
0.573969220972
0.573702893793
0.573353087205
0.572899882425
0.57233224218
0.571639055188
0.570820840912
0.569880072836
0.568830666246
0.567692530691
0.566491971442
0.565259159037
0.564023811533
0.562813021812
0.56165298898
0.560563046769
0.559558564329
0.558649928272
0.557843182123
0.557142832312
0.556548043317
0.556055775546
0.555660748146
0.555353821708
0.555122666414
0.554951741903
0.554822365268
0.554713913468
0.554603754037
0.554465564848
0.55427808007
0.554017718319
0.553665802469
0.553207308463
0.552633517918
0.551942205994
0.551136562711
0.550227934261
0.549236298377
0.548182243722
0.547092434761
0.545993852306
0.54491270507
0.543873224841
0.542894095509
0.541994486536
0.541186471474
0.540479628438
0.53988195888
0.539397037437
0.53902621599
0.538767688946
0.538615513695
0.538560537946
0.538589397687
0.538683964081
0.538822667601
0.538980299256
0.539129928869
0.539245053659
0.539300967355
0.539276051486
0.539154850515
0.538927035178
0.538590773095
0.538148777882
0.537609835109
0.536990178253
0.536308231182
0.535585310692
0.534846031491
0.534113008405
0.533409782747
0.532754961235
0.532166883149
0.53166232043
0.531253526836
0.530950420605
0.530763281797
0.530695742386
0.530751134302
0.530927525405
0.531219408893
0.531616607217
0.532102993363
0.532655442801
0.533248078404
0.533850569921
0.53443478055
0.534971002575
0.535438276825
0.535817955234
0.536098832356
0.536278130137
0.536357029602
0.536343363834
0.536247631087
0.536085686685
0.535876040035
0.535637002828
0.535390087128
0.535154922309
0.534952064915
0.534799834203
0.534714588997
0.534712540819
0.534807874093
0.535011666909
0.535332908779
0.535781344391
0.53635668803
0.537060344735
0.537883005973
0.53881135661
0.539825111527
0.540897030034
0.541994399279
0.543086297912
0.544142410206
0.54513748553
0.546051438872
0.546873236802
0.54759656672
0.548221504148
0.548751480401
0.549195745757
0.549564832303
0.549873284948
0.550136983383
0.550373289875
0.550600862987
0.55083777585
0.551103899144
0.551415810641
0.551791887105
0.552248378028
0.552800378915
0.553461200124
0.554242176589
0.555149875432
0.556187323379
0.557350964874
0.558629696184
0.560004506855
0.561448855379
0.562931240727
0.564418455763
0.565878784353
0.567284483979
0.568616076824
0.569857966413
0.571002570188
0.572045483122
0.572988775288
0.573837974035
0.574599641673
0.575284948602
0.575906224511
0.576478772325
0.577018470541
0.577543456177
0.578071769989
0.578621969704
0.579214533459
0.579867554574
0.580598622847
0.581425453224
0.582362376808
0.583418010262
0.584600640285
0.585908694096
0.587333102558
0.588858065696
0.590457796155
0.592102406611
0.593759878018
0.595396996438
0.596987501078
0.598507376138
0.599941187945
0.601277166585
0.602509252903
0.603635435369
0.604657623824
0.605579763417
0.606408984823
0.607154453177
0.607829137679
0.608447512727
0.609027049162
0.609585077775
0.610142326035
0.610719665121
0.61133918478
0.612020974389
0.612784852235
0.613647662007
0.614622933109
0.615718197737
0.616934864138
0.618264920339
0.619694103643
0.621199267347
0.62275233529
0.624322749577
0.625880131162
0.627396395723
0.628848851177
0.630218817336
0.631494590344
0.632664158685
0.633725399357
0.634673057502
0.63551018629
0.636240682961
0.636870285318
0.637410468724
0.63787220235
0.638273124304
0.638632844515
0.638971152508
0.639312316592
0.639679691805
0.640098320897
0.640589300841
0.641172288457
0.641860944041
0.64266431222
0.643583334497
0.644611781987
0.645735434874
0.646933794885
0.648181170672
0.649449635883
0.650711436442
0.651940658387
0.653112666941
0.654210149142
0.65521809497
0.656123646003
0.656918395146
0.657597139275
0.658159248688
0.65860345513
0.658933423404
0.659158479279
0.659289797922
0.659341646528
0.659335312904
0.659292619465
0.659239966415
0.659203924814
0.659211513171
0.659287372611
0.659451767146
0.659717768796
0.660094704335
0.660582361376
