metodo_1_dt_1:4
4.36025497048e-05
0.00249682700575
0.00248359106491
0.00247671459944
0.00248927499525
0.00250840196626
0.00251023937095
0.0025144403911
0.00251045093932
0.00250041736103
0.00251209403734
0.00252840621125
0.00254274358689
0.0025406171541
0.00253780884956
0.00253524471875
0.00253355456542
0.00254841356837
0.00256685155096
0.00256611281682
0.00256563898002
0.00256409504701
0.00256659812587
0.00256930716268
0.00258850071776
0.0026010754884
0.00259405151267
0.00259261037921
0.00259235201218
0.00260189701433
0.00260912776857
0.00262652553399
0.00263315662773
0.00262150414573
0.00262120897476
0.00262756341005
0.00264342086887
0.00265303456253
0.00266376900358
0.00266471517423
0.00266206956354
0.00265715327836
0.00267092722702
0.00269003308327
0.00270620767425
0.00270103317278
0.00269910003901
0.00270015026233
0.00270488552173
0.00271332632688
0.00273087872866
0.00273960732076
0.00274077755342
0.00272996022284
0.00273735528302
0.00275476590981
0.00277600586677
0.00278928720424
0.00278262078934
0.00278163941106
0.00277555316849
0.00279010054493
0.00280092791365
0.00281798944193
0.00282609861441
0.00282595908601
0.00282811381842
0.00283051629487
0.00285245954127
0.00285753512395
0.00286901495212
0.00287118422173
0.00286205648687
0.00287163217305
0.00289095910023
0.00291386608262
0.00291256424221
0.00291823693728
0.00290979591471
0.0029155667831
0.00293227497486
0.00295596953303
0.00297662714702
0.00296702135677
0.00295996906534
0.00296363593862
0.00297725420567
0.00300046333849
0.0030027622105
0.00301803096074
0.00301335911708
0.00301617519119
0.00302671698223
0.00304831453489
0.00305057007964
0.00307017325552
0.00307968425211
0.00307342832304
0.0030814122022
0.00307539166478
0.00310131615328
0.00312523501578
0.00313938170318
0.00311952261964
0.0031250255577
0.00313055349935
0.00315607290928
0.00315641085142
0.00317509397982
0.00318365095738
0.00318903166247
0.00317401729773
0.00319680726112
0.00322533108025
0.00324917076031
0.00322413929129
0.00323010602113
0.00323964919292
0.00326028312182
0.00325958293645
0.00328701831855
0.00330492254226
0.00331384908857
0.00329146807815
0.00330842561523
0.0033363551255
0.00333555455628
0.00335849802368
0.00336154049916
0.00336988980252
0.00335178517016
0.00337716552847
0.00340937317216
0.00340412677009
0.00342126227419
0.0034305503404
0.0034090056349
0.0034311385363
0.00346307470444
0.0034604592992
0.00348278006136
0.00349538572964
0.00347151657909
0.00349038708705
0.00352079709711
0.00351942044186
0.00354695144475
0.00356384424522
0.00353901197266
0.00355512362631
0.0035830607894
0.00358135284253
0.00361361569102
0.00359850643614
0.00361142365455
0.00362579350445
0.00361275035585
0.00364715648672
0.00368321675993
0.00367195250747
0.00368861241115
0.00366397911915
0.0036849185901
0.00371783362585
0.00371640427635
0.00374876928467
0.00373067492144
0.00374509389052
0.00376385289439
0.00375359796129
0.00379204155132
0.00378832607315
0.00381485845887
0.00379157878599
0.00380825541951
0.00383495146768
0.0038309760698
0.0038709391113
0.00386138813153
0.00388246865703
0.00385764989199
0.00388187699764
0.00388401626572
0.00392515853876
0.0039624929424
0.00394574728245
0.00396419884213
0.00394227228502
0.00397426148228
0.00397242753381
0.00401365370301
0.00400165400141
0.00402307707933
0.00399920348071
0.00403658841282
0.00403375824827
0.00407754086461
0.00407018866127
0.00409595170141
0.00407167825346
0.00409718588595
0.00408960968025
0.00413453007077
0.00413993858391
0.00417104958342
0.00414925892673
0.00417283442321
0.00416112328944
0.00420562599294
0.00420499300004
0.00424192698012
0.00423018508268
0.00425331540864
0.00423878406252
0.00423468994913
0.00428225876424
0.00427739848175
0.00430815716156
0.00429366883431
0.0043216508403
0.00431518101528
0.00436369248473
0.00436239732019
0.00435095573882
0.00438614257636
0.00436457591782
0.0044006846517
0.00440111124675
0.00445126342055
0.00444444524412
0.00443523406437
0.00446151582489
0.00444555665434
0.00449223293395
0.00449445032354
0.00450093342513
0.00453688467521
0.00451537066871
0.00449820157172
0.00453962766694
0.00454980551676
0.00460121254128
0.00459271865985
0.00457562082116
0.00461346231648
0.00460138682821
0.00460092300226
0.00465479560095
0.00466155433578
0.00469748779125
0.00467651710536
0.00466086417365
0.00470806944371
0.00472204147147
0.00472293053676
0.00476430259555
0.00474496525442
0.00473693802739
0.00478069738717
0.00478328530385
0.00479562811208
0.00484463830329
0.00482850104583
0.00480913398512
0.00485793985301
0.00485977708687
0.00486531058438
0.00486534677641
0.00491462198293
0.00489767858104
0.00488266167919
0.00494021364461
0.00494558180034
0.00495151082088
0.00495343845614
0.00499004760872
0.00497288236635
0.0049673116249
0.00503279211089
0.00503934189717
0.005040099975
0.00503568084092
0.00507189632178
0.00506052446056
0.0050713903674
0.00507905383411
0.00513679034722
0.00513899949604
0.00512271581893
0.00510862590184
0.0051701728048
0.00517706499571
0.00519225406416
0.0051918327
0.00517860507902
0.00522583128234
0.00521872330143
0.00522554887502
0.0052428881721
0.0053008138513
0.00529382502986
0.00528651479513
0.00527601955818
0.00528761839565
0.00535284672765
0.00535987681375
0.00536615891428
0.00535283584672
0.00535024946695
0.00540364266993
0.00541200601225
0.00543238226473
0.00543393714711
0.0054321849941
0.00542080712825
0.00547080851873
0.00548441847388
0.00549842246879
0.00551293797056
0.00551017525063
0.00550549580061
0.00549612297168
0.00555723083906
0.00557667327269
0.00558731495871
0.00559785036725
0.00558786149148
0.00558689510974
0.00558506321874
0.00565996347754
0.00567553808356
0.00568913633547
0.00568554535006
0.00567426301894
0.00567669418901
0.005685695528
0.00570770525049
0.00572062314955
0.00578559347096
0.00577595809795
0.00577805809024
0.00578094586284
0.00580447792898
0.00581864493455
0.00583357804876
0.00582728764142
0.00582594301336
0.00582734825312
0.00584614168844
0.00586473551197
0.00588256184479
0.00594193262348
0.00594110191205
0.0059393072251
0.00595467212564
0.00597885093631
0.00599580764184
0.00600722991499
0.00600347986199
0.00600489281463
0.00601109711848
0.00603382026268
0.00605386558162
0.00607080640167
0.00607099573815
0.00607191577616
0.00608211060668
0.00609434980916
0.00612343867157
0.00613776888908
0.00615065314862
0.00614521732851
0.00615257381547
0.00616877571903
0.0061898708671
0.00621579089203
0.00622665084553
0.00623184508547
0.00623773083649
0.00624244691094
0.00626917352225
0.00628998712865
0.00631393043045
0.0063235343659
0.00632210198979
0.00633097777027
0.00635452316954
0.00637610072163
0.00640480887993
0.00641224635124
0.00642039937638
0.00642692333597
0.00643919171638
0.00640646308742
0.0064385833242
0.00645158849664
0.00646337445277
0.00647162224049
0.00647742741046
0.00650555677946
0.00653689682621
0.00655790330921
0.00657197057239
0.00658119216149
0.00658402940916
0.0066087066316
0.00658140034807
0.00660400645964
0.00662624025638
0.00663549938919
0.00664657456496
0.0066572363964
0.00668965246925
0.00672536315579
0.00674324312976
0.00669765143736
0.00670590636855
0.00672305246023
0.00674237947708
0.00677921359974
0.00681214313001
0.00682354819454
0.00683625388468
0.00678607145734
0.00681173913259
0.00684057230116
0.00687459371461
0.00690174242126
0.00691781003165
0.0068589427425
0.00688078836401
0.00691200923081
0.00695100146702
0.0069836322838
0.00699440205582
0.00694591721443
0.00696175005364
0.00699239718164
0.00702458513758
0.0070591123104
0.00702269747096
0.00703906815483
0.00705283519187
0.00707241276931
0.0071106540758
0.00708548126052
0.00711742819874
0.00713780470255
0.00714389395478
0.00716712969338
0.00713954616101
0.00717874081318
0.00721599517481
0.00724156737066
0.00718581016888
0.00720607876189
0.00723795065354
0.00727700434501
0.00731853287768
0.00728631222931
0.00730397569868
0.00731568090865
0.00734381984794
0.00731734178299
0.00736140501308
0.00739834684244
0.00735694220963
0.0073759922418
0.00740060060074
0.00742752631909
0.00740866634808
0.00745043712297
0.0074809568135
0.0074993617082
0.00745767212849
0.00749073721659
0.00753194730746
0.00751335272885
0.00754959253101
0.00756740001023
0.0075219204515
0.00755118485799
0.0075928236965
0.00757314873064
0.00761480222953
0.00764467448987
0.00766720955065
0.00762620427576
0.00766435282463
0.00771200649336
0.00769371318107
0.00772634736341
0.00775165190936
0.00771159953463
0.00774591151196
0.00772448786226
0.00777362148218
0.00781495241034
0.00777985813694
0.00780126999162
0.00783206674873
0.00781046128877
0.00786089984259
0.00790742478455
0.00787445913362
0.00790058693039
0.00786395792107
0.00790330243364
0.00795030559239
0.00793572102974
0.00797638163735
0.00794099698878
0.007967947903
0.00800061925933
0.00798330436242
0.00803603666069
0.0080171982495
0.00805147003609
0.00807620988384
0.00804332054534
0.00808783385745
0.00807585008655
0.00812682668689
0.0080985028195
0.00812853488064
0.00815891403856
0.00813415373997
0.00819316785462
0.00817904809531
0.00822482907222
0.00819349376165
0.00822331322219
0.00826043786875
0.00824419276152
0.00829725951556
0.00828267189893
0.00832209606579
0.00829451557537
0.00832873425103
0.00830883899164
0.00836163637641
0.00835122587679
0.00839640276557
0.00836493824928
0.00839770143599
0.00838072098183
0.00843469736288
0.0084238023197
0.00847468284081
0.00844766045312
0.00848069744755
0.00846014609678
0.00851102414602
0.00850397111735
0.00855983717644
0.00853510211104
0.00857027896274
0.00854719356843
0.00859435112075
0.00858624109499
0.0086458669903
0.0086298813391
0.00867568872302
0.00864481415753
0.00861883035984
0.00867452509152
0.00866971451472
0.00873239354496
0.00870992088357
0.0087464858696
0.00872035236173
0.00877951895556
0.00877470610419
0.00876860852187
0.00881520768797
0.00878795968919
0.00883340214268
0.00881521104839
0.00880884087678
0.00887227342476
0.00886788945757
0.00891160942751
0.00888341739533
0.00893518165461
0.0089256939031
0.00892367019663
0.008984443906
0.0089734149856
0.0089469500676
0.00898612015623
0.00897960133976
0.0090438728491
0.00904161563673
0.00903639183289
0.00908021438286
0.00905445025567
0.00903732180909
0.00910608709654
0.00910611929069
0.00916687024666
0.00915505521164
0.00912987777694
0.00917658166474
0.00917485700547
0.00917533773695
0.00924750266375
0.00923460089625
0.00921180817643
0.00926314530421
0.009250825762
0.00924998091478
0.00932553510705
0.00931839354715
0.00930625037286
0.00928315344574
0.00933445849043
0.00933747963768
0.00934055307476
0.00940620013212
0.0093991623043
0.00937734343363
0.00943257644497
0.00942523160426
0.00943461276236
0.0094369992947
0.00949667158958
0.00948450896593
0.00946405990604
0.00952709671013
0.00952784798073
0.00953940735249
0.00953717696267
0.00959070009406
0.00957701952668
0.00956226621163
0.00956646487982
0.00964002800661
0.00964923534859
0.00964049189769
0.00962893991857
0.0096796688411
0.00967990973943
0.00968466440656
0.00969751201663
0.00976582542973
0.00975790372477
0.00973992615542
0.0097363840049
0.00973865399594
0.00982139533993
0.00982388904172
0.00982100288043
0.00980403215281
0.00979739722492
0.00986417983615
0.00987892282765
0.00988587909361
0.00988871103934
0.00988436925992
0.00993751289406
0.00993878590351
0.00994535357654
0.00996179583978
0.00996383032776
0.00996051834344
0.0100136577404
0.0100112999094
0.0100213671334
0.0100324433092
0.0100494116718
0.0100449217898
0.0101064270035
0.0101014259422
0.0101011917539
0.0101181063266
0.0101291464486
0.0101369771738
0.0101335717568
0.0101927378434
0.010195098311
0.010209738517
0.0102230362392
0.0102364216797
0.0102313191848
0.0102258509541
0.0102249596159
0.0103016931851
0.0103218716229
0.0103399300794
0.0103404800284
0.0103374564221
0.0103344710111
0.0103353360084
0.0103575207319
0.0103788673015
0.0103917052132
0.0103863081685
0.0104516908377
0.0104552747152
0.0104682190016
0.0104910658697
0.0105091723807
0.0105090182415
0.0105069899087
0.0105077260542
0.0105234168799
0.0105395144455
0.0105617892576
0.0105738673117
0.0105750130761
0.0105678745832
0.01057965484
0.0106001873037
0.0106250476165
0.0106363864271
0.0106421468292
0.010645115262
0.0106500996271
0.010730091207
0.0107557297967
0.0107784098113
0.0107930702445
0.0107948257491
0.0107911009421
0.0108045443546
0.010829154359
0.0108587865578
0.0108759470482
0.0108751629906
0.0108770706393
0.0108867087299
0.0108428714934
0.0108709757389
0.0108935758048
0.0108978405759
0.0109041927193
0.0109107645359
0.0109292355434
0.0109573619678
0.0109843975139
0.0110041987446
0.0110036775041
0.0110085232925
0.0110230708875
0.0110529091754
0.0110828670706
0.0111050590247
0.0111153095116
0.0111235274137
0.0111345085972
0.0111516086468
0.0111827105155
0.0111438483189
0.0111595075749
0.0111661528191
0.0111745426688
0.0111975463927
0.011227908398
0.0112590830541
0.0112840425352
0.0112942627796
0.0113016301909
0.011317395073
0.0112792122807
0.0113125679094
0.0113333834809
0.0113519112369
0.0113600116946
0.0113725384726
0.0113972155874
0.0114344311543
0.0113964583778
0.011417251944
0.0114313304681
0.0114418442047
0.0114625970314
0.0114949722972
0.0115334901825
0.0114902710251
0.0115050746338
0.0115186695956
0.0115357256071
0.0115715262934
0.0116115039835
0.0115735549646
0.0115936549024
0.0116087521025
0.0116230085896
0.0116488411391
0.0116884556424
0.0116545575478
0.011680509119
0.0116988917063
0.011711812205
0.011733765961
0.011701298038
0.0117398981272
0.0117778192525
0.011800930709
0.0118142876681
0.0117627352878
0.0117970179842
0.011836359806
0.0118729720769
0.0119017458675
0.0118471426227
0.0118696466681
0.0119000963461
0.0119383953442
0.0119118006156
0.0119429224688
0.0119624325399
0.0119815604853
0.0119407646476
0.0119763937798
0.0120218136022
0.0120584589711
0.0120128195744
0.0120330826797
0.0120595137845
0.0120951066773
0.0120666624071
0.0121076553346
0.0121416247567
0.012167649816
0.0121192962151
0.0121474540373
0.0121876322656
0.0121707740807
0.0122070060991
0.012234780083
0.0121830435238
0.0122076437573
0.0122543873349
0.0122993705836
0.0122737209734
0.0123035034612
0.0123303294705
0.0122854485514
0.0123187059341
0.0123725644968
0.0123472234416
0.0123863961085
0.0124107000929
0.0123674869385
0.0124004026928
0.0124422599439
0.0124286620247
0.0124699257748
0.0125027202917
0.0124602786402
0.0124865268283
0.0125284527914
0.0125053961106
0.0125609849562
0.0125253326331
0.0125596770481
0.0125840428775
0.0125477989048
0.0126036066493
0.0126527549446
0.0126263616788
0.0126614802747
0.012618381622
0.0126491627379
0.0127021411806
0.0126818406998
0.0127376269975
0.012701210938
0.0127304350183
0.0127646845418
0.0127369601713
0.0127931160851
0.0127725266325
0.0128162876796
0.0128515624288
0.012811016345
0.0128528510625
0.0128334462543
0.0128922635799
0.0128708649647
0.0129047509829
0.0128708749186
0.0129032000659
0.0129575319914
0.0129399097232
0.0130003884927
0.0129689824413
0.0130083603066
0.0129675844131
0.0130179958141
0.0129991998006
0.0130631106269
0.0130375858534
0.0130809388535
0.0130395899145
0.013086224812
0.0131358147867
0.0131303525961
0.0131813217786
0.0131587856842
0.0131933201429
0.0131623754534
0.0132118980825
0.0132027028062
0.0132676260029
0.0132412876076
0.0132849726869
0.0132463669968
0.0132980475403
0.0132809196762
0.0132774547449
0.0133341045882
0.0133051037353
0.0133439270298
0.0133148303189
0.0133754025128
0.0133692583543
0.0134285428169
0.0134075116088
0.0134459507477
0.0134168369192
0.013473634148
0.013460506036
0.0134583212633
0.0135180095059
0.0134853076135
0.0135301962657
0.0135082345698
0.0135676105362
0.0135637903581
0.0135517252349
0.0136049643335
0.0135758759452
0.0136257003918
0.0136065834955
0.0136065687893
0.0136764025146
0.013654453895
0.0137030896976
0.0136760746047
0.0136566375567
0.0137263946366
0.0137243343791
0.0137892565351
0.0137611614494
0.0137375966335
0.0137919377969
0.0137837186909
0.0138520413186
0.01384706526
0.013833984109
0.0138836031059
0.0138541985496
0.0138458060956
0.0139159357332
0.0139185689004
0.0139053799161
0.0139548708584
0.0139338553511
0.0139179576688
0.0139894959945
0.0139885037905
0.0139833444661
0.0140412962852
0.0140208782104
0.0140016472928
0.0140698419631
0.0140693442052
0.0140689387248
0.0141326191553
0.0141110205068
0.0140932427734
0.0141575793571
0.0141521579295
0.0141586975855
0.0141566067238
0.0142107573355
0.0141924687345
0.0141813930232
0.0142508949941
0.0142590040384
0.0142622571018
0.0142440350511
0.0142988634311
0.0142848547451
0.0142789595468
0.0143586222423
0.0143660893114
0.0143596391217
0.0143458975865
0.0144022266955
0.0143923631271
0.0143982735034
0.0144084480403
0.0144795897589
0.0144704326457
0.0144552224378
0.0144419117352
0.0145164770959
0.0145274329516
0.0145353272847
0.0145222127087
0.0145091479817
0.014568972601
0.0145641393795
0.0145800339554
0.01459158375
0.0145902974174
0.0146529272515
0.0146400474281
0.0146350266914
0.0146388326918
0.0146523065951
0.0147320794185
0.0147242451433
0.0147124141431
0.0147043051198
0.0147081911529
0.0147900495448
0.01480235384
0.0148039463898
0.0147913373133
0.0147814631462
0.0147813995997
0.0148711623918
0.0148827925026
0.014890210436
0.0148856445628
0.0148757279805
0.0148684068036
0.0148772227283
0.0149657498712
0.0149842084297
0.0149814588438
0.0149733484564
0.01496707041
0.0149720768599
0.0149841867055
0.0150728481198
0.0150854995945
0.0150809263087
0.0150699034824
0.0150710015451
0.0150844719486
0.0151090990228
0.0151178606381
0.015118212393
0.0151115696172
0.0151815895476
0.0151938136159
0.0152129349272
0.0152300632508
0.015236121899
0.0152320191698
0.0152300318275
0.0152361281215
0.015253864158
0.0152742618372
0.0152883895811
0.0152884629999
0.0152839134075
0.0153644246457
0.0153793284393
0.0153975442171
0.0154148125527
0.0154260552514
0.0154229956952
0.0154225721932
0.0154359341115
0.0154574516906
0.0154788977508
0.0154960152469
0.0154962264179
0.0154907575409
0.0154980214379
0.0155233406864
0.0155473455308
0.0155701875907
0.0155714354086
0.0155700328873
0.0155797149056
0.0155959157332
0.0156206332209
0.0156483858279
0.0156552568702
0.0156619396715
0.0156635007729
0.0156758097468
0.0157052521126
0.015730725847
0.0157493160843
0.0157540810809
0.0157549763149
0.0157693058285
0.0157903122045
0.0158234145292
0.0158416606714
0.0158574144432
0.0158594866813
0.015864988114
0.0158881964498
0.0159154503959
0.0158750982764
0.0158871464235
0.0158980068723
0.0159018383398
0.015921101823
0.015946564386
0.0159815863218
0.0160031648146
0.0160148300212
0.0160187608484
0.0160344723127
0.016056858921
0.0160929324414
0.0161196511324
0.0160679128542
0.0160737638083
0.0160832505396
0.0161075783687
0.0161370466627
0.0161733568052
0.0161943490989
0.0162096656985
0.0162161061161
0.016163922931
0.0161930662183
0.0162257014664
0.0162580641926
0.0162725767362
0.0162856348985
0.0163028971248
0.0163265261424
0.0162925263133
0.0163295157121
0.016349782103
0.0163618078757
0.016371369123
0.0163968308745
0.0163613248794
0.0163956983425
0.0164276121174
0.0164476100849
0.0164569415225
0.0164787361884
0.016440302705
0.0164760511175
0.0165132411317
0.016534914166
0.0165516388405
0.016564942779
0.0165226839607
0.0165637178214
0.0165992437649
0.0166305310315
0.0166506419057
0.0165956045259
0.0166164542406
0.01665536355
0.0166991003342
0.0167360999006
0.0166823751958
0.0167006653172
0.0167239300665
0.0167557908022
0.0167214997132
0.0167633114048
0.0167938740802
0.0168145589257
0.0167627696938
0.0167886567468
0.0168317584783
0.016877046216
0.016840616414
0.0168652846783
0.0168858072281
0.0169079778603
0.0168754731877
0.0169224186503
0.0169643075297
0.0169942576308
0.0169431466727
0.0169680845948
0.0169991201115
0.0169729902422
0.0170191854284
0.0170549698324
0.0170799171946
0.0170303566594
0.0170631618056
0.0171080910144
0.0170841090847
0.0171256584616
0.0171494557012
0.0171731011646
0.0171293844781
0.0171711341779
0.0172210532609
0.0171946334531
0.0172297103203
0.0172554043335
0.0172092476006
0.0172471246231
0.0172961212193
0.0172734039547
0.0173143886623
0.0173438447257
0.0172968007247
0.0173308353739
0.0173773636823
0.0173566196662
0.0174031765368
0.0173646160173
0.0173916011385
0.0174225264625
0.0173924072229
0.0174448896298
0.0174960359078
0.0174632129607
0.0174930291614
0.017449031142
0.0174880378914
0.0175389532699
0.0175256874817
0.0175718368695
0.0176060544506
0.0175618696037
0.0175972813127
0.0175720407648
0.017627451826
0.0176788773494
0.0176453029411
0.0176760658135
0.017641316408
0.0176854305332
0.0176670685213
0.0177261842336
0.0177717509665
0.0177327537129
0.0177700499947
0.0177370665994
0.0177896312486
0.0177741201581
0.0178253122037
0.0177912159995
0.0178291294728
0.0178660733466
0.0178419855893
0.0179001608414
0.0178828807906
0.0179333977125
0.0178948971807
0.0179335032539
0.0179055042155
0.0179679931156
0.0179540658758
0.0180047830163
0.0179704040579
0.0180104848035
0.0179787436998
0.0180327770812
0.0180203959426
0.0180821555728
0.0180530723342
0.0180926855754
0.0180637329412
0.0181140654552
0.0181013662571
0.018161704933
0.0181441226352
0.0181831885049
0.0181470907024
0.0181991661929
0.0181844361946
0.0182512081277
0.0182393358549
0.0182830985069
0.0182529438848
0.0182959340073
0.0182779172228
0.0183473600833
0.0183347685111
0.0183107741087
0.0183599471164
0.0183272143214
0.0183843433748
0.018373680301
0.0184381377595
0.0184256403866
0.0184693269966
0.0184414346815
0.0184194864126
0.0184852880196
0.0184781812337
0.0185446498697
0.0185199837923
0.0184875959615
0.0185378529717
0.018524785377
0.0185967681437
0.018588590781
0.0185753991201
0.0186193598879
0.0185944413791
0.0186471163769
0.0186476580036
0.0186424205504
0.0187084998958
0.0186834366885
0.0187320460893
0.0187075906617
0.0187012707
0.0187800395936
0.0187721309873
0.0187581896801
0.0188030222376
0.0187816144976
0.0187658386467
0.0188438522335
0.0188454221254
0.0188317578794
0.0188857986056
0.0188577300572
0.0188436707356
0.0189193296984
0.0189174684719
0.0189150266675
0.018968422508
0.0189467299415
0.0189332175552
0.0189960232065
0.0190000714475
0.0190022957235
0.0190614781022
0.0190423867134
0.0190268685797
0.0190857765536
0.0190883510265
0.0190937659572
0.0190852297487
0.0191477785821
0.0191281306188
0.0191153183163
0.0191830627462
0.0191898651026
0.0191960149387
0.0191809109777
0.0192364533244
0.0192208116449
0.0192167467345
0.0192950191866
0.0193014437464
0.01929778198
0.0192829926041
0.0193397151047
0.0193298957195
0.0193341332403
0.0193430675863
0.0194188362103
0.0194069865599
0.0193904480301
0.0193790203819
0.0193799455803
0.0194632038612
0.0194739312249
0.0194639457338
0.0194497273543
0.0195097950304
0.019510571232
0.0195189449389
0.0195293566426
0.0195308579483
0.0195925834759
0.0195782695481
0.0195714445774
0.019577142259
0.0195931162475
0.0196738114768
0.019668733928
0.019655654721
0.0196496548421
0.0196517007148
0.0196581407941
0.0197432119219
0.0197477842403
0.0197377317302
0.0197262993591
0.0197243747424
0.0197383560354
0.0198262220996
0.0198327646221
0.0198272461505
0.0198197542842
0.0198142726807
0.0198212499887
0.0199101126575
0.0199255309644
0.0199255445316
0.0199162202849
0.0199082428293
0.0199151627595
0.0199292926274
0.0199446561156
0.0200282796149
0.0200226547608
0.0200137528001
0.0200185105963
0.0200340045085
0.02005141203
0.0200629079101
0.0200661552263
0.0200581755118
0.0200542243034
0.0201362550511
0.0201576660024
0.0201737413004
0.0201789319774
0.0201830485095
0.0201772081676
0.020181378864
0.0202012170811
0.0202203740922
0.0202314105515
0.0202304744267
0.0202338293038
0.0202343285236
0.0203212929601
0.0203455515015
0.0203618160858
0.0203718164414
0.0203712923684
0.0203690799087
0.0203782926253
0.0204019709432
0.0204277665273
0.0204381288188
0.0204372149201
0.0204376181098
0.02044842783
0.0204660429545
0.0204925122079
0.0205085455605
0.0205179955312
0.0205189897153
0.0205209292529
0.0205351495273
0.0205676349573
0.0205884621646
0.0205980830684
0.0206070420833
0.0206068452502
0.0206171269209
0.0206483079734
0.0206725050336
0.020688016855
0.0207010497647
0.0207003685756
0.020706884865
0.0207352857577
0.020761080518
0.0207858239835
0.0208002815684
0.0208009697609
0.0208139203273
0.0208292647341
0.0208547888142
0.0208152153988
0.0208300005576
0.0208393394997
0.0208452763301
0.0208566425076
0.0208856795431
0.0209173282751
0.0209433847029
0.0209556926312
0.0209635652289
0.0209714462366
0.0210010917715
0.0210297148069
0.0210607642117
0.0210045499979
0.0210145446008
0.0210238831435
0.0210457768105
0.0210733723029
0.021111907028
0.0211318780218
0.0211457085922
0.0211542774265
0.0211723357169
0.0211270811147
0.0211636582418
0.02118913773
0.0212119164662
0.0212231724535
0.0212364820873
0.0212634281118
0.0212945840186
0.0212597097196
0.0212789357932
0.0212969013687
0.0213100729716
0.0213275594025
0.0213663336682
0.0213305570354
0.0213594629629
0.0213779770503
0.0213856123992
0.0214088104299
0.0214406584054
0.0214043750928
0.0214400589847
0.0214640457213
0.0214773563647
0.0214940885871
0.0215259568446
0.0214850598945
0.0215246483846
0.0215583984012
0.0215768950753
0.0215909279023
0.021540765689
0.0215811031674
0.0216229141119
0.0216529749599
0.0216802652403
0.0216223582715
0.0216470243367
0.0216745736427
0.0217206225436
0.0216865823514
0.0217157170205
0.0217330424384
0.0217518386879
0.0217847830129
0.021751220428
0.021798545286
0.0218281094617
0.0218551053939
0.0217992170581
0.0218245387771
0.021866274268
0.0219112005918
0.0218810793957
0.0219040545906
0.0219278535707
0.0218760418278
0.0219139997558
0.0219584796563
0.0220029708137
0.0219668221264
0.021990011562
0.0220095480484
0.0220397233869
0.0220116250789
0.0220586189192
0.0221025464954
0.0220561123349
0.0220815062602
0.0221082366498
0.0220768461221
0.0221244955345
0.0221733182915
0.0221325369939
0.0221563213104
0.0221846389295
0.0222198265708
0.0221958248747
0.0222442861766
0.0222876581144
0.0222409851702
0.0222686437755
0.0223000119036
0.0222733296403
0.0223235555349
0.0222979771204
0.0223308700831
0.0223597202186
0.0223136329714
0.0223577034874
0.0224078310168
0.0223865979144
0.0224307683807
0.0224626214727
0.0224148462142
0.0224549521622
0.0224288191935
0.0224848095804
0.022529358122
0.022491261155
0.0225180111409
0.0225599993623
0.0225306656585
0.0225876664989
0.0225628337471
0.0226047088529
0.0226334503818
0.02259841913
0.0226396852227
0.0226213635998
0.022674760378
0.0227225847551
0.0226858957789
0.0227189825101
0.0226818666547
0.0227355799323
0.0227165796668
0.0227753766642
0.0228128141799
0.0227722323185
0.0228064329908
0.0227875131958
0.0228471027875
0.0228266904546
0.0228791650571
0.0228374259029
0.0228735593514
0.0228413774551
0.0229047996259
0.0229620332636
0.0229403864474
0.0229828751291
0.0229442404122
0.0229828926081
0.0229688005137
0.0230273184538
0.0230109170283
0.0230626735426
0.0230217931563
0.0230669969001
0.0230398010478
0.0231016522901
0.0230907953349
0.0231430337882
0.0231055434762
0.023149507315
0.023122250564
0.023183416505
0.0231734203703
0.0232328641401
0.0232040685085
0.0232393050478
0.0232140556018
0.0232664526624
0.0232623462662
0.0232505059324
0.0233034865342
0.0232704001307
0.0233136945132
0.0232914093789
0.0233567428771
0.0233482576017
0.0234110464891
0.023378076883
0.0234247653815
0.0233947584399
0.0233866106411
0.0234504526794
0.0234439914125
0.0235001996413
0.0234642528388
0.023515260621
0.0234940635813
0.0234923194608
0.0235554722398
0.0235428680815
0.0235939939625
0.0235594907409
0.0235436316354
0.0236106523708
0.0236057309183
0.0236735643436
0.0236453174237
0.0236203465577
0.02367171543
0.0236593548023
0.0237353461942
0.0237295668105
0.0237108109544
0.0237587171516
0.0237368771522
0.0237206257641
0.0237916955627
0.0237934842857
0.0237821159554
0.0238323092948
0.0238096456838
0.0238657068238
0.0238634104056
0.0238578388327
0.023930600696
0.0239165391217
0.0238909737427
0.0239424221581
0.0239326093112
0.0239363621216
0.0240136141881
0.0239960579955
0.0239772028824
0.024032230519
0.0240184216773
0.0240204636343
0.0240220397691
0.0240889503827
0.0240744640062
0.0240507461644
0.0241119565348
0.024110920018
0.0241136271615
0.0241857447093
0.0241727908598
0.0241547383602
0.0241385644089
0.0242045379219
0.0242104318309
0.0242170586496
0.0242847970142
0.0242702498627
0.024252928132
0.0242402136227
0.0243132168143
0.0243181367182
0.0243206165116
0.0243109869737
0.0243652436171
0.024353100993
0.0243531997508
0.0243584953653
0.0244404937855
0.0244365519571
0.0244185220991
0.0244043271614
0.0244752735491
0.0244791175823
0.0244895406028
0.0244914706791
0.0244775875435
0.0245378101673
0.0245301535744
0.0245364791983
0.0245483690134
0.0246304544609
0.0246218589351
0.0246086987355
0.0245981855346
0.0245953930091
0.0246817262946
0.024693106051
0.0246903675276
0.0246858048468
0.0246738806422
0.02466711737
0.0247513609424
0.0247652790343
0.02476826217
0.024763048369
0.0247568441563
0.0247466192004
0.0248275541626
0.0248421524431
0.0248500384124
0.0248557912395
0.0248464596635
0.0248339143615
0.0249109372518
0.0249243869974
0.0249411259278
0.0249474150946
0.02494197277
0.024932636639
0.0249323323644
0.0250180337042
0.025035124126
0.0250429353897
0.0250479692896
0.0250397642328
0.0250310475019
0.0250434999794
0.0250604947654
0.0250726895368
0.0251584811601
0.0251532267504
0.0251467337248
0.0251512596794
0.0251664182822
0.0251853675004
0.0251980766928
0.0251973131705
0.0251908797379
0.0251957439905
0.0252038235035
0.0252291034687
0.0253204465895
0.0253212678573
0.025322072399
0.0253190453693
0.0253324894916
0.025347651571
0.0253731515503
0.0253837862112
0.0253789841093
0.0253802869562
0.0253844931271
0.0254064668668
0.0254247910272
0.0254463229183
0.0254504221511
0.0254486223041
0.0254495860021
0.0254680132091
0.0254904781548
0.0255126707021
0.0255225127393
0.0255272976611
0.0255263026071
0.0255367993521
0.0255630171372
0.0255869320217
0.0256079307808
0.0256077020422
0.0256117654877
0.0256171530935
0.0256403969587
0.0256669946832
0.0256879169334
0.02611160306
