metodo_2_dt_1:24
3.96786040843e-05
0.00304326078979
0.00299690311943
0.00303402985361
0.00307092433434
0.00302361751562
0.00305999031562
0.00301315046592
0.00305033328887
0.0030039935671
0.00304065153008
0.00307713919599
0.00302978591687
0.00306672770861
0.00302023779146
0.00305751581544
0.00301046355948
0.0030469012287
0.00299961467692
0.00303665684565
0.00299014633518
0.00302742356785
0.00306448783623
0.00301677087831
0.00305374367196
0.00300668728298
0.00304448757372
0.00299748078851
0.00303469404
0.00304126358053
0.00307763047983
0.00303109507433
0.00306834331418
0.00302168772819
0.00305829507849
0.00301087876669
0.00304769756307
0.00300093890591
0.00303859875453
0.00299165631549
0.00302868975466
0.00303555544556
0.00307198472465
0.00302553788173
0.00306278729859
0.00301596385887
0.00305260439277
0.00300514094637
0.00304233137854
0.00299556679275
0.00308722858896
0.00304048396349
0.003076849775
0.003029469958
0.00306654587059
0.00301993461222
0.00305777809154
0.00306494284557
0.00310114196876
0.0030538483573
0.00309095320691
0.00304438982182
0.0030822280326
0.00303498854748
0.00312547352526
0.00307818999076
0.00303141755095
0.00306892160726
0.00302222316764
0.00311339325369
0.00306607372866
0.00310257960155
0.00305580149658
0.00309365508978
0.00304685663279
0.00305414662482
0.00309021656785
0.0030430377272
0.00308045159785
0.00303393482925
0.00312523721211
0.00307805721734
0.00311475008288
0.00306755659256
0.00307551540001
0.00311246872912
0.0030657197079
0.00310257737349
0.00305512396157
0.00306250770434
0.00309939813014
0.00305292620031
0.00309042021528
0.00309718179426
0.00313353173364
0.00308646042895
0.0030398903296
0.00313156249281
0.00308466950497
0.00312144384306
0.00307407066726
0.00308139913586
0.00311850143232
0.0030719742587
0.00316318337937
0.00311578681759
0.00306837771178
0.00310572688174
0.00311327704542
0.00306667110903
0.00310352641873
0.00311067083743
0.00314682571866
0.00309997931358
0.00305350259496
0.00314500274999
0.00309788600381
0.00305044149746
0.00314136353149
0.00309451950669
0.00313230238119
0.00313959708719
0.00309236360487
0.00312899169292
0.00313586959286
0.00308902717811
0.00312659178093
0.00313404434817
0.00308670653765
0.00312326235985
0.0031302572112
0.00308343584593
0.00312100582478
0.00312832378453
0.00308091841617
0.00311761585659
0.00312445588809
0.003077695653
0.00316941741714
0.00312243095995
0.00307501895021
0.00316573787464
0.00311856844625
0.00307193285646
0.00316348931015
0.00311653599493
0.0031238558356
0.00315983043363
0.0031128752928
0.00312056635803
0.003157806388
0.00316499679699
0.00311738245882
0.00315429106835
0.00316101428002
0.00311439790051
0.00312244550749
0.00315877418526
0.00311142510463
0.00311811272214
0.003155294021
0.00316258672066
0.00311582265037
0.00320675131323
0.00315924043543
0.00316635106934
0.00311918632281
0.00315688983106
0.00316384270671
0.00311659279279
0.00312349040576
0.00315990161867
0.00316713673637
0.00312041015237
0.0032116807976
0.00316441068717
0.00317120285241
0.00312363879028
0.00321492394082
0.00316824568874
0.00317585655613
0.00312812894785
0.00321864341477
0.00317129824531
0.00312464565283
0.00313207019304
0.00322317467515
0.00317558502399
0.00318252950777
0.00313493794352
0.00322629195233
0.00317953914088
0.00318688044331
0.00313905429026
0.00322953296734
0.00318237290863
0.003189822748
0.00314297021937
0.00315033298207
0.00318649445504
0.0031928410362
0.00314571243364
0.00315319918108
0.00319076163056
0.00319709897595
0.00320380080348
0.00315596976407
0.00316343868285
0.00320044036309
0.0032074820157
0.00316023309313
0.00316660541944
0.00317383878571
0.00321010991122
0.00321742582739
0.00317046791202
0.00317722874171
0.00312943305572
0.00322001078209
0.00322708637993
0.00318025799567
0.00318747570475
0.00313986848037
0.00323023526564
0.00323678889444
0.00318984321405
0.00319710423681
0.00320463020428
0.00315651162397
0.00324678712019
0.00319952906888
0.00320639434783
0.00321391849576
0.00316650605192
0.00317315366698
0.00326326515651
0.00321586554854
0.0032229250444
0.00317614271339
0.0031828183573
0.00318952467254
0.00322584923259
0.00323208982465
0.00323923262677
0.00319239070183
0.00319895941716
0.00320553855083
0.00315747741084
0.00324825248093
0.00325529388636
0.00320856567133
0.00321490192282
0.00322124149386
0.00322792653738
0.00318006667032
0.00318743709254
0.00327821127302
0.00323079701461
0.00323680871928
0.00324319427491
0.0031958604238
0.00320288013211
0.00320997501056
0.00321685808004
0.00325254141292
0.00325856506395
0.00326532946868
0.00321859152199
0.00322516796776
0.00323154647789
0.00323784756512
0.00318982850841
0.00319665417116
0.00320387192882
0.00329434772685
0.00324686795956
0.00325262184638
0.00325892092721
0.00326583949031
0.00321875074005
0.00322528457617
0.00323146306639
0.00323772007275
0.00324442728309
0.00319657687338
0.0032035793365
0.00329396252233
0.00330009964495
0.00325228532302
0.00325846119485
0.00326516538837
0.00327208957055
0.00327867320888
0.00323047291893
0.00323637578858
0.00324276235778
0.00324972647484
0.00325671707134
0.00320867007604
0.00321452648159
0.00322058180556
0.00322712262116
0.00323418240675
0.00332440678356
0.00327693856603
0.00328255556449
0.00328842009968
0.00329477458379
0.00330158358406
0.00330824950644
0.00326051088204
0.00326611905186
0.00327201782178
0.00327840037975
0.00328517179658
0.00329172259548
0.00329787316333
0.00330373698405
0.0032554073283
0.00326176980361
0.00326845276737
0.00327484388528
0.00328082345091
0.00328656203965
0.00329266467237
0.00329921797157
0.00325155258859
0.00325776101805
0.00326355954367
0.00326922673223
0.00327519179586
0.00328169630106
0.00328826799707
0.00329453469967
0.00330028041585
0.0033059944261
0.00331203568592
0.00326425604529
0.00327071876319
0.00327672101224
0.00328234002981
0.0032878846726
0.00329390601007
0.00330034822837
0.00330671500989
0.00331269246531
0.00331819854768
0.00332379873529
0.00332984342799
0.00333621320262
0.00334255115018
0.00334835818769
0.00335384093679
0.00335942275728
0.00328212550975
0.003288501594
0.00329472577343
0.00330039343463
0.00330577368217
0.00331130619586
0.00331725698434
0.00332355425543
0.0033295828679
0.00333516190714
0.00334045319987
0.00334590543193
0.00335190078302
0.0033581348976
0.00336404672441
0.00336951444797
0.00337476058299
0.00329699784123
0.00330291465332
0.00330901855651
0.0033147514568
0.00332005271772
0.00332519603327
0.00333067861152
0.00333658949924
0.00334269138364
0.00334844251814
0.00335367687185
0.00335889335825
0.00328063715601
0.00328656883845
0.00329252128457
0.00329815260809
0.00330336182639
0.00330851298223
0.00331417577606
0.00337424139481
0.0033800930968
0.00338548176203
0.003307079522
0.00331200417755
0.00331741967558
0.00332321742934
0.00332905284781
0.00333447501109
0.00333957758102
0.00334478470542
0.0034041718384
0.00332663893289
0.003332135991
0.00333721441393
0.00334196855145
0.00334702194916
0.00335264402797
0.00335865277796
0.00333508144724
0.00333982756558
0.00334437581408
0.00334923926046
0.00335469769278
0.00336045049522
0.00336611648335
0.00328702649751
0.00334641044498
0.00335112843817
0.00335646270009
0.00336205700116
0.00336753529733
0.00337266201168
0.00334787001818
0.00335250733931
0.0033577767001
0.00336327039276
0.00336862653808
0.00337367334062
0.00334867796325
0.00335331930758
0.0033586026343
0.00336413630601
0.00336939554245
0.00342792030002
0.00334888312959
0.00335363281775
0.00335902846684
0.00336463954891
0.00342352500109
0.00334442603775
0.00334865968364
0.0033536414072
0.0034133095323
0.00341838749092
0.0033395112349
0.00334376161545
0.00334837095326
0.00340743495111
0.00341264745016
0.00333400427086
0.00333866710386
0.00339722015489
0.00340148698928
0.00340654729326
0.00332782410025
0.00338724188605
0.00339151994653
0.00339583838495
0.00345438586817
0.00337564465057
0.00338054376209
0.00338555224866
0.00344402135297
0.00336449004983
0.00336867992949
0.00337375424262
0.00343278473689
0.0033538110298
0.00335796616837
0.00341634419625
0.00342053760118
0.00342564314753
0.00340114391315
0.00340532576734
0.00340947395569
0.00346761112079
0.00338825295997
0.00339288165021
0.00345208397047
0.00345635117666
0.00337653404502
0.0034349631723
0.00343893774349
0.00335991694412
0.0034192780896
0.00342311150203
0.00342705650779
0.0034018007434
0.00340552589083
0.00341023173582
0.0034689640246
0.00338936453433
0.00339309435192
0.0034510431763
0.0033715569171
0.00343079371499
0.00343477122591
0.00343889905149
0.00341322579282
0.00341652587629
0.00342104987893
0.00339609381528
0.00340007808483
0.00345827312083
0.00346165138009
0.00338157331218
0.00344000432055
0.00344448876294
0.00341948735416
0.00342266420071
0.003426359466
0.00340049822856
0.00340440221949
0.00346298312337
0.00346710205328
0.0034413214878
0.00344424339521
0.00344831455164
0.00342252560543
0.00342680354152
0.00348478331281
0.00340440325283
0.00346198447523
0.00346553787001
0.00344038549113
0.00344404272998
0.00350213300856
0.00342159756748
0.0034248488441
0.00348245181824
0.00340269144305
0.00346088750754
0.00346477559472
0.00343820562322
0.00344123637032
0.00349886452939
0.00341903441301
0.00347718665239
0.00339680446101
0.00345411938769
0.00345713848748
0.00343125564864
0.00343489005899
0.00349277456488
0.00341224845694
0.00346935384612
0.00347258717704
0.00344637050293
0.00345019045517
0.00342424264927
0.0034817692657
0.0034841138762
0.00345809655034
0.00346088735023
0.00351878649343
0.00343848707491
0.00349565593933
0.00341449529556
0.00347164937872
0.00347523887568
0.00344909916105
0.00350670982358
0.00350927362587
0.00348252742048
0.00348517552198
0.00345909609741
0.00346245326439
0.00351965656647
0.00349309760855
0.00349516716459
0.00346878995925
0.00347174917522
0.00352920468916
0.00350308007736
0.00350511929254
0.00347823095978
0.00348080418458
0.00345455734645
0.00351205799121
0.00351462491845
0.00348750751538
0.0034897678831
0.00346290009945
0.00352025453373
0.00343942199375
0.00349629897185
0.00355270336633
0.003471071522
0.00352799986356
0.00344728043906
0.00350434669098
0.00347770527869
0.00347939327506
0.0035356945368
0.00350899144142
0.00351192038717
0.00348500446688
0.00354144774076
0.00345955960666
0.00351589461858
0.00348933996827
0.00349188703284
0.00346495590915
0.00352121899873
0.00352329386397
0.00349541471092
0.00355216757352
0.00352583135826
0.00352780580442
0.00350028940441
0.00355614577012
0.00347433195726
0.00353094484984
0.00350441709882
0.00350646188356
0.00347852095404
0.0035343401199
0.0035072882553
0.00350918093676
0.00348214003334
0.00353841982537
0.00351117729147
0.00351193989308
0.00348441706453
0.0035409012941
0.0034593581828
0.00351549462694
0.00348757467312
0.00354314689099
0.00351614944112
0.00351755962032
0.00349032841393
0.00354620378219
0.00351859739424
0.00351926562654
0.00349151410663
0.00354781376315
0.00352077665625
0.00352195989231
0.00349343249097
0.00354888789484
0.0035213222587
0.00357744979344
0.0034954142658
0.003551031608
0.0035225208056
0.00357786191883
0.00355031556506
0.00355217611725
0.00352401982052
0.00357945485825
0.00355089439244
0.00352292642996
0.00357849114525
0.00349623434659
0.00355197994681
0.00352349763431
0.00357840152795
0.00355027262047
0.00360573754188
0.00352363790061
0.00357921721164
0.00355041276619
0.00352181973927
0.00357677105639
0.00354911818905
0.00360452764251
0.00352181436198
0.00357678979706
0.00354766080975
0.00351929993377
0.00357469651082
0.00354683737393
0.00360175988346
0.00357311416717
0.00357331533759
0.00354444145591
0.00351617508219
0.0035715488249
0.00354294064054
0.00359729183517
0.00356833483205
0.00362317691667
0.00359497917866
0.00356700965522
0.0035671406596
0.00353756187502
0.00359220725054
0.00356327113078
0.00353479631486
0.00358983780744
0.00356078000808
0.00361489375165
0.00358563416779
0.00355703100458
0.00361191886437
0.00358326308236
0.00363743571219
0.00360801789022
0.00357889645208
0.00363328133557
0.00360487858904
0.00357635837489
0.0035756243103
0.00354575125263
0.00360024160239
0.00357104435754
0.00354206249659
0.00359674238701
0.00356693771641
0.0035370850765
0.00359123984927
0.00356207689861
0.0036170016046
0.00358747804837
0.0035574944157
0.00361139880682
0.00358165833633
0.00355244466373
0.00360717377493
0.00357740177242
0.00354733452625
0.00360114835019
0.00357133571228
0.00359698831455
0.00365066471568
0.00362111591788
0.0035911973447
0.00364413463812
0.00361453592253
0.00358528641852
0.00363904538409
0.00360918900098
0.0035789869854
0.00363208306531
0.00360229524752
0.00357279792921
0.00362670990854
0.00359653036076
0.00356604005581
0.00361947007992
0.00358948622629
0.00361466366994
0.00366779711535
0.00363752700911
0.00360697958781
0.0036598799089
0.00362990215889
0.00360017183024
0.00365385130545
0.00362324413268
0.00359233067913
0.00361677114815
0.00366963382722
0.00363978203638
0.00360961436056
0.00366226501073
0.0036313254071
0.00360070054054
0.0036544521313
0.00367853252251
0.00364814299074
0.00361717716014
0.00366939236227
0.00363868004056
0.00360840666511
0.00357818029966
0.00368555734655
0.00365445325172
0.00362328529598
0.0036758789578
0.00364548756076
0.00361507628702
0.0036391748464
0.00369077500995
0.00365946840986
0.00362858172487
0.00359807028117
0.0037055390765
0.00367444308263
0.00364293918785
0.00361149971247
0.00366397319661
0.0036880321168
0.00365719567092
0.0036258555446
0.00367738326751
0.00364587050001
0.00366971207712
0.00363884726819
0.00369086460538
0.00365935490693
0.00362754720657
0.00365085669406
0.00370260113508
0.00367166037029
0.00364046470631
0.00366370630217
0.00371461766243
0.00368287920934
0.00365162756653
0.003675394311
0.00364383565219
0.0036950292775
0.00366302518043
0.00368586268732
0.00365434639766
0.00370641718998
0.00372938690613
0.0036971110139
0.00366473097379
0.00363273148721
0.00373918801422
0.00370765692389
0.00367575367053
0.0036986053978
0.00366593830762
0.00371691245683
0.00368535135532
0.00370828544597
0.0036760410891
0.00364340598185
0.0037487910086
0.00371665058382
0.00368487577713
0.00370793363343
0.00367537088665
0.0036424673326
0.0037477432686
0.00371535649063
0.00368348342244
0.00370642981718
0.00367359006202
0.0037239118264
0.00374560319891
0.00371310558299
0.00373636012774
0.00370371506132
0.00367065949469
0.00377550235973
0.00374236972485
0.00370991584825
0.00373264342187
0.00369984324783
0.0037224175003
0.00368858170272
0.00373824004563
0.00376054809521
0.00372784692974
0.00369498168813
0.0037168029425
0.00368306466138
0.00378780312778
0.00375486606089
0.00372222963212
0.0037441515322
0.00371042121484
0.00373205132573
0.00369828327665
0.00372118378462
0.00377033388673
0.00373705376928
0.00375818813679
0.00372422332132
0.00374599982392
0.00371253717276
0.00373514846711
0.00370103613687
0.00380496381404
0.00377062321521
0.00379252228806
0.00375879466415
0.00372525857245
0.0037468213562
0.00371221040382
0.00373353752287
0.00369932652432
0.00380382826963
0.00377007777253
0.00379130820986
0.00375653078781
0.00377757030368
0.00374330603676
0.00376524450848
0.00373086980255
0.00375232649157
0.00371697607768
0.00382035641414
0.00378615995105
0.00380758965484
0.003773205085
0.00379403345147
0.00375876343519
0.00377950877322
0.00374494963379
0.00376639488764
0.00373165954254
0.0037523105078
0.00377321412968
0.00373749714545
0.00384092488029
0.00380637423094
0.00382715470929
0.00379162948954
0.00381180981408
0.00377645708552
0.00379736476927
0.00381866536957
0.00378307257338
0.00380342039475
0.00376717821129
0.00378780702388
0.00375240983144
0.00377338248758
0.00379418783561
0.00375758898964
0.0037777847558
0.0037416439754
0.00384457123709
0.00386518298211
0.00382924903336
0.0038488322307
0.00381264234347
0.00383254975004
0.00385319462492
0.00381729843788
0.00383717386123
0.00385684937035
0.00381999504743
0.00384004465256
0.00386075007594
0.00382416616898
0.00384399670322
0.0038067866339
0.00382624373234
0.00384630134949
0.00380990661273
0.00382978326782
0.0038494476071
0.00381186654604
0.00383115352676
0.00385119430351
0.00381432845373
0.00383405999803
0.00385336649272
0.00381548414901
0.00383459931896
0.00385443545454
0.00381743274406
0.00383674294688
0.00385579297789
0.0038747263407
0.00383665622511
0.00385611556032
0.00387588940577
0.00383805200165
0.00385660112437
0.00387525886414
0.00389430204408
0.00385643390586
0.00387577177559
0.00389469393901
0.00385613761627
0.00387439109132
0.00389304936005
0.00391228985023
0.00387427816648
0.0038927586157
0.00391089108612
0.0039290319275
0.00389065826155
0.00382795463453
0.00384687395382
0.00386545607457
0.00382558419873
0.00384350544016
0.003862024202
0.00388091550208
0.0038995949087
0.00385977691638
0.00387744067872
0.00389519871998
0.0039135489153
0.00393220540876
0.00389261583489
0.00391028844714
0.00392769339912
0.00394523736798
0.00396336349724
0.00384272874844
0.00386074907584
0.00387816938073
0.00389544892326
0.00391299385387
0.00387268967
0.00389056108339
0.00390819493118
0.00392531993739
0.00394226323288
0.00395942354669
0.00397712832748
0.00393690760472
0.00387318547914
0.00388994245746
0.00390666053166
0.00392372065828
0.00394120434195
0.00395861977643
0.00391709710871
0.00393354315198
0.00394992160562
0.00396667979166
0.00390338031596
0.00392055161227
0.00393723773776
0.00395345144956
0.00391075495678
0.00392719134515
0.00394407410575
0.00396084164008
0.00397709724836
0.00399292586912
0.00392857650185
0.00394479793911
0.00396142056969
0.00397786110574
0.0039937626487
0.00395048113635
0.00396610668203
0.00398208043777
0.00391785953456
0.00393392510548
0.00394944290286
0.00396462317785
0.00397997295474
0.00399576956815
0.00401177276752
0.0039474684099
0.0039625691382
0.00397738442088
0.0039924240354
0.004007910874
0.0040235500991
0.00403883712204
0.00397406397068
0.00398849821864
0.00400321102453
0.00401836603302
0.00403352435773
0.00404837976206
0.00398346614849
0.00399752233794
0.00401190955917
0.00402672817993
0.00404158705027
0.00405601305518
0.00399079892453
0.0040044971418
0.0040185756902
0.00403306890077
0.00404754620339
0.00406156335471
0.00399590495746
0.00400928251053
0.00402308543222
0.0040372803739
0.00405140458874
0.0040650512714
0.00399882381786
0.00401193441167
0.00402551008357
0.00403944947891
0.00405326589405
0.00398693747459
0.00399969688509
0.00401261018814
0.00402602201059
0.00409956029307
0.00403401272135
0.0040465175949
0.0040587346169
0.00407117792418
0.004084142429
0.00401817145402
0.00403093681188
0.00404322955169
0.0040553140153
0.00406770634548
0.00406186216136
0.00407434656173
0.00408657935977
0.00409835938485
0.00403107147772
0.00404276404286
0.00405500845937
0.00406746679994
0.00413991559565
0.00407270881159
0.00408362390625
0.00409507631662
0.00410698842979
0.00404002335048
0.00405143630783
0.00412336860364
0.00413395547242
0.00406658110503
0.00407783271559
0.00408931104468
0.0041003735244
0.00409372612563
0.0041036569078
0.00411415219435
0.00412519350287
0.00405771269158
0.00406809183976
0.00413938701425
0.00414916133651
0.00408119423522
0.0040916678948
0.00410228934666
0.00417348618511
0.00410483378103
0.00411409541651
0.0041240241514
0.00413456308284
0.00412778036908
0.00413683491517
0.00414577041726
0.00407666773733
0.00414826256413
0.00415765198142
0.0041670241606
0.00409773586602
0.00410637141947
0.00417675006143
0.00410798274976
0.00411700768212
0.00412609066334
0.00419611425018
0.00412628826022
0.00413441237133
0.00420522112316
0.00413632188403
0.00414431435946
0.00415209835387
0.00422172610423
0.00415185762416
0.00415991762198
0.004168485188
0.0041607240653
0.00416762117632
0.00417486871177
0.00416719950638
0.0041744920057
0.00418226363816
0.00417483301501
0.0041809267342
0.00418737382855
0.0041800999196
0.00418670441371
0.0041936633501
0.00426293665603
0.00419174406218
0.00419768728698
0.00420441182471
0.00419633164288
0.00420276656712
0.00427152676776
0.00419990144538
0.0042053619252
0.0042741484694
0.00420324832363
0.00420917343743
0.00420097976702
0.00420542142513
0.00421043433625
0.00420226571692
0.00420752231478
0.0042760924785
0.00420409604354
0.00420813018768
0.00427597935253
0.00420409278101
0.00420902496304
0.00427704047382
0.00420435316864
0.00427172345055
0.00427552988506
0.00420325412787
0.00427117139604
0.00419859035285
0.00426582028893
0.00426875309533
0.00425995062087
0.00426315314935
0.0042671991091
0.00425781827475
0.00426046319376
0.00425095601295
0.0042533658492
0.00432051680989
0.0042475089853
0.0042500813481
0.00431614308535
0.00424186327634
0.00430828323549
0.00423474471321
0.00430152617835
0.00430343209925
0.0042932423455
0.00429430495801
0.00428484961823
0.00428632393168
0.00435257691911
0.00427788343183
0.00434318197783
0.00426816431041
0.00433383964201
0.00433508410292
0.00432528365178
0.00432549830119
0.00431498110048
0.00431465038368
0.00437992553156
0.00430498521918
0.00437023088487
0.0042944233656
0.00435874023212
0.00428271196266
0.00434761164559
0.0043477307959
0.00433691334752
0.00433597069318
0.00432448435054
0.00432323372716
0.00431246122392
0.00437696034402
0.00437573662971
0.00436429231433
0.00436207440517
0.00435067562048
0.00434918225807
0.00433816066705
0.00433624472276
0.00439921026149
0.00438706565545
0.00438462348281
0.00437322708706
0.00437109160421
0.00435914567197
0.00442160681512
0.00434334398198
0.0044060064683
0.00432854308591
0.00439137465156
0.00445378154776
0.00437518801621
0.00443691536272
0.0043586494625
0.00442116122157
0.00440921458663
0.00440479280715
0.0043916519303
0.00445295973959
0.00437412273318
0.00443600489036
0.00435726413864
0.00441845208983
0.00440524502419
0.00439946987187
0.00438650141772
0.00444791447166
0.00436850366122
0.00442895881543
0.00448913870644
0.00440893758359
0.00446968310062
0.00445647177234
0.00445065125772
0.00443631551096
0.00449591862908
0.00441519124987
0.00447533348543
0.0044617375133
0.00452160548001
0.00444032069975
0.0044993687637
0.00448503192232
0.0044778043576
0.00446356814328
0.0045228184849
0.0045081195485
0.0044994883215
0.00448448437555
0.00447043608724
0.0044620042783
0.00444716089117
0.00450510468819
0.0044900328239
0.00448056956489
0.00446575812623
0.00452403843573
0.00450906163859
0.00449876308528
0.00448273980155
0.00454031928147
0.00452536444835
0.00451558099568
0.00449947762985
0.00455619228143
0.00453993569383
0.0045245011024
0.00451345782995
0.00449772681257
0.00455412635983
0.00453766756276
0.00452569681535
0.00450919619478
0.00456588649739
0.00454962371602
0.00460531720932
0.00452005310903
0.00450287864027
0.00455867425013
0.00454231671365
0.00459784412292
0.00458076206302
0.00456703475064
0.00454925256443
0.00460454221934
0.00458747320791
0.0045704321542
0.00462449746867
0.00453771626366
0.0045920084727
0.00457430914166
0.00462897263889
0.00461102617171
0.00459286291087
0.00464590675797
0.00455868322558
0.00461273747036
0.0045945494246
0.00457622270961
0.00462887476185
0.00460987780265
0.00466260088769
0.00464432679144
0.0046286083301
0.00460919701587
0.00458955161097
0.00464149003635
0.00462211784512
0.00467478803819
0.00465563243617
0.00463620055068
0.00468725986008
0.00466727618022
0.00471864772235
0.00462983287021
0.00461002211822
0.00466114475952
0.00464026423622
0.00461975208812
0.00467055756185
0.00465054370703
0.00470134650816
0.00468042625338
0.00465930425588
0.0047089234241
0.00468832769015
0.00473858682888
0.00471769632966
0.00469639580427
0.00474512793076
0.00472352301136
0.00470260326699
0.00475182938445
0.00473047658514
0.00470868893619
0.00475641892445
0.00473441166461
0.00471314391335
0.0046910898167
0.00466875746869
0.00471672724301
0.00476393172967
0.0047414351269
0.00478902983208
0.0047668070202
0.0047442367056
0.00479076680937
0.00476728989104
0.00474422826716
0.00479106077827
0.00476826905169
0.00474497211707
0.00479061077
0.00476648642525
0.00474289417945
0.00478905984112
0.00476543660085
0.00474135218631
0.00478641059902
0.00476159310584
0.00473722320589
0.00478292886458
0.00475851568318
0.00473359818147
0.00477810896142
0.0048238332267
0.00479902260829
0.00484343579391
0.00481856273062
0.00479305327731
0.00483628982297
0.00481034966717
0.00478476481574
0.0048288435246
0.00480308431055
0.00477666551391
0.00489063830749
0.00486413951165
0.0048379880619
0.00481212035035
0.0048546310638
0.00482751634981
0.00480020567937
0.00484223766526
0.00488695141614
0.00486038605474
0.00483332425274
0.00487421164721
0.00484611297482
0.0048182740722
0.00485989261259
0.0049042323545
0.00487646238752
0.00491648366819
0.0048877673502
0.00485925142696
0.00483111273675
0.00494373427331
0.00491503539359
0.00488587065097
0.00485647249825
0.00489587864489
0.00493941591512
0.00491065793168
0.00494930411305
0.00491922443512
0.00488916851683
0.00493227667589
0.004970647598
0.00494095214599
0.00491076432784
0.00487997420131
0.00498992925744
0.00495947944658
0.00492937701235
0.00489892752541
0.00500860917995
0.00497706479559
0.00494565916742
0.00491453740959
0.00502435100666
0.00499319374319
0.0049613092178
0.00492910345289
0.00503753129282
0.00500579879252
0.00497411079777
0.00494213977903
0.00505006423104
0.00501708136623
0.0049842561226
0.00495171684906
0.00499310774777
0.00502708476476
0.00499364482323
0.00503347112832
0.00499992116641
0.00503375498444
0.00500051177502
0.00504038399101
0.005006008207
0.00497148638423
0.00507779690986
0.00504378254957
0.00500981737823
0.00504941654482
0.0050807369757
0.00504547119679
0.00508425020099
0.00504954860039
0.00501473610432
0.00511981844386
0.00508387108384
0.0050478209034
0.00508621456398
0.00505071064642
0.005081607074
0.00511918139172
0.00508238304629
0.00504555046678
0.00508350647226
0.00511335761498
0.00515103365178
0.00511387041832
0.00507613616413
0.00511316422067
0.00507581913146
0.00517916649375
0.00514165376446
0.00510361545208
0.00513989727338
0.00510130220175
0.00512932969442
0.00516575445761
0.00512748538873
0.00516324583582
0.00512384278283
0.00515987256789
0.0051862665208
0.0051474760914
0.00518303275981
0.00514315565747
0.00517813011475
0.00513800687136
0.00523862270127
0.00519898929274
0.00515891327161
0.00519316761621
0.00515208917931
0.00518654419603
0.00514594349103
0.0052457538135
0.00520470368162
0.00523831192439
0.0051963432329
0.00523020832157
0.00518873517054
0.00522317250492
0.0052455857967
0.00527843698459
0.00523561043553
0.00526877502308
0.00522644985959
0.00526004285746
0.0052168357172
0.00531346134087
0.00526981865552
0.00530227931165
0.00525913234816
0.0052917795731
0.00524756957893
0.00527924702226
0.00523452084898
0.00533053844325
0.00528660780882
0.00531822150187
0.00527325090424
0.00530389469914
0.00525843990934
0.00528962673608
0.00524461388306
0.00527569187988
0.00536979754364
0.00532334624711
0.00535330030939
0.00530736483569
0.00533786294126
0.00529152728481
0.00532101958103
0.00535042004096
0.00530299758994
0.00533298304528
0.00534960004371
0.00537866518301
0.00540732643739
0.00535898666847
0.00538761631986
0.00533980750112
0.00536877780919
0.00539743360994
0.00534820664909
0.005376025248
0.0053268079867
0.00541825422687
0.00544629094911
0.00539704715758
0.00542391212772
0.00545080408434
0.00540081270605
0.00542828054678
0.00537841690777
0.00540509210961
0.00543136666833
0.00538005544977
0.00540653272043
0.00543341588047
0.00538228506585
0.00547081235572
0.00549600470835
0.00544411472186
0.00546958580951
0.00549539915861
0.00544353511607
0.00546834492488
0.00549280387016
0.00543972246452
0.0054645180957
0.00548967946104
0.00551449607379
0.00546062200272
0.00548428193489
0.00550813846154
0.00545420647143
0.00547845189497
0.00550246482654
0.00552581296556
0.00547028008631
0.00549332316268
0.00551680703549
0.00552392433459
0.00554657631722
0.00556865751946
0.00559051004162
0.00553461961387
0.00555702726295
0.00557938470493
0.00560128260855
0.00554438909038
0.00556531613219
0.00558664462179
0.005608260883
0.00555148333034
0.00557234263592
0.00559273619696
0.00561290868573
0.00563341190182
0.00557562037823
0.00559625543168
0.0056162348407
0.00563567328008
0.00565503592081
0.00559601160521
0.00561585004777
0.0056354956581
0.00565463208768
0.00567316237736
0.00561272581495
0.00563145206737
0.00565050945721
0.00566920566218
0.00568727062292
0.0056259687891
0.00564346187866
0.00566132740858
0.00567946524787
0.00569717046754
0.00571422519619
0.00573093989179
0.00566848751432
0.00568546097632
0.00570264394789
0.00571932754508
0.0057354439125
0.00575108836677
0.00576687325725
0.00570391990009
0.00572002975947
0.00573567163783
0.00575074824367
0.00570559938735
0.00572063134297
0.00573591300965
0.00575126944415
0.00576600893454
0.00570006800389
0.00571391882489
0.00572790506232
0.005742304428
0.00575652461942
0.00577026506215
0.00578328118507
0.00579609183609
0.00580925873691
0.00582262390813
0.0058359234864
0.0058485197558
0.00578074620962
0.00579257958075
0.00580480478017
0.00581719201428
0.00577016857116
0.00578169984452
0.00579275476601
0.0058036394197
0.00581493506173
0.00582634858212
0.0058375616571
0.00584801763531
0.00585804275682
0.00586796519599
0.00587831614828
0.00588873719579
0.0058988929257
0.00590828053763
0.00591729100117
0.00586778954629
0.00587714619807
0.00588661095862
0.00589556894695
0.00590393589086
0.00591179753396
0.00591986108423
0.0059281816535
0.00593664404677
0.00594463622769
0.00595186438368
0.00590068690623
0.00590764045569
0.00591502624218
0.00592240396137
0.00592917218452
0.00593537309993
0.00594129249634
0.00594734261682
0.00595381278873
0.00596012210724
0.00598931257761
0.0059943014243
0.00599898175285
0.00600401535214
0.00600935527193
0.00601447342467
0.00601908797673
0.00602310455666
0.00602689272962
0.00597347493038
0.00597777288046
0.00598178744707
0.0059852741819
0.00606962866063
0.0060723658423
0.0060753522515
0.00607867277513
0.0060245805129
0.00602673026477
0.00602846351355
0.00603020066259
0.00611395109398
0.00611602140265
0.00611787039682
0.00611907640725
0.00606288330014
0.00606340411929
0.00606439851527
0.00606555280047
0.00614804995565
0.00614794681115
0.00614754993941
0.00609055096662
0.0060904410538
0.00609044197247
0.0061719053746
0.00617068675431
0.00616915343945
0.0061113822434
0.00611017971751
0.00610894586072
0.0061894734035
0.00618707425503
0.00618443371746
0.00618206253209
0.00612350473363
0.00620354168171
0.00620057418006
0.00619702722201
0.00619331637325
0.00618993020456
0.00621296311473
0.00620936958288
0.00620516593944
0.00620051254503
0.00627801781198
0.00621781925902
0.00621324576716
0.0062085654805
0.00628591761004
0.00627997279684
0.00627402054725
0.00621255671365
0.00628984919786
0.00628387988174
0.00627735586181
0.0062703966792
0.00629080624862
0.0062837381509
0.00627696771246
0.00626998410493
0.00634503345949
0.00628170727037
0.00627329498467
0.00634837398631
0.00634042587105
0.00633221505423
0.00626813275705
0.00634182699548
0.00633230603751
0.00632327300577
0.0063972766365
0.00633301909513
0.00632266268064
0.00639525615893
0.0063846763023
0.00637459430811
0.00639299356414
0.00638201080497
0.0063705150052
0.00644198213572
0.00637594088442
0.00636440003648
0.00643638358046
0.0064242875138
