metodo_2_dt_1:4
5.24808470314e-07
0.00418387689134
0.0041844579878
0.00418499353873
0.00418561246201
0.00418627666155
0.00418786289419
0.00418908478456
0.00419001686672
0.00419039946798
0.0041903529601
0.00419085545792
0.00419096368937
0.00419051390169
0.00419081507381
0.00419070530818
0.00418971724858
0.00419051722749
0.00419015112608
0.00419087986137
0.00419168788147
0.00419249742059
0.00419398535008
0.00419430841693
0.00419533896999
0.00419666658551
0.00419659731532
0.00419710350822
0.00419691357892
0.00419736271451
0.00419651939799
0.0041962086679
0.00419584063289
0.00419645137369
0.00419679374391
0.00419722700242
0.00419775564479
0.0041993350633
0.00420043798381
0.0042009837115
0.00420162653159
0.00420252284839
0.00420298012609
0.00420360010255
0.00420280965389
0.00420272401012
0.00420336113225
0.00420238929296
0.00420235758623
0.00420189080555
0.00420297100942
0.00420324939383
0.00420402829598
0.00420538271932
0.00420567846129
0.00420779960292
0.00420815327188
0.00420907161084
0.00420960955353
0.0042102437209
0.00420948072935
0.00420884142625
0.00420946418835
0.00420940148697
0.0042087789449
0.00420567832125
0.00420509354547
0.00421462495477
0.00421370721763
0.00421283759761
0.00421184753408
0.00421011077708
0.00421807794827
0.00421569413683
0.00421286554002
0.00421900248042
0.00421416088455
0.00421959924747
0.00421420767014
0.00421857709105
0.00421230506991
0.00421666881347
0.00422048980162
0.00421380768756
0.00421715306891
0.00422052592923
0.00422384239896
0.00421633191187
0.00421848122266
0.00422024915802
0.00422094468968
0.00422121121721
0.00422040356734
0.00421990033372
0.00421849173782
0.00422691532454
0.00422457451837
0.00422224798262
0.00421999792556
0.00422710022051
0.0042243468078
0.00422156946565
0.00422794107396
0.00422415269383
0.00423002722842
0.00422559676606
0.00422988983358
0.0042337694685
0.00422650843338
0.00422890476057
0.00423103860847
0.00423300772052
0.00422413443106
0.0042252973558
0.00422570975662
0.00422702520969
0.00422761345796
0.00422738431513
0.00423704809927
0.00423653072339
0.00423567767527
0.00423359474118
0.00424109492578
0.00423818745149
0.00423401849249
0.00423945634072
0.0042346937626
0.00423977060928
0.00423391486574
0.00423713642444
0.00424132767777
0.00424474807765
0.00423829736636
0.00424088578095
0.00424334484564
0.00424564675095
0.00424762314207
0.00424828371827
0.00424848035079
0.00424731469654
0.0042557188534
0.00425385391366
0.0042517032709
0.00425840136073
0.00425507897409
0.00425180309484
0.00425758028566
0.00426342522769
0.00425939121171
0.00426434507115
0.00426919412744
0.00426387369531
0.00426715517147
0.00427004635668
0.00427253668617
0.00427355799333
0.00427414956341
0.00427441107821
0.00427444475392
0.00427329621945
0.00428098103705
0.00427972588215
0.00427753695408
0.00428540614807
0.00428234136074
0.00429022897715
0.00428700042197
0.00429245108963
0.0042975797021
0.00430227314174
0.00429655244387
0.0042992822799
0.00430159910248
0.00430357953698
0.00430420524202
0.00430465005672
0.00431496662309
0.00431428291743
0.0043136294229
0.0043130698583
0.00432248171905
0.00432083512291
0.00432790994136
0.00432586531217
0.00433229893792
0.00433832146909
0.00433282554422
0.00433792467607
0.00434032113246
0.00434350902762
0.00434532830736
0.00434692782003
0.00434844635833
0.0043488311544
0.00434925232106
0.00435968713973
0.00435907224065
0.00435836184567
0.00436746884051
0.00436523278024
0.00437253765124
0.00437939537454
0.00437465154507
0.00437940879293
0.00438372282477
0.00438766962338
0.00439013327789
0.00439242312642
0.00439342790213
0.00439443291584
0.0043954361929
0.00440642084364
0.00440632980174
0.00440615029288
0.00441573205068
0.00441388262159
0.00442158037371
0.00442882158679
0.00442443902341
0.00442946993559
0.00443406614921
0.00443704623826
0.00443976351002
0.00444228532558
0.00444343382712
0.00444455203337
0.00445565679559
0.00445682618625
0.00445677871669
0.0044665496805
0.00446498227405
0.00447426812147
0.00448190706428
0.00447787041024
0.00448326733689
0.00448814520935
0.00449257252117
0.00449535842501
0.00449779424809
0.00450006094701
0.0045021867531
0.00451294212936
0.00451250675378
0.0045133220957
0.00452280291548
0.00452225652087
0.00453012794244
0.00453890326395
0.00453483230122
0.00454142393632
0.00454623843839
0.00455048641019
0.00455424730624
0.0045563629515
0.00455814237612
0.00456957333433
0.00456970238123
0.00456975000227
0.00457972063769
0.00457848339438
0.00458832128415
0.00459551851871
0.00460371848261
0.0046003855062
0.00460647123139
0.00461075375615
0.00461573770207
0.00461893717239
0.00463024776924
0.00463121271347
0.00463179408909
0.00464206344966
0.00464097807799
0.00464970862688
0.00464843804492
0.00465707029645
0.0046643595968
0.0046701950735
0.00467698606367
0.00468208069541
0.00468671513958
0.00468952131723
0.00469296410183
0.00470447697354
0.00470429093892
0.00471355271365
0.00471253971833
0.0047210998062
0.00472823057189
0.00472533358631
0.00473227423144
0.00473913881901
0.00474458389207
0.00474982767776
0.00475349939566
0.00476664271911
0.00476930352002
0.00477137345051
0.00478148949748
0.00479100197032
0.00478874895632
0.00479718006152
0.00480395980817
0.00480918505571
0.00481543387524
0.00482027014673
0.00482371695263
0.00482835039111
0.00483156380595
0.00484443407444
0.00484575115552
0.00485652306196
0.004856800954
0.0048663764679
0.00487402650338
0.00488101196595
0.00488745862763
0.00489212233318
0.00489634967632
0.00490022614339
0.00490260121224
0.00491474517327
0.00491684509101
0.00492742196569
0.00492915445562
0.00493803085326
0.00494775853606
0.00495571781102
0.00496303723479
0.00496971261792
0.00497446882263
0.00497855480543
0.00498201266184
0.00499359304084
0.00499480152516
0.00500560177528
0.00500493232001
0.00501521860249
0.005022863892
0.00503157142805
0.00503881978866
0.00504572989208
0.00505217028639
0.00505686621029
0.0050609082537
0.00507416378327
0.00507553396624
0.00508611468589
0.00508615948055
0.00509433744412
0.00510199155577
0.00510924997795
0.00511624305878
0.00512175161962
0.00512707766381
0.00514085839684
0.00514567102115
0.00514892226277
0.00516040047168
0.00517246599089
0.00517271868758
0.00518093765607
0.00518963831475
0.00519638902531
0.00520244263064
0.00520668764121
0.00522157503944
0.00522369693637
0.00522668751463
0.00523810199992
0.00524930250754
0.00525035464367
0.00525979771918
0.00526882187618
0.00527731472844
0.00528519888693
0.00529117031725
0.00530627229367
0.0053094419144
0.00531188389376
0.00532354768814
0.00533458335393
0.00533393453841
0.00534276200655
0.00535126349675
0.0053594651124
0.00536617891051
0.00537260642112
0.00538863075835
0.00539309884284
0.00539701081385
0.00541014906392
0.00541262409513
0.00542303792059
0.00543264489241
0.00543154714974
0.00543965345
0.00544587824124
0.00545160086549
0.0054568599254
0.00547037882369
0.00547499830512
0.00547807749534
0.00548949961539
0.00549198936017
0.00550261800985
0.00551273842262
0.00551235600189
0.00551976304179
0.0055264122697
0.00553229982847
0.00553751169863
0.00554061879006
0.00555300820791
0.00555503466173
0.00556505295349
0.00556646920792
0.00557600938115
0.00557387612599
0.00558303038614
0.00559036813234
0.00559737308601
0.00560396170559
0.00560830510092
0.0056120490041
0.00562502352372
0.00562754561207
0.0056374434224
0.00563698569734
0.00564591382083
0.00564471056419
0.00565113143926
0.00565736680221
0.00566355461183
0.00566769848528
0.0056717824389
0.00568555091995
0.00568940074748
0.00569304652571
0.00570394115192
0.00570464543316
0.00571232420104
0.00572187532129
0.0057286804421
0.00573513578241
0.00573886750786
0.00574487829207
0.00574838232068
0.00575196275332
0.00576269069613
0.00576659350345
0.00577767378164
0.0057765562944
0.00578790435836
0.0057964211004
0.00580480524902
0.00581306266239
0.00581817548089
0.00582608198088
0.0058308012883
0.0058418075865
0.00584643103977
0.0058574705262
0.00585921163058
0.00586740081782
0.00587929181785
0.00588832883851
0.00589782108362
0.00590424105059
0.00591458387652
0.00593102970805
0.00593467919621
0.00594212919808
0.00595521303843
0.00596837486603
0.00597245175304
0.00598201460142
0.0059957686388
0.00600594187743
0.00601253562593
0.00602382637889
0.00604072880314
0.00604930357429
0.00605872486619
0.00607364256999
0.00608924758309
0.00609649564485
0.00611325971421
0.00612597432411
0.00613912510344
0.00615268023681
0.00617547910085
0.00618525918748
0.00619559478076
0.00621536466442
0.00622225054313
0.00624371651854
0.00626121381178
0.00627467185776
0.00629435173871
0.00631000185933
0.00632669514324
0.00634449172032
0.00636620585331
0.00638576867797
0.00640351821002
0.00641922605888
0.00644408840481
0.00646408666431
0.0064849876107
0.00650106628842
0.00652415507785
0.00654259031177
0.00657039939149
0.00658560393917
0.00661631299958
0.00663456509564
0.00666209821914
0.00668477989156
0.00671496578498
0.00674012392794
0.00675998957987
0.00678736298614
0.006809388105
0.00684014344762
0.00686460794286
0.0068978505832
0.00692584681525
0.00694801788017
0.00697920271453
0.00700531827631
0.00703318188618
0.00707002807123
0.00710151974709
0.00713481670594
0.00716972211399
0.00719909322671
0.00722973290024
0.0072689842762
0.00730244285669
0.00733727358929
0.00737363931012
0.00740419281939
0.0074364893171
0.00747711820384
0.00751319102788
0.0075502172784
0.00758926642071
0.00763041559153
0.00766738297463
0.00770491360937
0.00775056558045
0.0077918643443
0.00782703822677
0.00787790219406
0.00791642982248
0.00796272081175
0.00799678158176
0.00804663774605
0.00809029543071
0.0081278534944
0.00817577388762
0.00822339482787
0.00826770472939
0.00831436649528
0.00836898740819
0.00841745107012
0.00846268131363
0.00851538592326
0.00856160783473
0.00860977297617
0.00866501472851
0.00871697929394
0.00877090151758
0.00882335271
0.00887289303865
0.00892091530845
0.00897995965587
0.00903272247388
0.00908807146076
0.0091459974306
0.00919765855293
0.00925632608125
0.00931286085259
0.00937617650441
0.00942836489799
0.00949598025971
0.00955674354565
0.00961060230843
0.00967559039957
0.00973367766971
0.009794099532
0.00985187788127
0.00991727427705
0.0099801270711
0.0100456236417
0.0101046689822
0.0101717541238
0.0102400101049
0.0103069483306
0.0103763455637
0.0104388174762
0.0105072905201
0.0105743085256
0.0106471258359
0.0107128119412
0.0107808081554
0.0108512045023
0.0109240775569
0.0109901181245
0.0110622292725
0.0111338461903
0.0112021467804
0.011279492553
0.0113532732787
0.0114297616006
0.011499297948
0.0115808276318
0.0116580583521
0.0117347800119
0.0118042627445
0.0118885414333
0.0119655053014
0.0120422338166
0.0121146734255
0.01219943792
0.0122799843286
0.0123511453388
0.0124348673341
0.0125144525358
0.0126040357592
0.012679466868
0.0127672927057
0.0128479144881
0.012930977099
0.0130165106903
0.0131044559266
0.0131851250531
0.0132703403805
0.013356063995
0.0134464360449
0.0135297785549
0.0136160246913
0.0137052535488
0.0137974848076
0.013882949819
0.0139731269499
0.0140644256033
0.0141503922644
0.0142488366283
0.0143382220325
0.0144318530923
0.0145197484252
0.0146183066533
0.0147095215041
0.0148032824546
0.0148915262758
0.0149923345464
0.0150848201634
0.0151817039698
0.0152717871947
0.0153748397722
0.0154723347743
0.0155713745
0.0156633039815
0.0157691547867
0.0158676341379
0.0159687041452
0.0160611474319
0.0161682921015
0.0162669922966
0.0163683093855
0.0164624589035
0.0165703875522
0.0166712822526
0.0167743957652
0.0168715279428
0.0169816803645
0.0170850519671
0.0171913249144
0.0173012465869
0.0174030859916
0.0175083937041
0.0176163141236
0.0177260075766
0.0178290669182
0.0179346319567
0.0180428725494
0.0181544857682
0.0182584522654
0.0183758885969
0.0184859484085
0.018589734767
0.0187065298463
0.0188165250701
0.0189294095816
0.0190451995836
0.0191542054579
0.019265524259
0.0193797661104
0.0194965891602
0.0196157194134
0.0197277334711
0.0198424900407
0.0199601320913
0.0200705342963
0.020193968272
0.0203106901435
0.0204205912172
0.0205435998307
0.0206597677865
0.020778906043
0.0209010019619
0.0210258352866
0.0211434775215
0.0212637313534
0.0213865537517
0.021511943519
0.0216300883742
0.0217506802725
0.0218742682365
0.0220007893697
0.0221203089662
0.0222427703732
0.0223684429896
0.0224976227438
0.0226196197446
0.0227445876721
0.022872584929
0.023003092126
0.0231266234442
0.0232624632164
0.0233912822169
0.0235123993604
0.0236461997233
0.0237726675158
0.0239018801884
0.0240341252762
0.024159024656
0.0242874768608
0.0244186793684
0.0245530165446
0.0246905848251
0.0248211936197
0.0249547379556
0.0250911128834
0.0252196845772
0.0253614677433
0.0254953355074
0.0256317539826
0.0257616622287
0.0259035101761
0.0260375171792
0.0261751887845
0.0263059984974
0.0264491643921
0.0265856020907
0.0267260852291
0.0268688071396
0.0270047421676
0.0271427350394
0.0272844410936
0.0274289065432
0.0275652197454
0.0277141069379
0.0278566822982
0.0279909931357
0.0281380086576
0.0282769798234
0.0284198409172
0.0285658105311
0.0287139185859
0.0288553102399
0.0289999384598
0.0291477705304
0.0292887521822
0.0294425341762
0.0295893615946
0.0297377582972
0.0298901108359
0.0300339534234
0.0301804338466
0.0303296213794
0.0304815803825
0.0306251882617
0.0307730709551
0.0309227013433
0.0310769034247
0.0312330014292
0.0313824215401
0.0315350184112
0.031690713971
0.0318381974054
0.0319997788102
0.0321528730381
0.0323099678155
0.032458596555
0.0326196714281
0.0327735731077
0.0329288608904
0.0330785058494
0.0332395871879
0.0333952795179
0.0335527531048
0.033713485105
0.0338675230035
0.0340247786397
0.0341851970643
0.0343469644021
0.0345131760528
0.0346707916411
0.0348311090375
0.0349940882335
0.035149802795
0.0353181566639
0.0354777773877
0.0356418539871
0.0357975294639
0.0359660675611
0.0361279928761
0.0362931767521
0.0364615086777
0.0366232700262
0.0367864674624
0.0369542925411
0.0371232680095
0.0372950932802
0.0374597352013
0.0376270932893
0.0377971259702
0.0379680455604
0.0381336505404
0.0383004254599
0.0384701185367
0.0386430103794
0.0388091903216
0.038978650224
0.0391513894667
0.0393254443627
0.0394927839784
0.0396747933844
0.0398480112571
0.0400141952231
0.0401929389083
0.0403625437344
0.040536785337
0.0407098285914
0.0408680597936
0.0410251983553
0.0411871955197
0.0413288824038
0.0414736934139
0.0416119326625
0.0417493927073
0.04188222145
0.0420043665988
0.0421313969696
0.0422474563033
0.0423564843194
0.0424662047621
0.0425687943292
0.0426642471174
0.0427582586966
0.0428453135213
0.0429254071553
0.0430064630245
0.0430788428584
0.043144624831
0.0432115960044
0.0432721117843
0.0433239814786
0.043378875987
0.043425043798
0.0434721651993
0.0435024227661
0.043533560927
0.0435653978677
0.0435901606445
0.0436078851226
0.0436265483207
0.043626704713
0.0436397314793
0.0436344673448
0.0436307546566
0.0436303537703
0.0436136356194
0.0435984792732
0.0435848312643
0.0435528764914
0.0435337521579
0.0434978527942
0.0434632367822
0.0434200567013
0.0433797143038
0.0433309237049
0.0432737429561
0.0432197498427
0.0431591779609
0.0430893268917
0.0430243868653
0.0429504167912
0.0428702519605
0.0427935157173
0.0427177386555
0.0426267804879
0.0425367964251
0.042450053305
0.0423465644564
0.0422452969341
0.0421461754518
0.0420404813603
0.0419273654337
0.0418169593546
0.0417003429459
0.0415770381628
0.0414576489433
0.0413317060343
0.0411998910476
0.0410715370926
0.0409466925803
0.0408058480726
0.0406683491766
0.0405346689653
0.0403945613006
0.0402481600677
0.0401056800296
0.0399571974347
0.0398029328301
0.0396532127374
0.0394979835786
0.0393379277953
0.0391825451897
0.039032696476
0.0388681427786
0.0387184650512
0.0385549136495
0.0383957173752
0.0382329375502
0.0380751653932
0.0379133707347
0.0377566073832
0.0375962705792
0.0374315652558
0.0372735709658
0.0371129696281
0.0369487064012
0.0367922166416
0.0366325141515
0.0364809892979
0.0363283070588
0.0361823537662
0.0360354747356
0.035887900336
0.0357472012194
0.0356061074491
0.0354624814199
0.0353287829179
0.0352023116949
0.0350766527037
0.0349526622341
0.0348307885786
0.034717405561
0.0346127376794
0.0345113081443
0.0344133081056
0.0343243415322
0.0342435380013
0.0341590476231
0.0340879354938
0.0340305192341
0.0339695700572
0.0339272122484
0.0338822052523
0.0338474648353
0.0338279785079
0.0338107784453
0.0338013498252
0.0338086347032
0.0338248627931
0.033844702955
0.0338759298854
0.0339247455647
0.0339832684495
0.0340521754461
0.0341324801032
0.0342234657555
0.0343186452784
0.0344324378812
0.0345576025048
0.0347019493933
0.0348441191715
0.0350129588862
0.0351874241355
0.0353815678573
0.0355813783674
0.0357950634284
0.0360203571741
0.0362593702764
0.0365178875385
0.0367903134346
0.0370737019719
0.037362370006
0.0376701717361
0.0379919989968
0.0383283022591
0.0386750314649
0.0390364610011
0.0394080936151
0.0397946043648
0.0401999513675
0.0406109906021
0.0410406533523
0.0414813769371
0.0419343286632
0.0424014491028
0.0428735730413
0.0433628447812
0.0438664667025
0.044377354375
0.0449024141897
0.045434560474
0.0459905073138
0.0465416220324
0.0471189209447
0.0477007250968
0.0482986837593
0.0489026087422
0.0495188181688
0.0501517897365
0.0507869329975
0.0514381672057
0.0520914827132
0.0527591163018
0.0534408357347
0.0541356844097
0.0548338532961
0.0555359809205
0.0562611823147
0.056990179474
0.057722854804
0.0584782986568
0.0592372185019
0.0599989100982
0.0607734572956
0.0615606816279
0.0623501608127
0.0631616041519
0.0639653453542
0.0647912773626
0.0656190055796
0.0664483604139
0.0672997702808
0.0681436477858
0.0690091146194
0.0698769312843
0.0707561650446
0.0716466284035
0.0725403884851
0.0734341443249
0.0743507886672
0.0752667957583
0.0761958201787
0.0771251321285
0.0780644318542
0.0790152650388
0.0799662140142
0.0809286902477
0.0819028223719
0.0828754493958
0.0838614899495
0.0848477223713
0.0858438151467
0.0868516509593
0.0878710530711
0.0888902755637
0.0899208345998
0.0909507988542
0.091989733898
0.0930396883939
0.0940909635592
0.0951511405467
0.0962223821883
0.0972927750298
0.0983720282353
0.0994626071837
0.100554929066
0.101656158473
0.102768753723
0.103880591114
0.10500366275
0.106135268899
0.1072655604
0.108409489802
0.109549213021
0.11070924589
0.111860940528
0.113030178391
0.114200745832
0.115379429677
0.11656915491
0.117757491754
0.118957037778
0.120155244045
0.121361658767
0.122582240637
0.123798214112
0.125025142165
0.126262936506
0.127508218886
0.128754739589
0.130008637638
0.131263798402
0.132526370125
0.133796388548
0.135067790811
0.136350166646
0.137640166235
0.138937885347
0.140237224063
0.141538257342
0.142856322424
0.144172486056
0.145499437616
0.146827740844
0.148163132679
0.149505587701
0.150849190526
0.152209073445
0.153560915294
0.154932795298
0.156298894956
0.15767942473
0.159054321018
0.160443833971
0.161837036317
0.163235627789
0.164647003084
0.166050683699
0.167474374483
0.168895653972
0.170327480831
0.171756703299
0.173201849882
0.174639025285
0.176095974991
0.177550501249
0.179011844717
0.180484056162
0.181954035698
0.183434960077
0.184913707341
0.186412610806
0.187909252113
0.189407541441
0.190921715621
0.19243723718
0.193950137464
0.195478663327
0.197008404588
0.198539413459
0.200086129983
0.201630296197
0.203185123736
0.204737544721
0.206300816936
0.20787094079
0.209442879859
0.211030755522
0.212620334933
0.214207441254
0.215801117791
0.217405270041
0.219019857564
0.220631614656
0.222249627112
0.223878107139
0.225503808114
0.227140068914
0.228782875969
0.230423166463
0.232087570193
0.233736309966
0.235405003661
0.237071333936
0.23874848546
0.240432066499
0.242117232138
0.243808617441
0.245501405995
0.247209350803
0.248918617395
0.250634037502
0.252346640156
0.254069845585
0.255799407185
0.257530684398
0.259277516655
0.26102624205
0.262772518573
0.264525310963
0.266288884284
0.268058842044
0.269839376775
0.271617020436
0.273396043316
0.275190093815
0.276985537266
0.278787028683
0.280594591991
0.282403767878
0.284219220401
0.286045457096
0.287869112132
0.289703647898
0.291544662192
0.293392127003
0.295241391017
0.297096906891
0.298953995996
0.300826104459
0.30269964248
0.304570131352
0.306455487749
0.308342299079
0.310235164886
0.312138598862
0.314039298101
0.31595073745
0.317868550649
0.319783822583
0.321709974375
0.323642429054
0.325585695546
0.327526203914
0.329477253706
0.331425321387
0.333388181557
0.335352477693
0.337322656875
0.339289797584
0.341276307781
0.343264524549
0.345249960906
0.347250567701
0.349253058265
0.351261876152
0.353268146088
0.355285243626
0.35730855854
0.359342505433
0.361382438255
0.363423948782
0.3654712703
0.36751542905
0.369569976508
0.371630398914
0.373701304758
0.375778250954
0.377852373267
0.379937249977
0.382019532597
0.384121553865
0.386220969813
0.388326608611
0.390434133814
0.392547726275
0.39467183617
0.396801778005
0.398937498463
0.401074684757
0.403217625786
0.405362114185
0.40752134345
0.409677729216
0.411835909542
0.414009115746
0.416184255491
0.418365663547
0.420553334144
0.42274297299
0.424947564191
0.427145049945
0.429357320427
0.43157540405
0.433794965738
0.436020234871
0.438246983745
0.440474934977
0.442718017729
0.444962405208
0.447217494539
0.449474458258
0.451737650117
0.454007069372
0.456278451278
0.458564870489
0.460839707124
0.463134012908
0.465434179276
0.467735866129
0.470038652645
0.47234756809
0.474666418559
0.476986806281
0.479317681811
0.481645677766
0.483988574996
0.486328722907
0.4886796622
0.491032632678
0.49339603516
0.495766016991
0.498137421235
0.500510553465
0.502898428707
0.505287849995
0.507682934276
0.510074849014
0.51248598202
0.514894041954
0.517299094585
0.519723573792
0.522145218675
0.524577666701
0.527011629141
0.529461070888
0.531903205396
0.534356124837
0.536819776245
0.539289374412
0.541755932596
0.54422822429
0.546710865036
0.549199185513
0.551689003877
0.554184558069
0.556685981712
0.559193355251
0.561702552474
0.564231344748
0.566748601961
0.569280913779
0.571819431421
0.574359861036
0.576906316206
0.579463369748
0.582012757373
0.584577174912
0.587142609795
0.589718339995
0.592299802228
0.594882833556
0.597471692262
0.600066477073
0.602671953569
0.60527470875
0.607883628123
0.610503350378
0.613129266637
0.615757116824
0.618395222079
0.621035040167
0.62367644675
0.626332417822
0.628985262877
0.631643743907
0.634312562761
0.6369871463
0.639663379586
0.642354437667
0.645042660031
0.647732744166
0.650433245019
0.653140369613
0.655849039185
0.658568459998
0.6612938876
0.664021050652
0.666754022348
0.669492711315
0.672241700918
0.674987499532
0.677747872099
0.6805051936
0.683272963672
0.686042455134
0.6888222426
0.691603912394
0.694391766789
0.697190433075
0.699986404953
0.702797394168
0.705610185951
0.708428863841
0.711253364456
0.714074723644
0.716906412919
0.719743770637
0.722591431579
0.725444884566
0.728295380564
0.731160683836
0.734027793682
0.736901015348
0.739776172391
0.742666445546
0.74555401162
0.748447683106
0.751352012746
0.754253418501
0.75716950467
0.760087050323
0.763010252707
0.765930296342
0.768869562901
0.771805734892
0.774756663435
0.777709286298
0.780659122345
0.783623990136
0.786586144736
0.789559117997
0.792538300844
0.795528224578
0.79852418688
0.801517160906
0.80451596942
0.807525126821
0.810539979029
0.81356051059
0.816582494676
0.819605680961
0.822643997484
0.825683687885
0.828734036872
0.831781659278
0.834844387622
0.83790904877
0.840979906625
0.8440525762
0.84713561447
0.850220293761
0.853310783613
0.856411585521
0.859518079574
0.862630306993
0.865739413947
0.868858899031
0.871984279326
0.875115697955
0.87825777362
0.881397143762
0.884551599697
0.887703388167
0.890865990161
0.894025855209
0.897200632826
0.900377015885
0.903568135761
0.906756117519
0.909949839569
0.913144888417
0.916354627319
0.919565879821
0.922778513478
0.926001705738
0.929231006289
0.932471043818
0.935703896408
0.938956444336
0.942210827514
0.945466836008
0.948733461295
0.951997140349
0.955280079149
0.958555329633
0.961840865821
0.965136691864
0.968433759186
0.971741219188
0.975045700321
0.978356253541
0.981677475953
0.985004885578
0.988338533837
0.991682988287
0.995020258069
0.998377146996
1.00173115728
1.00509564189
1.00846600708
1.01184215099
1.01521511905
1.01860726254
1.02199628294
1.02539122626
1.02879214043
1.03220359849
1.03561228887
1.03903614244
1.04245736156
1.0458893522
1.04932757356
1.05277199885
1.0562225299
1.05967458166
1.06314142759
1.06660513195
1.07007908469
1.07355885411
1.07704442633
1.0805359012
1.08402443291
1.08753249837
1.09103780461
1.0945493425
1.09807161702
1.10160023582
1.10513514206
1.10866728396
1.11221446621
1.115763144
1.11931773525
1.12287814463
1.12644877229
1.13002519363
1.13359854346
1.13718677791
1.1407720915
1.14436792794
1.14796997057
1.15157832417
1.15519299593
1.15881840076
1.16244114437
1.16607906576
1.16971859926
1.17335969781
1.17701109876
1.1806683547
1.18433143088
1.18799578099
1.19167497966
1.19535113653
1.19904234327
1.20273074178
1.20642975065
1.21013505985
1.21383772241
1.21756013475
1.22128446918
1.22501044441
1.22874253989
1.23248966311
1.23623811994
1.23999243408
1.24374357769
1.24750954834
1.25128146682
1.2550547596
1.25884310203
1.26262861239
1.26642039667
1.27022288529
1.27402738075
1.27784257705
1.28166412659
1.28548731729
1.28932130196
1.29315668398
1.29700698328
1.30085417738
1.3047116078
1.30857055527
1.31243976252
1.31631499487
1.32018732997
1.32407924121
1.32796840333
1.33187290319
1.33577481257
1.3396831283
1.3435977973
1.34752306927
1.35145449364
1.35539201237
1.35933551016
1.3632801875
1.36723976038
1.37119190479
1.37516768426
1.379136173
1.38311077887
1.38709590658
1.39108738553
1.39508523555
1.39908950497
1.40310447538
1.40711250566
1.41114018268
1.41516503066
1.41920924319
1.42324614352
1.42729325213
1.43134200284
1.43541000287
1.4394749274
1.44354117984
1.44761838331
1.451706103
1.45580016095
1.45989157131
1.4639984801
1.4681070925
1.47222685443
1.47634814478
1.48047566171
1.48460928975
1.48876224065
1.49290782806
1.49706357072
1.50121626116
1.50538402563
1.50955787784
1.51373792601
1.51791942971
1.52211216495
1.52630651185
1.53051636721
1.53472362886
1.53895062357
1.54317067759
1.54740120559
1.55163781869
1.55588047712
1.5601291421
1.56438376544
1.56864856903
1.57291942467
1.57719641182
1.58147546545
1.58576013706
1.59005607379
1.5943584999
1.59866254286
1.60298217482
1.60729916405
1.61162250802
1.61596121839
1.62029701916
1.62464303017
1.62900412731
1.63335796355
1.6377220043
1.64209214589
1.64647258722
1.6508551217
1.65524819405
1.65964355611
1.66404956741
1.66846209439
1.67288114334
1.6773108515
1.68173370475
1.68617194227
1.69062048412
1.69506601678
1.6995267029
1.7039934161
1.70845704395
1.7129359189
1.71741601872
1.72191152897
1.72640018907
1.7309085297
1.73541430083
1.73993578884
1.74445469533
1.74898418434
1.7535251404
1.75806738719
1.76261585528
1.76716632824
1.77173606149
1.77630683671
1.78087962402
1.78545855151
1.79005692255
1.79464840101
1.79925040534
1.80385892182
1.80846991193
1.81309156674
1.81773300932
1.82236780597
1.82700906342
1.83166068612
1.83631447895
1.84097850563
1.84564861206
1.85032076202
1.85501220419
1.85970473511
1.86439952756
1.86910067761
1.87380825837
1.87852642637
1.88325119452
1.8879785795
1.89271660201
1.8974703155
1.90222137447
1.90697881375
1.91174251044
1.91651236114
1.92129234473
1.92608361587
1.93087590994
1.93567040447
1.94047518854
1.94528638971
1.95010927719
1.95493356696
1.95976447436
1.96461120508
1.96945941181
1.97431024939
1.97917675889
1.98404445088
1.98892363868
1.99380384394
1.99869543342
2.00358792652
2.00849579629
2.0134007672
2.01832126398
2.02323902569
2.02817247568
2.03311255709
2.03805933799
2.04300361127
2.04796767932
2.05293444863
2.05790776808
2.06289145966
2.06787754456
2.07287374602
2.07787617379
2.08288088418
2.08789574946
2.09291689305
2.09794440843
2.10298763295
2.10802824754
2.11307548425
2.11813864143
2.12319932133
2.12827595127
2.13335391874
2.1384437669
2.14354006816
2.14863740358
2.15374636086
2.15886540489
2.16398680839
2.16911832932
2.17425237463
2.17939669297
2.1845436632
2.18970108841
2.19487445049
2.20004149542
2.20521916019
2.21041277133
2.21560385617
2.2208108095
2.22602041479
2.23123099117
2.23645709089
2.24168946808
2.2469281428
2.25217311203
2.257424433
2.2626914944
2.26795586496
2.27322691692
2.27851392189
2.28379844631
2.28909905768
2.29439721798
2.29971135179
2.30503211699
2.3103593927
2.31569689262
2.32103697514
2.32638331902
2.33174524645
2.33710426364
2.34247898597
2.34785095181
2.35323876949
2.35863327759
2.36403460059
2.36944648167
2.37486146038
2.38028325675
2.38571181855
2.39115636499
2.3965981807
2.40205571101
2.40751034623
2.41298061977
2.41845724751
2.42394026922
2.4294260133
2.43493133933
2.44043404247
2.44594347361
2.4514689919
2.45700138641
2.4625369835
2.46808317336
2.47363612915
2.47919210289
2.48475837542
2.49034044955
2.49470710755
