metodo_1_dt_1:1
4.75419473464e-07
0.000285633507478
0.000570522131766
0.000856496135862
0.00114348269978
0.00143293341191
0.00172384754924
0.00201774880379
0.00231572585513
0.00261840195798
0.00292592546193
0.00323995660504
0.00355868325732
0.00388614720007
0.00422037250199
0.00456285036049
0.00491449277046
0.00527466133672
0.00564574513037
0.00602758511569
0.0064203287276
0.00682568052176
0.00724317693326
0.00767458127115
0.00811899983266
0.00857769231463
0.00905154577081
0.00954158519191
0.0100476442484
0.0105707099939
0.0111121704858
0.0116713996925
0.0122497432998
0.0128472908637
0.0134656365673
0.0141041532631
0.0147657875274
0.0154496141307
0.0161571210843
0.0168886806119
0.0176449710018
0.0184269849223
0.0192345678606
0.0200701830115
0.0209341841277
0.021827028668
0.0227490281692
0.0237017892203
0.0246867866764
0.025703884726
0.0267532677649
0.0278373422951
0.0289567588511
0.0301117993948
0.0313027278754
0.0325322337304
0.0337995405105
0.0351065017454
0.0364535417935
0.0378422950562
0.0392722471968
0.0407452903373
0.0422619767911
0.0438234990074
0.0454297781059
0.0470831334388
0.0487826790508
0.0505303266343
0.0523275695252
0.0541731111799
0.0560688855238
0.0580162707252
0.0600144705861
0.0620660507301
0.0641699518279
0.0663290167704
0.0685412500024
0.0708093158345
0.0731327055356
0.0755134729757
0.0779505197324
0.0804456231958
0.0829989076255
0.0856108689862
0.0882813122567
0.0910121310442
0.0938029280686
0.0966550685583
0.0995678243793
0.102542250894
0.10557829059
0.108676669378
0.111838043503
0.115061895026
0.118348639455
0.121699443845
0.125113567265
0.128592022657
0.132134662156
0.135741362678
0.139412085396
0.14314748068
0.146947074092
0.150811706726
0.154741903624
0.158735844122
0.162795615415
0.166918866737
0.171107847941
0.175361200489
0.179678275073
0.18406062102
0.188507592834
0.193017494119
0.197592773358
0.2022302777
0.206932645759
0.211696578662
0.216524618139
0.221415520753
0.226368114229
0.23138358694
0.236459702082
0.241597795658
0.246796102994
0.252055319363
0.257373955992
0.262752700165
0.268189692183
0.273685967519
0.279239300983
0.284850774743
0.290518373726
0.296242635132
0.302022865272
0.307857565915
0.313747382967
0.319690618696
0.325685784348
0.331734611855
0.337834153981
0.343985405533
0.350185919219
0.35643680312
0.362735533005
0.369082602388
0.375475873888
0.381916622465
0.388401631262
0.394930772091
0.401504327185
0.408120711462
0.41477873408
0.421478083733
0.428217119928
0.434994524638
0.441810797006
0.448665135648
0.455554822713
0.462479226163
0.469439357476
0.476432098003
0.483456649181
0.490512909479
0.497600423775
0.504716221196
0.511860914219
0.51903221837
0.526230511733
0.533453557745
0.540700672569
0.547970383171
0.555262034106
0.562576001098
0.569908536137
0.577259948963
0.584629521016
0.592016268991
0.599417448047
0.606833322115
0.614263645598
0.621704801648
0.629157744655
0.636621624481
0.644094089411
0.651574706185
0.659061684593
0.666554872249
0.674053562475
0.68155472865
0.689059419801
0.696564964104
0.704071572686
0.711577820528
0.719082372341
0.726584682661
0.73408328765
0.741577160036
0.749065561476
0.756546981374
0.764020795157
0.771486059063
0.778942174328
0.786387645547
0.793821320434
0.801242502548
0.80865022137
0.816043536696
0.823421545245
0.830783858091
0.838128672576
0.845456330688
0.852764138432
0.860052927987
0.867321314921
0.874568273017
0.881792712084
0.888994756734
0.896172884336
0.903326562215
0.91045500035
0.917557847729
0.924633592161
0.931682458609
0.938702534474
0.945694451812
0.952656575439
0.959588553576
0.966490483239
0.973360432625
0.980199517101
0.987005060477
0.993778186715
1.00051851616
1.00722369235
1.01389502698
1.02053199998
1.02713238947
1.03369782542
1.04022597977
1.04671869099
1.05317300081
1.05959061625
1.06597069692
1.07231174473
1.0786148419
1.08488021885
1.09110493663
1.09729105946
1.10343855206
1.10954536163
1.11561240348
1.1216403331
1.12762700334
1.13357314157
1.13947940805
1.14534502567
1.15117005881
1.15695455307
1.16269738016
1.16840026799
1.17406199058
1.17968301214
1.18526273902
1.19080209766
1.19630005605
1.20175771986
1.20717568815
1.2125525488
1.21788873971
1.22318457163
1.22844073312
1.2336564063
1.2388327472
1.24396966662
1.24906742468
1.25412568948
1.25914520361
1.26412615293
1.26906868026
1.27397272297
1.27883978615
1.28366880075
1.28845986265
1.29321512903
1.2979338644
1.30261594894
1.30726178346
1.31187261664
1.31644882249
1.32098905925
1.32549614171
1.32996847674
1.33440768718
1.33881366181
1.34318703222
1.34752831699
1.35183797045
1.35611539439
1.36036272146
1.36457892898
1.36876557605
1.37292275108
1.3770496759
1.38114880695
1.38521971239
1.38926401616
1.39327953506
1.39726890546
1.40123215339
1.40516978214
1.4090820602
1.41296948882
1.41683280396
1.42067222344
1.42448725392
1.42828105585
1.43205081933
1.43579947788
1.43952692493
1.44323289951
1.4469190838
1.45058393098
1.45422994564
1.45785737528
1.46146432858
1.46505417472
1.46862642962
1.47218032364
1.4757173935
1.47923725391
1.48274160829
1.48622957408
1.48970197311
1.49315955526
1.49660166726
1.50002999583
1.50344274088
1.50684303756
1.51022988162
1.51360252504
1.51696188646
1.5203092833
1.52364445025
1.52696660932
1.5302770731
1.53357621583
1.53686290462
1.54013808452
1.54340317543
1.54665602934
1.5498977974
1.55312884122
1.55635002604
1.55955935536
1.56275818595
1.56594639808
1.56912431725
1.57229152375
1.57544891841
1.57859450706
1.58173015135
1.58485496342
1.58796933971
1.59107166711
1.59416452097
1.59724554613
1.60031514961
1.60337308229
1.60641985837
1.60945456637
1.61247789434
1.61548868378
1.61848599541
1.62147162085
1.62444335206
1.62740173
1.63034624711
1.63327716726
1.63619271878
1.63909393431
1.64197973843
1.64484993839
1.64770319913
1.650540112
1.65335999876
1.65616224421
1.65894701099
1.66171238679
1.66445828203
1.66718457553
1.66989095882
1.67257603586
1.67523931767
1.67788120003
1.68049998839
1.68309487922
1.68566593935
1.68821234991
1.69073253547
1.69322788023
1.69569555546
1.69813560503
1.70054709797
1.70292932817
1.70528173895
1.70760403805
1.70989462736
1.71215323463
1.71437894363
1.71657033751
1.71872767015
1.72084938183
1.72293457215
1.72498322715
1.72699361168
1.7289650577
1.7308975507
1.73278834761
1.73463863839
1.73644714697
1.73821190293
1.73993296533
1.74160951879
1.74324004675
1.74482358936
1.74636058917
1.74784857348
1.74928701221
1.75067615495
1.75201387168
1.75330029186
1.75453332308
1.75571279266
1.75683836975
1.75790891247
1.75892279655
1.7598792855
1.76077727276
1.76161735822
1.76239827467
1.76311825654
1.76377626698
1.76437283986
1.76490664929
1.7653762985
1.76578046703
1.76612028167
1.76639301122
1.76659996581
1.76673799804
1.76681026156
1.76680688044
1.76674242854
1.76659705603
1.76639027844
1.76610214372
1.76574208965
1.76530983757
1.76480488736
1.76422681965
1.76356508223
1.7628390577
1.7620281464
1.76113170548
1.7601688177
1.75911892093
1.75799107154
1.75678441162
1.75549800021
1.75413089381
1.75268206088
1.75115048443
1.74953508457
1.74783478202
1.74604842699
1.74417490674
1.74222256999
1.74018070658
1.73805712009
1.73584183876
1.73354239079
1.731157583
1.72868581721
1.72612588721
1.72346729225
1.72072715644
1.71790311644
1.71497703704
1.71197308864
1.70887224998
1.70568226434
1.70240180697
1.69902841026
1.69556989913
1.69201627506
1.68836569178
1.6846327925
1.68080080428
1.67687602485
1.67286428709
1.66875681513
1.66455928575
1.66026402102
1.65587851104
1.65139979605
1.6468285436
1.64216380588
1.63740673089
1.63255641559
1.62761254664
1.62257558614
1.61744654548
1.61222361212
1.60690803713
1.60149987299
1.59599897765
1.59040531947
1.58471920384
1.5789405002
1.57307081444
1.56710771057
1.56105328416
1.55490763841
1.54867059304
1.54234270688
1.53592415051
1.52941414583
1.52281505448
1.51612509383
1.50934657005
1.50247837916
1.49552109872
1.48847576112
1.48134243904
1.47412137915
1.46681361448
1.45941933932
1.45193858113
1.44437247559
1.43672111513
1.42898542497
1.42116554946
1.4132624493
1.40527620315
1.39720776832
1.38905415818
1.38082431599
1.37251322166
1.36413276779
1.35565503515
1.34711182286
1.3384951424
1.32978692951
1.32101885633
1.31216310846
1.30324140433
1.29424571668
1.28517784286
1.27604924755
1.26683308635
1.25755969563
1.24822161834
1.23881075097
1.2293292048
1.21978854728
1.21018975341
1.2005261688
1.19079886653
1.18100996728
1.17117075417
1.16127375633
1.15132029737
1.14131253227
1.13125266143
1.1211419754
1.11098268508
1.1007679128
1.09051727034
1.08022331458
1.06987950622
1.05949684401
1.04908528749
1.03863015758
1.0281338494
1.01761449346
1.00705812863
0.996474933549
0.985867064441
0.975236746725
0.964586126377
0.953910132159
0.943226068072
0.93252179314
0.921806440449
0.911083641108
0.900355887165
0.889625035382
0.8788951609
0.86817508169
0.857454725281
0.846743175727
0.836051518284
0.82537627409
0.814727132109
0.80409474277
0.793501572174
0.782933274743
0.772412978672
0.761931554174
0.751499972388
0.741116613057
0.730798472552
0.720544283267
0.710353240363
0.700242604449
0.690212808563
0.680274047462
0.670427366449
0.660678819132
0.651041730283
0.641521713143
0.632126354896
0.622862675256
0.613738832166
0.604767614896
0.59595253546
0.587302626109
0.578831468569
0.570545173356
0.562457998661
0.5545777513
0.546915218233
0.539482231687
0.532289254582
0.525347560627
0.518667990338
0.512263510413
0.506144118326
0.500321647321
0.494808605971
0.489613915716
0.484749861747
0.480226342836
0.476053610099
0.472241331633
0.468798491153
0.465731332767
0.463049759225
0.460758182447
0.458861965903
0.457366158521
0.456273672559
0.455586422262
0.455305222717
0.455429343533
0.455957715828
0.45688587182
0.458211617079
0.459929565845
0.462033287884
0.464514494467
0.467366916592
0.47058058595
0.474150431699
0.478056589946
0.482291477066
0.486851089692
0.4917254243
0.496889775495
0.502340676452
0.508066896307
0.51405110276
0.520288835903
0.526763644472
0.533463752633
0.540379782218
0.547500322903
0.554817167697
0.562312691901
0.569984469456
0.577823659209
0.585814970802
0.593942616228
0.602212946795
0.610610820516
0.619128921387
0.627759525498
0.636490420574
0.64532135657
0.654245522812
0.663250707454
0.672330527198
0.68148744356
0.690701221626
0.699989389441
0.709324753195
0.718710823771
0.728142824288
0.737624417635
0.747136555952
0.756683059012
0.76626054317
0.775865449722
0.78549465723
0.795137138502
0.804805764151
0.814481682403
0.824170248898
0.833860458741
0.843566327124
0.853268921652
0.862973477531
0.872678700229
0.882373160638
0.892072252703
0.901756005516
0.911440190849
0.921104681251
0.930766008716
0.940403861382
0.950034148453
0.959645959668
0.969237717626
0.978807064012
0.988362081286
0.997890879747
1.0074009611
1.01689119983
1.02634993644
1.03578477108
1.04519388178
1.05457542681
1.06392779888
1.07325858436
1.08255602681
1.09181885738
1.10106414552
1.11027063645
1.11943633976
1.128583004
1.13769190878
1.14676887839
1.15581203734
1.16482125661
1.17379655397
1.18273671162
1.19164175784
1.20051149974
1.20934677805
1.21814444967
1.22690724422
1.23563302083
1.24432142162
1.25297418088
1.26158905114
1.27016662254
1.27870658985
1.28720827771
1.29567265004
1.30409796393
1.31248572191
1.3208344926
1.32914475516
1.33741601214
1.34564838396
1.35384125941
1.36199494365
1.37010910983
1.37818421672
1.38621929374
1.39421319501
1.40216825132
1.41008313923
1.41795648007
1.42579046782
1.4335836182
1.44133485957
1.44904373117
1.45671484169
1.46434404001
1.4719310895
1.47947584838
1.48697464338
1.49443921221
1.50185816187
1.5092310458
1.51655975502
1.52385059639
1.5310975067
1.53830086849
1.54545393909
1.55257123884
1.55963943819
1.56666535344
1.5736423604
1.58057817345
1.587464596
1.59431020047
1.60110771532
1.60785641823
1.61455618277
1.62120686138
1.62781785719
1.63437089192
1.6408833827
1.64734647108
1.65375134194
1.66011483884
1.6664279542
1.67268101703
1.6788918186
1.68505069665
1.69114758787
1.69720052782
1.70319944385
1.70914353886
1.71503191024
1.72086362965
1.72663768282
1.73235302474
1.73801822274
1.74362275203
1.74917466318
1.75466338063
1.76008708933
1.76545473437
1.77076457145
1.77601542602
1.78119554003
1.7863233978
1.79137738425
1.79636579868
1.80129688685
1.80615887482
1.81095992428
1.81568824037
1.82035168836
1.82493861144
1.82946674147
1.83391415451
1.83829862603
1.84260828178
1.84684073917
1.85100391807
1.85509521814
1.85911273253
1.8630444895
1.86690722138
1.87068914013
1.87439747872
1.87802025612
1.88157420326
1.88503809858
1.88841856392
1.89172273113
1.89493876021
1.89807590482
1.90112511496
1.90408970363
1.90696671778
1.90975729846
1.91245932187
1.91507200642
1.9175950825
1.92002794343
1.922368836
1.92461743188
1.92677340517
1.92883590572
1.93080311047
1.9326752791
1.93445139508
1.93612958175
1.9377107857
1.93919382556
1.9405774693
1.94186055709
1.94304451697
1.94412533872
1.94510509834
1.94598198641
1.94675441296
1.94742338515
1.94798386232
1.94844348715
1.9487952407
1.94904032367
1.94917838185
1.94921010659
1.94912678502
1.94894636141
1.94864257464
1.94823305374
1.94771887493
1.94708096792
1.94633864802
1.94548310313
1.94451373358
1.94343129103
1.94223556878
1.94091760833
1.93949615993
1.93795281218
1.93629677299
1.93451860067
1.93262828863
1.93061588676
1.92849143452
1.92624523769
1.92388705636
1.9214070255
1.91880532722
1.91609180876
1.91325651692
1.91029949005
1.90722068026
1.90402005953
1.90070759967
1.89727325019
1.89371695582
1.890038669
1.88623823806
1.88232573386
1.87828104343
1.87412390448
1.86983448075
1.86543241489
1.86091755176
1.85627024436
1.85150009458
1.84661670849
1.8416102796
1.83648068124
1.8312374037
1.82586119975
1.82038045735
1.8147667147
1.80903864778
1.80318680329
1.79722034112
1.79112998083
1.78492469108
1.77860427155
1.77215972013
1.76559990788
1.7589164049
1.75212568231
1.74521116333
1.73818045819
1.73103503227
1.72377320978
1.71639656963
1.70890397271
1.70130402989
1.69358851649
1.68575808533
1.67781998557
1.66976697769
1.66159856905
1.65332370636
1.64494166007
1.63645305638
1.62785788811
1.6191498368
1.61034178452
1.60142881567
1.59241039255
1.58328746798
1.5740660678
1.56474128667
1.55531274299
1.54579475533
1.53617424895
1.52645256991
1.51664278816
1.50673837835
1.49674137882
1.48665143861
1.47647611724
1.46621046272
1.45585516855
1.44542271785
1.43490264976
1.42429676932
1.41361537084
1.40285610695
1.39201983419
1.38111268354
1.37012610424
1.3590764537
1.34795550379
1.33676644091
1.32551719475
1.31420425653
1.30283438309
1.29140813679
1.27992710448
1.26839706829
1.25681650816
1.24519220645
1.23352594312
1.22182059789
1.2100789449
1.19830519825
1.18650140441
1.17467289345
1.16282294853
1.15095492245
1.13907260814
1.12718134536
1.11527953315
1.10338638416
1.09149406561
1.07960799443
1.06773442669
1.05587947506
1.04405937276
1.03226082562
1.0204907788
1.00877581142
0.997103453368
0.985491047751
0.973936381778
0.962447258264
0.951031926389
0.939708862421
0.928476799323
0.917344728951
0.906321996448
0.895408194624
0.884633175509
0.87398725819
0.863480884722
0.853144884174
0.84296044398
0.832968914279
0.823152082358
0.813541980054
0.804140905719
0.794971441485
0.786026361712
0.777328796776
0.768901861504
0.760738982224
0.75287371492
0.745299597876
0.738040253379
0.731099251064
0.724510071153
0.718266052559
0.712380340425
0.706875669202
0.701764577539
0.697048833545
0.692750021544
0.68885875968
0.685415173655
0.682398531895
0.679836960723
0.677728128643
0.676078351216
0.674902710357
0.674185866299
0.673950103923
0.674187783742
0.674899216438
0.67608365316
0.677730011012
0.679854300888
0.68244290907
0.68549047494
0.688990830065
0.692926924209
0.69730979972
0.702121167927
0.707341279931
0.712969756897
0.718995364566
0.725406706245
0.732191918676
0.73933874706
0.746825227557
0.754657762762
0.762804525831
0.77126220272
0.780017929712
0.789049466981
0.798363032196
0.807927113847
0.817738785056
0.827795335276
0.838065651625
0.848538185519
0.859220169327
0.870091059738
0.881130567997
0.892346463631
0.903719355472
0.915229152523
0.926885494442
0.938659663398
0.950561294238
0.962562786538
0.974674082853
0.98687706976
0.999164283702
1.0115270926
1.02396787476
1.03646944737
1.0490244739
1.06162634467
1.0742776179
1.0869621752
1.09967353347
1.11241561251
1.12518213441
1.13795763463
1.15074637169
1.16353277997
1.17632165343
1.18910775263
1.20188599518
1.21464155025
1.22738981348
1.24010588102
1.25280542404
1.26546410874
1.27809749716
1.29069143759
1.30324190534
1.31575493235
1.32821658057
1.34062309461
1.35298078106
1.36527600842
1.3775252197
1.3897049472
1.40181180418
1.41386248442
1.42584372058
1.43774230787
1.4495750796
1.4613291194
1.4730111192
1.48459848585
1.49611804656
1.50753713809
1.51888284557
1.53013240374
1.54129301106
1.5523622626
1.56332745682
1.57420584724
1.58498523598
1.59567240984
1.60625555845
1.61673213443
1.62710784038
1.63737981507
1.64754647312
1.65760468313
1.66755579509
1.67739736955
1.68712751174
1.69674795405
1.70625314538
1.71564648653
1.72492505167
1.73408725844
1.74313626633
1.7520641904
1.76087509186
1.76956774439
1.7781384234
1.78659011062
1.79492438534
1.80313004227
1.81121768741
1.81918239346
1.82702309105
1.83474040385
1.84232803381
1.84979973252
1.85713500473
1.86435362556
1.87143755402
1.8783990647
1.88523147215
1.89193543262
1.8985187591
1.90496730195
1.91128815499
1.91747531185
1.92354240662
1.92946891527
1.93527709866
1.9409439465
1.94648634509
1.95190521652
1.95718342839
1.96233906579
1.96735584913
1.97225001427
1.97700662143
1.98163370954
1.98613207348
1.99049372062
1.99472757137
1.99883442903
2.0028061057
2.00665222091
2.01035448341
2.01394129699
2.01738548592
2.0206971695
2.02388559595
2.02694246742
2.0298680601
2.0326629692
2.03532779023
2.0378532015
2.04025926385
2.04252674271
2.04466631912
2.04667807434
2.04856263717
2.05032053383
2.05194233427
2.05342840312
2.05479899212
2.05603471506
2.05713592801
2.05812294163
2.05896624723
2.05969611705
2.06028296342
2.06075705895
2.06108878067
2.06130837661
2.06139617175
2.061352466
2.06118744817
2.06089139553
2.0604745537
2.05992709081
2.059259201
2.05847102948
2.05755268143
2.05651447482
2.05534655157
2.05405898752
2.05264168449
2.05110512785
2.04944880368
2.04767265498
2.04576778671
2.04375282008
2.04160847734
2.03934519715
2.03695260106
2.03444980945
2.03182746764
2.02908504188
2.0262232802
2.02324164992
2.02014830111
2.0169356313
2.01360256607
2.01014896606
2.00658419073
2.00290736203
1.9991093091
1.9951997748
1.99117726799
1.98703410189
1.98278588095
1.97841718571
1.97394258517
1.96934648725
1.96464499964
1.95983756818
1.95491510683
1.94987950647
1.94473679117
1.93948645379
1.93412211864
1.92865749481
1.92308389619
1.91740324694
1.91161366487
1.90571722575
1.89971792593
1.8936159399
1.88741234941
1.88109957712
1.87468659887
1.86817129326
1.86155460705
1.85483759234
1.84802065416
1.84110294351
1.83408760632
1.82697327268
1.81976220629
1.81245337499
1.80504907936
1.79754967336
1.7899541637
1.78226597174
1.77448467528
1.76661242128
1.75864145448
1.75058370471
1.74244101417
1.73420530171
1.72587906316
1.71746385657
1.70896189792
1.70037482151
1.69170481698
1.68295372005
1.67411347238
1.66518623453
1.65618356401
1.64709763689
1.63794019289
1.62869323835
1.61936861771
1.60996817129
1.60049380781
1.59094738009
1.58132072571
1.57162571422
1.56185428586
1.5520181096
1.54210909527
1.53212905974
1.52208985115
1.51197348351
1.50180139424
1.49155580288
1.48125799304
1.4708905159
1.46046479862
1.44998261543
1.43944573268
1.42884656138
1.41819602654
1.40749673888
1.39674041482
1.38592894285
1.37507395591
1.36417725523
1.35323135366
1.3422378402
1.33120824053
1.32013526713
1.30902136431
1.29787676735
1.28669483089
1.27548700337
1.26423677144
1.25296472308
1.24167270616
1.23034556608
1.21900301083
1.20763870598
1.19626353997
1.18486313306
1.1734568833
1.16204723642
1.15062863299
1.13920384974
1.12777581074
1.11635574974
1.1049460973
1.0935420187
1.08214740744
1.07077335818
1.0594231865
1.04809276079
1.03679336411
1.02552126833
1.01429597716
1.00310602416
0.991964421965
0.98087419266
0.969834127737
0.958862662626
0.947958953286
0.937126762932
0.926372180039
0.915708431982
0.905134376983
0.894656092115
0.884287402952
0.874027303755
0.863883355369
0.853876705417
0.844001254312
0.834270468384
0.82469439773
0.815279616321
0.806035216397
0.796977843772
0.788101790654
0.77943072406
0.770967474336
0.762728862913
0.754724662421
0.746959079526
0.739448730127
0.732203848764
0.725236284538
0.71855641691
0.712174631756
0.706108636046
0.700362868282
0.694954073578
0.689886265713
0.685182519243
0.680840193508
0.67687491872
0.673295856489
0.670110888826
0.667334939706
0.664969118859
0.663025544138
0.661503621773
0.660421758275
0.659770339334
0.659558809085
0.659795831424
0.660476511282
0.661599434476
0.663172324192
0.665191870308
0.667648981915
0.670547734124
0.673882658211
0.677647293687
0.681836370806
0.686450193089
0.691470285243
0.696894662631
0.702715229422
0.708924971354
0.715508019008
0.72246254776
0.729771228248
0.737431549355
0.745427355007
0.753748276294
0.762390453809
0.771332503701
0.780573862861
0.790094857857
0.799889997403
0.809948905526
0.820262966691
0.830821254754
0.841608868028
0.852616036124
0.863839775377
0.87527074743
0.886893972541
0.898702101788
0.9106855675
0.922841783862
0.935158169374
0.947625841572
0.960238528869
0.97298778856
0.985866188015
0.998868089669
1.01198646444
1.02521449689
1.03854555711
1.0519739975
1.06548713754
1.07908673937
1.09276536731
1.10651219369
1.12032810268
1.13420765428
1.14813950606
1.16212516067
1.17616030984
1.1902330673
1.20433844134
1.2184793966
1.23265136829
1.24684332968
1.26105804001
1.27528382875
1.28951631747
1.30376007936
1.31801042193
1.33224870399
1.34649388242
1.36071892123
1.3749360672
1.38914225389
1.40332522355
1.41748180929
1.43161646072
1.4457180633
1.45979073
1.47382385284
1.4878217706
1.50177345873
1.51567519897
1.5295324169
1.54334224489
1.55709277289
1.57078970997
1.58442128041
1.59799320941
1.61149364203
1.62492854595
1.63829506545
1.65158117872
1.66479307225
1.67792798398
1.69097374847
1.7039366719
1.71681442222
1.72960349108
1.74229223904
1.75489680149
1.76739537986
1.77979469839
1.79210167598
1.80429460803
1.81638014585
1.82836560413
1.84022887353
1.8519868081
1.86362707103
1.87514722203
1.88654451341
1.89782643578
1.90898059614
1.92001438231
1.93090538446
1.94168113652
1.95231917913
1.96281723513
1.97318285218
1.9834136308
1.9935072499
2.00345142395
2.01325384265
2.02291222025
2.03242435223
2.0417878941
2.0510008444
2.06006080574
2.06896578989
2.07772349655
2.08631197978
2.09474895668
2.1030226403
2.11114069212
2.11909143618
2.12688251845
2.13451213605
2.14196840353
2.14924970753
2.156373237
2.16331808837
2.1701016138
2.17670288155
2.18312968617
2.18938968028
2.19546264926
2.2013653219
2.20708663419
2.21263454323
2.21799819447
2.22317607763
2.22817570972
2.23299545372
2.23762529861
2.24208150823
2.24634443446
2.25042192924
2.25431306646
2.25801596887
2.26152925967
2.26485271426
2.26799281666
2.27093992067
2.27369284281
2.27625964572
2.27864086973
2.28081820911
2.2828106886
2.28460395247
2.28621286176
2.28762922838
2.28884533064
2.2898756977
2.29070569748
2.29134197867
2.29178451726
2.2920329091
2.29209405759
2.29195374091
2.29161847224
2.29108928308
2.29037144374
2.2894521791
2.28834584314
2.28703671477
2.28553864662
2.2838483106
2.28196348686
2.27988453714
2.27760617255
2.27514611041
2.27248780606
2.26963253256
2.2665893143
2.26335919948
2.25993439163
2.2563247256
2.25251288361
2.24851822259
2.24434150134
2.23996598155
2.2354102343
2.23065772904
2.2257273624
2.22061143312
2.21530168082
2.20981781097
2.20414247518
2.19829534182
2.19225922028
2.18603501714
2.17964308291
2.17306574321
2.16630428947
2.15936981854
2.15226356816
2.14497720082
2.13752200733
2.12988980073
2.12208174156
2.11410956003
2.10596464345
2.09765864634
2.08917328065
2.08052999099
2.07172050998
2.06274664698
2.05360994577
2.04432222985
2.03486530837
2.02525095427
2.01549102835
2.00556738755
1.99549198011
1.98526672359
1.97490355637
1.96438459428
1.95371183728
1.94290726533
1.93195331575
1.92087179771
1.90964518161
1.89827560342
1.88678541079
1.87515704882
1.86340256083
1.85151493543
1.83950627508
1.82737907304
1.81512616471
1.80276015356
1.79028345505
1.77768914991
1.76498037009
1.75216960875
1.73925946325
1.72624371159
1.71313492935
1.69992647895
1.68663133171
1.67324339762
1.6597754153
1.64622191381
1.63258563708
1.61888013625
1.6051089706
1.59126682338
1.57735773029
1.56339475554
1.54937312905
1.53530605886
1.52118900696
1.50703544587
1.49284112727
1.47861093707
1.46435858432
1.4500804093
1.43579028999
1.42148495361
1.40717876727
1.39286825853
1.37856039586
1.36426917957
1.35000024985
1.3357527276
1.32153277727
1.3073555491
1.29322804763
1.27914932481
1.26512751649
1.25117856011
1.23730924586
1.2235214636
1.20983003792
1.19623745486
1.18275958402
1.16940568932
1.15617857341
1.14309484754
1.13016521326
1.11739277345
1.10479489423
1.0923831262
1.08016867753
1.06815577686
1.0563627948
1.04480292065
1.03348834705
1.02243024612
1.01164303466
1.00112973439
0.990920805034
0.981012192035
0.971433334347
0.962189353367
0.953284674066
0.944749315668
0.936587480674
0.928811131933
0.921441815736
0.914475353345
0.9079383059
0.901835401829
0.896183645584
0.89097825561
0.886252036398
0.881989233504
0.87822242219
0.874933304905
0.872152306518
0.869869011235
0.868085489609
0.866813921994
0.86605535973
0.865810728774
0.86607929193
0.866850407868
0.868138011825
0.869921398663
0.872203124565
0.874986729683
0.878247176078
0.881993585888
0.88620840175
0.890881253452
0.896002327339
0.901568893882
0.907559993205
0.913972254636
0.920784100388
0.927990957664
0.935570913086
0.943518486156
0.951820887853
0.960462048636
0.969422484995
0.978689856801
0.988267377275
0.998119060861
1.00825362093
1.01864077966
1.02927113798
1.04012785685
1.0512057759
1.06249396051
1.07398010589
1.08564680673
1.09748770677
1.10948604406
1.12163601208
1.13392674822
1.14634768976
1.15888858719
1.17153948416
1.1842953078
1.19714123191
1.21006675522
1.22306814348
1.23613442952
1.24926162868
1.26244273325
1.27566205203
1.28892092035
1.30220852179
1.31552335487
1.3288502175
1.34218800591
1.35553035697
1.36887201375
1.38220877964
1.39553493478
1.40883979784
1.42212562881
1.43538111354
1.44860191919
1.4687066403
