-0.1 -1 6.61522
-0.1 -0.9 6.16804
-0.1 -0.8 5.71842
-0.1 -0.7 5.27103
-0.1 -0.6 4.83184
-0.1 -0.5 4.4086
-0.1 -0.4 4.01148
-0.1 -0.3 3.65387
-0.1 -0.2 3.35274
-0.1 -0.0999999 3.128
-0.1 7.30157e-08 2.99943
-0.1 0.1 2.9809
-0.1 0.2 3.0746
-0.1 0.3 3.27
-0.1 0.4 3.54855
-0.1 0.5 3.88992
-0.1 0.6 4.27598
-0.1 0.7 4.69222
-0.1 0.8 5.12746
-0.1 0.9 5.57324
-0.09 -1 6.36395
-0.09 -0.9 5.91727
-0.09 -0.8 5.46709
-0.09 -0.7 5.01779
-0.09 -0.6 4.57503
-0.09 -0.5 4.14628
-0.09 -0.4 3.74162
-0.09 -0.3 3.37469
-0.09 -0.2 3.0636
-0.09 -0.0999999 2.83051
-0.09 7.30157e-08 2.69839
-0.09 0.1 2.68362
-0.09 0.2 2.78821
-0.09 0.3 2.99874
-0.09 0.4 3.29307
-0.09 0.5 3.64837
-0.09 0.6 4.04545
-0.09 0.7 4.46963
-0.09 0.8 4.91005
-0.09 0.9 5.35865
-0.08 -1 6.11637
-0.08 -0.9 5.67067
-0.08 -0.8 5.22036
-0.08 -0.7 4.76951
-0.08 -0.6 4.3234
-0.08 -0.5 3.8891
-0.08 -0.4 3.47646
-0.08 -0.3 3.09926
-0.08 -0.2 2.77669
-0.08 -0.0999999 2.53362
-0.08 7.30157e-08 2.39715
-0.08 0.1 2.3871
-0.08 0.2 2.50509
-0.08 0.3 2.73353
-0.08 0.4 3.0457
-0.08 0.5 3.41603
-0.08 0.6 3.82443
-0.08 0.7 4.25636
-0.08 0.8 4.70145
-0.08 0.9 5.15226
-0.07 -1 5.87305
-0.07 -0.9 5.42887
-0.07 -0.8 4.97899
-0.07 -0.7 4.52708
-0.07 -0.6 4.07797
-0.07 -0.5 3.63823
-0.07 -0.4 3.21725
-0.07 -0.3 2.82875
-0.07 -0.2 2.49289
-0.07 -0.0999999 2.23767
-0.07 7.30157e-08 2.09574
-0.07 0.1 2.09178
-0.07 0.2 2.22657
-0.07 0.3 2.4764
-0.07 0.4 2.80866
-0.07 0.5 3.19496
-0.07 0.6 3.61472
-0.07 0.7 4.05392
-0.07 0.8 4.50297
-0.07 0.9 4.95516
-0.06 -1 5.63459
-0.06 -0.9 5.19263
-0.06 -0.8 4.74387
-0.06 -0.7 4.29156
-0.06 -0.6 3.84001
-0.06 -0.5 3.39514
-0.06 -0.4 2.96563
-0.06 -0.3 2.5648
-0.06 -0.2 2.21348
-0.06 -0.0999999 1.9432
-0.06 7.30157e-08 1.79417
-0.06 0.1 1.79836
-0.06 0.2 1.95473
-0.06 0.3 2.23022
-0.06 0.4 2.58486
-0.06 0.5 2.98772
-0.06 0.6 3.41846
-0.06 0.7 3.86408
-0.06 0.8 4.31605
-0.06 0.9 4.76855
-0.05 -1 5.40171
-0.05 -0.9 4.9628
-0.05 -0.8 4.51604
-0.05 -0.7 4.06423
-0.05 -0.6 3.61106
-0.05 -0.5 3.16168
-0.05 -0.4 2.72379
-0.05 -0.3 2.30974
-0.05 -0.2 1.94044
-0.05 -0.0999999 1.65109
-0.05 7.30157e-08 1.49248
-0.05 0.1 1.50805
-0.05 0.2 1.69285
-0.05 0.3 1.99912
-0.05 0.4 2.37809
-0.05 0.5 2.79746
-0.05 0.6 3.23816
-0.05 0.7 3.68883
-0.05 0.8 4.14231
-0.05 0.9 4.59376
-0.04 -1 5.17524
-0.04 -0.9 4.74039
-0.04 -0.8 4.29673
-0.04 -0.7 3.8466
-0.04 -0.6 3.39302
-0.04 -0.5 2.94024
-0.04 -0.4 2.49463
-0.04 -0.3 2.06695
-0.04 -0.2 1.67699
-0.04 -0.0999999 1.36299
-0.04 7.30157e-08 1.19068
-0.04 0.1 1.22318
-0.04 0.2 1.44645
-0.04 0.3 1.78897
-0.04 0.4 2.19323
-0.04 0.5 2.62789
-0.04 0.6 3.07665
-0.04 0.7 3.53039
-0.04 0.8 3.98352
-0.04 0.9 4.43223
-0.03 -1 4.95613
-0.03 -0.9 4.52656
-0.03 -0.8 4.08738
-0.03 -0.7 3.64047
-0.03 -0.6 3.1882
-0.03 -0.5 2.73378
-0.03 -0.4 2.28205
-0.03 -0.3 1.84136
-0.03 -0.2 1.42852
-0.03 -0.0999999 1.08219
-0.03 7.30157e-08 0.888791
-0.03 0.1 0.948744
-0.03 0.2 1.22495
-0.03 0.3 1.60808
-0.03 0.4 2.03628
-0.03 0.5 2.48329
-0.03 0.6 2.93707
-0.03 0.7 3.39116
-0.03 0.8 3.84157
-0.03 0.9 4.28552
-0.02 -1 4.74545
-0.02 -0.9 4.32264
-0.02 -0.8 3.88965
-0.02 -0.7 3.44796
-0.02 -0.6 2.99934
-0.02 -0.5 2.54601
-0.02 -0.4 2.09114
-0.02 -0.3 1.64012
-0.02 -0.2 1.20439
-0.02 -0.0999999 0.816388
-0.02 7.30157e-08 0.586865
-0.02 0.1 0.697304
-0.02 0.2 1.04431
-0.02 0.3 1.46727
-0.02 0.4 1.9141
-0.02 0.5 2.36826
-0.02 0.6 2.82271
-0.02 0.7 3.27362
-0.02 0.8 3.71843
-0.02 0.9 4.15523
-0.01 -1 4.54444
-0.01 -0.9 4.13015
-0.01 -0.8 3.70545
-0.01 -0.7 3.27154
-0.01 -0.6 2.82969
-0.01 -0.5 2.38139
-0.01 -0.4 1.9284
-0.01 -0.3 1.47326
-0.01 -0.2 1.02078
-0.01 -0.0999999 0.586402
-0.01 7.30157e-08 0.284931
-0.01 0.1 0.504456
-0.01 0.2 0.928613
-0.01 0.3 1.37881
-0.01 0.4 1.83364
-0.01 0.5 2.28725
-0.01 0.6 2.73674
-0.01 0.7 3.18019
-0.01 0.8 3.61605
-0.01 0.9 4.04298
-3.50177e-09 -1 4.3545
-3.50177e-09 -0.9 3.95083
-3.50177e-09 -0.8 3.53697
-3.50177e-09 -0.7 3.11397
-3.50177e-09 -0.6 2.68295
-3.50177e-09 -0.5 2.24504
-3.50177e-09 -0.4 1.80146
-3.50177e-09 -0.3 1.35351
-3.50177e-09 -0.2 0.902654
-3.50177e-09 -0.0999999 0.450705
-3.50177e-09 7.30157e-08 0.0170406
-3.50177e-09 0.1 0.452319
-3.50177e-09 0.2 0.902855
-3.50177e-09 0.3 1.35285
-3.50177e-09 0.4 1.80043
-3.50177e-09 0.5 2.24393
-3.50177e-09 0.6 2.6819
-3.50177e-09 0.7 3.11307
-3.50177e-09 0.8 3.53625
-3.50177e-09 0.9 3.95033
0.01 -1 4.1772
0.01 -0.9 3.78659
0.01 -0.8 3.38657
0.01 -0.7 2.9783
0.01 -0.6 2.56305
0.01 -0.5 2.14237
0.01 -0.4 1.71824
0.01 -0.3 1.29389
0.01 -0.2 0.876607
0.01 -0.0999999 0.493797
0.01 7.30157e-08 0.318629
0.01 0.1 0.579388
0.01 0.2 0.973642
0.01 0.3 1.39266
0.01 0.4 1.817
0.01 0.5 2.24047
0.01 0.6 2.6601
0.01 0.7 3.07397
0.01 0.8 3.4806
0.01 0.9 3.87872
0.02 -1 4.01425
0.02 -0.9 3.63953
0.02 -0.8 3.25681
0.02 -0.7 2.86764
0.02 -0.6 2.47393
0.02 -0.5 2.07836
0.02 -0.4 1.68516
0.02 -0.3 1.30248
0.02 -0.2 0.94965
0.02 -0.0999999 0.681448
0.02 7.30157e-08 0.619509
0.02 0.1 0.80301
0.02 0.2 1.12209
0.02 0.3 1.49279
0.02 0.4 1.88196
0.02 0.5 2.27703
0.02 0.6 2.67216
0.02 0.7 3.06399
0.02 0.8 3.45029
0.02 0.9 3.82933
0.03 -1 3.86752
0.03 -0.9 3.51182
0.03 -0.8 3.15027
0.03 -0.7 2.78501
0.03 -0.6 2.41899
0.03 -0.5 2.05657
0.03 -0.4 1.70502
0.03 -0.3 1.37771
0.03 -0.2 1.10142
0.03 -0.0999999 0.927223
0.03 7.30157e-08 0.915559
0.03 0.1 1.0607
0.03 0.2 1.32194
0.03 0.3 1.64225
0.03 0.4 1.99061
0.03 0.5 2.35176
0.03 0.6 2.71762
0.03 0.7 3.08341
0.03 0.8 3.44598
0.03 0.9 3.80306
0.04 -1 3.73895
0.04 -0.9 3.40569
0.04 -0.8 3.06937
0.04 -0.7 2.73294
0.04 -0.6 2.40054
0.04 -0.5 2.07831
0.04 -0.4 1.77598
0.04 -0.3 1.5095
0.04 -0.2 1.30429
0.04 -0.0999999 1.19393
0.04 7.30157e-08 1.20307
0.04 0.1 1.33473
0.04 0.2 1.55428
0.04 0.3 1.82922
0.04 0.4 2.13635
0.04 0.5 2.46119
0.04 0.6 2.79487
0.04 0.7 3.13168
0.04 0.8 3.46778
0.04 0.9 3.80037
0.05 -1 3.63051
0.05 -0.9 3.32322
0.05 -0.8 3.0162
0.05 -0.7 2.71322
0.05 -0.6 2.41943
0.05 -0.5 2.14224
0.05 -0.4 1.89231
0.05 -0.3 1.68476
0.05 -0.2 1.53898
0.05 -0.0999999 1.47411
0.05 7.30157e-08 1.50307
0.05 0.1 1.62034
0.05 0.2 1.80743
0.05 0.3 2.0437
0.05 0.4 2.31228
0.05 0.5 2.60099
0.05 0.6 2.90136
0.05 0.7 3.2075
0.05 0.8 3.5152
0.05 0.9 3.82133
0.06 -1 3.54408
0.06 -0.9 3.26623
0.06 -0.8 2.99225
0.06 -0.7 2.72652
0.06 -0.6 2.47481
0.06 -0.5 2.24477
0.06 -0.4 2.0464
0.06 -0.3 1.89183
0.06 -0.2 1.79397
0.06 -0.0999999 1.76335
0.06 7.30157e-08 1.80426
0.06 0.1 1.91153
0.06 0.2 2.07383
0.06 0.3 2.27799
0.06 0.4 2.51211
0.06 0.5 2.76656
0.06 0.6 3.03403
0.06 0.7 3.30898
0.06 0.8 3.58723
0.06 0.9 3.86554
0.07 -1 3.4813
0.07 -0.9 3.23606
0.07 -0.8 2.99823
0.07 -0.7 2.7724
0.07 -0.6 2.56432
0.07 -0.5 2.381
0.07 -0.4 2.23056
0.07 -0.3 2.12162
0.07 -0.2 2.06192
0.07 -0.0999999 2.05644
0.07 7.30157e-08 2.10574
0.07 0.1 2.20567
0.07 0.2 2.34883
0.07 0.3 2.52657
0.07 0.4 2.73057
0.07 0.5 2.95357
0.07 0.6 3.18959
0.07 0.7 3.43382
0.07 0.8 3.6824
0.07 0.9 3.93222
0.08 -1 3.44349
0.08 -0.9 3.23349
0.08 -0.8 3.03396
0.08 -0.7 2.84928
0.08 -0.6 2.68459
0.08 -0.5 2.54556
0.08 -0.4 2.43806
0.08 -0.3 2.36753
0.08 -0.2 2.33809
0.08 -0.0999999 2.35158
0.08 7.30157e-08 2.40717
0.08 0.1 2.50153
0.08 0.2 2.62959
0.08 0.3 2.78552
0.08 0.4 2.9635
0.08 0.5 3.15817
0.08 0.6 3.36485
0.08 0.7 3.57956
0.08 0.8 3.79896
0.08 0.9 4.02024
0.09 -1 3.43149
0.09 -0.9 3.25859
0.09 -0.8 3.09842
0.09 -0.7 2.95477
0.09 -0.6 2.83171
0.09 -0.5 2.73333
0.09 -0.4 2.66341
0.09 -0.3 2.62495
0.09 -0.2 2.61973
0.09 -0.0999999 2.64801
0.09 7.30157e-08 2.70847
0.09 0.1 2.79845
0.09 0.2 2.91435
0.09 0.3 3.05213
0.09 0.4 3.20769
0.09 0.5 3.37712
0.09 0.6 3.55685
0.09 0.7 3.74373
0.09 0.8 3.93498
0.09 0.9 4.12821
0.1 -1 3.44558
0.1 -0.9 3.31073
0.1 -0.8 3.18987
0.1 -0.7 3.08591
0.1 -0.6 3.00172
0.1 -0.5 2.93986
0.1 -0.4 2.90241
0.1 -0.3 2.8907
0.1 -0.2 2.90516
0.1 -0.0999999 2.94527
0.1 7.30157e-08 3.00961
0.1 0.1 3.09605
0.1 0.2 3.20197
0.1 0.3 3.3245
0.1 0.4 3.46071
0.1 0.5 3.60776
0.1 0.6 3.763
0.1 0.7 3.92397
0.1 0.8 4.08849
0.1 0.9 4.25458
